<?xml version="1.0" encoding="UTF-8"?>
<testsuite xmlns:xsi="http://www.w3.org/2001/XMLSchema-instance" xsi:noNamespaceSchemaLocation="https://maven.apache.org/surefire/maven-failsafe-plugin/xsd/failsafe-test-report-3.0.xsd" version="3.0" name="starter.CucumberTestSuite" time="221.977" tests="24" errors="0" skipped="0" failures="0">
  <properties>
    <property name="sun.desktop" value="windows"/>
    <property name="awt.toolkit" value="sun.awt.windows.WToolkit"/>
    <property name="java.specification.version" value="1.8"/>
    <property name="file.encoding.pkg" value="sun.io"/>
    <property name="sun.cpu.isalist" value="amd64"/>
    <property name="sun.jnu.encoding" value="Cp1252"/>
    <property name="java.class.path" value="D:\1. QA ALTERRA ACADEMY\MobileTesting\MiniProjectWEB\target\test-classes;D:\1. QA ALTERRA ACADEMY\MobileTesting\MiniProjectWEB\target\MiniProjectWEB-1.0-SNAPSHOT.jar;C:\Users\HP OMEN 16\.m2\repository\net\serenity-bdd\serenity-core\3.6.21\serenity-core-3.6.21.jar;C:\Users\HP OMEN 16\.m2\repository\net\serenity-bdd\serenity-model\3.6.21\serenity-model-3.6.21.jar;C:\Users\HP OMEN 16\.m2\repository\org\apache\commons\commons-text\1.10.0\commons-text-1.10.0.jar;C:\Users\HP OMEN 16\.m2\repository\commons-net\commons-net\3.9.0\commons-net-3.9.0.jar;C:\Users\HP OMEN 16\.m2\repository\com\google\guava\guava\31.1-jre\guava-31.1-jre.jar;C:\Users\HP OMEN 16\.m2\repository\com\google\guava\failureaccess\1.0.1\failureaccess-1.0.1.jar;C:\Users\HP OMEN 16\.m2\repository\com\google\guava\listenablefuture\9999.0-empty-to-avoid-conflict-with-guava\listenablefuture-9999.0-empty-to-avoid-conflict-with-guava.jar;C:\Users\HP OMEN 16\.m2\repository\com\google\code\findbugs\jsr305\3.0.2\jsr305-3.0.2.jar;C:\Users\HP OMEN 16\.m2\repository\org\checkerframework\checker-qual\3.12.0\checker-qual-3.12.0.jar;C:\Users\HP OMEN 16\.m2\repository\com\google\errorprone\error_prone_annotations\2.11.0\error_prone_annotations-2.11.0.jar;C:\Users\HP OMEN 16\.m2\repository\com\google\j2objc\j2objc-annotations\1.3\j2objc-annotations-1.3.jar;C:\Users\HP OMEN 16\.m2\repository\com\google\inject\guice\5.1.0\guice-5.1.0.jar;C:\Users\HP OMEN 16\.m2\repository\javax\inject\javax.inject\1\javax.inject-1.jar;C:\Users\HP OMEN 16\.m2\repository\aopalliance\aopalliance\1.0\aopalliance-1.0.jar;C:\Users\HP OMEN 16\.m2\repository\org\jsoup\jsoup\1.14.3\jsoup-1.14.3.jar;C:\Users\HP OMEN 16\.m2\repository\com\thoughtworks\xstream\xstream\1.4.20\xstream-1.4.20.jar;C:\Users\HP OMEN 16\.m2\repository\io\github\x-stream\mxparser\1.2.2\mxparser-1.2.2.jar;C:\Users\HP OMEN 16\.m2\repository\xmlpull\xmlpull\1.1.3.1\xmlpull-1.1.3.1.jar;C:\Users\HP OMEN 16\.m2\repository\com\typesafe\config\1.4.2\config-1.4.2.jar;C:\Users\HP OMEN 16\.m2\repository\org\imgscalr\imgscalr-lib\4.2\imgscalr-lib-4.2.jar;C:\Users\HP OMEN 16\.m2\repository\org\awaitility\awaitility\4.2.0\awaitility-4.2.0.jar;C:\Users\HP OMEN 16\.m2\repository\org\freemarker\freemarker\2.3.31\freemarker-2.3.31.jar;C:\Users\HP OMEN 16\.m2\repository\io\github\classgraph\classgraph\4.8.138\classgraph-4.8.138.jar;C:\Users\HP OMEN 16\.m2\repository\net\sourceforge\jexcelapi\jxl\2.6.12\jxl-2.6.12.jar;C:\Users\HP OMEN 16\.m2\repository\net\bytebuddy\byte-buddy-agent\1.14.2\byte-buddy-agent-1.14.2.jar;C:\Users\HP OMEN 16\.m2\repository\org\objenesis\objenesis\3.3\objenesis-3.3.jar;C:\Users\HP OMEN 16\.m2\repository\net\serenity-bdd\serenity-reports\3.6.21\serenity-reports-3.6.21.jar;C:\Users\HP OMEN 16\.m2\repository\net\serenity-bdd\serenity-stats\3.6.21\serenity-stats-3.6.21.jar;C:\Users\HP OMEN 16\.m2\repository\net\serenity-bdd\serenity-reports-configuration\3.6.21\serenity-reports-configuration-3.6.21.jar;C:\Users\HP OMEN 16\.m2\repository\com\vladsch\flexmark\flexmark-all\0.62.2\flexmark-all-0.62.2.jar;C:\Users\HP OMEN 16\.m2\repository\com\vladsch\flexmark\flexmark\0.62.2\flexmark-0.62.2.jar;C:\Users\HP OMEN 16\.m2\repository\com\vladsch\flexmark\flexmark-ext-abbreviation\0.62.2\flexmark-ext-abbreviation-0.62.2.jar;C:\Users\HP OMEN 16\.m2\repository\com\vladsch\flexmark\flexmark-util\0.62.2\flexmark-util-0.62.2.jar;C:\Users\HP OMEN 16\.m2\repository\com\vladsch\flexmark\flexmark-ext-admonition\0.62.2\flexmark-ext-admonition-0.62.2.jar;C:\Users\HP OMEN 16\.m2\repository\com\vladsch\flexmark\flexmark-ext-anchorlink\0.62.2\flexmark-ext-anchorlink-0.62.2.jar;C:\Users\HP OMEN 16\.m2\repository\com\vladsch\flexmark\flexmark-ext-aside\0.62.2\flexmark-ext-aside-0.62.2.jar;C:\Users\HP OMEN 16\.m2\repository\com\vladsch\flexmark\flexmark-ext-attributes\0.62.2\flexmark-ext-attributes-0.62.2.jar;C:\Users\HP OMEN 16\.m2\repository\com\vladsch\flexmark\flexmark-ext-autolink\0.62.2\flexmark-ext-autolink-0.62.2.jar;C:\Users\HP OMEN 16\.m2\repository\org\nibor\autolink\autolink\0.6.0\autolink-0.6.0.jar;C:\Users\HP OMEN 16\.m2\repository\com\vladsch\flexmark\flexmark-ext-definition\0.62.2\flexmark-ext-definition-0.62.2.jar;C:\Users\HP OMEN 16\.m2\repository\com\vladsch\flexmark\flexmark-ext-emoji\0.62.2\flexmark-ext-emoji-0.62.2.jar;C:\Users\HP OMEN 16\.m2\repository\com\vladsch\flexmark\flexmark-ext-enumerated-reference\0.62.2\flexmark-ext-enumerated-reference-0.62.2.jar;C:\Users\HP OMEN 16\.m2\repository\com\vladsch\flexmark\flexmark-ext-escaped-character\0.62.2\flexmark-ext-escaped-character-0.62.2.jar;C:\Users\HP OMEN 16\.m2\repository\com\vladsch\flexmark\flexmark-ext-footnotes\0.62.2\flexmark-ext-footnotes-0.62.2.jar;C:\Users\HP OMEN 16\.m2\repository\com\vladsch\flexmark\flexmark-ext-gfm-issues\0.62.2\flexmark-ext-gfm-issues-0.62.2.jar;C:\Users\HP OMEN 16\.m2\repository\com\vladsch\flexmark\flexmark-ext-gfm-strikethrough\0.62.2\flexmark-ext-gfm-strikethrough-0.62.2.jar;C:\Users\HP OMEN 16\.m2\repository\com\vladsch\flexmark\flexmark-ext-gfm-tasklist\0.62.2\flexmark-ext-gfm-tasklist-0.62.2.jar;C:\Users\HP OMEN 16\.m2\repository\com\vladsch\flexmark\flexmark-ext-gfm-users\0.62.2\flexmark-ext-gfm-users-0.62.2.jar;C:\Users\HP OMEN 16\.m2\repository\com\vladsch\flexmark\flexmark-ext-gitlab\0.62.2\flexmark-ext-gitlab-0.62.2.jar;C:\Users\HP OMEN 16\.m2\repository\com\vladsch\flexmark\flexmark-ext-jekyll-front-matter\0.62.2\flexmark-ext-jekyll-front-matter-0.62.2.jar;C:\Users\HP OMEN 16\.m2\repository\com\vladsch\flexmark\flexmark-ext-jekyll-tag\0.62.2\flexmark-ext-jekyll-tag-0.62.2.jar;C:\Users\HP OMEN 16\.m2\repository\com\vladsch\flexmark\flexmark-ext-media-tags\0.62.2\flexmark-ext-media-tags-0.62.2.jar;C:\Users\HP OMEN 16\.m2\repository\com\vladsch\flexmark\flexmark-ext-macros\0.62.2\flexmark-ext-macros-0.62.2.jar;C:\Users\HP OMEN 16\.m2\repository\com\vladsch\flexmark\flexmark-ext-ins\0.62.2\flexmark-ext-ins-0.62.2.jar;C:\Users\HP OMEN 16\.m2\repository\com\vladsch\flexmark\flexmark-ext-xwiki-macros\0.62.2\flexmark-ext-xwiki-macros-0.62.2.jar;C:\Users\HP OMEN 16\.m2\repository\com\vladsch\flexmark\flexmark-ext-superscript\0.62.2\flexmark-ext-superscript-0.62.2.jar;C:\Users\HP OMEN 16\.m2\repository\com\vladsch\flexmark\flexmark-ext-tables\0.62.2\flexmark-ext-tables-0.62.2.jar;C:\Users\HP OMEN 16\.m2\repository\com\vladsch\flexmark\flexmark-ext-toc\0.62.2\flexmark-ext-toc-0.62.2.jar;C:\Users\HP OMEN 16\.m2\repository\com\vladsch\flexmark\flexmark-ext-typographic\0.62.2\flexmark-ext-typographic-0.62.2.jar;C:\Users\HP OMEN 16\.m2\repository\com\vladsch\flexmark\flexmark-ext-wikilink\0.62.2\flexmark-ext-wikilink-0.62.2.jar;C:\Users\HP OMEN 16\.m2\repository\com\vladsch\flexmark\flexmark-ext-yaml-front-matter\0.62.2\flexmark-ext-yaml-front-matter-0.62.2.jar;C:\Users\HP OMEN 16\.m2\repository\com\vladsch\flexmark\flexmark-ext-youtube-embedded\0.62.2\flexmark-ext-youtube-embedded-0.62.2.jar;C:\Users\HP OMEN 16\.m2\repository\com\vladsch\flexmark\flexmark-html2md-converter\0.62.2\flexmark-html2md-converter-0.62.2.jar;C:\Users\HP OMEN 16\.m2\repository\com\vladsch\flexmark\flexmark-jira-converter\0.62.2\flexmark-jira-converter-0.62.2.jar;C:\Users\HP OMEN 16\.m2\repository\com\vladsch\flexmark\flexmark-pdf-converter\0.62.2\flexmark-pdf-converter-0.62.2.jar;C:\Users\HP OMEN 16\.m2\repository\com\openhtmltopdf\openhtmltopdf-core\1.0.0\openhtmltopdf-core-1.0.0.jar;C:\Users\HP OMEN 16\.m2\repository\com\openhtmltopdf\openhtmltopdf-pdfbox\1.0.0\openhtmltopdf-pdfbox-1.0.0.jar;C:\Users\HP OMEN 16\.m2\repository\org\apache\pdfbox\pdfbox\2.0.16\pdfbox-2.0.16.jar;C:\Users\HP OMEN 16\.m2\repository\org\apache\pdfbox\fontbox\2.0.16\fontbox-2.0.16.jar;C:\Users\HP OMEN 16\.m2\repository\org\apache\pdfbox\xmpbox\2.0.16\xmpbox-2.0.16.jar;C:\Users\HP OMEN 16\.m2\repository\de\rototor\pdfbox\graphics2d\0.24\graphics2d-0.24.jar;C:\Users\HP OMEN 16\.m2\repository\com\openhtmltopdf\openhtmltopdf-rtl-support\1.0.0\openhtmltopdf-rtl-support-1.0.0.jar;C:\Users\HP OMEN 16\.m2\repository\com\openhtmltopdf\openhtmltopdf-jsoup-dom-converter\1.0.0\openhtmltopdf-jsoup-dom-converter-1.0.0.jar;C:\Users\HP OMEN 16\.m2\repository\com\vladsch\flexmark\flexmark-profile-pegdown\0.62.2\flexmark-profile-pegdown-0.62.2.jar;C:\Users\HP OMEN 16\.m2\repository\com\vladsch\flexmark\flexmark-util-ast\0.62.2\flexmark-util-ast-0.62.2.jar;C:\Users\HP OMEN 16\.m2\repository\com\vladsch\flexmark\flexmark-util-builder\0.62.2\flexmark-util-builder-0.62.2.jar;C:\Users\HP OMEN 16\.m2\repository\com\vladsch\flexmark\flexmark-util-collection\0.62.2\flexmark-util-collection-0.62.2.jar;C:\Users\HP OMEN 16\.m2\repository\com\vladsch\flexmark\flexmark-util-data\0.62.2\flexmark-util-data-0.62.2.jar;C:\Users\HP OMEN 16\.m2\repository\com\vladsch\flexmark\flexmark-util-dependency\0.62.2\flexmark-util-dependency-0.62.2.jar;C:\Users\HP OMEN 16\.m2\repository\com\vladsch\flexmark\flexmark-util-format\0.62.2\flexmark-util-format-0.62.2.jar;C:\Users\HP OMEN 16\.m2\repository\com\vladsch\flexmark\flexmark-util-html\0.62.2\flexmark-util-html-0.62.2.jar;C:\Users\HP OMEN 16\.m2\repository\com\vladsch\flexmark\flexmark-util-misc\0.62.2\flexmark-util-misc-0.62.2.jar;C:\Users\HP OMEN 16\.m2\repository\com\vladsch\flexmark\flexmark-util-options\0.62.2\flexmark-util-options-0.62.2.jar;C:\Users\HP OMEN 16\.m2\repository\com\vladsch\flexmark\flexmark-util-sequence\0.62.2\flexmark-util-sequence-0.62.2.jar;C:\Users\HP OMEN 16\.m2\repository\com\vladsch\flexmark\flexmark-util-visitor\0.62.2\flexmark-util-visitor-0.62.2.jar;C:\Users\HP OMEN 16\.m2\repository\com\vladsch\flexmark\flexmark-youtrack-converter\0.62.2\flexmark-youtrack-converter-0.62.2.jar;C:\Users\HP OMEN 16\.m2\repository\com\ibm\icu\icu4j\72.1\icu4j-72.1.jar;C:\Users\HP OMEN 16\.m2\repository\es\nitaur\markdown\txtmark\0.16\txtmark-0.16.jar;C:\Users\HP OMEN 16\.m2\repository\net\serenity-bdd\serenity-report-resources\3.6.21\serenity-report-resources-3.6.21.jar;C:\Users\HP OMEN 16\.m2\repository\com\google\code\gson\gson\2.10.1\gson-2.10.1.jar;C:\Users\HP OMEN 16\.m2\repository\com\fasterxml\jackson\core\jackson-core\2.15.0-rc1\jackson-core-2.15.0-rc1.jar;C:\Users\HP OMEN 16\.m2\repository\com\fasterxml\jackson\core\jackson-databind\2.15.0-rc1\jackson-databind-2.15.0-rc1.jar;C:\Users\HP OMEN 16\.m2\repository\com\fasterxml\jackson\core\jackson-annotations\2.15.0-rc1\jackson-annotations-2.15.0-rc1.jar;C:\Users\HP OMEN 16\.m2\repository\commons-codec\commons-codec\1.15\commons-codec-1.15.jar;C:\Users\HP OMEN 16\.m2\repository\commons-io\commons-io\2.11.0\commons-io-2.11.0.jar;C:\Users\HP OMEN 16\.m2\repository\org\apache\httpcomponents\httpclient\4.5.13\httpclient-4.5.13.jar;C:\Users\HP OMEN 16\.m2\repository\org\apache\httpcomponents\httpcore\4.4.13\httpcore-4.4.13.jar;C:\Users\HP OMEN 16\.m2\repository\commons-logging\commons-logging\1.2\commons-logging-1.2.jar;C:\Users\HP OMEN 16\.m2\repository\org\seleniumhq\selenium\selenium-java\4.8.1\selenium-java-4.8.1.jar;C:\Users\HP OMEN 16\.m2\repository\org\seleniumhq\selenium\selenium-devtools-v108\4.8.1\selenium-devtools-v108-4.8.1.jar;C:\Users\HP OMEN 16\.m2\repository\org\seleniumhq\selenium\selenium-devtools-v109\4.8.1\selenium-devtools-v109-4.8.1.jar;C:\Users\HP OMEN 16\.m2\repository\org\seleniumhq\selenium\selenium-devtools-v110\4.8.1\selenium-devtools-v110-4.8.1.jar;C:\Users\HP OMEN 16\.m2\repository\org\seleniumhq\selenium\selenium-devtools-v85\4.8.1\selenium-devtools-v85-4.8.1.jar;C:\Users\HP OMEN 16\.m2\repository\org\seleniumhq\selenium\selenium-remote-driver\4.8.1\selenium-remote-driver-4.8.1.jar;C:\Users\HP OMEN 16\.m2\repository\com\beust\jcommander\1.82\jcommander-1.82.jar;C:\Users\HP OMEN 16\.m2\repository\io\netty\netty-buffer\4.1.87.Final\netty-buffer-4.1.87.Final.jar;C:\Users\HP OMEN 16\.m2\repository\io\netty\netty-codec-http\4.1.87.Final\netty-codec-http-4.1.87.Final.jar;C:\Users\HP OMEN 16\.m2\repository\io\netty\netty-codec\4.1.87.Final\netty-codec-4.1.87.Final.jar;C:\Users\HP OMEN 16\.m2\repository\io\netty\netty-handler\4.1.87.Final\netty-handler-4.1.87.Final.jar;C:\Users\HP OMEN 16\.m2\repository\io\netty\netty-common\4.1.87.Final\netty-common-4.1.87.Final.jar;C:\Users\HP OMEN 16\.m2\repository\io\netty\netty-transport-classes-epoll\4.1.87.Final\netty-transport-classes-epoll-4.1.87.Final.jar;C:\Users\HP OMEN 16\.m2\repository\io\netty\netty-transport-classes-kqueue\4.1.87.Final\netty-transport-classes-kqueue-4.1.87.Final.jar;C:\Users\HP OMEN 16\.m2\repository\io\netty\netty-transport-native-epoll\4.1.87.Final\netty-transport-native-epoll-4.1.87.Final.jar;C:\Users\HP OMEN 16\.m2\repository\io\netty\netty-transport-native-kqueue\4.1.87.Final\netty-transport-native-kqueue-4.1.87.Final.jar;C:\Users\HP OMEN 16\.m2\repository\io\netty\netty-transport-native-unix-common\4.1.87.Final\netty-transport-native-unix-common-4.1.87.Final.jar;C:\Users\HP OMEN 16\.m2\repository\io\netty\netty-transport\4.1.87.Final\netty-transport-4.1.87.Final.jar;C:\Users\HP OMEN 16\.m2\repository\io\netty\netty-resolver\4.1.87.Final\netty-resolver-4.1.87.Final.jar;C:\Users\HP OMEN 16\.m2\repository\io\opentelemetry\opentelemetry-api\1.22.0\opentelemetry-api-1.22.0.jar;C:\Users\HP OMEN 16\.m2\repository\io\opentelemetry\opentelemetry-context\1.22.0\opentelemetry-context-1.22.0.jar;C:\Users\HP OMEN 16\.m2\repository\io\opentelemetry\opentelemetry-exporter-logging\1.22.0\opentelemetry-exporter-logging-1.22.0.jar;C:\Users\HP OMEN 16\.m2\repository\io\opentelemetry\opentelemetry-sdk-metrics\1.22.0\opentelemetry-sdk-metrics-1.22.0.jar;C:\Users\HP OMEN 16\.m2\repository\io\opentelemetry\opentelemetry-sdk-logs\1.22.0-alpha\opentelemetry-sdk-logs-1.22.0-alpha.jar;C:\Users\HP OMEN 16\.m2\repository\io\opentelemetry\opentelemetry-api-logs\1.22.0-alpha\opentelemetry-api-logs-1.22.0-alpha.jar;C:\Users\HP OMEN 16\.m2\repository\io\opentelemetry\opentelemetry-sdk-common\1.22.0\opentelemetry-sdk-common-1.22.0.jar;C:\Users\HP OMEN 16\.m2\repository\io\opentelemetry\opentelemetry-sdk-extension-autoconfigure-spi\1.22.0\opentelemetry-sdk-extension-autoconfigure-spi-1.22.0.jar;C:\Users\HP OMEN 16\.m2\repository\io\opentelemetry\opentelemetry-sdk-extension-autoconfigure\1.22.0-alpha\opentelemetry-sdk-extension-autoconfigure-1.22.0-alpha.jar;C:\Users\HP OMEN 16\.m2\repository\io\opentelemetry\opentelemetry-sdk-trace\1.22.0\opentelemetry-sdk-trace-1.22.0.jar;C:\Users\HP OMEN 16\.m2\repository\io\opentelemetry\opentelemetry-sdk\1.22.0\opentelemetry-sdk-1.22.0.jar;C:\Users\HP OMEN 16\.m2\repository\io\opentelemetry\opentelemetry-semconv\1.22.0-alpha\opentelemetry-semconv-1.22.0-alpha.jar;C:\Users\HP OMEN 16\.m2\repository\io\ous\jtoml\2.0.0\jtoml-2.0.0.jar;C:\Users\HP OMEN 16\.m2\repository\org\apache\commons\commons-exec\1.3\commons-exec-1.3.jar;C:\Users\HP OMEN 16\.m2\repository\org\asynchttpclient\async-http-client\2.12.3\async-http-client-2.12.3.jar;C:\Users\HP OMEN 16\.m2\repository\org\asynchttpclient\async-http-client-netty-utils\2.12.3\async-http-client-netty-utils-2.12.3.jar;C:\Users\HP OMEN 16\.m2\repository\io\netty\netty-codec-socks\4.1.60.Final\netty-codec-socks-4.1.60.Final.jar;C:\Users\HP OMEN 16\.m2\repository\io\netty\netty-handler-proxy\4.1.60.Final\netty-handler-proxy-4.1.60.Final.jar;C:\Users\HP OMEN 16\.m2\repository\io\netty\netty-transport-native-epoll\4.1.60.Final\netty-transport-native-epoll-4.1.60.Final-linux-x86_64.jar;C:\Users\HP OMEN 16\.m2\repository\io\netty\netty-transport-native-kqueue\4.1.60.Final\netty-transport-native-kqueue-4.1.60.Final-osx-x86_64.jar;C:\Users\HP OMEN 16\.m2\repository\org\reactivestreams\reactive-streams\1.0.3\reactive-streams-1.0.3.jar;C:\Users\HP OMEN 16\.m2\repository\com\typesafe\netty\netty-reactive-streams\2.0.4\netty-reactive-streams-2.0.4.jar;C:\Users\HP OMEN 16\.m2\repository\org\seleniumhq\selenium\selenium-manager\4.8.1\selenium-manager-4.8.1.jar;C:\Users\HP OMEN 16\.m2\repository\org\seleniumhq\selenium\selenium-safari-driver\4.8.1\selenium-safari-driver-4.8.1.jar;C:\Users\HP OMEN 16\.m2\repository\org\seleniumhq\selenium\selenium-api\4.8.1\selenium-api-4.8.1.jar;C:\Users\HP OMEN 16\.m2\repository\org\seleniumhq\selenium\selenium-support\4.8.1\selenium-support-4.8.1.jar;C:\Users\HP OMEN 16\.m2\repository\com\google\auto\service\auto-service-annotations\1.0.1\auto-service-annotations-1.0.1.jar;C:\Users\HP OMEN 16\.m2\repository\com\google\auto\service\auto-service\1.0.1\auto-service-1.0.1.jar;C:\Users\HP OMEN 16\.m2\repository\com\google\auto\auto-common\1.2\auto-common-1.2.jar;C:\Users\HP OMEN 16\.m2\repository\org\seleniumhq\selenium\selenium-json\4.8.1\selenium-json-4.8.1.jar;C:\Users\HP OMEN 16\.m2\repository\org\seleniumhq\selenium\selenium-chrome-driver\4.8.1\selenium-chrome-driver-4.8.1.jar;C:\Users\HP OMEN 16\.m2\repository\org\seleniumhq\selenium\selenium-chromium-driver\4.8.1\selenium-chromium-driver-4.8.1.jar;C:\Users\HP OMEN 16\.m2\repository\org\seleniumhq\selenium\selenium-firefox-driver\4.8.1\selenium-firefox-driver-4.8.1.jar;C:\Users\HP OMEN 16\.m2\repository\org\seleniumhq\selenium\selenium-http\4.8.1\selenium-http-4.8.1.jar;C:\Users\HP OMEN 16\.m2\repository\dev\failsafe\failsafe\3.3.0\failsafe-3.3.0.jar;C:\Users\HP OMEN 16\.m2\repository\org\seleniumhq\selenium\selenium-edge-driver\4.8.1\selenium-edge-driver-4.8.1.jar;C:\Users\HP OMEN 16\.m2\repository\org\seleniumhq\selenium\selenium-ie-driver\4.8.1\selenium-ie-driver-4.8.1.jar;C:\Users\HP OMEN 16\.m2\repository\org\projectlombok\lombok\1.18.20\lombok-1.18.20.jar;C:\Users\HP OMEN 16\.m2\repository\io\appium\java-client\8.3.0\java-client-8.3.0.jar;C:\Users\HP OMEN 16\.m2\repository\commons-validator\commons-validator\1.7\commons-validator-1.7.jar;C:\Users\HP OMEN 16\.m2\repository\commons-digester\commons-digester\2.1\commons-digester-2.1.jar;C:\Users\HP OMEN 16\.m2\repository\org\apache\groovy\groovy\4.0.10\groovy-4.0.10.jar;C:\Users\HP OMEN 16\.m2\repository\net\sf\opencsv\opencsv\2.0\opencsv-2.0.jar;C:\Users\HP OMEN 16\.m2\repository\commons-beanutils\commons-beanutils\1.9.4\commons-beanutils-1.9.4.jar;C:\Users\HP OMEN 16\.m2\repository\org\apache\commons\commons-lang3\3.12.0\commons-lang3-3.12.0.jar;C:\Users\HP OMEN 16\.m2\repository\commons-collections\commons-collections\3.2.2\commons-collections-3.2.2.jar;C:\Users\HP OMEN 16\.m2\repository\org\fluentlenium\fluentlenium-core\0.10.2\fluentlenium-core-0.10.2.jar;C:\Users\HP OMEN 16\.m2\repository\io\github\bonigarcia\webdrivermanager\5.3.0\webdrivermanager-5.3.0.jar;C:\Users\HP OMEN 16\.m2\repository\com\github\docker-java\docker-java\3.2.13\docker-java-3.2.13.jar;C:\Users\HP OMEN 16\.m2\repository\com\github\docker-java\docker-java-core\3.2.13\docker-java-core-3.2.13.jar;C:\Users\HP OMEN 16\.m2\repository\com\github\docker-java\docker-java-api\3.2.13\docker-java-api-3.2.13.jar;C:\Users\HP OMEN 16\.m2\repository\org\apache\commons\commons-compress\1.21\commons-compress-1.21.jar;C:\Users\HP OMEN 16\.m2\repository\org\bouncycastle\bcpkix-jdk15on\1.64\bcpkix-jdk15on-1.64.jar;C:\Users\HP OMEN 16\.m2\repository\org\bouncycastle\bcprov-jdk15on\1.64\bcprov-jdk15on-1.64.jar;C:\Users\HP OMEN 16\.m2\repository\org\slf4j\jcl-over-slf4j\1.7.30\jcl-over-slf4j-1.7.30.jar;C:\Users\HP OMEN 16\.m2\repository\com\github\docker-java\docker-java-transport-httpclient5\3.2.13\docker-java-transport-httpclient5-3.2.13.jar;C:\Users\HP OMEN 16\.m2\repository\com\github\docker-java\docker-java-transport\3.2.13\docker-java-transport-3.2.13.jar;C:\Users\HP OMEN 16\.m2\repository\net\java\dev\jna\jna\5.8.0\jna-5.8.0.jar;C:\Users\HP OMEN 16\.m2\repository\org\brotli\dec\0.1.2\dec-0.1.2.jar;C:\Users\HP OMEN 16\.m2\repository\org\apache\httpcomponents\client5\httpclient5\5.1.3\httpclient5-5.1.3.jar;C:\Users\HP OMEN 16\.m2\repository\org\apache\httpcomponents\core5\httpcore5\5.1.3\httpcore5-5.1.3.jar;C:\Users\HP OMEN 16\.m2\repository\org\apache\httpcomponents\core5\httpcore5-h2\5.1.3\httpcore5-h2-5.1.3.jar;C:\Users\HP OMEN 16\.m2\repository\com\jhlabs\filters\2.0.235\filters-2.0.235.jar;C:\Users\HP OMEN 16\.m2\repository\com\paulhammant\ngwebdriver\1.1.6\ngwebdriver-1.1.6.jar;C:\Users\HP OMEN 16\.m2\repository\joda-time\joda-time\2.12.2\joda-time-2.12.2.jar;C:\Users\HP OMEN 16\.m2\repository\org\hamcrest\hamcrest\2.2\hamcrest-2.2.jar;C:\Users\HP OMEN 16\.m2\repository\com\google\jimfs\jimfs\1.2\jimfs-1.2.jar;C:\Users\HP OMEN 16\.m2\repository\org\mockito\mockito-core\3.3.3\mockito-core-3.3.3.jar;C:\Users\HP OMEN 16\.m2\repository\javax\xml\bind\jaxb-api\2.3.1\jaxb-api-2.3.1.jar;C:\Users\HP OMEN 16\.m2\repository\javax\activation\javax.activation-api\1.2.0\javax.activation-api-1.2.0.jar;C:\Users\HP OMEN 16\.m2\repository\com\sun\xml\bind\jaxb-core\2.3.0.1\jaxb-core-2.3.0.1.jar;C:\Users\HP OMEN 16\.m2\repository\com\sun\xml\bind\jaxb-impl\2.3.3\jaxb-impl-2.3.3.jar;C:\Users\HP OMEN 16\.m2\repository\jakarta\xml\bind\jakarta.xml.bind-api\2.3.3\jakarta.xml.bind-api-2.3.3.jar;C:\Users\HP OMEN 16\.m2\repository\com\sun\activation\jakarta.activation\1.2.2\jakarta.activation-1.2.2.jar;C:\Users\HP OMEN 16\.m2\repository\javax\activation\activation\1.1.1\activation-1.1.1.jar;C:\Users\HP OMEN 16\.m2\repository\net\serenity-bdd\serenity-cucumber\3.6.21\serenity-cucumber-3.6.21.jar;C:\Users\HP OMEN 16\.m2\repository\io\cucumber\cucumber-core\7.11.0\cucumber-core-7.11.0.jar;C:\Users\HP OMEN 16\.m2\repository\io\cucumber\cucumber-gherkin\7.11.0\cucumber-gherkin-7.11.0.jar;C:\Users\HP OMEN 16\.m2\repository\io\cucumber\cucumber-gherkin-messages\7.11.0\cucumber-gherkin-messages-7.11.0.jar;C:\Users\HP OMEN 16\.m2\repository\io\cucumber\gherkin\26.0.3\gherkin-26.0.3.jar;C:\Users\HP OMEN 16\.m2\repository\io\cucumber\messages\21.0.1\messages-21.0.1.jar;C:\Users\HP OMEN 16\.m2\repository\io\cucumber\tag-expressions\5.0.1\tag-expressions-5.0.1.jar;C:\Users\HP OMEN 16\.m2\repository\io\cucumber\cucumber-expressions\16.1.1\cucumber-expressions-16.1.1.jar;C:\Users\HP OMEN 16\.m2\repository\io\cucumber\datatable\7.11.0\datatable-7.11.0.jar;C:\Users\HP OMEN 16\.m2\repository\io\cucumber\cucumber-plugin\7.11.0\cucumber-plugin-7.11.0.jar;C:\Users\HP OMEN 16\.m2\repository\io\cucumber\docstring\7.11.0\docstring-7.11.0.jar;C:\Users\HP OMEN 16\.m2\repository\io\cucumber\html-formatter\20.2.1\html-formatter-20.2.1.jar;C:\Users\HP OMEN 16\.m2\repository\io\cucumber\junit-xml-formatter\0.1.0\junit-xml-formatter-0.1.0.jar;C:\Users\HP OMEN 16\.m2\repository\io\cucumber\ci-environment\9.1.0\ci-environment-9.1.0.jar;C:\Users\HP OMEN 16\.m2\repository\io\cucumber\cucumber-java\7.11.0\cucumber-java-7.11.0.jar;C:\Users\HP OMEN 16\.m2\repository\io\cucumber\cucumber-junit\7.11.0\cucumber-junit-7.11.0.jar;C:\Users\HP OMEN 16\.m2\repository\org\apache\commons\commons-csv\1.5\commons-csv-1.5.jar;C:\Users\HP OMEN 16\.m2\repository\net\serenity-bdd\serenity-screenplay\3.6.21\serenity-screenplay-3.6.21.jar;C:\Users\HP OMEN 16\.m2\repository\net\serenity-bdd\serenity-screenplay-webdriver\3.6.21\serenity-screenplay-webdriver-3.6.21.jar;C:\Users\HP OMEN 16\.m2\repository\net\serenity-bdd\serenity-ensure\3.6.21\serenity-ensure-3.6.21.jar;C:\Users\HP OMEN 16\.m2\repository\net\serenity-bdd\serenity-junit\3.6.21\serenity-junit-3.6.21.jar;C:\Users\HP OMEN 16\.m2\repository\org\jetbrains\kotlin\kotlin-stdlib\1.8.10\kotlin-stdlib-1.8.10.jar;C:\Users\HP OMEN 16\.m2\repository\org\jetbrains\kotlin\kotlin-stdlib-common\1.8.10\kotlin-stdlib-common-1.8.10.jar;C:\Users\HP OMEN 16\.m2\repository\org\jetbrains\annotations\13.0\annotations-13.0.jar;C:\Users\HP OMEN 16\.m2\repository\org\junit\platform\junit-platform-launcher\1.8.2\junit-platform-launcher-1.8.2.jar;C:\Users\HP OMEN 16\.m2\repository\org\junit\platform\junit-platform-engine\1.8.2\junit-platform-engine-1.8.2.jar;C:\Users\HP OMEN 16\.m2\repository\org\opentest4j\opentest4j\1.2.0\opentest4j-1.2.0.jar;C:\Users\HP OMEN 16\.m2\repository\org\junit\platform\junit-platform-commons\1.8.2\junit-platform-commons-1.8.2.jar;C:\Users\HP OMEN 16\.m2\repository\org\apiguardian\apiguardian-api\1.1.2\apiguardian-api-1.1.2.jar;C:\Users\HP OMEN 16\.m2\repository\org\junit\jupiter\junit-jupiter-engine\5.8.2\junit-jupiter-engine-5.8.2.jar;C:\Users\HP OMEN 16\.m2\repository\org\junit\jupiter\junit-jupiter-api\5.8.2\junit-jupiter-api-5.8.2.jar;C:\Users\HP OMEN 16\.m2\repository\org\junit\vintage\junit-vintage-engine\5.8.2\junit-vintage-engine-5.8.2.jar;C:\Users\HP OMEN 16\.m2\repository\junit\junit\4.13.2\junit-4.13.2.jar;C:\Users\HP OMEN 16\.m2\repository\org\hamcrest\hamcrest-core\1.3\hamcrest-core-1.3.jar;C:\Users\HP OMEN 16\.m2\repository\ch\qos\logback\logback-classic\1.2.10\logback-classic-1.2.10.jar;C:\Users\HP OMEN 16\.m2\repository\ch\qos\logback\logback-core\1.2.10\logback-core-1.2.10.jar;C:\Users\HP OMEN 16\.m2\repository\org\slf4j\slf4j-api\1.7.32\slf4j-api-1.7.32.jar;C:\Users\HP OMEN 16\.m2\repository\org\assertj\assertj-core\3.23.1\assertj-core-3.23.1.jar;C:\Users\HP OMEN 16\.m2\repository\net\bytebuddy\byte-buddy\1.12.10\byte-buddy-1.12.10.jar;"/>
    <property name="java.vm.vendor" value="Oracle Corporation"/>
    <property name="sun.arch.data.model" value="64"/>
    <property name="user.variant" value=""/>
    <property name="java.vendor.url" value="http://java.oracle.com/"/>
    <property name="user.timezone" value="Asia/Bangkok"/>
    <property name="java.vm.specification.version" value="1.8"/>
    <property name="os.name" value="Windows 11"/>
    <property name="user.country" value="ID"/>
    <property name="sun.java.launcher" value="SUN_STANDARD"/>
    <property name="sun.boot.library.path" value="C:\Program Files\Java\jdk1.8.0_361\jre\bin"/>
    <property name="sun.java.command" value="C:\Users\HP OMEN 16\AppData\Local\Temp\surefire1876440280538639349\surefirebooter1988643083938224433.jar C:\Users\HP OMEN 16\AppData\Local\Temp\surefire1876440280538639349 2023-05-08T22-58-31_291-jvmRun1 surefire8013294960625052900tmp surefire_05371899671782728418tmp"/>
    <property name="surefire.test.class.path" value="D:\1. QA ALTERRA ACADEMY\MobileTesting\MiniProjectWEB\target\test-classes;D:\1. QA ALTERRA ACADEMY\MobileTesting\MiniProjectWEB\target\MiniProjectWEB-1.0-SNAPSHOT.jar;C:\Users\HP OMEN 16\.m2\repository\net\serenity-bdd\serenity-core\3.6.21\serenity-core-3.6.21.jar;C:\Users\HP OMEN 16\.m2\repository\net\serenity-bdd\serenity-model\3.6.21\serenity-model-3.6.21.jar;C:\Users\HP OMEN 16\.m2\repository\org\apache\commons\commons-text\1.10.0\commons-text-1.10.0.jar;C:\Users\HP OMEN 16\.m2\repository\commons-net\commons-net\3.9.0\commons-net-3.9.0.jar;C:\Users\HP OMEN 16\.m2\repository\com\google\guava\guava\31.1-jre\guava-31.1-jre.jar;C:\Users\HP OMEN 16\.m2\repository\com\google\guava\failureaccess\1.0.1\failureaccess-1.0.1.jar;C:\Users\HP OMEN 16\.m2\repository\com\google\guava\listenablefuture\9999.0-empty-to-avoid-conflict-with-guava\listenablefuture-9999.0-empty-to-avoid-conflict-with-guava.jar;C:\Users\HP OMEN 16\.m2\repository\com\google\code\findbugs\jsr305\3.0.2\jsr305-3.0.2.jar;C:\Users\HP OMEN 16\.m2\repository\org\checkerframework\checker-qual\3.12.0\checker-qual-3.12.0.jar;C:\Users\HP OMEN 16\.m2\repository\com\google\errorprone\error_prone_annotations\2.11.0\error_prone_annotations-2.11.0.jar;C:\Users\HP OMEN 16\.m2\repository\com\google\j2objc\j2objc-annotations\1.3\j2objc-annotations-1.3.jar;C:\Users\HP OMEN 16\.m2\repository\com\google\inject\guice\5.1.0\guice-5.1.0.jar;C:\Users\HP OMEN 16\.m2\repository\javax\inject\javax.inject\1\javax.inject-1.jar;C:\Users\HP OMEN 16\.m2\repository\aopalliance\aopalliance\1.0\aopalliance-1.0.jar;C:\Users\HP OMEN 16\.m2\repository\org\jsoup\jsoup\1.14.3\jsoup-1.14.3.jar;C:\Users\HP OMEN 16\.m2\repository\com\thoughtworks\xstream\xstream\1.4.20\xstream-1.4.20.jar;C:\Users\HP OMEN 16\.m2\repository\io\github\x-stream\mxparser\1.2.2\mxparser-1.2.2.jar;C:\Users\HP OMEN 16\.m2\repository\xmlpull\xmlpull\1.1.3.1\xmlpull-1.1.3.1.jar;C:\Users\HP OMEN 16\.m2\repository\com\typesafe\config\1.4.2\config-1.4.2.jar;C:\Users\HP OMEN 16\.m2\repository\org\imgscalr\imgscalr-lib\4.2\imgscalr-lib-4.2.jar;C:\Users\HP OMEN 16\.m2\repository\org\awaitility\awaitility\4.2.0\awaitility-4.2.0.jar;C:\Users\HP OMEN 16\.m2\repository\org\freemarker\freemarker\2.3.31\freemarker-2.3.31.jar;C:\Users\HP OMEN 16\.m2\repository\io\github\classgraph\classgraph\4.8.138\classgraph-4.8.138.jar;C:\Users\HP OMEN 16\.m2\repository\net\sourceforge\jexcelapi\jxl\2.6.12\jxl-2.6.12.jar;C:\Users\HP OMEN 16\.m2\repository\net\bytebuddy\byte-buddy-agent\1.14.2\byte-buddy-agent-1.14.2.jar;C:\Users\HP OMEN 16\.m2\repository\org\objenesis\objenesis\3.3\objenesis-3.3.jar;C:\Users\HP OMEN 16\.m2\repository\net\serenity-bdd\serenity-reports\3.6.21\serenity-reports-3.6.21.jar;C:\Users\HP OMEN 16\.m2\repository\net\serenity-bdd\serenity-stats\3.6.21\serenity-stats-3.6.21.jar;C:\Users\HP OMEN 16\.m2\repository\net\serenity-bdd\serenity-reports-configuration\3.6.21\serenity-reports-configuration-3.6.21.jar;C:\Users\HP OMEN 16\.m2\repository\com\vladsch\flexmark\flexmark-all\0.62.2\flexmark-all-0.62.2.jar;C:\Users\HP OMEN 16\.m2\repository\com\vladsch\flexmark\flexmark\0.62.2\flexmark-0.62.2.jar;C:\Users\HP OMEN 16\.m2\repository\com\vladsch\flexmark\flexmark-ext-abbreviation\0.62.2\flexmark-ext-abbreviation-0.62.2.jar;C:\Users\HP OMEN 16\.m2\repository\com\vladsch\flexmark\flexmark-util\0.62.2\flexmark-util-0.62.2.jar;C:\Users\HP OMEN 16\.m2\repository\com\vladsch\flexmark\flexmark-ext-admonition\0.62.2\flexmark-ext-admonition-0.62.2.jar;C:\Users\HP OMEN 16\.m2\repository\com\vladsch\flexmark\flexmark-ext-anchorlink\0.62.2\flexmark-ext-anchorlink-0.62.2.jar;C:\Users\HP OMEN 16\.m2\repository\com\vladsch\flexmark\flexmark-ext-aside\0.62.2\flexmark-ext-aside-0.62.2.jar;C:\Users\HP OMEN 16\.m2\repository\com\vladsch\flexmark\flexmark-ext-attributes\0.62.2\flexmark-ext-attributes-0.62.2.jar;C:\Users\HP OMEN 16\.m2\repository\com\vladsch\flexmark\flexmark-ext-autolink\0.62.2\flexmark-ext-autolink-0.62.2.jar;C:\Users\HP OMEN 16\.m2\repository\org\nibor\autolink\autolink\0.6.0\autolink-0.6.0.jar;C:\Users\HP OMEN 16\.m2\repository\com\vladsch\flexmark\flexmark-ext-definition\0.62.2\flexmark-ext-definition-0.62.2.jar;C:\Users\HP OMEN 16\.m2\repository\com\vladsch\flexmark\flexmark-ext-emoji\0.62.2\flexmark-ext-emoji-0.62.2.jar;C:\Users\HP OMEN 16\.m2\repository\com\vladsch\flexmark\flexmark-ext-enumerated-reference\0.62.2\flexmark-ext-enumerated-reference-0.62.2.jar;C:\Users\HP OMEN 16\.m2\repository\com\vladsch\flexmark\flexmark-ext-escaped-character\0.62.2\flexmark-ext-escaped-character-0.62.2.jar;C:\Users\HP OMEN 16\.m2\repository\com\vladsch\flexmark\flexmark-ext-footnotes\0.62.2\flexmark-ext-footnotes-0.62.2.jar;C:\Users\HP OMEN 16\.m2\repository\com\vladsch\flexmark\flexmark-ext-gfm-issues\0.62.2\flexmark-ext-gfm-issues-0.62.2.jar;C:\Users\HP OMEN 16\.m2\repository\com\vladsch\flexmark\flexmark-ext-gfm-strikethrough\0.62.2\flexmark-ext-gfm-strikethrough-0.62.2.jar;C:\Users\HP OMEN 16\.m2\repository\com\vladsch\flexmark\flexmark-ext-gfm-tasklist\0.62.2\flexmark-ext-gfm-tasklist-0.62.2.jar;C:\Users\HP OMEN 16\.m2\repository\com\vladsch\flexmark\flexmark-ext-gfm-users\0.62.2\flexmark-ext-gfm-users-0.62.2.jar;C:\Users\HP OMEN 16\.m2\repository\com\vladsch\flexmark\flexmark-ext-gitlab\0.62.2\flexmark-ext-gitlab-0.62.2.jar;C:\Users\HP OMEN 16\.m2\repository\com\vladsch\flexmark\flexmark-ext-jekyll-front-matter\0.62.2\flexmark-ext-jekyll-front-matter-0.62.2.jar;C:\Users\HP OMEN 16\.m2\repository\com\vladsch\flexmark\flexmark-ext-jekyll-tag\0.62.2\flexmark-ext-jekyll-tag-0.62.2.jar;C:\Users\HP OMEN 16\.m2\repository\com\vladsch\flexmark\flexmark-ext-media-tags\0.62.2\flexmark-ext-media-tags-0.62.2.jar;C:\Users\HP OMEN 16\.m2\repository\com\vladsch\flexmark\flexmark-ext-macros\0.62.2\flexmark-ext-macros-0.62.2.jar;C:\Users\HP OMEN 16\.m2\repository\com\vladsch\flexmark\flexmark-ext-ins\0.62.2\flexmark-ext-ins-0.62.2.jar;C:\Users\HP OMEN 16\.m2\repository\com\vladsch\flexmark\flexmark-ext-xwiki-macros\0.62.2\flexmark-ext-xwiki-macros-0.62.2.jar;C:\Users\HP OMEN 16\.m2\repository\com\vladsch\flexmark\flexmark-ext-superscript\0.62.2\flexmark-ext-superscript-0.62.2.jar;C:\Users\HP OMEN 16\.m2\repository\com\vladsch\flexmark\flexmark-ext-tables\0.62.2\flexmark-ext-tables-0.62.2.jar;C:\Users\HP OMEN 16\.m2\repository\com\vladsch\flexmark\flexmark-ext-toc\0.62.2\flexmark-ext-toc-0.62.2.jar;C:\Users\HP OMEN 16\.m2\repository\com\vladsch\flexmark\flexmark-ext-typographic\0.62.2\flexmark-ext-typographic-0.62.2.jar;C:\Users\HP OMEN 16\.m2\repository\com\vladsch\flexmark\flexmark-ext-wikilink\0.62.2\flexmark-ext-wikilink-0.62.2.jar;C:\Users\HP OMEN 16\.m2\repository\com\vladsch\flexmark\flexmark-ext-yaml-front-matter\0.62.2\flexmark-ext-yaml-front-matter-0.62.2.jar;C:\Users\HP OMEN 16\.m2\repository\com\vladsch\flexmark\flexmark-ext-youtube-embedded\0.62.2\flexmark-ext-youtube-embedded-0.62.2.jar;C:\Users\HP OMEN 16\.m2\repository\com\vladsch\flexmark\flexmark-html2md-converter\0.62.2\flexmark-html2md-converter-0.62.2.jar;C:\Users\HP OMEN 16\.m2\repository\com\vladsch\flexmark\flexmark-jira-converter\0.62.2\flexmark-jira-converter-0.62.2.jar;C:\Users\HP OMEN 16\.m2\repository\com\vladsch\flexmark\flexmark-pdf-converter\0.62.2\flexmark-pdf-converter-0.62.2.jar;C:\Users\HP OMEN 16\.m2\repository\com\openhtmltopdf\openhtmltopdf-core\1.0.0\openhtmltopdf-core-1.0.0.jar;C:\Users\HP OMEN 16\.m2\repository\com\openhtmltopdf\openhtmltopdf-pdfbox\1.0.0\openhtmltopdf-pdfbox-1.0.0.jar;C:\Users\HP OMEN 16\.m2\repository\org\apache\pdfbox\pdfbox\2.0.16\pdfbox-2.0.16.jar;C:\Users\HP OMEN 16\.m2\repository\org\apache\pdfbox\fontbox\2.0.16\fontbox-2.0.16.jar;C:\Users\HP OMEN 16\.m2\repository\org\apache\pdfbox\xmpbox\2.0.16\xmpbox-2.0.16.jar;C:\Users\HP OMEN 16\.m2\repository\de\rototor\pdfbox\graphics2d\0.24\graphics2d-0.24.jar;C:\Users\HP OMEN 16\.m2\repository\com\openhtmltopdf\openhtmltopdf-rtl-support\1.0.0\openhtmltopdf-rtl-support-1.0.0.jar;C:\Users\HP OMEN 16\.m2\repository\com\openhtmltopdf\openhtmltopdf-jsoup-dom-converter\1.0.0\openhtmltopdf-jsoup-dom-converter-1.0.0.jar;C:\Users\HP OMEN 16\.m2\repository\com\vladsch\flexmark\flexmark-profile-pegdown\0.62.2\flexmark-profile-pegdown-0.62.2.jar;C:\Users\HP OMEN 16\.m2\repository\com\vladsch\flexmark\flexmark-util-ast\0.62.2\flexmark-util-ast-0.62.2.jar;C:\Users\HP OMEN 16\.m2\repository\com\vladsch\flexmark\flexmark-util-builder\0.62.2\flexmark-util-builder-0.62.2.jar;C:\Users\HP OMEN 16\.m2\repository\com\vladsch\flexmark\flexmark-util-collection\0.62.2\flexmark-util-collection-0.62.2.jar;C:\Users\HP OMEN 16\.m2\repository\com\vladsch\flexmark\flexmark-util-data\0.62.2\flexmark-util-data-0.62.2.jar;C:\Users\HP OMEN 16\.m2\repository\com\vladsch\flexmark\flexmark-util-dependency\0.62.2\flexmark-util-dependency-0.62.2.jar;C:\Users\HP OMEN 16\.m2\repository\com\vladsch\flexmark\flexmark-util-format\0.62.2\flexmark-util-format-0.62.2.jar;C:\Users\HP OMEN 16\.m2\repository\com\vladsch\flexmark\flexmark-util-html\0.62.2\flexmark-util-html-0.62.2.jar;C:\Users\HP OMEN 16\.m2\repository\com\vladsch\flexmark\flexmark-util-misc\0.62.2\flexmark-util-misc-0.62.2.jar;C:\Users\HP OMEN 16\.m2\repository\com\vladsch\flexmark\flexmark-util-options\0.62.2\flexmark-util-options-0.62.2.jar;C:\Users\HP OMEN 16\.m2\repository\com\vladsch\flexmark\flexmark-util-sequence\0.62.2\flexmark-util-sequence-0.62.2.jar;C:\Users\HP OMEN 16\.m2\repository\com\vladsch\flexmark\flexmark-util-visitor\0.62.2\flexmark-util-visitor-0.62.2.jar;C:\Users\HP OMEN 16\.m2\repository\com\vladsch\flexmark\flexmark-youtrack-converter\0.62.2\flexmark-youtrack-converter-0.62.2.jar;C:\Users\HP OMEN 16\.m2\repository\com\ibm\icu\icu4j\72.1\icu4j-72.1.jar;C:\Users\HP OMEN 16\.m2\repository\es\nitaur\markdown\txtmark\0.16\txtmark-0.16.jar;C:\Users\HP OMEN 16\.m2\repository\net\serenity-bdd\serenity-report-resources\3.6.21\serenity-report-resources-3.6.21.jar;C:\Users\HP OMEN 16\.m2\repository\com\google\code\gson\gson\2.10.1\gson-2.10.1.jar;C:\Users\HP OMEN 16\.m2\repository\com\fasterxml\jackson\core\jackson-core\2.15.0-rc1\jackson-core-2.15.0-rc1.jar;C:\Users\HP OMEN 16\.m2\repository\com\fasterxml\jackson\core\jackson-databind\2.15.0-rc1\jackson-databind-2.15.0-rc1.jar;C:\Users\HP OMEN 16\.m2\repository\com\fasterxml\jackson\core\jackson-annotations\2.15.0-rc1\jackson-annotations-2.15.0-rc1.jar;C:\Users\HP OMEN 16\.m2\repository\commons-codec\commons-codec\1.15\commons-codec-1.15.jar;C:\Users\HP OMEN 16\.m2\repository\commons-io\commons-io\2.11.0\commons-io-2.11.0.jar;C:\Users\HP OMEN 16\.m2\repository\org\apache\httpcomponents\httpclient\4.5.13\httpclient-4.5.13.jar;C:\Users\HP OMEN 16\.m2\repository\org\apache\httpcomponents\httpcore\4.4.13\httpcore-4.4.13.jar;C:\Users\HP OMEN 16\.m2\repository\commons-logging\commons-logging\1.2\commons-logging-1.2.jar;C:\Users\HP OMEN 16\.m2\repository\org\seleniumhq\selenium\selenium-java\4.8.1\selenium-java-4.8.1.jar;C:\Users\HP OMEN 16\.m2\repository\org\seleniumhq\selenium\selenium-devtools-v108\4.8.1\selenium-devtools-v108-4.8.1.jar;C:\Users\HP OMEN 16\.m2\repository\org\seleniumhq\selenium\selenium-devtools-v109\4.8.1\selenium-devtools-v109-4.8.1.jar;C:\Users\HP OMEN 16\.m2\repository\org\seleniumhq\selenium\selenium-devtools-v110\4.8.1\selenium-devtools-v110-4.8.1.jar;C:\Users\HP OMEN 16\.m2\repository\org\seleniumhq\selenium\selenium-devtools-v85\4.8.1\selenium-devtools-v85-4.8.1.jar;C:\Users\HP OMEN 16\.m2\repository\org\seleniumhq\selenium\selenium-remote-driver\4.8.1\selenium-remote-driver-4.8.1.jar;C:\Users\HP OMEN 16\.m2\repository\com\beust\jcommander\1.82\jcommander-1.82.jar;C:\Users\HP OMEN 16\.m2\repository\io\netty\netty-buffer\4.1.87.Final\netty-buffer-4.1.87.Final.jar;C:\Users\HP OMEN 16\.m2\repository\io\netty\netty-codec-http\4.1.87.Final\netty-codec-http-4.1.87.Final.jar;C:\Users\HP OMEN 16\.m2\repository\io\netty\netty-codec\4.1.87.Final\netty-codec-4.1.87.Final.jar;C:\Users\HP OMEN 16\.m2\repository\io\netty\netty-handler\4.1.87.Final\netty-handler-4.1.87.Final.jar;C:\Users\HP OMEN 16\.m2\repository\io\netty\netty-common\4.1.87.Final\netty-common-4.1.87.Final.jar;C:\Users\HP OMEN 16\.m2\repository\io\netty\netty-transport-classes-epoll\4.1.87.Final\netty-transport-classes-epoll-4.1.87.Final.jar;C:\Users\HP OMEN 16\.m2\repository\io\netty\netty-transport-classes-kqueue\4.1.87.Final\netty-transport-classes-kqueue-4.1.87.Final.jar;C:\Users\HP OMEN 16\.m2\repository\io\netty\netty-transport-native-epoll\4.1.87.Final\netty-transport-native-epoll-4.1.87.Final.jar;C:\Users\HP OMEN 16\.m2\repository\io\netty\netty-transport-native-kqueue\4.1.87.Final\netty-transport-native-kqueue-4.1.87.Final.jar;C:\Users\HP OMEN 16\.m2\repository\io\netty\netty-transport-native-unix-common\4.1.87.Final\netty-transport-native-unix-common-4.1.87.Final.jar;C:\Users\HP OMEN 16\.m2\repository\io\netty\netty-transport\4.1.87.Final\netty-transport-4.1.87.Final.jar;C:\Users\HP OMEN 16\.m2\repository\io\netty\netty-resolver\4.1.87.Final\netty-resolver-4.1.87.Final.jar;C:\Users\HP OMEN 16\.m2\repository\io\opentelemetry\opentelemetry-api\1.22.0\opentelemetry-api-1.22.0.jar;C:\Users\HP OMEN 16\.m2\repository\io\opentelemetry\opentelemetry-context\1.22.0\opentelemetry-context-1.22.0.jar;C:\Users\HP OMEN 16\.m2\repository\io\opentelemetry\opentelemetry-exporter-logging\1.22.0\opentelemetry-exporter-logging-1.22.0.jar;C:\Users\HP OMEN 16\.m2\repository\io\opentelemetry\opentelemetry-sdk-metrics\1.22.0\opentelemetry-sdk-metrics-1.22.0.jar;C:\Users\HP OMEN 16\.m2\repository\io\opentelemetry\opentelemetry-sdk-logs\1.22.0-alpha\opentelemetry-sdk-logs-1.22.0-alpha.jar;C:\Users\HP OMEN 16\.m2\repository\io\opentelemetry\opentelemetry-api-logs\1.22.0-alpha\opentelemetry-api-logs-1.22.0-alpha.jar;C:\Users\HP OMEN 16\.m2\repository\io\opentelemetry\opentelemetry-sdk-common\1.22.0\opentelemetry-sdk-common-1.22.0.jar;C:\Users\HP OMEN 16\.m2\repository\io\opentelemetry\opentelemetry-sdk-extension-autoconfigure-spi\1.22.0\opentelemetry-sdk-extension-autoconfigure-spi-1.22.0.jar;C:\Users\HP OMEN 16\.m2\repository\io\opentelemetry\opentelemetry-sdk-extension-autoconfigure\1.22.0-alpha\opentelemetry-sdk-extension-autoconfigure-1.22.0-alpha.jar;C:\Users\HP OMEN 16\.m2\repository\io\opentelemetry\opentelemetry-sdk-trace\1.22.0\opentelemetry-sdk-trace-1.22.0.jar;C:\Users\HP OMEN 16\.m2\repository\io\opentelemetry\opentelemetry-sdk\1.22.0\opentelemetry-sdk-1.22.0.jar;C:\Users\HP OMEN 16\.m2\repository\io\opentelemetry\opentelemetry-semconv\1.22.0-alpha\opentelemetry-semconv-1.22.0-alpha.jar;C:\Users\HP OMEN 16\.m2\repository\io\ous\jtoml\2.0.0\jtoml-2.0.0.jar;C:\Users\HP OMEN 16\.m2\repository\org\apache\commons\commons-exec\1.3\commons-exec-1.3.jar;C:\Users\HP OMEN 16\.m2\repository\org\asynchttpclient\async-http-client\2.12.3\async-http-client-2.12.3.jar;C:\Users\HP OMEN 16\.m2\repository\org\asynchttpclient\async-http-client-netty-utils\2.12.3\async-http-client-netty-utils-2.12.3.jar;C:\Users\HP OMEN 16\.m2\repository\io\netty\netty-codec-socks\4.1.60.Final\netty-codec-socks-4.1.60.Final.jar;C:\Users\HP OMEN 16\.m2\repository\io\netty\netty-handler-proxy\4.1.60.Final\netty-handler-proxy-4.1.60.Final.jar;C:\Users\HP OMEN 16\.m2\repository\io\netty\netty-transport-native-epoll\4.1.60.Final\netty-transport-native-epoll-4.1.60.Final-linux-x86_64.jar;C:\Users\HP OMEN 16\.m2\repository\io\netty\netty-transport-native-kqueue\4.1.60.Final\netty-transport-native-kqueue-4.1.60.Final-osx-x86_64.jar;C:\Users\HP OMEN 16\.m2\repository\org\reactivestreams\reactive-streams\1.0.3\reactive-streams-1.0.3.jar;C:\Users\HP OMEN 16\.m2\repository\com\typesafe\netty\netty-reactive-streams\2.0.4\netty-reactive-streams-2.0.4.jar;C:\Users\HP OMEN 16\.m2\repository\org\seleniumhq\selenium\selenium-manager\4.8.1\selenium-manager-4.8.1.jar;C:\Users\HP OMEN 16\.m2\repository\org\seleniumhq\selenium\selenium-safari-driver\4.8.1\selenium-safari-driver-4.8.1.jar;C:\Users\HP OMEN 16\.m2\repository\org\seleniumhq\selenium\selenium-api\4.8.1\selenium-api-4.8.1.jar;C:\Users\HP OMEN 16\.m2\repository\org\seleniumhq\selenium\selenium-support\4.8.1\selenium-support-4.8.1.jar;C:\Users\HP OMEN 16\.m2\repository\com\google\auto\service\auto-service-annotations\1.0.1\auto-service-annotations-1.0.1.jar;C:\Users\HP OMEN 16\.m2\repository\com\google\auto\service\auto-service\1.0.1\auto-service-1.0.1.jar;C:\Users\HP OMEN 16\.m2\repository\com\google\auto\auto-common\1.2\auto-common-1.2.jar;C:\Users\HP OMEN 16\.m2\repository\org\seleniumhq\selenium\selenium-json\4.8.1\selenium-json-4.8.1.jar;C:\Users\HP OMEN 16\.m2\repository\org\seleniumhq\selenium\selenium-chrome-driver\4.8.1\selenium-chrome-driver-4.8.1.jar;C:\Users\HP OMEN 16\.m2\repository\org\seleniumhq\selenium\selenium-chromium-driver\4.8.1\selenium-chromium-driver-4.8.1.jar;C:\Users\HP OMEN 16\.m2\repository\org\seleniumhq\selenium\selenium-firefox-driver\4.8.1\selenium-firefox-driver-4.8.1.jar;C:\Users\HP OMEN 16\.m2\repository\org\seleniumhq\selenium\selenium-http\4.8.1\selenium-http-4.8.1.jar;C:\Users\HP OMEN 16\.m2\repository\dev\failsafe\failsafe\3.3.0\failsafe-3.3.0.jar;C:\Users\HP OMEN 16\.m2\repository\org\seleniumhq\selenium\selenium-edge-driver\4.8.1\selenium-edge-driver-4.8.1.jar;C:\Users\HP OMEN 16\.m2\repository\org\seleniumhq\selenium\selenium-ie-driver\4.8.1\selenium-ie-driver-4.8.1.jar;C:\Users\HP OMEN 16\.m2\repository\org\projectlombok\lombok\1.18.20\lombok-1.18.20.jar;C:\Users\HP OMEN 16\.m2\repository\io\appium\java-client\8.3.0\java-client-8.3.0.jar;C:\Users\HP OMEN 16\.m2\repository\commons-validator\commons-validator\1.7\commons-validator-1.7.jar;C:\Users\HP OMEN 16\.m2\repository\commons-digester\commons-digester\2.1\commons-digester-2.1.jar;C:\Users\HP OMEN 16\.m2\repository\org\apache\groovy\groovy\4.0.10\groovy-4.0.10.jar;C:\Users\HP OMEN 16\.m2\repository\net\sf\opencsv\opencsv\2.0\opencsv-2.0.jar;C:\Users\HP OMEN 16\.m2\repository\commons-beanutils\commons-beanutils\1.9.4\commons-beanutils-1.9.4.jar;C:\Users\HP OMEN 16\.m2\repository\org\apache\commons\commons-lang3\3.12.0\commons-lang3-3.12.0.jar;C:\Users\HP OMEN 16\.m2\repository\commons-collections\commons-collections\3.2.2\commons-collections-3.2.2.jar;C:\Users\HP OMEN 16\.m2\repository\org\fluentlenium\fluentlenium-core\0.10.2\fluentlenium-core-0.10.2.jar;C:\Users\HP OMEN 16\.m2\repository\io\github\bonigarcia\webdrivermanager\5.3.0\webdrivermanager-5.3.0.jar;C:\Users\HP OMEN 16\.m2\repository\com\github\docker-java\docker-java\3.2.13\docker-java-3.2.13.jar;C:\Users\HP OMEN 16\.m2\repository\com\github\docker-java\docker-java-core\3.2.13\docker-java-core-3.2.13.jar;C:\Users\HP OMEN 16\.m2\repository\com\github\docker-java\docker-java-api\3.2.13\docker-java-api-3.2.13.jar;C:\Users\HP OMEN 16\.m2\repository\org\apache\commons\commons-compress\1.21\commons-compress-1.21.jar;C:\Users\HP OMEN 16\.m2\repository\org\bouncycastle\bcpkix-jdk15on\1.64\bcpkix-jdk15on-1.64.jar;C:\Users\HP OMEN 16\.m2\repository\org\bouncycastle\bcprov-jdk15on\1.64\bcprov-jdk15on-1.64.jar;C:\Users\HP OMEN 16\.m2\repository\org\slf4j\jcl-over-slf4j\1.7.30\jcl-over-slf4j-1.7.30.jar;C:\Users\HP OMEN 16\.m2\repository\com\github\docker-java\docker-java-transport-httpclient5\3.2.13\docker-java-transport-httpclient5-3.2.13.jar;C:\Users\HP OMEN 16\.m2\repository\com\github\docker-java\docker-java-transport\3.2.13\docker-java-transport-3.2.13.jar;C:\Users\HP OMEN 16\.m2\repository\net\java\dev\jna\jna\5.8.0\jna-5.8.0.jar;C:\Users\HP OMEN 16\.m2\repository\org\brotli\dec\0.1.2\dec-0.1.2.jar;C:\Users\HP OMEN 16\.m2\repository\org\apache\httpcomponents\client5\httpclient5\5.1.3\httpclient5-5.1.3.jar;C:\Users\HP OMEN 16\.m2\repository\org\apache\httpcomponents\core5\httpcore5\5.1.3\httpcore5-5.1.3.jar;C:\Users\HP OMEN 16\.m2\repository\org\apache\httpcomponents\core5\httpcore5-h2\5.1.3\httpcore5-h2-5.1.3.jar;C:\Users\HP OMEN 16\.m2\repository\com\jhlabs\filters\2.0.235\filters-2.0.235.jar;C:\Users\HP OMEN 16\.m2\repository\com\paulhammant\ngwebdriver\1.1.6\ngwebdriver-1.1.6.jar;C:\Users\HP OMEN 16\.m2\repository\joda-time\joda-time\2.12.2\joda-time-2.12.2.jar;C:\Users\HP OMEN 16\.m2\repository\org\hamcrest\hamcrest\2.2\hamcrest-2.2.jar;C:\Users\HP OMEN 16\.m2\repository\com\google\jimfs\jimfs\1.2\jimfs-1.2.jar;C:\Users\HP OMEN 16\.m2\repository\org\mockito\mockito-core\3.3.3\mockito-core-3.3.3.jar;C:\Users\HP OMEN 16\.m2\repository\javax\xml\bind\jaxb-api\2.3.1\jaxb-api-2.3.1.jar;C:\Users\HP OMEN 16\.m2\repository\javax\activation\javax.activation-api\1.2.0\javax.activation-api-1.2.0.jar;C:\Users\HP OMEN 16\.m2\repository\com\sun\xml\bind\jaxb-core\2.3.0.1\jaxb-core-2.3.0.1.jar;C:\Users\HP OMEN 16\.m2\repository\com\sun\xml\bind\jaxb-impl\2.3.3\jaxb-impl-2.3.3.jar;C:\Users\HP OMEN 16\.m2\repository\jakarta\xml\bind\jakarta.xml.bind-api\2.3.3\jakarta.xml.bind-api-2.3.3.jar;C:\Users\HP OMEN 16\.m2\repository\com\sun\activation\jakarta.activation\1.2.2\jakarta.activation-1.2.2.jar;C:\Users\HP OMEN 16\.m2\repository\javax\activation\activation\1.1.1\activation-1.1.1.jar;C:\Users\HP OMEN 16\.m2\repository\net\serenity-bdd\serenity-cucumber\3.6.21\serenity-cucumber-3.6.21.jar;C:\Users\HP OMEN 16\.m2\repository\io\cucumber\cucumber-core\7.11.0\cucumber-core-7.11.0.jar;C:\Users\HP OMEN 16\.m2\repository\io\cucumber\cucumber-gherkin\7.11.0\cucumber-gherkin-7.11.0.jar;C:\Users\HP OMEN 16\.m2\repository\io\cucumber\cucumber-gherkin-messages\7.11.0\cucumber-gherkin-messages-7.11.0.jar;C:\Users\HP OMEN 16\.m2\repository\io\cucumber\gherkin\26.0.3\gherkin-26.0.3.jar;C:\Users\HP OMEN 16\.m2\repository\io\cucumber\messages\21.0.1\messages-21.0.1.jar;C:\Users\HP OMEN 16\.m2\repository\io\cucumber\tag-expressions\5.0.1\tag-expressions-5.0.1.jar;C:\Users\HP OMEN 16\.m2\repository\io\cucumber\cucumber-expressions\16.1.1\cucumber-expressions-16.1.1.jar;C:\Users\HP OMEN 16\.m2\repository\io\cucumber\datatable\7.11.0\datatable-7.11.0.jar;C:\Users\HP OMEN 16\.m2\repository\io\cucumber\cucumber-plugin\7.11.0\cucumber-plugin-7.11.0.jar;C:\Users\HP OMEN 16\.m2\repository\io\cucumber\docstring\7.11.0\docstring-7.11.0.jar;C:\Users\HP OMEN 16\.m2\repository\io\cucumber\html-formatter\20.2.1\html-formatter-20.2.1.jar;C:\Users\HP OMEN 16\.m2\repository\io\cucumber\junit-xml-formatter\0.1.0\junit-xml-formatter-0.1.0.jar;C:\Users\HP OMEN 16\.m2\repository\io\cucumber\ci-environment\9.1.0\ci-environment-9.1.0.jar;C:\Users\HP OMEN 16\.m2\repository\io\cucumber\cucumber-java\7.11.0\cucumber-java-7.11.0.jar;C:\Users\HP OMEN 16\.m2\repository\io\cucumber\cucumber-junit\7.11.0\cucumber-junit-7.11.0.jar;C:\Users\HP OMEN 16\.m2\repository\org\apache\commons\commons-csv\1.5\commons-csv-1.5.jar;C:\Users\HP OMEN 16\.m2\repository\net\serenity-bdd\serenity-screenplay\3.6.21\serenity-screenplay-3.6.21.jar;C:\Users\HP OMEN 16\.m2\repository\net\serenity-bdd\serenity-screenplay-webdriver\3.6.21\serenity-screenplay-webdriver-3.6.21.jar;C:\Users\HP OMEN 16\.m2\repository\net\serenity-bdd\serenity-ensure\3.6.21\serenity-ensure-3.6.21.jar;C:\Users\HP OMEN 16\.m2\repository\net\serenity-bdd\serenity-junit\3.6.21\serenity-junit-3.6.21.jar;C:\Users\HP OMEN 16\.m2\repository\org\jetbrains\kotlin\kotlin-stdlib\1.8.10\kotlin-stdlib-1.8.10.jar;C:\Users\HP OMEN 16\.m2\repository\org\jetbrains\kotlin\kotlin-stdlib-common\1.8.10\kotlin-stdlib-common-1.8.10.jar;C:\Users\HP OMEN 16\.m2\repository\org\jetbrains\annotations\13.0\annotations-13.0.jar;C:\Users\HP OMEN 16\.m2\repository\org\junit\platform\junit-platform-launcher\1.8.2\junit-platform-launcher-1.8.2.jar;C:\Users\HP OMEN 16\.m2\repository\org\junit\platform\junit-platform-engine\1.8.2\junit-platform-engine-1.8.2.jar;C:\Users\HP OMEN 16\.m2\repository\org\opentest4j\opentest4j\1.2.0\opentest4j-1.2.0.jar;C:\Users\HP OMEN 16\.m2\repository\org\junit\platform\junit-platform-commons\1.8.2\junit-platform-commons-1.8.2.jar;C:\Users\HP OMEN 16\.m2\repository\org\apiguardian\apiguardian-api\1.1.2\apiguardian-api-1.1.2.jar;C:\Users\HP OMEN 16\.m2\repository\org\junit\jupiter\junit-jupiter-engine\5.8.2\junit-jupiter-engine-5.8.2.jar;C:\Users\HP OMEN 16\.m2\repository\org\junit\jupiter\junit-jupiter-api\5.8.2\junit-jupiter-api-5.8.2.jar;C:\Users\HP OMEN 16\.m2\repository\org\junit\vintage\junit-vintage-engine\5.8.2\junit-vintage-engine-5.8.2.jar;C:\Users\HP OMEN 16\.m2\repository\junit\junit\4.13.2\junit-4.13.2.jar;C:\Users\HP OMEN 16\.m2\repository\org\hamcrest\hamcrest-core\1.3\hamcrest-core-1.3.jar;C:\Users\HP OMEN 16\.m2\repository\ch\qos\logback\logback-classic\1.2.10\logback-classic-1.2.10.jar;C:\Users\HP OMEN 16\.m2\repository\ch\qos\logback\logback-core\1.2.10\logback-core-1.2.10.jar;C:\Users\HP OMEN 16\.m2\repository\org\slf4j\slf4j-api\1.7.32\slf4j-api-1.7.32.jar;C:\Users\HP OMEN 16\.m2\repository\org\assertj\assertj-core\3.23.1\assertj-core-3.23.1.jar;C:\Users\HP OMEN 16\.m2\repository\net\bytebuddy\byte-buddy\1.12.10\byte-buddy-1.12.10.jar;"/>
    <property name="sun.cpu.endian" value="little"/>
    <property name="user.home" value="C:\Users\HP OMEN 16"/>
    <property name="user.language" value="en"/>
    <property name="java.specification.vendor" value="Oracle Corporation"/>
    <property name="java.home" value="C:\Program Files\Java\jdk1.8.0_361\jre"/>
    <property name="basedir" value="D:\1. QA ALTERRA ACADEMY\MobileTesting\MiniProjectWEB"/>
    <property name="file.separator" value="\"/>
    <property name="line.separator" value="&#10;"/>
    <property name="java.vm.specification.vendor" value="Oracle Corporation"/>
    <property name="java.specification.name" value="Java Platform API Specification"/>
    <property name="java.awt.graphicsenv" value="sun.awt.Win32GraphicsEnvironment"/>
    <property name="surefire.real.class.path" value="C:\Users\HP OMEN 16\AppData\Local\Temp\surefire1876440280538639349\surefirebooter1988643083938224433.jar"/>
    <property name="sun.boot.class.path" value="C:\Program Files\Java\jdk1.8.0_361\jre\lib\resources.jar;C:\Program Files\Java\jdk1.8.0_361\jre\lib\rt.jar;C:\Program Files\Java\jdk1.8.0_361\jre\lib\jsse.jar;C:\Program Files\Java\jdk1.8.0_361\jre\lib\jce.jar;C:\Program Files\Java\jdk1.8.0_361\jre\lib\charsets.jar;C:\Program Files\Java\jdk1.8.0_361\jre\lib\jfr.jar;C:\Program Files\Java\jdk1.8.0_361\jre\classes"/>
    <property name="user.script" value=""/>
    <property name="java.protocol.handler.pkgs" value="com.google.common"/>
    <property name="sun.management.compiler" value="HotSpot 64-Bit Tiered Compilers"/>
    <property name="java.runtime.version" value="1.8.0_361-b09"/>
    <property name="user.name" value="HP OMEN 16"/>
    <property name="path.separator" value=";"/>
    <property name="os.version" value="10.0"/>
    <property name="java.endorsed.dirs" value="C:\Program Files\Java\jdk1.8.0_361\jre\lib\endorsed"/>
    <property name="java.runtime.name" value="Java(TM) SE Runtime Environment"/>
    <property name="file.encoding" value="Cp1252"/>
    <property name="webdriver.base.url" value=""/>
    <property name="java.vm.name" value="Java HotSpot(TM) 64-Bit Server VM"/>
    <property name="localRepository" value="C:\Users\HP OMEN 16\.m2\repository"/>
    <property name="java.vendor.url.bug" value="http://bugreport.sun.com/bugreport/"/>
    <property name="java.io.tmpdir" value="C:\Users\HPOMEN~1\AppData\Local\Temp\"/>
    <property name="java.version" value="1.8.0_361"/>
    <property name="user.dir" value="D:\1. QA ALTERRA ACADEMY\MobileTesting\MiniProjectWEB"/>
    <property name="os.arch" value="amd64"/>
    <property name="java.vm.specification.name" value="Java Virtual Machine Specification"/>
    <property name="java.awt.printerjob" value="sun.awt.windows.WPrinterJob"/>
    <property name="sun.os.patch.level" value=""/>
    <property name="java.library.path" value="C:\Program Files\Java\jdk1.8.0_361\jre\bin;C:\WINDOWS\Sun\Java\bin;C:\WINDOWS\system32;C:\WINDOWS;C:\Program Files (x86)\Common Files\Oracle\Java\javapath;C:\Program Files\Common Files\Oracle\Java\javapath;C:\Program Files (x86)\Common Files\Intel\Shared Files\cpp\bin\Intel64;C:\windows\system32;C:\windows;C:\windows\System32\Wbem;C:\windows\System32\WindowsPowerShell\v1.0\;C:\windows\System32\OpenSSH\;C:\Program Files (x86)\NVIDIA Corporation\PhysX\Common;C:\Program Files\NVIDIA Corporation\NVIDIA NvDLISR;C:\WINDOWS\system32;C:\WINDOWS;C:\WINDOWS\System32\Wbem;C:\WINDOWS\System32\WindowsPowerShell\v1.0\;C:\WINDOWS\System32\OpenSSH\;C:\Program Files\Git\cmd;C:\Program Files\nodejs\;C:\apache-maven-3.9.1\bin;C:\Program Files\apache-maven-3.9.1\bin;%JAVA_HOME%;C:\Program Files\apache-maven-3.9.1\bin;C:\Program Files\Java\jdk1.8.0_361\bin;C:\Users\HP OMEN 16\AppData\Local\Android\Sdk\platform-tools;C:\Users\HP OMEN 16\AppData\Local\Microsoft\WindowsApps;C:\Users\HP OMEN 16\AppData\Local\Programs\Microsoft VS Code\bin;C:\Users\HP OMEN 16\AppData\Local\GitHubDesktop\bin;C:\Users\HP OMEN 16\AppData\Roaming\npm;."/>
    <property name="java.vm.info" value="mixed mode"/>
    <property name="java.vendor" value="Oracle Corporation"/>
    <property name="java.vm.version" value="25.361-b09"/>
    <property name="java.specification.maintenance.version" value="4"/>
    <property name="java.ext.dirs" value="C:\Program Files\Java\jdk1.8.0_361\jre\lib\ext;C:\WINDOWS\Sun\Java\lib\ext"/>
    <property name="sun.io.unicode.encoding" value="UnicodeLittle"/>
    <property name="java.class.version" value="52.0"/>
  </properties>
  <testcase name="Success register" classname="Register" time="11.123">
    <system-out><![CDATA[22:58:34.951 [main] DEBUG net.thucydides.core.guice.Injectors - Created injector for module net.thucydides.core.guice.ThucydidesModule
22:58:35.311 [main] DEBUG io.cucumber.core.plugin.SerenityReporter - Running feature from file:///D:/1.%20QA%20ALTERRA%20ACADEMY/MobileTesting/MiniProjectWEB/src/test/resources/features/1.Register.feature
22:58:35.550 [main] DEBUG net.thucydides.core.guice.Injectors - Created injector for module net.thucydides.core.guice.webdriver.WebDriverModule
22:58:35.568 [main] INFO  - 

-------------------------------------------------------------------------------------
     _______. _______ .______       _______ .__   __.  __  .___________.____    ____ 
    /       ||   ____||   _  \     |   ____||  \ |  | |  | |           |\   \  /   / 
   |   (----`|  |__   |  |_)  |    |  |__   |   \|  | |  | `---|  |----` \   \/   /  
    \   \    |   __|  |      /     |   __|  |  . `  | |  |     |  |       \_    _/   
.----)   |   |  |____ |  |\  \----.|  |____ |  |\   | |  |     |  |         |  |     
|_______/    |_______|| _| `._____||_______||__| \__| |__|     |__|         |__|    
                                                                                     
 News and tutorials at http://www.serenity-bdd.info                                  
 Documentation at https://wakaleo.gitbooks.io/the-serenity-book/content/             
 Join the Serenity Community on Gitter: https://gitter.im/serenity-bdd/serenity-core 
 Serenity BDD Support and Training at http://serenity-bdd.info/#/trainingandsupport  
-------------------------------------------------------------------------------------

22:58:35.571 [main] DEBUG net.thucydides.core.steps.StepEventBus - Test suite started for story net.thucydides.core.model.Story@4f597ca5
22:58:35.574 [main] INFO  - Test Suite Started: Register
22:58:35.633 [main] DEBUG io.cucumber.core.plugin.SerenityReporter - Running feature from file:///D:/1.%20QA%20ALTERRA%20ACADEMY/MobileTesting/MiniProjectWEB/src/test/resources/features/2.Login.feature
22:58:35.639 [main] DEBUG net.thucydides.core.steps.StepEventBus - Test suite started for story net.thucydides.core.model.Story@45dd2a4c
22:58:35.640 [main] INFO  - Test Suite Started: Login
22:58:35.640 [main] DEBUG io.cucumber.core.plugin.SerenityReporter - Running feature from file:///D:/1.%20QA%20ALTERRA%20ACADEMY/MobileTesting/MiniProjectWEB/src/test/resources/features/3.Homepage.feature
22:58:35.644 [main] DEBUG net.thucydides.core.steps.StepEventBus - Test suite started for story net.thucydides.core.model.Story@d40cef43
22:58:35.645 [main] INFO  - Test Suite Started: Home page
22:58:35.645 [main] DEBUG io.cucumber.core.plugin.SerenityReporter - Running feature from file:///D:/1.%20QA%20ALTERRA%20ACADEMY/MobileTesting/MiniProjectWEB/src/test/resources/features/4.Order.feature
22:58:35.650 [main] DEBUG net.thucydides.core.steps.StepEventBus - Test suite started for story net.thucydides.core.model.Story@a2b7466e
22:58:35.650 [main] INFO  - Test Suite Started: Order
22:58:35.651 [main] DEBUG io.cucumber.core.plugin.SerenityReporter - Running feature from file:///D:/1.%20QA%20ALTERRA%20ACADEMY/MobileTesting/MiniProjectWEB/src/test/resources/features/1.Register.feature
22:58:35.654 [main] DEBUG net.thucydides.core.steps.StepEventBus - Test suite started for story net.thucydides.core.model.Story@4f597ca5
22:58:35.654 [main] INFO  - Test Suite Started: Register

@Register(+)
Scenario: Success register        &amp#27;[90m# src/test/resources/features/1.Register.feature:7&amp#27;[0m
22:58:35.784 [main] DEBUG io.cucumber.core.plugin.SerenityReporter - Running feature from file:///D:/1.%20QA%20ALTERRA%20ACADEMY/MobileTesting/MiniProjectWEB/src/test/resources/features/1.Register.feature
22:58:35.908 [main] INFO  - 
  _____   ___   ___   _____     ___   _____     _     ___   _____   ___   ___  
 |_   _| | __| / __| |_   _|   / __| |_   _|   /_\   | _ \ |_   _| | __| |   \ 
   | |   | _|  \__ \   | |     \__ \   | |    / _ \  |   /   | |   | _|  | |) |
   |_|   |___| |___/   |_|     |___/   |_|   /_/ \_\ |_|_\   |_|   |___| |___/ 

Success register(register;success-register)
--------------------------------------------------------------------------------
22:58:35.961 [main] DEBUG net.thucydides.core.requirements.model.cucumber.CucumberParser - Loading feature D:\1. QA ALTERRA ACADEMY\MobileTesting\MiniProjectWEB\src\test\resources\features\1.Register.feature
22:58:35.981 [main] DEBUG net.thucydides.core.requirements.model.cucumber.CucumberParser - Loading feature D:\1. QA ALTERRA ACADEMY\MobileTesting\MiniProjectWEB\src\test\resources\features\2.Login.feature
22:58:35.987 [main] DEBUG net.thucydides.core.requirements.model.cucumber.CucumberParser - Loading feature D:\1. QA ALTERRA ACADEMY\MobileTesting\MiniProjectWEB\src\test\resources\features\3.Homepage.feature
22:58:35.993 [main] DEBUG net.thucydides.core.requirements.model.cucumber.CucumberParser - Loading feature D:\1. QA ALTERRA ACADEMY\MobileTesting\MiniProjectWEB\src\test\resources\features\4.Order.feature
22:58:36.890 [main] INFO net.serenitybdd.core.webdriver.driverproviders.ChromeDriverProvider - Starting Chrome driver instance with capabilities:
22:58:36.894 [main] INFO net.serenitybdd.core.webdriver.driverproviders.ChromeDriverProvider - Capabilities {acceptInsecureCerts: false, browserName: chrome, goog:chromeOptions: {args: [remote-allow-origins=*], extensions: []}}
22:58:37.786 [main] DEBUG io.netty.util.internal.logging.InternalLoggerFactory - Using SLF4J as the default logging framework
22:58:37.793 [main] DEBUG io.netty.util.ResourceLeakDetector - -Dio.netty.leakDetection.level: simple
22:58:37.793 [main] DEBUG io.netty.util.ResourceLeakDetector - -Dio.netty.leakDetection.targetRecords: 4
22:58:37.803 [main] DEBUG io.netty.util.ResourceLeakDetectorFactory - Loaded default ResourceLeakDetector: io.netty.util.ResourceLeakDetector@3c3820bb
22:58:37.850 [main] DEBUG io.netty.util.internal.PlatformDependent0 - -Dio.netty.noUnsafe: false
22:58:37.851 [main] DEBUG io.netty.util.internal.PlatformDependent0 - Java version: 8
22:58:37.852 [main] DEBUG io.netty.util.internal.PlatformDependent0 - sun.misc.Unsafe.theUnsafe: available
22:58:37.854 [main] DEBUG io.netty.util.internal.PlatformDependent0 - sun.misc.Unsafe.copyMemory: available
22:58:37.855 [main] DEBUG io.netty.util.internal.PlatformDependent0 - sun.misc.Unsafe.storeFence: available
22:58:37.856 [main] DEBUG io.netty.util.internal.PlatformDependent0 - java.nio.Buffer.address: available
22:58:37.857 [main] DEBUG io.netty.util.internal.PlatformDependent0 - direct buffer constructor: available
22:58:37.858 [main] DEBUG io.netty.util.internal.PlatformDependent0 - java.nio.Bits.unaligned: available, true
22:58:37.859 [main] DEBUG io.netty.util.internal.PlatformDependent0 - jdk.internal.misc.Unsafe.allocateUninitializedArray(int): unavailable prior to Java9
22:58:37.859 [main] DEBUG io.netty.util.internal.PlatformDependent0 - java.nio.DirectByteBuffer.<init>(long, int): available
22:58:37.859 [main] DEBUG io.netty.util.internal.PlatformDependent - sun.misc.Unsafe: available
22:58:37.860 [main] DEBUG io.netty.util.internal.PlatformDependent - -Dio.netty.tmpdir: C:\Users\HPOMEN~1\AppData\Local\Temp (java.io.tmpdir)
22:58:37.861 [main] DEBUG io.netty.util.internal.PlatformDependent - -Dio.netty.bitMode: 64 (sun.arch.data.model)
22:58:37.861 [main] DEBUG io.netty.util.internal.PlatformDependent - Platform: Windows
22:58:37.863 [main] DEBUG io.netty.util.internal.PlatformDependent - -Dio.netty.maxDirectMemory: 3780640768 bytes
22:58:37.863 [main] DEBUG io.netty.util.internal.PlatformDependent - -Dio.netty.uninitializedArrayAllocationThreshold: -1
22:58:37.866 [main] DEBUG io.netty.util.internal.CleanerJava6 - java.nio.ByteBuffer.cleaner(): available
22:58:37.866 [main] DEBUG io.netty.util.internal.PlatformDependent - -Dio.netty.noPreferDirect: false
22:58:37.887 [main] DEBUG io.netty.util.internal.PlatformDependent - org.jctools-core.MpscChunkedArrayQueue: available
22:58:37.943 [main] DEBUG io.netty.util.internal.InternalThreadLocalMap - -Dio.netty.threadLocalMap.stringBuilder.initialSize: 1024
22:58:37.944 [main] DEBUG io.netty.util.internal.InternalThreadLocalMap - -Dio.netty.threadLocalMap.stringBuilder.maxSize: 4096
22:58:39.003 [main] DEBUG io.netty.handler.ssl.JdkSslContext - Default protocols (JDK): [TLSv1.3, TLSv1.2] 
22:58:39.004 [main] DEBUG io.netty.handler.ssl.JdkSslContext - Default cipher suites (JDK): [TLS_ECDHE_ECDSA_WITH_AES_256_GCM_SHA384, TLS_ECDHE_ECDSA_WITH_AES_128_GCM_SHA256, TLS_ECDHE_RSA_WITH_AES_128_GCM_SHA256, TLS_ECDHE_RSA_WITH_AES_256_GCM_SHA384, TLS_ECDHE_RSA_WITH_AES_128_CBC_SHA, TLS_ECDHE_RSA_WITH_AES_256_CBC_SHA, TLS_RSA_WITH_AES_128_GCM_SHA256, TLS_RSA_WITH_AES_128_CBC_SHA, TLS_RSA_WITH_AES_256_CBC_SHA, TLS_AES_128_GCM_SHA256, TLS_AES_256_GCM_SHA384]
22:58:39.079 [main] DEBUG io.netty.channel.MultithreadEventLoopGroup - -Dio.netty.eventLoopThreads: 24
22:58:39.102 [main] DEBUG io.netty.channel.nio.NioEventLoop - -Dio.netty.noKeySetOptimization: false
22:58:39.102 [main] DEBUG io.netty.channel.nio.NioEventLoop - -Dio.netty.selectorAutoRebuildThreshold: 512
22:58:39.297 [main] DEBUG io.netty.buffer.PooledByteBufAllocator - -Dio.netty.allocator.numHeapArenas: 24
22:58:39.297 [main] DEBUG io.netty.buffer.PooledByteBufAllocator - -Dio.netty.allocator.numDirectArenas: 24
22:58:39.297 [main] DEBUG io.netty.buffer.PooledByteBufAllocator - -Dio.netty.allocator.pageSize: 8192
22:58:39.297 [main] DEBUG io.netty.buffer.PooledByteBufAllocator - -Dio.netty.allocator.maxOrder: 9
22:58:39.297 [main] DEBUG io.netty.buffer.PooledByteBufAllocator - -Dio.netty.allocator.chunkSize: 4194304
22:58:39.297 [main] DEBUG io.netty.buffer.PooledByteBufAllocator - -Dio.netty.allocator.smallCacheSize: 256
22:58:39.297 [main] DEBUG io.netty.buffer.PooledByteBufAllocator - -Dio.netty.allocator.normalCacheSize: 64
22:58:39.297 [main] DEBUG io.netty.buffer.PooledByteBufAllocator - -Dio.netty.allocator.maxCachedBufferCapacity: 32768
22:58:39.298 [main] DEBUG io.netty.buffer.PooledByteBufAllocator - -Dio.netty.allocator.cacheTrimInterval: 8192
22:58:39.298 [main] DEBUG io.netty.buffer.PooledByteBufAllocator - -Dio.netty.allocator.cacheTrimIntervalMillis: 0
22:58:39.298 [main] DEBUG io.netty.buffer.PooledByteBufAllocator - -Dio.netty.allocator.useCacheForAllThreads: false
22:58:39.298 [main] DEBUG io.netty.buffer.PooledByteBufAllocator - -Dio.netty.allocator.maxCachedByteBuffersPerChunk: 1023
22:58:39.314 [main] DEBUG io.netty.buffer.ByteBufUtil - -Dio.netty.allocator.type: pooled
22:58:39.314 [main] DEBUG io.netty.buffer.ByteBufUtil - -Dio.netty.threadLocalDirectBufferSize: 0
22:58:39.314 [main] DEBUG io.netty.buffer.ByteBufUtil - -Dio.netty.maxThreadLocalCharBufferSize: 16384
22:58:39.798 [Forwarding newSession on session null to remote] DEBUG io.netty.channel.DefaultChannelId - -Dio.netty.processId: 13716 (auto-detected)
22:58:39.803 [Forwarding newSession on session null to remote] DEBUG io.netty.util.NetUtil - -Djava.net.preferIPv4Stack: false
22:58:39.803 [Forwarding newSession on session null to remote] DEBUG io.netty.util.NetUtil - -Djava.net.preferIPv6Addresses: false
22:58:40.046 [Forwarding newSession on session null to remote] DEBUG io.netty.util.NetUtilInitializations - Loopback interface: lo (Software Loopback Interface 1, 127.0.0.1)
22:58:40.046 [Forwarding newSession on session null to remote] DEBUG io.netty.util.NetUtil - Failed to get SOMAXCONN from sysctl and file \proc\sys\net\core\somaxconn. Default: 200
22:58:40.061 [Forwarding newSession on session null to remote] DEBUG io.netty.channel.DefaultChannelId - -Dio.netty.machineId: 70:9c:d1:ff:fe:a8:7c:1c (auto-detected)
22:58:40.110 [AsyncHttpClient-1-2] DEBUG io.netty.buffer.AbstractByteBuf - -Dio.netty.buffer.checkAccessible: true
22:58:40.110 [AsyncHttpClient-1-2] DEBUG io.netty.buffer.AbstractByteBuf - -Dio.netty.buffer.checkBounds: true
22:58:40.110 [AsyncHttpClient-1-2] DEBUG io.netty.util.ResourceLeakDetectorFactory - Loaded default ResourceLeakDetector: io.netty.util.ResourceLeakDetector@74d7689c
22:58:40.127 [AsyncHttpClient-1-2] DEBUG org.asynchttpclient.netty.channel.NettyConnectListener - Using new Channel '[id: 0x742fc019, L:/127.0.0.1:54199 - R:localhost/127.0.0.1:24731]' for 'POST' to '/session'
22:58:40.146 [AsyncHttpClient-1-2] DEBUG io.netty.util.Recycler - -Dio.netty.recycler.maxCapacityPerThread: 4096
22:58:40.146 [AsyncHttpClient-1-2] DEBUG io.netty.util.Recycler - -Dio.netty.recycler.ratio: 8
22:58:40.146 [AsyncHttpClient-1-2] DEBUG io.netty.util.Recycler - -Dio.netty.recycler.chunkSize: 32
22:58:40.146 [AsyncHttpClient-1-2] DEBUG io.netty.util.Recycler - -Dio.netty.recycler.blocking: false
22:58:40.772 [AsyncHttpClient-1-2] DEBUG io.netty.handler.codec.compression.Brotli - brotli4j not in the classpath; Brotli support will be unavailable.
22:58:40.772 [AsyncHttpClient-1-2] DEBUG org.asynchttpclient.netty.handler.HttpHandler - 

Request DefaultHttpRequest(decodeResult: success, version: HTTP/1.1)
POST /session HTTP/1.1
User-Agent: selenium/4.8.1 (java windows)
Content-Length: 507
Content-Type: application/json; charset=utf-8
host: localhost:24731
accept: */*

Response DefaultHttpResponse(decodeResult: success, version: HTTP/1.1)
HTTP/1.1 200 OK
Content-Length: 862
Content-Type: application/json; charset=utf-8
cache-control: no-cache

22:58:40.784 [AsyncHttpClient-1-2] DEBUG org.asynchttpclient.netty.channel.ChannelManager - Adding key: http://localhost:24731 for channel [id: 0x742fc019, L:/127.0.0.1:54199 - R:localhost/127.0.0.1:24731]
22:58:40.874 [AsyncHttpClient-1-3] DEBUG org.asynchttpclient.netty.channel.NettyConnectListener - Using new Channel '[id: 0x1d1e7493, L:/127.0.0.1:54206 - R:localhost/127.0.0.1:54200]' for 'GET' to '/json/version'
22:58:40.877 [AsyncHttpClient-1-3] DEBUG org.asynchttpclient.netty.handler.HttpHandler - 

Request DefaultFullHttpRequest(decodeResult: success, version: HTTP/1.1, content: EmptyByteBufBE)
GET /json/version HTTP/1.1
User-Agent: selenium/4.8.1 (java windows)
host: localhost:54200
accept: */*

Response DefaultHttpResponse(decodeResult: success, version: HTTP/1.1)
HTTP/1.1 200 OK
Content-Security-Policy: frame-ancestors 'none'
Content-Length: 422
Content-Type: application/json; charset=UTF-8

22:58:40.877 [AsyncHttpClient-1-3] DEBUG org.asynchttpclient.netty.channel.ChannelManager - Adding key: http://localhost:54200 for channel [id: 0x1d1e7493, L:/127.0.0.1:54206 - R:localhost/127.0.0.1:54200]
22:58:40.889 [main] DEBUG io.netty.util.internal.ThreadLocalRandom - -Dio.netty.initialSeedUniquifier: 0x03aa5f8bee2779c1
22:58:40.895 [AsyncHttpClient-1-4] DEBUG org.asynchttpclient.netty.channel.NettyConnectListener - Using new Channel '[id: 0xa2ecb706, L:/127.0.0.1:54207 - R:localhost/127.0.0.1:54200]' for 'GET' to '/devtools/browser/215d436e-1751-45df-a786-885680e97e1f'
22:58:40.897 [AsyncHttpClient-1-4] DEBUG org.asynchttpclient.netty.handler.WebSocketHandler - 

Request DefaultFullHttpRequest(decodeResult: success, version: HTTP/1.1, content: EmptyByteBufBE)
GET /devtools/browser/215d436e-1751-45df-a786-885680e97e1f HTTP/1.1
upgrade: websocket
connection: upgrade
sec-websocket-key: jg3y3VaZSiDMU/F2Th7wkg==
sec-websocket-version: 13
origin: http://localhost:54200
host: localhost:54200
accept: */*
user-agent: AHC/2.1

Response DefaultHttpResponse(decodeResult: success, version: HTTP/1.1)
HTTP/1.1 101 WebSocket Protocol Handshake
Upgrade: WebSocket
Connection: Upgrade
Sec-WebSocket-Accept: qgs2e3N+pzjbXAGU1Wn3xypILv0=

22:58:41.024 [Forwarding get on session 5b550ea34a3f786d96da870e0dc05768 to remote] DEBUG org.asynchttpclient.netty.request.NettyRequestSender - Using pooled Channel '[id: 0x742fc019, L:/127.0.0.1:54199 - R:localhost/127.0.0.1:24731]' for 'POST' to 'http://localhost:24731/session/5b550ea34a3f786d96da870e0dc05768/url'
22:58:41.024 [Forwarding get on session 5b550ea34a3f786d96da870e0dc05768 to remote] DEBUG org.asynchttpclient.netty.request.NettyRequestSender - Using open Channel [id: 0x742fc019, L:/127.0.0.1:54199 - R:localhost/127.0.0.1:24731] for POST '/session/5b550ea34a3f786d96da870e0dc05768/url'
22:58:41.199 [AsyncHttpClient-1-1] DEBUG org.asynchttpclient.netty.channel.DefaultChannelPool - Entry count for : http://localhost:54200 : 1
22:58:42.303 [AsyncHttpClient-1-1] DEBUG org.asynchttpclient.netty.channel.DefaultChannelPool - Entry count for : http://localhost:54200 : 1
22:58:42.392 [AsyncHttpClient-1-2] DEBUG org.asynchttpclient.netty.handler.HttpHandler - 

Request DefaultHttpRequest(decodeResult: success, version: HTTP/1.1)
POST /session/5b550ea34a3f786d96da870e0dc05768/url HTTP/1.1
User-Agent: selenium/4.8.1 (java windows)
Content-Length: 77
Content-Type: application/json; charset=utf-8
host: localhost:24731
accept: */*

Response DefaultHttpResponse(decodeResult: success, version: HTTP/1.1)
HTTP/1.1 200 OK
Content-Length: 14
Content-Type: application/json; charset=utf-8
cache-control: no-cache

22:58:42.392 [AsyncHttpClient-1-2] DEBUG org.asynchttpclient.netty.channel.ChannelManager - Adding key: http://localhost:24731 for channel [id: 0x742fc019, L:/127.0.0.1:54199 - R:localhost/127.0.0.1:24731]
22:58:42.397 [Forwarding setTimeout on session 5b550ea34a3f786d96da870e0dc05768 to remote] DEBUG org.asynchttpclient.netty.request.NettyRequestSender - Using pooled Channel '[id: 0x742fc019, L:/127.0.0.1:54199 - R:localhost/127.0.0.1:24731]' for 'POST' to 'http://localhost:24731/session/5b550ea34a3f786d96da870e0dc05768/timeouts'
22:58:42.397 [Forwarding setTimeout on session 5b550ea34a3f786d96da870e0dc05768 to remote] DEBUG org.asynchttpclient.netty.request.NettyRequestSender - Using open Channel [id: 0x742fc019, L:/127.0.0.1:54199 - R:localhost/127.0.0.1:24731] for POST '/session/5b550ea34a3f786d96da870e0dc05768/timeouts'
22:58:42.399 [AsyncHttpClient-1-2] DEBUG org.asynchttpclient.netty.handler.HttpHandler - 

Request DefaultHttpRequest(decodeResult: success, version: HTTP/1.1)
POST /session/5b550ea34a3f786d96da870e0dc05768/timeouts HTTP/1.1
User-Agent: selenium/4.8.1 (java windows)
Content-Length: 22
Content-Type: application/json; charset=utf-8
host: localhost:24731
accept: */*

Response DefaultHttpResponse(decodeResult: success, version: HTTP/1.1)
HTTP/1.1 200 OK
Content-Length: 14
Content-Type: application/json; charset=utf-8
cache-control: no-cache

22:58:42.400 [AsyncHttpClient-1-2] DEBUG org.asynchttpclient.netty.channel.ChannelManager - Adding key: http://localhost:24731 for channel [id: 0x742fc019, L:/127.0.0.1:54199 - R:localhost/127.0.0.1:24731]
  &amp#27;[32mGiven &amp#27;[0m&amp#27;[32mI am on the register page&amp#27;[0m &amp#27;[90m# starter.stepdefinitions.RegisterSteps.onTheRegisterPage()&amp#27;[0m
22:58:42.434 [main] DEBUG net.serenitybdd.core.photography.Darkroom - Opening darkroom
22:58:42.436 [Darkroom Processing Line] DEBUG net.serenitybdd.core.photography.DarkroomProcessingLine - Darkroom processing line starting up
22:58:42.450 [Forwarding getAlertText on session 5b550ea34a3f786d96da870e0dc05768 to remote] DEBUG org.asynchttpclient.netty.request.NettyRequestSender - Using pooled Channel '[id: 0x742fc019, L:/127.0.0.1:54199 - R:localhost/127.0.0.1:24731]' for 'GET' to 'http://localhost:24731/session/5b550ea34a3f786d96da870e0dc05768/alert/text'
22:58:42.451 [Forwarding getAlertText on session 5b550ea34a3f786d96da870e0dc05768 to remote] DEBUG org.asynchttpclient.netty.request.NettyRequestSender - Using open Channel [id: 0x742fc019, L:/127.0.0.1:54199 - R:localhost/127.0.0.1:24731] for GET '/session/5b550ea34a3f786d96da870e0dc05768/alert/text'
22:58:42.453 [AsyncHttpClient-1-2] DEBUG org.asynchttpclient.netty.handler.HttpHandler - 

Request DefaultFullHttpRequest(decodeResult: success, version: HTTP/1.1, content: EmptyByteBufBE)
GET /session/5b550ea34a3f786d96da870e0dc05768/alert/text HTTP/1.1
User-Agent: selenium/4.8.1 (java windows)
Cache-Control: no-cache
Content-Type: application/json; charset=utf-8
host: localhost:24731
accept: */*

Response DefaultHttpResponse(decodeResult: success, version: HTTP/1.1)
HTTP/1.1 404 Not Found
Content-Length: 820
Content-Type: application/json; charset=utf-8
cache-control: no-cache

22:58:42.453 [AsyncHttpClient-1-2] DEBUG org.asynchttpclient.netty.channel.ChannelManager - Adding key: http://localhost:24731 for channel [id: 0x742fc019, L:/127.0.0.1:54199 - R:localhost/127.0.0.1:24731]
22:58:42.463 [Forwarding getCurrentUrl on session 5b550ea34a3f786d96da870e0dc05768 to remote] DEBUG org.asynchttpclient.netty.request.NettyRequestSender - Using pooled Channel '[id: 0x742fc019, L:/127.0.0.1:54199 - R:localhost/127.0.0.1:24731]' for 'GET' to 'http://localhost:24731/session/5b550ea34a3f786d96da870e0dc05768/url'
22:58:42.463 [Forwarding getCurrentUrl on session 5b550ea34a3f786d96da870e0dc05768 to remote] DEBUG org.asynchttpclient.netty.request.NettyRequestSender - Using open Channel [id: 0x742fc019, L:/127.0.0.1:54199 - R:localhost/127.0.0.1:24731] for GET '/session/5b550ea34a3f786d96da870e0dc05768/url'
22:58:42.469 [AsyncHttpClient-1-2] DEBUG org.asynchttpclient.netty.handler.HttpHandler - 

Request DefaultFullHttpRequest(decodeResult: success, version: HTTP/1.1, content: EmptyByteBufBE)
GET /session/5b550ea34a3f786d96da870e0dc05768/url HTTP/1.1
User-Agent: selenium/4.8.1 (java windows)
Cache-Control: no-cache
Content-Type: application/json; charset=utf-8
host: localhost:24731
accept: */*

Response DefaultHttpResponse(decodeResult: success, version: HTTP/1.1)
HTTP/1.1 200 OK
Content-Length: 54
Content-Type: application/json; charset=utf-8
cache-control: no-cache

22:58:42.470 [AsyncHttpClient-1-2] DEBUG org.asynchttpclient.netty.channel.ChannelManager - Adding key: http://localhost:24731 for channel [id: 0x742fc019, L:/127.0.0.1:54199 - R:localhost/127.0.0.1:24731]
22:58:42.473 [Forwarding screenshot on session 5b550ea34a3f786d96da870e0dc05768 to remote] DEBUG org.asynchttpclient.netty.request.NettyRequestSender - Using pooled Channel '[id: 0x742fc019, L:/127.0.0.1:54199 - R:localhost/127.0.0.1:24731]' for 'GET' to 'http://localhost:24731/session/5b550ea34a3f786d96da870e0dc05768/screenshot'
22:58:42.474 [Forwarding screenshot on session 5b550ea34a3f786d96da870e0dc05768 to remote] DEBUG org.asynchttpclient.netty.request.NettyRequestSender - Using open Channel [id: 0x742fc019, L:/127.0.0.1:54199 - R:localhost/127.0.0.1:24731] for GET '/session/5b550ea34a3f786d96da870e0dc05768/screenshot'
22:58:42.581 [AsyncHttpClient-1-2] DEBUG org.asynchttpclient.netty.handler.HttpHandler - 

Request DefaultFullHttpRequest(decodeResult: success, version: HTTP/1.1, content: EmptyByteBufBE)
GET /session/5b550ea34a3f786d96da870e0dc05768/screenshot HTTP/1.1
User-Agent: selenium/4.8.1 (java windows)
Cache-Control: no-cache
Content-Type: application/json; charset=utf-8
host: localhost:24731
accept: */*

Response DefaultHttpResponse(decodeResult: success, version: HTTP/1.1)
HTTP/1.1 200 OK
Content-Length: 37444
Content-Type: application/json; charset=utf-8
cache-control: no-cache

22:58:42.582 [AsyncHttpClient-1-2] DEBUG org.asynchttpclient.netty.channel.ChannelManager - Adding key: http://localhost:24731 for channel [id: 0x742fc019, L:/127.0.0.1:54199 - R:localhost/127.0.0.1:24731]
22:58:42.680 [main] DEBUG net.serenitybdd.core.photography.Darkroom - Send negative for processing for target\site\serenity\bda57162176918dbc601e790e561e44d98a21e455d3cfdc3a3a0d433ec37e6f1.png
22:58:42.681 [Darkroom Processing Line] DEBUG net.serenitybdd.core.photography.DarkroomProcessingLine - Processing screenshot image in /var/screenshots/screenshot-892589876463134186
22:58:42.681 [Darkroom Processing Line] DEBUG net.serenitybdd.core.photography.DarkroomProcessingLine - Saving screenshot to target\site\serenity\bda57162176918dbc601e790e561e44d98a21e455d3cfdc3a3a0d433ec37e6f1.png
22:58:42.702 [Forwarding getPageSource on session 5b550ea34a3f786d96da870e0dc05768 to remote] DEBUG org.asynchttpclient.netty.request.NettyRequestSender - Using pooled Channel '[id: 0x742fc019, L:/127.0.0.1:54199 - R:localhost/127.0.0.1:24731]' for 'POST' to 'http://localhost:24731/session/5b550ea34a3f786d96da870e0dc05768/execute/sync'
22:58:42.703 [Forwarding getPageSource on session 5b550ea34a3f786d96da870e0dc05768 to remote] DEBUG org.asynchttpclient.netty.request.NettyRequestSender - Using open Channel [id: 0x742fc019, L:/127.0.0.1:54199 - R:localhost/127.0.0.1:24731] for POST '/session/5b550ea34a3f786d96da870e0dc05768/execute/sync'
22:58:42.712 [AsyncHttpClient-1-2] DEBUG org.asynchttpclient.netty.handler.HttpHandler - 

Request DefaultHttpRequest(decodeResult: success, version: HTTP/1.1)
POST /session/5b550ea34a3f786d96da870e0dc05768/execute/sync HTTP/1.1
User-Agent: selenium/4.8.1 (java windows)
Content-Length: 176
Content-Type: application/json; charset=utf-8
host: localhost:24731
accept: */*

Response DefaultHttpResponse(decodeResult: success, version: HTTP/1.1)
HTTP/1.1 200 OK
Content-Length: 22234
Content-Type: application/json; charset=utf-8
cache-control: no-cache

22:58:42.713 [AsyncHttpClient-1-2] DEBUG org.asynchttpclient.netty.channel.ChannelManager - Adding key: http://localhost:24731 for channel [id: 0x742fc019, L:/127.0.0.1:54199 - R:localhost/127.0.0.1:24731]
22:58:42.824 [Forwarding getCurrentUrl on session 5b550ea34a3f786d96da870e0dc05768 to remote] DEBUG org.asynchttpclient.netty.request.NettyRequestSender - Using pooled Channel '[id: 0x742fc019, L:/127.0.0.1:54199 - R:localhost/127.0.0.1:24731]' for 'GET' to 'http://localhost:24731/session/5b550ea34a3f786d96da870e0dc05768/url'
22:58:42.824 [Forwarding getCurrentUrl on session 5b550ea34a3f786d96da870e0dc05768 to remote] DEBUG org.asynchttpclient.netty.request.NettyRequestSender - Using open Channel [id: 0x742fc019, L:/127.0.0.1:54199 - R:localhost/127.0.0.1:24731] for GET '/session/5b550ea34a3f786d96da870e0dc05768/url'
22:58:42.831 [AsyncHttpClient-1-2] DEBUG org.asynchttpclient.netty.handler.HttpHandler - 

Request DefaultFullHttpRequest(decodeResult: success, version: HTTP/1.1, content: EmptyByteBufBE)
GET /session/5b550ea34a3f786d96da870e0dc05768/url HTTP/1.1
User-Agent: selenium/4.8.1 (java windows)
Cache-Control: no-cache
Content-Type: application/json; charset=utf-8
host: localhost:24731
accept: */*

Response DefaultHttpResponse(decodeResult: success, version: HTTP/1.1)
HTTP/1.1 200 OK
Content-Length: 54
Content-Type: application/json; charset=utf-8
cache-control: no-cache

22:58:42.831 [AsyncHttpClient-1-2] DEBUG org.asynchttpclient.netty.channel.ChannelManager - Adding key: http://localhost:24731 for channel [id: 0x742fc019, L:/127.0.0.1:54199 - R:localhost/127.0.0.1:24731]
22:58:42.857 [Forwarding getAlertText on session 5b550ea34a3f786d96da870e0dc05768 to remote] DEBUG org.asynchttpclient.netty.request.NettyRequestSender - Using pooled Channel '[id: 0x742fc019, L:/127.0.0.1:54199 - R:localhost/127.0.0.1:24731]' for 'GET' to 'http://localhost:24731/session/5b550ea34a3f786d96da870e0dc05768/alert/text'
22:58:42.857 [Forwarding getAlertText on session 5b550ea34a3f786d96da870e0dc05768 to remote] DEBUG org.asynchttpclient.netty.request.NettyRequestSender - Using open Channel [id: 0x742fc019, L:/127.0.0.1:54199 - R:localhost/127.0.0.1:24731] for GET '/session/5b550ea34a3f786d96da870e0dc05768/alert/text'
22:58:42.859 [AsyncHttpClient-1-2] DEBUG org.asynchttpclient.netty.handler.HttpHandler - 

Request DefaultFullHttpRequest(decodeResult: success, version: HTTP/1.1, content: EmptyByteBufBE)
GET /session/5b550ea34a3f786d96da870e0dc05768/alert/text HTTP/1.1
User-Agent: selenium/4.8.1 (java windows)
Cache-Control: no-cache
Content-Type: application/json; charset=utf-8
host: localhost:24731
accept: */*

Response DefaultHttpResponse(decodeResult: success, version: HTTP/1.1)
HTTP/1.1 404 Not Found
Content-Length: 820
Content-Type: application/json; charset=utf-8
cache-control: no-cache

22:58:42.860 [AsyncHttpClient-1-2] DEBUG org.asynchttpclient.netty.channel.ChannelManager - Adding key: http://localhost:24731 for channel [id: 0x742fc019, L:/127.0.0.1:54199 - R:localhost/127.0.0.1:24731]
22:58:42.863 [Forwarding getCurrentUrl on session 5b550ea34a3f786d96da870e0dc05768 to remote] DEBUG org.asynchttpclient.netty.request.NettyRequestSender - Using pooled Channel '[id: 0x742fc019, L:/127.0.0.1:54199 - R:localhost/127.0.0.1:24731]' for 'GET' to 'http://localhost:24731/session/5b550ea34a3f786d96da870e0dc05768/url'
22:58:42.863 [Forwarding getCurrentUrl on session 5b550ea34a3f786d96da870e0dc05768 to remote] DEBUG org.asynchttpclient.netty.request.NettyRequestSender - Using open Channel [id: 0x742fc019, L:/127.0.0.1:54199 - R:localhost/127.0.0.1:24731] for GET '/session/5b550ea34a3f786d96da870e0dc05768/url'
22:58:42.869 [AsyncHttpClient-1-2] DEBUG org.asynchttpclient.netty.handler.HttpHandler - 

Request DefaultFullHttpRequest(decodeResult: success, version: HTTP/1.1, content: EmptyByteBufBE)
GET /session/5b550ea34a3f786d96da870e0dc05768/url HTTP/1.1
User-Agent: selenium/4.8.1 (java windows)
Cache-Control: no-cache
Content-Type: application/json; charset=utf-8
host: localhost:24731
accept: */*

Response DefaultHttpResponse(decodeResult: success, version: HTTP/1.1)
HTTP/1.1 200 OK
Content-Length: 54
Content-Type: application/json; charset=utf-8
cache-control: no-cache

22:58:42.869 [AsyncHttpClient-1-2] DEBUG org.asynchttpclient.netty.channel.ChannelManager - Adding key: http://localhost:24731 for channel [id: 0x742fc019, L:/127.0.0.1:54199 - R:localhost/127.0.0.1:24731]
22:58:42.871 [Forwarding screenshot on session 5b550ea34a3f786d96da870e0dc05768 to remote] DEBUG org.asynchttpclient.netty.request.NettyRequestSender - Using pooled Channel '[id: 0x742fc019, L:/127.0.0.1:54199 - R:localhost/127.0.0.1:24731]' for 'GET' to 'http://localhost:24731/session/5b550ea34a3f786d96da870e0dc05768/screenshot'
22:58:42.871 [Forwarding screenshot on session 5b550ea34a3f786d96da870e0dc05768 to remote] DEBUG org.asynchttpclient.netty.request.NettyRequestSender - Using open Channel [id: 0x742fc019, L:/127.0.0.1:54199 - R:localhost/127.0.0.1:24731] for GET '/session/5b550ea34a3f786d96da870e0dc05768/screenshot'
22:58:42.966 [AsyncHttpClient-1-2] DEBUG org.asynchttpclient.netty.handler.HttpHandler - 

Request DefaultFullHttpRequest(decodeResult: success, version: HTTP/1.1, content: EmptyByteBufBE)
GET /session/5b550ea34a3f786d96da870e0dc05768/screenshot HTTP/1.1
User-Agent: selenium/4.8.1 (java windows)
Cache-Control: no-cache
Content-Type: application/json; charset=utf-8
host: localhost:24731
accept: */*

Response DefaultHttpResponse(decodeResult: success, version: HTTP/1.1)
HTTP/1.1 200 OK
Content-Length: 37444
Content-Type: application/json; charset=utf-8
cache-control: no-cache

22:58:42.967 [AsyncHttpClient-1-2] DEBUG org.asynchttpclient.netty.channel.ChannelManager - Adding key: http://localhost:24731 for channel [id: 0x742fc019, L:/127.0.0.1:54199 - R:localhost/127.0.0.1:24731]
22:58:42.970 [main] DEBUG net.serenitybdd.core.photography.Darkroom - Send negative for processing for target\site\serenity\bda57162176918dbc601e790e561e44d98a21e455d3cfdc3a3a0d433ec37e6f1.png
22:58:42.972 [Forwarding getPageSource on session 5b550ea34a3f786d96da870e0dc05768 to remote] DEBUG org.asynchttpclient.netty.request.NettyRequestSender - Using pooled Channel '[id: 0x742fc019, L:/127.0.0.1:54199 - R:localhost/127.0.0.1:24731]' for 'POST' to 'http://localhost:24731/session/5b550ea34a3f786d96da870e0dc05768/execute/sync'
22:58:42.972 [Forwarding getPageSource on session 5b550ea34a3f786d96da870e0dc05768 to remote] DEBUG org.asynchttpclient.netty.request.NettyRequestSender - Using open Channel [id: 0x742fc019, L:/127.0.0.1:54199 - R:localhost/127.0.0.1:24731] for POST '/session/5b550ea34a3f786d96da870e0dc05768/execute/sync'
22:58:42.981 [AsyncHttpClient-1-2] DEBUG org.asynchttpclient.netty.handler.HttpHandler - 

Request DefaultHttpRequest(decodeResult: success, version: HTTP/1.1)
POST /session/5b550ea34a3f786d96da870e0dc05768/execute/sync HTTP/1.1
User-Agent: selenium/4.8.1 (java windows)
Content-Length: 176
Content-Type: application/json; charset=utf-8
host: localhost:24731
accept: */*

Response DefaultHttpResponse(decodeResult: success, version: HTTP/1.1)
HTTP/1.1 200 OK
Content-Length: 22234
Content-Type: application/json; charset=utf-8
cache-control: no-cache

22:58:42.981 [AsyncHttpClient-1-2] DEBUG org.asynchttpclient.netty.channel.ChannelManager - Adding key: http://localhost:24731 for channel [id: 0x742fc019, L:/127.0.0.1:54199 - R:localhost/127.0.0.1:24731]
22:58:42.990 [Forwarding getCurrentUrl on session 5b550ea34a3f786d96da870e0dc05768 to remote] DEBUG org.asynchttpclient.netty.request.NettyRequestSender - Using pooled Channel '[id: 0x742fc019, L:/127.0.0.1:54199 - R:localhost/127.0.0.1:24731]' for 'GET' to 'http://localhost:24731/session/5b550ea34a3f786d96da870e0dc05768/url'
22:58:42.990 [Forwarding getCurrentUrl on session 5b550ea34a3f786d96da870e0dc05768 to remote] DEBUG org.asynchttpclient.netty.request.NettyRequestSender - Using open Channel [id: 0x742fc019, L:/127.0.0.1:54199 - R:localhost/127.0.0.1:24731] for GET '/session/5b550ea34a3f786d96da870e0dc05768/url'
22:58:42.996 [AsyncHttpClient-1-2] DEBUG org.asynchttpclient.netty.handler.HttpHandler - 

Request DefaultFullHttpRequest(decodeResult: success, version: HTTP/1.1, content: EmptyByteBufBE)
GET /session/5b550ea34a3f786d96da870e0dc05768/url HTTP/1.1
User-Agent: selenium/4.8.1 (java windows)
Cache-Control: no-cache
Content-Type: application/json; charset=utf-8
host: localhost:24731
accept: */*

Response DefaultHttpResponse(decodeResult: success, version: HTTP/1.1)
HTTP/1.1 200 OK
Content-Length: 54
Content-Type: application/json; charset=utf-8
cache-control: no-cache

22:58:42.996 [AsyncHttpClient-1-2] DEBUG org.asynchttpclient.netty.channel.ChannelManager - Adding key: http://localhost:24731 for channel [id: 0x742fc019, L:/127.0.0.1:54199 - R:localhost/127.0.0.1:24731]
22:58:43.000 [main] DEBUG net.thucydides.core.steps.StepInterceptor - STARTING STEP: RegisterSteps.enterFullName - inputFullName
22:58:43.016 [Forwarding findElement on session 5b550ea34a3f786d96da870e0dc05768 to remote] DEBUG org.asynchttpclient.netty.request.NettyRequestSender - Using pooled Channel '[id: 0x742fc019, L:/127.0.0.1:54199 - R:localhost/127.0.0.1:24731]' for 'POST' to 'http://localhost:24731/session/5b550ea34a3f786d96da870e0dc05768/element'
22:58:43.016 [Forwarding findElement on session 5b550ea34a3f786d96da870e0dc05768 to remote] DEBUG org.asynchttpclient.netty.request.NettyRequestSender - Using open Channel [id: 0x742fc019, L:/127.0.0.1:54199 - R:localhost/127.0.0.1:24731] for POST '/session/5b550ea34a3f786d96da870e0dc05768/element'
22:58:43.030 [AsyncHttpClient-1-2] DEBUG org.asynchttpclient.netty.handler.HttpHandler - 

Request DefaultHttpRequest(decodeResult: success, version: HTTP/1.1)
POST /session/5b550ea34a3f786d96da870e0dc05768/element HTTP/1.1
User-Agent: selenium/4.8.1 (java windows)
Content-Length: 55
Content-Type: application/json; charset=utf-8
host: localhost:24731
accept: */*

Response DefaultHttpResponse(decodeResult: success, version: HTTP/1.1)
HTTP/1.1 200 OK
Content-Length: 94
Content-Type: application/json; charset=utf-8
cache-control: no-cache

22:58:43.030 [AsyncHttpClient-1-2] DEBUG org.asynchttpclient.netty.channel.ChannelManager - Adding key: http://localhost:24731 for channel [id: 0x742fc019, L:/127.0.0.1:54199 - R:localhost/127.0.0.1:24731]
22:58:43.036 [Forwarding clearElement on session 5b550ea34a3f786d96da870e0dc05768 to remote] DEBUG org.asynchttpclient.netty.request.NettyRequestSender - Using pooled Channel '[id: 0x742fc019, L:/127.0.0.1:54199 - R:localhost/127.0.0.1:24731]' for 'POST' to 'http://localhost:24731/session/5b550ea34a3f786d96da870e0dc05768/element/F479E4C9543A83AD3A378BEEC1FD0DE2_element_7/clear'
22:58:43.036 [Forwarding clearElement on session 5b550ea34a3f786d96da870e0dc05768 to remote] DEBUG org.asynchttpclient.netty.request.NettyRequestSender - Using open Channel [id: 0x742fc019, L:/127.0.0.1:54199 - R:localhost/127.0.0.1:24731] for POST '/session/5b550ea34a3f786d96da870e0dc05768/element/F479E4C9543A83AD3A378BEEC1FD0DE2_element_7/clear'
22:58:43.087 [AsyncHttpClient-1-2] DEBUG org.asynchttpclient.netty.handler.HttpHandler - 

Request DefaultHttpRequest(decodeResult: success, version: HTTP/1.1)
POST /session/5b550ea34a3f786d96da870e0dc05768/element/F479E4C9543A83AD3A378BEEC1FD0DE2_element_7/clear HTTP/1.1
User-Agent: selenium/4.8.1 (java windows)
Content-Length: 56
Content-Type: application/json; charset=utf-8
host: localhost:24731
accept: */*

Response DefaultHttpResponse(decodeResult: success, version: HTTP/1.1)
HTTP/1.1 200 OK
Content-Length: 14
Content-Type: application/json; charset=utf-8
cache-control: no-cache

22:58:43.087 [AsyncHttpClient-1-2] DEBUG org.asynchttpclient.netty.channel.ChannelManager - Adding key: http://localhost:24731 for channel [id: 0x742fc019, L:/127.0.0.1:54199 - R:localhost/127.0.0.1:24731]
22:58:43.092 [Forwarding sendKeysToElement on session 5b550ea34a3f786d96da870e0dc05768 to remote] DEBUG org.asynchttpclient.netty.request.NettyRequestSender - Using pooled Channel '[id: 0x742fc019, L:/127.0.0.1:54199 - R:localhost/127.0.0.1:24731]' for 'POST' to 'http://localhost:24731/session/5b550ea34a3f786d96da870e0dc05768/element/F479E4C9543A83AD3A378BEEC1FD0DE2_element_7/value'
22:58:43.092 [Forwarding sendKeysToElement on session 5b550ea34a3f786d96da870e0dc05768 to remote] DEBUG org.asynchttpclient.netty.request.NettyRequestSender - Using open Channel [id: 0x742fc019, L:/127.0.0.1:54199 - R:localhost/127.0.0.1:24731] for POST '/session/5b550ea34a3f786d96da870e0dc05768/element/F479E4C9543A83AD3A378BEEC1FD0DE2_element_7/value'
22:58:43.226 [AsyncHttpClient-1-2] DEBUG org.asynchttpclient.netty.handler.HttpHandler - 

Request DefaultHttpRequest(decodeResult: success, version: HTTP/1.1)
POST /session/5b550ea34a3f786d96da870e0dc05768/element/F479E4C9543A83AD3A378BEEC1FD0DE2_element_7/value HTTP/1.1
User-Agent: selenium/4.8.1 (java windows)
Content-Length: 197
Content-Type: application/json; charset=utf-8
host: localhost:24731
accept: */*

Response DefaultHttpResponse(decodeResult: success, version: HTTP/1.1)
HTTP/1.1 200 OK
Content-Length: 14
Content-Type: application/json; charset=utf-8
cache-control: no-cache

22:58:43.226 [AsyncHttpClient-1-2] DEBUG org.asynchttpclient.netty.channel.ChannelManager - Adding key: http://localhost:24731 for channel [id: 0x742fc019, L:/127.0.0.1:54199 - R:localhost/127.0.0.1:24731]
22:58:43.241 [Forwarding getAlertText on session 5b550ea34a3f786d96da870e0dc05768 to remote] DEBUG org.asynchttpclient.netty.request.NettyRequestSender - Using pooled Channel '[id: 0x742fc019, L:/127.0.0.1:54199 - R:localhost/127.0.0.1:24731]' for 'GET' to 'http://localhost:24731/session/5b550ea34a3f786d96da870e0dc05768/alert/text'
22:58:43.241 [Forwarding getAlertText on session 5b550ea34a3f786d96da870e0dc05768 to remote] DEBUG org.asynchttpclient.netty.request.NettyRequestSender - Using open Channel [id: 0x742fc019, L:/127.0.0.1:54199 - R:localhost/127.0.0.1:24731] for GET '/session/5b550ea34a3f786d96da870e0dc05768/alert/text'
22:58:43.244 [AsyncHttpClient-1-2] DEBUG org.asynchttpclient.netty.handler.HttpHandler - 

Request DefaultFullHttpRequest(decodeResult: success, version: HTTP/1.1, content: EmptyByteBufBE)
GET /session/5b550ea34a3f786d96da870e0dc05768/alert/text HTTP/1.1
User-Agent: selenium/4.8.1 (java windows)
Cache-Control: no-cache
Content-Type: application/json; charset=utf-8
host: localhost:24731
accept: */*

Response DefaultHttpResponse(decodeResult: success, version: HTTP/1.1)
HTTP/1.1 404 Not Found
Content-Length: 820
Content-Type: application/json; charset=utf-8
cache-control: no-cache

22:58:43.244 [AsyncHttpClient-1-2] DEBUG org.asynchttpclient.netty.channel.ChannelManager - Adding key: http://localhost:24731 for channel [id: 0x742fc019, L:/127.0.0.1:54199 - R:localhost/127.0.0.1:24731]
22:58:43.246 [Forwarding getCurrentUrl on session 5b550ea34a3f786d96da870e0dc05768 to remote] DEBUG org.asynchttpclient.netty.request.NettyRequestSender - Using pooled Channel '[id: 0x742fc019, L:/127.0.0.1:54199 - R:localhost/127.0.0.1:24731]' for 'GET' to 'http://localhost:24731/session/5b550ea34a3f786d96da870e0dc05768/url'
22:58:43.246 [Forwarding getCurrentUrl on session 5b550ea34a3f786d96da870e0dc05768 to remote] DEBUG org.asynchttpclient.netty.request.NettyRequestSender - Using open Channel [id: 0x742fc019, L:/127.0.0.1:54199 - R:localhost/127.0.0.1:24731] for GET '/session/5b550ea34a3f786d96da870e0dc05768/url'
22:58:43.254 [AsyncHttpClient-1-2] DEBUG org.asynchttpclient.netty.handler.HttpHandler - 

Request DefaultFullHttpRequest(decodeResult: success, version: HTTP/1.1, content: EmptyByteBufBE)
GET /session/5b550ea34a3f786d96da870e0dc05768/url HTTP/1.1
User-Agent: selenium/4.8.1 (java windows)
Cache-Control: no-cache
Content-Type: application/json; charset=utf-8
host: localhost:24731
accept: */*

Response DefaultHttpResponse(decodeResult: success, version: HTTP/1.1)
HTTP/1.1 200 OK
Content-Length: 54
Content-Type: application/json; charset=utf-8
cache-control: no-cache

22:58:43.254 [AsyncHttpClient-1-2] DEBUG org.asynchttpclient.netty.channel.ChannelManager - Adding key: http://localhost:24731 for channel [id: 0x742fc019, L:/127.0.0.1:54199 - R:localhost/127.0.0.1:24731]
22:58:43.257 [Forwarding screenshot on session 5b550ea34a3f786d96da870e0dc05768 to remote] DEBUG org.asynchttpclient.netty.request.NettyRequestSender - Using pooled Channel '[id: 0x742fc019, L:/127.0.0.1:54199 - R:localhost/127.0.0.1:24731]' for 'GET' to 'http://localhost:24731/session/5b550ea34a3f786d96da870e0dc05768/screenshot'
22:58:43.257 [Forwarding screenshot on session 5b550ea34a3f786d96da870e0dc05768 to remote] DEBUG org.asynchttpclient.netty.request.NettyRequestSender - Using open Channel [id: 0x742fc019, L:/127.0.0.1:54199 - R:localhost/127.0.0.1:24731] for GET '/session/5b550ea34a3f786d96da870e0dc05768/screenshot'
22:58:43.398 [AsyncHttpClient-1-1] DEBUG org.asynchttpclient.netty.channel.DefaultChannelPool - Entry count for : http://localhost:54200 : 1
22:58:43.478 [AsyncHttpClient-1-2] DEBUG org.asynchttpclient.netty.handler.HttpHandler - 

Request DefaultFullHttpRequest(decodeResult: success, version: HTTP/1.1, content: EmptyByteBufBE)
GET /session/5b550ea34a3f786d96da870e0dc05768/screenshot HTTP/1.1
User-Agent: selenium/4.8.1 (java windows)
Cache-Control: no-cache
Content-Type: application/json; charset=utf-8
host: localhost:24731
accept: */*

Response DefaultHttpResponse(decodeResult: success, version: HTTP/1.1)
HTTP/1.1 200 OK
Content-Length: 40844
Content-Type: application/json; charset=utf-8
cache-control: no-cache

22:58:43.479 [AsyncHttpClient-1-2] DEBUG org.asynchttpclient.netty.channel.ChannelManager - Adding key: http://localhost:24731 for channel [id: 0x742fc019, L:/127.0.0.1:54199 - R:localhost/127.0.0.1:24731]
22:58:43.486 [main] DEBUG net.serenitybdd.core.photography.Darkroom - Send negative for processing for target\site\serenity\3edcf40969c9034ebc7fc46ab11cdafad7cfc5d66be5c8b7d484a7a3e6a43a27.png
22:58:43.487 [Darkroom Processing Line] DEBUG net.serenitybdd.core.photography.DarkroomProcessingLine - Processing screenshot image in /var/screenshots/screenshot-831585422933598912
22:58:43.487 [Darkroom Processing Line] DEBUG net.serenitybdd.core.photography.DarkroomProcessingLine - Saving screenshot to target\site\serenity\3edcf40969c9034ebc7fc46ab11cdafad7cfc5d66be5c8b7d484a7a3e6a43a27.png
22:58:43.487 [main] DEBUG net.thucydides.core.steps.StepInterceptor - STEP DONE: inputFullName
  &amp#27;[32mWhen &amp#27;[0m&amp#27;[32mI enter full name&amp#27;[0m          &amp#27;[90m# starter.stepdefinitions.RegisterSteps.enterFullName()&amp#27;[0m
22:58:43.520 [Forwarding getPageSource on session 5b550ea34a3f786d96da870e0dc05768 to remote] DEBUG org.asynchttpclient.netty.request.NettyRequestSender - Using pooled Channel '[id: 0x742fc019, L:/127.0.0.1:54199 - R:localhost/127.0.0.1:24731]' for 'POST' to 'http://localhost:24731/session/5b550ea34a3f786d96da870e0dc05768/execute/sync'
22:58:43.521 [Forwarding getPageSource on session 5b550ea34a3f786d96da870e0dc05768 to remote] DEBUG org.asynchttpclient.netty.request.NettyRequestSender - Using open Channel [id: 0x742fc019, L:/127.0.0.1:54199 - R:localhost/127.0.0.1:24731] for POST '/session/5b550ea34a3f786d96da870e0dc05768/execute/sync'
22:58:43.540 [AsyncHttpClient-1-2] DEBUG org.asynchttpclient.netty.handler.HttpHandler - 

Request DefaultHttpRequest(decodeResult: success, version: HTTP/1.1)
POST /session/5b550ea34a3f786d96da870e0dc05768/execute/sync HTTP/1.1
User-Agent: selenium/4.8.1 (java windows)
Content-Length: 176
Content-Type: application/json; charset=utf-8
host: localhost:24731
accept: */*

Response DefaultHttpResponse(decodeResult: success, version: HTTP/1.1)
HTTP/1.1 200 OK
Content-Length: 22355
Content-Type: application/json; charset=utf-8
cache-control: no-cache

22:58:43.541 [AsyncHttpClient-1-2] DEBUG org.asynchttpclient.netty.channel.ChannelManager - Adding key: http://localhost:24731 for channel [id: 0x742fc019, L:/127.0.0.1:54199 - R:localhost/127.0.0.1:24731]
22:58:43.558 [Forwarding getCurrentUrl on session 5b550ea34a3f786d96da870e0dc05768 to remote] DEBUG org.asynchttpclient.netty.request.NettyRequestSender - Using pooled Channel '[id: 0x742fc019, L:/127.0.0.1:54199 - R:localhost/127.0.0.1:24731]' for 'GET' to 'http://localhost:24731/session/5b550ea34a3f786d96da870e0dc05768/url'
22:58:43.559 [Forwarding getCurrentUrl on session 5b550ea34a3f786d96da870e0dc05768 to remote] DEBUG org.asynchttpclient.netty.request.NettyRequestSender - Using open Channel [id: 0x742fc019, L:/127.0.0.1:54199 - R:localhost/127.0.0.1:24731] for GET '/session/5b550ea34a3f786d96da870e0dc05768/url'
22:58:43.575 [AsyncHttpClient-1-2] DEBUG org.asynchttpclient.netty.handler.HttpHandler - 

Request DefaultFullHttpRequest(decodeResult: success, version: HTTP/1.1, content: EmptyByteBufBE)
GET /session/5b550ea34a3f786d96da870e0dc05768/url HTTP/1.1
User-Agent: selenium/4.8.1 (java windows)
Cache-Control: no-cache
Content-Type: application/json; charset=utf-8
host: localhost:24731
accept: */*

Response DefaultHttpResponse(decodeResult: success, version: HTTP/1.1)
HTTP/1.1 200 OK
Content-Length: 54
Content-Type: application/json; charset=utf-8
cache-control: no-cache

22:58:43.576 [AsyncHttpClient-1-2] DEBUG org.asynchttpclient.netty.channel.ChannelManager - Adding key: http://localhost:24731 for channel [id: 0x742fc019, L:/127.0.0.1:54199 - R:localhost/127.0.0.1:24731]
22:58:43.605 [Forwarding getAlertText on session 5b550ea34a3f786d96da870e0dc05768 to remote] DEBUG org.asynchttpclient.netty.request.NettyRequestSender - Using pooled Channel '[id: 0x742fc019, L:/127.0.0.1:54199 - R:localhost/127.0.0.1:24731]' for 'GET' to 'http://localhost:24731/session/5b550ea34a3f786d96da870e0dc05768/alert/text'
22:58:43.606 [Forwarding getAlertText on session 5b550ea34a3f786d96da870e0dc05768 to remote] DEBUG org.asynchttpclient.netty.request.NettyRequestSender - Using open Channel [id: 0x742fc019, L:/127.0.0.1:54199 - R:localhost/127.0.0.1:24731] for GET '/session/5b550ea34a3f786d96da870e0dc05768/alert/text'
22:58:43.610 [AsyncHttpClient-1-2] DEBUG org.asynchttpclient.netty.handler.HttpHandler - 

Request DefaultFullHttpRequest(decodeResult: success, version: HTTP/1.1, content: EmptyByteBufBE)
GET /session/5b550ea34a3f786d96da870e0dc05768/alert/text HTTP/1.1
User-Agent: selenium/4.8.1 (java windows)
Cache-Control: no-cache
Content-Type: application/json; charset=utf-8
host: localhost:24731
accept: */*

Response DefaultHttpResponse(decodeResult: success, version: HTTP/1.1)
HTTP/1.1 404 Not Found
Content-Length: 820
Content-Type: application/json; charset=utf-8
cache-control: no-cache

22:58:43.611 [AsyncHttpClient-1-2] DEBUG org.asynchttpclient.netty.channel.ChannelManager - Adding key: http://localhost:24731 for channel [id: 0x742fc019, L:/127.0.0.1:54199 - R:localhost/127.0.0.1:24731]
22:58:43.617 [Forwarding getCurrentUrl on session 5b550ea34a3f786d96da870e0dc05768 to remote] DEBUG org.asynchttpclient.netty.request.NettyRequestSender - Using pooled Channel '[id: 0x742fc019, L:/127.0.0.1:54199 - R:localhost/127.0.0.1:24731]' for 'GET' to 'http://localhost:24731/session/5b550ea34a3f786d96da870e0dc05768/url'
22:58:43.618 [Forwarding getCurrentUrl on session 5b550ea34a3f786d96da870e0dc05768 to remote] DEBUG org.asynchttpclient.netty.request.NettyRequestSender - Using open Channel [id: 0x742fc019, L:/127.0.0.1:54199 - R:localhost/127.0.0.1:24731] for GET '/session/5b550ea34a3f786d96da870e0dc05768/url'
22:58:43.632 [AsyncHttpClient-1-2] DEBUG org.asynchttpclient.netty.handler.HttpHandler - 

Request DefaultFullHttpRequest(decodeResult: success, version: HTTP/1.1, content: EmptyByteBufBE)
GET /session/5b550ea34a3f786d96da870e0dc05768/url HTTP/1.1
User-Agent: selenium/4.8.1 (java windows)
Cache-Control: no-cache
Content-Type: application/json; charset=utf-8
host: localhost:24731
accept: */*

Response DefaultHttpResponse(decodeResult: success, version: HTTP/1.1)
HTTP/1.1 200 OK
Content-Length: 54
Content-Type: application/json; charset=utf-8
cache-control: no-cache

22:58:43.634 [AsyncHttpClient-1-2] DEBUG org.asynchttpclient.netty.channel.ChannelManager - Adding key: http://localhost:24731 for channel [id: 0x742fc019, L:/127.0.0.1:54199 - R:localhost/127.0.0.1:24731]
22:58:43.638 [Forwarding screenshot on session 5b550ea34a3f786d96da870e0dc05768 to remote] DEBUG org.asynchttpclient.netty.request.NettyRequestSender - Using pooled Channel '[id: 0x742fc019, L:/127.0.0.1:54199 - R:localhost/127.0.0.1:24731]' for 'GET' to 'http://localhost:24731/session/5b550ea34a3f786d96da870e0dc05768/screenshot'
22:58:43.639 [Forwarding screenshot on session 5b550ea34a3f786d96da870e0dc05768 to remote] DEBUG org.asynchttpclient.netty.request.NettyRequestSender - Using open Channel [id: 0x742fc019, L:/127.0.0.1:54199 - R:localhost/127.0.0.1:24731] for GET '/session/5b550ea34a3f786d96da870e0dc05768/screenshot'
22:58:43.805 [AsyncHttpClient-1-2] DEBUG org.asynchttpclient.netty.handler.HttpHandler - 

Request DefaultFullHttpRequest(decodeResult: success, version: HTTP/1.1, content: EmptyByteBufBE)
GET /session/5b550ea34a3f786d96da870e0dc05768/screenshot HTTP/1.1
User-Agent: selenium/4.8.1 (java windows)
Cache-Control: no-cache
Content-Type: application/json; charset=utf-8
host: localhost:24731
accept: */*

Response DefaultHttpResponse(decodeResult: success, version: HTTP/1.1)
HTTP/1.1 200 OK
Content-Length: 39792
Content-Type: application/json; charset=utf-8
cache-control: no-cache

22:58:43.805 [AsyncHttpClient-1-2] DEBUG org.asynchttpclient.netty.channel.ChannelManager - Adding key: http://localhost:24731 for channel [id: 0x742fc019, L:/127.0.0.1:54199 - R:localhost/127.0.0.1:24731]
22:58:43.807 [main] DEBUG net.serenitybdd.core.photography.Darkroom - Send negative for processing for target\site\serenity\481d9a0b78a0c6705e983b3971dfd7effa153ccc6630441569b383798b331421.png
22:58:43.808 [Darkroom Processing Line] DEBUG net.serenitybdd.core.photography.DarkroomProcessingLine - Processing screenshot image in /var/screenshots/screenshot-1481168942520839363
22:58:43.808 [Darkroom Processing Line] DEBUG net.serenitybdd.core.photography.DarkroomProcessingLine - Saving screenshot to target\site\serenity\481d9a0b78a0c6705e983b3971dfd7effa153ccc6630441569b383798b331421.png
22:58:43.810 [Forwarding getPageSource on session 5b550ea34a3f786d96da870e0dc05768 to remote] DEBUG org.asynchttpclient.netty.request.NettyRequestSender - Using pooled Channel '[id: 0x742fc019, L:/127.0.0.1:54199 - R:localhost/127.0.0.1:24731]' for 'POST' to 'http://localhost:24731/session/5b550ea34a3f786d96da870e0dc05768/execute/sync'
22:58:43.810 [Forwarding getPageSource on session 5b550ea34a3f786d96da870e0dc05768 to remote] DEBUG org.asynchttpclient.netty.request.NettyRequestSender - Using open Channel [id: 0x742fc019, L:/127.0.0.1:54199 - R:localhost/127.0.0.1:24731] for POST '/session/5b550ea34a3f786d96da870e0dc05768/execute/sync'
22:58:43.822 [AsyncHttpClient-1-2] DEBUG org.asynchttpclient.netty.handler.HttpHandler - 

Request DefaultHttpRequest(decodeResult: success, version: HTTP/1.1)
POST /session/5b550ea34a3f786d96da870e0dc05768/execute/sync HTTP/1.1
User-Agent: selenium/4.8.1 (java windows)
Content-Length: 176
Content-Type: application/json; charset=utf-8
host: localhost:24731
accept: */*

Response DefaultHttpResponse(decodeResult: success, version: HTTP/1.1)
HTTP/1.1 200 OK
Content-Length: 22355
Content-Type: application/json; charset=utf-8
cache-control: no-cache

22:58:43.823 [AsyncHttpClient-1-2] DEBUG org.asynchttpclient.netty.channel.ChannelManager - Adding key: http://localhost:24731 for channel [id: 0x742fc019, L:/127.0.0.1:54199 - R:localhost/127.0.0.1:24731]
22:58:43.832 [Forwarding getCurrentUrl on session 5b550ea34a3f786d96da870e0dc05768 to remote] DEBUG org.asynchttpclient.netty.request.NettyRequestSender - Using pooled Channel '[id: 0x742fc019, L:/127.0.0.1:54199 - R:localhost/127.0.0.1:24731]' for 'GET' to 'http://localhost:24731/session/5b550ea34a3f786d96da870e0dc05768/url'
22:58:43.832 [Forwarding getCurrentUrl on session 5b550ea34a3f786d96da870e0dc05768 to remote] DEBUG org.asynchttpclient.netty.request.NettyRequestSender - Using open Channel [id: 0x742fc019, L:/127.0.0.1:54199 - R:localhost/127.0.0.1:24731] for GET '/session/5b550ea34a3f786d96da870e0dc05768/url'
22:58:43.839 [AsyncHttpClient-1-2] DEBUG org.asynchttpclient.netty.handler.HttpHandler - 

Request DefaultFullHttpRequest(decodeResult: success, version: HTTP/1.1, content: EmptyByteBufBE)
GET /session/5b550ea34a3f786d96da870e0dc05768/url HTTP/1.1
User-Agent: selenium/4.8.1 (java windows)
Cache-Control: no-cache
Content-Type: application/json; charset=utf-8
host: localhost:24731
accept: */*

Response DefaultHttpResponse(decodeResult: success, version: HTTP/1.1)
HTTP/1.1 200 OK
Content-Length: 54
Content-Type: application/json; charset=utf-8
cache-control: no-cache

22:58:43.839 [AsyncHttpClient-1-2] DEBUG org.asynchttpclient.netty.channel.ChannelManager - Adding key: http://localhost:24731 for channel [id: 0x742fc019, L:/127.0.0.1:54199 - R:localhost/127.0.0.1:24731]
22:58:43.842 [main] DEBUG net.thucydides.core.steps.StepInterceptor - STARTING STEP: RegisterSteps.enterValidEmail - inputEmail
22:58:43.846 [Forwarding findElement on session 5b550ea34a3f786d96da870e0dc05768 to remote] DEBUG org.asynchttpclient.netty.request.NettyRequestSender - Using pooled Channel '[id: 0x742fc019, L:/127.0.0.1:54199 - R:localhost/127.0.0.1:24731]' for 'POST' to 'http://localhost:24731/session/5b550ea34a3f786d96da870e0dc05768/element'
22:58:43.846 [Forwarding findElement on session 5b550ea34a3f786d96da870e0dc05768 to remote] DEBUG org.asynchttpclient.netty.request.NettyRequestSender - Using open Channel [id: 0x742fc019, L:/127.0.0.1:54199 - R:localhost/127.0.0.1:24731] for POST '/session/5b550ea34a3f786d96da870e0dc05768/element'
22:58:43.860 [AsyncHttpClient-1-2] DEBUG org.asynchttpclient.netty.handler.HttpHandler - 

Request DefaultHttpRequest(decodeResult: success, version: HTTP/1.1)
POST /session/5b550ea34a3f786d96da870e0dc05768/element HTTP/1.1
User-Agent: selenium/4.8.1 (java windows)
Content-Length: 55
Content-Type: application/json; charset=utf-8
host: localhost:24731
accept: */*

Response DefaultHttpResponse(decodeResult: success, version: HTTP/1.1)
HTTP/1.1 200 OK
Content-Length: 94
Content-Type: application/json; charset=utf-8
cache-control: no-cache

22:58:43.860 [AsyncHttpClient-1-2] DEBUG org.asynchttpclient.netty.channel.ChannelManager - Adding key: http://localhost:24731 for channel [id: 0x742fc019, L:/127.0.0.1:54199 - R:localhost/127.0.0.1:24731]
22:58:43.862 [Forwarding clearElement on session 5b550ea34a3f786d96da870e0dc05768 to remote] DEBUG org.asynchttpclient.netty.request.NettyRequestSender - Using pooled Channel '[id: 0x742fc019, L:/127.0.0.1:54199 - R:localhost/127.0.0.1:24731]' for 'POST' to 'http://localhost:24731/session/5b550ea34a3f786d96da870e0dc05768/element/F479E4C9543A83AD3A378BEEC1FD0DE2_element_9/clear'
22:58:43.862 [Forwarding clearElement on session 5b550ea34a3f786d96da870e0dc05768 to remote] DEBUG org.asynchttpclient.netty.request.NettyRequestSender - Using open Channel [id: 0x742fc019, L:/127.0.0.1:54199 - R:localhost/127.0.0.1:24731] for POST '/session/5b550ea34a3f786d96da870e0dc05768/element/F479E4C9543A83AD3A378BEEC1FD0DE2_element_9/clear'
22:58:43.901 [AsyncHttpClient-1-2] DEBUG org.asynchttpclient.netty.handler.HttpHandler - 

Request DefaultHttpRequest(decodeResult: success, version: HTTP/1.1)
POST /session/5b550ea34a3f786d96da870e0dc05768/element/F479E4C9543A83AD3A378BEEC1FD0DE2_element_9/clear HTTP/1.1
User-Agent: selenium/4.8.1 (java windows)
Content-Length: 56
Content-Type: application/json; charset=utf-8
host: localhost:24731
accept: */*

Response DefaultHttpResponse(decodeResult: success, version: HTTP/1.1)
HTTP/1.1 200 OK
Content-Length: 14
Content-Type: application/json; charset=utf-8
cache-control: no-cache

22:58:43.902 [AsyncHttpClient-1-2] DEBUG org.asynchttpclient.netty.channel.ChannelManager - Adding key: http://localhost:24731 for channel [id: 0x742fc019, L:/127.0.0.1:54199 - R:localhost/127.0.0.1:24731]
22:58:43.905 [Forwarding sendKeysToElement on session 5b550ea34a3f786d96da870e0dc05768 to remote] DEBUG org.asynchttpclient.netty.request.NettyRequestSender - Using pooled Channel '[id: 0x742fc019, L:/127.0.0.1:54199 - R:localhost/127.0.0.1:24731]' for 'POST' to 'http://localhost:24731/session/5b550ea34a3f786d96da870e0dc05768/element/F479E4C9543A83AD3A378BEEC1FD0DE2_element_9/value'
22:58:43.905 [Forwarding sendKeysToElement on session 5b550ea34a3f786d96da870e0dc05768 to remote] DEBUG org.asynchttpclient.netty.request.NettyRequestSender - Using open Channel [id: 0x742fc019, L:/127.0.0.1:54199 - R:localhost/127.0.0.1:24731] for POST '/session/5b550ea34a3f786d96da870e0dc05768/element/F479E4C9543A83AD3A378BEEC1FD0DE2_element_9/value'
22:58:44.082 [AsyncHttpClient-1-2] DEBUG org.asynchttpclient.netty.handler.HttpHandler - 

Request DefaultHttpRequest(decodeResult: success, version: HTTP/1.1)
POST /session/5b550ea34a3f786d96da870e0dc05768/element/F479E4C9543A83AD3A378BEEC1FD0DE2_element_9/value HTTP/1.1
User-Agent: selenium/4.8.1 (java windows)
Content-Length: 367
Content-Type: application/json; charset=utf-8
host: localhost:24731
accept: */*

Response DefaultHttpResponse(decodeResult: success, version: HTTP/1.1)
HTTP/1.1 200 OK
Content-Length: 14
Content-Type: application/json; charset=utf-8
cache-control: no-cache

22:58:44.083 [AsyncHttpClient-1-2] DEBUG org.asynchttpclient.netty.channel.ChannelManager - Adding key: http://localhost:24731 for channel [id: 0x742fc019, L:/127.0.0.1:54199 - R:localhost/127.0.0.1:24731]
22:58:44.092 [Forwarding getAlertText on session 5b550ea34a3f786d96da870e0dc05768 to remote] DEBUG org.asynchttpclient.netty.request.NettyRequestSender - Using pooled Channel '[id: 0x742fc019, L:/127.0.0.1:54199 - R:localhost/127.0.0.1:24731]' for 'GET' to 'http://localhost:24731/session/5b550ea34a3f786d96da870e0dc05768/alert/text'
22:58:44.092 [Forwarding getAlertText on session 5b550ea34a3f786d96da870e0dc05768 to remote] DEBUG org.asynchttpclient.netty.request.NettyRequestSender - Using open Channel [id: 0x742fc019, L:/127.0.0.1:54199 - R:localhost/127.0.0.1:24731] for GET '/session/5b550ea34a3f786d96da870e0dc05768/alert/text'
22:58:44.096 [AsyncHttpClient-1-2] DEBUG org.asynchttpclient.netty.handler.HttpHandler - 

Request DefaultFullHttpRequest(decodeResult: success, version: HTTP/1.1, content: EmptyByteBufBE)
GET /session/5b550ea34a3f786d96da870e0dc05768/alert/text HTTP/1.1
User-Agent: selenium/4.8.1 (java windows)
Cache-Control: no-cache
Content-Type: application/json; charset=utf-8
host: localhost:24731
accept: */*

Response DefaultHttpResponse(decodeResult: success, version: HTTP/1.1)
HTTP/1.1 404 Not Found
Content-Length: 820
Content-Type: application/json; charset=utf-8
cache-control: no-cache

22:58:44.097 [AsyncHttpClient-1-2] DEBUG org.asynchttpclient.netty.channel.ChannelManager - Adding key: http://localhost:24731 for channel [id: 0x742fc019, L:/127.0.0.1:54199 - R:localhost/127.0.0.1:24731]
22:58:44.099 [Forwarding getCurrentUrl on session 5b550ea34a3f786d96da870e0dc05768 to remote] DEBUG org.asynchttpclient.netty.request.NettyRequestSender - Using pooled Channel '[id: 0x742fc019, L:/127.0.0.1:54199 - R:localhost/127.0.0.1:24731]' for 'GET' to 'http://localhost:24731/session/5b550ea34a3f786d96da870e0dc05768/url'
22:58:44.099 [Forwarding getCurrentUrl on session 5b550ea34a3f786d96da870e0dc05768 to remote] DEBUG org.asynchttpclient.netty.request.NettyRequestSender - Using open Channel [id: 0x742fc019, L:/127.0.0.1:54199 - R:localhost/127.0.0.1:24731] for GET '/session/5b550ea34a3f786d96da870e0dc05768/url'
22:58:44.110 [AsyncHttpClient-1-2] DEBUG org.asynchttpclient.netty.handler.HttpHandler - 

Request DefaultFullHttpRequest(decodeResult: success, version: HTTP/1.1, content: EmptyByteBufBE)
GET /session/5b550ea34a3f786d96da870e0dc05768/url HTTP/1.1
User-Agent: selenium/4.8.1 (java windows)
Cache-Control: no-cache
Content-Type: application/json; charset=utf-8
host: localhost:24731
accept: */*

Response DefaultHttpResponse(decodeResult: success, version: HTTP/1.1)
HTTP/1.1 200 OK
Content-Length: 54
Content-Type: application/json; charset=utf-8
cache-control: no-cache

22:58:44.111 [AsyncHttpClient-1-2] DEBUG org.asynchttpclient.netty.channel.ChannelManager - Adding key: http://localhost:24731 for channel [id: 0x742fc019, L:/127.0.0.1:54199 - R:localhost/127.0.0.1:24731]
22:58:44.114 [Forwarding screenshot on session 5b550ea34a3f786d96da870e0dc05768 to remote] DEBUG org.asynchttpclient.netty.request.NettyRequestSender - Using pooled Channel '[id: 0x742fc019, L:/127.0.0.1:54199 - R:localhost/127.0.0.1:24731]' for 'GET' to 'http://localhost:24731/session/5b550ea34a3f786d96da870e0dc05768/screenshot'
22:58:44.114 [Forwarding screenshot on session 5b550ea34a3f786d96da870e0dc05768 to remote] DEBUG org.asynchttpclient.netty.request.NettyRequestSender - Using open Channel [id: 0x742fc019, L:/127.0.0.1:54199 - R:localhost/127.0.0.1:24731] for GET '/session/5b550ea34a3f786d96da870e0dc05768/screenshot'
22:58:44.359 [AsyncHttpClient-1-2] DEBUG org.asynchttpclient.netty.handler.HttpHandler - 

Request DefaultFullHttpRequest(decodeResult: success, version: HTTP/1.1, content: EmptyByteBufBE)
GET /session/5b550ea34a3f786d96da870e0dc05768/screenshot HTTP/1.1
User-Agent: selenium/4.8.1 (java windows)
Cache-Control: no-cache
Content-Type: application/json; charset=utf-8
host: localhost:24731
accept: */*

Response DefaultHttpResponse(decodeResult: success, version: HTTP/1.1)
HTTP/1.1 200 OK
Content-Length: 48636
Content-Type: application/json; charset=utf-8
cache-control: no-cache

22:58:44.360 [AsyncHttpClient-1-2] DEBUG org.asynchttpclient.netty.channel.ChannelManager - Adding key: http://localhost:24731 for channel [id: 0x742fc019, L:/127.0.0.1:54199 - R:localhost/127.0.0.1:24731]
22:58:44.363 [main] DEBUG net.serenitybdd.core.photography.Darkroom - Send negative for processing for target\site\serenity\8f34210fee8f402db9f0b0e41e8ed23680b13e602364dd6ea199185a3aad1155.png
22:58:44.363 [main] DEBUG net.thucydides.core.steps.StepInterceptor - STEP DONE: inputEmail
22:58:44.363 [Darkroom Processing Line] DEBUG net.serenitybdd.core.photography.DarkroomProcessingLine - Processing screenshot image in /var/screenshots/screenshot-2553856680726666419
22:58:44.363 [Darkroom Processing Line] DEBUG net.serenitybdd.core.photography.DarkroomProcessingLine - Saving screenshot to target\site\serenity\8f34210fee8f402db9f0b0e41e8ed23680b13e602364dd6ea199185a3aad1155.png
  &amp#27;[32mAnd &amp#27;[0m&amp#27;[32mI enter valid email&amp#27;[0m         &amp#27;[90m# starter.stepdefinitions.RegisterSteps.enterValidEmail()&amp#27;[0m
22:58:44.377 [Forwarding getPageSource on session 5b550ea34a3f786d96da870e0dc05768 to remote] DEBUG org.asynchttpclient.netty.request.NettyRequestSender - Using pooled Channel '[id: 0x742fc019, L:/127.0.0.1:54199 - R:localhost/127.0.0.1:24731]' for 'POST' to 'http://localhost:24731/session/5b550ea34a3f786d96da870e0dc05768/execute/sync'
22:58:44.378 [Forwarding getPageSource on session 5b550ea34a3f786d96da870e0dc05768 to remote] DEBUG org.asynchttpclient.netty.request.NettyRequestSender - Using open Channel [id: 0x742fc019, L:/127.0.0.1:54199 - R:localhost/127.0.0.1:24731] for POST '/session/5b550ea34a3f786d96da870e0dc05768/execute/sync'
22:58:44.388 [AsyncHttpClient-1-2] DEBUG org.asynchttpclient.netty.handler.HttpHandler - 

Request DefaultHttpRequest(decodeResult: success, version: HTTP/1.1)
POST /session/5b550ea34a3f786d96da870e0dc05768/execute/sync HTTP/1.1
User-Agent: selenium/4.8.1 (java windows)
Content-Length: 176
Content-Type: application/json; charset=utf-8
host: localhost:24731
accept: */*

Response DefaultHttpResponse(decodeResult: success, version: HTTP/1.1)
HTTP/1.1 200 OK
Content-Length: 22414
Content-Type: application/json; charset=utf-8
cache-control: no-cache

22:58:44.388 [AsyncHttpClient-1-2] DEBUG org.asynchttpclient.netty.channel.ChannelManager - Adding key: http://localhost:24731 for channel [id: 0x742fc019, L:/127.0.0.1:54199 - R:localhost/127.0.0.1:24731]
22:58:44.394 [Forwarding getCurrentUrl on session 5b550ea34a3f786d96da870e0dc05768 to remote] DEBUG org.asynchttpclient.netty.request.NettyRequestSender - Using pooled Channel '[id: 0x742fc019, L:/127.0.0.1:54199 - R:localhost/127.0.0.1:24731]' for 'GET' to 'http://localhost:24731/session/5b550ea34a3f786d96da870e0dc05768/url'
22:58:44.395 [Forwarding getCurrentUrl on session 5b550ea34a3f786d96da870e0dc05768 to remote] DEBUG org.asynchttpclient.netty.request.NettyRequestSender - Using open Channel [id: 0x742fc019, L:/127.0.0.1:54199 - R:localhost/127.0.0.1:24731] for GET '/session/5b550ea34a3f786d96da870e0dc05768/url'
22:58:44.402 [AsyncHttpClient-1-2] DEBUG org.asynchttpclient.netty.handler.HttpHandler - 

Request DefaultFullHttpRequest(decodeResult: success, version: HTTP/1.1, content: EmptyByteBufBE)
GET /session/5b550ea34a3f786d96da870e0dc05768/url HTTP/1.1
User-Agent: selenium/4.8.1 (java windows)
Cache-Control: no-cache
Content-Type: application/json; charset=utf-8
host: localhost:24731
accept: */*

Response DefaultHttpResponse(decodeResult: success, version: HTTP/1.1)
HTTP/1.1 200 OK
Content-Length: 54
Content-Type: application/json; charset=utf-8
cache-control: no-cache

22:58:44.402 [AsyncHttpClient-1-2] DEBUG org.asynchttpclient.netty.channel.ChannelManager - Adding key: http://localhost:24731 for channel [id: 0x742fc019, L:/127.0.0.1:54199 - R:localhost/127.0.0.1:24731]
22:58:44.413 [Forwarding getPageSource on session 5b550ea34a3f786d96da870e0dc05768 to remote] DEBUG org.asynchttpclient.netty.request.NettyRequestSender - Using pooled Channel '[id: 0x742fc019, L:/127.0.0.1:54199 - R:localhost/127.0.0.1:24731]' for 'POST' to 'http://localhost:24731/session/5b550ea34a3f786d96da870e0dc05768/execute/sync'
22:58:44.414 [Forwarding getPageSource on session 5b550ea34a3f786d96da870e0dc05768 to remote] DEBUG org.asynchttpclient.netty.request.NettyRequestSender - Using open Channel [id: 0x742fc019, L:/127.0.0.1:54199 - R:localhost/127.0.0.1:24731] for POST '/session/5b550ea34a3f786d96da870e0dc05768/execute/sync'
22:58:44.424 [AsyncHttpClient-1-2] DEBUG org.asynchttpclient.netty.handler.HttpHandler - 

Request DefaultHttpRequest(decodeResult: success, version: HTTP/1.1)
POST /session/5b550ea34a3f786d96da870e0dc05768/execute/sync HTTP/1.1
User-Agent: selenium/4.8.1 (java windows)
Content-Length: 176
Content-Type: application/json; charset=utf-8
host: localhost:24731
accept: */*

Response DefaultHttpResponse(decodeResult: success, version: HTTP/1.1)
HTTP/1.1 200 OK
Content-Length: 22414
Content-Type: application/json; charset=utf-8
cache-control: no-cache

22:58:44.424 [AsyncHttpClient-1-2] DEBUG org.asynchttpclient.netty.channel.ChannelManager - Adding key: http://localhost:24731 for channel [id: 0x742fc019, L:/127.0.0.1:54199 - R:localhost/127.0.0.1:24731]
22:58:44.430 [Forwarding getCurrentUrl on session 5b550ea34a3f786d96da870e0dc05768 to remote] DEBUG org.asynchttpclient.netty.request.NettyRequestSender - Using pooled Channel '[id: 0x742fc019, L:/127.0.0.1:54199 - R:localhost/127.0.0.1:24731]' for 'GET' to 'http://localhost:24731/session/5b550ea34a3f786d96da870e0dc05768/url'
22:58:44.430 [Forwarding getCurrentUrl on session 5b550ea34a3f786d96da870e0dc05768 to remote] DEBUG org.asynchttpclient.netty.request.NettyRequestSender - Using open Channel [id: 0x742fc019, L:/127.0.0.1:54199 - R:localhost/127.0.0.1:24731] for GET '/session/5b550ea34a3f786d96da870e0dc05768/url'
22:58:44.438 [AsyncHttpClient-1-2] DEBUG org.asynchttpclient.netty.handler.HttpHandler - 

Request DefaultFullHttpRequest(decodeResult: success, version: HTTP/1.1, content: EmptyByteBufBE)
GET /session/5b550ea34a3f786d96da870e0dc05768/url HTTP/1.1
User-Agent: selenium/4.8.1 (java windows)
Cache-Control: no-cache
Content-Type: application/json; charset=utf-8
host: localhost:24731
accept: */*

Response DefaultHttpResponse(decodeResult: success, version: HTTP/1.1)
HTTP/1.1 200 OK
Content-Length: 54
Content-Type: application/json; charset=utf-8
cache-control: no-cache

22:58:44.438 [AsyncHttpClient-1-2] DEBUG org.asynchttpclient.netty.channel.ChannelManager - Adding key: http://localhost:24731 for channel [id: 0x742fc019, L:/127.0.0.1:54199 - R:localhost/127.0.0.1:24731]
22:58:44.440 [main] DEBUG net.thucydides.core.steps.StepInterceptor - STARTING STEP: RegisterSteps.enterValidPassword - inputPassword
22:58:44.444 [Forwarding findElement on session 5b550ea34a3f786d96da870e0dc05768 to remote] DEBUG org.asynchttpclient.netty.request.NettyRequestSender - Using pooled Channel '[id: 0x742fc019, L:/127.0.0.1:54199 - R:localhost/127.0.0.1:24731]' for 'POST' to 'http://localhost:24731/session/5b550ea34a3f786d96da870e0dc05768/element'
22:58:44.444 [Forwarding findElement on session 5b550ea34a3f786d96da870e0dc05768 to remote] DEBUG org.asynchttpclient.netty.request.NettyRequestSender - Using open Channel [id: 0x742fc019, L:/127.0.0.1:54199 - R:localhost/127.0.0.1:24731] for POST '/session/5b550ea34a3f786d96da870e0dc05768/element'
22:58:44.460 [AsyncHttpClient-1-2] DEBUG org.asynchttpclient.netty.handler.HttpHandler - 

Request DefaultHttpRequest(decodeResult: success, version: HTTP/1.1)
POST /session/5b550ea34a3f786d96da870e0dc05768/element HTTP/1.1
User-Agent: selenium/4.8.1 (java windows)
Content-Length: 55
Content-Type: application/json; charset=utf-8
host: localhost:24731
accept: */*

Response DefaultHttpResponse(decodeResult: success, version: HTTP/1.1)
HTTP/1.1 200 OK
Content-Length: 95
Content-Type: application/json; charset=utf-8
cache-control: no-cache

22:58:44.460 [AsyncHttpClient-1-2] DEBUG org.asynchttpclient.netty.channel.ChannelManager - Adding key: http://localhost:24731 for channel [id: 0x742fc019, L:/127.0.0.1:54199 - R:localhost/127.0.0.1:24731]
22:58:44.462 [Forwarding clearElement on session 5b550ea34a3f786d96da870e0dc05768 to remote] DEBUG org.asynchttpclient.netty.request.NettyRequestSender - Using pooled Channel '[id: 0x742fc019, L:/127.0.0.1:54199 - R:localhost/127.0.0.1:24731]' for 'POST' to 'http://localhost:24731/session/5b550ea34a3f786d96da870e0dc05768/element/F479E4C9543A83AD3A378BEEC1FD0DE2_element_10/clear'
22:58:44.462 [Forwarding clearElement on session 5b550ea34a3f786d96da870e0dc05768 to remote] DEBUG org.asynchttpclient.netty.request.NettyRequestSender - Using open Channel [id: 0x742fc019, L:/127.0.0.1:54199 - R:localhost/127.0.0.1:24731] for POST '/session/5b550ea34a3f786d96da870e0dc05768/element/F479E4C9543A83AD3A378BEEC1FD0DE2_element_10/clear'
22:58:44.497 [AsyncHttpClient-1-1] DEBUG org.asynchttpclient.netty.channel.DefaultChannelPool - Entry count for : http://localhost:54200 : 1
22:58:44.500 [AsyncHttpClient-1-2] DEBUG org.asynchttpclient.netty.handler.HttpHandler - 

Request DefaultHttpRequest(decodeResult: success, version: HTTP/1.1)
POST /session/5b550ea34a3f786d96da870e0dc05768/element/F479E4C9543A83AD3A378BEEC1FD0DE2_element_10/clear HTTP/1.1
User-Agent: selenium/4.8.1 (java windows)
Content-Length: 57
Content-Type: application/json; charset=utf-8
host: localhost:24731
accept: */*

Response DefaultHttpResponse(decodeResult: success, version: HTTP/1.1)
HTTP/1.1 200 OK
Content-Length: 14
Content-Type: application/json; charset=utf-8
cache-control: no-cache

22:58:44.500 [AsyncHttpClient-1-2] DEBUG org.asynchttpclient.netty.channel.ChannelManager - Adding key: http://localhost:24731 for channel [id: 0x742fc019, L:/127.0.0.1:54199 - R:localhost/127.0.0.1:24731]
22:58:44.503 [Forwarding sendKeysToElement on session 5b550ea34a3f786d96da870e0dc05768 to remote] DEBUG org.asynchttpclient.netty.request.NettyRequestSender - Using pooled Channel '[id: 0x742fc019, L:/127.0.0.1:54199 - R:localhost/127.0.0.1:24731]' for 'POST' to 'http://localhost:24731/session/5b550ea34a3f786d96da870e0dc05768/element/F479E4C9543A83AD3A378BEEC1FD0DE2_element_10/value'
22:58:44.503 [Forwarding sendKeysToElement on session 5b550ea34a3f786d96da870e0dc05768 to remote] DEBUG org.asynchttpclient.netty.request.NettyRequestSender - Using open Channel [id: 0x742fc019, L:/127.0.0.1:54199 - R:localhost/127.0.0.1:24731] for POST '/session/5b550ea34a3f786d96da870e0dc05768/element/F479E4C9543A83AD3A378BEEC1FD0DE2_element_10/value'
22:58:44.602 [AsyncHttpClient-1-2] DEBUG org.asynchttpclient.netty.handler.HttpHandler - 

Request DefaultHttpRequest(decodeResult: success, version: HTTP/1.1)
POST /session/5b550ea34a3f786d96da870e0dc05768/element/F479E4C9543A83AD3A378BEEC1FD0DE2_element_10/value HTTP/1.1
User-Agent: selenium/4.8.1 (java windows)
Content-Length: 148
Content-Type: application/json; charset=utf-8
host: localhost:24731
accept: */*

Response DefaultHttpResponse(decodeResult: success, version: HTTP/1.1)
HTTP/1.1 200 OK
Content-Length: 14
Content-Type: application/json; charset=utf-8
cache-control: no-cache

22:58:44.603 [AsyncHttpClient-1-2] DEBUG org.asynchttpclient.netty.channel.ChannelManager - Adding key: http://localhost:24731 for channel [id: 0x742fc019, L:/127.0.0.1:54199 - R:localhost/127.0.0.1:24731]
22:58:44.610 [Forwarding getAlertText on session 5b550ea34a3f786d96da870e0dc05768 to remote] DEBUG org.asynchttpclient.netty.request.NettyRequestSender - Using pooled Channel '[id: 0x742fc019, L:/127.0.0.1:54199 - R:localhost/127.0.0.1:24731]' for 'GET' to 'http://localhost:24731/session/5b550ea34a3f786d96da870e0dc05768/alert/text'
22:58:44.610 [Forwarding getAlertText on session 5b550ea34a3f786d96da870e0dc05768 to remote] DEBUG org.asynchttpclient.netty.request.NettyRequestSender - Using open Channel [id: 0x742fc019, L:/127.0.0.1:54199 - R:localhost/127.0.0.1:24731] for GET '/session/5b550ea34a3f786d96da870e0dc05768/alert/text'
22:58:44.612 [AsyncHttpClient-1-2] DEBUG org.asynchttpclient.netty.handler.HttpHandler - 

Request DefaultFullHttpRequest(decodeResult: success, version: HTTP/1.1, content: EmptyByteBufBE)
GET /session/5b550ea34a3f786d96da870e0dc05768/alert/text HTTP/1.1
User-Agent: selenium/4.8.1 (java windows)
Cache-Control: no-cache
Content-Type: application/json; charset=utf-8
host: localhost:24731
accept: */*

Response DefaultHttpResponse(decodeResult: success, version: HTTP/1.1)
HTTP/1.1 404 Not Found
Content-Length: 820
Content-Type: application/json; charset=utf-8
cache-control: no-cache

22:58:44.612 [AsyncHttpClient-1-2] DEBUG org.asynchttpclient.netty.channel.ChannelManager - Adding key: http://localhost:24731 for channel [id: 0x742fc019, L:/127.0.0.1:54199 - R:localhost/127.0.0.1:24731]
22:58:44.616 [Forwarding getCurrentUrl on session 5b550ea34a3f786d96da870e0dc05768 to remote] DEBUG org.asynchttpclient.netty.request.NettyRequestSender - Using pooled Channel '[id: 0x742fc019, L:/127.0.0.1:54199 - R:localhost/127.0.0.1:24731]' for 'GET' to 'http://localhost:24731/session/5b550ea34a3f786d96da870e0dc05768/url'
22:58:44.616 [Forwarding getCurrentUrl on session 5b550ea34a3f786d96da870e0dc05768 to remote] DEBUG org.asynchttpclient.netty.request.NettyRequestSender - Using open Channel [id: 0x742fc019, L:/127.0.0.1:54199 - R:localhost/127.0.0.1:24731] for GET '/session/5b550ea34a3f786d96da870e0dc05768/url'
22:58:44.625 [AsyncHttpClient-1-2] DEBUG org.asynchttpclient.netty.handler.HttpHandler - 

Request DefaultFullHttpRequest(decodeResult: success, version: HTTP/1.1, content: EmptyByteBufBE)
GET /session/5b550ea34a3f786d96da870e0dc05768/url HTTP/1.1
User-Agent: selenium/4.8.1 (java windows)
Cache-Control: no-cache
Content-Type: application/json; charset=utf-8
host: localhost:24731
accept: */*

Response DefaultHttpResponse(decodeResult: success, version: HTTP/1.1)
HTTP/1.1 200 OK
Content-Length: 54
Content-Type: application/json; charset=utf-8
cache-control: no-cache

22:58:44.625 [AsyncHttpClient-1-2] DEBUG org.asynchttpclient.netty.channel.ChannelManager - Adding key: http://localhost:24731 for channel [id: 0x742fc019, L:/127.0.0.1:54199 - R:localhost/127.0.0.1:24731]
22:58:44.627 [Forwarding screenshot on session 5b550ea34a3f786d96da870e0dc05768 to remote] DEBUG org.asynchttpclient.netty.request.NettyRequestSender - Using pooled Channel '[id: 0x742fc019, L:/127.0.0.1:54199 - R:localhost/127.0.0.1:24731]' for 'GET' to 'http://localhost:24731/session/5b550ea34a3f786d96da870e0dc05768/screenshot'
22:58:44.627 [Forwarding screenshot on session 5b550ea34a3f786d96da870e0dc05768 to remote] DEBUG org.asynchttpclient.netty.request.NettyRequestSender - Using open Channel [id: 0x742fc019, L:/127.0.0.1:54199 - R:localhost/127.0.0.1:24731] for GET '/session/5b550ea34a3f786d96da870e0dc05768/screenshot'
22:58:44.895 [AsyncHttpClient-1-2] DEBUG org.asynchttpclient.netty.handler.HttpHandler - 

Request DefaultFullHttpRequest(decodeResult: success, version: HTTP/1.1, content: EmptyByteBufBE)
GET /session/5b550ea34a3f786d96da870e0dc05768/screenshot HTTP/1.1
User-Agent: selenium/4.8.1 (java windows)
Cache-Control: no-cache
Content-Type: application/json; charset=utf-8
host: localhost:24731
accept: */*

Response DefaultHttpResponse(decodeResult: success, version: HTTP/1.1)
HTTP/1.1 200 OK
Content-Length: 49980
Content-Type: application/json; charset=utf-8
cache-control: no-cache

22:58:44.896 [AsyncHttpClient-1-2] DEBUG org.asynchttpclient.netty.channel.ChannelManager - Adding key: http://localhost:24731 for channel [id: 0x742fc019, L:/127.0.0.1:54199 - R:localhost/127.0.0.1:24731]
22:58:44.901 [main] DEBUG net.serenitybdd.core.photography.Darkroom - Send negative for processing for target\site\serenity\f583eafd8669747912b5958ab51b18050e54bd76490c446e7a962ed8a9c65adb.png
22:58:44.902 [Darkroom Processing Line] DEBUG net.serenitybdd.core.photography.DarkroomProcessingLine - Processing screenshot image in /var/screenshots/screenshot-8760170672842239589
22:58:44.902 [Darkroom Processing Line] DEBUG net.serenitybdd.core.photography.DarkroomProcessingLine - Saving screenshot to target\site\serenity\f583eafd8669747912b5958ab51b18050e54bd76490c446e7a962ed8a9c65adb.png
22:58:44.902 [main] DEBUG net.thucydides.core.steps.StepInterceptor - STEP DONE: inputPassword
  &amp#27;[32mAnd &amp#27;[0m&amp#27;[32mI enter valid password&amp#27;[0m      &amp#27;[90m# starter.stepdefinitions.RegisterSteps.enterValidPassword()&amp#27;[0m
22:58:44.914 [Forwarding getPageSource on session 5b550ea34a3f786d96da870e0dc05768 to remote] DEBUG org.asynchttpclient.netty.request.NettyRequestSender - Using pooled Channel '[id: 0x742fc019, L:/127.0.0.1:54199 - R:localhost/127.0.0.1:24731]' for 'POST' to 'http://localhost:24731/session/5b550ea34a3f786d96da870e0dc05768/execute/sync'
22:58:44.914 [Forwarding getPageSource on session 5b550ea34a3f786d96da870e0dc05768 to remote] DEBUG org.asynchttpclient.netty.request.NettyRequestSender - Using open Channel [id: 0x742fc019, L:/127.0.0.1:54199 - R:localhost/127.0.0.1:24731] for POST '/session/5b550ea34a3f786d96da870e0dc05768/execute/sync'
22:58:44.924 [AsyncHttpClient-1-2] DEBUG org.asynchttpclient.netty.handler.HttpHandler - 

Request DefaultHttpRequest(decodeResult: success, version: HTTP/1.1)
POST /session/5b550ea34a3f786d96da870e0dc05768/execute/sync HTTP/1.1
User-Agent: selenium/4.8.1 (java windows)
Content-Length: 176
Content-Type: application/json; charset=utf-8
host: localhost:24731
accept: */*

Response DefaultHttpResponse(decodeResult: success, version: HTTP/1.1)
HTTP/1.1 200 OK
Content-Length: 22473
Content-Type: application/json; charset=utf-8
cache-control: no-cache

22:58:44.924 [AsyncHttpClient-1-2] DEBUG org.asynchttpclient.netty.channel.ChannelManager - Adding key: http://localhost:24731 for channel [id: 0x742fc019, L:/127.0.0.1:54199 - R:localhost/127.0.0.1:24731]
22:58:44.929 [Forwarding getCurrentUrl on session 5b550ea34a3f786d96da870e0dc05768 to remote] DEBUG org.asynchttpclient.netty.request.NettyRequestSender - Using pooled Channel '[id: 0x742fc019, L:/127.0.0.1:54199 - R:localhost/127.0.0.1:24731]' for 'GET' to 'http://localhost:24731/session/5b550ea34a3f786d96da870e0dc05768/url'
22:58:44.929 [Forwarding getCurrentUrl on session 5b550ea34a3f786d96da870e0dc05768 to remote] DEBUG org.asynchttpclient.netty.request.NettyRequestSender - Using open Channel [id: 0x742fc019, L:/127.0.0.1:54199 - R:localhost/127.0.0.1:24731] for GET '/session/5b550ea34a3f786d96da870e0dc05768/url'
22:58:44.936 [AsyncHttpClient-1-2] DEBUG org.asynchttpclient.netty.handler.HttpHandler - 

Request DefaultFullHttpRequest(decodeResult: success, version: HTTP/1.1, content: EmptyByteBufBE)
GET /session/5b550ea34a3f786d96da870e0dc05768/url HTTP/1.1
User-Agent: selenium/4.8.1 (java windows)
Cache-Control: no-cache
Content-Type: application/json; charset=utf-8
host: localhost:24731
accept: */*

Response DefaultHttpResponse(decodeResult: success, version: HTTP/1.1)
HTTP/1.1 200 OK
Content-Length: 54
Content-Type: application/json; charset=utf-8
cache-control: no-cache

22:58:44.936 [AsyncHttpClient-1-2] DEBUG org.asynchttpclient.netty.channel.ChannelManager - Adding key: http://localhost:24731 for channel [id: 0x742fc019, L:/127.0.0.1:54199 - R:localhost/127.0.0.1:24731]
22:58:44.944 [Forwarding getPageSource on session 5b550ea34a3f786d96da870e0dc05768 to remote] DEBUG org.asynchttpclient.netty.request.NettyRequestSender - Using pooled Channel '[id: 0x742fc019, L:/127.0.0.1:54199 - R:localhost/127.0.0.1:24731]' for 'POST' to 'http://localhost:24731/session/5b550ea34a3f786d96da870e0dc05768/execute/sync'
22:58:44.944 [Forwarding getPageSource on session 5b550ea34a3f786d96da870e0dc05768 to remote] DEBUG org.asynchttpclient.netty.request.NettyRequestSender - Using open Channel [id: 0x742fc019, L:/127.0.0.1:54199 - R:localhost/127.0.0.1:24731] for POST '/session/5b550ea34a3f786d96da870e0dc05768/execute/sync'
22:58:44.954 [AsyncHttpClient-1-2] DEBUG org.asynchttpclient.netty.handler.HttpHandler - 

Request DefaultHttpRequest(decodeResult: success, version: HTTP/1.1)
POST /session/5b550ea34a3f786d96da870e0dc05768/execute/sync HTTP/1.1
User-Agent: selenium/4.8.1 (java windows)
Content-Length: 176
Content-Type: application/json; charset=utf-8
host: localhost:24731
accept: */*

Response DefaultHttpResponse(decodeResult: success, version: HTTP/1.1)
HTTP/1.1 200 OK
Content-Length: 22473
Content-Type: application/json; charset=utf-8
cache-control: no-cache

22:58:44.954 [AsyncHttpClient-1-2] DEBUG org.asynchttpclient.netty.channel.ChannelManager - Adding key: http://localhost:24731 for channel [id: 0x742fc019, L:/127.0.0.1:54199 - R:localhost/127.0.0.1:24731]
22:58:44.958 [Forwarding getCurrentUrl on session 5b550ea34a3f786d96da870e0dc05768 to remote] DEBUG org.asynchttpclient.netty.request.NettyRequestSender - Using pooled Channel '[id: 0x742fc019, L:/127.0.0.1:54199 - R:localhost/127.0.0.1:24731]' for 'GET' to 'http://localhost:24731/session/5b550ea34a3f786d96da870e0dc05768/url'
22:58:44.958 [Forwarding getCurrentUrl on session 5b550ea34a3f786d96da870e0dc05768 to remote] DEBUG org.asynchttpclient.netty.request.NettyRequestSender - Using open Channel [id: 0x742fc019, L:/127.0.0.1:54199 - R:localhost/127.0.0.1:24731] for GET '/session/5b550ea34a3f786d96da870e0dc05768/url'
22:58:44.964 [AsyncHttpClient-1-2] DEBUG org.asynchttpclient.netty.handler.HttpHandler - 

Request DefaultFullHttpRequest(decodeResult: success, version: HTTP/1.1, content: EmptyByteBufBE)
GET /session/5b550ea34a3f786d96da870e0dc05768/url HTTP/1.1
User-Agent: selenium/4.8.1 (java windows)
Cache-Control: no-cache
Content-Type: application/json; charset=utf-8
host: localhost:24731
accept: */*

Response DefaultHttpResponse(decodeResult: success, version: HTTP/1.1)
HTTP/1.1 200 OK
Content-Length: 54
Content-Type: application/json; charset=utf-8
cache-control: no-cache

22:58:44.964 [AsyncHttpClient-1-2] DEBUG org.asynchttpclient.netty.channel.ChannelManager - Adding key: http://localhost:24731 for channel [id: 0x742fc019, L:/127.0.0.1:54199 - R:localhost/127.0.0.1:24731]
22:58:44.968 [main] DEBUG net.thucydides.core.steps.StepInterceptor - STARTING STEP: RegisterSteps.clickRegButton - clickRegButton
22:58:44.974 [Forwarding findElement on session 5b550ea34a3f786d96da870e0dc05768 to remote] DEBUG org.asynchttpclient.netty.request.NettyRequestSender - Using pooled Channel '[id: 0x742fc019, L:/127.0.0.1:54199 - R:localhost/127.0.0.1:24731]' for 'POST' to 'http://localhost:24731/session/5b550ea34a3f786d96da870e0dc05768/element'
22:58:44.974 [Forwarding findElement on session 5b550ea34a3f786d96da870e0dc05768 to remote] DEBUG org.asynchttpclient.netty.request.NettyRequestSender - Using open Channel [id: 0x742fc019, L:/127.0.0.1:54199 - R:localhost/127.0.0.1:24731] for POST '/session/5b550ea34a3f786d96da870e0dc05768/element'
22:58:44.993 [AsyncHttpClient-1-2] DEBUG org.asynchttpclient.netty.handler.HttpHandler - 

Request DefaultHttpRequest(decodeResult: success, version: HTTP/1.1)
POST /session/5b550ea34a3f786d96da870e0dc05768/element HTTP/1.1
User-Agent: selenium/4.8.1 (java windows)
Content-Length: 142
Content-Type: application/json; charset=utf-8
host: localhost:24731
accept: */*

Response DefaultHttpResponse(decodeResult: success, version: HTTP/1.1)
HTTP/1.1 200 OK
Content-Length: 94
Content-Type: application/json; charset=utf-8
cache-control: no-cache

22:58:44.994 [AsyncHttpClient-1-2] DEBUG org.asynchttpclient.netty.channel.ChannelManager - Adding key: http://localhost:24731 for channel [id: 0x742fc019, L:/127.0.0.1:54199 - R:localhost/127.0.0.1:24731]
22:58:44.996 [Forwarding getElementTagName on session 5b550ea34a3f786d96da870e0dc05768 to remote] DEBUG org.asynchttpclient.netty.request.NettyRequestSender - Using pooled Channel '[id: 0x742fc019, L:/127.0.0.1:54199 - R:localhost/127.0.0.1:24731]' for 'GET' to 'http://localhost:24731/session/5b550ea34a3f786d96da870e0dc05768/element/F479E4C9543A83AD3A378BEEC1FD0DE2_element_2/name'
22:58:44.996 [Forwarding getElementTagName on session 5b550ea34a3f786d96da870e0dc05768 to remote] DEBUG org.asynchttpclient.netty.request.NettyRequestSender - Using open Channel [id: 0x742fc019, L:/127.0.0.1:54199 - R:localhost/127.0.0.1:24731] for GET '/session/5b550ea34a3f786d96da870e0dc05768/element/F479E4C9543A83AD3A378BEEC1FD0DE2_element_2/name'
22:58:45.008 [AsyncHttpClient-1-2] DEBUG org.asynchttpclient.netty.handler.HttpHandler - 

Request DefaultFullHttpRequest(decodeResult: success, version: HTTP/1.1, content: EmptyByteBufBE)
GET /session/5b550ea34a3f786d96da870e0dc05768/element/F479E4C9543A83AD3A378BEEC1FD0DE2_element_2/name HTTP/1.1
User-Agent: selenium/4.8.1 (java windows)
Cache-Control: no-cache
Content-Type: application/json; charset=utf-8
host: localhost:24731
accept: */*

Response DefaultHttpResponse(decodeResult: success, version: HTTP/1.1)
HTTP/1.1 200 OK
Content-Length: 18
Content-Type: application/json; charset=utf-8
cache-control: no-cache

22:58:45.008 [AsyncHttpClient-1-2] DEBUG org.asynchttpclient.netty.channel.ChannelManager - Adding key: http://localhost:24731 for channel [id: 0x742fc019, L:/127.0.0.1:54199 - R:localhost/127.0.0.1:24731]
22:58:45.009 [Forwarding getElementTagName on session 5b550ea34a3f786d96da870e0dc05768 to remote] DEBUG org.asynchttpclient.netty.request.NettyRequestSender - Using pooled Channel '[id: 0x742fc019, L:/127.0.0.1:54199 - R:localhost/127.0.0.1:24731]' for 'GET' to 'http://localhost:24731/session/5b550ea34a3f786d96da870e0dc05768/element/F479E4C9543A83AD3A378BEEC1FD0DE2_element_2/name'
22:58:45.010 [Forwarding getElementTagName on session 5b550ea34a3f786d96da870e0dc05768 to remote] DEBUG org.asynchttpclient.netty.request.NettyRequestSender - Using open Channel [id: 0x742fc019, L:/127.0.0.1:54199 - R:localhost/127.0.0.1:24731] for GET '/session/5b550ea34a3f786d96da870e0dc05768/element/F479E4C9543A83AD3A378BEEC1FD0DE2_element_2/name'
22:58:45.020 [AsyncHttpClient-1-2] DEBUG org.asynchttpclient.netty.handler.HttpHandler - 

Request DefaultFullHttpRequest(decodeResult: success, version: HTTP/1.1, content: EmptyByteBufBE)
GET /session/5b550ea34a3f786d96da870e0dc05768/element/F479E4C9543A83AD3A378BEEC1FD0DE2_element_2/name HTTP/1.1
User-Agent: selenium/4.8.1 (java windows)
Cache-Control: no-cache
Content-Type: application/json; charset=utf-8
host: localhost:24731
accept: */*

Response DefaultHttpResponse(decodeResult: success, version: HTTP/1.1)
HTTP/1.1 200 OK
Content-Length: 18
Content-Type: application/json; charset=utf-8
cache-control: no-cache

22:58:45.020 [AsyncHttpClient-1-2] DEBUG org.asynchttpclient.netty.channel.ChannelManager - Adding key: http://localhost:24731 for channel [id: 0x742fc019, L:/127.0.0.1:54199 - R:localhost/127.0.0.1:24731]
22:58:45.024 [Forwarding isElementEnabled on session 5b550ea34a3f786d96da870e0dc05768 to remote] DEBUG org.asynchttpclient.netty.request.NettyRequestSender - Using pooled Channel '[id: 0x742fc019, L:/127.0.0.1:54199 - R:localhost/127.0.0.1:24731]' for 'GET' to 'http://localhost:24731/session/5b550ea34a3f786d96da870e0dc05768/element/F479E4C9543A83AD3A378BEEC1FD0DE2_element_2/enabled'
22:58:45.024 [Forwarding isElementEnabled on session 5b550ea34a3f786d96da870e0dc05768 to remote] DEBUG org.asynchttpclient.netty.request.NettyRequestSender - Using open Channel [id: 0x742fc019, L:/127.0.0.1:54199 - R:localhost/127.0.0.1:24731] for GET '/session/5b550ea34a3f786d96da870e0dc05768/element/F479E4C9543A83AD3A378BEEC1FD0DE2_element_2/enabled'
22:58:45.037 [AsyncHttpClient-1-2] DEBUG org.asynchttpclient.netty.handler.HttpHandler - 

Request DefaultFullHttpRequest(decodeResult: success, version: HTTP/1.1, content: EmptyByteBufBE)
GET /session/5b550ea34a3f786d96da870e0dc05768/element/F479E4C9543A83AD3A378BEEC1FD0DE2_element_2/enabled HTTP/1.1
User-Agent: selenium/4.8.1 (java windows)
Cache-Control: no-cache
Content-Type: application/json; charset=utf-8
host: localhost:24731
accept: */*

Response DefaultHttpResponse(decodeResult: success, version: HTTP/1.1)
HTTP/1.1 200 OK
Content-Length: 14
Content-Type: application/json; charset=utf-8
cache-control: no-cache

22:58:45.037 [AsyncHttpClient-1-2] DEBUG org.asynchttpclient.netty.channel.ChannelManager - Adding key: http://localhost:24731 for channel [id: 0x742fc019, L:/127.0.0.1:54199 - R:localhost/127.0.0.1:24731]
22:58:45.039 [Forwarding isElementEnabled on session 5b550ea34a3f786d96da870e0dc05768 to remote] DEBUG org.asynchttpclient.netty.request.NettyRequestSender - Using pooled Channel '[id: 0x742fc019, L:/127.0.0.1:54199 - R:localhost/127.0.0.1:24731]' for 'GET' to 'http://localhost:24731/session/5b550ea34a3f786d96da870e0dc05768/element/F479E4C9543A83AD3A378BEEC1FD0DE2_element_2/enabled'
22:58:45.039 [Forwarding isElementEnabled on session 5b550ea34a3f786d96da870e0dc05768 to remote] DEBUG org.asynchttpclient.netty.request.NettyRequestSender - Using open Channel [id: 0x742fc019, L:/127.0.0.1:54199 - R:localhost/127.0.0.1:24731] for GET '/session/5b550ea34a3f786d96da870e0dc05768/element/F479E4C9543A83AD3A378BEEC1FD0DE2_element_2/enabled'
22:58:45.048 [AsyncHttpClient-1-2] DEBUG org.asynchttpclient.netty.handler.HttpHandler - 

Request DefaultFullHttpRequest(decodeResult: success, version: HTTP/1.1, content: EmptyByteBufBE)
GET /session/5b550ea34a3f786d96da870e0dc05768/element/F479E4C9543A83AD3A378BEEC1FD0DE2_element_2/enabled HTTP/1.1
User-Agent: selenium/4.8.1 (java windows)
Cache-Control: no-cache
Content-Type: application/json; charset=utf-8
host: localhost:24731
accept: */*

Response DefaultHttpResponse(decodeResult: success, version: HTTP/1.1)
HTTP/1.1 200 OK
Content-Length: 14
Content-Type: application/json; charset=utf-8
cache-control: no-cache

22:58:45.048 [AsyncHttpClient-1-2] DEBUG org.asynchttpclient.netty.channel.ChannelManager - Adding key: http://localhost:24731 for channel [id: 0x742fc019, L:/127.0.0.1:54199 - R:localhost/127.0.0.1:24731]
22:58:45.052 [Forwarding findElement on session 5b550ea34a3f786d96da870e0dc05768 to remote] DEBUG org.asynchttpclient.netty.request.NettyRequestSender - Using pooled Channel '[id: 0x742fc019, L:/127.0.0.1:54199 - R:localhost/127.0.0.1:24731]' for 'POST' to 'http://localhost:24731/session/5b550ea34a3f786d96da870e0dc05768/element'
22:58:45.052 [Forwarding findElement on session 5b550ea34a3f786d96da870e0dc05768 to remote] DEBUG org.asynchttpclient.netty.request.NettyRequestSender - Using open Channel [id: 0x742fc019, L:/127.0.0.1:54199 - R:localhost/127.0.0.1:24731] for POST '/session/5b550ea34a3f786d96da870e0dc05768/element'
22:58:45.064 [AsyncHttpClient-1-2] DEBUG org.asynchttpclient.netty.handler.HttpHandler - 

Request DefaultHttpRequest(decodeResult: success, version: HTTP/1.1)
POST /session/5b550ea34a3f786d96da870e0dc05768/element HTTP/1.1
User-Agent: selenium/4.8.1 (java windows)
Content-Length: 142
Content-Type: application/json; charset=utf-8
host: localhost:24731
accept: */*

Response DefaultHttpResponse(decodeResult: success, version: HTTP/1.1)
HTTP/1.1 200 OK
Content-Length: 94
Content-Type: application/json; charset=utf-8
cache-control: no-cache

22:58:45.064 [AsyncHttpClient-1-2] DEBUG org.asynchttpclient.netty.channel.ChannelManager - Adding key: http://localhost:24731 for channel [id: 0x742fc019, L:/127.0.0.1:54199 - R:localhost/127.0.0.1:24731]
22:58:45.066 [Forwarding clickElement on session 5b550ea34a3f786d96da870e0dc05768 to remote] DEBUG org.asynchttpclient.netty.request.NettyRequestSender - Using pooled Channel '[id: 0x742fc019, L:/127.0.0.1:54199 - R:localhost/127.0.0.1:24731]' for 'POST' to 'http://localhost:24731/session/5b550ea34a3f786d96da870e0dc05768/element/F479E4C9543A83AD3A378BEEC1FD0DE2_element_2/click'
22:58:45.066 [Forwarding clickElement on session 5b550ea34a3f786d96da870e0dc05768 to remote] DEBUG org.asynchttpclient.netty.request.NettyRequestSender - Using open Channel [id: 0x742fc019, L:/127.0.0.1:54199 - R:localhost/127.0.0.1:24731] for POST '/session/5b550ea34a3f786d96da870e0dc05768/element/F479E4C9543A83AD3A378BEEC1FD0DE2_element_2/click'
22:58:45.198 [AsyncHttpClient-1-2] DEBUG org.asynchttpclient.netty.handler.HttpHandler - 

Request DefaultHttpRequest(decodeResult: success, version: HTTP/1.1)
POST /session/5b550ea34a3f786d96da870e0dc05768/element/F479E4C9543A83AD3A378BEEC1FD0DE2_element_2/click HTTP/1.1
User-Agent: selenium/4.8.1 (java windows)
Content-Length: 56
Content-Type: application/json; charset=utf-8
host: localhost:24731
accept: */*

Response DefaultHttpResponse(decodeResult: success, version: HTTP/1.1)
HTTP/1.1 200 OK
Content-Length: 14
Content-Type: application/json; charset=utf-8
cache-control: no-cache

22:58:45.198 [AsyncHttpClient-1-2] DEBUG org.asynchttpclient.netty.channel.ChannelManager - Adding key: http://localhost:24731 for channel [id: 0x742fc019, L:/127.0.0.1:54199 - R:localhost/127.0.0.1:24731]
22:58:45.218 [Forwarding getAlertText on session 5b550ea34a3f786d96da870e0dc05768 to remote] DEBUG org.asynchttpclient.netty.request.NettyRequestSender - Using pooled Channel '[id: 0x742fc019, L:/127.0.0.1:54199 - R:localhost/127.0.0.1:24731]' for 'GET' to 'http://localhost:24731/session/5b550ea34a3f786d96da870e0dc05768/alert/text'
22:58:45.218 [Forwarding getAlertText on session 5b550ea34a3f786d96da870e0dc05768 to remote] DEBUG org.asynchttpclient.netty.request.NettyRequestSender - Using open Channel [id: 0x742fc019, L:/127.0.0.1:54199 - R:localhost/127.0.0.1:24731] for GET '/session/5b550ea34a3f786d96da870e0dc05768/alert/text'
22:58:45.223 [AsyncHttpClient-1-2] DEBUG org.asynchttpclient.netty.handler.HttpHandler - 

Request DefaultFullHttpRequest(decodeResult: success, version: HTTP/1.1, content: EmptyByteBufBE)
GET /session/5b550ea34a3f786d96da870e0dc05768/alert/text HTTP/1.1
User-Agent: selenium/4.8.1 (java windows)
Cache-Control: no-cache
Content-Type: application/json; charset=utf-8
host: localhost:24731
accept: */*

Response DefaultHttpResponse(decodeResult: success, version: HTTP/1.1)
HTTP/1.1 404 Not Found
Content-Length: 820
Content-Type: application/json; charset=utf-8
cache-control: no-cache

22:58:45.223 [AsyncHttpClient-1-2] DEBUG org.asynchttpclient.netty.channel.ChannelManager - Adding key: http://localhost:24731 for channel [id: 0x742fc019, L:/127.0.0.1:54199 - R:localhost/127.0.0.1:24731]
22:58:45.228 [Forwarding getCurrentUrl on session 5b550ea34a3f786d96da870e0dc05768 to remote] DEBUG org.asynchttpclient.netty.request.NettyRequestSender - Using pooled Channel '[id: 0x742fc019, L:/127.0.0.1:54199 - R:localhost/127.0.0.1:24731]' for 'GET' to 'http://localhost:24731/session/5b550ea34a3f786d96da870e0dc05768/url'
22:58:45.228 [Forwarding getCurrentUrl on session 5b550ea34a3f786d96da870e0dc05768 to remote] DEBUG org.asynchttpclient.netty.request.NettyRequestSender - Using open Channel [id: 0x742fc019, L:/127.0.0.1:54199 - R:localhost/127.0.0.1:24731] for GET '/session/5b550ea34a3f786d96da870e0dc05768/url'
22:58:45.246 [AsyncHttpClient-1-2] DEBUG org.asynchttpclient.netty.handler.HttpHandler - 

Request DefaultFullHttpRequest(decodeResult: success, version: HTTP/1.1, content: EmptyByteBufBE)
GET /session/5b550ea34a3f786d96da870e0dc05768/url HTTP/1.1
User-Agent: selenium/4.8.1 (java windows)
Cache-Control: no-cache
Content-Type: application/json; charset=utf-8
host: localhost:24731
accept: */*

Response DefaultHttpResponse(decodeResult: success, version: HTTP/1.1)
HTTP/1.1 200 OK
Content-Length: 54
Content-Type: application/json; charset=utf-8
cache-control: no-cache

22:58:45.247 [AsyncHttpClient-1-2] DEBUG org.asynchttpclient.netty.channel.ChannelManager - Adding key: http://localhost:24731 for channel [id: 0x742fc019, L:/127.0.0.1:54199 - R:localhost/127.0.0.1:24731]
22:58:45.251 [Forwarding screenshot on session 5b550ea34a3f786d96da870e0dc05768 to remote] DEBUG org.asynchttpclient.netty.request.NettyRequestSender - Using pooled Channel '[id: 0x742fc019, L:/127.0.0.1:54199 - R:localhost/127.0.0.1:24731]' for 'GET' to 'http://localhost:24731/session/5b550ea34a3f786d96da870e0dc05768/screenshot'
22:58:45.251 [Forwarding screenshot on session 5b550ea34a3f786d96da870e0dc05768 to remote] DEBUG org.asynchttpclient.netty.request.NettyRequestSender - Using open Channel [id: 0x742fc019, L:/127.0.0.1:54199 - R:localhost/127.0.0.1:24731] for GET '/session/5b550ea34a3f786d96da870e0dc05768/screenshot'
22:58:45.461 [AsyncHttpClient-1-2] DEBUG org.asynchttpclient.netty.handler.HttpHandler - 

Request DefaultFullHttpRequest(decodeResult: success, version: HTTP/1.1, content: EmptyByteBufBE)
GET /session/5b550ea34a3f786d96da870e0dc05768/screenshot HTTP/1.1
User-Agent: selenium/4.8.1 (java windows)
Cache-Control: no-cache
Content-Type: application/json; charset=utf-8
host: localhost:24731
accept: */*

Response DefaultHttpResponse(decodeResult: success, version: HTTP/1.1)
HTTP/1.1 200 OK
Content-Length: 48688
Content-Type: application/json; charset=utf-8
cache-control: no-cache

22:58:45.462 [AsyncHttpClient-1-2] DEBUG org.asynchttpclient.netty.channel.ChannelManager - Adding key: http://localhost:24731 for channel [id: 0x742fc019, L:/127.0.0.1:54199 - R:localhost/127.0.0.1:24731]
22:58:45.466 [main] DEBUG net.serenitybdd.core.photography.Darkroom - Send negative for processing for target\site\serenity\8f0294c5b43c8e56a92dcad90f76998296d0efd1ed5d602479acac2545bd85c3.png
22:58:45.466 [main] DEBUG net.thucydides.core.steps.StepInterceptor - STEP DONE: clickRegButton
  &amp#27;[32mAnd &amp#27;[0m&amp#27;[32mclick register button&amp#27;[0m       &amp#27;[90m# starter.stepdefinitions.RegisterSteps.clickRegButton()&amp#27;[0m
22:58:45.466 [Darkroom Processing Line] DEBUG net.serenitybdd.core.photography.DarkroomProcessingLine - Processing screenshot image in /var/screenshots/screenshot-2099817608584523820
22:58:45.466 [Darkroom Processing Line] DEBUG net.serenitybdd.core.photography.DarkroomProcessingLine - Saving screenshot to target\site\serenity\8f0294c5b43c8e56a92dcad90f76998296d0efd1ed5d602479acac2545bd85c3.png
22:58:45.476 [Forwarding getPageSource on session 5b550ea34a3f786d96da870e0dc05768 to remote] DEBUG org.asynchttpclient.netty.request.NettyRequestSender - Using pooled Channel '[id: 0x742fc019, L:/127.0.0.1:54199 - R:localhost/127.0.0.1:24731]' for 'POST' to 'http://localhost:24731/session/5b550ea34a3f786d96da870e0dc05768/execute/sync'
22:58:45.476 [Forwarding getPageSource on session 5b550ea34a3f786d96da870e0dc05768 to remote] DEBUG org.asynchttpclient.netty.request.NettyRequestSender - Using open Channel [id: 0x742fc019, L:/127.0.0.1:54199 - R:localhost/127.0.0.1:24731] for POST '/session/5b550ea34a3f786d96da870e0dc05768/execute/sync'
22:58:45.483 [AsyncHttpClient-1-2] DEBUG org.asynchttpclient.netty.handler.HttpHandler - 

Request DefaultHttpRequest(decodeResult: success, version: HTTP/1.1)
POST /session/5b550ea34a3f786d96da870e0dc05768/execute/sync HTTP/1.1
User-Agent: selenium/4.8.1 (java windows)
Content-Length: 176
Content-Type: application/json; charset=utf-8
host: localhost:24731
accept: */*

Response DefaultHttpResponse(decodeResult: success, version: HTTP/1.1)
HTTP/1.1 200 OK
Content-Length: 23186
Content-Type: application/json; charset=utf-8
cache-control: no-cache

22:58:45.484 [AsyncHttpClient-1-2] DEBUG org.asynchttpclient.netty.channel.ChannelManager - Adding key: http://localhost:24731 for channel [id: 0x742fc019, L:/127.0.0.1:54199 - R:localhost/127.0.0.1:24731]
22:58:45.488 [Forwarding getCurrentUrl on session 5b550ea34a3f786d96da870e0dc05768 to remote] DEBUG org.asynchttpclient.netty.request.NettyRequestSender - Using pooled Channel '[id: 0x742fc019, L:/127.0.0.1:54199 - R:localhost/127.0.0.1:24731]' for 'GET' to 'http://localhost:24731/session/5b550ea34a3f786d96da870e0dc05768/url'
22:58:45.488 [Forwarding getCurrentUrl on session 5b550ea34a3f786d96da870e0dc05768 to remote] DEBUG org.asynchttpclient.netty.request.NettyRequestSender - Using open Channel [id: 0x742fc019, L:/127.0.0.1:54199 - R:localhost/127.0.0.1:24731] for GET '/session/5b550ea34a3f786d96da870e0dc05768/url'
22:58:45.495 [AsyncHttpClient-1-2] DEBUG org.asynchttpclient.netty.handler.HttpHandler - 

Request DefaultFullHttpRequest(decodeResult: success, version: HTTP/1.1, content: EmptyByteBufBE)
GET /session/5b550ea34a3f786d96da870e0dc05768/url HTTP/1.1
User-Agent: selenium/4.8.1 (java windows)
Cache-Control: no-cache
Content-Type: application/json; charset=utf-8
host: localhost:24731
accept: */*

Response DefaultHttpResponse(decodeResult: success, version: HTTP/1.1)
HTTP/1.1 200 OK
Content-Length: 54
Content-Type: application/json; charset=utf-8
cache-control: no-cache

22:58:45.495 [AsyncHttpClient-1-2] DEBUG org.asynchttpclient.netty.channel.ChannelManager - Adding key: http://localhost:24731 for channel [id: 0x742fc019, L:/127.0.0.1:54199 - R:localhost/127.0.0.1:24731]
22:58:45.504 [Forwarding getPageSource on session 5b550ea34a3f786d96da870e0dc05768 to remote] DEBUG org.asynchttpclient.netty.request.NettyRequestSender - Using pooled Channel '[id: 0x742fc019, L:/127.0.0.1:54199 - R:localhost/127.0.0.1:24731]' for 'POST' to 'http://localhost:24731/session/5b550ea34a3f786d96da870e0dc05768/execute/sync'
22:58:45.504 [Forwarding getPageSource on session 5b550ea34a3f786d96da870e0dc05768 to remote] DEBUG org.asynchttpclient.netty.request.NettyRequestSender - Using open Channel [id: 0x742fc019, L:/127.0.0.1:54199 - R:localhost/127.0.0.1:24731] for POST '/session/5b550ea34a3f786d96da870e0dc05768/execute/sync'
22:58:45.512 [AsyncHttpClient-1-2] DEBUG org.asynchttpclient.netty.handler.HttpHandler - 

Request DefaultHttpRequest(decodeResult: success, version: HTTP/1.1)
POST /session/5b550ea34a3f786d96da870e0dc05768/execute/sync HTTP/1.1
User-Agent: selenium/4.8.1 (java windows)
Content-Length: 176
Content-Type: application/json; charset=utf-8
host: localhost:24731
accept: */*

Response DefaultHttpResponse(decodeResult: success, version: HTTP/1.1)
HTTP/1.1 200 OK
Content-Length: 23186
Content-Type: application/json; charset=utf-8
cache-control: no-cache

22:58:45.513 [AsyncHttpClient-1-2] DEBUG org.asynchttpclient.netty.channel.ChannelManager - Adding key: http://localhost:24731 for channel [id: 0x742fc019, L:/127.0.0.1:54199 - R:localhost/127.0.0.1:24731]
22:58:45.517 [Forwarding getCurrentUrl on session 5b550ea34a3f786d96da870e0dc05768 to remote] DEBUG org.asynchttpclient.netty.request.NettyRequestSender - Using pooled Channel '[id: 0x742fc019, L:/127.0.0.1:54199 - R:localhost/127.0.0.1:24731]' for 'GET' to 'http://localhost:24731/session/5b550ea34a3f786d96da870e0dc05768/url'
22:58:45.517 [Forwarding getCurrentUrl on session 5b550ea34a3f786d96da870e0dc05768 to remote] DEBUG org.asynchttpclient.netty.request.NettyRequestSender - Using open Channel [id: 0x742fc019, L:/127.0.0.1:54199 - R:localhost/127.0.0.1:24731] for GET '/session/5b550ea34a3f786d96da870e0dc05768/url'
22:58:45.523 [AsyncHttpClient-1-2] DEBUG org.asynchttpclient.netty.handler.HttpHandler - 

Request DefaultFullHttpRequest(decodeResult: success, version: HTTP/1.1, content: EmptyByteBufBE)
GET /session/5b550ea34a3f786d96da870e0dc05768/url HTTP/1.1
User-Agent: selenium/4.8.1 (java windows)
Cache-Control: no-cache
Content-Type: application/json; charset=utf-8
host: localhost:24731
accept: */*

Response DefaultHttpResponse(decodeResult: success, version: HTTP/1.1)
HTTP/1.1 200 OK
Content-Length: 54
Content-Type: application/json; charset=utf-8
cache-control: no-cache

22:58:45.524 [AsyncHttpClient-1-2] DEBUG org.asynchttpclient.netty.channel.ChannelManager - Adding key: http://localhost:24731 for channel [id: 0x742fc019, L:/127.0.0.1:54199 - R:localhost/127.0.0.1:24731]
22:58:45.525 [main] DEBUG net.thucydides.core.steps.StepInterceptor - STARTING STEP: RegisterSteps.goToTheLoginpage - validateOnTheLoginPage
22:58:45.528 [Forwarding findElement on session 5b550ea34a3f786d96da870e0dc05768 to remote] DEBUG org.asynchttpclient.netty.request.NettyRequestSender - Using pooled Channel '[id: 0x742fc019, L:/127.0.0.1:54199 - R:localhost/127.0.0.1:24731]' for 'POST' to 'http://localhost:24731/session/5b550ea34a3f786d96da870e0dc05768/element'
22:58:45.528 [Forwarding findElement on session 5b550ea34a3f786d96da870e0dc05768 to remote] DEBUG org.asynchttpclient.netty.request.NettyRequestSender - Using open Channel [id: 0x742fc019, L:/127.0.0.1:54199 - R:localhost/127.0.0.1:24731] for POST '/session/5b550ea34a3f786d96da870e0dc05768/element'
22:58:45.543 [AsyncHttpClient-1-2] DEBUG org.asynchttpclient.netty.handler.HttpHandler - 

Request DefaultHttpRequest(decodeResult: success, version: HTTP/1.1)
POST /session/5b550ea34a3f786d96da870e0dc05768/element HTTP/1.1
User-Agent: selenium/4.8.1 (java windows)
Content-Length: 61
Content-Type: application/json; charset=utf-8
host: localhost:24731
accept: */*

Response DefaultHttpResponse(decodeResult: success, version: HTTP/1.1)
HTTP/1.1 200 OK
Content-Length: 95
Content-Type: application/json; charset=utf-8
cache-control: no-cache

22:58:45.543 [AsyncHttpClient-1-2] DEBUG org.asynchttpclient.netty.channel.ChannelManager - Adding key: http://localhost:24731 for channel [id: 0x742fc019, L:/127.0.0.1:54199 - R:localhost/127.0.0.1:24731]
22:58:45.549 [Forwarding isElementDisplayed on session 5b550ea34a3f786d96da870e0dc05768 to remote] DEBUG org.asynchttpclient.netty.request.NettyRequestSender - Using pooled Channel '[id: 0x742fc019, L:/127.0.0.1:54199 - R:localhost/127.0.0.1:24731]' for 'POST' to 'http://localhost:24731/session/5b550ea34a3f786d96da870e0dc05768/execute/sync'
22:58:45.550 [Forwarding isElementDisplayed on session 5b550ea34a3f786d96da870e0dc05768 to remote] DEBUG org.asynchttpclient.netty.request.NettyRequestSender - Using open Channel [id: 0x742fc019, L:/127.0.0.1:54199 - R:localhost/127.0.0.1:24731] for POST '/session/5b550ea34a3f786d96da870e0dc05768/execute/sync'
22:58:45.566 [AsyncHttpClient-1-2] DEBUG org.asynchttpclient.netty.handler.HttpHandler - 

Request DefaultHttpRequest(decodeResult: success, version: HTTP/1.1)
POST /session/5b550ea34a3f786d96da870e0dc05768/execute/sync HTTP/1.1
User-Agent: selenium/4.8.1 (java windows)
Content-Length: 48814
Content-Type: application/json; charset=utf-8
host: localhost:24731
accept: */*

Response DefaultHttpResponse(decodeResult: success, version: HTTP/1.1)
HTTP/1.1 200 OK
Content-Length: 14
Content-Type: application/json; charset=utf-8
cache-control: no-cache

22:58:45.567 [AsyncHttpClient-1-2] DEBUG org.asynchttpclient.netty.channel.ChannelManager - Adding key: http://localhost:24731 for channel [id: 0x742fc019, L:/127.0.0.1:54199 - R:localhost/127.0.0.1:24731]
22:58:45.573 [Forwarding getAlertText on session 5b550ea34a3f786d96da870e0dc05768 to remote] DEBUG org.asynchttpclient.netty.request.NettyRequestSender - Using pooled Channel '[id: 0x742fc019, L:/127.0.0.1:54199 - R:localhost/127.0.0.1:24731]' for 'GET' to 'http://localhost:24731/session/5b550ea34a3f786d96da870e0dc05768/alert/text'
22:58:45.574 [Forwarding getAlertText on session 5b550ea34a3f786d96da870e0dc05768 to remote] DEBUG org.asynchttpclient.netty.request.NettyRequestSender - Using open Channel [id: 0x742fc019, L:/127.0.0.1:54199 - R:localhost/127.0.0.1:24731] for GET '/session/5b550ea34a3f786d96da870e0dc05768/alert/text'
22:58:45.575 [AsyncHttpClient-1-2] DEBUG org.asynchttpclient.netty.handler.HttpHandler - 

Request DefaultFullHttpRequest(decodeResult: success, version: HTTP/1.1, content: EmptyByteBufBE)
GET /session/5b550ea34a3f786d96da870e0dc05768/alert/text HTTP/1.1
User-Agent: selenium/4.8.1 (java windows)
Cache-Control: no-cache
Content-Type: application/json; charset=utf-8
host: localhost:24731
accept: */*

Response DefaultHttpResponse(decodeResult: success, version: HTTP/1.1)
HTTP/1.1 404 Not Found
Content-Length: 820
Content-Type: application/json; charset=utf-8
cache-control: no-cache

22:58:45.576 [AsyncHttpClient-1-2] DEBUG org.asynchttpclient.netty.channel.ChannelManager - Adding key: http://localhost:24731 for channel [id: 0x742fc019, L:/127.0.0.1:54199 - R:localhost/127.0.0.1:24731]
22:58:45.577 [Forwarding getCurrentUrl on session 5b550ea34a3f786d96da870e0dc05768 to remote] DEBUG org.asynchttpclient.netty.request.NettyRequestSender - Using pooled Channel '[id: 0x742fc019, L:/127.0.0.1:54199 - R:localhost/127.0.0.1:24731]' for 'GET' to 'http://localhost:24731/session/5b550ea34a3f786d96da870e0dc05768/url'
22:58:45.577 [Forwarding getCurrentUrl on session 5b550ea34a3f786d96da870e0dc05768 to remote] DEBUG org.asynchttpclient.netty.request.NettyRequestSender - Using open Channel [id: 0x742fc019, L:/127.0.0.1:54199 - R:localhost/127.0.0.1:24731] for GET '/session/5b550ea34a3f786d96da870e0dc05768/url'
22:58:45.584 [AsyncHttpClient-1-2] DEBUG org.asynchttpclient.netty.handler.HttpHandler - 

Request DefaultFullHttpRequest(decodeResult: success, version: HTTP/1.1, content: EmptyByteBufBE)
GET /session/5b550ea34a3f786d96da870e0dc05768/url HTTP/1.1
User-Agent: selenium/4.8.1 (java windows)
Cache-Control: no-cache
Content-Type: application/json; charset=utf-8
host: localhost:24731
accept: */*

Response DefaultHttpResponse(decodeResult: success, version: HTTP/1.1)
HTTP/1.1 200 OK
Content-Length: 54
Content-Type: application/json; charset=utf-8
cache-control: no-cache

22:58:45.584 [AsyncHttpClient-1-2] DEBUG org.asynchttpclient.netty.channel.ChannelManager - Adding key: http://localhost:24731 for channel [id: 0x742fc019, L:/127.0.0.1:54199 - R:localhost/127.0.0.1:24731]
22:58:45.586 [Forwarding screenshot on session 5b550ea34a3f786d96da870e0dc05768 to remote] DEBUG org.asynchttpclient.netty.request.NettyRequestSender - Using pooled Channel '[id: 0x742fc019, L:/127.0.0.1:54199 - R:localhost/127.0.0.1:24731]' for 'GET' to 'http://localhost:24731/session/5b550ea34a3f786d96da870e0dc05768/screenshot'
22:58:45.586 [Forwarding screenshot on session 5b550ea34a3f786d96da870e0dc05768 to remote] DEBUG org.asynchttpclient.netty.request.NettyRequestSender - Using open Channel [id: 0x742fc019, L:/127.0.0.1:54199 - R:localhost/127.0.0.1:24731] for GET '/session/5b550ea34a3f786d96da870e0dc05768/screenshot'
22:58:45.599 [AsyncHttpClient-1-1] DEBUG org.asynchttpclient.netty.channel.DefaultChannelPool - Entry count for : http://localhost:54200 : 1
22:58:45.891 [AsyncHttpClient-1-2] DEBUG org.asynchttpclient.netty.handler.HttpHandler - 

Request DefaultFullHttpRequest(decodeResult: success, version: HTTP/1.1, content: EmptyByteBufBE)
GET /session/5b550ea34a3f786d96da870e0dc05768/screenshot HTTP/1.1
User-Agent: selenium/4.8.1 (java windows)
Cache-Control: no-cache
Content-Type: application/json; charset=utf-8
host: localhost:24731
accept: */*

Response DefaultHttpResponse(decodeResult: success, version: HTTP/1.1)
HTTP/1.1 200 OK
Content-Length: 51024
Content-Type: application/json; charset=utf-8
cache-control: no-cache

22:58:45.892 [AsyncHttpClient-1-2] DEBUG org.asynchttpclient.netty.channel.ChannelManager - Adding key: http://localhost:24731 for channel [id: 0x742fc019, L:/127.0.0.1:54199 - R:localhost/127.0.0.1:24731]
22:58:45.896 [main] DEBUG net.serenitybdd.core.photography.Darkroom - Send negative for processing for target\site\serenity\bd7b425e342d0e5d04fea41d41db1899b7847e76171a3d9837fc887390c4b13b.png
22:58:45.897 [Darkroom Processing Line] DEBUG net.serenitybdd.core.photography.DarkroomProcessingLine - Processing screenshot image in /var/screenshots/screenshot-7601308430180287233
22:58:45.897 [Darkroom Processing Line] DEBUG net.serenitybdd.core.photography.DarkroomProcessingLine - Saving screenshot to target\site\serenity\bd7b425e342d0e5d04fea41d41db1899b7847e76171a3d9837fc887390c4b13b.png
22:58:45.897 [main] DEBUG net.thucydides.core.steps.StepInterceptor - STEP DONE: validateOnTheLoginPage
  &amp#27;[32mThen &amp#27;[0m&amp#27;[32mI go to the login page&amp#27;[0m     &amp#27;[90m# starter.stepdefinitions.RegisterSteps.goToTheLoginpage()&amp#27;[0m
22:58:45.907 [main] INFO  - 
  _____   ___   ___   _____     ___     _     ___   ___   ___   ___  
 |_   _| | __| / __| |_   _|   | _ \   /_\   / __| / __| | __| |   \ 
   | |   | _|  \__ \   | |     |  _/  / _ \  \__ \ \__ \ | _|  | |) |
   |_|   |___| |___/   |_|     |_|   /_/ \_\ |___/ |___/ |___| |___/ 

Success register
----------------------------------------------------------------------
22:58:45.974 [Driver Command Executor] DEBUG org.asynchttpclient.netty.request.NettyRequestSender - Using pooled Channel '[id: 0x742fc019, L:/127.0.0.1:54199 - R:localhost/127.0.0.1:24731]' for 'DELETE' to 'http://localhost:24731/session/5b550ea34a3f786d96da870e0dc05768'
22:58:45.974 [Driver Command Executor] DEBUG org.asynchttpclient.netty.request.NettyRequestSender - Using open Channel [id: 0x742fc019, L:/127.0.0.1:54199 - R:localhost/127.0.0.1:24731] for DELETE '/session/5b550ea34a3f786d96da870e0dc05768'
22:58:46.174 [AsyncHttpClient-1-4] DEBUG org.asynchttpclient.netty.handler.WebSocketHandler - Unexpected I/O exception on channel [id: 0xa2ecb706, L:/127.0.0.1:54207 - R:localhost/127.0.0.1:54200]
java.io.IOException: An existing connection was forcibly closed by the remote host
	at sun.nio.ch.SocketDispatcher.read0(Native Method)
	at sun.nio.ch.SocketDispatcher.read(SocketDispatcher.java:43)
	at sun.nio.ch.IOUtil.readIntoNativeBuffer(IOUtil.java:223)
	at sun.nio.ch.IOUtil.read(IOUtil.java:192)
	at sun.nio.ch.SocketChannelImpl.read(SocketChannelImpl.java:378)
	at io.netty.buffer.PooledByteBuf.setBytes(PooledByteBuf.java:259)
	at io.netty.buffer.AbstractByteBuf.writeBytes(AbstractByteBuf.java:1132)
	at io.netty.channel.socket.nio.NioSocketChannel.doReadBytes(NioSocketChannel.java:357)
	at io.netty.channel.nio.AbstractNioByteChannel$NioByteUnsafe.read(AbstractNioByteChannel.java:151)
	at io.netty.channel.nio.NioEventLoop.processSelectedKey(NioEventLoop.java:788)
	at io.netty.channel.nio.NioEventLoop.processSelectedKeysOptimized(NioEventLoop.java:724)
	at io.netty.channel.nio.NioEventLoop.processSelectedKeys(NioEventLoop.java:650)
	at io.netty.channel.nio.NioEventLoop.run(NioEventLoop.java:562)
	at io.netty.util.concurrent.SingleThreadEventExecutor$4.run(SingleThreadEventExecutor.java:997)
	at io.netty.util.internal.ThreadExecutorMap$2.run(ThreadExecutorMap.java:74)
	at io.netty.util.concurrent.FastThreadLocalRunnable.run(FastThreadLocalRunnable.java:30)
	at java.lang.Thread.run(Thread.java:750)
22:58:46.174 [AsyncHttpClient-1-3] DEBUG org.asynchttpclient.netty.handler.HttpHandler - Unexpected I/O exception on channel [id: 0x1d1e7493, L:/127.0.0.1:54206 - R:localhost/127.0.0.1:54200]
java.io.IOException: An existing connection was forcibly closed by the remote host
	at sun.nio.ch.SocketDispatcher.read0(Native Method)
	at sun.nio.ch.SocketDispatcher.read(SocketDispatcher.java:43)
	at sun.nio.ch.IOUtil.readIntoNativeBuffer(IOUtil.java:223)
	at sun.nio.ch.IOUtil.read(IOUtil.java:192)
	at sun.nio.ch.SocketChannelImpl.read(SocketChannelImpl.java:378)
	at io.netty.buffer.PooledByteBuf.setBytes(PooledByteBuf.java:259)
	at io.netty.buffer.AbstractByteBuf.writeBytes(AbstractByteBuf.java:1132)
	at io.netty.channel.socket.nio.NioSocketChannel.doReadBytes(NioSocketChannel.java:357)
	at io.netty.channel.nio.AbstractNioByteChannel$NioByteUnsafe.read(AbstractNioByteChannel.java:151)
	at io.netty.channel.nio.NioEventLoop.processSelectedKey(NioEventLoop.java:788)
	at io.netty.channel.nio.NioEventLoop.processSelectedKeysOptimized(NioEventLoop.java:724)
	at io.netty.channel.nio.NioEventLoop.processSelectedKeys(NioEventLoop.java:650)
	at io.netty.channel.nio.NioEventLoop.run(NioEventLoop.java:562)
	at io.netty.util.concurrent.SingleThreadEventExecutor$4.run(SingleThreadEventExecutor.java:997)
	at io.netty.util.internal.ThreadExecutorMap$2.run(ThreadExecutorMap.java:74)
	at io.netty.util.concurrent.FastThreadLocalRunnable.run(FastThreadLocalRunnable.java:30)
	at java.lang.Thread.run(Thread.java:750)
22:58:46.174 [AsyncHttpClient-1-3] DEBUG org.asynchttpclient.netty.channel.ChannelManager - Closing Channel [id: 0x1d1e7493, L:/127.0.0.1:54206 - R:localhost/127.0.0.1:54200] 
22:58:46.174 [AsyncHttpClient-1-4] DEBUG org.asynchttpclient.netty.handler.WebSocketHandler - Trying to recover from dead Channel: [id: 0xa2ecb706, L:/127.0.0.1:54207 - R:localhost/127.0.0.1:54200]
22:58:46.176 [AsyncHttpClient-1-4] DEBUG org.asynchttpclient.netty.handler.WebSocketHandler - Channel Closed: [id: 0xa2ecb706, L:/127.0.0.1:54207 ! R:localhost/127.0.0.1:54200] with attribute NettyResponseFuture{currentRetry=0,
	isDone=1,
	isCancelled=0,
	asyncHandler=org.asynchttpclient.ws.WebSocketUpgradeHandler@32149a5d,
	nettyRequest=org.asynchttpclient.netty.request.NettyRequest@66f3871a,
	future=java.util.concurrent.CompletableFuture@5b1afbe0[Completed normally],
	uri=ws://localhost:54200/devtools/browser/215d436e-1751-45df-a786-885680e97e1f,
	keepAlive=true,
	redirectCount=0,
	timeoutsHolder=null,
	inAuth=0,
	touch=1683561526174}
22:58:46.177 [AsyncHttpClient-1-4] DEBUG org.asynchttpclient.netty.channel.ChannelManager - Closing Channel [id: 0xa2ecb706, L:/127.0.0.1:54207 ! R:localhost/127.0.0.1:54200] 
22:58:46.177 [AsyncHttpClient-1-3] DEBUG org.asynchttpclient.netty.handler.HttpHandler - Channel Closed: [id: 0x1d1e7493, L:/127.0.0.1:54206 ! R:localhost/127.0.0.1:54200] with attribute DISCARD
22:58:46.183 [AsyncHttpClient-1-2] DEBUG org.asynchttpclient.netty.handler.HttpHandler - 

Request DefaultFullHttpRequest(decodeResult: success, version: HTTP/1.1, content: EmptyByteBufBE)
DELETE /session/5b550ea34a3f786d96da870e0dc05768 HTTP/1.1
User-Agent: selenium/4.8.1 (java windows)
Content-Type: application/json; charset=utf-8
host: localhost:24731
accept: */*

Response DefaultHttpResponse(decodeResult: success, version: HTTP/1.1)
HTTP/1.1 200 OK
Content-Length: 14
Content-Type: application/json; charset=utf-8
cache-control: no-cache

22:58:46.183 [AsyncHttpClient-1-2] DEBUG org.asynchttpclient.netty.channel.ChannelManager - Adding key: http://localhost:24731 for channel [id: 0x742fc019, L:/127.0.0.1:54199 - R:localhost/127.0.0.1:24731]
22:58:46.236 [AsyncHttpClient-1-2] DEBUG org.asynchttpclient.netty.handler.HttpHandler - Channel Closed: [id: 0x742fc019, L:/127.0.0.1:54199 ! R:localhost/127.0.0.1:24731] with attribute DISCARD
22:58:46.707 [AsyncHttpClient-1-1] DEBUG org.asynchttpclient.netty.channel.DefaultChannelPool - Entry count for : http://localhost:54200 : 1
22:58:46.707 [AsyncHttpClient-1-1] DEBUG org.asynchttpclient.netty.channel.DefaultChannelPool - Entry count for : http://localhost:24731 : 1
22:58:46.708 [AsyncHttpClient-1-1] DEBUG org.asynchttpclient.netty.channel.DefaultChannelPool - Adding Candidate expired Channel [id: 0x1d1e7493, L:/127.0.0.1:54206 ! R:localhost/127.0.0.1:54200] isIdleTimeoutExpired=false isRemotelyClosed=true isTtlExpired=false
22:58:46.708 [AsyncHttpClient-1-1] DEBUG org.asynchttpclient.netty.channel.DefaultChannelPool - Closing Idle Channel [id: 0x1d1e7493, L:/127.0.0.1:54206 ! R:localhost/127.0.0.1:54200]
22:58:46.708 [AsyncHttpClient-1-1] DEBUG org.asynchttpclient.netty.channel.DefaultChannelPool - Adding Candidate expired Channel [id: 0x742fc019, L:/127.0.0.1:54199 ! R:localhost/127.0.0.1:24731] isIdleTimeoutExpired=false isRemotelyClosed=true isTtlExpired=false
22:58:46.708 [AsyncHttpClient-1-1] DEBUG org.asynchttpclient.netty.channel.DefaultChannelPool - Closing Idle Channel [id: 0x742fc019, L:/127.0.0.1:54199 ! R:localhost/127.0.0.1:24731]
22:58:46.708 [AsyncHttpClient-1-1] DEBUG org.asynchttpclient.netty.channel.DefaultChannelPool - Closed 2 connections out of 2 in 1 ms
]]></system-out>
    <system-err><![CDATA[Starting ChromeDriver 113.0.5672.63 (0e1a4471d5ae5bf128b1bd8f4d627c8cbd55f70c-refs/branch-heads/5672@{#912}) on port 24731
Only local connections are allowed.
Please see https://chromedriver.chromium.org/security-considerations for suggestions on keeping ChromeDriver safe.
ChromeDriver was started successfully.
May 08, 2023 10:58:40 PM org.openqa.selenium.devtools.CdpVersionFinder findNearestMatch
WARNING: Unable to find an exact match for CDP version 113, so returning the closest version found: 110
]]></system-err>
  </testcase>
  <testcase name="Failed register with invalid email" classname="Register" time="7.235">
    <system-out><![CDATA[
@Register(-)
Scenario: Failed register with invalid email &amp#27;[90m# src/test/resources/features/1.Register.feature:16&amp#27;[0m
22:58:46.808 [main] DEBUG io.cucumber.core.plugin.SerenityReporter - Running feature from file:///D:/1.%20QA%20ALTERRA%20ACADEMY/MobileTesting/MiniProjectWEB/src/test/resources/features/1.Register.feature
22:58:46.812 [main] INFO  - 
  _____   ___   ___   _____     ___   _____     _     ___   _____   ___   ___  
 |_   _| | __| / __| |_   _|   / __| |_   _|   /_\   | _ \ |_   _| | __| |   \ 
   | |   | _|  \__ \   | |     \__ \   | |    / _ \  |   /   | |   | _|  | |) |
   |_|   |___| |___/   |_|     |___/   |_|   /_/ \_\ |_|_\   |_|   |___| |___/ 

Failed register with invalid email(register;failed-register-with-invalid-email)
--------------------------------------------------------------------------------
22:58:47.056 [main] INFO net.serenitybdd.core.webdriver.driverproviders.ChromeDriverProvider - Starting Chrome driver instance with capabilities:
22:58:47.056 [main] INFO net.serenitybdd.core.webdriver.driverproviders.ChromeDriverProvider - Capabilities {acceptInsecureCerts: false, browserName: chrome, goog:chromeOptions: {args: [remote-allow-origins=*], extensions: []}}
22:58:47.678 [AsyncHttpClient-1-5] DEBUG org.asynchttpclient.netty.channel.NettyConnectListener - Using new Channel '[id: 0x4e16a738, L:/127.0.0.1:54223 - R:localhost/127.0.0.1:9746]' for 'POST' to '/session'
22:58:48.368 [AsyncHttpClient-1-5] DEBUG org.asynchttpclient.netty.handler.HttpHandler - 

Request DefaultHttpRequest(decodeResult: success, version: HTTP/1.1)
POST /session HTTP/1.1
User-Agent: selenium/4.8.1 (java windows)
Content-Length: 507
Content-Type: application/json; charset=utf-8
host: localhost:9746
accept: */*

Response DefaultHttpResponse(decodeResult: success, version: HTTP/1.1)
HTTP/1.1 200 OK
Content-Length: 862
Content-Type: application/json; charset=utf-8
cache-control: no-cache

22:58:48.368 [AsyncHttpClient-1-5] DEBUG org.asynchttpclient.netty.channel.ChannelManager - Adding key: http://localhost:9746 for channel [id: 0x4e16a738, L:/127.0.0.1:54223 - R:localhost/127.0.0.1:9746]
22:58:48.378 [AsyncHttpClient-1-6] DEBUG org.asynchttpclient.netty.channel.NettyConnectListener - Using new Channel '[id: 0xa2792691, L:/127.0.0.1:54230 - R:localhost/127.0.0.1:54224]' for 'GET' to '/json/version'
22:58:48.379 [AsyncHttpClient-1-6] DEBUG org.asynchttpclient.netty.handler.HttpHandler - 

Request DefaultFullHttpRequest(decodeResult: success, version: HTTP/1.1, content: EmptyByteBufBE)
GET /json/version HTTP/1.1
User-Agent: selenium/4.8.1 (java windows)
host: localhost:54224
accept: */*

Response DefaultHttpResponse(decodeResult: success, version: HTTP/1.1)
HTTP/1.1 200 OK
Content-Security-Policy: frame-ancestors 'none'
Content-Length: 422
Content-Type: application/json; charset=UTF-8

22:58:48.379 [AsyncHttpClient-1-6] DEBUG org.asynchttpclient.netty.channel.ChannelManager - Adding key: http://localhost:54224 for channel [id: 0xa2792691, L:/127.0.0.1:54230 - R:localhost/127.0.0.1:54224]
22:58:48.384 [AsyncHttpClient-1-7] DEBUG org.asynchttpclient.netty.channel.NettyConnectListener - Using new Channel '[id: 0x35ed46c3, L:/127.0.0.1:54231 - R:localhost/127.0.0.1:54224]' for 'GET' to '/devtools/browser/ebd02129-74c0-47e2-8d7c-497a5d8f25d4'
22:58:48.387 [AsyncHttpClient-1-7] DEBUG org.asynchttpclient.netty.handler.WebSocketHandler - 

Request DefaultFullHttpRequest(decodeResult: success, version: HTTP/1.1, content: EmptyByteBufBE)
GET /devtools/browser/ebd02129-74c0-47e2-8d7c-497a5d8f25d4 HTTP/1.1
upgrade: websocket
connection: upgrade
sec-websocket-key: NfLmG2cZ89ggjRHGJtMKDA==
sec-websocket-version: 13
origin: http://localhost:54224
host: localhost:54224
accept: */*
user-agent: AHC/2.1

Response DefaultHttpResponse(decodeResult: success, version: HTTP/1.1)
HTTP/1.1 101 WebSocket Protocol Handshake
Upgrade: WebSocket
Connection: Upgrade
Sec-WebSocket-Accept: Vas83XPnukXDwGrAASNypQKhYPg=

22:58:48.394 [Forwarding get on session fe93fa1a9022779f439c9c0547917cbc to remote] DEBUG org.asynchttpclient.netty.request.NettyRequestSender - Using pooled Channel '[id: 0x4e16a738, L:/127.0.0.1:54223 - R:localhost/127.0.0.1:9746]' for 'POST' to 'http://localhost:9746/session/fe93fa1a9022779f439c9c0547917cbc/url'
22:58:48.394 [Forwarding get on session fe93fa1a9022779f439c9c0547917cbc to remote] DEBUG org.asynchttpclient.netty.request.NettyRequestSender - Using open Channel [id: 0x4e16a738, L:/127.0.0.1:54223 - R:localhost/127.0.0.1:9746] for POST '/session/fe93fa1a9022779f439c9c0547917cbc/url'
22:58:48.899 [AsyncHttpClient-1-1] DEBUG org.asynchttpclient.netty.channel.DefaultChannelPool - Entry count for : http://localhost:54224 : 1
22:58:49.414 [AsyncHttpClient-1-5] DEBUG org.asynchttpclient.netty.handler.HttpHandler - 

Request DefaultHttpRequest(decodeResult: success, version: HTTP/1.1)
POST /session/fe93fa1a9022779f439c9c0547917cbc/url HTTP/1.1
User-Agent: selenium/4.8.1 (java windows)
Content-Length: 77
Content-Type: application/json; charset=utf-8
host: localhost:9746
accept: */*

Response DefaultHttpResponse(decodeResult: success, version: HTTP/1.1)
HTTP/1.1 200 OK
Content-Length: 14
Content-Type: application/json; charset=utf-8
cache-control: no-cache

22:58:49.414 [AsyncHttpClient-1-5] DEBUG org.asynchttpclient.netty.channel.ChannelManager - Adding key: http://localhost:9746 for channel [id: 0x4e16a738, L:/127.0.0.1:54223 - R:localhost/127.0.0.1:9746]
22:58:49.416 [Forwarding setTimeout on session fe93fa1a9022779f439c9c0547917cbc to remote] DEBUG org.asynchttpclient.netty.request.NettyRequestSender - Using pooled Channel '[id: 0x4e16a738, L:/127.0.0.1:54223 - R:localhost/127.0.0.1:9746]' for 'POST' to 'http://localhost:9746/session/fe93fa1a9022779f439c9c0547917cbc/timeouts'
22:58:49.416 [Forwarding setTimeout on session fe93fa1a9022779f439c9c0547917cbc to remote] DEBUG org.asynchttpclient.netty.request.NettyRequestSender - Using open Channel [id: 0x4e16a738, L:/127.0.0.1:54223 - R:localhost/127.0.0.1:9746] for POST '/session/fe93fa1a9022779f439c9c0547917cbc/timeouts'
22:58:49.417 [AsyncHttpClient-1-5] DEBUG org.asynchttpclient.netty.handler.HttpHandler - 

Request DefaultHttpRequest(decodeResult: success, version: HTTP/1.1)
POST /session/fe93fa1a9022779f439c9c0547917cbc/timeouts HTTP/1.1
User-Agent: selenium/4.8.1 (java windows)
Content-Length: 22
Content-Type: application/json; charset=utf-8
host: localhost:9746
accept: */*

Response DefaultHttpResponse(decodeResult: success, version: HTTP/1.1)
HTTP/1.1 200 OK
Content-Length: 14
Content-Type: application/json; charset=utf-8
cache-control: no-cache

22:58:49.418 [AsyncHttpClient-1-5] DEBUG org.asynchttpclient.netty.channel.ChannelManager - Adding key: http://localhost:9746 for channel [id: 0x4e16a738, L:/127.0.0.1:54223 - R:localhost/127.0.0.1:9746]
  &amp#27;[32mGiven &amp#27;[0m&amp#27;[32mI am on the register page&amp#27;[0m            &amp#27;[90m# starter.stepdefinitions.RegisterSteps.onTheRegisterPage()&amp#27;[0m
22:58:49.424 [Forwarding getAlertText on session fe93fa1a9022779f439c9c0547917cbc to remote] DEBUG org.asynchttpclient.netty.request.NettyRequestSender - Using pooled Channel '[id: 0x4e16a738, L:/127.0.0.1:54223 - R:localhost/127.0.0.1:9746]' for 'GET' to 'http://localhost:9746/session/fe93fa1a9022779f439c9c0547917cbc/alert/text'
22:58:49.424 [Forwarding getAlertText on session fe93fa1a9022779f439c9c0547917cbc to remote] DEBUG org.asynchttpclient.netty.request.NettyRequestSender - Using open Channel [id: 0x4e16a738, L:/127.0.0.1:54223 - R:localhost/127.0.0.1:9746] for GET '/session/fe93fa1a9022779f439c9c0547917cbc/alert/text'
22:58:49.427 [AsyncHttpClient-1-5] DEBUG org.asynchttpclient.netty.handler.HttpHandler - 

Request DefaultFullHttpRequest(decodeResult: success, version: HTTP/1.1, content: EmptyByteBufBE)
GET /session/fe93fa1a9022779f439c9c0547917cbc/alert/text HTTP/1.1
User-Agent: selenium/4.8.1 (java windows)
Cache-Control: no-cache
Content-Type: application/json; charset=utf-8
host: localhost:9746
accept: */*

Response DefaultHttpResponse(decodeResult: success, version: HTTP/1.1)
HTTP/1.1 404 Not Found
Content-Length: 820
Content-Type: application/json; charset=utf-8
cache-control: no-cache

22:58:49.427 [AsyncHttpClient-1-5] DEBUG org.asynchttpclient.netty.channel.ChannelManager - Adding key: http://localhost:9746 for channel [id: 0x4e16a738, L:/127.0.0.1:54223 - R:localhost/127.0.0.1:9746]
22:58:49.429 [Forwarding getCurrentUrl on session fe93fa1a9022779f439c9c0547917cbc to remote] DEBUG org.asynchttpclient.netty.request.NettyRequestSender - Using pooled Channel '[id: 0x4e16a738, L:/127.0.0.1:54223 - R:localhost/127.0.0.1:9746]' for 'GET' to 'http://localhost:9746/session/fe93fa1a9022779f439c9c0547917cbc/url'
22:58:49.429 [Forwarding getCurrentUrl on session fe93fa1a9022779f439c9c0547917cbc to remote] DEBUG org.asynchttpclient.netty.request.NettyRequestSender - Using open Channel [id: 0x4e16a738, L:/127.0.0.1:54223 - R:localhost/127.0.0.1:9746] for GET '/session/fe93fa1a9022779f439c9c0547917cbc/url'
22:58:49.441 [AsyncHttpClient-1-5] DEBUG org.asynchttpclient.netty.handler.HttpHandler - 

Request DefaultFullHttpRequest(decodeResult: success, version: HTTP/1.1, content: EmptyByteBufBE)
GET /session/fe93fa1a9022779f439c9c0547917cbc/url HTTP/1.1
User-Agent: selenium/4.8.1 (java windows)
Cache-Control: no-cache
Content-Type: application/json; charset=utf-8
host: localhost:9746
accept: */*

Response DefaultHttpResponse(decodeResult: success, version: HTTP/1.1)
HTTP/1.1 200 OK
Content-Length: 54
Content-Type: application/json; charset=utf-8
cache-control: no-cache

22:58:49.441 [AsyncHttpClient-1-5] DEBUG org.asynchttpclient.netty.channel.ChannelManager - Adding key: http://localhost:9746 for channel [id: 0x4e16a738, L:/127.0.0.1:54223 - R:localhost/127.0.0.1:9746]
22:58:49.443 [Forwarding screenshot on session fe93fa1a9022779f439c9c0547917cbc to remote] DEBUG org.asynchttpclient.netty.request.NettyRequestSender - Using pooled Channel '[id: 0x4e16a738, L:/127.0.0.1:54223 - R:localhost/127.0.0.1:9746]' for 'GET' to 'http://localhost:9746/session/fe93fa1a9022779f439c9c0547917cbc/screenshot'
22:58:49.443 [Forwarding screenshot on session fe93fa1a9022779f439c9c0547917cbc to remote] DEBUG org.asynchttpclient.netty.request.NettyRequestSender - Using open Channel [id: 0x4e16a738, L:/127.0.0.1:54223 - R:localhost/127.0.0.1:9746] for GET '/session/fe93fa1a9022779f439c9c0547917cbc/screenshot'
22:58:49.583 [AsyncHttpClient-1-5] DEBUG org.asynchttpclient.netty.handler.HttpHandler - 

Request DefaultFullHttpRequest(decodeResult: success, version: HTTP/1.1, content: EmptyByteBufBE)
GET /session/fe93fa1a9022779f439c9c0547917cbc/screenshot HTTP/1.1
User-Agent: selenium/4.8.1 (java windows)
Cache-Control: no-cache
Content-Type: application/json; charset=utf-8
host: localhost:9746
accept: */*

Response DefaultHttpResponse(decodeResult: success, version: HTTP/1.1)
HTTP/1.1 200 OK
Content-Length: 37444
Content-Type: application/json; charset=utf-8
cache-control: no-cache

22:58:49.584 [AsyncHttpClient-1-5] DEBUG org.asynchttpclient.netty.channel.ChannelManager - Adding key: http://localhost:9746 for channel [id: 0x4e16a738, L:/127.0.0.1:54223 - R:localhost/127.0.0.1:9746]
22:58:49.588 [main] DEBUG net.serenitybdd.core.photography.Darkroom - Send negative for processing for target\site\serenity\bda57162176918dbc601e790e561e44d98a21e455d3cfdc3a3a0d433ec37e6f1.png
22:58:49.596 [Forwarding getPageSource on session fe93fa1a9022779f439c9c0547917cbc to remote] DEBUG org.asynchttpclient.netty.request.NettyRequestSender - Using pooled Channel '[id: 0x4e16a738, L:/127.0.0.1:54223 - R:localhost/127.0.0.1:9746]' for 'POST' to 'http://localhost:9746/session/fe93fa1a9022779f439c9c0547917cbc/execute/sync'
22:58:49.596 [Forwarding getPageSource on session fe93fa1a9022779f439c9c0547917cbc to remote] DEBUG org.asynchttpclient.netty.request.NettyRequestSender - Using open Channel [id: 0x4e16a738, L:/127.0.0.1:54223 - R:localhost/127.0.0.1:9746] for POST '/session/fe93fa1a9022779f439c9c0547917cbc/execute/sync'
22:58:49.607 [AsyncHttpClient-1-5] DEBUG org.asynchttpclient.netty.handler.HttpHandler - 

Request DefaultHttpRequest(decodeResult: success, version: HTTP/1.1)
POST /session/fe93fa1a9022779f439c9c0547917cbc/execute/sync HTTP/1.1
User-Agent: selenium/4.8.1 (java windows)
Content-Length: 176
Content-Type: application/json; charset=utf-8
host: localhost:9746
accept: */*

Response DefaultHttpResponse(decodeResult: success, version: HTTP/1.1)
HTTP/1.1 200 OK
Content-Length: 22234
Content-Type: application/json; charset=utf-8
cache-control: no-cache

22:58:49.607 [AsyncHttpClient-1-5] DEBUG org.asynchttpclient.netty.channel.ChannelManager - Adding key: http://localhost:9746 for channel [id: 0x4e16a738, L:/127.0.0.1:54223 - R:localhost/127.0.0.1:9746]
22:58:49.612 [Forwarding getCurrentUrl on session fe93fa1a9022779f439c9c0547917cbc to remote] DEBUG org.asynchttpclient.netty.request.NettyRequestSender - Using pooled Channel '[id: 0x4e16a738, L:/127.0.0.1:54223 - R:localhost/127.0.0.1:9746]' for 'GET' to 'http://localhost:9746/session/fe93fa1a9022779f439c9c0547917cbc/url'
22:58:49.612 [Forwarding getCurrentUrl on session fe93fa1a9022779f439c9c0547917cbc to remote] DEBUG org.asynchttpclient.netty.request.NettyRequestSender - Using open Channel [id: 0x4e16a738, L:/127.0.0.1:54223 - R:localhost/127.0.0.1:9746] for GET '/session/fe93fa1a9022779f439c9c0547917cbc/url'
22:58:49.620 [AsyncHttpClient-1-5] DEBUG org.asynchttpclient.netty.handler.HttpHandler - 

Request DefaultFullHttpRequest(decodeResult: success, version: HTTP/1.1, content: EmptyByteBufBE)
GET /session/fe93fa1a9022779f439c9c0547917cbc/url HTTP/1.1
User-Agent: selenium/4.8.1 (java windows)
Cache-Control: no-cache
Content-Type: application/json; charset=utf-8
host: localhost:9746
accept: */*

Response DefaultHttpResponse(decodeResult: success, version: HTTP/1.1)
HTTP/1.1 200 OK
Content-Length: 54
Content-Type: application/json; charset=utf-8
cache-control: no-cache

22:58:49.620 [AsyncHttpClient-1-5] DEBUG org.asynchttpclient.netty.channel.ChannelManager - Adding key: http://localhost:9746 for channel [id: 0x4e16a738, L:/127.0.0.1:54223 - R:localhost/127.0.0.1:9746]
22:58:49.631 [Forwarding getPageSource on session fe93fa1a9022779f439c9c0547917cbc to remote] DEBUG org.asynchttpclient.netty.request.NettyRequestSender - Using pooled Channel '[id: 0x4e16a738, L:/127.0.0.1:54223 - R:localhost/127.0.0.1:9746]' for 'POST' to 'http://localhost:9746/session/fe93fa1a9022779f439c9c0547917cbc/execute/sync'
22:58:49.631 [Forwarding getPageSource on session fe93fa1a9022779f439c9c0547917cbc to remote] DEBUG org.asynchttpclient.netty.request.NettyRequestSender - Using open Channel [id: 0x4e16a738, L:/127.0.0.1:54223 - R:localhost/127.0.0.1:9746] for POST '/session/fe93fa1a9022779f439c9c0547917cbc/execute/sync'
22:58:49.641 [AsyncHttpClient-1-5] DEBUG org.asynchttpclient.netty.handler.HttpHandler - 

Request DefaultHttpRequest(decodeResult: success, version: HTTP/1.1)
POST /session/fe93fa1a9022779f439c9c0547917cbc/execute/sync HTTP/1.1
User-Agent: selenium/4.8.1 (java windows)
Content-Length: 176
Content-Type: application/json; charset=utf-8
host: localhost:9746
accept: */*

Response DefaultHttpResponse(decodeResult: success, version: HTTP/1.1)
HTTP/1.1 200 OK
Content-Length: 22234
Content-Type: application/json; charset=utf-8
cache-control: no-cache

22:58:49.641 [AsyncHttpClient-1-5] DEBUG org.asynchttpclient.netty.channel.ChannelManager - Adding key: http://localhost:9746 for channel [id: 0x4e16a738, L:/127.0.0.1:54223 - R:localhost/127.0.0.1:9746]
22:58:49.646 [Forwarding getCurrentUrl on session fe93fa1a9022779f439c9c0547917cbc to remote] DEBUG org.asynchttpclient.netty.request.NettyRequestSender - Using pooled Channel '[id: 0x4e16a738, L:/127.0.0.1:54223 - R:localhost/127.0.0.1:9746]' for 'GET' to 'http://localhost:9746/session/fe93fa1a9022779f439c9c0547917cbc/url'
22:58:49.646 [Forwarding getCurrentUrl on session fe93fa1a9022779f439c9c0547917cbc to remote] DEBUG org.asynchttpclient.netty.request.NettyRequestSender - Using open Channel [id: 0x4e16a738, L:/127.0.0.1:54223 - R:localhost/127.0.0.1:9746] for GET '/session/fe93fa1a9022779f439c9c0547917cbc/url'
22:58:49.653 [AsyncHttpClient-1-5] DEBUG org.asynchttpclient.netty.handler.HttpHandler - 

Request DefaultFullHttpRequest(decodeResult: success, version: HTTP/1.1, content: EmptyByteBufBE)
GET /session/fe93fa1a9022779f439c9c0547917cbc/url HTTP/1.1
User-Agent: selenium/4.8.1 (java windows)
Cache-Control: no-cache
Content-Type: application/json; charset=utf-8
host: localhost:9746
accept: */*

Response DefaultHttpResponse(decodeResult: success, version: HTTP/1.1)
HTTP/1.1 200 OK
Content-Length: 54
Content-Type: application/json; charset=utf-8
cache-control: no-cache

22:58:49.654 [AsyncHttpClient-1-5] DEBUG org.asynchttpclient.netty.channel.ChannelManager - Adding key: http://localhost:9746 for channel [id: 0x4e16a738, L:/127.0.0.1:54223 - R:localhost/127.0.0.1:9746]
22:58:49.656 [main] DEBUG net.thucydides.core.steps.StepInterceptor - STARTING STEP: RegisterSteps.enterFullName - inputFullName
22:58:49.659 [Forwarding findElement on session fe93fa1a9022779f439c9c0547917cbc to remote] DEBUG org.asynchttpclient.netty.request.NettyRequestSender - Using pooled Channel '[id: 0x4e16a738, L:/127.0.0.1:54223 - R:localhost/127.0.0.1:9746]' for 'POST' to 'http://localhost:9746/session/fe93fa1a9022779f439c9c0547917cbc/element'
22:58:49.659 [Forwarding findElement on session fe93fa1a9022779f439c9c0547917cbc to remote] DEBUG org.asynchttpclient.netty.request.NettyRequestSender - Using open Channel [id: 0x4e16a738, L:/127.0.0.1:54223 - R:localhost/127.0.0.1:9746] for POST '/session/fe93fa1a9022779f439c9c0547917cbc/element'
22:58:49.674 [AsyncHttpClient-1-5] DEBUG org.asynchttpclient.netty.handler.HttpHandler - 

Request DefaultHttpRequest(decodeResult: success, version: HTTP/1.1)
POST /session/fe93fa1a9022779f439c9c0547917cbc/element HTTP/1.1
User-Agent: selenium/4.8.1 (java windows)
Content-Length: 55
Content-Type: application/json; charset=utf-8
host: localhost:9746
accept: */*

Response DefaultHttpResponse(decodeResult: success, version: HTTP/1.1)
HTTP/1.1 200 OK
Content-Length: 94
Content-Type: application/json; charset=utf-8
cache-control: no-cache

22:58:49.674 [AsyncHttpClient-1-5] DEBUG org.asynchttpclient.netty.channel.ChannelManager - Adding key: http://localhost:9746 for channel [id: 0x4e16a738, L:/127.0.0.1:54223 - R:localhost/127.0.0.1:9746]
22:58:49.676 [Forwarding clearElement on session fe93fa1a9022779f439c9c0547917cbc to remote] DEBUG org.asynchttpclient.netty.request.NettyRequestSender - Using pooled Channel '[id: 0x4e16a738, L:/127.0.0.1:54223 - R:localhost/127.0.0.1:9746]' for 'POST' to 'http://localhost:9746/session/fe93fa1a9022779f439c9c0547917cbc/element/C1D5E667B9BD3C5E9F8F7497B993D13B_element_7/clear'
22:58:49.676 [Forwarding clearElement on session fe93fa1a9022779f439c9c0547917cbc to remote] DEBUG org.asynchttpclient.netty.request.NettyRequestSender - Using open Channel [id: 0x4e16a738, L:/127.0.0.1:54223 - R:localhost/127.0.0.1:9746] for POST '/session/fe93fa1a9022779f439c9c0547917cbc/element/C1D5E667B9BD3C5E9F8F7497B993D13B_element_7/clear'
22:58:49.725 [AsyncHttpClient-1-5] DEBUG org.asynchttpclient.netty.handler.HttpHandler - 

Request DefaultHttpRequest(decodeResult: success, version: HTTP/1.1)
POST /session/fe93fa1a9022779f439c9c0547917cbc/element/C1D5E667B9BD3C5E9F8F7497B993D13B_element_7/clear HTTP/1.1
User-Agent: selenium/4.8.1 (java windows)
Content-Length: 56
Content-Type: application/json; charset=utf-8
host: localhost:9746
accept: */*

Response DefaultHttpResponse(decodeResult: success, version: HTTP/1.1)
HTTP/1.1 200 OK
Content-Length: 14
Content-Type: application/json; charset=utf-8
cache-control: no-cache

22:58:49.725 [AsyncHttpClient-1-5] DEBUG org.asynchttpclient.netty.channel.ChannelManager - Adding key: http://localhost:9746 for channel [id: 0x4e16a738, L:/127.0.0.1:54223 - R:localhost/127.0.0.1:9746]
22:58:49.727 [Forwarding sendKeysToElement on session fe93fa1a9022779f439c9c0547917cbc to remote] DEBUG org.asynchttpclient.netty.request.NettyRequestSender - Using pooled Channel '[id: 0x4e16a738, L:/127.0.0.1:54223 - R:localhost/127.0.0.1:9746]' for 'POST' to 'http://localhost:9746/session/fe93fa1a9022779f439c9c0547917cbc/element/C1D5E667B9BD3C5E9F8F7497B993D13B_element_7/value'
22:58:49.727 [Forwarding sendKeysToElement on session fe93fa1a9022779f439c9c0547917cbc to remote] DEBUG org.asynchttpclient.netty.request.NettyRequestSender - Using open Channel [id: 0x4e16a738, L:/127.0.0.1:54223 - R:localhost/127.0.0.1:9746] for POST '/session/fe93fa1a9022779f439c9c0547917cbc/element/C1D5E667B9BD3C5E9F8F7497B993D13B_element_7/value'
22:58:49.969 [AsyncHttpClient-1-5] DEBUG org.asynchttpclient.netty.handler.HttpHandler - 

Request DefaultHttpRequest(decodeResult: success, version: HTTP/1.1)
POST /session/fe93fa1a9022779f439c9c0547917cbc/element/C1D5E667B9BD3C5E9F8F7497B993D13B_element_7/value HTTP/1.1
User-Agent: selenium/4.8.1 (java windows)
Content-Length: 197
Content-Type: application/json; charset=utf-8
host: localhost:9746
accept: */*

Response DefaultHttpResponse(decodeResult: success, version: HTTP/1.1)
HTTP/1.1 200 OK
Content-Length: 14
Content-Type: application/json; charset=utf-8
cache-control: no-cache

22:58:49.970 [AsyncHttpClient-1-5] DEBUG org.asynchttpclient.netty.channel.ChannelManager - Adding key: http://localhost:9746 for channel [id: 0x4e16a738, L:/127.0.0.1:54223 - R:localhost/127.0.0.1:9746]
22:58:50.003 [AsyncHttpClient-1-1] DEBUG org.asynchttpclient.netty.channel.DefaultChannelPool - Entry count for : http://localhost:9746 : 1
22:58:50.005 [AsyncHttpClient-1-1] DEBUG org.asynchttpclient.netty.channel.DefaultChannelPool - Entry count for : http://localhost:54224 : 1
22:58:50.014 [Forwarding getAlertText on session fe93fa1a9022779f439c9c0547917cbc to remote] DEBUG org.asynchttpclient.netty.request.NettyRequestSender - Using pooled Channel '[id: 0x4e16a738, L:/127.0.0.1:54223 - R:localhost/127.0.0.1:9746]' for 'GET' to 'http://localhost:9746/session/fe93fa1a9022779f439c9c0547917cbc/alert/text'
22:58:50.017 [Forwarding getAlertText on session fe93fa1a9022779f439c9c0547917cbc to remote] DEBUG org.asynchttpclient.netty.request.NettyRequestSender - Using open Channel [id: 0x4e16a738, L:/127.0.0.1:54223 - R:localhost/127.0.0.1:9746] for GET '/session/fe93fa1a9022779f439c9c0547917cbc/alert/text'
22:58:50.024 [AsyncHttpClient-1-5] DEBUG org.asynchttpclient.netty.handler.HttpHandler - 

Request DefaultFullHttpRequest(decodeResult: success, version: HTTP/1.1, content: EmptyByteBufBE)
GET /session/fe93fa1a9022779f439c9c0547917cbc/alert/text HTTP/1.1
User-Agent: selenium/4.8.1 (java windows)
Cache-Control: no-cache
Content-Type: application/json; charset=utf-8
host: localhost:9746
accept: */*

Response DefaultHttpResponse(decodeResult: success, version: HTTP/1.1)
HTTP/1.1 404 Not Found
Content-Length: 820
Content-Type: application/json; charset=utf-8
cache-control: no-cache

22:58:50.024 [AsyncHttpClient-1-5] DEBUG org.asynchttpclient.netty.channel.ChannelManager - Adding key: http://localhost:9746 for channel [id: 0x4e16a738, L:/127.0.0.1:54223 - R:localhost/127.0.0.1:9746]
22:58:50.028 [Forwarding getCurrentUrl on session fe93fa1a9022779f439c9c0547917cbc to remote] DEBUG org.asynchttpclient.netty.request.NettyRequestSender - Using pooled Channel '[id: 0x4e16a738, L:/127.0.0.1:54223 - R:localhost/127.0.0.1:9746]' for 'GET' to 'http://localhost:9746/session/fe93fa1a9022779f439c9c0547917cbc/url'
22:58:50.028 [Forwarding getCurrentUrl on session fe93fa1a9022779f439c9c0547917cbc to remote] DEBUG org.asynchttpclient.netty.request.NettyRequestSender - Using open Channel [id: 0x4e16a738, L:/127.0.0.1:54223 - R:localhost/127.0.0.1:9746] for GET '/session/fe93fa1a9022779f439c9c0547917cbc/url'
22:58:50.044 [AsyncHttpClient-1-5] DEBUG org.asynchttpclient.netty.handler.HttpHandler - 

Request DefaultFullHttpRequest(decodeResult: success, version: HTTP/1.1, content: EmptyByteBufBE)
GET /session/fe93fa1a9022779f439c9c0547917cbc/url HTTP/1.1
User-Agent: selenium/4.8.1 (java windows)
Cache-Control: no-cache
Content-Type: application/json; charset=utf-8
host: localhost:9746
accept: */*

Response DefaultHttpResponse(decodeResult: success, version: HTTP/1.1)
HTTP/1.1 200 OK
Content-Length: 54
Content-Type: application/json; charset=utf-8
cache-control: no-cache

22:58:50.044 [AsyncHttpClient-1-5] DEBUG org.asynchttpclient.netty.channel.ChannelManager - Adding key: http://localhost:9746 for channel [id: 0x4e16a738, L:/127.0.0.1:54223 - R:localhost/127.0.0.1:9746]
22:58:50.046 [Forwarding screenshot on session fe93fa1a9022779f439c9c0547917cbc to remote] DEBUG org.asynchttpclient.netty.request.NettyRequestSender - Using pooled Channel '[id: 0x4e16a738, L:/127.0.0.1:54223 - R:localhost/127.0.0.1:9746]' for 'GET' to 'http://localhost:9746/session/fe93fa1a9022779f439c9c0547917cbc/screenshot'
22:58:50.046 [Forwarding screenshot on session fe93fa1a9022779f439c9c0547917cbc to remote] DEBUG org.asynchttpclient.netty.request.NettyRequestSender - Using open Channel [id: 0x4e16a738, L:/127.0.0.1:54223 - R:localhost/127.0.0.1:9746] for GET '/session/fe93fa1a9022779f439c9c0547917cbc/screenshot'
22:58:50.328 [AsyncHttpClient-1-5] DEBUG org.asynchttpclient.netty.handler.HttpHandler - 

Request DefaultFullHttpRequest(decodeResult: success, version: HTTP/1.1, content: EmptyByteBufBE)
GET /session/fe93fa1a9022779f439c9c0547917cbc/screenshot HTTP/1.1
User-Agent: selenium/4.8.1 (java windows)
Cache-Control: no-cache
Content-Type: application/json; charset=utf-8
host: localhost:9746
accept: */*

Response DefaultHttpResponse(decodeResult: success, version: HTTP/1.1)
HTTP/1.1 200 OK
Content-Length: 39792
Content-Type: application/json; charset=utf-8
cache-control: no-cache

22:58:50.329 [AsyncHttpClient-1-5] DEBUG org.asynchttpclient.netty.channel.ChannelManager - Adding key: http://localhost:9746 for channel [id: 0x4e16a738, L:/127.0.0.1:54223 - R:localhost/127.0.0.1:9746]
22:58:50.331 [main] DEBUG net.serenitybdd.core.photography.Darkroom - Send negative for processing for target\site\serenity\915687a82ac3430570ad6df968493b631295df9b1be06eee89764996f9e10f21.png
22:58:50.332 [main] DEBUG net.thucydides.core.steps.StepInterceptor - STEP DONE: inputFullName
22:58:50.332 [Darkroom Processing Line] DEBUG net.serenitybdd.core.photography.DarkroomProcessingLine - Processing screenshot image in /var/screenshots/screenshot-7975694263107330006
22:58:50.332 [Darkroom Processing Line] DEBUG net.serenitybdd.core.photography.DarkroomProcessingLine - Saving screenshot to target\site\serenity\915687a82ac3430570ad6df968493b631295df9b1be06eee89764996f9e10f21.png
  &amp#27;[32mWhen &amp#27;[0m&amp#27;[32mI enter full name&amp#27;[0m                     &amp#27;[90m# starter.stepdefinitions.RegisterSteps.enterFullName()&amp#27;[0m
22:58:50.341 [Forwarding getPageSource on session fe93fa1a9022779f439c9c0547917cbc to remote] DEBUG org.asynchttpclient.netty.request.NettyRequestSender - Using pooled Channel '[id: 0x4e16a738, L:/127.0.0.1:54223 - R:localhost/127.0.0.1:9746]' for 'POST' to 'http://localhost:9746/session/fe93fa1a9022779f439c9c0547917cbc/execute/sync'
22:58:50.341 [Forwarding getPageSource on session fe93fa1a9022779f439c9c0547917cbc to remote] DEBUG org.asynchttpclient.netty.request.NettyRequestSender - Using open Channel [id: 0x4e16a738, L:/127.0.0.1:54223 - R:localhost/127.0.0.1:9746] for POST '/session/fe93fa1a9022779f439c9c0547917cbc/execute/sync'
22:58:50.351 [AsyncHttpClient-1-5] DEBUG org.asynchttpclient.netty.handler.HttpHandler - 

Request DefaultHttpRequest(decodeResult: success, version: HTTP/1.1)
POST /session/fe93fa1a9022779f439c9c0547917cbc/execute/sync HTTP/1.1
User-Agent: selenium/4.8.1 (java windows)
Content-Length: 176
Content-Type: application/json; charset=utf-8
host: localhost:9746
accept: */*

Response DefaultHttpResponse(decodeResult: success, version: HTTP/1.1)
HTTP/1.1 200 OK
Content-Length: 22355
Content-Type: application/json; charset=utf-8
cache-control: no-cache

22:58:50.352 [AsyncHttpClient-1-5] DEBUG org.asynchttpclient.netty.channel.ChannelManager - Adding key: http://localhost:9746 for channel [id: 0x4e16a738, L:/127.0.0.1:54223 - R:localhost/127.0.0.1:9746]
22:58:50.354 [Forwarding getCurrentUrl on session fe93fa1a9022779f439c9c0547917cbc to remote] DEBUG org.asynchttpclient.netty.request.NettyRequestSender - Using pooled Channel '[id: 0x4e16a738, L:/127.0.0.1:54223 - R:localhost/127.0.0.1:9746]' for 'GET' to 'http://localhost:9746/session/fe93fa1a9022779f439c9c0547917cbc/url'
22:58:50.354 [Forwarding getCurrentUrl on session fe93fa1a9022779f439c9c0547917cbc to remote] DEBUG org.asynchttpclient.netty.request.NettyRequestSender - Using open Channel [id: 0x4e16a738, L:/127.0.0.1:54223 - R:localhost/127.0.0.1:9746] for GET '/session/fe93fa1a9022779f439c9c0547917cbc/url'
22:58:50.363 [AsyncHttpClient-1-5] DEBUG org.asynchttpclient.netty.handler.HttpHandler - 

Request DefaultFullHttpRequest(decodeResult: success, version: HTTP/1.1, content: EmptyByteBufBE)
GET /session/fe93fa1a9022779f439c9c0547917cbc/url HTTP/1.1
User-Agent: selenium/4.8.1 (java windows)
Cache-Control: no-cache
Content-Type: application/json; charset=utf-8
host: localhost:9746
accept: */*

Response DefaultHttpResponse(decodeResult: success, version: HTTP/1.1)
HTTP/1.1 200 OK
Content-Length: 54
Content-Type: application/json; charset=utf-8
cache-control: no-cache

22:58:50.363 [AsyncHttpClient-1-5] DEBUG org.asynchttpclient.netty.channel.ChannelManager - Adding key: http://localhost:9746 for channel [id: 0x4e16a738, L:/127.0.0.1:54223 - R:localhost/127.0.0.1:9746]
22:58:50.374 [Forwarding getPageSource on session fe93fa1a9022779f439c9c0547917cbc to remote] DEBUG org.asynchttpclient.netty.request.NettyRequestSender - Using pooled Channel '[id: 0x4e16a738, L:/127.0.0.1:54223 - R:localhost/127.0.0.1:9746]' for 'POST' to 'http://localhost:9746/session/fe93fa1a9022779f439c9c0547917cbc/execute/sync'
22:58:50.374 [Forwarding getPageSource on session fe93fa1a9022779f439c9c0547917cbc to remote] DEBUG org.asynchttpclient.netty.request.NettyRequestSender - Using open Channel [id: 0x4e16a738, L:/127.0.0.1:54223 - R:localhost/127.0.0.1:9746] for POST '/session/fe93fa1a9022779f439c9c0547917cbc/execute/sync'
22:58:50.382 [AsyncHttpClient-1-5] DEBUG org.asynchttpclient.netty.handler.HttpHandler - 

Request DefaultHttpRequest(decodeResult: success, version: HTTP/1.1)
POST /session/fe93fa1a9022779f439c9c0547917cbc/execute/sync HTTP/1.1
User-Agent: selenium/4.8.1 (java windows)
Content-Length: 176
Content-Type: application/json; charset=utf-8
host: localhost:9746
accept: */*

Response DefaultHttpResponse(decodeResult: success, version: HTTP/1.1)
HTTP/1.1 200 OK
Content-Length: 22355
Content-Type: application/json; charset=utf-8
cache-control: no-cache

22:58:50.382 [AsyncHttpClient-1-5] DEBUG org.asynchttpclient.netty.channel.ChannelManager - Adding key: http://localhost:9746 for channel [id: 0x4e16a738, L:/127.0.0.1:54223 - R:localhost/127.0.0.1:9746]
22:58:50.388 [Forwarding getCurrentUrl on session fe93fa1a9022779f439c9c0547917cbc to remote] DEBUG org.asynchttpclient.netty.request.NettyRequestSender - Using pooled Channel '[id: 0x4e16a738, L:/127.0.0.1:54223 - R:localhost/127.0.0.1:9746]' for 'GET' to 'http://localhost:9746/session/fe93fa1a9022779f439c9c0547917cbc/url'
22:58:50.388 [Forwarding getCurrentUrl on session fe93fa1a9022779f439c9c0547917cbc to remote] DEBUG org.asynchttpclient.netty.request.NettyRequestSender - Using open Channel [id: 0x4e16a738, L:/127.0.0.1:54223 - R:localhost/127.0.0.1:9746] for GET '/session/fe93fa1a9022779f439c9c0547917cbc/url'
22:58:50.397 [AsyncHttpClient-1-5] DEBUG org.asynchttpclient.netty.handler.HttpHandler - 

Request DefaultFullHttpRequest(decodeResult: success, version: HTTP/1.1, content: EmptyByteBufBE)
GET /session/fe93fa1a9022779f439c9c0547917cbc/url HTTP/1.1
User-Agent: selenium/4.8.1 (java windows)
Cache-Control: no-cache
Content-Type: application/json; charset=utf-8
host: localhost:9746
accept: */*

Response DefaultHttpResponse(decodeResult: success, version: HTTP/1.1)
HTTP/1.1 200 OK
Content-Length: 54
Content-Type: application/json; charset=utf-8
cache-control: no-cache

22:58:50.398 [AsyncHttpClient-1-5] DEBUG org.asynchttpclient.netty.channel.ChannelManager - Adding key: http://localhost:9746 for channel [id: 0x4e16a738, L:/127.0.0.1:54223 - R:localhost/127.0.0.1:9746]
22:58:50.401 [main] DEBUG net.thucydides.core.steps.StepInterceptor - STARTING STEP: RegisterSteps.enterInvalidEmail - inputInvalidEmail
22:58:50.406 [Forwarding findElement on session fe93fa1a9022779f439c9c0547917cbc to remote] DEBUG org.asynchttpclient.netty.request.NettyRequestSender - Using pooled Channel '[id: 0x4e16a738, L:/127.0.0.1:54223 - R:localhost/127.0.0.1:9746]' for 'POST' to 'http://localhost:9746/session/fe93fa1a9022779f439c9c0547917cbc/element'
22:58:50.406 [Forwarding findElement on session fe93fa1a9022779f439c9c0547917cbc to remote] DEBUG org.asynchttpclient.netty.request.NettyRequestSender - Using open Channel [id: 0x4e16a738, L:/127.0.0.1:54223 - R:localhost/127.0.0.1:9746] for POST '/session/fe93fa1a9022779f439c9c0547917cbc/element'
22:58:50.427 [AsyncHttpClient-1-5] DEBUG org.asynchttpclient.netty.handler.HttpHandler - 

Request DefaultHttpRequest(decodeResult: success, version: HTTP/1.1)
POST /session/fe93fa1a9022779f439c9c0547917cbc/element HTTP/1.1
User-Agent: selenium/4.8.1 (java windows)
Content-Length: 55
Content-Type: application/json; charset=utf-8
host: localhost:9746
accept: */*

Response DefaultHttpResponse(decodeResult: success, version: HTTP/1.1)
HTTP/1.1 200 OK
Content-Length: 94
Content-Type: application/json; charset=utf-8
cache-control: no-cache

22:58:50.427 [AsyncHttpClient-1-5] DEBUG org.asynchttpclient.netty.channel.ChannelManager - Adding key: http://localhost:9746 for channel [id: 0x4e16a738, L:/127.0.0.1:54223 - R:localhost/127.0.0.1:9746]
22:58:50.429 [Forwarding clearElement on session fe93fa1a9022779f439c9c0547917cbc to remote] DEBUG org.asynchttpclient.netty.request.NettyRequestSender - Using pooled Channel '[id: 0x4e16a738, L:/127.0.0.1:54223 - R:localhost/127.0.0.1:9746]' for 'POST' to 'http://localhost:9746/session/fe93fa1a9022779f439c9c0547917cbc/element/C1D5E667B9BD3C5E9F8F7497B993D13B_element_9/clear'
22:58:50.429 [Forwarding clearElement on session fe93fa1a9022779f439c9c0547917cbc to remote] DEBUG org.asynchttpclient.netty.request.NettyRequestSender - Using open Channel [id: 0x4e16a738, L:/127.0.0.1:54223 - R:localhost/127.0.0.1:9746] for POST '/session/fe93fa1a9022779f439c9c0547917cbc/element/C1D5E667B9BD3C5E9F8F7497B993D13B_element_9/clear'
22:58:50.468 [AsyncHttpClient-1-5] DEBUG org.asynchttpclient.netty.handler.HttpHandler - 

Request DefaultHttpRequest(decodeResult: success, version: HTTP/1.1)
POST /session/fe93fa1a9022779f439c9c0547917cbc/element/C1D5E667B9BD3C5E9F8F7497B993D13B_element_9/clear HTTP/1.1
User-Agent: selenium/4.8.1 (java windows)
Content-Length: 56
Content-Type: application/json; charset=utf-8
host: localhost:9746
accept: */*

Response DefaultHttpResponse(decodeResult: success, version: HTTP/1.1)
HTTP/1.1 200 OK
Content-Length: 14
Content-Type: application/json; charset=utf-8
cache-control: no-cache

22:58:50.469 [AsyncHttpClient-1-5] DEBUG org.asynchttpclient.netty.channel.ChannelManager - Adding key: http://localhost:9746 for channel [id: 0x4e16a738, L:/127.0.0.1:54223 - R:localhost/127.0.0.1:9746]
22:58:50.471 [Forwarding sendKeysToElement on session fe93fa1a9022779f439c9c0547917cbc to remote] DEBUG org.asynchttpclient.netty.request.NettyRequestSender - Using pooled Channel '[id: 0x4e16a738, L:/127.0.0.1:54223 - R:localhost/127.0.0.1:9746]' for 'POST' to 'http://localhost:9746/session/fe93fa1a9022779f439c9c0547917cbc/element/C1D5E667B9BD3C5E9F8F7497B993D13B_element_9/value'
22:58:50.471 [Forwarding sendKeysToElement on session fe93fa1a9022779f439c9c0547917cbc to remote] DEBUG org.asynchttpclient.netty.request.NettyRequestSender - Using open Channel [id: 0x4e16a738, L:/127.0.0.1:54223 - R:localhost/127.0.0.1:9746] for POST '/session/fe93fa1a9022779f439c9c0547917cbc/element/C1D5E667B9BD3C5E9F8F7497B993D13B_element_9/value'
22:58:50.764 [AsyncHttpClient-1-5] DEBUG org.asynchttpclient.netty.handler.HttpHandler - 

Request DefaultHttpRequest(decodeResult: success, version: HTTP/1.1)
POST /session/fe93fa1a9022779f439c9c0547917cbc/element/C1D5E667B9BD3C5E9F8F7497B993D13B_element_9/value HTTP/1.1
User-Agent: selenium/4.8.1 (java windows)
Content-Length: 267
Content-Type: application/json; charset=utf-8
host: localhost:9746
accept: */*

Response DefaultHttpResponse(decodeResult: success, version: HTTP/1.1)
HTTP/1.1 200 OK
Content-Length: 14
Content-Type: application/json; charset=utf-8
cache-control: no-cache

22:58:50.764 [AsyncHttpClient-1-5] DEBUG org.asynchttpclient.netty.channel.ChannelManager - Adding key: http://localhost:9746 for channel [id: 0x4e16a738, L:/127.0.0.1:54223 - R:localhost/127.0.0.1:9746]
22:58:50.781 [Forwarding getAlertText on session fe93fa1a9022779f439c9c0547917cbc to remote] DEBUG org.asynchttpclient.netty.request.NettyRequestSender - Using pooled Channel '[id: 0x4e16a738, L:/127.0.0.1:54223 - R:localhost/127.0.0.1:9746]' for 'GET' to 'http://localhost:9746/session/fe93fa1a9022779f439c9c0547917cbc/alert/text'
22:58:50.781 [Forwarding getAlertText on session fe93fa1a9022779f439c9c0547917cbc to remote] DEBUG org.asynchttpclient.netty.request.NettyRequestSender - Using open Channel [id: 0x4e16a738, L:/127.0.0.1:54223 - R:localhost/127.0.0.1:9746] for GET '/session/fe93fa1a9022779f439c9c0547917cbc/alert/text'
22:58:50.786 [AsyncHttpClient-1-5] DEBUG org.asynchttpclient.netty.handler.HttpHandler - 

Request DefaultFullHttpRequest(decodeResult: success, version: HTTP/1.1, content: EmptyByteBufBE)
GET /session/fe93fa1a9022779f439c9c0547917cbc/alert/text HTTP/1.1
User-Agent: selenium/4.8.1 (java windows)
Cache-Control: no-cache
Content-Type: application/json; charset=utf-8
host: localhost:9746
accept: */*

Response DefaultHttpResponse(decodeResult: success, version: HTTP/1.1)
HTTP/1.1 404 Not Found
Content-Length: 820
Content-Type: application/json; charset=utf-8
cache-control: no-cache

22:58:50.786 [AsyncHttpClient-1-5] DEBUG org.asynchttpclient.netty.channel.ChannelManager - Adding key: http://localhost:9746 for channel [id: 0x4e16a738, L:/127.0.0.1:54223 - R:localhost/127.0.0.1:9746]
22:58:50.791 [Forwarding getCurrentUrl on session fe93fa1a9022779f439c9c0547917cbc to remote] DEBUG org.asynchttpclient.netty.request.NettyRequestSender - Using pooled Channel '[id: 0x4e16a738, L:/127.0.0.1:54223 - R:localhost/127.0.0.1:9746]' for 'GET' to 'http://localhost:9746/session/fe93fa1a9022779f439c9c0547917cbc/url'
22:58:50.791 [Forwarding getCurrentUrl on session fe93fa1a9022779f439c9c0547917cbc to remote] DEBUG org.asynchttpclient.netty.request.NettyRequestSender - Using open Channel [id: 0x4e16a738, L:/127.0.0.1:54223 - R:localhost/127.0.0.1:9746] for GET '/session/fe93fa1a9022779f439c9c0547917cbc/url'
22:58:50.809 [AsyncHttpClient-1-5] DEBUG org.asynchttpclient.netty.handler.HttpHandler - 

Request DefaultFullHttpRequest(decodeResult: success, version: HTTP/1.1, content: EmptyByteBufBE)
GET /session/fe93fa1a9022779f439c9c0547917cbc/url HTTP/1.1
User-Agent: selenium/4.8.1 (java windows)
Cache-Control: no-cache
Content-Type: application/json; charset=utf-8
host: localhost:9746
accept: */*

Response DefaultHttpResponse(decodeResult: success, version: HTTP/1.1)
HTTP/1.1 200 OK
Content-Length: 54
Content-Type: application/json; charset=utf-8
cache-control: no-cache

22:58:50.809 [AsyncHttpClient-1-5] DEBUG org.asynchttpclient.netty.channel.ChannelManager - Adding key: http://localhost:9746 for channel [id: 0x4e16a738, L:/127.0.0.1:54223 - R:localhost/127.0.0.1:9746]
22:58:50.811 [Forwarding screenshot on session fe93fa1a9022779f439c9c0547917cbc to remote] DEBUG org.asynchttpclient.netty.request.NettyRequestSender - Using pooled Channel '[id: 0x4e16a738, L:/127.0.0.1:54223 - R:localhost/127.0.0.1:9746]' for 'GET' to 'http://localhost:9746/session/fe93fa1a9022779f439c9c0547917cbc/screenshot'
22:58:50.811 [Forwarding screenshot on session fe93fa1a9022779f439c9c0547917cbc to remote] DEBUG org.asynchttpclient.netty.request.NettyRequestSender - Using open Channel [id: 0x4e16a738, L:/127.0.0.1:54223 - R:localhost/127.0.0.1:9746] for GET '/session/fe93fa1a9022779f439c9c0547917cbc/screenshot'
22:58:51.079 [AsyncHttpClient-1-5] DEBUG org.asynchttpclient.netty.handler.HttpHandler - 

Request DefaultFullHttpRequest(decodeResult: success, version: HTTP/1.1, content: EmptyByteBufBE)
GET /session/fe93fa1a9022779f439c9c0547917cbc/screenshot HTTP/1.1
User-Agent: selenium/4.8.1 (java windows)
Cache-Control: no-cache
Content-Type: application/json; charset=utf-8
host: localhost:9746
accept: */*

Response DefaultHttpResponse(decodeResult: success, version: HTTP/1.1)
HTTP/1.1 200 OK
Content-Length: 44772
Content-Type: application/json; charset=utf-8
cache-control: no-cache

22:58:51.080 [AsyncHttpClient-1-5] DEBUG org.asynchttpclient.netty.channel.ChannelManager - Adding key: http://localhost:9746 for channel [id: 0x4e16a738, L:/127.0.0.1:54223 - R:localhost/127.0.0.1:9746]
22:58:51.086 [main] DEBUG net.serenitybdd.core.photography.Darkroom - Send negative for processing for target\site\serenity\743f133997185015cdf9e1916f4f090a4e20be32511de7442be2cdae449dc0cd.png
22:58:51.086 [main] DEBUG net.thucydides.core.steps.StepInterceptor - STEP DONE: inputInvalidEmail
22:58:51.086 [Darkroom Processing Line] DEBUG net.serenitybdd.core.photography.DarkroomProcessingLine - Processing screenshot image in /var/screenshots/screenshot-7264121710395761295
22:58:51.086 [Darkroom Processing Line] DEBUG net.serenitybdd.core.photography.DarkroomProcessingLine - Saving screenshot to target\site\serenity\743f133997185015cdf9e1916f4f090a4e20be32511de7442be2cdae449dc0cd.png
  &amp#27;[32mAnd &amp#27;[0m&amp#27;[32mI enter invalid email&amp#27;[0m                  &amp#27;[90m# starter.stepdefinitions.RegisterSteps.enterInvalidEmail()&amp#27;[0m
22:58:51.102 [AsyncHttpClient-1-1] DEBUG org.asynchttpclient.netty.channel.DefaultChannelPool - Entry count for : http://localhost:9746 : 1
22:58:51.102 [AsyncHttpClient-1-1] DEBUG org.asynchttpclient.netty.channel.DefaultChannelPool - Entry count for : http://localhost:54224 : 1
22:58:51.107 [Forwarding getPageSource on session fe93fa1a9022779f439c9c0547917cbc to remote] DEBUG org.asynchttpclient.netty.request.NettyRequestSender - Using pooled Channel '[id: 0x4e16a738, L:/127.0.0.1:54223 - R:localhost/127.0.0.1:9746]' for 'POST' to 'http://localhost:9746/session/fe93fa1a9022779f439c9c0547917cbc/execute/sync'
22:58:51.107 [Forwarding getPageSource on session fe93fa1a9022779f439c9c0547917cbc to remote] DEBUG org.asynchttpclient.netty.request.NettyRequestSender - Using open Channel [id: 0x4e16a738, L:/127.0.0.1:54223 - R:localhost/127.0.0.1:9746] for POST '/session/fe93fa1a9022779f439c9c0547917cbc/execute/sync'
22:58:51.126 [AsyncHttpClient-1-5] DEBUG org.asynchttpclient.netty.handler.HttpHandler - 

Request DefaultHttpRequest(decodeResult: success, version: HTTP/1.1)
POST /session/fe93fa1a9022779f439c9c0547917cbc/execute/sync HTTP/1.1
User-Agent: selenium/4.8.1 (java windows)
Content-Length: 176
Content-Type: application/json; charset=utf-8
host: localhost:9746
accept: */*

Response DefaultHttpResponse(decodeResult: success, version: HTTP/1.1)
HTTP/1.1 200 OK
Content-Length: 22414
Content-Type: application/json; charset=utf-8
cache-control: no-cache

22:58:51.127 [AsyncHttpClient-1-5] DEBUG org.asynchttpclient.netty.channel.ChannelManager - Adding key: http://localhost:9746 for channel [id: 0x4e16a738, L:/127.0.0.1:54223 - R:localhost/127.0.0.1:9746]
22:58:51.134 [Forwarding getCurrentUrl on session fe93fa1a9022779f439c9c0547917cbc to remote] DEBUG org.asynchttpclient.netty.request.NettyRequestSender - Using pooled Channel '[id: 0x4e16a738, L:/127.0.0.1:54223 - R:localhost/127.0.0.1:9746]' for 'GET' to 'http://localhost:9746/session/fe93fa1a9022779f439c9c0547917cbc/url'
22:58:51.134 [Forwarding getCurrentUrl on session fe93fa1a9022779f439c9c0547917cbc to remote] DEBUG org.asynchttpclient.netty.request.NettyRequestSender - Using open Channel [id: 0x4e16a738, L:/127.0.0.1:54223 - R:localhost/127.0.0.1:9746] for GET '/session/fe93fa1a9022779f439c9c0547917cbc/url'
22:58:51.148 [AsyncHttpClient-1-5] DEBUG org.asynchttpclient.netty.handler.HttpHandler - 

Request DefaultFullHttpRequest(decodeResult: success, version: HTTP/1.1, content: EmptyByteBufBE)
GET /session/fe93fa1a9022779f439c9c0547917cbc/url HTTP/1.1
User-Agent: selenium/4.8.1 (java windows)
Cache-Control: no-cache
Content-Type: application/json; charset=utf-8
host: localhost:9746
accept: */*

Response DefaultHttpResponse(decodeResult: success, version: HTTP/1.1)
HTTP/1.1 200 OK
Content-Length: 54
Content-Type: application/json; charset=utf-8
cache-control: no-cache

22:58:51.148 [AsyncHttpClient-1-5] DEBUG org.asynchttpclient.netty.channel.ChannelManager - Adding key: http://localhost:9746 for channel [id: 0x4e16a738, L:/127.0.0.1:54223 - R:localhost/127.0.0.1:9746]
22:58:51.173 [Forwarding getAlertText on session fe93fa1a9022779f439c9c0547917cbc to remote] DEBUG org.asynchttpclient.netty.request.NettyRequestSender - Using pooled Channel '[id: 0x4e16a738, L:/127.0.0.1:54223 - R:localhost/127.0.0.1:9746]' for 'GET' to 'http://localhost:9746/session/fe93fa1a9022779f439c9c0547917cbc/alert/text'
22:58:51.173 [Forwarding getAlertText on session fe93fa1a9022779f439c9c0547917cbc to remote] DEBUG org.asynchttpclient.netty.request.NettyRequestSender - Using open Channel [id: 0x4e16a738, L:/127.0.0.1:54223 - R:localhost/127.0.0.1:9746] for GET '/session/fe93fa1a9022779f439c9c0547917cbc/alert/text'
22:58:51.177 [AsyncHttpClient-1-5] DEBUG org.asynchttpclient.netty.handler.HttpHandler - 

Request DefaultFullHttpRequest(decodeResult: success, version: HTTP/1.1, content: EmptyByteBufBE)
GET /session/fe93fa1a9022779f439c9c0547917cbc/alert/text HTTP/1.1
User-Agent: selenium/4.8.1 (java windows)
Cache-Control: no-cache
Content-Type: application/json; charset=utf-8
host: localhost:9746
accept: */*

Response DefaultHttpResponse(decodeResult: success, version: HTTP/1.1)
HTTP/1.1 404 Not Found
Content-Length: 820
Content-Type: application/json; charset=utf-8
cache-control: no-cache

22:58:51.178 [AsyncHttpClient-1-5] DEBUG org.asynchttpclient.netty.channel.ChannelManager - Adding key: http://localhost:9746 for channel [id: 0x4e16a738, L:/127.0.0.1:54223 - R:localhost/127.0.0.1:9746]
22:58:51.181 [Forwarding getCurrentUrl on session fe93fa1a9022779f439c9c0547917cbc to remote] DEBUG org.asynchttpclient.netty.request.NettyRequestSender - Using pooled Channel '[id: 0x4e16a738, L:/127.0.0.1:54223 - R:localhost/127.0.0.1:9746]' for 'GET' to 'http://localhost:9746/session/fe93fa1a9022779f439c9c0547917cbc/url'
22:58:51.181 [Forwarding getCurrentUrl on session fe93fa1a9022779f439c9c0547917cbc to remote] DEBUG org.asynchttpclient.netty.request.NettyRequestSender - Using open Channel [id: 0x4e16a738, L:/127.0.0.1:54223 - R:localhost/127.0.0.1:9746] for GET '/session/fe93fa1a9022779f439c9c0547917cbc/url'
22:58:51.195 [AsyncHttpClient-1-5] DEBUG org.asynchttpclient.netty.handler.HttpHandler - 

Request DefaultFullHttpRequest(decodeResult: success, version: HTTP/1.1, content: EmptyByteBufBE)
GET /session/fe93fa1a9022779f439c9c0547917cbc/url HTTP/1.1
User-Agent: selenium/4.8.1 (java windows)
Cache-Control: no-cache
Content-Type: application/json; charset=utf-8
host: localhost:9746
accept: */*

Response DefaultHttpResponse(decodeResult: success, version: HTTP/1.1)
HTTP/1.1 200 OK
Content-Length: 54
Content-Type: application/json; charset=utf-8
cache-control: no-cache

22:58:51.196 [AsyncHttpClient-1-5] DEBUG org.asynchttpclient.netty.channel.ChannelManager - Adding key: http://localhost:9746 for channel [id: 0x4e16a738, L:/127.0.0.1:54223 - R:localhost/127.0.0.1:9746]
22:58:51.197 [Forwarding screenshot on session fe93fa1a9022779f439c9c0547917cbc to remote] DEBUG org.asynchttpclient.netty.request.NettyRequestSender - Using pooled Channel '[id: 0x4e16a738, L:/127.0.0.1:54223 - R:localhost/127.0.0.1:9746]' for 'GET' to 'http://localhost:9746/session/fe93fa1a9022779f439c9c0547917cbc/screenshot'
22:58:51.198 [Forwarding screenshot on session fe93fa1a9022779f439c9c0547917cbc to remote] DEBUG org.asynchttpclient.netty.request.NettyRequestSender - Using open Channel [id: 0x4e16a738, L:/127.0.0.1:54223 - R:localhost/127.0.0.1:9746] for GET '/session/fe93fa1a9022779f439c9c0547917cbc/screenshot'
22:58:51.399 [AsyncHttpClient-1-5] DEBUG org.asynchttpclient.netty.handler.HttpHandler - 

Request DefaultFullHttpRequest(decodeResult: success, version: HTTP/1.1, content: EmptyByteBufBE)
GET /session/fe93fa1a9022779f439c9c0547917cbc/screenshot HTTP/1.1
User-Agent: selenium/4.8.1 (java windows)
Cache-Control: no-cache
Content-Type: application/json; charset=utf-8
host: localhost:9746
accept: */*

Response DefaultHttpResponse(decodeResult: success, version: HTTP/1.1)
HTTP/1.1 200 OK
Content-Length: 44772
Content-Type: application/json; charset=utf-8
cache-control: no-cache

22:58:51.400 [AsyncHttpClient-1-5] DEBUG org.asynchttpclient.netty.channel.ChannelManager - Adding key: http://localhost:9746 for channel [id: 0x4e16a738, L:/127.0.0.1:54223 - R:localhost/127.0.0.1:9746]
22:58:51.402 [main] DEBUG net.serenitybdd.core.photography.Darkroom - Send negative for processing for target\site\serenity\89286315147de4dbffcc31c7e954bb32351ea35646e2b03138b806ca6922b300.png
22:58:51.403 [Darkroom Processing Line] DEBUG net.serenitybdd.core.photography.DarkroomProcessingLine - Processing screenshot image in /var/screenshots/screenshot-721094532699922530
22:58:51.403 [Darkroom Processing Line] DEBUG net.serenitybdd.core.photography.DarkroomProcessingLine - Saving screenshot to target\site\serenity\89286315147de4dbffcc31c7e954bb32351ea35646e2b03138b806ca6922b300.png
22:58:51.404 [Forwarding getPageSource on session fe93fa1a9022779f439c9c0547917cbc to remote] DEBUG org.asynchttpclient.netty.request.NettyRequestSender - Using pooled Channel '[id: 0x4e16a738, L:/127.0.0.1:54223 - R:localhost/127.0.0.1:9746]' for 'POST' to 'http://localhost:9746/session/fe93fa1a9022779f439c9c0547917cbc/execute/sync'
22:58:51.404 [Forwarding getPageSource on session fe93fa1a9022779f439c9c0547917cbc to remote] DEBUG org.asynchttpclient.netty.request.NettyRequestSender - Using open Channel [id: 0x4e16a738, L:/127.0.0.1:54223 - R:localhost/127.0.0.1:9746] for POST '/session/fe93fa1a9022779f439c9c0547917cbc/execute/sync'
22:58:51.413 [AsyncHttpClient-1-5] DEBUG org.asynchttpclient.netty.handler.HttpHandler - 

Request DefaultHttpRequest(decodeResult: success, version: HTTP/1.1)
POST /session/fe93fa1a9022779f439c9c0547917cbc/execute/sync HTTP/1.1
User-Agent: selenium/4.8.1 (java windows)
Content-Length: 176
Content-Type: application/json; charset=utf-8
host: localhost:9746
accept: */*

Response DefaultHttpResponse(decodeResult: success, version: HTTP/1.1)
HTTP/1.1 200 OK
Content-Length: 22414
Content-Type: application/json; charset=utf-8
cache-control: no-cache

22:58:51.413 [AsyncHttpClient-1-5] DEBUG org.asynchttpclient.netty.channel.ChannelManager - Adding key: http://localhost:9746 for channel [id: 0x4e16a738, L:/127.0.0.1:54223 - R:localhost/127.0.0.1:9746]
22:58:51.417 [Forwarding getCurrentUrl on session fe93fa1a9022779f439c9c0547917cbc to remote] DEBUG org.asynchttpclient.netty.request.NettyRequestSender - Using pooled Channel '[id: 0x4e16a738, L:/127.0.0.1:54223 - R:localhost/127.0.0.1:9746]' for 'GET' to 'http://localhost:9746/session/fe93fa1a9022779f439c9c0547917cbc/url'
22:58:51.417 [Forwarding getCurrentUrl on session fe93fa1a9022779f439c9c0547917cbc to remote] DEBUG org.asynchttpclient.netty.request.NettyRequestSender - Using open Channel [id: 0x4e16a738, L:/127.0.0.1:54223 - R:localhost/127.0.0.1:9746] for GET '/session/fe93fa1a9022779f439c9c0547917cbc/url'
22:58:51.424 [AsyncHttpClient-1-5] DEBUG org.asynchttpclient.netty.handler.HttpHandler - 

Request DefaultFullHttpRequest(decodeResult: success, version: HTTP/1.1, content: EmptyByteBufBE)
GET /session/fe93fa1a9022779f439c9c0547917cbc/url HTTP/1.1
User-Agent: selenium/4.8.1 (java windows)
Cache-Control: no-cache
Content-Type: application/json; charset=utf-8
host: localhost:9746
accept: */*

Response DefaultHttpResponse(decodeResult: success, version: HTTP/1.1)
HTTP/1.1 200 OK
Content-Length: 54
Content-Type: application/json; charset=utf-8
cache-control: no-cache

22:58:51.424 [AsyncHttpClient-1-5] DEBUG org.asynchttpclient.netty.channel.ChannelManager - Adding key: http://localhost:9746 for channel [id: 0x4e16a738, L:/127.0.0.1:54223 - R:localhost/127.0.0.1:9746]
22:58:51.427 [main] DEBUG net.thucydides.core.steps.StepInterceptor - STARTING STEP: RegisterSteps.enterValidPassword - inputPassword
22:58:51.429 [Forwarding findElement on session fe93fa1a9022779f439c9c0547917cbc to remote] DEBUG org.asynchttpclient.netty.request.NettyRequestSender - Using pooled Channel '[id: 0x4e16a738, L:/127.0.0.1:54223 - R:localhost/127.0.0.1:9746]' for 'POST' to 'http://localhost:9746/session/fe93fa1a9022779f439c9c0547917cbc/element'
22:58:51.429 [Forwarding findElement on session fe93fa1a9022779f439c9c0547917cbc to remote] DEBUG org.asynchttpclient.netty.request.NettyRequestSender - Using open Channel [id: 0x4e16a738, L:/127.0.0.1:54223 - R:localhost/127.0.0.1:9746] for POST '/session/fe93fa1a9022779f439c9c0547917cbc/element'
22:58:51.442 [AsyncHttpClient-1-5] DEBUG org.asynchttpclient.netty.handler.HttpHandler - 

Request DefaultHttpRequest(decodeResult: success, version: HTTP/1.1)
POST /session/fe93fa1a9022779f439c9c0547917cbc/element HTTP/1.1
User-Agent: selenium/4.8.1 (java windows)
Content-Length: 55
Content-Type: application/json; charset=utf-8
host: localhost:9746
accept: */*

Response DefaultHttpResponse(decodeResult: success, version: HTTP/1.1)
HTTP/1.1 200 OK
Content-Length: 95
Content-Type: application/json; charset=utf-8
cache-control: no-cache

22:58:51.443 [AsyncHttpClient-1-5] DEBUG org.asynchttpclient.netty.channel.ChannelManager - Adding key: http://localhost:9746 for channel [id: 0x4e16a738, L:/127.0.0.1:54223 - R:localhost/127.0.0.1:9746]
22:58:51.445 [Forwarding clearElement on session fe93fa1a9022779f439c9c0547917cbc to remote] DEBUG org.asynchttpclient.netty.request.NettyRequestSender - Using pooled Channel '[id: 0x4e16a738, L:/127.0.0.1:54223 - R:localhost/127.0.0.1:9746]' for 'POST' to 'http://localhost:9746/session/fe93fa1a9022779f439c9c0547917cbc/element/C1D5E667B9BD3C5E9F8F7497B993D13B_element_10/clear'
22:58:51.445 [Forwarding clearElement on session fe93fa1a9022779f439c9c0547917cbc to remote] DEBUG org.asynchttpclient.netty.request.NettyRequestSender - Using open Channel [id: 0x4e16a738, L:/127.0.0.1:54223 - R:localhost/127.0.0.1:9746] for POST '/session/fe93fa1a9022779f439c9c0547917cbc/element/C1D5E667B9BD3C5E9F8F7497B993D13B_element_10/clear'
22:58:51.481 [AsyncHttpClient-1-5] DEBUG org.asynchttpclient.netty.handler.HttpHandler - 

Request DefaultHttpRequest(decodeResult: success, version: HTTP/1.1)
POST /session/fe93fa1a9022779f439c9c0547917cbc/element/C1D5E667B9BD3C5E9F8F7497B993D13B_element_10/clear HTTP/1.1
User-Agent: selenium/4.8.1 (java windows)
Content-Length: 57
Content-Type: application/json; charset=utf-8
host: localhost:9746
accept: */*

Response DefaultHttpResponse(decodeResult: success, version: HTTP/1.1)
HTTP/1.1 200 OK
Content-Length: 14
Content-Type: application/json; charset=utf-8
cache-control: no-cache

22:58:51.481 [AsyncHttpClient-1-5] DEBUG org.asynchttpclient.netty.channel.ChannelManager - Adding key: http://localhost:9746 for channel [id: 0x4e16a738, L:/127.0.0.1:54223 - R:localhost/127.0.0.1:9746]
22:58:51.484 [Forwarding sendKeysToElement on session fe93fa1a9022779f439c9c0547917cbc to remote] DEBUG org.asynchttpclient.netty.request.NettyRequestSender - Using pooled Channel '[id: 0x4e16a738, L:/127.0.0.1:54223 - R:localhost/127.0.0.1:9746]' for 'POST' to 'http://localhost:9746/session/fe93fa1a9022779f439c9c0547917cbc/element/C1D5E667B9BD3C5E9F8F7497B993D13B_element_10/value'
22:58:51.484 [Forwarding sendKeysToElement on session fe93fa1a9022779f439c9c0547917cbc to remote] DEBUG org.asynchttpclient.netty.request.NettyRequestSender - Using open Channel [id: 0x4e16a738, L:/127.0.0.1:54223 - R:localhost/127.0.0.1:9746] for POST '/session/fe93fa1a9022779f439c9c0547917cbc/element/C1D5E667B9BD3C5E9F8F7497B993D13B_element_10/value'
22:58:51.577 [AsyncHttpClient-1-5] DEBUG org.asynchttpclient.netty.handler.HttpHandler - 

Request DefaultHttpRequest(decodeResult: success, version: HTTP/1.1)
POST /session/fe93fa1a9022779f439c9c0547917cbc/element/C1D5E667B9BD3C5E9F8F7497B993D13B_element_10/value HTTP/1.1
User-Agent: selenium/4.8.1 (java windows)
Content-Length: 148
Content-Type: application/json; charset=utf-8
host: localhost:9746
accept: */*

Response DefaultHttpResponse(decodeResult: success, version: HTTP/1.1)
HTTP/1.1 200 OK
Content-Length: 14
Content-Type: application/json; charset=utf-8
cache-control: no-cache

22:58:51.578 [AsyncHttpClient-1-5] DEBUG org.asynchttpclient.netty.channel.ChannelManager - Adding key: http://localhost:9746 for channel [id: 0x4e16a738, L:/127.0.0.1:54223 - R:localhost/127.0.0.1:9746]
22:58:51.584 [Forwarding getAlertText on session fe93fa1a9022779f439c9c0547917cbc to remote] DEBUG org.asynchttpclient.netty.request.NettyRequestSender - Using pooled Channel '[id: 0x4e16a738, L:/127.0.0.1:54223 - R:localhost/127.0.0.1:9746]' for 'GET' to 'http://localhost:9746/session/fe93fa1a9022779f439c9c0547917cbc/alert/text'
22:58:51.584 [Forwarding getAlertText on session fe93fa1a9022779f439c9c0547917cbc to remote] DEBUG org.asynchttpclient.netty.request.NettyRequestSender - Using open Channel [id: 0x4e16a738, L:/127.0.0.1:54223 - R:localhost/127.0.0.1:9746] for GET '/session/fe93fa1a9022779f439c9c0547917cbc/alert/text'
22:58:51.586 [AsyncHttpClient-1-5] DEBUG org.asynchttpclient.netty.handler.HttpHandler - 

Request DefaultFullHttpRequest(decodeResult: success, version: HTTP/1.1, content: EmptyByteBufBE)
GET /session/fe93fa1a9022779f439c9c0547917cbc/alert/text HTTP/1.1
User-Agent: selenium/4.8.1 (java windows)
Cache-Control: no-cache
Content-Type: application/json; charset=utf-8
host: localhost:9746
accept: */*

Response DefaultHttpResponse(decodeResult: success, version: HTTP/1.1)
HTTP/1.1 404 Not Found
Content-Length: 820
Content-Type: application/json; charset=utf-8
cache-control: no-cache

22:58:51.587 [AsyncHttpClient-1-5] DEBUG org.asynchttpclient.netty.channel.ChannelManager - Adding key: http://localhost:9746 for channel [id: 0x4e16a738, L:/127.0.0.1:54223 - R:localhost/127.0.0.1:9746]
22:58:51.588 [Forwarding getCurrentUrl on session fe93fa1a9022779f439c9c0547917cbc to remote] DEBUG org.asynchttpclient.netty.request.NettyRequestSender - Using pooled Channel '[id: 0x4e16a738, L:/127.0.0.1:54223 - R:localhost/127.0.0.1:9746]' for 'GET' to 'http://localhost:9746/session/fe93fa1a9022779f439c9c0547917cbc/url'
22:58:51.588 [Forwarding getCurrentUrl on session fe93fa1a9022779f439c9c0547917cbc to remote] DEBUG org.asynchttpclient.netty.request.NettyRequestSender - Using open Channel [id: 0x4e16a738, L:/127.0.0.1:54223 - R:localhost/127.0.0.1:9746] for GET '/session/fe93fa1a9022779f439c9c0547917cbc/url'
22:58:51.595 [AsyncHttpClient-1-5] DEBUG org.asynchttpclient.netty.handler.HttpHandler - 

Request DefaultFullHttpRequest(decodeResult: success, version: HTTP/1.1, content: EmptyByteBufBE)
GET /session/fe93fa1a9022779f439c9c0547917cbc/url HTTP/1.1
User-Agent: selenium/4.8.1 (java windows)
Cache-Control: no-cache
Content-Type: application/json; charset=utf-8
host: localhost:9746
accept: */*

Response DefaultHttpResponse(decodeResult: success, version: HTTP/1.1)
HTTP/1.1 200 OK
Content-Length: 54
Content-Type: application/json; charset=utf-8
cache-control: no-cache

22:58:51.595 [AsyncHttpClient-1-5] DEBUG org.asynchttpclient.netty.channel.ChannelManager - Adding key: http://localhost:9746 for channel [id: 0x4e16a738, L:/127.0.0.1:54223 - R:localhost/127.0.0.1:9746]
22:58:51.596 [Forwarding screenshot on session fe93fa1a9022779f439c9c0547917cbc to remote] DEBUG org.asynchttpclient.netty.request.NettyRequestSender - Using pooled Channel '[id: 0x4e16a738, L:/127.0.0.1:54223 - R:localhost/127.0.0.1:9746]' for 'GET' to 'http://localhost:9746/session/fe93fa1a9022779f439c9c0547917cbc/screenshot'
22:58:51.596 [Forwarding screenshot on session fe93fa1a9022779f439c9c0547917cbc to remote] DEBUG org.asynchttpclient.netty.request.NettyRequestSender - Using open Channel [id: 0x4e16a738, L:/127.0.0.1:54223 - R:localhost/127.0.0.1:9746] for GET '/session/fe93fa1a9022779f439c9c0547917cbc/screenshot'
22:58:51.849 [AsyncHttpClient-1-5] DEBUG org.asynchttpclient.netty.handler.HttpHandler - 

Request DefaultFullHttpRequest(decodeResult: success, version: HTTP/1.1, content: EmptyByteBufBE)
GET /session/fe93fa1a9022779f439c9c0547917cbc/screenshot HTTP/1.1
User-Agent: selenium/4.8.1 (java windows)
Cache-Control: no-cache
Content-Type: application/json; charset=utf-8
host: localhost:9746
accept: */*

Response DefaultHttpResponse(decodeResult: success, version: HTTP/1.1)
HTTP/1.1 200 OK
Content-Length: 46656
Content-Type: application/json; charset=utf-8
cache-control: no-cache

22:58:51.850 [AsyncHttpClient-1-5] DEBUG org.asynchttpclient.netty.channel.ChannelManager - Adding key: http://localhost:9746 for channel [id: 0x4e16a738, L:/127.0.0.1:54223 - R:localhost/127.0.0.1:9746]
22:58:51.853 [main] DEBUG net.serenitybdd.core.photography.Darkroom - Send negative for processing for target\site\serenity\2c2701e5b0412b9b3e5ba1e837f45d00a8540f3a433b76a88b223b421703c435.png
22:58:51.853 [main] DEBUG net.thucydides.core.steps.StepInterceptor - STEP DONE: inputPassword
22:58:51.853 [Darkroom Processing Line] DEBUG net.serenitybdd.core.photography.DarkroomProcessingLine - Processing screenshot image in /var/screenshots/screenshot-7879650574408133335
22:58:51.854 [Darkroom Processing Line] DEBUG net.serenitybdd.core.photography.DarkroomProcessingLine - Saving screenshot to target\site\serenity\2c2701e5b0412b9b3e5ba1e837f45d00a8540f3a433b76a88b223b421703c435.png
  &amp#27;[32mAnd &amp#27;[0m&amp#27;[32mI enter valid password&amp#27;[0m                 &amp#27;[90m# starter.stepdefinitions.RegisterSteps.enterValidPassword()&amp#27;[0m
22:58:51.864 [Forwarding getPageSource on session fe93fa1a9022779f439c9c0547917cbc to remote] DEBUG org.asynchttpclient.netty.request.NettyRequestSender - Using pooled Channel '[id: 0x4e16a738, L:/127.0.0.1:54223 - R:localhost/127.0.0.1:9746]' for 'POST' to 'http://localhost:9746/session/fe93fa1a9022779f439c9c0547917cbc/execute/sync'
22:58:51.864 [Forwarding getPageSource on session fe93fa1a9022779f439c9c0547917cbc to remote] DEBUG org.asynchttpclient.netty.request.NettyRequestSender - Using open Channel [id: 0x4e16a738, L:/127.0.0.1:54223 - R:localhost/127.0.0.1:9746] for POST '/session/fe93fa1a9022779f439c9c0547917cbc/execute/sync'
22:58:51.875 [AsyncHttpClient-1-5] DEBUG org.asynchttpclient.netty.handler.HttpHandler - 

Request DefaultHttpRequest(decodeResult: success, version: HTTP/1.1)
POST /session/fe93fa1a9022779f439c9c0547917cbc/execute/sync HTTP/1.1
User-Agent: selenium/4.8.1 (java windows)
Content-Length: 176
Content-Type: application/json; charset=utf-8
host: localhost:9746
accept: */*

Response DefaultHttpResponse(decodeResult: success, version: HTTP/1.1)
HTTP/1.1 200 OK
Content-Length: 22473
Content-Type: application/json; charset=utf-8
cache-control: no-cache

22:58:51.875 [AsyncHttpClient-1-5] DEBUG org.asynchttpclient.netty.channel.ChannelManager - Adding key: http://localhost:9746 for channel [id: 0x4e16a738, L:/127.0.0.1:54223 - R:localhost/127.0.0.1:9746]
22:58:51.879 [Forwarding getCurrentUrl on session fe93fa1a9022779f439c9c0547917cbc to remote] DEBUG org.asynchttpclient.netty.request.NettyRequestSender - Using pooled Channel '[id: 0x4e16a738, L:/127.0.0.1:54223 - R:localhost/127.0.0.1:9746]' for 'GET' to 'http://localhost:9746/session/fe93fa1a9022779f439c9c0547917cbc/url'
22:58:51.879 [Forwarding getCurrentUrl on session fe93fa1a9022779f439c9c0547917cbc to remote] DEBUG org.asynchttpclient.netty.request.NettyRequestSender - Using open Channel [id: 0x4e16a738, L:/127.0.0.1:54223 - R:localhost/127.0.0.1:9746] for GET '/session/fe93fa1a9022779f439c9c0547917cbc/url'
22:58:51.886 [AsyncHttpClient-1-5] DEBUG org.asynchttpclient.netty.handler.HttpHandler - 

Request DefaultFullHttpRequest(decodeResult: success, version: HTTP/1.1, content: EmptyByteBufBE)
GET /session/fe93fa1a9022779f439c9c0547917cbc/url HTTP/1.1
User-Agent: selenium/4.8.1 (java windows)
Cache-Control: no-cache
Content-Type: application/json; charset=utf-8
host: localhost:9746
accept: */*

Response DefaultHttpResponse(decodeResult: success, version: HTTP/1.1)
HTTP/1.1 200 OK
Content-Length: 54
Content-Type: application/json; charset=utf-8
cache-control: no-cache

22:58:51.886 [AsyncHttpClient-1-5] DEBUG org.asynchttpclient.netty.channel.ChannelManager - Adding key: http://localhost:9746 for channel [id: 0x4e16a738, L:/127.0.0.1:54223 - R:localhost/127.0.0.1:9746]
22:58:51.896 [Forwarding getPageSource on session fe93fa1a9022779f439c9c0547917cbc to remote] DEBUG org.asynchttpclient.netty.request.NettyRequestSender - Using pooled Channel '[id: 0x4e16a738, L:/127.0.0.1:54223 - R:localhost/127.0.0.1:9746]' for 'POST' to 'http://localhost:9746/session/fe93fa1a9022779f439c9c0547917cbc/execute/sync'
22:58:51.896 [Forwarding getPageSource on session fe93fa1a9022779f439c9c0547917cbc to remote] DEBUG org.asynchttpclient.netty.request.NettyRequestSender - Using open Channel [id: 0x4e16a738, L:/127.0.0.1:54223 - R:localhost/127.0.0.1:9746] for POST '/session/fe93fa1a9022779f439c9c0547917cbc/execute/sync'
22:58:51.907 [AsyncHttpClient-1-5] DEBUG org.asynchttpclient.netty.handler.HttpHandler - 

Request DefaultHttpRequest(decodeResult: success, version: HTTP/1.1)
POST /session/fe93fa1a9022779f439c9c0547917cbc/execute/sync HTTP/1.1
User-Agent: selenium/4.8.1 (java windows)
Content-Length: 176
Content-Type: application/json; charset=utf-8
host: localhost:9746
accept: */*

Response DefaultHttpResponse(decodeResult: success, version: HTTP/1.1)
HTTP/1.1 200 OK
Content-Length: 22473
Content-Type: application/json; charset=utf-8
cache-control: no-cache

22:58:51.908 [AsyncHttpClient-1-5] DEBUG org.asynchttpclient.netty.channel.ChannelManager - Adding key: http://localhost:9746 for channel [id: 0x4e16a738, L:/127.0.0.1:54223 - R:localhost/127.0.0.1:9746]
22:58:51.911 [Forwarding getCurrentUrl on session fe93fa1a9022779f439c9c0547917cbc to remote] DEBUG org.asynchttpclient.netty.request.NettyRequestSender - Using pooled Channel '[id: 0x4e16a738, L:/127.0.0.1:54223 - R:localhost/127.0.0.1:9746]' for 'GET' to 'http://localhost:9746/session/fe93fa1a9022779f439c9c0547917cbc/url'
22:58:51.911 [Forwarding getCurrentUrl on session fe93fa1a9022779f439c9c0547917cbc to remote] DEBUG org.asynchttpclient.netty.request.NettyRequestSender - Using open Channel [id: 0x4e16a738, L:/127.0.0.1:54223 - R:localhost/127.0.0.1:9746] for GET '/session/fe93fa1a9022779f439c9c0547917cbc/url'
22:58:51.919 [AsyncHttpClient-1-5] DEBUG org.asynchttpclient.netty.handler.HttpHandler - 

Request DefaultFullHttpRequest(decodeResult: success, version: HTTP/1.1, content: EmptyByteBufBE)
GET /session/fe93fa1a9022779f439c9c0547917cbc/url HTTP/1.1
User-Agent: selenium/4.8.1 (java windows)
Cache-Control: no-cache
Content-Type: application/json; charset=utf-8
host: localhost:9746
accept: */*

Response DefaultHttpResponse(decodeResult: success, version: HTTP/1.1)
HTTP/1.1 200 OK
Content-Length: 54
Content-Type: application/json; charset=utf-8
cache-control: no-cache

22:58:51.919 [AsyncHttpClient-1-5] DEBUG org.asynchttpclient.netty.channel.ChannelManager - Adding key: http://localhost:9746 for channel [id: 0x4e16a738, L:/127.0.0.1:54223 - R:localhost/127.0.0.1:9746]
22:58:51.921 [main] DEBUG net.thucydides.core.steps.StepInterceptor - STARTING STEP: RegisterSteps.clickRegButton - clickRegButton
22:58:51.926 [Forwarding findElement on session fe93fa1a9022779f439c9c0547917cbc to remote] DEBUG org.asynchttpclient.netty.request.NettyRequestSender - Using pooled Channel '[id: 0x4e16a738, L:/127.0.0.1:54223 - R:localhost/127.0.0.1:9746]' for 'POST' to 'http://localhost:9746/session/fe93fa1a9022779f439c9c0547917cbc/element'
22:58:51.926 [Forwarding findElement on session fe93fa1a9022779f439c9c0547917cbc to remote] DEBUG org.asynchttpclient.netty.request.NettyRequestSender - Using open Channel [id: 0x4e16a738, L:/127.0.0.1:54223 - R:localhost/127.0.0.1:9746] for POST '/session/fe93fa1a9022779f439c9c0547917cbc/element'
22:58:51.945 [AsyncHttpClient-1-5] DEBUG org.asynchttpclient.netty.handler.HttpHandler - 

Request DefaultHttpRequest(decodeResult: success, version: HTTP/1.1)
POST /session/fe93fa1a9022779f439c9c0547917cbc/element HTTP/1.1
User-Agent: selenium/4.8.1 (java windows)
Content-Length: 142
Content-Type: application/json; charset=utf-8
host: localhost:9746
accept: */*

Response DefaultHttpResponse(decodeResult: success, version: HTTP/1.1)
HTTP/1.1 200 OK
Content-Length: 94
Content-Type: application/json; charset=utf-8
cache-control: no-cache

22:58:51.945 [AsyncHttpClient-1-5] DEBUG org.asynchttpclient.netty.channel.ChannelManager - Adding key: http://localhost:9746 for channel [id: 0x4e16a738, L:/127.0.0.1:54223 - R:localhost/127.0.0.1:9746]
22:58:51.948 [Forwarding getElementTagName on session fe93fa1a9022779f439c9c0547917cbc to remote] DEBUG org.asynchttpclient.netty.request.NettyRequestSender - Using pooled Channel '[id: 0x4e16a738, L:/127.0.0.1:54223 - R:localhost/127.0.0.1:9746]' for 'GET' to 'http://localhost:9746/session/fe93fa1a9022779f439c9c0547917cbc/element/C1D5E667B9BD3C5E9F8F7497B993D13B_element_2/name'
22:58:51.948 [Forwarding getElementTagName on session fe93fa1a9022779f439c9c0547917cbc to remote] DEBUG org.asynchttpclient.netty.request.NettyRequestSender - Using open Channel [id: 0x4e16a738, L:/127.0.0.1:54223 - R:localhost/127.0.0.1:9746] for GET '/session/fe93fa1a9022779f439c9c0547917cbc/element/C1D5E667B9BD3C5E9F8F7497B993D13B_element_2/name'
22:58:51.961 [AsyncHttpClient-1-5] DEBUG org.asynchttpclient.netty.handler.HttpHandler - 

Request DefaultFullHttpRequest(decodeResult: success, version: HTTP/1.1, content: EmptyByteBufBE)
GET /session/fe93fa1a9022779f439c9c0547917cbc/element/C1D5E667B9BD3C5E9F8F7497B993D13B_element_2/name HTTP/1.1
User-Agent: selenium/4.8.1 (java windows)
Cache-Control: no-cache
Content-Type: application/json; charset=utf-8
host: localhost:9746
accept: */*

Response DefaultHttpResponse(decodeResult: success, version: HTTP/1.1)
HTTP/1.1 200 OK
Content-Length: 18
Content-Type: application/json; charset=utf-8
cache-control: no-cache

22:58:51.961 [AsyncHttpClient-1-5] DEBUG org.asynchttpclient.netty.channel.ChannelManager - Adding key: http://localhost:9746 for channel [id: 0x4e16a738, L:/127.0.0.1:54223 - R:localhost/127.0.0.1:9746]
22:58:51.963 [Forwarding getElementTagName on session fe93fa1a9022779f439c9c0547917cbc to remote] DEBUG org.asynchttpclient.netty.request.NettyRequestSender - Using pooled Channel '[id: 0x4e16a738, L:/127.0.0.1:54223 - R:localhost/127.0.0.1:9746]' for 'GET' to 'http://localhost:9746/session/fe93fa1a9022779f439c9c0547917cbc/element/C1D5E667B9BD3C5E9F8F7497B993D13B_element_2/name'
22:58:51.963 [Forwarding getElementTagName on session fe93fa1a9022779f439c9c0547917cbc to remote] DEBUG org.asynchttpclient.netty.request.NettyRequestSender - Using open Channel [id: 0x4e16a738, L:/127.0.0.1:54223 - R:localhost/127.0.0.1:9746] for GET '/session/fe93fa1a9022779f439c9c0547917cbc/element/C1D5E667B9BD3C5E9F8F7497B993D13B_element_2/name'
22:58:51.970 [AsyncHttpClient-1-5] DEBUG org.asynchttpclient.netty.handler.HttpHandler - 

Request DefaultFullHttpRequest(decodeResult: success, version: HTTP/1.1, content: EmptyByteBufBE)
GET /session/fe93fa1a9022779f439c9c0547917cbc/element/C1D5E667B9BD3C5E9F8F7497B993D13B_element_2/name HTTP/1.1
User-Agent: selenium/4.8.1 (java windows)
Cache-Control: no-cache
Content-Type: application/json; charset=utf-8
host: localhost:9746
accept: */*

Response DefaultHttpResponse(decodeResult: success, version: HTTP/1.1)
HTTP/1.1 200 OK
Content-Length: 18
Content-Type: application/json; charset=utf-8
cache-control: no-cache

22:58:51.970 [AsyncHttpClient-1-5] DEBUG org.asynchttpclient.netty.channel.ChannelManager - Adding key: http://localhost:9746 for channel [id: 0x4e16a738, L:/127.0.0.1:54223 - R:localhost/127.0.0.1:9746]
22:58:51.973 [Forwarding isElementEnabled on session fe93fa1a9022779f439c9c0547917cbc to remote] DEBUG org.asynchttpclient.netty.request.NettyRequestSender - Using pooled Channel '[id: 0x4e16a738, L:/127.0.0.1:54223 - R:localhost/127.0.0.1:9746]' for 'GET' to 'http://localhost:9746/session/fe93fa1a9022779f439c9c0547917cbc/element/C1D5E667B9BD3C5E9F8F7497B993D13B_element_2/enabled'
22:58:51.973 [Forwarding isElementEnabled on session fe93fa1a9022779f439c9c0547917cbc to remote] DEBUG org.asynchttpclient.netty.request.NettyRequestSender - Using open Channel [id: 0x4e16a738, L:/127.0.0.1:54223 - R:localhost/127.0.0.1:9746] for GET '/session/fe93fa1a9022779f439c9c0547917cbc/element/C1D5E667B9BD3C5E9F8F7497B993D13B_element_2/enabled'
22:58:51.985 [AsyncHttpClient-1-5] DEBUG org.asynchttpclient.netty.handler.HttpHandler - 

Request DefaultFullHttpRequest(decodeResult: success, version: HTTP/1.1, content: EmptyByteBufBE)
GET /session/fe93fa1a9022779f439c9c0547917cbc/element/C1D5E667B9BD3C5E9F8F7497B993D13B_element_2/enabled HTTP/1.1
User-Agent: selenium/4.8.1 (java windows)
Cache-Control: no-cache
Content-Type: application/json; charset=utf-8
host: localhost:9746
accept: */*

Response DefaultHttpResponse(decodeResult: success, version: HTTP/1.1)
HTTP/1.1 200 OK
Content-Length: 14
Content-Type: application/json; charset=utf-8
cache-control: no-cache

22:58:51.986 [AsyncHttpClient-1-5] DEBUG org.asynchttpclient.netty.channel.ChannelManager - Adding key: http://localhost:9746 for channel [id: 0x4e16a738, L:/127.0.0.1:54223 - R:localhost/127.0.0.1:9746]
22:58:51.987 [Forwarding isElementEnabled on session fe93fa1a9022779f439c9c0547917cbc to remote] DEBUG org.asynchttpclient.netty.request.NettyRequestSender - Using pooled Channel '[id: 0x4e16a738, L:/127.0.0.1:54223 - R:localhost/127.0.0.1:9746]' for 'GET' to 'http://localhost:9746/session/fe93fa1a9022779f439c9c0547917cbc/element/C1D5E667B9BD3C5E9F8F7497B993D13B_element_2/enabled'
22:58:51.988 [Forwarding isElementEnabled on session fe93fa1a9022779f439c9c0547917cbc to remote] DEBUG org.asynchttpclient.netty.request.NettyRequestSender - Using open Channel [id: 0x4e16a738, L:/127.0.0.1:54223 - R:localhost/127.0.0.1:9746] for GET '/session/fe93fa1a9022779f439c9c0547917cbc/element/C1D5E667B9BD3C5E9F8F7497B993D13B_element_2/enabled'
22:58:52.000 [AsyncHttpClient-1-5] DEBUG org.asynchttpclient.netty.handler.HttpHandler - 

Request DefaultFullHttpRequest(decodeResult: success, version: HTTP/1.1, content: EmptyByteBufBE)
GET /session/fe93fa1a9022779f439c9c0547917cbc/element/C1D5E667B9BD3C5E9F8F7497B993D13B_element_2/enabled HTTP/1.1
User-Agent: selenium/4.8.1 (java windows)
Cache-Control: no-cache
Content-Type: application/json; charset=utf-8
host: localhost:9746
accept: */*

Response DefaultHttpResponse(decodeResult: success, version: HTTP/1.1)
HTTP/1.1 200 OK
Content-Length: 14
Content-Type: application/json; charset=utf-8
cache-control: no-cache

22:58:52.001 [AsyncHttpClient-1-5] DEBUG org.asynchttpclient.netty.channel.ChannelManager - Adding key: http://localhost:9746 for channel [id: 0x4e16a738, L:/127.0.0.1:54223 - R:localhost/127.0.0.1:9746]
22:58:52.004 [Forwarding findElement on session fe93fa1a9022779f439c9c0547917cbc to remote] DEBUG org.asynchttpclient.netty.request.NettyRequestSender - Using pooled Channel '[id: 0x4e16a738, L:/127.0.0.1:54223 - R:localhost/127.0.0.1:9746]' for 'POST' to 'http://localhost:9746/session/fe93fa1a9022779f439c9c0547917cbc/element'
22:58:52.005 [Forwarding findElement on session fe93fa1a9022779f439c9c0547917cbc to remote] DEBUG org.asynchttpclient.netty.request.NettyRequestSender - Using open Channel [id: 0x4e16a738, L:/127.0.0.1:54223 - R:localhost/127.0.0.1:9746] for POST '/session/fe93fa1a9022779f439c9c0547917cbc/element'
22:58:52.016 [AsyncHttpClient-1-5] DEBUG org.asynchttpclient.netty.handler.HttpHandler - 

Request DefaultHttpRequest(decodeResult: success, version: HTTP/1.1)
POST /session/fe93fa1a9022779f439c9c0547917cbc/element HTTP/1.1
User-Agent: selenium/4.8.1 (java windows)
Content-Length: 142
Content-Type: application/json; charset=utf-8
host: localhost:9746
accept: */*

Response DefaultHttpResponse(decodeResult: success, version: HTTP/1.1)
HTTP/1.1 200 OK
Content-Length: 94
Content-Type: application/json; charset=utf-8
cache-control: no-cache

22:58:52.016 [AsyncHttpClient-1-5] DEBUG org.asynchttpclient.netty.channel.ChannelManager - Adding key: http://localhost:9746 for channel [id: 0x4e16a738, L:/127.0.0.1:54223 - R:localhost/127.0.0.1:9746]
22:58:52.018 [Forwarding clickElement on session fe93fa1a9022779f439c9c0547917cbc to remote] DEBUG org.asynchttpclient.netty.request.NettyRequestSender - Using pooled Channel '[id: 0x4e16a738, L:/127.0.0.1:54223 - R:localhost/127.0.0.1:9746]' for 'POST' to 'http://localhost:9746/session/fe93fa1a9022779f439c9c0547917cbc/element/C1D5E667B9BD3C5E9F8F7497B993D13B_element_2/click'
22:58:52.018 [Forwarding clickElement on session fe93fa1a9022779f439c9c0547917cbc to remote] DEBUG org.asynchttpclient.netty.request.NettyRequestSender - Using open Channel [id: 0x4e16a738, L:/127.0.0.1:54223 - R:localhost/127.0.0.1:9746] for POST '/session/fe93fa1a9022779f439c9c0547917cbc/element/C1D5E667B9BD3C5E9F8F7497B993D13B_element_2/click'
22:58:52.126 [AsyncHttpClient-1-5] DEBUG org.asynchttpclient.netty.handler.HttpHandler - 

Request DefaultHttpRequest(decodeResult: success, version: HTTP/1.1)
POST /session/fe93fa1a9022779f439c9c0547917cbc/element/C1D5E667B9BD3C5E9F8F7497B993D13B_element_2/click HTTP/1.1
User-Agent: selenium/4.8.1 (java windows)
Content-Length: 56
Content-Type: application/json; charset=utf-8
host: localhost:9746
accept: */*

Response DefaultHttpResponse(decodeResult: success, version: HTTP/1.1)
HTTP/1.1 200 OK
Content-Length: 14
Content-Type: application/json; charset=utf-8
cache-control: no-cache

22:58:52.127 [AsyncHttpClient-1-5] DEBUG org.asynchttpclient.netty.channel.ChannelManager - Adding key: http://localhost:9746 for channel [id: 0x4e16a738, L:/127.0.0.1:54223 - R:localhost/127.0.0.1:9746]
22:58:52.143 [Forwarding getAlertText on session fe93fa1a9022779f439c9c0547917cbc to remote] DEBUG org.asynchttpclient.netty.request.NettyRequestSender - Using pooled Channel '[id: 0x4e16a738, L:/127.0.0.1:54223 - R:localhost/127.0.0.1:9746]' for 'GET' to 'http://localhost:9746/session/fe93fa1a9022779f439c9c0547917cbc/alert/text'
22:58:52.143 [Forwarding getAlertText on session fe93fa1a9022779f439c9c0547917cbc to remote] DEBUG org.asynchttpclient.netty.request.NettyRequestSender - Using open Channel [id: 0x4e16a738, L:/127.0.0.1:54223 - R:localhost/127.0.0.1:9746] for GET '/session/fe93fa1a9022779f439c9c0547917cbc/alert/text'
22:58:52.147 [AsyncHttpClient-1-5] DEBUG org.asynchttpclient.netty.handler.HttpHandler - 

Request DefaultFullHttpRequest(decodeResult: success, version: HTTP/1.1, content: EmptyByteBufBE)
GET /session/fe93fa1a9022779f439c9c0547917cbc/alert/text HTTP/1.1
User-Agent: selenium/4.8.1 (java windows)
Cache-Control: no-cache
Content-Type: application/json; charset=utf-8
host: localhost:9746
accept: */*

Response DefaultHttpResponse(decodeResult: success, version: HTTP/1.1)
HTTP/1.1 404 Not Found
Content-Length: 820
Content-Type: application/json; charset=utf-8
cache-control: no-cache

22:58:52.148 [AsyncHttpClient-1-5] DEBUG org.asynchttpclient.netty.channel.ChannelManager - Adding key: http://localhost:9746 for channel [id: 0x4e16a738, L:/127.0.0.1:54223 - R:localhost/127.0.0.1:9746]
22:58:52.152 [Forwarding getCurrentUrl on session fe93fa1a9022779f439c9c0547917cbc to remote] DEBUG org.asynchttpclient.netty.request.NettyRequestSender - Using pooled Channel '[id: 0x4e16a738, L:/127.0.0.1:54223 - R:localhost/127.0.0.1:9746]' for 'GET' to 'http://localhost:9746/session/fe93fa1a9022779f439c9c0547917cbc/url'
22:58:52.152 [Forwarding getCurrentUrl on session fe93fa1a9022779f439c9c0547917cbc to remote] DEBUG org.asynchttpclient.netty.request.NettyRequestSender - Using open Channel [id: 0x4e16a738, L:/127.0.0.1:54223 - R:localhost/127.0.0.1:9746] for GET '/session/fe93fa1a9022779f439c9c0547917cbc/url'
22:58:52.171 [AsyncHttpClient-1-5] DEBUG org.asynchttpclient.netty.handler.HttpHandler - 

Request DefaultFullHttpRequest(decodeResult: success, version: HTTP/1.1, content: EmptyByteBufBE)
GET /session/fe93fa1a9022779f439c9c0547917cbc/url HTTP/1.1
User-Agent: selenium/4.8.1 (java windows)
Cache-Control: no-cache
Content-Type: application/json; charset=utf-8
host: localhost:9746
accept: */*

Response DefaultHttpResponse(decodeResult: success, version: HTTP/1.1)
HTTP/1.1 200 OK
Content-Length: 54
Content-Type: application/json; charset=utf-8
cache-control: no-cache

22:58:52.171 [AsyncHttpClient-1-5] DEBUG org.asynchttpclient.netty.channel.ChannelManager - Adding key: http://localhost:9746 for channel [id: 0x4e16a738, L:/127.0.0.1:54223 - R:localhost/127.0.0.1:9746]
22:58:52.174 [Forwarding screenshot on session fe93fa1a9022779f439c9c0547917cbc to remote] DEBUG org.asynchttpclient.netty.request.NettyRequestSender - Using pooled Channel '[id: 0x4e16a738, L:/127.0.0.1:54223 - R:localhost/127.0.0.1:9746]' for 'GET' to 'http://localhost:9746/session/fe93fa1a9022779f439c9c0547917cbc/screenshot'
22:58:52.174 [Forwarding screenshot on session fe93fa1a9022779f439c9c0547917cbc to remote] DEBUG org.asynchttpclient.netty.request.NettyRequestSender - Using open Channel [id: 0x4e16a738, L:/127.0.0.1:54223 - R:localhost/127.0.0.1:9746] for GET '/session/fe93fa1a9022779f439c9c0547917cbc/screenshot'
22:58:52.198 [AsyncHttpClient-1-1] DEBUG org.asynchttpclient.netty.channel.DefaultChannelPool - Entry count for : http://localhost:54224 : 1
22:58:52.574 [AsyncHttpClient-1-5] DEBUG org.asynchttpclient.netty.handler.HttpHandler - 

Request DefaultFullHttpRequest(decodeResult: success, version: HTTP/1.1, content: EmptyByteBufBE)
GET /session/fe93fa1a9022779f439c9c0547917cbc/screenshot HTTP/1.1
User-Agent: selenium/4.8.1 (java windows)
Cache-Control: no-cache
Content-Type: application/json; charset=utf-8
host: localhost:9746
accept: */*

Response DefaultHttpResponse(decodeResult: success, version: HTTP/1.1)
HTTP/1.1 200 OK
Content-Length: 45232
Content-Type: application/json; charset=utf-8
cache-control: no-cache

22:58:52.576 [AsyncHttpClient-1-5] DEBUG org.asynchttpclient.netty.channel.ChannelManager - Adding key: http://localhost:9746 for channel [id: 0x4e16a738, L:/127.0.0.1:54223 - R:localhost/127.0.0.1:9746]
22:58:52.582 [main] DEBUG net.serenitybdd.core.photography.Darkroom - Send negative for processing for target\site\serenity\a8c87b575ae4493dbcd4a5395a0ce76ac490c59bed20fff2e54171f75ac54a48.png
22:58:52.582 [main] DEBUG net.thucydides.core.steps.StepInterceptor - STEP DONE: clickRegButton
22:58:52.582 [Darkroom Processing Line] DEBUG net.serenitybdd.core.photography.DarkroomProcessingLine - Processing screenshot image in /var/screenshots/screenshot-7453289183386211147
  &amp#27;[32mAnd &amp#27;[0m&amp#27;[32mclick register button&amp#27;[0m                  &amp#27;[90m# starter.stepdefinitions.RegisterSteps.clickRegButton()&amp#27;[0m
22:58:52.583 [Darkroom Processing Line] DEBUG net.serenitybdd.core.photography.DarkroomProcessingLine - Saving screenshot to target\site\serenity\a8c87b575ae4493dbcd4a5395a0ce76ac490c59bed20fff2e54171f75ac54a48.png
22:58:52.607 [Forwarding getPageSource on session fe93fa1a9022779f439c9c0547917cbc to remote] DEBUG org.asynchttpclient.netty.request.NettyRequestSender - Using pooled Channel '[id: 0x4e16a738, L:/127.0.0.1:54223 - R:localhost/127.0.0.1:9746]' for 'POST' to 'http://localhost:9746/session/fe93fa1a9022779f439c9c0547917cbc/execute/sync'
22:58:52.608 [Forwarding getPageSource on session fe93fa1a9022779f439c9c0547917cbc to remote] DEBUG org.asynchttpclient.netty.request.NettyRequestSender - Using open Channel [id: 0x4e16a738, L:/127.0.0.1:54223 - R:localhost/127.0.0.1:9746] for POST '/session/fe93fa1a9022779f439c9c0547917cbc/execute/sync'
22:58:52.626 [AsyncHttpClient-1-5] DEBUG org.asynchttpclient.netty.handler.HttpHandler - 

Request DefaultHttpRequest(decodeResult: success, version: HTTP/1.1)
POST /session/fe93fa1a9022779f439c9c0547917cbc/execute/sync HTTP/1.1
User-Agent: selenium/4.8.1 (java windows)
Content-Length: 176
Content-Type: application/json; charset=utf-8
host: localhost:9746
accept: */*

Response DefaultHttpResponse(decodeResult: success, version: HTTP/1.1)
HTTP/1.1 200 OK
Content-Length: 23186
Content-Type: application/json; charset=utf-8
cache-control: no-cache

22:58:52.626 [AsyncHttpClient-1-5] DEBUG org.asynchttpclient.netty.channel.ChannelManager - Adding key: http://localhost:9746 for channel [id: 0x4e16a738, L:/127.0.0.1:54223 - R:localhost/127.0.0.1:9746]
22:58:52.634 [Forwarding getCurrentUrl on session fe93fa1a9022779f439c9c0547917cbc to remote] DEBUG org.asynchttpclient.netty.request.NettyRequestSender - Using pooled Channel '[id: 0x4e16a738, L:/127.0.0.1:54223 - R:localhost/127.0.0.1:9746]' for 'GET' to 'http://localhost:9746/session/fe93fa1a9022779f439c9c0547917cbc/url'
22:58:52.635 [Forwarding getCurrentUrl on session fe93fa1a9022779f439c9c0547917cbc to remote] DEBUG org.asynchttpclient.netty.request.NettyRequestSender - Using open Channel [id: 0x4e16a738, L:/127.0.0.1:54223 - R:localhost/127.0.0.1:9746] for GET '/session/fe93fa1a9022779f439c9c0547917cbc/url'
22:58:52.652 [AsyncHttpClient-1-5] DEBUG org.asynchttpclient.netty.handler.HttpHandler - 

Request DefaultFullHttpRequest(decodeResult: success, version: HTTP/1.1, content: EmptyByteBufBE)
GET /session/fe93fa1a9022779f439c9c0547917cbc/url HTTP/1.1
User-Agent: selenium/4.8.1 (java windows)
Cache-Control: no-cache
Content-Type: application/json; charset=utf-8
host: localhost:9746
accept: */*

Response DefaultHttpResponse(decodeResult: success, version: HTTP/1.1)
HTTP/1.1 200 OK
Content-Length: 54
Content-Type: application/json; charset=utf-8
cache-control: no-cache

22:58:52.653 [AsyncHttpClient-1-5] DEBUG org.asynchttpclient.netty.channel.ChannelManager - Adding key: http://localhost:9746 for channel [id: 0x4e16a738, L:/127.0.0.1:54223 - R:localhost/127.0.0.1:9746]
22:58:52.672 [Forwarding getAlertText on session fe93fa1a9022779f439c9c0547917cbc to remote] DEBUG org.asynchttpclient.netty.request.NettyRequestSender - Using pooled Channel '[id: 0x4e16a738, L:/127.0.0.1:54223 - R:localhost/127.0.0.1:9746]' for 'GET' to 'http://localhost:9746/session/fe93fa1a9022779f439c9c0547917cbc/alert/text'
22:58:52.673 [Forwarding getAlertText on session fe93fa1a9022779f439c9c0547917cbc to remote] DEBUG org.asynchttpclient.netty.request.NettyRequestSender - Using open Channel [id: 0x4e16a738, L:/127.0.0.1:54223 - R:localhost/127.0.0.1:9746] for GET '/session/fe93fa1a9022779f439c9c0547917cbc/alert/text'
22:58:52.676 [AsyncHttpClient-1-5] DEBUG org.asynchttpclient.netty.handler.HttpHandler - 

Request DefaultFullHttpRequest(decodeResult: success, version: HTTP/1.1, content: EmptyByteBufBE)
GET /session/fe93fa1a9022779f439c9c0547917cbc/alert/text HTTP/1.1
User-Agent: selenium/4.8.1 (java windows)
Cache-Control: no-cache
Content-Type: application/json; charset=utf-8
host: localhost:9746
accept: */*

Response DefaultHttpResponse(decodeResult: success, version: HTTP/1.1)
HTTP/1.1 404 Not Found
Content-Length: 820
Content-Type: application/json; charset=utf-8
cache-control: no-cache

22:58:52.677 [AsyncHttpClient-1-5] DEBUG org.asynchttpclient.netty.channel.ChannelManager - Adding key: http://localhost:9746 for channel [id: 0x4e16a738, L:/127.0.0.1:54223 - R:localhost/127.0.0.1:9746]
22:58:52.681 [Forwarding getCurrentUrl on session fe93fa1a9022779f439c9c0547917cbc to remote] DEBUG org.asynchttpclient.netty.request.NettyRequestSender - Using pooled Channel '[id: 0x4e16a738, L:/127.0.0.1:54223 - R:localhost/127.0.0.1:9746]' for 'GET' to 'http://localhost:9746/session/fe93fa1a9022779f439c9c0547917cbc/url'
22:58:52.681 [Forwarding getCurrentUrl on session fe93fa1a9022779f439c9c0547917cbc to remote] DEBUG org.asynchttpclient.netty.request.NettyRequestSender - Using open Channel [id: 0x4e16a738, L:/127.0.0.1:54223 - R:localhost/127.0.0.1:9746] for GET '/session/fe93fa1a9022779f439c9c0547917cbc/url'
22:58:52.696 [AsyncHttpClient-1-5] DEBUG org.asynchttpclient.netty.handler.HttpHandler - 

Request DefaultFullHttpRequest(decodeResult: success, version: HTTP/1.1, content: EmptyByteBufBE)
GET /session/fe93fa1a9022779f439c9c0547917cbc/url HTTP/1.1
User-Agent: selenium/4.8.1 (java windows)
Cache-Control: no-cache
Content-Type: application/json; charset=utf-8
host: localhost:9746
accept: */*

Response DefaultHttpResponse(decodeResult: success, version: HTTP/1.1)
HTTP/1.1 200 OK
Content-Length: 54
Content-Type: application/json; charset=utf-8
cache-control: no-cache

22:58:52.696 [AsyncHttpClient-1-5] DEBUG org.asynchttpclient.netty.channel.ChannelManager - Adding key: http://localhost:9746 for channel [id: 0x4e16a738, L:/127.0.0.1:54223 - R:localhost/127.0.0.1:9746]
22:58:52.699 [Forwarding screenshot on session fe93fa1a9022779f439c9c0547917cbc to remote] DEBUG org.asynchttpclient.netty.request.NettyRequestSender - Using pooled Channel '[id: 0x4e16a738, L:/127.0.0.1:54223 - R:localhost/127.0.0.1:9746]' for 'GET' to 'http://localhost:9746/session/fe93fa1a9022779f439c9c0547917cbc/screenshot'
22:58:52.699 [Forwarding screenshot on session fe93fa1a9022779f439c9c0547917cbc to remote] DEBUG org.asynchttpclient.netty.request.NettyRequestSender - Using open Channel [id: 0x4e16a738, L:/127.0.0.1:54223 - R:localhost/127.0.0.1:9746] for GET '/session/fe93fa1a9022779f439c9c0547917cbc/screenshot'
22:58:52.986 [AsyncHttpClient-1-5] DEBUG org.asynchttpclient.netty.handler.HttpHandler - 

Request DefaultFullHttpRequest(decodeResult: success, version: HTTP/1.1, content: EmptyByteBufBE)
GET /session/fe93fa1a9022779f439c9c0547917cbc/screenshot HTTP/1.1
User-Agent: selenium/4.8.1 (java windows)
Cache-Control: no-cache
Content-Type: application/json; charset=utf-8
host: localhost:9746
accept: */*

Response DefaultHttpResponse(decodeResult: success, version: HTTP/1.1)
HTTP/1.1 200 OK
Content-Length: 47892
Content-Type: application/json; charset=utf-8
cache-control: no-cache

22:58:52.987 [AsyncHttpClient-1-5] DEBUG org.asynchttpclient.netty.channel.ChannelManager - Adding key: http://localhost:9746 for channel [id: 0x4e16a738, L:/127.0.0.1:54223 - R:localhost/127.0.0.1:9746]
22:58:52.994 [main] DEBUG net.serenitybdd.core.photography.Darkroom - Send negative for processing for target\site\serenity\be58b56fa1aaf7c10c1fbf0cd22e4aebcc9036e468cd13d4561160e13095cb56.png
22:58:52.994 [Darkroom Processing Line] DEBUG net.serenitybdd.core.photography.DarkroomProcessingLine - Processing screenshot image in /var/screenshots/screenshot-847265433249341914
22:58:52.994 [Darkroom Processing Line] DEBUG net.serenitybdd.core.photography.DarkroomProcessingLine - Saving screenshot to target\site\serenity\be58b56fa1aaf7c10c1fbf0cd22e4aebcc9036e468cd13d4561160e13095cb56.png
22:58:52.997 [Forwarding getPageSource on session fe93fa1a9022779f439c9c0547917cbc to remote] DEBUG org.asynchttpclient.netty.request.NettyRequestSender - Using pooled Channel '[id: 0x4e16a738, L:/127.0.0.1:54223 - R:localhost/127.0.0.1:9746]' for 'POST' to 'http://localhost:9746/session/fe93fa1a9022779f439c9c0547917cbc/execute/sync'
22:58:52.997 [Forwarding getPageSource on session fe93fa1a9022779f439c9c0547917cbc to remote] DEBUG org.asynchttpclient.netty.request.NettyRequestSender - Using open Channel [id: 0x4e16a738, L:/127.0.0.1:54223 - R:localhost/127.0.0.1:9746] for POST '/session/fe93fa1a9022779f439c9c0547917cbc/execute/sync'
22:58:53.016 [AsyncHttpClient-1-5] DEBUG org.asynchttpclient.netty.handler.HttpHandler - 

Request DefaultHttpRequest(decodeResult: success, version: HTTP/1.1)
POST /session/fe93fa1a9022779f439c9c0547917cbc/execute/sync HTTP/1.1
User-Agent: selenium/4.8.1 (java windows)
Content-Length: 176
Content-Type: application/json; charset=utf-8
host: localhost:9746
accept: */*

Response DefaultHttpResponse(decodeResult: success, version: HTTP/1.1)
HTTP/1.1 200 OK
Content-Length: 22855
Content-Type: application/json; charset=utf-8
cache-control: no-cache

22:58:53.016 [AsyncHttpClient-1-5] DEBUG org.asynchttpclient.netty.channel.ChannelManager - Adding key: http://localhost:9746 for channel [id: 0x4e16a738, L:/127.0.0.1:54223 - R:localhost/127.0.0.1:9746]
22:58:53.024 [Forwarding getCurrentUrl on session fe93fa1a9022779f439c9c0547917cbc to remote] DEBUG org.asynchttpclient.netty.request.NettyRequestSender - Using pooled Channel '[id: 0x4e16a738, L:/127.0.0.1:54223 - R:localhost/127.0.0.1:9746]' for 'GET' to 'http://localhost:9746/session/fe93fa1a9022779f439c9c0547917cbc/url'
22:58:53.024 [Forwarding getCurrentUrl on session fe93fa1a9022779f439c9c0547917cbc to remote] DEBUG org.asynchttpclient.netty.request.NettyRequestSender - Using open Channel [id: 0x4e16a738, L:/127.0.0.1:54223 - R:localhost/127.0.0.1:9746] for GET '/session/fe93fa1a9022779f439c9c0547917cbc/url'
22:58:53.039 [AsyncHttpClient-1-5] DEBUG org.asynchttpclient.netty.handler.HttpHandler - 

Request DefaultFullHttpRequest(decodeResult: success, version: HTTP/1.1, content: EmptyByteBufBE)
GET /session/fe93fa1a9022779f439c9c0547917cbc/url HTTP/1.1
User-Agent: selenium/4.8.1 (java windows)
Cache-Control: no-cache
Content-Type: application/json; charset=utf-8
host: localhost:9746
accept: */*

Response DefaultHttpResponse(decodeResult: success, version: HTTP/1.1)
HTTP/1.1 200 OK
Content-Length: 54
Content-Type: application/json; charset=utf-8
cache-control: no-cache

22:58:53.039 [AsyncHttpClient-1-5] DEBUG org.asynchttpclient.netty.channel.ChannelManager - Adding key: http://localhost:9746 for channel [id: 0x4e16a738, L:/127.0.0.1:54223 - R:localhost/127.0.0.1:9746]
22:58:53.044 [main] DEBUG net.thucydides.core.steps.StepInterceptor - STARTING STEP: RegisterSteps.goToTheLoginpage - validateOnTheLoginPage
22:58:53.050 [Forwarding findElement on session fe93fa1a9022779f439c9c0547917cbc to remote] DEBUG org.asynchttpclient.netty.request.NettyRequestSender - Using pooled Channel '[id: 0x4e16a738, L:/127.0.0.1:54223 - R:localhost/127.0.0.1:9746]' for 'POST' to 'http://localhost:9746/session/fe93fa1a9022779f439c9c0547917cbc/element'
22:58:53.050 [Forwarding findElement on session fe93fa1a9022779f439c9c0547917cbc to remote] DEBUG org.asynchttpclient.netty.request.NettyRequestSender - Using open Channel [id: 0x4e16a738, L:/127.0.0.1:54223 - R:localhost/127.0.0.1:9746] for POST '/session/fe93fa1a9022779f439c9c0547917cbc/element'
22:58:53.086 [AsyncHttpClient-1-5] DEBUG org.asynchttpclient.netty.handler.HttpHandler - 

Request DefaultHttpRequest(decodeResult: success, version: HTTP/1.1)
POST /session/fe93fa1a9022779f439c9c0547917cbc/element HTTP/1.1
User-Agent: selenium/4.8.1 (java windows)
Content-Length: 61
Content-Type: application/json; charset=utf-8
host: localhost:9746
accept: */*

Response DefaultHttpResponse(decodeResult: success, version: HTTP/1.1)
HTTP/1.1 200 OK
Content-Length: 95
Content-Type: application/json; charset=utf-8
cache-control: no-cache

22:58:53.086 [AsyncHttpClient-1-5] DEBUG org.asynchttpclient.netty.channel.ChannelManager - Adding key: http://localhost:9746 for channel [id: 0x4e16a738, L:/127.0.0.1:54223 - R:localhost/127.0.0.1:9746]
22:58:53.093 [Forwarding isElementDisplayed on session fe93fa1a9022779f439c9c0547917cbc to remote] DEBUG org.asynchttpclient.netty.request.NettyRequestSender - Using pooled Channel '[id: 0x4e16a738, L:/127.0.0.1:54223 - R:localhost/127.0.0.1:9746]' for 'POST' to 'http://localhost:9746/session/fe93fa1a9022779f439c9c0547917cbc/execute/sync'
22:58:53.093 [Forwarding isElementDisplayed on session fe93fa1a9022779f439c9c0547917cbc to remote] DEBUG org.asynchttpclient.netty.request.NettyRequestSender - Using open Channel [id: 0x4e16a738, L:/127.0.0.1:54223 - R:localhost/127.0.0.1:9746] for POST '/session/fe93fa1a9022779f439c9c0547917cbc/execute/sync'
22:58:53.133 [AsyncHttpClient-1-5] DEBUG org.asynchttpclient.netty.handler.HttpHandler - 

Request DefaultHttpRequest(decodeResult: success, version: HTTP/1.1)
POST /session/fe93fa1a9022779f439c9c0547917cbc/execute/sync HTTP/1.1
User-Agent: selenium/4.8.1 (java windows)
Content-Length: 48814
Content-Type: application/json; charset=utf-8
host: localhost:9746
accept: */*

Response DefaultHttpResponse(decodeResult: success, version: HTTP/1.1)
HTTP/1.1 200 OK
Content-Length: 14
Content-Type: application/json; charset=utf-8
cache-control: no-cache

22:58:53.134 [AsyncHttpClient-1-5] DEBUG org.asynchttpclient.netty.channel.ChannelManager - Adding key: http://localhost:9746 for channel [id: 0x4e16a738, L:/127.0.0.1:54223 - R:localhost/127.0.0.1:9746]
22:58:53.144 [Forwarding getAlertText on session fe93fa1a9022779f439c9c0547917cbc to remote] DEBUG org.asynchttpclient.netty.request.NettyRequestSender - Using pooled Channel '[id: 0x4e16a738, L:/127.0.0.1:54223 - R:localhost/127.0.0.1:9746]' for 'GET' to 'http://localhost:9746/session/fe93fa1a9022779f439c9c0547917cbc/alert/text'
22:58:53.144 [Forwarding getAlertText on session fe93fa1a9022779f439c9c0547917cbc to remote] DEBUG org.asynchttpclient.netty.request.NettyRequestSender - Using open Channel [id: 0x4e16a738, L:/127.0.0.1:54223 - R:localhost/127.0.0.1:9746] for GET '/session/fe93fa1a9022779f439c9c0547917cbc/alert/text'
22:58:53.147 [AsyncHttpClient-1-5] DEBUG org.asynchttpclient.netty.handler.HttpHandler - 

Request DefaultFullHttpRequest(decodeResult: success, version: HTTP/1.1, content: EmptyByteBufBE)
GET /session/fe93fa1a9022779f439c9c0547917cbc/alert/text HTTP/1.1
User-Agent: selenium/4.8.1 (java windows)
Cache-Control: no-cache
Content-Type: application/json; charset=utf-8
host: localhost:9746
accept: */*

Response DefaultHttpResponse(decodeResult: success, version: HTTP/1.1)
HTTP/1.1 404 Not Found
Content-Length: 820
Content-Type: application/json; charset=utf-8
cache-control: no-cache

22:58:53.147 [AsyncHttpClient-1-5] DEBUG org.asynchttpclient.netty.channel.ChannelManager - Adding key: http://localhost:9746 for channel [id: 0x4e16a738, L:/127.0.0.1:54223 - R:localhost/127.0.0.1:9746]
22:58:53.149 [Forwarding getCurrentUrl on session fe93fa1a9022779f439c9c0547917cbc to remote] DEBUG org.asynchttpclient.netty.request.NettyRequestSender - Using pooled Channel '[id: 0x4e16a738, L:/127.0.0.1:54223 - R:localhost/127.0.0.1:9746]' for 'GET' to 'http://localhost:9746/session/fe93fa1a9022779f439c9c0547917cbc/url'
22:58:53.150 [Forwarding getCurrentUrl on session fe93fa1a9022779f439c9c0547917cbc to remote] DEBUG org.asynchttpclient.netty.request.NettyRequestSender - Using open Channel [id: 0x4e16a738, L:/127.0.0.1:54223 - R:localhost/127.0.0.1:9746] for GET '/session/fe93fa1a9022779f439c9c0547917cbc/url'
22:58:53.157 [AsyncHttpClient-1-5] DEBUG org.asynchttpclient.netty.handler.HttpHandler - 

Request DefaultFullHttpRequest(decodeResult: success, version: HTTP/1.1, content: EmptyByteBufBE)
GET /session/fe93fa1a9022779f439c9c0547917cbc/url HTTP/1.1
User-Agent: selenium/4.8.1 (java windows)
Cache-Control: no-cache
Content-Type: application/json; charset=utf-8
host: localhost:9746
accept: */*

Response DefaultHttpResponse(decodeResult: success, version: HTTP/1.1)
HTTP/1.1 200 OK
Content-Length: 54
Content-Type: application/json; charset=utf-8
cache-control: no-cache

22:58:53.157 [AsyncHttpClient-1-5] DEBUG org.asynchttpclient.netty.channel.ChannelManager - Adding key: http://localhost:9746 for channel [id: 0x4e16a738, L:/127.0.0.1:54223 - R:localhost/127.0.0.1:9746]
22:58:53.158 [Forwarding screenshot on session fe93fa1a9022779f439c9c0547917cbc to remote] DEBUG org.asynchttpclient.netty.request.NettyRequestSender - Using pooled Channel '[id: 0x4e16a738, L:/127.0.0.1:54223 - R:localhost/127.0.0.1:9746]' for 'GET' to 'http://localhost:9746/session/fe93fa1a9022779f439c9c0547917cbc/screenshot'
22:58:53.158 [Forwarding screenshot on session fe93fa1a9022779f439c9c0547917cbc to remote] DEBUG org.asynchttpclient.netty.request.NettyRequestSender - Using open Channel [id: 0x4e16a738, L:/127.0.0.1:54223 - R:localhost/127.0.0.1:9746] for GET '/session/fe93fa1a9022779f439c9c0547917cbc/screenshot'
22:58:53.249 [AsyncHttpClient-1-5] DEBUG org.asynchttpclient.netty.handler.HttpHandler - 

Request DefaultFullHttpRequest(decodeResult: success, version: HTTP/1.1, content: EmptyByteBufBE)
GET /session/fe93fa1a9022779f439c9c0547917cbc/screenshot HTTP/1.1
User-Agent: selenium/4.8.1 (java windows)
Cache-Control: no-cache
Content-Type: application/json; charset=utf-8
host: localhost:9746
accept: */*

Response DefaultHttpResponse(decodeResult: success, version: HTTP/1.1)
HTTP/1.1 200 OK
Content-Length: 47892
Content-Type: application/json; charset=utf-8
cache-control: no-cache

22:58:53.250 [AsyncHttpClient-1-5] DEBUG org.asynchttpclient.netty.channel.ChannelManager - Adding key: http://localhost:9746 for channel [id: 0x4e16a738, L:/127.0.0.1:54223 - R:localhost/127.0.0.1:9746]
22:58:53.252 [main] DEBUG net.serenitybdd.core.photography.Darkroom - Send negative for processing for target\site\serenity\be58b56fa1aaf7c10c1fbf0cd22e4aebcc9036e468cd13d4561160e13095cb56.png
22:58:53.252 [main] DEBUG net.thucydides.core.steps.StepInterceptor - STEP DONE: validateOnTheLoginPage
  &amp#27;[32mThen &amp#27;[0m&amp#27;[32mI go to the login page&amp#27;[0m                &amp#27;[90m# starter.stepdefinitions.RegisterSteps.goToTheLoginpage()&amp#27;[0m
22:58:53.257 [main] INFO  - 
  _____   ___   ___   _____     ___     _     ___   ___   ___   ___  
 |_   _| | __| / __| |_   _|   | _ \   /_\   / __| / __| | __| |   \ 
   | |   | _|  \__ \   | |     |  _/  / _ \  \__ \ \__ \ | _|  | |) |
   |_|   |___| |___/   |_|     |_|   /_/ \_\ |___/ |___/ |___| |___/ 

Failed register with invalid email
----------------------------------------------------------------------
22:58:53.259 [Driver Command Executor] DEBUG org.asynchttpclient.netty.request.NettyRequestSender - Using pooled Channel '[id: 0x4e16a738, L:/127.0.0.1:54223 - R:localhost/127.0.0.1:9746]' for 'DELETE' to 'http://localhost:9746/session/fe93fa1a9022779f439c9c0547917cbc'
22:58:53.259 [Driver Command Executor] DEBUG org.asynchttpclient.netty.request.NettyRequestSender - Using open Channel [id: 0x4e16a738, L:/127.0.0.1:54223 - R:localhost/127.0.0.1:9746] for DELETE '/session/fe93fa1a9022779f439c9c0547917cbc'
22:58:53.259 [AsyncHttpClient-1-7] DEBUG org.asynchttpclient.netty.handler.WebSocketHandler - Channel Closed: [id: 0x35ed46c3, L:/127.0.0.1:54231 ! R:localhost/127.0.0.1:54224] with attribute NettyResponseFuture{currentRetry=0,
	isDone=1,
	isCancelled=0,
	asyncHandler=org.asynchttpclient.ws.WebSocketUpgradeHandler@503d8b24,
	nettyRequest=org.asynchttpclient.netty.request.NettyRequest@153f0f47,
	future=java.util.concurrent.CompletableFuture@600d8af4[Completed normally],
	uri=ws://localhost:54224/devtools/browser/ebd02129-74c0-47e2-8d7c-497a5d8f25d4,
	keepAlive=true,
	redirectCount=0,
	timeoutsHolder=null,
	inAuth=0,
	touch=1683561528388}
22:58:53.259 [AsyncHttpClient-1-7] DEBUG org.asynchttpclient.netty.channel.ChannelManager - Closing Channel [id: 0x35ed46c3, L:/127.0.0.1:54231 ! R:localhost/127.0.0.1:54224] 
22:58:53.300 [AsyncHttpClient-1-1] DEBUG org.asynchttpclient.netty.channel.DefaultChannelPool - Entry count for : http://localhost:54224 : 1
22:58:53.419 [AsyncHttpClient-1-6] DEBUG org.asynchttpclient.netty.handler.HttpHandler - Unexpected I/O exception on channel [id: 0xa2792691, L:/127.0.0.1:54230 - R:localhost/127.0.0.1:54224]
java.io.IOException: An existing connection was forcibly closed by the remote host
	at sun.nio.ch.SocketDispatcher.read0(Native Method)
	at sun.nio.ch.SocketDispatcher.read(SocketDispatcher.java:43)
	at sun.nio.ch.IOUtil.readIntoNativeBuffer(IOUtil.java:223)
	at sun.nio.ch.IOUtil.read(IOUtil.java:192)
	at sun.nio.ch.SocketChannelImpl.read(SocketChannelImpl.java:378)
	at io.netty.buffer.PooledByteBuf.setBytes(PooledByteBuf.java:259)
	at io.netty.buffer.AbstractByteBuf.writeBytes(AbstractByteBuf.java:1132)
	at io.netty.channel.socket.nio.NioSocketChannel.doReadBytes(NioSocketChannel.java:357)
	at io.netty.channel.nio.AbstractNioByteChannel$NioByteUnsafe.read(AbstractNioByteChannel.java:151)
	at io.netty.channel.nio.NioEventLoop.processSelectedKey(NioEventLoop.java:788)
	at io.netty.channel.nio.NioEventLoop.processSelectedKeysOptimized(NioEventLoop.java:724)
	at io.netty.channel.nio.NioEventLoop.processSelectedKeys(NioEventLoop.java:650)
	at io.netty.channel.nio.NioEventLoop.run(NioEventLoop.java:562)
	at io.netty.util.concurrent.SingleThreadEventExecutor$4.run(SingleThreadEventExecutor.java:997)
	at io.netty.util.internal.ThreadExecutorMap$2.run(ThreadExecutorMap.java:74)
	at io.netty.util.concurrent.FastThreadLocalRunnable.run(FastThreadLocalRunnable.java:30)
	at java.lang.Thread.run(Thread.java:750)
22:58:53.420 [AsyncHttpClient-1-6] DEBUG org.asynchttpclient.netty.channel.ChannelManager - Closing Channel [id: 0xa2792691, L:/127.0.0.1:54230 - R:localhost/127.0.0.1:54224] 
22:58:53.420 [AsyncHttpClient-1-6] DEBUG org.asynchttpclient.netty.handler.HttpHandler - Channel Closed: [id: 0xa2792691, L:/127.0.0.1:54230 ! R:localhost/127.0.0.1:54224] with attribute DISCARD
22:58:53.429 [AsyncHttpClient-1-5] DEBUG org.asynchttpclient.netty.handler.HttpHandler - 

Request DefaultFullHttpRequest(decodeResult: success, version: HTTP/1.1, content: EmptyByteBufBE)
DELETE /session/fe93fa1a9022779f439c9c0547917cbc HTTP/1.1
User-Agent: selenium/4.8.1 (java windows)
Content-Type: application/json; charset=utf-8
host: localhost:9746
accept: */*

Response DefaultHttpResponse(decodeResult: success, version: HTTP/1.1)
HTTP/1.1 200 OK
Content-Length: 14
Content-Type: application/json; charset=utf-8
cache-control: no-cache

22:58:53.429 [AsyncHttpClient-1-5] DEBUG org.asynchttpclient.netty.channel.ChannelManager - Adding key: http://localhost:9746 for channel [id: 0x4e16a738, L:/127.0.0.1:54223 - R:localhost/127.0.0.1:9746]
22:58:53.481 [AsyncHttpClient-1-5] DEBUG org.asynchttpclient.netty.handler.HttpHandler - Channel Closed: [id: 0x4e16a738, L:/127.0.0.1:54223 ! R:localhost/127.0.0.1:9746] with attribute DISCARD
]]></system-out>
    <system-err><![CDATA[Starting ChromeDriver 113.0.5672.63 (0e1a4471d5ae5bf128b1bd8f4d627c8cbd55f70c-refs/branch-heads/5672@{#912}) on port 9746
Only local connections are allowed.
Please see https://chromedriver.chromium.org/security-considerations for suggestions on keeping ChromeDriver safe.
ChromeDriver was started successfully.
May 08, 2023 10:58:48 PM org.openqa.selenium.devtools.CdpVersionFinder findNearestMatch
WARNING: Unable to find an exact match for CDP version 113, so returning the closest version found: 110
]]></system-err>
  </testcase>
  <testcase name="Failed register with already used email" classname="Register" time="7.004">
    <system-out><![CDATA[
@Register(-)
Scenario: Failed register with already used email &amp#27;[90m# src/test/resources/features/1.Register.feature:25&amp#27;[0m
22:58:54.040 [main] DEBUG io.cucumber.core.plugin.SerenityReporter - Running feature from file:///D:/1.%20QA%20ALTERRA%20ACADEMY/MobileTesting/MiniProjectWEB/src/test/resources/features/1.Register.feature
22:58:54.043 [main] INFO  - 
  _____   ___   ___   _____     ___   _____     _     ___   _____   ___   ___  
 |_   _| | __| / __| |_   _|   / __| |_   _|   /_\   | _ \ |_   _| | __| |   \ 
   | |   | _|  \__ \   | |     \__ \   | |    / _ \  |   /   | |   | _|  | |) |
   |_|   |___| |___/   |_|     |___/   |_|   /_/ \_\ |_|_\   |_|   |___| |___/ 

Failed register with already used email(register;failed-register-with-already-used-email)
--------------------------------------------------------------------------------
22:58:54.309 [main] INFO net.serenitybdd.core.webdriver.driverproviders.ChromeDriverProvider - Starting Chrome driver instance with capabilities:
22:58:54.310 [main] INFO net.serenitybdd.core.webdriver.driverproviders.ChromeDriverProvider - Capabilities {acceptInsecureCerts: false, browserName: chrome, goog:chromeOptions: {args: [remote-allow-origins=*], extensions: []}}
22:58:54.404 [AsyncHttpClient-1-1] DEBUG org.asynchttpclient.netty.channel.DefaultChannelPool - Entry count for : http://localhost:9746 : 1
22:58:54.404 [AsyncHttpClient-1-1] DEBUG org.asynchttpclient.netty.channel.DefaultChannelPool - Entry count for : http://localhost:54224 : 1
22:58:54.404 [AsyncHttpClient-1-1] DEBUG org.asynchttpclient.netty.channel.DefaultChannelPool - Adding Candidate expired Channel [id: 0x4e16a738, L:/127.0.0.1:54223 ! R:localhost/127.0.0.1:9746] isIdleTimeoutExpired=false isRemotelyClosed=true isTtlExpired=false
22:58:54.404 [AsyncHttpClient-1-1] DEBUG org.asynchttpclient.netty.channel.DefaultChannelPool - Closing Idle Channel [id: 0x4e16a738, L:/127.0.0.1:54223 ! R:localhost/127.0.0.1:9746]
22:58:54.404 [AsyncHttpClient-1-1] DEBUG org.asynchttpclient.netty.channel.DefaultChannelPool - Adding Candidate expired Channel [id: 0xa2792691, L:/127.0.0.1:54230 ! R:localhost/127.0.0.1:54224] isIdleTimeoutExpired=false isRemotelyClosed=true isTtlExpired=false
22:58:54.404 [AsyncHttpClient-1-1] DEBUG org.asynchttpclient.netty.channel.DefaultChannelPool - Closing Idle Channel [id: 0xa2792691, L:/127.0.0.1:54230 ! R:localhost/127.0.0.1:54224]
22:58:54.404 [AsyncHttpClient-1-1] DEBUG org.asynchttpclient.netty.channel.DefaultChannelPool - Closed 2 connections out of 2 in 0 ms
22:58:54.822 [AsyncHttpClient-1-8] DEBUG org.asynchttpclient.netty.channel.NettyConnectListener - Using new Channel '[id: 0xe02826b7, L:/127.0.0.1:54246 - R:localhost/127.0.0.1:12070]' for 'POST' to '/session'
22:58:55.503 [AsyncHttpClient-1-8] DEBUG org.asynchttpclient.netty.handler.HttpHandler - 

Request DefaultHttpRequest(decodeResult: success, version: HTTP/1.1)
POST /session HTTP/1.1
User-Agent: selenium/4.8.1 (java windows)
Content-Length: 507
Content-Type: application/json; charset=utf-8
host: localhost:12070
accept: */*

Response DefaultHttpResponse(decodeResult: success, version: HTTP/1.1)
HTTP/1.1 200 OK
Content-Length: 861
Content-Type: application/json; charset=utf-8
cache-control: no-cache

22:58:55.503 [AsyncHttpClient-1-8] DEBUG org.asynchttpclient.netty.channel.ChannelManager - Adding key: http://localhost:12070 for channel [id: 0xe02826b7, L:/127.0.0.1:54246 - R:localhost/127.0.0.1:12070]
22:58:55.512 [AsyncHttpClient-1-9] DEBUG org.asynchttpclient.netty.channel.NettyConnectListener - Using new Channel '[id: 0x03d635aa, L:/127.0.0.1:54254 - R:localhost/127.0.0.1:54247]' for 'GET' to '/json/version'
22:58:55.513 [AsyncHttpClient-1-9] DEBUG org.asynchttpclient.netty.handler.HttpHandler - 

Request DefaultFullHttpRequest(decodeResult: success, version: HTTP/1.1, content: EmptyByteBufBE)
GET /json/version HTTP/1.1
User-Agent: selenium/4.8.1 (java windows)
host: localhost:54247
accept: */*

Response DefaultHttpResponse(decodeResult: success, version: HTTP/1.1)
HTTP/1.1 200 OK
Content-Security-Policy: frame-ancestors 'none'
Content-Length: 422
Content-Type: application/json; charset=UTF-8

22:58:55.513 [AsyncHttpClient-1-9] DEBUG org.asynchttpclient.netty.channel.ChannelManager - Adding key: http://localhost:54247 for channel [id: 0x03d635aa, L:/127.0.0.1:54254 - R:localhost/127.0.0.1:54247]
22:58:55.516 [AsyncHttpClient-1-10] DEBUG org.asynchttpclient.netty.channel.NettyConnectListener - Using new Channel '[id: 0xf22b9a0b, L:/127.0.0.1:54255 - R:localhost/127.0.0.1:54247]' for 'GET' to '/devtools/browser/cb03e1fe-2ac0-4963-9425-f4383ed78159'
22:58:55.518 [AsyncHttpClient-1-10] DEBUG org.asynchttpclient.netty.handler.WebSocketHandler - 

Request DefaultFullHttpRequest(decodeResult: success, version: HTTP/1.1, content: EmptyByteBufBE)
GET /devtools/browser/cb03e1fe-2ac0-4963-9425-f4383ed78159 HTTP/1.1
upgrade: websocket
connection: upgrade
sec-websocket-key: mKNnU3q9M1OUE39JXZztxA==
sec-websocket-version: 13
origin: http://localhost:54247
host: localhost:54247
accept: */*
user-agent: AHC/2.1

Response DefaultHttpResponse(decodeResult: success, version: HTTP/1.1)
HTTP/1.1 101 WebSocket Protocol Handshake
Upgrade: WebSocket
Connection: Upgrade
Sec-WebSocket-Accept: /gxFvL/eDa+Vmht+BSc+eI2WMQ0=

22:58:55.522 [Forwarding get on session c7af08a03c4f1031841e7f37699387e1 to remote] DEBUG org.asynchttpclient.netty.request.NettyRequestSender - Using pooled Channel '[id: 0xe02826b7, L:/127.0.0.1:54246 - R:localhost/127.0.0.1:12070]' for 'POST' to 'http://localhost:12070/session/c7af08a03c4f1031841e7f37699387e1/url'
22:58:55.522 [Forwarding get on session c7af08a03c4f1031841e7f37699387e1 to remote] DEBUG org.asynchttpclient.netty.request.NettyRequestSender - Using open Channel [id: 0xe02826b7, L:/127.0.0.1:54246 - R:localhost/127.0.0.1:12070] for POST '/session/c7af08a03c4f1031841e7f37699387e1/url'
22:58:56.603 [AsyncHttpClient-1-1] DEBUG org.asynchttpclient.netty.channel.DefaultChannelPool - Entry count for : http://localhost:54247 : 1
22:58:56.709 [AsyncHttpClient-1-8] DEBUG org.asynchttpclient.netty.handler.HttpHandler - 

Request DefaultHttpRequest(decodeResult: success, version: HTTP/1.1)
POST /session/c7af08a03c4f1031841e7f37699387e1/url HTTP/1.1
User-Agent: selenium/4.8.1 (java windows)
Content-Length: 77
Content-Type: application/json; charset=utf-8
host: localhost:12070
accept: */*

Response DefaultHttpResponse(decodeResult: success, version: HTTP/1.1)
HTTP/1.1 200 OK
Content-Length: 14
Content-Type: application/json; charset=utf-8
cache-control: no-cache

22:58:56.709 [AsyncHttpClient-1-8] DEBUG org.asynchttpclient.netty.channel.ChannelManager - Adding key: http://localhost:12070 for channel [id: 0xe02826b7, L:/127.0.0.1:54246 - R:localhost/127.0.0.1:12070]
22:58:56.711 [Forwarding setTimeout on session c7af08a03c4f1031841e7f37699387e1 to remote] DEBUG org.asynchttpclient.netty.request.NettyRequestSender - Using pooled Channel '[id: 0xe02826b7, L:/127.0.0.1:54246 - R:localhost/127.0.0.1:12070]' for 'POST' to 'http://localhost:12070/session/c7af08a03c4f1031841e7f37699387e1/timeouts'
22:58:56.711 [Forwarding setTimeout on session c7af08a03c4f1031841e7f37699387e1 to remote] DEBUG org.asynchttpclient.netty.request.NettyRequestSender - Using open Channel [id: 0xe02826b7, L:/127.0.0.1:54246 - R:localhost/127.0.0.1:12070] for POST '/session/c7af08a03c4f1031841e7f37699387e1/timeouts'
22:58:56.712 [AsyncHttpClient-1-8] DEBUG org.asynchttpclient.netty.handler.HttpHandler - 

Request DefaultHttpRequest(decodeResult: success, version: HTTP/1.1)
POST /session/c7af08a03c4f1031841e7f37699387e1/timeouts HTTP/1.1
User-Agent: selenium/4.8.1 (java windows)
Content-Length: 22
Content-Type: application/json; charset=utf-8
host: localhost:12070
accept: */*

Response DefaultHttpResponse(decodeResult: success, version: HTTP/1.1)
HTTP/1.1 200 OK
Content-Length: 14
Content-Type: application/json; charset=utf-8
cache-control: no-cache

22:58:56.712 [AsyncHttpClient-1-8] DEBUG org.asynchttpclient.netty.channel.ChannelManager - Adding key: http://localhost:12070 for channel [id: 0xe02826b7, L:/127.0.0.1:54246 - R:localhost/127.0.0.1:12070]
  &amp#27;[32mGiven &amp#27;[0m&amp#27;[32mI am on the register page&amp#27;[0m                 &amp#27;[90m# starter.stepdefinitions.RegisterSteps.onTheRegisterPage()&amp#27;[0m
22:58:56.721 [Forwarding getAlertText on session c7af08a03c4f1031841e7f37699387e1 to remote] DEBUG org.asynchttpclient.netty.request.NettyRequestSender - Using pooled Channel '[id: 0xe02826b7, L:/127.0.0.1:54246 - R:localhost/127.0.0.1:12070]' for 'GET' to 'http://localhost:12070/session/c7af08a03c4f1031841e7f37699387e1/alert/text'
22:58:56.721 [Forwarding getAlertText on session c7af08a03c4f1031841e7f37699387e1 to remote] DEBUG org.asynchttpclient.netty.request.NettyRequestSender - Using open Channel [id: 0xe02826b7, L:/127.0.0.1:54246 - R:localhost/127.0.0.1:12070] for GET '/session/c7af08a03c4f1031841e7f37699387e1/alert/text'
22:58:56.723 [AsyncHttpClient-1-8] DEBUG org.asynchttpclient.netty.handler.HttpHandler - 

Request DefaultFullHttpRequest(decodeResult: success, version: HTTP/1.1, content: EmptyByteBufBE)
GET /session/c7af08a03c4f1031841e7f37699387e1/alert/text HTTP/1.1
User-Agent: selenium/4.8.1 (java windows)
Cache-Control: no-cache
Content-Type: application/json; charset=utf-8
host: localhost:12070
accept: */*

Response DefaultHttpResponse(decodeResult: success, version: HTTP/1.1)
HTTP/1.1 404 Not Found
Content-Length: 820
Content-Type: application/json; charset=utf-8
cache-control: no-cache

22:58:56.723 [AsyncHttpClient-1-8] DEBUG org.asynchttpclient.netty.channel.ChannelManager - Adding key: http://localhost:12070 for channel [id: 0xe02826b7, L:/127.0.0.1:54246 - R:localhost/127.0.0.1:12070]
22:58:56.724 [Forwarding getCurrentUrl on session c7af08a03c4f1031841e7f37699387e1 to remote] DEBUG org.asynchttpclient.netty.request.NettyRequestSender - Using pooled Channel '[id: 0xe02826b7, L:/127.0.0.1:54246 - R:localhost/127.0.0.1:12070]' for 'GET' to 'http://localhost:12070/session/c7af08a03c4f1031841e7f37699387e1/url'
22:58:56.724 [Forwarding getCurrentUrl on session c7af08a03c4f1031841e7f37699387e1 to remote] DEBUG org.asynchttpclient.netty.request.NettyRequestSender - Using open Channel [id: 0xe02826b7, L:/127.0.0.1:54246 - R:localhost/127.0.0.1:12070] for GET '/session/c7af08a03c4f1031841e7f37699387e1/url'
22:58:56.733 [AsyncHttpClient-1-8] DEBUG org.asynchttpclient.netty.handler.HttpHandler - 

Request DefaultFullHttpRequest(decodeResult: success, version: HTTP/1.1, content: EmptyByteBufBE)
GET /session/c7af08a03c4f1031841e7f37699387e1/url HTTP/1.1
User-Agent: selenium/4.8.1 (java windows)
Cache-Control: no-cache
Content-Type: application/json; charset=utf-8
host: localhost:12070
accept: */*

Response DefaultHttpResponse(decodeResult: success, version: HTTP/1.1)
HTTP/1.1 200 OK
Content-Length: 54
Content-Type: application/json; charset=utf-8
cache-control: no-cache

22:58:56.733 [AsyncHttpClient-1-8] DEBUG org.asynchttpclient.netty.channel.ChannelManager - Adding key: http://localhost:12070 for channel [id: 0xe02826b7, L:/127.0.0.1:54246 - R:localhost/127.0.0.1:12070]
22:58:56.734 [Forwarding screenshot on session c7af08a03c4f1031841e7f37699387e1 to remote] DEBUG org.asynchttpclient.netty.request.NettyRequestSender - Using pooled Channel '[id: 0xe02826b7, L:/127.0.0.1:54246 - R:localhost/127.0.0.1:12070]' for 'GET' to 'http://localhost:12070/session/c7af08a03c4f1031841e7f37699387e1/screenshot'
22:58:56.734 [Forwarding screenshot on session c7af08a03c4f1031841e7f37699387e1 to remote] DEBUG org.asynchttpclient.netty.request.NettyRequestSender - Using open Channel [id: 0xe02826b7, L:/127.0.0.1:54246 - R:localhost/127.0.0.1:12070] for GET '/session/c7af08a03c4f1031841e7f37699387e1/screenshot'
22:58:56.854 [AsyncHttpClient-1-8] DEBUG org.asynchttpclient.netty.handler.HttpHandler - 

Request DefaultFullHttpRequest(decodeResult: success, version: HTTP/1.1, content: EmptyByteBufBE)
GET /session/c7af08a03c4f1031841e7f37699387e1/screenshot HTTP/1.1
User-Agent: selenium/4.8.1 (java windows)
Cache-Control: no-cache
Content-Type: application/json; charset=utf-8
host: localhost:12070
accept: */*

Response DefaultHttpResponse(decodeResult: success, version: HTTP/1.1)
HTTP/1.1 200 OK
Content-Length: 37444
Content-Type: application/json; charset=utf-8
cache-control: no-cache

22:58:56.856 [AsyncHttpClient-1-8] DEBUG org.asynchttpclient.netty.channel.ChannelManager - Adding key: http://localhost:12070 for channel [id: 0xe02826b7, L:/127.0.0.1:54246 - R:localhost/127.0.0.1:12070]
22:58:56.858 [main] DEBUG net.serenitybdd.core.photography.Darkroom - Send negative for processing for target\site\serenity\bda57162176918dbc601e790e561e44d98a21e455d3cfdc3a3a0d433ec37e6f1.png
22:58:56.863 [Forwarding getPageSource on session c7af08a03c4f1031841e7f37699387e1 to remote] DEBUG org.asynchttpclient.netty.request.NettyRequestSender - Using pooled Channel '[id: 0xe02826b7, L:/127.0.0.1:54246 - R:localhost/127.0.0.1:12070]' for 'POST' to 'http://localhost:12070/session/c7af08a03c4f1031841e7f37699387e1/execute/sync'
22:58:56.863 [Forwarding getPageSource on session c7af08a03c4f1031841e7f37699387e1 to remote] DEBUG org.asynchttpclient.netty.request.NettyRequestSender - Using open Channel [id: 0xe02826b7, L:/127.0.0.1:54246 - R:localhost/127.0.0.1:12070] for POST '/session/c7af08a03c4f1031841e7f37699387e1/execute/sync'
22:58:56.872 [AsyncHttpClient-1-8] DEBUG org.asynchttpclient.netty.handler.HttpHandler - 

Request DefaultHttpRequest(decodeResult: success, version: HTTP/1.1)
POST /session/c7af08a03c4f1031841e7f37699387e1/execute/sync HTTP/1.1
User-Agent: selenium/4.8.1 (java windows)
Content-Length: 176
Content-Type: application/json; charset=utf-8
host: localhost:12070
accept: */*

Response DefaultHttpResponse(decodeResult: success, version: HTTP/1.1)
HTTP/1.1 200 OK
Content-Length: 22234
Content-Type: application/json; charset=utf-8
cache-control: no-cache

22:58:56.872 [AsyncHttpClient-1-8] DEBUG org.asynchttpclient.netty.channel.ChannelManager - Adding key: http://localhost:12070 for channel [id: 0xe02826b7, L:/127.0.0.1:54246 - R:localhost/127.0.0.1:12070]
22:58:56.876 [Forwarding getCurrentUrl on session c7af08a03c4f1031841e7f37699387e1 to remote] DEBUG org.asynchttpclient.netty.request.NettyRequestSender - Using pooled Channel '[id: 0xe02826b7, L:/127.0.0.1:54246 - R:localhost/127.0.0.1:12070]' for 'GET' to 'http://localhost:12070/session/c7af08a03c4f1031841e7f37699387e1/url'
22:58:56.876 [Forwarding getCurrentUrl on session c7af08a03c4f1031841e7f37699387e1 to remote] DEBUG org.asynchttpclient.netty.request.NettyRequestSender - Using open Channel [id: 0xe02826b7, L:/127.0.0.1:54246 - R:localhost/127.0.0.1:12070] for GET '/session/c7af08a03c4f1031841e7f37699387e1/url'
22:58:56.882 [AsyncHttpClient-1-8] DEBUG org.asynchttpclient.netty.handler.HttpHandler - 

Request DefaultFullHttpRequest(decodeResult: success, version: HTTP/1.1, content: EmptyByteBufBE)
GET /session/c7af08a03c4f1031841e7f37699387e1/url HTTP/1.1
User-Agent: selenium/4.8.1 (java windows)
Cache-Control: no-cache
Content-Type: application/json; charset=utf-8
host: localhost:12070
accept: */*

Response DefaultHttpResponse(decodeResult: success, version: HTTP/1.1)
HTTP/1.1 200 OK
Content-Length: 54
Content-Type: application/json; charset=utf-8
cache-control: no-cache

22:58:56.882 [AsyncHttpClient-1-8] DEBUG org.asynchttpclient.netty.channel.ChannelManager - Adding key: http://localhost:12070 for channel [id: 0xe02826b7, L:/127.0.0.1:54246 - R:localhost/127.0.0.1:12070]
22:58:56.891 [Forwarding getPageSource on session c7af08a03c4f1031841e7f37699387e1 to remote] DEBUG org.asynchttpclient.netty.request.NettyRequestSender - Using pooled Channel '[id: 0xe02826b7, L:/127.0.0.1:54246 - R:localhost/127.0.0.1:12070]' for 'POST' to 'http://localhost:12070/session/c7af08a03c4f1031841e7f37699387e1/execute/sync'
22:58:56.892 [Forwarding getPageSource on session c7af08a03c4f1031841e7f37699387e1 to remote] DEBUG org.asynchttpclient.netty.request.NettyRequestSender - Using open Channel [id: 0xe02826b7, L:/127.0.0.1:54246 - R:localhost/127.0.0.1:12070] for POST '/session/c7af08a03c4f1031841e7f37699387e1/execute/sync'
22:58:56.902 [AsyncHttpClient-1-8] DEBUG org.asynchttpclient.netty.handler.HttpHandler - 

Request DefaultHttpRequest(decodeResult: success, version: HTTP/1.1)
POST /session/c7af08a03c4f1031841e7f37699387e1/execute/sync HTTP/1.1
User-Agent: selenium/4.8.1 (java windows)
Content-Length: 176
Content-Type: application/json; charset=utf-8
host: localhost:12070
accept: */*

Response DefaultHttpResponse(decodeResult: success, version: HTTP/1.1)
HTTP/1.1 200 OK
Content-Length: 22234
Content-Type: application/json; charset=utf-8
cache-control: no-cache

22:58:56.902 [AsyncHttpClient-1-8] DEBUG org.asynchttpclient.netty.channel.ChannelManager - Adding key: http://localhost:12070 for channel [id: 0xe02826b7, L:/127.0.0.1:54246 - R:localhost/127.0.0.1:12070]
22:58:56.908 [Forwarding getCurrentUrl on session c7af08a03c4f1031841e7f37699387e1 to remote] DEBUG org.asynchttpclient.netty.request.NettyRequestSender - Using pooled Channel '[id: 0xe02826b7, L:/127.0.0.1:54246 - R:localhost/127.0.0.1:12070]' for 'GET' to 'http://localhost:12070/session/c7af08a03c4f1031841e7f37699387e1/url'
22:58:56.908 [Forwarding getCurrentUrl on session c7af08a03c4f1031841e7f37699387e1 to remote] DEBUG org.asynchttpclient.netty.request.NettyRequestSender - Using open Channel [id: 0xe02826b7, L:/127.0.0.1:54246 - R:localhost/127.0.0.1:12070] for GET '/session/c7af08a03c4f1031841e7f37699387e1/url'
22:58:56.920 [AsyncHttpClient-1-8] DEBUG org.asynchttpclient.netty.handler.HttpHandler - 

Request DefaultFullHttpRequest(decodeResult: success, version: HTTP/1.1, content: EmptyByteBufBE)
GET /session/c7af08a03c4f1031841e7f37699387e1/url HTTP/1.1
User-Agent: selenium/4.8.1 (java windows)
Cache-Control: no-cache
Content-Type: application/json; charset=utf-8
host: localhost:12070
accept: */*

Response DefaultHttpResponse(decodeResult: success, version: HTTP/1.1)
HTTP/1.1 200 OK
Content-Length: 54
Content-Type: application/json; charset=utf-8
cache-control: no-cache

22:58:56.921 [AsyncHttpClient-1-8] DEBUG org.asynchttpclient.netty.channel.ChannelManager - Adding key: http://localhost:12070 for channel [id: 0xe02826b7, L:/127.0.0.1:54246 - R:localhost/127.0.0.1:12070]
22:58:56.924 [main] DEBUG net.thucydides.core.steps.StepInterceptor - STARTING STEP: RegisterSteps.enterFullName - inputFullName
22:58:56.931 [Forwarding findElement on session c7af08a03c4f1031841e7f37699387e1 to remote] DEBUG org.asynchttpclient.netty.request.NettyRequestSender - Using pooled Channel '[id: 0xe02826b7, L:/127.0.0.1:54246 - R:localhost/127.0.0.1:12070]' for 'POST' to 'http://localhost:12070/session/c7af08a03c4f1031841e7f37699387e1/element'
22:58:56.931 [Forwarding findElement on session c7af08a03c4f1031841e7f37699387e1 to remote] DEBUG org.asynchttpclient.netty.request.NettyRequestSender - Using open Channel [id: 0xe02826b7, L:/127.0.0.1:54246 - R:localhost/127.0.0.1:12070] for POST '/session/c7af08a03c4f1031841e7f37699387e1/element'
22:58:56.964 [AsyncHttpClient-1-8] DEBUG org.asynchttpclient.netty.handler.HttpHandler - 

Request DefaultHttpRequest(decodeResult: success, version: HTTP/1.1)
POST /session/c7af08a03c4f1031841e7f37699387e1/element HTTP/1.1
User-Agent: selenium/4.8.1 (java windows)
Content-Length: 55
Content-Type: application/json; charset=utf-8
host: localhost:12070
accept: */*

Response DefaultHttpResponse(decodeResult: success, version: HTTP/1.1)
HTTP/1.1 200 OK
Content-Length: 94
Content-Type: application/json; charset=utf-8
cache-control: no-cache

22:58:56.964 [AsyncHttpClient-1-8] DEBUG org.asynchttpclient.netty.channel.ChannelManager - Adding key: http://localhost:12070 for channel [id: 0xe02826b7, L:/127.0.0.1:54246 - R:localhost/127.0.0.1:12070]
22:58:56.968 [Forwarding clearElement on session c7af08a03c4f1031841e7f37699387e1 to remote] DEBUG org.asynchttpclient.netty.request.NettyRequestSender - Using pooled Channel '[id: 0xe02826b7, L:/127.0.0.1:54246 - R:localhost/127.0.0.1:12070]' for 'POST' to 'http://localhost:12070/session/c7af08a03c4f1031841e7f37699387e1/element/380BF0276D88DA456E51F5F872475C9B_element_7/clear'
22:58:56.968 [Forwarding clearElement on session c7af08a03c4f1031841e7f37699387e1 to remote] DEBUG org.asynchttpclient.netty.request.NettyRequestSender - Using open Channel [id: 0xe02826b7, L:/127.0.0.1:54246 - R:localhost/127.0.0.1:12070] for POST '/session/c7af08a03c4f1031841e7f37699387e1/element/380BF0276D88DA456E51F5F872475C9B_element_7/clear'
22:58:57.083 [AsyncHttpClient-1-8] DEBUG org.asynchttpclient.netty.handler.HttpHandler - 

Request DefaultHttpRequest(decodeResult: success, version: HTTP/1.1)
POST /session/c7af08a03c4f1031841e7f37699387e1/element/380BF0276D88DA456E51F5F872475C9B_element_7/clear HTTP/1.1
User-Agent: selenium/4.8.1 (java windows)
Content-Length: 56
Content-Type: application/json; charset=utf-8
host: localhost:12070
accept: */*

Response DefaultHttpResponse(decodeResult: success, version: HTTP/1.1)
HTTP/1.1 200 OK
Content-Length: 14
Content-Type: application/json; charset=utf-8
cache-control: no-cache

22:58:57.084 [AsyncHttpClient-1-8] DEBUG org.asynchttpclient.netty.channel.ChannelManager - Adding key: http://localhost:12070 for channel [id: 0xe02826b7, L:/127.0.0.1:54246 - R:localhost/127.0.0.1:12070]
22:58:57.087 [Forwarding sendKeysToElement on session c7af08a03c4f1031841e7f37699387e1 to remote] DEBUG org.asynchttpclient.netty.request.NettyRequestSender - Using pooled Channel '[id: 0xe02826b7, L:/127.0.0.1:54246 - R:localhost/127.0.0.1:12070]' for 'POST' to 'http://localhost:12070/session/c7af08a03c4f1031841e7f37699387e1/element/380BF0276D88DA456E51F5F872475C9B_element_7/value'
22:58:57.087 [Forwarding sendKeysToElement on session c7af08a03c4f1031841e7f37699387e1 to remote] DEBUG org.asynchttpclient.netty.request.NettyRequestSender - Using open Channel [id: 0xe02826b7, L:/127.0.0.1:54246 - R:localhost/127.0.0.1:12070] for POST '/session/c7af08a03c4f1031841e7f37699387e1/element/380BF0276D88DA456E51F5F872475C9B_element_7/value'
22:58:57.381 [AsyncHttpClient-1-8] DEBUG org.asynchttpclient.netty.handler.HttpHandler - 

Request DefaultHttpRequest(decodeResult: success, version: HTTP/1.1)
POST /session/c7af08a03c4f1031841e7f37699387e1/element/380BF0276D88DA456E51F5F872475C9B_element_7/value HTTP/1.1
User-Agent: selenium/4.8.1 (java windows)
Content-Length: 197
Content-Type: application/json; charset=utf-8
host: localhost:12070
accept: */*

Response DefaultHttpResponse(decodeResult: success, version: HTTP/1.1)
HTTP/1.1 200 OK
Content-Length: 14
Content-Type: application/json; charset=utf-8
cache-control: no-cache

22:58:57.382 [AsyncHttpClient-1-8] DEBUG org.asynchttpclient.netty.channel.ChannelManager - Adding key: http://localhost:12070 for channel [id: 0xe02826b7, L:/127.0.0.1:54246 - R:localhost/127.0.0.1:12070]
22:58:57.396 [Forwarding getAlertText on session c7af08a03c4f1031841e7f37699387e1 to remote] DEBUG org.asynchttpclient.netty.request.NettyRequestSender - Using pooled Channel '[id: 0xe02826b7, L:/127.0.0.1:54246 - R:localhost/127.0.0.1:12070]' for 'GET' to 'http://localhost:12070/session/c7af08a03c4f1031841e7f37699387e1/alert/text'
22:58:57.396 [Forwarding getAlertText on session c7af08a03c4f1031841e7f37699387e1 to remote] DEBUG org.asynchttpclient.netty.request.NettyRequestSender - Using open Channel [id: 0xe02826b7, L:/127.0.0.1:54246 - R:localhost/127.0.0.1:12070] for GET '/session/c7af08a03c4f1031841e7f37699387e1/alert/text'
22:58:57.399 [AsyncHttpClient-1-8] DEBUG org.asynchttpclient.netty.handler.HttpHandler - 

Request DefaultFullHttpRequest(decodeResult: success, version: HTTP/1.1, content: EmptyByteBufBE)
GET /session/c7af08a03c4f1031841e7f37699387e1/alert/text HTTP/1.1
User-Agent: selenium/4.8.1 (java windows)
Cache-Control: no-cache
Content-Type: application/json; charset=utf-8
host: localhost:12070
accept: */*

Response DefaultHttpResponse(decodeResult: success, version: HTTP/1.1)
HTTP/1.1 404 Not Found
Content-Length: 820
Content-Type: application/json; charset=utf-8
cache-control: no-cache

22:58:57.399 [AsyncHttpClient-1-8] DEBUG org.asynchttpclient.netty.channel.ChannelManager - Adding key: http://localhost:12070 for channel [id: 0xe02826b7, L:/127.0.0.1:54246 - R:localhost/127.0.0.1:12070]
22:58:57.401 [Forwarding getCurrentUrl on session c7af08a03c4f1031841e7f37699387e1 to remote] DEBUG org.asynchttpclient.netty.request.NettyRequestSender - Using pooled Channel '[id: 0xe02826b7, L:/127.0.0.1:54246 - R:localhost/127.0.0.1:12070]' for 'GET' to 'http://localhost:12070/session/c7af08a03c4f1031841e7f37699387e1/url'
22:58:57.401 [Forwarding getCurrentUrl on session c7af08a03c4f1031841e7f37699387e1 to remote] DEBUG org.asynchttpclient.netty.request.NettyRequestSender - Using open Channel [id: 0xe02826b7, L:/127.0.0.1:54246 - R:localhost/127.0.0.1:12070] for GET '/session/c7af08a03c4f1031841e7f37699387e1/url'
22:58:57.414 [AsyncHttpClient-1-8] DEBUG org.asynchttpclient.netty.handler.HttpHandler - 

Request DefaultFullHttpRequest(decodeResult: success, version: HTTP/1.1, content: EmptyByteBufBE)
GET /session/c7af08a03c4f1031841e7f37699387e1/url HTTP/1.1
User-Agent: selenium/4.8.1 (java windows)
Cache-Control: no-cache
Content-Type: application/json; charset=utf-8
host: localhost:12070
accept: */*

Response DefaultHttpResponse(decodeResult: success, version: HTTP/1.1)
HTTP/1.1 200 OK
Content-Length: 54
Content-Type: application/json; charset=utf-8
cache-control: no-cache

22:58:57.414 [AsyncHttpClient-1-8] DEBUG org.asynchttpclient.netty.channel.ChannelManager - Adding key: http://localhost:12070 for channel [id: 0xe02826b7, L:/127.0.0.1:54246 - R:localhost/127.0.0.1:12070]
22:58:57.416 [Forwarding screenshot on session c7af08a03c4f1031841e7f37699387e1 to remote] DEBUG org.asynchttpclient.netty.request.NettyRequestSender - Using pooled Channel '[id: 0xe02826b7, L:/127.0.0.1:54246 - R:localhost/127.0.0.1:12070]' for 'GET' to 'http://localhost:12070/session/c7af08a03c4f1031841e7f37699387e1/screenshot'
22:58:57.416 [Forwarding screenshot on session c7af08a03c4f1031841e7f37699387e1 to remote] DEBUG org.asynchttpclient.netty.request.NettyRequestSender - Using open Channel [id: 0xe02826b7, L:/127.0.0.1:54246 - R:localhost/127.0.0.1:12070] for GET '/session/c7af08a03c4f1031841e7f37699387e1/screenshot'
22:58:57.707 [AsyncHttpClient-1-1] DEBUG org.asynchttpclient.netty.channel.DefaultChannelPool - Entry count for : http://localhost:54247 : 1
22:58:57.726 [AsyncHttpClient-1-8] DEBUG org.asynchttpclient.netty.handler.HttpHandler - 

Request DefaultFullHttpRequest(decodeResult: success, version: HTTP/1.1, content: EmptyByteBufBE)
GET /session/c7af08a03c4f1031841e7f37699387e1/screenshot HTTP/1.1
User-Agent: selenium/4.8.1 (java windows)
Cache-Control: no-cache
Content-Type: application/json; charset=utf-8
host: localhost:12070
accept: */*

Response DefaultHttpResponse(decodeResult: success, version: HTTP/1.1)
HTTP/1.1 200 OK
Content-Length: 40336
Content-Type: application/json; charset=utf-8
cache-control: no-cache

22:58:57.726 [AsyncHttpClient-1-8] DEBUG org.asynchttpclient.netty.channel.ChannelManager - Adding key: http://localhost:12070 for channel [id: 0xe02826b7, L:/127.0.0.1:54246 - R:localhost/127.0.0.1:12070]
22:58:57.728 [main] DEBUG net.serenitybdd.core.photography.Darkroom - Send negative for processing for target\site\serenity\7a0e0a1ceed3ec5287049187b1b3fa9c0d8bdeb1f5949dcab30f55513a208196.png
22:58:57.728 [main] DEBUG net.thucydides.core.steps.StepInterceptor - STEP DONE: inputFullName
22:58:57.728 [Darkroom Processing Line] DEBUG net.serenitybdd.core.photography.DarkroomProcessingLine - Processing screenshot image in /var/screenshots/screenshot-2558430767465021761
22:58:57.729 [Darkroom Processing Line] DEBUG net.serenitybdd.core.photography.DarkroomProcessingLine - Saving screenshot to target\site\serenity\7a0e0a1ceed3ec5287049187b1b3fa9c0d8bdeb1f5949dcab30f55513a208196.png
  &amp#27;[32mWhen &amp#27;[0m&amp#27;[32mI enter full name&amp#27;[0m                          &amp#27;[90m# starter.stepdefinitions.RegisterSteps.enterFullName()&amp#27;[0m
22:58:57.738 [Forwarding getPageSource on session c7af08a03c4f1031841e7f37699387e1 to remote] DEBUG org.asynchttpclient.netty.request.NettyRequestSender - Using pooled Channel '[id: 0xe02826b7, L:/127.0.0.1:54246 - R:localhost/127.0.0.1:12070]' for 'POST' to 'http://localhost:12070/session/c7af08a03c4f1031841e7f37699387e1/execute/sync'
22:58:57.738 [Forwarding getPageSource on session c7af08a03c4f1031841e7f37699387e1 to remote] DEBUG org.asynchttpclient.netty.request.NettyRequestSender - Using open Channel [id: 0xe02826b7, L:/127.0.0.1:54246 - R:localhost/127.0.0.1:12070] for POST '/session/c7af08a03c4f1031841e7f37699387e1/execute/sync'
22:58:57.746 [AsyncHttpClient-1-8] DEBUG org.asynchttpclient.netty.handler.HttpHandler - 

Request DefaultHttpRequest(decodeResult: success, version: HTTP/1.1)
POST /session/c7af08a03c4f1031841e7f37699387e1/execute/sync HTTP/1.1
User-Agent: selenium/4.8.1 (java windows)
Content-Length: 176
Content-Type: application/json; charset=utf-8
host: localhost:12070
accept: */*

Response DefaultHttpResponse(decodeResult: success, version: HTTP/1.1)
HTTP/1.1 200 OK
Content-Length: 22355
Content-Type: application/json; charset=utf-8
cache-control: no-cache

22:58:57.746 [AsyncHttpClient-1-8] DEBUG org.asynchttpclient.netty.channel.ChannelManager - Adding key: http://localhost:12070 for channel [id: 0xe02826b7, L:/127.0.0.1:54246 - R:localhost/127.0.0.1:12070]
22:58:57.749 [Forwarding getCurrentUrl on session c7af08a03c4f1031841e7f37699387e1 to remote] DEBUG org.asynchttpclient.netty.request.NettyRequestSender - Using pooled Channel '[id: 0xe02826b7, L:/127.0.0.1:54246 - R:localhost/127.0.0.1:12070]' for 'GET' to 'http://localhost:12070/session/c7af08a03c4f1031841e7f37699387e1/url'
22:58:57.749 [Forwarding getCurrentUrl on session c7af08a03c4f1031841e7f37699387e1 to remote] DEBUG org.asynchttpclient.netty.request.NettyRequestSender - Using open Channel [id: 0xe02826b7, L:/127.0.0.1:54246 - R:localhost/127.0.0.1:12070] for GET '/session/c7af08a03c4f1031841e7f37699387e1/url'
22:58:57.757 [AsyncHttpClient-1-8] DEBUG org.asynchttpclient.netty.handler.HttpHandler - 

Request DefaultFullHttpRequest(decodeResult: success, version: HTTP/1.1, content: EmptyByteBufBE)
GET /session/c7af08a03c4f1031841e7f37699387e1/url HTTP/1.1
User-Agent: selenium/4.8.1 (java windows)
Cache-Control: no-cache
Content-Type: application/json; charset=utf-8
host: localhost:12070
accept: */*

Response DefaultHttpResponse(decodeResult: success, version: HTTP/1.1)
HTTP/1.1 200 OK
Content-Length: 54
Content-Type: application/json; charset=utf-8
cache-control: no-cache

22:58:57.757 [AsyncHttpClient-1-8] DEBUG org.asynchttpclient.netty.channel.ChannelManager - Adding key: http://localhost:12070 for channel [id: 0xe02826b7, L:/127.0.0.1:54246 - R:localhost/127.0.0.1:12070]
22:58:57.768 [Forwarding getPageSource on session c7af08a03c4f1031841e7f37699387e1 to remote] DEBUG org.asynchttpclient.netty.request.NettyRequestSender - Using pooled Channel '[id: 0xe02826b7, L:/127.0.0.1:54246 - R:localhost/127.0.0.1:12070]' for 'POST' to 'http://localhost:12070/session/c7af08a03c4f1031841e7f37699387e1/execute/sync'
22:58:57.768 [Forwarding getPageSource on session c7af08a03c4f1031841e7f37699387e1 to remote] DEBUG org.asynchttpclient.netty.request.NettyRequestSender - Using open Channel [id: 0xe02826b7, L:/127.0.0.1:54246 - R:localhost/127.0.0.1:12070] for POST '/session/c7af08a03c4f1031841e7f37699387e1/execute/sync'
22:58:57.777 [AsyncHttpClient-1-8] DEBUG org.asynchttpclient.netty.handler.HttpHandler - 

Request DefaultHttpRequest(decodeResult: success, version: HTTP/1.1)
POST /session/c7af08a03c4f1031841e7f37699387e1/execute/sync HTTP/1.1
User-Agent: selenium/4.8.1 (java windows)
Content-Length: 176
Content-Type: application/json; charset=utf-8
host: localhost:12070
accept: */*

Response DefaultHttpResponse(decodeResult: success, version: HTTP/1.1)
HTTP/1.1 200 OK
Content-Length: 22355
Content-Type: application/json; charset=utf-8
cache-control: no-cache

22:58:57.777 [AsyncHttpClient-1-8] DEBUG org.asynchttpclient.netty.channel.ChannelManager - Adding key: http://localhost:12070 for channel [id: 0xe02826b7, L:/127.0.0.1:54246 - R:localhost/127.0.0.1:12070]
22:58:57.782 [Forwarding getCurrentUrl on session c7af08a03c4f1031841e7f37699387e1 to remote] DEBUG org.asynchttpclient.netty.request.NettyRequestSender - Using pooled Channel '[id: 0xe02826b7, L:/127.0.0.1:54246 - R:localhost/127.0.0.1:12070]' for 'GET' to 'http://localhost:12070/session/c7af08a03c4f1031841e7f37699387e1/url'
22:58:57.782 [Forwarding getCurrentUrl on session c7af08a03c4f1031841e7f37699387e1 to remote] DEBUG org.asynchttpclient.netty.request.NettyRequestSender - Using open Channel [id: 0xe02826b7, L:/127.0.0.1:54246 - R:localhost/127.0.0.1:12070] for GET '/session/c7af08a03c4f1031841e7f37699387e1/url'
22:58:57.788 [AsyncHttpClient-1-8] DEBUG org.asynchttpclient.netty.handler.HttpHandler - 

Request DefaultFullHttpRequest(decodeResult: success, version: HTTP/1.1, content: EmptyByteBufBE)
GET /session/c7af08a03c4f1031841e7f37699387e1/url HTTP/1.1
User-Agent: selenium/4.8.1 (java windows)
Cache-Control: no-cache
Content-Type: application/json; charset=utf-8
host: localhost:12070
accept: */*

Response DefaultHttpResponse(decodeResult: success, version: HTTP/1.1)
HTTP/1.1 200 OK
Content-Length: 54
Content-Type: application/json; charset=utf-8
cache-control: no-cache

22:58:57.789 [AsyncHttpClient-1-8] DEBUG org.asynchttpclient.netty.channel.ChannelManager - Adding key: http://localhost:12070 for channel [id: 0xe02826b7, L:/127.0.0.1:54246 - R:localhost/127.0.0.1:12070]
22:58:57.791 [main] DEBUG net.thucydides.core.steps.StepInterceptor - STARTING STEP: RegisterSteps.enterUsedValidEmail - inputUsedEmail
22:58:57.795 [Forwarding findElement on session c7af08a03c4f1031841e7f37699387e1 to remote] DEBUG org.asynchttpclient.netty.request.NettyRequestSender - Using pooled Channel '[id: 0xe02826b7, L:/127.0.0.1:54246 - R:localhost/127.0.0.1:12070]' for 'POST' to 'http://localhost:12070/session/c7af08a03c4f1031841e7f37699387e1/element'
22:58:57.795 [Forwarding findElement on session c7af08a03c4f1031841e7f37699387e1 to remote] DEBUG org.asynchttpclient.netty.request.NettyRequestSender - Using open Channel [id: 0xe02826b7, L:/127.0.0.1:54246 - R:localhost/127.0.0.1:12070] for POST '/session/c7af08a03c4f1031841e7f37699387e1/element'
22:58:57.813 [AsyncHttpClient-1-8] DEBUG org.asynchttpclient.netty.handler.HttpHandler - 

Request DefaultHttpRequest(decodeResult: success, version: HTTP/1.1)
POST /session/c7af08a03c4f1031841e7f37699387e1/element HTTP/1.1
User-Agent: selenium/4.8.1 (java windows)
Content-Length: 55
Content-Type: application/json; charset=utf-8
host: localhost:12070
accept: */*

Response DefaultHttpResponse(decodeResult: success, version: HTTP/1.1)
HTTP/1.1 200 OK
Content-Length: 94
Content-Type: application/json; charset=utf-8
cache-control: no-cache

22:58:57.814 [AsyncHttpClient-1-8] DEBUG org.asynchttpclient.netty.channel.ChannelManager - Adding key: http://localhost:12070 for channel [id: 0xe02826b7, L:/127.0.0.1:54246 - R:localhost/127.0.0.1:12070]
22:58:57.815 [Forwarding clearElement on session c7af08a03c4f1031841e7f37699387e1 to remote] DEBUG org.asynchttpclient.netty.request.NettyRequestSender - Using pooled Channel '[id: 0xe02826b7, L:/127.0.0.1:54246 - R:localhost/127.0.0.1:12070]' for 'POST' to 'http://localhost:12070/session/c7af08a03c4f1031841e7f37699387e1/element/380BF0276D88DA456E51F5F872475C9B_element_9/clear'
22:58:57.815 [Forwarding clearElement on session c7af08a03c4f1031841e7f37699387e1 to remote] DEBUG org.asynchttpclient.netty.request.NettyRequestSender - Using open Channel [id: 0xe02826b7, L:/127.0.0.1:54246 - R:localhost/127.0.0.1:12070] for POST '/session/c7af08a03c4f1031841e7f37699387e1/element/380BF0276D88DA456E51F5F872475C9B_element_9/clear'
22:58:57.854 [AsyncHttpClient-1-8] DEBUG org.asynchttpclient.netty.handler.HttpHandler - 

Request DefaultHttpRequest(decodeResult: success, version: HTTP/1.1)
POST /session/c7af08a03c4f1031841e7f37699387e1/element/380BF0276D88DA456E51F5F872475C9B_element_9/clear HTTP/1.1
User-Agent: selenium/4.8.1 (java windows)
Content-Length: 56
Content-Type: application/json; charset=utf-8
host: localhost:12070
accept: */*

Response DefaultHttpResponse(decodeResult: success, version: HTTP/1.1)
HTTP/1.1 200 OK
Content-Length: 14
Content-Type: application/json; charset=utf-8
cache-control: no-cache

22:58:57.854 [AsyncHttpClient-1-8] DEBUG org.asynchttpclient.netty.channel.ChannelManager - Adding key: http://localhost:12070 for channel [id: 0xe02826b7, L:/127.0.0.1:54246 - R:localhost/127.0.0.1:12070]
22:58:57.857 [Forwarding sendKeysToElement on session c7af08a03c4f1031841e7f37699387e1 to remote] DEBUG org.asynchttpclient.netty.request.NettyRequestSender - Using pooled Channel '[id: 0xe02826b7, L:/127.0.0.1:54246 - R:localhost/127.0.0.1:12070]' for 'POST' to 'http://localhost:12070/session/c7af08a03c4f1031841e7f37699387e1/element/380BF0276D88DA456E51F5F872475C9B_element_9/value'
22:58:57.857 [Forwarding sendKeysToElement on session c7af08a03c4f1031841e7f37699387e1 to remote] DEBUG org.asynchttpclient.netty.request.NettyRequestSender - Using open Channel [id: 0xe02826b7, L:/127.0.0.1:54246 - R:localhost/127.0.0.1:12070] for POST '/session/c7af08a03c4f1031841e7f37699387e1/element/380BF0276D88DA456E51F5F872475C9B_element_9/value'
22:58:58.064 [AsyncHttpClient-1-8] DEBUG org.asynchttpclient.netty.handler.HttpHandler - 

Request DefaultHttpRequest(decodeResult: success, version: HTTP/1.1)
POST /session/c7af08a03c4f1031841e7f37699387e1/element/380BF0276D88DA456E51F5F872475C9B_element_9/value HTTP/1.1
User-Agent: selenium/4.8.1 (java windows)
Content-Length: 357
Content-Type: application/json; charset=utf-8
host: localhost:12070
accept: */*

Response DefaultHttpResponse(decodeResult: success, version: HTTP/1.1)
HTTP/1.1 200 OK
Content-Length: 14
Content-Type: application/json; charset=utf-8
cache-control: no-cache

22:58:58.064 [AsyncHttpClient-1-8] DEBUG org.asynchttpclient.netty.channel.ChannelManager - Adding key: http://localhost:12070 for channel [id: 0xe02826b7, L:/127.0.0.1:54246 - R:localhost/127.0.0.1:12070]
22:58:58.079 [Forwarding getAlertText on session c7af08a03c4f1031841e7f37699387e1 to remote] DEBUG org.asynchttpclient.netty.request.NettyRequestSender - Using pooled Channel '[id: 0xe02826b7, L:/127.0.0.1:54246 - R:localhost/127.0.0.1:12070]' for 'GET' to 'http://localhost:12070/session/c7af08a03c4f1031841e7f37699387e1/alert/text'
22:58:58.080 [Forwarding getAlertText on session c7af08a03c4f1031841e7f37699387e1 to remote] DEBUG org.asynchttpclient.netty.request.NettyRequestSender - Using open Channel [id: 0xe02826b7, L:/127.0.0.1:54246 - R:localhost/127.0.0.1:12070] for GET '/session/c7af08a03c4f1031841e7f37699387e1/alert/text'
22:58:58.084 [AsyncHttpClient-1-8] DEBUG org.asynchttpclient.netty.handler.HttpHandler - 

Request DefaultFullHttpRequest(decodeResult: success, version: HTTP/1.1, content: EmptyByteBufBE)
GET /session/c7af08a03c4f1031841e7f37699387e1/alert/text HTTP/1.1
User-Agent: selenium/4.8.1 (java windows)
Cache-Control: no-cache
Content-Type: application/json; charset=utf-8
host: localhost:12070
accept: */*

Response DefaultHttpResponse(decodeResult: success, version: HTTP/1.1)
HTTP/1.1 404 Not Found
Content-Length: 820
Content-Type: application/json; charset=utf-8
cache-control: no-cache

22:58:58.084 [AsyncHttpClient-1-8] DEBUG org.asynchttpclient.netty.channel.ChannelManager - Adding key: http://localhost:12070 for channel [id: 0xe02826b7, L:/127.0.0.1:54246 - R:localhost/127.0.0.1:12070]
22:58:58.087 [Forwarding getCurrentUrl on session c7af08a03c4f1031841e7f37699387e1 to remote] DEBUG org.asynchttpclient.netty.request.NettyRequestSender - Using pooled Channel '[id: 0xe02826b7, L:/127.0.0.1:54246 - R:localhost/127.0.0.1:12070]' for 'GET' to 'http://localhost:12070/session/c7af08a03c4f1031841e7f37699387e1/url'
22:58:58.087 [Forwarding getCurrentUrl on session c7af08a03c4f1031841e7f37699387e1 to remote] DEBUG org.asynchttpclient.netty.request.NettyRequestSender - Using open Channel [id: 0xe02826b7, L:/127.0.0.1:54246 - R:localhost/127.0.0.1:12070] for GET '/session/c7af08a03c4f1031841e7f37699387e1/url'
22:58:58.107 [AsyncHttpClient-1-8] DEBUG org.asynchttpclient.netty.handler.HttpHandler - 

Request DefaultFullHttpRequest(decodeResult: success, version: HTTP/1.1, content: EmptyByteBufBE)
GET /session/c7af08a03c4f1031841e7f37699387e1/url HTTP/1.1
User-Agent: selenium/4.8.1 (java windows)
Cache-Control: no-cache
Content-Type: application/json; charset=utf-8
host: localhost:12070
accept: */*

Response DefaultHttpResponse(decodeResult: success, version: HTTP/1.1)
HTTP/1.1 200 OK
Content-Length: 54
Content-Type: application/json; charset=utf-8
cache-control: no-cache

22:58:58.107 [AsyncHttpClient-1-8] DEBUG org.asynchttpclient.netty.channel.ChannelManager - Adding key: http://localhost:12070 for channel [id: 0xe02826b7, L:/127.0.0.1:54246 - R:localhost/127.0.0.1:12070]
22:58:58.109 [Forwarding screenshot on session c7af08a03c4f1031841e7f37699387e1 to remote] DEBUG org.asynchttpclient.netty.request.NettyRequestSender - Using pooled Channel '[id: 0xe02826b7, L:/127.0.0.1:54246 - R:localhost/127.0.0.1:12070]' for 'GET' to 'http://localhost:12070/session/c7af08a03c4f1031841e7f37699387e1/screenshot'
22:58:58.109 [Forwarding screenshot on session c7af08a03c4f1031841e7f37699387e1 to remote] DEBUG org.asynchttpclient.netty.request.NettyRequestSender - Using open Channel [id: 0xe02826b7, L:/127.0.0.1:54246 - R:localhost/127.0.0.1:12070] for GET '/session/c7af08a03c4f1031841e7f37699387e1/screenshot'
22:58:58.328 [AsyncHttpClient-1-8] DEBUG org.asynchttpclient.netty.handler.HttpHandler - 

Request DefaultFullHttpRequest(decodeResult: success, version: HTTP/1.1, content: EmptyByteBufBE)
GET /session/c7af08a03c4f1031841e7f37699387e1/screenshot HTTP/1.1
User-Agent: selenium/4.8.1 (java windows)
Cache-Control: no-cache
Content-Type: application/json; charset=utf-8
host: localhost:12070
accept: */*

Response DefaultHttpResponse(decodeResult: success, version: HTTP/1.1)
HTTP/1.1 200 OK
Content-Length: 48376
Content-Type: application/json; charset=utf-8
cache-control: no-cache

22:58:58.328 [AsyncHttpClient-1-8] DEBUG org.asynchttpclient.netty.channel.ChannelManager - Adding key: http://localhost:12070 for channel [id: 0xe02826b7, L:/127.0.0.1:54246 - R:localhost/127.0.0.1:12070]
22:58:58.330 [main] DEBUG net.serenitybdd.core.photography.Darkroom - Send negative for processing for target\site\serenity\7033c79cb74b807e89b922d039ddc00d4d55823adfd47b50260ae057c327bcb3.png
22:58:58.330 [main] DEBUG net.thucydides.core.steps.StepInterceptor - STEP DONE: inputUsedEmail
22:58:58.330 [Darkroom Processing Line] DEBUG net.serenitybdd.core.photography.DarkroomProcessingLine - Processing screenshot image in /var/screenshots/screenshot-7991747506320816698
22:58:58.330 [Darkroom Processing Line] DEBUG net.serenitybdd.core.photography.DarkroomProcessingLine - Saving screenshot to target\site\serenity\7033c79cb74b807e89b922d039ddc00d4d55823adfd47b50260ae057c327bcb3.png
  &amp#27;[32mAnd &amp#27;[0m&amp#27;[32mI enter already used email&amp#27;[0m                  &amp#27;[90m# starter.stepdefinitions.RegisterSteps.enterUsedValidEmail()&amp#27;[0m
22:58:58.338 [Forwarding getPageSource on session c7af08a03c4f1031841e7f37699387e1 to remote] DEBUG org.asynchttpclient.netty.request.NettyRequestSender - Using pooled Channel '[id: 0xe02826b7, L:/127.0.0.1:54246 - R:localhost/127.0.0.1:12070]' for 'POST' to 'http://localhost:12070/session/c7af08a03c4f1031841e7f37699387e1/execute/sync'
22:58:58.338 [Forwarding getPageSource on session c7af08a03c4f1031841e7f37699387e1 to remote] DEBUG org.asynchttpclient.netty.request.NettyRequestSender - Using open Channel [id: 0xe02826b7, L:/127.0.0.1:54246 - R:localhost/127.0.0.1:12070] for POST '/session/c7af08a03c4f1031841e7f37699387e1/execute/sync'
22:58:58.348 [AsyncHttpClient-1-8] DEBUG org.asynchttpclient.netty.handler.HttpHandler - 

Request DefaultHttpRequest(decodeResult: success, version: HTTP/1.1)
POST /session/c7af08a03c4f1031841e7f37699387e1/execute/sync HTTP/1.1
User-Agent: selenium/4.8.1 (java windows)
Content-Length: 176
Content-Type: application/json; charset=utf-8
host: localhost:12070
accept: */*

Response DefaultHttpResponse(decodeResult: success, version: HTTP/1.1)
HTTP/1.1 200 OK
Content-Length: 22414
Content-Type: application/json; charset=utf-8
cache-control: no-cache

22:58:58.348 [AsyncHttpClient-1-8] DEBUG org.asynchttpclient.netty.channel.ChannelManager - Adding key: http://localhost:12070 for channel [id: 0xe02826b7, L:/127.0.0.1:54246 - R:localhost/127.0.0.1:12070]
22:58:58.351 [Forwarding getCurrentUrl on session c7af08a03c4f1031841e7f37699387e1 to remote] DEBUG org.asynchttpclient.netty.request.NettyRequestSender - Using pooled Channel '[id: 0xe02826b7, L:/127.0.0.1:54246 - R:localhost/127.0.0.1:12070]' for 'GET' to 'http://localhost:12070/session/c7af08a03c4f1031841e7f37699387e1/url'
22:58:58.351 [Forwarding getCurrentUrl on session c7af08a03c4f1031841e7f37699387e1 to remote] DEBUG org.asynchttpclient.netty.request.NettyRequestSender - Using open Channel [id: 0xe02826b7, L:/127.0.0.1:54246 - R:localhost/127.0.0.1:12070] for GET '/session/c7af08a03c4f1031841e7f37699387e1/url'
22:58:58.360 [AsyncHttpClient-1-8] DEBUG org.asynchttpclient.netty.handler.HttpHandler - 

Request DefaultFullHttpRequest(decodeResult: success, version: HTTP/1.1, content: EmptyByteBufBE)
GET /session/c7af08a03c4f1031841e7f37699387e1/url HTTP/1.1
User-Agent: selenium/4.8.1 (java windows)
Cache-Control: no-cache
Content-Type: application/json; charset=utf-8
host: localhost:12070
accept: */*

Response DefaultHttpResponse(decodeResult: success, version: HTTP/1.1)
HTTP/1.1 200 OK
Content-Length: 54
Content-Type: application/json; charset=utf-8
cache-control: no-cache

22:58:58.360 [AsyncHttpClient-1-8] DEBUG org.asynchttpclient.netty.channel.ChannelManager - Adding key: http://localhost:12070 for channel [id: 0xe02826b7, L:/127.0.0.1:54246 - R:localhost/127.0.0.1:12070]
22:58:58.369 [Forwarding getPageSource on session c7af08a03c4f1031841e7f37699387e1 to remote] DEBUG org.asynchttpclient.netty.request.NettyRequestSender - Using pooled Channel '[id: 0xe02826b7, L:/127.0.0.1:54246 - R:localhost/127.0.0.1:12070]' for 'POST' to 'http://localhost:12070/session/c7af08a03c4f1031841e7f37699387e1/execute/sync'
22:58:58.369 [Forwarding getPageSource on session c7af08a03c4f1031841e7f37699387e1 to remote] DEBUG org.asynchttpclient.netty.request.NettyRequestSender - Using open Channel [id: 0xe02826b7, L:/127.0.0.1:54246 - R:localhost/127.0.0.1:12070] for POST '/session/c7af08a03c4f1031841e7f37699387e1/execute/sync'
22:58:58.378 [AsyncHttpClient-1-8] DEBUG org.asynchttpclient.netty.handler.HttpHandler - 

Request DefaultHttpRequest(decodeResult: success, version: HTTP/1.1)
POST /session/c7af08a03c4f1031841e7f37699387e1/execute/sync HTTP/1.1
User-Agent: selenium/4.8.1 (java windows)
Content-Length: 176
Content-Type: application/json; charset=utf-8
host: localhost:12070
accept: */*

Response DefaultHttpResponse(decodeResult: success, version: HTTP/1.1)
HTTP/1.1 200 OK
Content-Length: 22414
Content-Type: application/json; charset=utf-8
cache-control: no-cache

22:58:58.379 [AsyncHttpClient-1-8] DEBUG org.asynchttpclient.netty.channel.ChannelManager - Adding key: http://localhost:12070 for channel [id: 0xe02826b7, L:/127.0.0.1:54246 - R:localhost/127.0.0.1:12070]
22:58:58.382 [Forwarding getCurrentUrl on session c7af08a03c4f1031841e7f37699387e1 to remote] DEBUG org.asynchttpclient.netty.request.NettyRequestSender - Using pooled Channel '[id: 0xe02826b7, L:/127.0.0.1:54246 - R:localhost/127.0.0.1:12070]' for 'GET' to 'http://localhost:12070/session/c7af08a03c4f1031841e7f37699387e1/url'
22:58:58.382 [Forwarding getCurrentUrl on session c7af08a03c4f1031841e7f37699387e1 to remote] DEBUG org.asynchttpclient.netty.request.NettyRequestSender - Using open Channel [id: 0xe02826b7, L:/127.0.0.1:54246 - R:localhost/127.0.0.1:12070] for GET '/session/c7af08a03c4f1031841e7f37699387e1/url'
22:58:58.388 [AsyncHttpClient-1-8] DEBUG org.asynchttpclient.netty.handler.HttpHandler - 

Request DefaultFullHttpRequest(decodeResult: success, version: HTTP/1.1, content: EmptyByteBufBE)
GET /session/c7af08a03c4f1031841e7f37699387e1/url HTTP/1.1
User-Agent: selenium/4.8.1 (java windows)
Cache-Control: no-cache
Content-Type: application/json; charset=utf-8
host: localhost:12070
accept: */*

Response DefaultHttpResponse(decodeResult: success, version: HTTP/1.1)
HTTP/1.1 200 OK
Content-Length: 54
Content-Type: application/json; charset=utf-8
cache-control: no-cache

22:58:58.388 [AsyncHttpClient-1-8] DEBUG org.asynchttpclient.netty.channel.ChannelManager - Adding key: http://localhost:12070 for channel [id: 0xe02826b7, L:/127.0.0.1:54246 - R:localhost/127.0.0.1:12070]
22:58:58.391 [main] DEBUG net.thucydides.core.steps.StepInterceptor - STARTING STEP: RegisterSteps.enterValidPassword - inputPassword
22:58:58.393 [Forwarding findElement on session c7af08a03c4f1031841e7f37699387e1 to remote] DEBUG org.asynchttpclient.netty.request.NettyRequestSender - Using pooled Channel '[id: 0xe02826b7, L:/127.0.0.1:54246 - R:localhost/127.0.0.1:12070]' for 'POST' to 'http://localhost:12070/session/c7af08a03c4f1031841e7f37699387e1/element'
22:58:58.393 [Forwarding findElement on session c7af08a03c4f1031841e7f37699387e1 to remote] DEBUG org.asynchttpclient.netty.request.NettyRequestSender - Using open Channel [id: 0xe02826b7, L:/127.0.0.1:54246 - R:localhost/127.0.0.1:12070] for POST '/session/c7af08a03c4f1031841e7f37699387e1/element'
22:58:58.408 [AsyncHttpClient-1-8] DEBUG org.asynchttpclient.netty.handler.HttpHandler - 

Request DefaultHttpRequest(decodeResult: success, version: HTTP/1.1)
POST /session/c7af08a03c4f1031841e7f37699387e1/element HTTP/1.1
User-Agent: selenium/4.8.1 (java windows)
Content-Length: 55
Content-Type: application/json; charset=utf-8
host: localhost:12070
accept: */*

Response DefaultHttpResponse(decodeResult: success, version: HTTP/1.1)
HTTP/1.1 200 OK
Content-Length: 95
Content-Type: application/json; charset=utf-8
cache-control: no-cache

22:58:58.408 [AsyncHttpClient-1-8] DEBUG org.asynchttpclient.netty.channel.ChannelManager - Adding key: http://localhost:12070 for channel [id: 0xe02826b7, L:/127.0.0.1:54246 - R:localhost/127.0.0.1:12070]
22:58:58.409 [Forwarding clearElement on session c7af08a03c4f1031841e7f37699387e1 to remote] DEBUG org.asynchttpclient.netty.request.NettyRequestSender - Using pooled Channel '[id: 0xe02826b7, L:/127.0.0.1:54246 - R:localhost/127.0.0.1:12070]' for 'POST' to 'http://localhost:12070/session/c7af08a03c4f1031841e7f37699387e1/element/380BF0276D88DA456E51F5F872475C9B_element_10/clear'
22:58:58.410 [Forwarding clearElement on session c7af08a03c4f1031841e7f37699387e1 to remote] DEBUG org.asynchttpclient.netty.request.NettyRequestSender - Using open Channel [id: 0xe02826b7, L:/127.0.0.1:54246 - R:localhost/127.0.0.1:12070] for POST '/session/c7af08a03c4f1031841e7f37699387e1/element/380BF0276D88DA456E51F5F872475C9B_element_10/clear'
22:58:58.448 [AsyncHttpClient-1-8] DEBUG org.asynchttpclient.netty.handler.HttpHandler - 

Request DefaultHttpRequest(decodeResult: success, version: HTTP/1.1)
POST /session/c7af08a03c4f1031841e7f37699387e1/element/380BF0276D88DA456E51F5F872475C9B_element_10/clear HTTP/1.1
User-Agent: selenium/4.8.1 (java windows)
Content-Length: 57
Content-Type: application/json; charset=utf-8
host: localhost:12070
accept: */*

Response DefaultHttpResponse(decodeResult: success, version: HTTP/1.1)
HTTP/1.1 200 OK
Content-Length: 14
Content-Type: application/json; charset=utf-8
cache-control: no-cache

22:58:58.449 [AsyncHttpClient-1-8] DEBUG org.asynchttpclient.netty.channel.ChannelManager - Adding key: http://localhost:12070 for channel [id: 0xe02826b7, L:/127.0.0.1:54246 - R:localhost/127.0.0.1:12070]
22:58:58.450 [Forwarding sendKeysToElement on session c7af08a03c4f1031841e7f37699387e1 to remote] DEBUG org.asynchttpclient.netty.request.NettyRequestSender - Using pooled Channel '[id: 0xe02826b7, L:/127.0.0.1:54246 - R:localhost/127.0.0.1:12070]' for 'POST' to 'http://localhost:12070/session/c7af08a03c4f1031841e7f37699387e1/element/380BF0276D88DA456E51F5F872475C9B_element_10/value'
22:58:58.450 [Forwarding sendKeysToElement on session c7af08a03c4f1031841e7f37699387e1 to remote] DEBUG org.asynchttpclient.netty.request.NettyRequestSender - Using open Channel [id: 0xe02826b7, L:/127.0.0.1:54246 - R:localhost/127.0.0.1:12070] for POST '/session/c7af08a03c4f1031841e7f37699387e1/element/380BF0276D88DA456E51F5F872475C9B_element_10/value'
22:58:58.544 [AsyncHttpClient-1-8] DEBUG org.asynchttpclient.netty.handler.HttpHandler - 

Request DefaultHttpRequest(decodeResult: success, version: HTTP/1.1)
POST /session/c7af08a03c4f1031841e7f37699387e1/element/380BF0276D88DA456E51F5F872475C9B_element_10/value HTTP/1.1
User-Agent: selenium/4.8.1 (java windows)
Content-Length: 148
Content-Type: application/json; charset=utf-8
host: localhost:12070
accept: */*

Response DefaultHttpResponse(decodeResult: success, version: HTTP/1.1)
HTTP/1.1 200 OK
Content-Length: 14
Content-Type: application/json; charset=utf-8
cache-control: no-cache

22:58:58.544 [AsyncHttpClient-1-8] DEBUG org.asynchttpclient.netty.channel.ChannelManager - Adding key: http://localhost:12070 for channel [id: 0xe02826b7, L:/127.0.0.1:54246 - R:localhost/127.0.0.1:12070]
22:58:58.552 [Forwarding getAlertText on session c7af08a03c4f1031841e7f37699387e1 to remote] DEBUG org.asynchttpclient.netty.request.NettyRequestSender - Using pooled Channel '[id: 0xe02826b7, L:/127.0.0.1:54246 - R:localhost/127.0.0.1:12070]' for 'GET' to 'http://localhost:12070/session/c7af08a03c4f1031841e7f37699387e1/alert/text'
22:58:58.552 [Forwarding getAlertText on session c7af08a03c4f1031841e7f37699387e1 to remote] DEBUG org.asynchttpclient.netty.request.NettyRequestSender - Using open Channel [id: 0xe02826b7, L:/127.0.0.1:54246 - R:localhost/127.0.0.1:12070] for GET '/session/c7af08a03c4f1031841e7f37699387e1/alert/text'
22:58:58.554 [AsyncHttpClient-1-8] DEBUG org.asynchttpclient.netty.handler.HttpHandler - 

Request DefaultFullHttpRequest(decodeResult: success, version: HTTP/1.1, content: EmptyByteBufBE)
GET /session/c7af08a03c4f1031841e7f37699387e1/alert/text HTTP/1.1
User-Agent: selenium/4.8.1 (java windows)
Cache-Control: no-cache
Content-Type: application/json; charset=utf-8
host: localhost:12070
accept: */*

Response DefaultHttpResponse(decodeResult: success, version: HTTP/1.1)
HTTP/1.1 404 Not Found
Content-Length: 820
Content-Type: application/json; charset=utf-8
cache-control: no-cache

22:58:58.554 [AsyncHttpClient-1-8] DEBUG org.asynchttpclient.netty.channel.ChannelManager - Adding key: http://localhost:12070 for channel [id: 0xe02826b7, L:/127.0.0.1:54246 - R:localhost/127.0.0.1:12070]
22:58:58.557 [Forwarding getCurrentUrl on session c7af08a03c4f1031841e7f37699387e1 to remote] DEBUG org.asynchttpclient.netty.request.NettyRequestSender - Using pooled Channel '[id: 0xe02826b7, L:/127.0.0.1:54246 - R:localhost/127.0.0.1:12070]' for 'GET' to 'http://localhost:12070/session/c7af08a03c4f1031841e7f37699387e1/url'
22:58:58.557 [Forwarding getCurrentUrl on session c7af08a03c4f1031841e7f37699387e1 to remote] DEBUG org.asynchttpclient.netty.request.NettyRequestSender - Using open Channel [id: 0xe02826b7, L:/127.0.0.1:54246 - R:localhost/127.0.0.1:12070] for GET '/session/c7af08a03c4f1031841e7f37699387e1/url'
22:58:58.565 [AsyncHttpClient-1-8] DEBUG org.asynchttpclient.netty.handler.HttpHandler - 

Request DefaultFullHttpRequest(decodeResult: success, version: HTTP/1.1, content: EmptyByteBufBE)
GET /session/c7af08a03c4f1031841e7f37699387e1/url HTTP/1.1
User-Agent: selenium/4.8.1 (java windows)
Cache-Control: no-cache
Content-Type: application/json; charset=utf-8
host: localhost:12070
accept: */*

Response DefaultHttpResponse(decodeResult: success, version: HTTP/1.1)
HTTP/1.1 200 OK
Content-Length: 54
Content-Type: application/json; charset=utf-8
cache-control: no-cache

22:58:58.565 [AsyncHttpClient-1-8] DEBUG org.asynchttpclient.netty.channel.ChannelManager - Adding key: http://localhost:12070 for channel [id: 0xe02826b7, L:/127.0.0.1:54246 - R:localhost/127.0.0.1:12070]
22:58:58.566 [Forwarding screenshot on session c7af08a03c4f1031841e7f37699387e1 to remote] DEBUG org.asynchttpclient.netty.request.NettyRequestSender - Using pooled Channel '[id: 0xe02826b7, L:/127.0.0.1:54246 - R:localhost/127.0.0.1:12070]' for 'GET' to 'http://localhost:12070/session/c7af08a03c4f1031841e7f37699387e1/screenshot'
22:58:58.566 [Forwarding screenshot on session c7af08a03c4f1031841e7f37699387e1 to remote] DEBUG org.asynchttpclient.netty.request.NettyRequestSender - Using open Channel [id: 0xe02826b7, L:/127.0.0.1:54246 - R:localhost/127.0.0.1:12070] for GET '/session/c7af08a03c4f1031841e7f37699387e1/screenshot'
22:58:58.776 [AsyncHttpClient-1-8] DEBUG org.asynchttpclient.netty.handler.HttpHandler - 

Request DefaultFullHttpRequest(decodeResult: success, version: HTTP/1.1, content: EmptyByteBufBE)
GET /session/c7af08a03c4f1031841e7f37699387e1/screenshot HTTP/1.1
User-Agent: selenium/4.8.1 (java windows)
Cache-Control: no-cache
Content-Type: application/json; charset=utf-8
host: localhost:12070
accept: */*

Response DefaultHttpResponse(decodeResult: success, version: HTTP/1.1)
HTTP/1.1 200 OK
Content-Length: 49664
Content-Type: application/json; charset=utf-8
cache-control: no-cache

22:58:58.777 [AsyncHttpClient-1-8] DEBUG org.asynchttpclient.netty.channel.ChannelManager - Adding key: http://localhost:12070 for channel [id: 0xe02826b7, L:/127.0.0.1:54246 - R:localhost/127.0.0.1:12070]
22:58:58.798 [AsyncHttpClient-1-1] DEBUG org.asynchttpclient.netty.channel.DefaultChannelPool - Entry count for : http://localhost:12070 : 1
22:58:58.798 [AsyncHttpClient-1-1] DEBUG org.asynchttpclient.netty.channel.DefaultChannelPool - Entry count for : http://localhost:54247 : 1
22:58:58.799 [main] DEBUG net.serenitybdd.core.photography.Darkroom - Send negative for processing for target\site\serenity\fa1a6d3d7829c01f5011bc4963bfb6f219899019d52aee301ba5c3468f93b666.png
22:58:58.799 [main] DEBUG net.thucydides.core.steps.StepInterceptor - STEP DONE: inputPassword
22:58:58.799 [Darkroom Processing Line] DEBUG net.serenitybdd.core.photography.DarkroomProcessingLine - Processing screenshot image in /var/screenshots/screenshot-2194974662157979771
  &amp#27;[32mAnd &amp#27;[0m&amp#27;[32mI enter valid password&amp#27;[0m                      &amp#27;[90m# starter.stepdefinitions.RegisterSteps.enterValidPassword()&amp#27;[0m
22:58:58.799 [Darkroom Processing Line] DEBUG net.serenitybdd.core.photography.DarkroomProcessingLine - Saving screenshot to target\site\serenity\fa1a6d3d7829c01f5011bc4963bfb6f219899019d52aee301ba5c3468f93b666.png
22:58:58.807 [Forwarding getPageSource on session c7af08a03c4f1031841e7f37699387e1 to remote] DEBUG org.asynchttpclient.netty.request.NettyRequestSender - Using pooled Channel '[id: 0xe02826b7, L:/127.0.0.1:54246 - R:localhost/127.0.0.1:12070]' for 'POST' to 'http://localhost:12070/session/c7af08a03c4f1031841e7f37699387e1/execute/sync'
22:58:58.807 [Forwarding getPageSource on session c7af08a03c4f1031841e7f37699387e1 to remote] DEBUG org.asynchttpclient.netty.request.NettyRequestSender - Using open Channel [id: 0xe02826b7, L:/127.0.0.1:54246 - R:localhost/127.0.0.1:12070] for POST '/session/c7af08a03c4f1031841e7f37699387e1/execute/sync'
22:58:58.816 [AsyncHttpClient-1-8] DEBUG org.asynchttpclient.netty.handler.HttpHandler - 

Request DefaultHttpRequest(decodeResult: success, version: HTTP/1.1)
POST /session/c7af08a03c4f1031841e7f37699387e1/execute/sync HTTP/1.1
User-Agent: selenium/4.8.1 (java windows)
Content-Length: 176
Content-Type: application/json; charset=utf-8
host: localhost:12070
accept: */*

Response DefaultHttpResponse(decodeResult: success, version: HTTP/1.1)
HTTP/1.1 200 OK
Content-Length: 22473
Content-Type: application/json; charset=utf-8
cache-control: no-cache

22:58:58.817 [AsyncHttpClient-1-8] DEBUG org.asynchttpclient.netty.channel.ChannelManager - Adding key: http://localhost:12070 for channel [id: 0xe02826b7, L:/127.0.0.1:54246 - R:localhost/127.0.0.1:12070]
22:58:58.820 [Forwarding getCurrentUrl on session c7af08a03c4f1031841e7f37699387e1 to remote] DEBUG org.asynchttpclient.netty.request.NettyRequestSender - Using pooled Channel '[id: 0xe02826b7, L:/127.0.0.1:54246 - R:localhost/127.0.0.1:12070]' for 'GET' to 'http://localhost:12070/session/c7af08a03c4f1031841e7f37699387e1/url'
22:58:58.820 [Forwarding getCurrentUrl on session c7af08a03c4f1031841e7f37699387e1 to remote] DEBUG org.asynchttpclient.netty.request.NettyRequestSender - Using open Channel [id: 0xe02826b7, L:/127.0.0.1:54246 - R:localhost/127.0.0.1:12070] for GET '/session/c7af08a03c4f1031841e7f37699387e1/url'
22:58:58.829 [AsyncHttpClient-1-8] DEBUG org.asynchttpclient.netty.handler.HttpHandler - 

Request DefaultFullHttpRequest(decodeResult: success, version: HTTP/1.1, content: EmptyByteBufBE)
GET /session/c7af08a03c4f1031841e7f37699387e1/url HTTP/1.1
User-Agent: selenium/4.8.1 (java windows)
Cache-Control: no-cache
Content-Type: application/json; charset=utf-8
host: localhost:12070
accept: */*

Response DefaultHttpResponse(decodeResult: success, version: HTTP/1.1)
HTTP/1.1 200 OK
Content-Length: 54
Content-Type: application/json; charset=utf-8
cache-control: no-cache

22:58:58.829 [AsyncHttpClient-1-8] DEBUG org.asynchttpclient.netty.channel.ChannelManager - Adding key: http://localhost:12070 for channel [id: 0xe02826b7, L:/127.0.0.1:54246 - R:localhost/127.0.0.1:12070]
22:58:58.839 [Forwarding getPageSource on session c7af08a03c4f1031841e7f37699387e1 to remote] DEBUG org.asynchttpclient.netty.request.NettyRequestSender - Using pooled Channel '[id: 0xe02826b7, L:/127.0.0.1:54246 - R:localhost/127.0.0.1:12070]' for 'POST' to 'http://localhost:12070/session/c7af08a03c4f1031841e7f37699387e1/execute/sync'
22:58:58.839 [Forwarding getPageSource on session c7af08a03c4f1031841e7f37699387e1 to remote] DEBUG org.asynchttpclient.netty.request.NettyRequestSender - Using open Channel [id: 0xe02826b7, L:/127.0.0.1:54246 - R:localhost/127.0.0.1:12070] for POST '/session/c7af08a03c4f1031841e7f37699387e1/execute/sync'
22:58:58.848 [AsyncHttpClient-1-8] DEBUG org.asynchttpclient.netty.handler.HttpHandler - 

Request DefaultHttpRequest(decodeResult: success, version: HTTP/1.1)
POST /session/c7af08a03c4f1031841e7f37699387e1/execute/sync HTTP/1.1
User-Agent: selenium/4.8.1 (java windows)
Content-Length: 176
Content-Type: application/json; charset=utf-8
host: localhost:12070
accept: */*

Response DefaultHttpResponse(decodeResult: success, version: HTTP/1.1)
HTTP/1.1 200 OK
Content-Length: 22473
Content-Type: application/json; charset=utf-8
cache-control: no-cache

22:58:58.848 [AsyncHttpClient-1-8] DEBUG org.asynchttpclient.netty.channel.ChannelManager - Adding key: http://localhost:12070 for channel [id: 0xe02826b7, L:/127.0.0.1:54246 - R:localhost/127.0.0.1:12070]
22:58:58.851 [Forwarding getCurrentUrl on session c7af08a03c4f1031841e7f37699387e1 to remote] DEBUG org.asynchttpclient.netty.request.NettyRequestSender - Using pooled Channel '[id: 0xe02826b7, L:/127.0.0.1:54246 - R:localhost/127.0.0.1:12070]' for 'GET' to 'http://localhost:12070/session/c7af08a03c4f1031841e7f37699387e1/url'
22:58:58.852 [Forwarding getCurrentUrl on session c7af08a03c4f1031841e7f37699387e1 to remote] DEBUG org.asynchttpclient.netty.request.NettyRequestSender - Using open Channel [id: 0xe02826b7, L:/127.0.0.1:54246 - R:localhost/127.0.0.1:12070] for GET '/session/c7af08a03c4f1031841e7f37699387e1/url'
22:58:58.858 [AsyncHttpClient-1-8] DEBUG org.asynchttpclient.netty.handler.HttpHandler - 

Request DefaultFullHttpRequest(decodeResult: success, version: HTTP/1.1, content: EmptyByteBufBE)
GET /session/c7af08a03c4f1031841e7f37699387e1/url HTTP/1.1
User-Agent: selenium/4.8.1 (java windows)
Cache-Control: no-cache
Content-Type: application/json; charset=utf-8
host: localhost:12070
accept: */*

Response DefaultHttpResponse(decodeResult: success, version: HTTP/1.1)
HTTP/1.1 200 OK
Content-Length: 54
Content-Type: application/json; charset=utf-8
cache-control: no-cache

22:58:58.858 [AsyncHttpClient-1-8] DEBUG org.asynchttpclient.netty.channel.ChannelManager - Adding key: http://localhost:12070 for channel [id: 0xe02826b7, L:/127.0.0.1:54246 - R:localhost/127.0.0.1:12070]
22:58:58.860 [main] DEBUG net.thucydides.core.steps.StepInterceptor - STARTING STEP: RegisterSteps.clickRegButton - clickRegButton
22:58:58.865 [Forwarding findElement on session c7af08a03c4f1031841e7f37699387e1 to remote] DEBUG org.asynchttpclient.netty.request.NettyRequestSender - Using pooled Channel '[id: 0xe02826b7, L:/127.0.0.1:54246 - R:localhost/127.0.0.1:12070]' for 'POST' to 'http://localhost:12070/session/c7af08a03c4f1031841e7f37699387e1/element'
22:58:58.865 [Forwarding findElement on session c7af08a03c4f1031841e7f37699387e1 to remote] DEBUG org.asynchttpclient.netty.request.NettyRequestSender - Using open Channel [id: 0xe02826b7, L:/127.0.0.1:54246 - R:localhost/127.0.0.1:12070] for POST '/session/c7af08a03c4f1031841e7f37699387e1/element'
22:58:58.883 [AsyncHttpClient-1-8] DEBUG org.asynchttpclient.netty.handler.HttpHandler - 

Request DefaultHttpRequest(decodeResult: success, version: HTTP/1.1)
POST /session/c7af08a03c4f1031841e7f37699387e1/element HTTP/1.1
User-Agent: selenium/4.8.1 (java windows)
Content-Length: 142
Content-Type: application/json; charset=utf-8
host: localhost:12070
accept: */*

Response DefaultHttpResponse(decodeResult: success, version: HTTP/1.1)
HTTP/1.1 200 OK
Content-Length: 94
Content-Type: application/json; charset=utf-8
cache-control: no-cache

22:58:58.883 [AsyncHttpClient-1-8] DEBUG org.asynchttpclient.netty.channel.ChannelManager - Adding key: http://localhost:12070 for channel [id: 0xe02826b7, L:/127.0.0.1:54246 - R:localhost/127.0.0.1:12070]
22:58:58.885 [Forwarding getElementTagName on session c7af08a03c4f1031841e7f37699387e1 to remote] DEBUG org.asynchttpclient.netty.request.NettyRequestSender - Using pooled Channel '[id: 0xe02826b7, L:/127.0.0.1:54246 - R:localhost/127.0.0.1:12070]' for 'GET' to 'http://localhost:12070/session/c7af08a03c4f1031841e7f37699387e1/element/380BF0276D88DA456E51F5F872475C9B_element_2/name'
22:58:58.885 [Forwarding getElementTagName on session c7af08a03c4f1031841e7f37699387e1 to remote] DEBUG org.asynchttpclient.netty.request.NettyRequestSender - Using open Channel [id: 0xe02826b7, L:/127.0.0.1:54246 - R:localhost/127.0.0.1:12070] for GET '/session/c7af08a03c4f1031841e7f37699387e1/element/380BF0276D88DA456E51F5F872475C9B_element_2/name'
22:58:58.893 [AsyncHttpClient-1-8] DEBUG org.asynchttpclient.netty.handler.HttpHandler - 

Request DefaultFullHttpRequest(decodeResult: success, version: HTTP/1.1, content: EmptyByteBufBE)
GET /session/c7af08a03c4f1031841e7f37699387e1/element/380BF0276D88DA456E51F5F872475C9B_element_2/name HTTP/1.1
User-Agent: selenium/4.8.1 (java windows)
Cache-Control: no-cache
Content-Type: application/json; charset=utf-8
host: localhost:12070
accept: */*

Response DefaultHttpResponse(decodeResult: success, version: HTTP/1.1)
HTTP/1.1 200 OK
Content-Length: 18
Content-Type: application/json; charset=utf-8
cache-control: no-cache

22:58:58.894 [AsyncHttpClient-1-8] DEBUG org.asynchttpclient.netty.channel.ChannelManager - Adding key: http://localhost:12070 for channel [id: 0xe02826b7, L:/127.0.0.1:54246 - R:localhost/127.0.0.1:12070]
22:58:58.895 [Forwarding getElementTagName on session c7af08a03c4f1031841e7f37699387e1 to remote] DEBUG org.asynchttpclient.netty.request.NettyRequestSender - Using pooled Channel '[id: 0xe02826b7, L:/127.0.0.1:54246 - R:localhost/127.0.0.1:12070]' for 'GET' to 'http://localhost:12070/session/c7af08a03c4f1031841e7f37699387e1/element/380BF0276D88DA456E51F5F872475C9B_element_2/name'
22:58:58.895 [Forwarding getElementTagName on session c7af08a03c4f1031841e7f37699387e1 to remote] DEBUG org.asynchttpclient.netty.request.NettyRequestSender - Using open Channel [id: 0xe02826b7, L:/127.0.0.1:54246 - R:localhost/127.0.0.1:12070] for GET '/session/c7af08a03c4f1031841e7f37699387e1/element/380BF0276D88DA456E51F5F872475C9B_element_2/name'
22:58:58.902 [AsyncHttpClient-1-8] DEBUG org.asynchttpclient.netty.handler.HttpHandler - 

Request DefaultFullHttpRequest(decodeResult: success, version: HTTP/1.1, content: EmptyByteBufBE)
GET /session/c7af08a03c4f1031841e7f37699387e1/element/380BF0276D88DA456E51F5F872475C9B_element_2/name HTTP/1.1
User-Agent: selenium/4.8.1 (java windows)
Cache-Control: no-cache
Content-Type: application/json; charset=utf-8
host: localhost:12070
accept: */*

Response DefaultHttpResponse(decodeResult: success, version: HTTP/1.1)
HTTP/1.1 200 OK
Content-Length: 18
Content-Type: application/json; charset=utf-8
cache-control: no-cache

22:58:58.902 [AsyncHttpClient-1-8] DEBUG org.asynchttpclient.netty.channel.ChannelManager - Adding key: http://localhost:12070 for channel [id: 0xe02826b7, L:/127.0.0.1:54246 - R:localhost/127.0.0.1:12070]
22:58:58.907 [Forwarding isElementEnabled on session c7af08a03c4f1031841e7f37699387e1 to remote] DEBUG org.asynchttpclient.netty.request.NettyRequestSender - Using pooled Channel '[id: 0xe02826b7, L:/127.0.0.1:54246 - R:localhost/127.0.0.1:12070]' for 'GET' to 'http://localhost:12070/session/c7af08a03c4f1031841e7f37699387e1/element/380BF0276D88DA456E51F5F872475C9B_element_2/enabled'
22:58:58.907 [Forwarding isElementEnabled on session c7af08a03c4f1031841e7f37699387e1 to remote] DEBUG org.asynchttpclient.netty.request.NettyRequestSender - Using open Channel [id: 0xe02826b7, L:/127.0.0.1:54246 - R:localhost/127.0.0.1:12070] for GET '/session/c7af08a03c4f1031841e7f37699387e1/element/380BF0276D88DA456E51F5F872475C9B_element_2/enabled'
22:58:58.916 [AsyncHttpClient-1-8] DEBUG org.asynchttpclient.netty.handler.HttpHandler - 

Request DefaultFullHttpRequest(decodeResult: success, version: HTTP/1.1, content: EmptyByteBufBE)
GET /session/c7af08a03c4f1031841e7f37699387e1/element/380BF0276D88DA456E51F5F872475C9B_element_2/enabled HTTP/1.1
User-Agent: selenium/4.8.1 (java windows)
Cache-Control: no-cache
Content-Type: application/json; charset=utf-8
host: localhost:12070
accept: */*

Response DefaultHttpResponse(decodeResult: success, version: HTTP/1.1)
HTTP/1.1 200 OK
Content-Length: 14
Content-Type: application/json; charset=utf-8
cache-control: no-cache

22:58:58.916 [AsyncHttpClient-1-8] DEBUG org.asynchttpclient.netty.channel.ChannelManager - Adding key: http://localhost:12070 for channel [id: 0xe02826b7, L:/127.0.0.1:54246 - R:localhost/127.0.0.1:12070]
22:58:58.918 [Forwarding isElementEnabled on session c7af08a03c4f1031841e7f37699387e1 to remote] DEBUG org.asynchttpclient.netty.request.NettyRequestSender - Using pooled Channel '[id: 0xe02826b7, L:/127.0.0.1:54246 - R:localhost/127.0.0.1:12070]' for 'GET' to 'http://localhost:12070/session/c7af08a03c4f1031841e7f37699387e1/element/380BF0276D88DA456E51F5F872475C9B_element_2/enabled'
22:58:58.918 [Forwarding isElementEnabled on session c7af08a03c4f1031841e7f37699387e1 to remote] DEBUG org.asynchttpclient.netty.request.NettyRequestSender - Using open Channel [id: 0xe02826b7, L:/127.0.0.1:54246 - R:localhost/127.0.0.1:12070] for GET '/session/c7af08a03c4f1031841e7f37699387e1/element/380BF0276D88DA456E51F5F872475C9B_element_2/enabled'
22:58:58.928 [AsyncHttpClient-1-8] DEBUG org.asynchttpclient.netty.handler.HttpHandler - 

Request DefaultFullHttpRequest(decodeResult: success, version: HTTP/1.1, content: EmptyByteBufBE)
GET /session/c7af08a03c4f1031841e7f37699387e1/element/380BF0276D88DA456E51F5F872475C9B_element_2/enabled HTTP/1.1
User-Agent: selenium/4.8.1 (java windows)
Cache-Control: no-cache
Content-Type: application/json; charset=utf-8
host: localhost:12070
accept: */*

Response DefaultHttpResponse(decodeResult: success, version: HTTP/1.1)
HTTP/1.1 200 OK
Content-Length: 14
Content-Type: application/json; charset=utf-8
cache-control: no-cache

22:58:58.928 [AsyncHttpClient-1-8] DEBUG org.asynchttpclient.netty.channel.ChannelManager - Adding key: http://localhost:12070 for channel [id: 0xe02826b7, L:/127.0.0.1:54246 - R:localhost/127.0.0.1:12070]
22:58:58.931 [Forwarding findElement on session c7af08a03c4f1031841e7f37699387e1 to remote] DEBUG org.asynchttpclient.netty.request.NettyRequestSender - Using pooled Channel '[id: 0xe02826b7, L:/127.0.0.1:54246 - R:localhost/127.0.0.1:12070]' for 'POST' to 'http://localhost:12070/session/c7af08a03c4f1031841e7f37699387e1/element'
22:58:58.931 [Forwarding findElement on session c7af08a03c4f1031841e7f37699387e1 to remote] DEBUG org.asynchttpclient.netty.request.NettyRequestSender - Using open Channel [id: 0xe02826b7, L:/127.0.0.1:54246 - R:localhost/127.0.0.1:12070] for POST '/session/c7af08a03c4f1031841e7f37699387e1/element'
22:58:58.942 [AsyncHttpClient-1-8] DEBUG org.asynchttpclient.netty.handler.HttpHandler - 

Request DefaultHttpRequest(decodeResult: success, version: HTTP/1.1)
POST /session/c7af08a03c4f1031841e7f37699387e1/element HTTP/1.1
User-Agent: selenium/4.8.1 (java windows)
Content-Length: 142
Content-Type: application/json; charset=utf-8
host: localhost:12070
accept: */*

Response DefaultHttpResponse(decodeResult: success, version: HTTP/1.1)
HTTP/1.1 200 OK
Content-Length: 94
Content-Type: application/json; charset=utf-8
cache-control: no-cache

22:58:58.942 [AsyncHttpClient-1-8] DEBUG org.asynchttpclient.netty.channel.ChannelManager - Adding key: http://localhost:12070 for channel [id: 0xe02826b7, L:/127.0.0.1:54246 - R:localhost/127.0.0.1:12070]
22:58:58.944 [Forwarding clickElement on session c7af08a03c4f1031841e7f37699387e1 to remote] DEBUG org.asynchttpclient.netty.request.NettyRequestSender - Using pooled Channel '[id: 0xe02826b7, L:/127.0.0.1:54246 - R:localhost/127.0.0.1:12070]' for 'POST' to 'http://localhost:12070/session/c7af08a03c4f1031841e7f37699387e1/element/380BF0276D88DA456E51F5F872475C9B_element_2/click'
22:58:58.944 [Forwarding clickElement on session c7af08a03c4f1031841e7f37699387e1 to remote] DEBUG org.asynchttpclient.netty.request.NettyRequestSender - Using open Channel [id: 0xe02826b7, L:/127.0.0.1:54246 - R:localhost/127.0.0.1:12070] for POST '/session/c7af08a03c4f1031841e7f37699387e1/element/380BF0276D88DA456E51F5F872475C9B_element_2/click'
22:58:59.018 [AsyncHttpClient-1-8] DEBUG org.asynchttpclient.netty.handler.HttpHandler - 

Request DefaultHttpRequest(decodeResult: success, version: HTTP/1.1)
POST /session/c7af08a03c4f1031841e7f37699387e1/element/380BF0276D88DA456E51F5F872475C9B_element_2/click HTTP/1.1
User-Agent: selenium/4.8.1 (java windows)
Content-Length: 56
Content-Type: application/json; charset=utf-8
host: localhost:12070
accept: */*

Response DefaultHttpResponse(decodeResult: success, version: HTTP/1.1)
HTTP/1.1 200 OK
Content-Length: 14
Content-Type: application/json; charset=utf-8
cache-control: no-cache

22:58:59.018 [AsyncHttpClient-1-8] DEBUG org.asynchttpclient.netty.channel.ChannelManager - Adding key: http://localhost:12070 for channel [id: 0xe02826b7, L:/127.0.0.1:54246 - R:localhost/127.0.0.1:12070]
22:58:59.027 [Forwarding getAlertText on session c7af08a03c4f1031841e7f37699387e1 to remote] DEBUG org.asynchttpclient.netty.request.NettyRequestSender - Using pooled Channel '[id: 0xe02826b7, L:/127.0.0.1:54246 - R:localhost/127.0.0.1:12070]' for 'GET' to 'http://localhost:12070/session/c7af08a03c4f1031841e7f37699387e1/alert/text'
22:58:59.027 [Forwarding getAlertText on session c7af08a03c4f1031841e7f37699387e1 to remote] DEBUG org.asynchttpclient.netty.request.NettyRequestSender - Using open Channel [id: 0xe02826b7, L:/127.0.0.1:54246 - R:localhost/127.0.0.1:12070] for GET '/session/c7af08a03c4f1031841e7f37699387e1/alert/text'
22:58:59.029 [AsyncHttpClient-1-8] DEBUG org.asynchttpclient.netty.handler.HttpHandler - 

Request DefaultFullHttpRequest(decodeResult: success, version: HTTP/1.1, content: EmptyByteBufBE)
GET /session/c7af08a03c4f1031841e7f37699387e1/alert/text HTTP/1.1
User-Agent: selenium/4.8.1 (java windows)
Cache-Control: no-cache
Content-Type: application/json; charset=utf-8
host: localhost:12070
accept: */*

Response DefaultHttpResponse(decodeResult: success, version: HTTP/1.1)
HTTP/1.1 404 Not Found
Content-Length: 820
Content-Type: application/json; charset=utf-8
cache-control: no-cache

22:58:59.029 [AsyncHttpClient-1-8] DEBUG org.asynchttpclient.netty.channel.ChannelManager - Adding key: http://localhost:12070 for channel [id: 0xe02826b7, L:/127.0.0.1:54246 - R:localhost/127.0.0.1:12070]
22:58:59.030 [Forwarding getCurrentUrl on session c7af08a03c4f1031841e7f37699387e1 to remote] DEBUG org.asynchttpclient.netty.request.NettyRequestSender - Using pooled Channel '[id: 0xe02826b7, L:/127.0.0.1:54246 - R:localhost/127.0.0.1:12070]' for 'GET' to 'http://localhost:12070/session/c7af08a03c4f1031841e7f37699387e1/url'
22:58:59.030 [Forwarding getCurrentUrl on session c7af08a03c4f1031841e7f37699387e1 to remote] DEBUG org.asynchttpclient.netty.request.NettyRequestSender - Using open Channel [id: 0xe02826b7, L:/127.0.0.1:54246 - R:localhost/127.0.0.1:12070] for GET '/session/c7af08a03c4f1031841e7f37699387e1/url'
22:58:59.036 [AsyncHttpClient-1-8] DEBUG org.asynchttpclient.netty.handler.HttpHandler - 

Request DefaultFullHttpRequest(decodeResult: success, version: HTTP/1.1, content: EmptyByteBufBE)
GET /session/c7af08a03c4f1031841e7f37699387e1/url HTTP/1.1
User-Agent: selenium/4.8.1 (java windows)
Cache-Control: no-cache
Content-Type: application/json; charset=utf-8
host: localhost:12070
accept: */*

Response DefaultHttpResponse(decodeResult: success, version: HTTP/1.1)
HTTP/1.1 200 OK
Content-Length: 54
Content-Type: application/json; charset=utf-8
cache-control: no-cache

22:58:59.036 [AsyncHttpClient-1-8] DEBUG org.asynchttpclient.netty.channel.ChannelManager - Adding key: http://localhost:12070 for channel [id: 0xe02826b7, L:/127.0.0.1:54246 - R:localhost/127.0.0.1:12070]
22:58:59.037 [Forwarding screenshot on session c7af08a03c4f1031841e7f37699387e1 to remote] DEBUG org.asynchttpclient.netty.request.NettyRequestSender - Using pooled Channel '[id: 0xe02826b7, L:/127.0.0.1:54246 - R:localhost/127.0.0.1:12070]' for 'GET' to 'http://localhost:12070/session/c7af08a03c4f1031841e7f37699387e1/screenshot'
22:58:59.037 [Forwarding screenshot on session c7af08a03c4f1031841e7f37699387e1 to remote] DEBUG org.asynchttpclient.netty.request.NettyRequestSender - Using open Channel [id: 0xe02826b7, L:/127.0.0.1:54246 - R:localhost/127.0.0.1:12070] for GET '/session/c7af08a03c4f1031841e7f37699387e1/screenshot'
22:58:59.317 [AsyncHttpClient-1-8] DEBUG org.asynchttpclient.netty.handler.HttpHandler - 

Request DefaultFullHttpRequest(decodeResult: success, version: HTTP/1.1, content: EmptyByteBufBE)
GET /session/c7af08a03c4f1031841e7f37699387e1/screenshot HTTP/1.1
User-Agent: selenium/4.8.1 (java windows)
Cache-Control: no-cache
Content-Type: application/json; charset=utf-8
host: localhost:12070
accept: */*

Response DefaultHttpResponse(decodeResult: success, version: HTTP/1.1)
HTTP/1.1 200 OK
Content-Length: 48484
Content-Type: application/json; charset=utf-8
cache-control: no-cache

22:58:59.317 [AsyncHttpClient-1-8] DEBUG org.asynchttpclient.netty.channel.ChannelManager - Adding key: http://localhost:12070 for channel [id: 0xe02826b7, L:/127.0.0.1:54246 - R:localhost/127.0.0.1:12070]
22:58:59.322 [main] DEBUG net.serenitybdd.core.photography.Darkroom - Send negative for processing for target\site\serenity\9e42545042c2a775060a27e603ab4a602a3ecf080ef13801fb786190ff27a83a.png
22:58:59.323 [Darkroom Processing Line] DEBUG net.serenitybdd.core.photography.DarkroomProcessingLine - Processing screenshot image in /var/screenshots/screenshot-4476372030166533122
22:58:59.323 [Darkroom Processing Line] DEBUG net.serenitybdd.core.photography.DarkroomProcessingLine - Saving screenshot to target\site\serenity\9e42545042c2a775060a27e603ab4a602a3ecf080ef13801fb786190ff27a83a.png
22:58:59.323 [main] DEBUG net.thucydides.core.steps.StepInterceptor - STEP DONE: clickRegButton
  &amp#27;[32mAnd &amp#27;[0m&amp#27;[32mclick register button&amp#27;[0m                       &amp#27;[90m# starter.stepdefinitions.RegisterSteps.clickRegButton()&amp#27;[0m
22:58:59.342 [Forwarding getPageSource on session c7af08a03c4f1031841e7f37699387e1 to remote] DEBUG org.asynchttpclient.netty.request.NettyRequestSender - Using pooled Channel '[id: 0xe02826b7, L:/127.0.0.1:54246 - R:localhost/127.0.0.1:12070]' for 'POST' to 'http://localhost:12070/session/c7af08a03c4f1031841e7f37699387e1/execute/sync'
22:58:59.342 [Forwarding getPageSource on session c7af08a03c4f1031841e7f37699387e1 to remote] DEBUG org.asynchttpclient.netty.request.NettyRequestSender - Using open Channel [id: 0xe02826b7, L:/127.0.0.1:54246 - R:localhost/127.0.0.1:12070] for POST '/session/c7af08a03c4f1031841e7f37699387e1/execute/sync'
22:58:59.358 [AsyncHttpClient-1-8] DEBUG org.asynchttpclient.netty.handler.HttpHandler - 

Request DefaultHttpRequest(decodeResult: success, version: HTTP/1.1)
POST /session/c7af08a03c4f1031841e7f37699387e1/execute/sync HTTP/1.1
User-Agent: selenium/4.8.1 (java windows)
Content-Length: 176
Content-Type: application/json; charset=utf-8
host: localhost:12070
accept: */*

Response DefaultHttpResponse(decodeResult: success, version: HTTP/1.1)
HTTP/1.1 200 OK
Content-Length: 22754
Content-Type: application/json; charset=utf-8
cache-control: no-cache

22:58:59.359 [AsyncHttpClient-1-8] DEBUG org.asynchttpclient.netty.channel.ChannelManager - Adding key: http://localhost:12070 for channel [id: 0xe02826b7, L:/127.0.0.1:54246 - R:localhost/127.0.0.1:12070]
22:58:59.364 [Forwarding getCurrentUrl on session c7af08a03c4f1031841e7f37699387e1 to remote] DEBUG org.asynchttpclient.netty.request.NettyRequestSender - Using pooled Channel '[id: 0xe02826b7, L:/127.0.0.1:54246 - R:localhost/127.0.0.1:12070]' for 'GET' to 'http://localhost:12070/session/c7af08a03c4f1031841e7f37699387e1/url'
22:58:59.364 [Forwarding getCurrentUrl on session c7af08a03c4f1031841e7f37699387e1 to remote] DEBUG org.asynchttpclient.netty.request.NettyRequestSender - Using open Channel [id: 0xe02826b7, L:/127.0.0.1:54246 - R:localhost/127.0.0.1:12070] for GET '/session/c7af08a03c4f1031841e7f37699387e1/url'
22:58:59.378 [AsyncHttpClient-1-8] DEBUG org.asynchttpclient.netty.handler.HttpHandler - 

Request DefaultFullHttpRequest(decodeResult: success, version: HTTP/1.1, content: EmptyByteBufBE)
GET /session/c7af08a03c4f1031841e7f37699387e1/url HTTP/1.1
User-Agent: selenium/4.8.1 (java windows)
Cache-Control: no-cache
Content-Type: application/json; charset=utf-8
host: localhost:12070
accept: */*

Response DefaultHttpResponse(decodeResult: success, version: HTTP/1.1)
HTTP/1.1 200 OK
Content-Length: 54
Content-Type: application/json; charset=utf-8
cache-control: no-cache

22:58:59.378 [AsyncHttpClient-1-8] DEBUG org.asynchttpclient.netty.channel.ChannelManager - Adding key: http://localhost:12070 for channel [id: 0xe02826b7, L:/127.0.0.1:54246 - R:localhost/127.0.0.1:12070]
22:58:59.393 [Forwarding getAlertText on session c7af08a03c4f1031841e7f37699387e1 to remote] DEBUG org.asynchttpclient.netty.request.NettyRequestSender - Using pooled Channel '[id: 0xe02826b7, L:/127.0.0.1:54246 - R:localhost/127.0.0.1:12070]' for 'GET' to 'http://localhost:12070/session/c7af08a03c4f1031841e7f37699387e1/alert/text'
22:58:59.393 [Forwarding getAlertText on session c7af08a03c4f1031841e7f37699387e1 to remote] DEBUG org.asynchttpclient.netty.request.NettyRequestSender - Using open Channel [id: 0xe02826b7, L:/127.0.0.1:54246 - R:localhost/127.0.0.1:12070] for GET '/session/c7af08a03c4f1031841e7f37699387e1/alert/text'
22:58:59.397 [AsyncHttpClient-1-8] DEBUG org.asynchttpclient.netty.handler.HttpHandler - 

Request DefaultFullHttpRequest(decodeResult: success, version: HTTP/1.1, content: EmptyByteBufBE)
GET /session/c7af08a03c4f1031841e7f37699387e1/alert/text HTTP/1.1
User-Agent: selenium/4.8.1 (java windows)
Cache-Control: no-cache
Content-Type: application/json; charset=utf-8
host: localhost:12070
accept: */*

Response DefaultHttpResponse(decodeResult: success, version: HTTP/1.1)
HTTP/1.1 404 Not Found
Content-Length: 820
Content-Type: application/json; charset=utf-8
cache-control: no-cache

22:58:59.397 [AsyncHttpClient-1-8] DEBUG org.asynchttpclient.netty.channel.ChannelManager - Adding key: http://localhost:12070 for channel [id: 0xe02826b7, L:/127.0.0.1:54246 - R:localhost/127.0.0.1:12070]
22:58:59.400 [Forwarding getCurrentUrl on session c7af08a03c4f1031841e7f37699387e1 to remote] DEBUG org.asynchttpclient.netty.request.NettyRequestSender - Using pooled Channel '[id: 0xe02826b7, L:/127.0.0.1:54246 - R:localhost/127.0.0.1:12070]' for 'GET' to 'http://localhost:12070/session/c7af08a03c4f1031841e7f37699387e1/url'
22:58:59.400 [Forwarding getCurrentUrl on session c7af08a03c4f1031841e7f37699387e1 to remote] DEBUG org.asynchttpclient.netty.request.NettyRequestSender - Using open Channel [id: 0xe02826b7, L:/127.0.0.1:54246 - R:localhost/127.0.0.1:12070] for GET '/session/c7af08a03c4f1031841e7f37699387e1/url'
22:58:59.411 [AsyncHttpClient-1-8] DEBUG org.asynchttpclient.netty.handler.HttpHandler - 

Request DefaultFullHttpRequest(decodeResult: success, version: HTTP/1.1, content: EmptyByteBufBE)
GET /session/c7af08a03c4f1031841e7f37699387e1/url HTTP/1.1
User-Agent: selenium/4.8.1 (java windows)
Cache-Control: no-cache
Content-Type: application/json; charset=utf-8
host: localhost:12070
accept: */*

Response DefaultHttpResponse(decodeResult: success, version: HTTP/1.1)
HTTP/1.1 200 OK
Content-Length: 54
Content-Type: application/json; charset=utf-8
cache-control: no-cache

22:58:59.412 [AsyncHttpClient-1-8] DEBUG org.asynchttpclient.netty.channel.ChannelManager - Adding key: http://localhost:12070 for channel [id: 0xe02826b7, L:/127.0.0.1:54246 - R:localhost/127.0.0.1:12070]
22:58:59.413 [Forwarding screenshot on session c7af08a03c4f1031841e7f37699387e1 to remote] DEBUG org.asynchttpclient.netty.request.NettyRequestSender - Using pooled Channel '[id: 0xe02826b7, L:/127.0.0.1:54246 - R:localhost/127.0.0.1:12070]' for 'GET' to 'http://localhost:12070/session/c7af08a03c4f1031841e7f37699387e1/screenshot'
22:58:59.413 [Forwarding screenshot on session c7af08a03c4f1031841e7f37699387e1 to remote] DEBUG org.asynchttpclient.netty.request.NettyRequestSender - Using open Channel [id: 0xe02826b7, L:/127.0.0.1:54246 - R:localhost/127.0.0.1:12070] for GET '/session/c7af08a03c4f1031841e7f37699387e1/screenshot'
22:58:59.701 [AsyncHttpClient-1-8] DEBUG org.asynchttpclient.netty.handler.HttpHandler - 

Request DefaultFullHttpRequest(decodeResult: success, version: HTTP/1.1, content: EmptyByteBufBE)
GET /session/c7af08a03c4f1031841e7f37699387e1/screenshot HTTP/1.1
User-Agent: selenium/4.8.1 (java windows)
Cache-Control: no-cache
Content-Type: application/json; charset=utf-8
host: localhost:12070
accept: */*

Response DefaultHttpResponse(decodeResult: success, version: HTTP/1.1)
HTTP/1.1 200 OK
Content-Length: 47440
Content-Type: application/json; charset=utf-8
cache-control: no-cache

22:58:59.702 [AsyncHttpClient-1-8] DEBUG org.asynchttpclient.netty.channel.ChannelManager - Adding key: http://localhost:12070 for channel [id: 0xe02826b7, L:/127.0.0.1:54246 - R:localhost/127.0.0.1:12070]
22:58:59.705 [main] DEBUG net.serenitybdd.core.photography.Darkroom - Send negative for processing for target\site\serenity\0d2634831db65f5376422a4cef9f6016cc28eefbafb8d5e9c3f439c40af105c5.png
22:58:59.706 [Darkroom Processing Line] DEBUG net.serenitybdd.core.photography.DarkroomProcessingLine - Processing screenshot image in /var/screenshots/screenshot-1427143759713706678
22:58:59.706 [Darkroom Processing Line] DEBUG net.serenitybdd.core.photography.DarkroomProcessingLine - Saving screenshot to target\site\serenity\0d2634831db65f5376422a4cef9f6016cc28eefbafb8d5e9c3f439c40af105c5.png
22:58:59.706 [Forwarding getPageSource on session c7af08a03c4f1031841e7f37699387e1 to remote] DEBUG org.asynchttpclient.netty.request.NettyRequestSender - Using pooled Channel '[id: 0xe02826b7, L:/127.0.0.1:54246 - R:localhost/127.0.0.1:12070]' for 'POST' to 'http://localhost:12070/session/c7af08a03c4f1031841e7f37699387e1/execute/sync'
22:58:59.707 [Forwarding getPageSource on session c7af08a03c4f1031841e7f37699387e1 to remote] DEBUG org.asynchttpclient.netty.request.NettyRequestSender - Using open Channel [id: 0xe02826b7, L:/127.0.0.1:54246 - R:localhost/127.0.0.1:12070] for POST '/session/c7af08a03c4f1031841e7f37699387e1/execute/sync'
22:58:59.717 [AsyncHttpClient-1-8] DEBUG org.asynchttpclient.netty.handler.HttpHandler - 

Request DefaultHttpRequest(decodeResult: success, version: HTTP/1.1)
POST /session/c7af08a03c4f1031841e7f37699387e1/execute/sync HTTP/1.1
User-Agent: selenium/4.8.1 (java windows)
Content-Length: 176
Content-Type: application/json; charset=utf-8
host: localhost:12070
accept: */*

Response DefaultHttpResponse(decodeResult: success, version: HTTP/1.1)
HTTP/1.1 200 OK
Content-Length: 22422
Content-Type: application/json; charset=utf-8
cache-control: no-cache

22:58:59.717 [AsyncHttpClient-1-8] DEBUG org.asynchttpclient.netty.channel.ChannelManager - Adding key: http://localhost:12070 for channel [id: 0xe02826b7, L:/127.0.0.1:54246 - R:localhost/127.0.0.1:12070]
22:58:59.721 [Forwarding getCurrentUrl on session c7af08a03c4f1031841e7f37699387e1 to remote] DEBUG org.asynchttpclient.netty.request.NettyRequestSender - Using pooled Channel '[id: 0xe02826b7, L:/127.0.0.1:54246 - R:localhost/127.0.0.1:12070]' for 'GET' to 'http://localhost:12070/session/c7af08a03c4f1031841e7f37699387e1/url'
22:58:59.721 [Forwarding getCurrentUrl on session c7af08a03c4f1031841e7f37699387e1 to remote] DEBUG org.asynchttpclient.netty.request.NettyRequestSender - Using open Channel [id: 0xe02826b7, L:/127.0.0.1:54246 - R:localhost/127.0.0.1:12070] for GET '/session/c7af08a03c4f1031841e7f37699387e1/url'
22:58:59.728 [AsyncHttpClient-1-8] DEBUG org.asynchttpclient.netty.handler.HttpHandler - 

Request DefaultFullHttpRequest(decodeResult: success, version: HTTP/1.1, content: EmptyByteBufBE)
GET /session/c7af08a03c4f1031841e7f37699387e1/url HTTP/1.1
User-Agent: selenium/4.8.1 (java windows)
Cache-Control: no-cache
Content-Type: application/json; charset=utf-8
host: localhost:12070
accept: */*

Response DefaultHttpResponse(decodeResult: success, version: HTTP/1.1)
HTTP/1.1 200 OK
Content-Length: 54
Content-Type: application/json; charset=utf-8
cache-control: no-cache

22:58:59.728 [AsyncHttpClient-1-8] DEBUG org.asynchttpclient.netty.channel.ChannelManager - Adding key: http://localhost:12070 for channel [id: 0xe02826b7, L:/127.0.0.1:54246 - R:localhost/127.0.0.1:12070]
22:58:59.731 [main] DEBUG net.thucydides.core.steps.StepInterceptor - STARTING STEP: RegisterSteps.seeErrorMassage - validateErrorMessage
22:58:59.733 [Forwarding findElement on session c7af08a03c4f1031841e7f37699387e1 to remote] DEBUG org.asynchttpclient.netty.request.NettyRequestSender - Using pooled Channel '[id: 0xe02826b7, L:/127.0.0.1:54246 - R:localhost/127.0.0.1:12070]' for 'POST' to 'http://localhost:12070/session/c7af08a03c4f1031841e7f37699387e1/element'
22:58:59.733 [Forwarding findElement on session c7af08a03c4f1031841e7f37699387e1 to remote] DEBUG org.asynchttpclient.netty.request.NettyRequestSender - Using open Channel [id: 0xe02826b7, L:/127.0.0.1:54246 - R:localhost/127.0.0.1:12070] for POST '/session/c7af08a03c4f1031841e7f37699387e1/element'
22:58:59.900 [AsyncHttpClient-1-8] DEBUG org.asynchttpclient.netty.handler.HttpHandler - 

Request DefaultHttpRequest(decodeResult: success, version: HTTP/1.1)
POST /session/c7af08a03c4f1031841e7f37699387e1/element HTTP/1.1
User-Agent: selenium/4.8.1 (java windows)
Content-Length: 80
Content-Type: application/json; charset=utf-8
host: localhost:12070
accept: */*

Response DefaultHttpResponse(decodeResult: success, version: HTTP/1.1)
HTTP/1.1 200 OK
Content-Length: 95
Content-Type: application/json; charset=utf-8
cache-control: no-cache

22:58:59.900 [AsyncHttpClient-1-8] DEBUG org.asynchttpclient.netty.channel.ChannelManager - Adding key: http://localhost:12070 for channel [id: 0xe02826b7, L:/127.0.0.1:54246 - R:localhost/127.0.0.1:12070]
22:58:59.901 [AsyncHttpClient-1-1] DEBUG org.asynchttpclient.netty.channel.DefaultChannelPool - Entry count for : http://localhost:12070 : 1
22:58:59.901 [AsyncHttpClient-1-1] DEBUG org.asynchttpclient.netty.channel.DefaultChannelPool - Entry count for : http://localhost:54247 : 1
22:58:59.906 [Forwarding isElementDisplayed on session c7af08a03c4f1031841e7f37699387e1 to remote] DEBUG org.asynchttpclient.netty.request.NettyRequestSender - Using pooled Channel '[id: 0xe02826b7, L:/127.0.0.1:54246 - R:localhost/127.0.0.1:12070]' for 'POST' to 'http://localhost:12070/session/c7af08a03c4f1031841e7f37699387e1/execute/sync'
22:58:59.906 [Forwarding isElementDisplayed on session c7af08a03c4f1031841e7f37699387e1 to remote] DEBUG org.asynchttpclient.netty.request.NettyRequestSender - Using open Channel [id: 0xe02826b7, L:/127.0.0.1:54246 - R:localhost/127.0.0.1:12070] for POST '/session/c7af08a03c4f1031841e7f37699387e1/execute/sync'
22:58:59.948 [AsyncHttpClient-1-8] DEBUG org.asynchttpclient.netty.handler.HttpHandler - 

Request DefaultHttpRequest(decodeResult: success, version: HTTP/1.1)
POST /session/c7af08a03c4f1031841e7f37699387e1/execute/sync HTTP/1.1
User-Agent: selenium/4.8.1 (java windows)
Content-Length: 48814
Content-Type: application/json; charset=utf-8
host: localhost:12070
accept: */*

Response DefaultHttpResponse(decodeResult: success, version: HTTP/1.1)
HTTP/1.1 200 OK
Content-Length: 14
Content-Type: application/json; charset=utf-8
cache-control: no-cache

22:58:59.948 [AsyncHttpClient-1-8] DEBUG org.asynchttpclient.netty.channel.ChannelManager - Adding key: http://localhost:12070 for channel [id: 0xe02826b7, L:/127.0.0.1:54246 - R:localhost/127.0.0.1:12070]
22:58:59.960 [Forwarding getAlertText on session c7af08a03c4f1031841e7f37699387e1 to remote] DEBUG org.asynchttpclient.netty.request.NettyRequestSender - Using pooled Channel '[id: 0xe02826b7, L:/127.0.0.1:54246 - R:localhost/127.0.0.1:12070]' for 'GET' to 'http://localhost:12070/session/c7af08a03c4f1031841e7f37699387e1/alert/text'
22:58:59.960 [Forwarding getAlertText on session c7af08a03c4f1031841e7f37699387e1 to remote] DEBUG org.asynchttpclient.netty.request.NettyRequestSender - Using open Channel [id: 0xe02826b7, L:/127.0.0.1:54246 - R:localhost/127.0.0.1:12070] for GET '/session/c7af08a03c4f1031841e7f37699387e1/alert/text'
22:58:59.965 [AsyncHttpClient-1-8] DEBUG org.asynchttpclient.netty.handler.HttpHandler - 

Request DefaultFullHttpRequest(decodeResult: success, version: HTTP/1.1, content: EmptyByteBufBE)
GET /session/c7af08a03c4f1031841e7f37699387e1/alert/text HTTP/1.1
User-Agent: selenium/4.8.1 (java windows)
Cache-Control: no-cache
Content-Type: application/json; charset=utf-8
host: localhost:12070
accept: */*

Response DefaultHttpResponse(decodeResult: success, version: HTTP/1.1)
HTTP/1.1 404 Not Found
Content-Length: 820
Content-Type: application/json; charset=utf-8
cache-control: no-cache

22:58:59.966 [AsyncHttpClient-1-8] DEBUG org.asynchttpclient.netty.channel.ChannelManager - Adding key: http://localhost:12070 for channel [id: 0xe02826b7, L:/127.0.0.1:54246 - R:localhost/127.0.0.1:12070]
22:58:59.968 [Forwarding getCurrentUrl on session c7af08a03c4f1031841e7f37699387e1 to remote] DEBUG org.asynchttpclient.netty.request.NettyRequestSender - Using pooled Channel '[id: 0xe02826b7, L:/127.0.0.1:54246 - R:localhost/127.0.0.1:12070]' for 'GET' to 'http://localhost:12070/session/c7af08a03c4f1031841e7f37699387e1/url'
22:58:59.968 [Forwarding getCurrentUrl on session c7af08a03c4f1031841e7f37699387e1 to remote] DEBUG org.asynchttpclient.netty.request.NettyRequestSender - Using open Channel [id: 0xe02826b7, L:/127.0.0.1:54246 - R:localhost/127.0.0.1:12070] for GET '/session/c7af08a03c4f1031841e7f37699387e1/url'
22:58:59.983 [AsyncHttpClient-1-8] DEBUG org.asynchttpclient.netty.handler.HttpHandler - 

Request DefaultFullHttpRequest(decodeResult: success, version: HTTP/1.1, content: EmptyByteBufBE)
GET /session/c7af08a03c4f1031841e7f37699387e1/url HTTP/1.1
User-Agent: selenium/4.8.1 (java windows)
Cache-Control: no-cache
Content-Type: application/json; charset=utf-8
host: localhost:12070
accept: */*

Response DefaultHttpResponse(decodeResult: success, version: HTTP/1.1)
HTTP/1.1 200 OK
Content-Length: 54
Content-Type: application/json; charset=utf-8
cache-control: no-cache

22:58:59.983 [AsyncHttpClient-1-8] DEBUG org.asynchttpclient.netty.channel.ChannelManager - Adding key: http://localhost:12070 for channel [id: 0xe02826b7, L:/127.0.0.1:54246 - R:localhost/127.0.0.1:12070]
22:58:59.985 [Forwarding screenshot on session c7af08a03c4f1031841e7f37699387e1 to remote] DEBUG org.asynchttpclient.netty.request.NettyRequestSender - Using pooled Channel '[id: 0xe02826b7, L:/127.0.0.1:54246 - R:localhost/127.0.0.1:12070]' for 'GET' to 'http://localhost:12070/session/c7af08a03c4f1031841e7f37699387e1/screenshot'
22:58:59.985 [Forwarding screenshot on session c7af08a03c4f1031841e7f37699387e1 to remote] DEBUG org.asynchttpclient.netty.request.NettyRequestSender - Using open Channel [id: 0xe02826b7, L:/127.0.0.1:54246 - R:localhost/127.0.0.1:12070] for GET '/session/c7af08a03c4f1031841e7f37699387e1/screenshot'
22:59:00.263 [AsyncHttpClient-1-8] DEBUG org.asynchttpclient.netty.handler.HttpHandler - 

Request DefaultFullHttpRequest(decodeResult: success, version: HTTP/1.1, content: EmptyByteBufBE)
GET /session/c7af08a03c4f1031841e7f37699387e1/screenshot HTTP/1.1
User-Agent: selenium/4.8.1 (java windows)
Cache-Control: no-cache
Content-Type: application/json; charset=utf-8
host: localhost:12070
accept: */*

Response DefaultHttpResponse(decodeResult: success, version: HTTP/1.1)
HTTP/1.1 200 OK
Content-Length: 50640
Content-Type: application/json; charset=utf-8
cache-control: no-cache

22:59:00.263 [AsyncHttpClient-1-8] DEBUG org.asynchttpclient.netty.channel.ChannelManager - Adding key: http://localhost:12070 for channel [id: 0xe02826b7, L:/127.0.0.1:54246 - R:localhost/127.0.0.1:12070]
22:59:00.266 [main] DEBUG net.serenitybdd.core.photography.Darkroom - Send negative for processing for target\site\serenity\18073c12a12995c784de5d6a052c795afcf046df018cf00f194f39c8ca6135eb.png
22:59:00.267 [main] DEBUG net.thucydides.core.steps.StepInterceptor - STEP DONE: validateErrorMessage
22:59:00.267 [Darkroom Processing Line] DEBUG net.serenitybdd.core.photography.DarkroomProcessingLine - Processing screenshot image in /var/screenshots/screenshot-1423911448220218673
22:59:00.267 [Darkroom Processing Line] DEBUG net.serenitybdd.core.photography.DarkroomProcessingLine - Saving screenshot to target\site\serenity\18073c12a12995c784de5d6a052c795afcf046df018cf00f194f39c8ca6135eb.png
  &amp#27;[32mThen &amp#27;[0m&amp#27;[32mI see the error message&amp#27;[0m                    &amp#27;[90m# starter.stepdefinitions.RegisterSteps.seeErrorMassage()&amp#27;[0m
22:59:00.272 [main] INFO  - 
  _____   ___   ___   _____     ___     _     ___   ___   ___   ___  
 |_   _| | __| / __| |_   _|   | _ \   /_\   / __| / __| | __| |   \ 
   | |   | _|  \__ \   | |     |  _/  / _ \  \__ \ \__ \ | _|  | |) |
   |_|   |___| |___/   |_|     |_|   /_/ \_\ |___/ |___/ |___| |___/ 

Failed register with already used email
----------------------------------------------------------------------
22:59:00.273 [AsyncHttpClient-1-10] DEBUG org.asynchttpclient.netty.handler.WebSocketHandler - Channel Closed: [id: 0xf22b9a0b, L:/127.0.0.1:54255 ! R:localhost/127.0.0.1:54247] with attribute NettyResponseFuture{currentRetry=0,
	isDone=1,
	isCancelled=0,
	asyncHandler=org.asynchttpclient.ws.WebSocketUpgradeHandler@64c3a3ed,
	nettyRequest=org.asynchttpclient.netty.request.NettyRequest@21c13111,
	future=java.util.concurrent.CompletableFuture@110e7a94[Completed normally],
	uri=ws://localhost:54247/devtools/browser/cb03e1fe-2ac0-4963-9425-f4383ed78159,
	keepAlive=true,
	redirectCount=0,
	timeoutsHolder=null,
	inAuth=0,
	touch=1683561535518}
22:59:00.273 [AsyncHttpClient-1-10] DEBUG org.asynchttpclient.netty.channel.ChannelManager - Closing Channel [id: 0xf22b9a0b, L:/127.0.0.1:54255 ! R:localhost/127.0.0.1:54247] 
22:59:00.273 [Driver Command Executor] DEBUG org.asynchttpclient.netty.request.NettyRequestSender - Using pooled Channel '[id: 0xe02826b7, L:/127.0.0.1:54246 - R:localhost/127.0.0.1:12070]' for 'DELETE' to 'http://localhost:12070/session/c7af08a03c4f1031841e7f37699387e1'
22:59:00.273 [Driver Command Executor] DEBUG org.asynchttpclient.netty.request.NettyRequestSender - Using open Channel [id: 0xe02826b7, L:/127.0.0.1:54246 - R:localhost/127.0.0.1:12070] for DELETE '/session/c7af08a03c4f1031841e7f37699387e1'
22:59:00.435 [AsyncHttpClient-1-9] DEBUG org.asynchttpclient.netty.handler.HttpHandler - Unexpected I/O exception on channel [id: 0x03d635aa, L:/127.0.0.1:54254 - R:localhost/127.0.0.1:54247]
java.io.IOException: An existing connection was forcibly closed by the remote host
	at sun.nio.ch.SocketDispatcher.read0(Native Method)
	at sun.nio.ch.SocketDispatcher.read(SocketDispatcher.java:43)
	at sun.nio.ch.IOUtil.readIntoNativeBuffer(IOUtil.java:223)
	at sun.nio.ch.IOUtil.read(IOUtil.java:192)
	at sun.nio.ch.SocketChannelImpl.read(SocketChannelImpl.java:378)
	at io.netty.buffer.PooledByteBuf.setBytes(PooledByteBuf.java:259)
	at io.netty.buffer.AbstractByteBuf.writeBytes(AbstractByteBuf.java:1132)
	at io.netty.channel.socket.nio.NioSocketChannel.doReadBytes(NioSocketChannel.java:357)
	at io.netty.channel.nio.AbstractNioByteChannel$NioByteUnsafe.read(AbstractNioByteChannel.java:151)
	at io.netty.channel.nio.NioEventLoop.processSelectedKey(NioEventLoop.java:788)
	at io.netty.channel.nio.NioEventLoop.processSelectedKeysOptimized(NioEventLoop.java:724)
	at io.netty.channel.nio.NioEventLoop.processSelectedKeys(NioEventLoop.java:650)
	at io.netty.channel.nio.NioEventLoop.run(NioEventLoop.java:562)
	at io.netty.util.concurrent.SingleThreadEventExecutor$4.run(SingleThreadEventExecutor.java:997)
	at io.netty.util.internal.ThreadExecutorMap$2.run(ThreadExecutorMap.java:74)
	at io.netty.util.concurrent.FastThreadLocalRunnable.run(FastThreadLocalRunnable.java:30)
	at java.lang.Thread.run(Thread.java:750)
22:59:00.435 [AsyncHttpClient-1-9] DEBUG org.asynchttpclient.netty.channel.ChannelManager - Closing Channel [id: 0x03d635aa, L:/127.0.0.1:54254 - R:localhost/127.0.0.1:54247] 
22:59:00.435 [AsyncHttpClient-1-9] DEBUG org.asynchttpclient.netty.handler.HttpHandler - Channel Closed: [id: 0x03d635aa, L:/127.0.0.1:54254 ! R:localhost/127.0.0.1:54247] with attribute DISCARD
22:59:00.444 [AsyncHttpClient-1-8] DEBUG org.asynchttpclient.netty.handler.HttpHandler - 

Request DefaultFullHttpRequest(decodeResult: success, version: HTTP/1.1, content: EmptyByteBufBE)
DELETE /session/c7af08a03c4f1031841e7f37699387e1 HTTP/1.1
User-Agent: selenium/4.8.1 (java windows)
Content-Type: application/json; charset=utf-8
host: localhost:12070
accept: */*

Response DefaultHttpResponse(decodeResult: success, version: HTTP/1.1)
HTTP/1.1 200 OK
Content-Length: 14
Content-Type: application/json; charset=utf-8
cache-control: no-cache

22:59:00.446 [AsyncHttpClient-1-8] DEBUG org.asynchttpclient.netty.channel.ChannelManager - Adding key: http://localhost:12070 for channel [id: 0xe02826b7, L:/127.0.0.1:54246 - R:localhost/127.0.0.1:12070]
22:59:00.499 [AsyncHttpClient-1-8] DEBUG org.asynchttpclient.netty.handler.HttpHandler - Channel Closed: [id: 0xe02826b7, L:/127.0.0.1:54246 ! R:localhost/127.0.0.1:12070] with attribute DISCARD
22:59:01.006 [AsyncHttpClient-1-1] DEBUG org.asynchttpclient.netty.channel.DefaultChannelPool - Entry count for : http://localhost:12070 : 1
22:59:01.006 [AsyncHttpClient-1-1] DEBUG org.asynchttpclient.netty.channel.DefaultChannelPool - Entry count for : http://localhost:54247 : 1
22:59:01.006 [AsyncHttpClient-1-1] DEBUG org.asynchttpclient.netty.channel.DefaultChannelPool - Adding Candidate expired Channel [id: 0xe02826b7, L:/127.0.0.1:54246 ! R:localhost/127.0.0.1:12070] isIdleTimeoutExpired=false isRemotelyClosed=true isTtlExpired=false
22:59:01.006 [AsyncHttpClient-1-1] DEBUG org.asynchttpclient.netty.channel.DefaultChannelPool - Closing Idle Channel [id: 0xe02826b7, L:/127.0.0.1:54246 ! R:localhost/127.0.0.1:12070]
22:59:01.007 [AsyncHttpClient-1-1] DEBUG org.asynchttpclient.netty.channel.DefaultChannelPool - Adding Candidate expired Channel [id: 0x03d635aa, L:/127.0.0.1:54254 ! R:localhost/127.0.0.1:54247] isIdleTimeoutExpired=false isRemotelyClosed=true isTtlExpired=false
22:59:01.007 [AsyncHttpClient-1-1] DEBUG org.asynchttpclient.netty.channel.DefaultChannelPool - Closing Idle Channel [id: 0x03d635aa, L:/127.0.0.1:54254 ! R:localhost/127.0.0.1:54247]
22:59:01.007 [AsyncHttpClient-1-1] DEBUG org.asynchttpclient.netty.channel.DefaultChannelPool - Closed 2 connections out of 2 in 1 ms
]]></system-out>
    <system-err><![CDATA[Starting ChromeDriver 113.0.5672.63 (0e1a4471d5ae5bf128b1bd8f4d627c8cbd55f70c-refs/branch-heads/5672@{#912}) on port 12070
Only local connections are allowed.
Please see https://chromedriver.chromium.org/security-considerations for suggestions on keeping ChromeDriver safe.
ChromeDriver was started successfully.
May 08, 2023 10:58:55 PM org.openqa.selenium.devtools.CdpVersionFinder findNearestMatch
WARNING: Unable to find an exact match for CDP version 113, so returning the closest version found: 110
]]></system-err>
  </testcase>
  <testcase name="Failed register with does not exist email" classname="Register" time="6.822">
    <system-out><![CDATA[
@Register(-)
Scenario: Failed register with does not exist email &amp#27;[90m# src/test/resources/features/1.Register.feature:34&amp#27;[0m
22:59:01.043 [main] DEBUG io.cucumber.core.plugin.SerenityReporter - Running feature from file:///D:/1.%20QA%20ALTERRA%20ACADEMY/MobileTesting/MiniProjectWEB/src/test/resources/features/1.Register.feature
22:59:01.047 [main] INFO  - 
  _____   ___   ___   _____     ___   _____     _     ___   _____   ___   ___  
 |_   _| | __| / __| |_   _|   / __| |_   _|   /_\   | _ \ |_   _| | __| |   \ 
   | |   | _|  \__ \   | |     \__ \   | |    / _ \  |   /   | |   | _|  | |) |
   |_|   |___| |___/   |_|     |___/   |_|   /_/ \_\ |_|_\   |_|   |___| |___/ 

Failed register with does not exist email(register;failed-register-with-does-not-exist-email)
--------------------------------------------------------------------------------
22:59:01.249 [main] INFO net.serenitybdd.core.webdriver.driverproviders.ChromeDriverProvider - Starting Chrome driver instance with capabilities:
22:59:01.250 [main] INFO net.serenitybdd.core.webdriver.driverproviders.ChromeDriverProvider - Capabilities {acceptInsecureCerts: false, browserName: chrome, goog:chromeOptions: {args: [remote-allow-origins=*], extensions: []}}
22:59:01.795 [AsyncHttpClient-1-11] DEBUG org.asynchttpclient.netty.channel.NettyConnectListener - Using new Channel '[id: 0xc6ca34bc, L:/127.0.0.1:54269 - R:localhost/127.0.0.1:1808]' for 'POST' to '/session'
22:59:02.452 [AsyncHttpClient-1-11] DEBUG org.asynchttpclient.netty.handler.HttpHandler - 

Request DefaultHttpRequest(decodeResult: success, version: HTTP/1.1)
POST /session HTTP/1.1
User-Agent: selenium/4.8.1 (java windows)
Content-Length: 507
Content-Type: application/json; charset=utf-8
host: localhost:1808
accept: */*

Response DefaultHttpResponse(decodeResult: success, version: HTTP/1.1)
HTTP/1.1 200 OK
Content-Length: 862
Content-Type: application/json; charset=utf-8
cache-control: no-cache

22:59:02.452 [AsyncHttpClient-1-11] DEBUG org.asynchttpclient.netty.channel.ChannelManager - Adding key: http://localhost:1808 for channel [id: 0xc6ca34bc, L:/127.0.0.1:54269 - R:localhost/127.0.0.1:1808]
22:59:02.463 [AsyncHttpClient-1-12] DEBUG org.asynchttpclient.netty.channel.NettyConnectListener - Using new Channel '[id: 0xdc59dd8a, L:/127.0.0.1:54279 - R:localhost/127.0.0.1:54272]' for 'GET' to '/json/version'
22:59:02.464 [AsyncHttpClient-1-12] DEBUG org.asynchttpclient.netty.handler.HttpHandler - 

Request DefaultFullHttpRequest(decodeResult: success, version: HTTP/1.1, content: EmptyByteBufBE)
GET /json/version HTTP/1.1
User-Agent: selenium/4.8.1 (java windows)
host: localhost:54272
accept: */*

Response DefaultHttpResponse(decodeResult: success, version: HTTP/1.1)
HTTP/1.1 200 OK
Content-Security-Policy: frame-ancestors 'none'
Content-Length: 422
Content-Type: application/json; charset=UTF-8

22:59:02.464 [AsyncHttpClient-1-12] DEBUG org.asynchttpclient.netty.channel.ChannelManager - Adding key: http://localhost:54272 for channel [id: 0xdc59dd8a, L:/127.0.0.1:54279 - R:localhost/127.0.0.1:54272]
22:59:02.469 [AsyncHttpClient-1-13] DEBUG org.asynchttpclient.netty.channel.NettyConnectListener - Using new Channel '[id: 0x4dd2dc37, L:/127.0.0.1:54280 - R:localhost/127.0.0.1:54272]' for 'GET' to '/devtools/browser/724bc0bc-ffbd-4675-8bc1-91ea604bbc9e'
22:59:02.472 [AsyncHttpClient-1-13] DEBUG org.asynchttpclient.netty.handler.WebSocketHandler - 

Request DefaultFullHttpRequest(decodeResult: success, version: HTTP/1.1, content: EmptyByteBufBE)
GET /devtools/browser/724bc0bc-ffbd-4675-8bc1-91ea604bbc9e HTTP/1.1
upgrade: websocket
connection: upgrade
sec-websocket-key: 09c/heGEJWDNTgMTUNpb8g==
sec-websocket-version: 13
origin: http://localhost:54272
host: localhost:54272
accept: */*
user-agent: AHC/2.1

Response DefaultHttpResponse(decodeResult: success, version: HTTP/1.1)
HTTP/1.1 101 WebSocket Protocol Handshake
Upgrade: WebSocket
Connection: Upgrade
Sec-WebSocket-Accept: sIxnqeAtu3uP4XIwOWIbarSBov0=

22:59:02.479 [Forwarding get on session 547c81105eacffe065d275a69833c13f to remote] DEBUG org.asynchttpclient.netty.request.NettyRequestSender - Using pooled Channel '[id: 0xc6ca34bc, L:/127.0.0.1:54269 - R:localhost/127.0.0.1:1808]' for 'POST' to 'http://localhost:1808/session/547c81105eacffe065d275a69833c13f/url'
22:59:02.479 [Forwarding get on session 547c81105eacffe065d275a69833c13f to remote] DEBUG org.asynchttpclient.netty.request.NettyRequestSender - Using open Channel [id: 0xc6ca34bc, L:/127.0.0.1:54269 - R:localhost/127.0.0.1:1808] for POST '/session/547c81105eacffe065d275a69833c13f/url'
22:59:03.206 [AsyncHttpClient-1-1] DEBUG org.asynchttpclient.netty.channel.DefaultChannelPool - Entry count for : http://localhost:54272 : 1
22:59:04.032 [AsyncHttpClient-1-11] DEBUG org.asynchttpclient.netty.handler.HttpHandler - 

Request DefaultHttpRequest(decodeResult: success, version: HTTP/1.1)
POST /session/547c81105eacffe065d275a69833c13f/url HTTP/1.1
User-Agent: selenium/4.8.1 (java windows)
Content-Length: 77
Content-Type: application/json; charset=utf-8
host: localhost:1808
accept: */*

Response DefaultHttpResponse(decodeResult: success, version: HTTP/1.1)
HTTP/1.1 200 OK
Content-Length: 14
Content-Type: application/json; charset=utf-8
cache-control: no-cache

22:59:04.033 [AsyncHttpClient-1-11] DEBUG org.asynchttpclient.netty.channel.ChannelManager - Adding key: http://localhost:1808 for channel [id: 0xc6ca34bc, L:/127.0.0.1:54269 - R:localhost/127.0.0.1:1808]
22:59:04.037 [Forwarding setTimeout on session 547c81105eacffe065d275a69833c13f to remote] DEBUG org.asynchttpclient.netty.request.NettyRequestSender - Using pooled Channel '[id: 0xc6ca34bc, L:/127.0.0.1:54269 - R:localhost/127.0.0.1:1808]' for 'POST' to 'http://localhost:1808/session/547c81105eacffe065d275a69833c13f/timeouts'
22:59:04.037 [Forwarding setTimeout on session 547c81105eacffe065d275a69833c13f to remote] DEBUG org.asynchttpclient.netty.request.NettyRequestSender - Using open Channel [id: 0xc6ca34bc, L:/127.0.0.1:54269 - R:localhost/127.0.0.1:1808] for POST '/session/547c81105eacffe065d275a69833c13f/timeouts'
22:59:04.044 [AsyncHttpClient-1-11] DEBUG org.asynchttpclient.netty.handler.HttpHandler - 

Request DefaultHttpRequest(decodeResult: success, version: HTTP/1.1)
POST /session/547c81105eacffe065d275a69833c13f/timeouts HTTP/1.1
User-Agent: selenium/4.8.1 (java windows)
Content-Length: 22
Content-Type: application/json; charset=utf-8
host: localhost:1808
accept: */*

Response DefaultHttpResponse(decodeResult: success, version: HTTP/1.1)
HTTP/1.1 200 OK
Content-Length: 14
Content-Type: application/json; charset=utf-8
cache-control: no-cache

22:59:04.044 [AsyncHttpClient-1-11] DEBUG org.asynchttpclient.netty.channel.ChannelManager - Adding key: http://localhost:1808 for channel [id: 0xc6ca34bc, L:/127.0.0.1:54269 - R:localhost/127.0.0.1:1808]
  &amp#27;[32mGiven &amp#27;[0m&amp#27;[32mI am on the register page&amp#27;[0m                   &amp#27;[90m# starter.stepdefinitions.RegisterSteps.onTheRegisterPage()&amp#27;[0m
22:59:04.065 [Forwarding getAlertText on session 547c81105eacffe065d275a69833c13f to remote] DEBUG org.asynchttpclient.netty.request.NettyRequestSender - Using pooled Channel '[id: 0xc6ca34bc, L:/127.0.0.1:54269 - R:localhost/127.0.0.1:1808]' for 'GET' to 'http://localhost:1808/session/547c81105eacffe065d275a69833c13f/alert/text'
22:59:04.065 [Forwarding getAlertText on session 547c81105eacffe065d275a69833c13f to remote] DEBUG org.asynchttpclient.netty.request.NettyRequestSender - Using open Channel [id: 0xc6ca34bc, L:/127.0.0.1:54269 - R:localhost/127.0.0.1:1808] for GET '/session/547c81105eacffe065d275a69833c13f/alert/text'
22:59:04.069 [AsyncHttpClient-1-11] DEBUG org.asynchttpclient.netty.handler.HttpHandler - 

Request DefaultFullHttpRequest(decodeResult: success, version: HTTP/1.1, content: EmptyByteBufBE)
GET /session/547c81105eacffe065d275a69833c13f/alert/text HTTP/1.1
User-Agent: selenium/4.8.1 (java windows)
Cache-Control: no-cache
Content-Type: application/json; charset=utf-8
host: localhost:1808
accept: */*

Response DefaultHttpResponse(decodeResult: success, version: HTTP/1.1)
HTTP/1.1 404 Not Found
Content-Length: 820
Content-Type: application/json; charset=utf-8
cache-control: no-cache

22:59:04.069 [AsyncHttpClient-1-11] DEBUG org.asynchttpclient.netty.channel.ChannelManager - Adding key: http://localhost:1808 for channel [id: 0xc6ca34bc, L:/127.0.0.1:54269 - R:localhost/127.0.0.1:1808]
22:59:04.072 [Forwarding getCurrentUrl on session 547c81105eacffe065d275a69833c13f to remote] DEBUG org.asynchttpclient.netty.request.NettyRequestSender - Using pooled Channel '[id: 0xc6ca34bc, L:/127.0.0.1:54269 - R:localhost/127.0.0.1:1808]' for 'GET' to 'http://localhost:1808/session/547c81105eacffe065d275a69833c13f/url'
22:59:04.072 [Forwarding getCurrentUrl on session 547c81105eacffe065d275a69833c13f to remote] DEBUG org.asynchttpclient.netty.request.NettyRequestSender - Using open Channel [id: 0xc6ca34bc, L:/127.0.0.1:54269 - R:localhost/127.0.0.1:1808] for GET '/session/547c81105eacffe065d275a69833c13f/url'
22:59:04.088 [AsyncHttpClient-1-11] DEBUG org.asynchttpclient.netty.handler.HttpHandler - 

Request DefaultFullHttpRequest(decodeResult: success, version: HTTP/1.1, content: EmptyByteBufBE)
GET /session/547c81105eacffe065d275a69833c13f/url HTTP/1.1
User-Agent: selenium/4.8.1 (java windows)
Cache-Control: no-cache
Content-Type: application/json; charset=utf-8
host: localhost:1808
accept: */*

Response DefaultHttpResponse(decodeResult: success, version: HTTP/1.1)
HTTP/1.1 200 OK
Content-Length: 54
Content-Type: application/json; charset=utf-8
cache-control: no-cache

22:59:04.089 [AsyncHttpClient-1-11] DEBUG org.asynchttpclient.netty.channel.ChannelManager - Adding key: http://localhost:1808 for channel [id: 0xc6ca34bc, L:/127.0.0.1:54269 - R:localhost/127.0.0.1:1808]
22:59:04.091 [Forwarding screenshot on session 547c81105eacffe065d275a69833c13f to remote] DEBUG org.asynchttpclient.netty.request.NettyRequestSender - Using pooled Channel '[id: 0xc6ca34bc, L:/127.0.0.1:54269 - R:localhost/127.0.0.1:1808]' for 'GET' to 'http://localhost:1808/session/547c81105eacffe065d275a69833c13f/screenshot'
22:59:04.091 [Forwarding screenshot on session 547c81105eacffe065d275a69833c13f to remote] DEBUG org.asynchttpclient.netty.request.NettyRequestSender - Using open Channel [id: 0xc6ca34bc, L:/127.0.0.1:54269 - R:localhost/127.0.0.1:1808] for GET '/session/547c81105eacffe065d275a69833c13f/screenshot'
22:59:04.289 [AsyncHttpClient-1-11] DEBUG org.asynchttpclient.netty.handler.HttpHandler - 

Request DefaultFullHttpRequest(decodeResult: success, version: HTTP/1.1, content: EmptyByteBufBE)
GET /session/547c81105eacffe065d275a69833c13f/screenshot HTTP/1.1
User-Agent: selenium/4.8.1 (java windows)
Cache-Control: no-cache
Content-Type: application/json; charset=utf-8
host: localhost:1808
accept: */*

Response DefaultHttpResponse(decodeResult: success, version: HTTP/1.1)
HTTP/1.1 200 OK
Content-Length: 37444
Content-Type: application/json; charset=utf-8
cache-control: no-cache

22:59:04.290 [AsyncHttpClient-1-11] DEBUG org.asynchttpclient.netty.channel.ChannelManager - Adding key: http://localhost:1808 for channel [id: 0xc6ca34bc, L:/127.0.0.1:54269 - R:localhost/127.0.0.1:1808]
22:59:04.293 [main] DEBUG net.serenitybdd.core.photography.Darkroom - Send negative for processing for target\site\serenity\bda57162176918dbc601e790e561e44d98a21e455d3cfdc3a3a0d433ec37e6f1.png
22:59:04.300 [Forwarding getPageSource on session 547c81105eacffe065d275a69833c13f to remote] DEBUG org.asynchttpclient.netty.request.NettyRequestSender - Using pooled Channel '[id: 0xc6ca34bc, L:/127.0.0.1:54269 - R:localhost/127.0.0.1:1808]' for 'POST' to 'http://localhost:1808/session/547c81105eacffe065d275a69833c13f/execute/sync'
22:59:04.300 [Forwarding getPageSource on session 547c81105eacffe065d275a69833c13f to remote] DEBUG org.asynchttpclient.netty.request.NettyRequestSender - Using open Channel [id: 0xc6ca34bc, L:/127.0.0.1:54269 - R:localhost/127.0.0.1:1808] for POST '/session/547c81105eacffe065d275a69833c13f/execute/sync'
22:59:04.307 [AsyncHttpClient-1-1] DEBUG org.asynchttpclient.netty.channel.DefaultChannelPool - Entry count for : http://localhost:54272 : 1
22:59:04.310 [AsyncHttpClient-1-11] DEBUG org.asynchttpclient.netty.handler.HttpHandler - 

Request DefaultHttpRequest(decodeResult: success, version: HTTP/1.1)
POST /session/547c81105eacffe065d275a69833c13f/execute/sync HTTP/1.1
User-Agent: selenium/4.8.1 (java windows)
Content-Length: 176
Content-Type: application/json; charset=utf-8
host: localhost:1808
accept: */*

Response DefaultHttpResponse(decodeResult: success, version: HTTP/1.1)
HTTP/1.1 200 OK
Content-Length: 22234
Content-Type: application/json; charset=utf-8
cache-control: no-cache

22:59:04.310 [AsyncHttpClient-1-11] DEBUG org.asynchttpclient.netty.channel.ChannelManager - Adding key: http://localhost:1808 for channel [id: 0xc6ca34bc, L:/127.0.0.1:54269 - R:localhost/127.0.0.1:1808]
22:59:04.313 [Forwarding getCurrentUrl on session 547c81105eacffe065d275a69833c13f to remote] DEBUG org.asynchttpclient.netty.request.NettyRequestSender - Using pooled Channel '[id: 0xc6ca34bc, L:/127.0.0.1:54269 - R:localhost/127.0.0.1:1808]' for 'GET' to 'http://localhost:1808/session/547c81105eacffe065d275a69833c13f/url'
22:59:04.313 [Forwarding getCurrentUrl on session 547c81105eacffe065d275a69833c13f to remote] DEBUG org.asynchttpclient.netty.request.NettyRequestSender - Using open Channel [id: 0xc6ca34bc, L:/127.0.0.1:54269 - R:localhost/127.0.0.1:1808] for GET '/session/547c81105eacffe065d275a69833c13f/url'
22:59:04.319 [AsyncHttpClient-1-11] DEBUG org.asynchttpclient.netty.handler.HttpHandler - 

Request DefaultFullHttpRequest(decodeResult: success, version: HTTP/1.1, content: EmptyByteBufBE)
GET /session/547c81105eacffe065d275a69833c13f/url HTTP/1.1
User-Agent: selenium/4.8.1 (java windows)
Cache-Control: no-cache
Content-Type: application/json; charset=utf-8
host: localhost:1808
accept: */*

Response DefaultHttpResponse(decodeResult: success, version: HTTP/1.1)
HTTP/1.1 200 OK
Content-Length: 54
Content-Type: application/json; charset=utf-8
cache-control: no-cache

22:59:04.319 [AsyncHttpClient-1-11] DEBUG org.asynchttpclient.netty.channel.ChannelManager - Adding key: http://localhost:1808 for channel [id: 0xc6ca34bc, L:/127.0.0.1:54269 - R:localhost/127.0.0.1:1808]
22:59:04.327 [Forwarding getPageSource on session 547c81105eacffe065d275a69833c13f to remote] DEBUG org.asynchttpclient.netty.request.NettyRequestSender - Using pooled Channel '[id: 0xc6ca34bc, L:/127.0.0.1:54269 - R:localhost/127.0.0.1:1808]' for 'POST' to 'http://localhost:1808/session/547c81105eacffe065d275a69833c13f/execute/sync'
22:59:04.327 [Forwarding getPageSource on session 547c81105eacffe065d275a69833c13f to remote] DEBUG org.asynchttpclient.netty.request.NettyRequestSender - Using open Channel [id: 0xc6ca34bc, L:/127.0.0.1:54269 - R:localhost/127.0.0.1:1808] for POST '/session/547c81105eacffe065d275a69833c13f/execute/sync'
22:59:04.335 [AsyncHttpClient-1-11] DEBUG org.asynchttpclient.netty.handler.HttpHandler - 

Request DefaultHttpRequest(decodeResult: success, version: HTTP/1.1)
POST /session/547c81105eacffe065d275a69833c13f/execute/sync HTTP/1.1
User-Agent: selenium/4.8.1 (java windows)
Content-Length: 176
Content-Type: application/json; charset=utf-8
host: localhost:1808
accept: */*

Response DefaultHttpResponse(decodeResult: success, version: HTTP/1.1)
HTTP/1.1 200 OK
Content-Length: 22234
Content-Type: application/json; charset=utf-8
cache-control: no-cache

22:59:04.335 [AsyncHttpClient-1-11] DEBUG org.asynchttpclient.netty.channel.ChannelManager - Adding key: http://localhost:1808 for channel [id: 0xc6ca34bc, L:/127.0.0.1:54269 - R:localhost/127.0.0.1:1808]
22:59:04.340 [Forwarding getCurrentUrl on session 547c81105eacffe065d275a69833c13f to remote] DEBUG org.asynchttpclient.netty.request.NettyRequestSender - Using pooled Channel '[id: 0xc6ca34bc, L:/127.0.0.1:54269 - R:localhost/127.0.0.1:1808]' for 'GET' to 'http://localhost:1808/session/547c81105eacffe065d275a69833c13f/url'
22:59:04.340 [Forwarding getCurrentUrl on session 547c81105eacffe065d275a69833c13f to remote] DEBUG org.asynchttpclient.netty.request.NettyRequestSender - Using open Channel [id: 0xc6ca34bc, L:/127.0.0.1:54269 - R:localhost/127.0.0.1:1808] for GET '/session/547c81105eacffe065d275a69833c13f/url'
22:59:04.347 [AsyncHttpClient-1-11] DEBUG org.asynchttpclient.netty.handler.HttpHandler - 

Request DefaultFullHttpRequest(decodeResult: success, version: HTTP/1.1, content: EmptyByteBufBE)
GET /session/547c81105eacffe065d275a69833c13f/url HTTP/1.1
User-Agent: selenium/4.8.1 (java windows)
Cache-Control: no-cache
Content-Type: application/json; charset=utf-8
host: localhost:1808
accept: */*

Response DefaultHttpResponse(decodeResult: success, version: HTTP/1.1)
HTTP/1.1 200 OK
Content-Length: 54
Content-Type: application/json; charset=utf-8
cache-control: no-cache

22:59:04.347 [AsyncHttpClient-1-11] DEBUG org.asynchttpclient.netty.channel.ChannelManager - Adding key: http://localhost:1808 for channel [id: 0xc6ca34bc, L:/127.0.0.1:54269 - R:localhost/127.0.0.1:1808]
22:59:04.349 [main] DEBUG net.thucydides.core.steps.StepInterceptor - STARTING STEP: RegisterSteps.enterFullName - inputFullName
22:59:04.351 [Forwarding findElement on session 547c81105eacffe065d275a69833c13f to remote] DEBUG org.asynchttpclient.netty.request.NettyRequestSender - Using pooled Channel '[id: 0xc6ca34bc, L:/127.0.0.1:54269 - R:localhost/127.0.0.1:1808]' for 'POST' to 'http://localhost:1808/session/547c81105eacffe065d275a69833c13f/element'
22:59:04.351 [Forwarding findElement on session 547c81105eacffe065d275a69833c13f to remote] DEBUG org.asynchttpclient.netty.request.NettyRequestSender - Using open Channel [id: 0xc6ca34bc, L:/127.0.0.1:54269 - R:localhost/127.0.0.1:1808] for POST '/session/547c81105eacffe065d275a69833c13f/element'
22:59:04.368 [AsyncHttpClient-1-11] DEBUG org.asynchttpclient.netty.handler.HttpHandler - 

Request DefaultHttpRequest(decodeResult: success, version: HTTP/1.1)
POST /session/547c81105eacffe065d275a69833c13f/element HTTP/1.1
User-Agent: selenium/4.8.1 (java windows)
Content-Length: 55
Content-Type: application/json; charset=utf-8
host: localhost:1808
accept: */*

Response DefaultHttpResponse(decodeResult: success, version: HTTP/1.1)
HTTP/1.1 200 OK
Content-Length: 94
Content-Type: application/json; charset=utf-8
cache-control: no-cache

22:59:04.368 [AsyncHttpClient-1-11] DEBUG org.asynchttpclient.netty.channel.ChannelManager - Adding key: http://localhost:1808 for channel [id: 0xc6ca34bc, L:/127.0.0.1:54269 - R:localhost/127.0.0.1:1808]
22:59:04.369 [Forwarding clearElement on session 547c81105eacffe065d275a69833c13f to remote] DEBUG org.asynchttpclient.netty.request.NettyRequestSender - Using pooled Channel '[id: 0xc6ca34bc, L:/127.0.0.1:54269 - R:localhost/127.0.0.1:1808]' for 'POST' to 'http://localhost:1808/session/547c81105eacffe065d275a69833c13f/element/B29B11E657B87B4C38473498D58B2097_element_7/clear'
22:59:04.369 [Forwarding clearElement on session 547c81105eacffe065d275a69833c13f to remote] DEBUG org.asynchttpclient.netty.request.NettyRequestSender - Using open Channel [id: 0xc6ca34bc, L:/127.0.0.1:54269 - R:localhost/127.0.0.1:1808] for POST '/session/547c81105eacffe065d275a69833c13f/element/B29B11E657B87B4C38473498D58B2097_element_7/clear'
22:59:04.417 [AsyncHttpClient-1-11] DEBUG org.asynchttpclient.netty.handler.HttpHandler - 

Request DefaultHttpRequest(decodeResult: success, version: HTTP/1.1)
POST /session/547c81105eacffe065d275a69833c13f/element/B29B11E657B87B4C38473498D58B2097_element_7/clear HTTP/1.1
User-Agent: selenium/4.8.1 (java windows)
Content-Length: 56
Content-Type: application/json; charset=utf-8
host: localhost:1808
accept: */*

Response DefaultHttpResponse(decodeResult: success, version: HTTP/1.1)
HTTP/1.1 200 OK
Content-Length: 14
Content-Type: application/json; charset=utf-8
cache-control: no-cache

22:59:04.418 [AsyncHttpClient-1-11] DEBUG org.asynchttpclient.netty.channel.ChannelManager - Adding key: http://localhost:1808 for channel [id: 0xc6ca34bc, L:/127.0.0.1:54269 - R:localhost/127.0.0.1:1808]
22:59:04.419 [Forwarding sendKeysToElement on session 547c81105eacffe065d275a69833c13f to remote] DEBUG org.asynchttpclient.netty.request.NettyRequestSender - Using pooled Channel '[id: 0xc6ca34bc, L:/127.0.0.1:54269 - R:localhost/127.0.0.1:1808]' for 'POST' to 'http://localhost:1808/session/547c81105eacffe065d275a69833c13f/element/B29B11E657B87B4C38473498D58B2097_element_7/value'
22:59:04.419 [Forwarding sendKeysToElement on session 547c81105eacffe065d275a69833c13f to remote] DEBUG org.asynchttpclient.netty.request.NettyRequestSender - Using open Channel [id: 0xc6ca34bc, L:/127.0.0.1:54269 - R:localhost/127.0.0.1:1808] for POST '/session/547c81105eacffe065d275a69833c13f/element/B29B11E657B87B4C38473498D58B2097_element_7/value'
22:59:04.540 [AsyncHttpClient-1-11] DEBUG org.asynchttpclient.netty.handler.HttpHandler - 

Request DefaultHttpRequest(decodeResult: success, version: HTTP/1.1)
POST /session/547c81105eacffe065d275a69833c13f/element/B29B11E657B87B4C38473498D58B2097_element_7/value HTTP/1.1
User-Agent: selenium/4.8.1 (java windows)
Content-Length: 197
Content-Type: application/json; charset=utf-8
host: localhost:1808
accept: */*

Response DefaultHttpResponse(decodeResult: success, version: HTTP/1.1)
HTTP/1.1 200 OK
Content-Length: 14
Content-Type: application/json; charset=utf-8
cache-control: no-cache

22:59:04.541 [AsyncHttpClient-1-11] DEBUG org.asynchttpclient.netty.channel.ChannelManager - Adding key: http://localhost:1808 for channel [id: 0xc6ca34bc, L:/127.0.0.1:54269 - R:localhost/127.0.0.1:1808]
22:59:04.548 [Forwarding getAlertText on session 547c81105eacffe065d275a69833c13f to remote] DEBUG org.asynchttpclient.netty.request.NettyRequestSender - Using pooled Channel '[id: 0xc6ca34bc, L:/127.0.0.1:54269 - R:localhost/127.0.0.1:1808]' for 'GET' to 'http://localhost:1808/session/547c81105eacffe065d275a69833c13f/alert/text'
22:59:04.548 [Forwarding getAlertText on session 547c81105eacffe065d275a69833c13f to remote] DEBUG org.asynchttpclient.netty.request.NettyRequestSender - Using open Channel [id: 0xc6ca34bc, L:/127.0.0.1:54269 - R:localhost/127.0.0.1:1808] for GET '/session/547c81105eacffe065d275a69833c13f/alert/text'
22:59:04.550 [AsyncHttpClient-1-11] DEBUG org.asynchttpclient.netty.handler.HttpHandler - 

Request DefaultFullHttpRequest(decodeResult: success, version: HTTP/1.1, content: EmptyByteBufBE)
GET /session/547c81105eacffe065d275a69833c13f/alert/text HTTP/1.1
User-Agent: selenium/4.8.1 (java windows)
Cache-Control: no-cache
Content-Type: application/json; charset=utf-8
host: localhost:1808
accept: */*

Response DefaultHttpResponse(decodeResult: success, version: HTTP/1.1)
HTTP/1.1 404 Not Found
Content-Length: 820
Content-Type: application/json; charset=utf-8
cache-control: no-cache

22:59:04.551 [AsyncHttpClient-1-11] DEBUG org.asynchttpclient.netty.channel.ChannelManager - Adding key: http://localhost:1808 for channel [id: 0xc6ca34bc, L:/127.0.0.1:54269 - R:localhost/127.0.0.1:1808]
22:59:04.552 [Forwarding getCurrentUrl on session 547c81105eacffe065d275a69833c13f to remote] DEBUG org.asynchttpclient.netty.request.NettyRequestSender - Using pooled Channel '[id: 0xc6ca34bc, L:/127.0.0.1:54269 - R:localhost/127.0.0.1:1808]' for 'GET' to 'http://localhost:1808/session/547c81105eacffe065d275a69833c13f/url'
22:59:04.552 [Forwarding getCurrentUrl on session 547c81105eacffe065d275a69833c13f to remote] DEBUG org.asynchttpclient.netty.request.NettyRequestSender - Using open Channel [id: 0xc6ca34bc, L:/127.0.0.1:54269 - R:localhost/127.0.0.1:1808] for GET '/session/547c81105eacffe065d275a69833c13f/url'
22:59:04.560 [AsyncHttpClient-1-11] DEBUG org.asynchttpclient.netty.handler.HttpHandler - 

Request DefaultFullHttpRequest(decodeResult: success, version: HTTP/1.1, content: EmptyByteBufBE)
GET /session/547c81105eacffe065d275a69833c13f/url HTTP/1.1
User-Agent: selenium/4.8.1 (java windows)
Cache-Control: no-cache
Content-Type: application/json; charset=utf-8
host: localhost:1808
accept: */*

Response DefaultHttpResponse(decodeResult: success, version: HTTP/1.1)
HTTP/1.1 200 OK
Content-Length: 54
Content-Type: application/json; charset=utf-8
cache-control: no-cache

22:59:04.560 [AsyncHttpClient-1-11] DEBUG org.asynchttpclient.netty.channel.ChannelManager - Adding key: http://localhost:1808 for channel [id: 0xc6ca34bc, L:/127.0.0.1:54269 - R:localhost/127.0.0.1:1808]
22:59:04.561 [Forwarding screenshot on session 547c81105eacffe065d275a69833c13f to remote] DEBUG org.asynchttpclient.netty.request.NettyRequestSender - Using pooled Channel '[id: 0xc6ca34bc, L:/127.0.0.1:54269 - R:localhost/127.0.0.1:1808]' for 'GET' to 'http://localhost:1808/session/547c81105eacffe065d275a69833c13f/screenshot'
22:59:04.561 [Forwarding screenshot on session 547c81105eacffe065d275a69833c13f to remote] DEBUG org.asynchttpclient.netty.request.NettyRequestSender - Using open Channel [id: 0xc6ca34bc, L:/127.0.0.1:54269 - R:localhost/127.0.0.1:1808] for GET '/session/547c81105eacffe065d275a69833c13f/screenshot'
22:59:04.848 [AsyncHttpClient-1-11] DEBUG org.asynchttpclient.netty.handler.HttpHandler - 

Request DefaultFullHttpRequest(decodeResult: success, version: HTTP/1.1, content: EmptyByteBufBE)
GET /session/547c81105eacffe065d275a69833c13f/screenshot HTTP/1.1
User-Agent: selenium/4.8.1 (java windows)
Cache-Control: no-cache
Content-Type: application/json; charset=utf-8
host: localhost:1808
accept: */*

Response DefaultHttpResponse(decodeResult: success, version: HTTP/1.1)
HTTP/1.1 200 OK
Content-Length: 40856
Content-Type: application/json; charset=utf-8
cache-control: no-cache

22:59:04.848 [AsyncHttpClient-1-11] DEBUG org.asynchttpclient.netty.channel.ChannelManager - Adding key: http://localhost:1808 for channel [id: 0xc6ca34bc, L:/127.0.0.1:54269 - R:localhost/127.0.0.1:1808]
22:59:04.851 [main] DEBUG net.serenitybdd.core.photography.Darkroom - Send negative for processing for target\site\serenity\6cca7b1f212680abaeb240764fe48948e4174bf9c9c04e914ba8c4ce13df986b.png
22:59:04.851 [main] DEBUG net.thucydides.core.steps.StepInterceptor - STEP DONE: inputFullName
22:59:04.851 [Darkroom Processing Line] DEBUG net.serenitybdd.core.photography.DarkroomProcessingLine - Processing screenshot image in /var/screenshots/screenshot-6523002926314948756
22:59:04.851 [Darkroom Processing Line] DEBUG net.serenitybdd.core.photography.DarkroomProcessingLine - Saving screenshot to target\site\serenity\6cca7b1f212680abaeb240764fe48948e4174bf9c9c04e914ba8c4ce13df986b.png
  &amp#27;[32mWhen &amp#27;[0m&amp#27;[32mI enter full name&amp#27;[0m                            &amp#27;[90m# starter.stepdefinitions.RegisterSteps.enterFullName()&amp#27;[0m
22:59:04.865 [Forwarding getPageSource on session 547c81105eacffe065d275a69833c13f to remote] DEBUG org.asynchttpclient.netty.request.NettyRequestSender - Using pooled Channel '[id: 0xc6ca34bc, L:/127.0.0.1:54269 - R:localhost/127.0.0.1:1808]' for 'POST' to 'http://localhost:1808/session/547c81105eacffe065d275a69833c13f/execute/sync'
22:59:04.865 [Forwarding getPageSource on session 547c81105eacffe065d275a69833c13f to remote] DEBUG org.asynchttpclient.netty.request.NettyRequestSender - Using open Channel [id: 0xc6ca34bc, L:/127.0.0.1:54269 - R:localhost/127.0.0.1:1808] for POST '/session/547c81105eacffe065d275a69833c13f/execute/sync'
22:59:04.877 [AsyncHttpClient-1-11] DEBUG org.asynchttpclient.netty.handler.HttpHandler - 

Request DefaultHttpRequest(decodeResult: success, version: HTTP/1.1)
POST /session/547c81105eacffe065d275a69833c13f/execute/sync HTTP/1.1
User-Agent: selenium/4.8.1 (java windows)
Content-Length: 176
Content-Type: application/json; charset=utf-8
host: localhost:1808
accept: */*

Response DefaultHttpResponse(decodeResult: success, version: HTTP/1.1)
HTTP/1.1 200 OK
Content-Length: 22355
Content-Type: application/json; charset=utf-8
cache-control: no-cache

22:59:04.877 [AsyncHttpClient-1-11] DEBUG org.asynchttpclient.netty.channel.ChannelManager - Adding key: http://localhost:1808 for channel [id: 0xc6ca34bc, L:/127.0.0.1:54269 - R:localhost/127.0.0.1:1808]
22:59:04.881 [Forwarding getCurrentUrl on session 547c81105eacffe065d275a69833c13f to remote] DEBUG org.asynchttpclient.netty.request.NettyRequestSender - Using pooled Channel '[id: 0xc6ca34bc, L:/127.0.0.1:54269 - R:localhost/127.0.0.1:1808]' for 'GET' to 'http://localhost:1808/session/547c81105eacffe065d275a69833c13f/url'
22:59:04.881 [Forwarding getCurrentUrl on session 547c81105eacffe065d275a69833c13f to remote] DEBUG org.asynchttpclient.netty.request.NettyRequestSender - Using open Channel [id: 0xc6ca34bc, L:/127.0.0.1:54269 - R:localhost/127.0.0.1:1808] for GET '/session/547c81105eacffe065d275a69833c13f/url'
22:59:04.889 [AsyncHttpClient-1-11] DEBUG org.asynchttpclient.netty.handler.HttpHandler - 

Request DefaultFullHttpRequest(decodeResult: success, version: HTTP/1.1, content: EmptyByteBufBE)
GET /session/547c81105eacffe065d275a69833c13f/url HTTP/1.1
User-Agent: selenium/4.8.1 (java windows)
Cache-Control: no-cache
Content-Type: application/json; charset=utf-8
host: localhost:1808
accept: */*

Response DefaultHttpResponse(decodeResult: success, version: HTTP/1.1)
HTTP/1.1 200 OK
Content-Length: 54
Content-Type: application/json; charset=utf-8
cache-control: no-cache

22:59:04.889 [AsyncHttpClient-1-11] DEBUG org.asynchttpclient.netty.channel.ChannelManager - Adding key: http://localhost:1808 for channel [id: 0xc6ca34bc, L:/127.0.0.1:54269 - R:localhost/127.0.0.1:1808]
22:59:04.898 [Forwarding getPageSource on session 547c81105eacffe065d275a69833c13f to remote] DEBUG org.asynchttpclient.netty.request.NettyRequestSender - Using pooled Channel '[id: 0xc6ca34bc, L:/127.0.0.1:54269 - R:localhost/127.0.0.1:1808]' for 'POST' to 'http://localhost:1808/session/547c81105eacffe065d275a69833c13f/execute/sync'
22:59:04.898 [Forwarding getPageSource on session 547c81105eacffe065d275a69833c13f to remote] DEBUG org.asynchttpclient.netty.request.NettyRequestSender - Using open Channel [id: 0xc6ca34bc, L:/127.0.0.1:54269 - R:localhost/127.0.0.1:1808] for POST '/session/547c81105eacffe065d275a69833c13f/execute/sync'
22:59:04.908 [AsyncHttpClient-1-11] DEBUG org.asynchttpclient.netty.handler.HttpHandler - 

Request DefaultHttpRequest(decodeResult: success, version: HTTP/1.1)
POST /session/547c81105eacffe065d275a69833c13f/execute/sync HTTP/1.1
User-Agent: selenium/4.8.1 (java windows)
Content-Length: 176
Content-Type: application/json; charset=utf-8
host: localhost:1808
accept: */*

Response DefaultHttpResponse(decodeResult: success, version: HTTP/1.1)
HTTP/1.1 200 OK
Content-Length: 22355
Content-Type: application/json; charset=utf-8
cache-control: no-cache

22:59:04.908 [AsyncHttpClient-1-11] DEBUG org.asynchttpclient.netty.channel.ChannelManager - Adding key: http://localhost:1808 for channel [id: 0xc6ca34bc, L:/127.0.0.1:54269 - R:localhost/127.0.0.1:1808]
22:59:04.912 [Forwarding getCurrentUrl on session 547c81105eacffe065d275a69833c13f to remote] DEBUG org.asynchttpclient.netty.request.NettyRequestSender - Using pooled Channel '[id: 0xc6ca34bc, L:/127.0.0.1:54269 - R:localhost/127.0.0.1:1808]' for 'GET' to 'http://localhost:1808/session/547c81105eacffe065d275a69833c13f/url'
22:59:04.912 [Forwarding getCurrentUrl on session 547c81105eacffe065d275a69833c13f to remote] DEBUG org.asynchttpclient.netty.request.NettyRequestSender - Using open Channel [id: 0xc6ca34bc, L:/127.0.0.1:54269 - R:localhost/127.0.0.1:1808] for GET '/session/547c81105eacffe065d275a69833c13f/url'
22:59:04.919 [AsyncHttpClient-1-11] DEBUG org.asynchttpclient.netty.handler.HttpHandler - 

Request DefaultFullHttpRequest(decodeResult: success, version: HTTP/1.1, content: EmptyByteBufBE)
GET /session/547c81105eacffe065d275a69833c13f/url HTTP/1.1
User-Agent: selenium/4.8.1 (java windows)
Cache-Control: no-cache
Content-Type: application/json; charset=utf-8
host: localhost:1808
accept: */*

Response DefaultHttpResponse(decodeResult: success, version: HTTP/1.1)
HTTP/1.1 200 OK
Content-Length: 54
Content-Type: application/json; charset=utf-8
cache-control: no-cache

22:59:04.919 [AsyncHttpClient-1-11] DEBUG org.asynchttpclient.netty.channel.ChannelManager - Adding key: http://localhost:1808 for channel [id: 0xc6ca34bc, L:/127.0.0.1:54269 - R:localhost/127.0.0.1:1808]
22:59:04.921 [main] DEBUG net.thucydides.core.steps.StepInterceptor - STARTING STEP: RegisterSteps.enterDoesNotExistEmail - inputDoesNotExistEmail
22:59:04.923 [Forwarding findElement on session 547c81105eacffe065d275a69833c13f to remote] DEBUG org.asynchttpclient.netty.request.NettyRequestSender - Using pooled Channel '[id: 0xc6ca34bc, L:/127.0.0.1:54269 - R:localhost/127.0.0.1:1808]' for 'POST' to 'http://localhost:1808/session/547c81105eacffe065d275a69833c13f/element'
22:59:04.923 [Forwarding findElement on session 547c81105eacffe065d275a69833c13f to remote] DEBUG org.asynchttpclient.netty.request.NettyRequestSender - Using open Channel [id: 0xc6ca34bc, L:/127.0.0.1:54269 - R:localhost/127.0.0.1:1808] for POST '/session/547c81105eacffe065d275a69833c13f/element'
22:59:04.945 [AsyncHttpClient-1-11] DEBUG org.asynchttpclient.netty.handler.HttpHandler - 

Request DefaultHttpRequest(decodeResult: success, version: HTTP/1.1)
POST /session/547c81105eacffe065d275a69833c13f/element HTTP/1.1
User-Agent: selenium/4.8.1 (java windows)
Content-Length: 55
Content-Type: application/json; charset=utf-8
host: localhost:1808
accept: */*

Response DefaultHttpResponse(decodeResult: success, version: HTTP/1.1)
HTTP/1.1 200 OK
Content-Length: 94
Content-Type: application/json; charset=utf-8
cache-control: no-cache

22:59:04.945 [AsyncHttpClient-1-11] DEBUG org.asynchttpclient.netty.channel.ChannelManager - Adding key: http://localhost:1808 for channel [id: 0xc6ca34bc, L:/127.0.0.1:54269 - R:localhost/127.0.0.1:1808]
22:59:04.946 [Forwarding clearElement on session 547c81105eacffe065d275a69833c13f to remote] DEBUG org.asynchttpclient.netty.request.NettyRequestSender - Using pooled Channel '[id: 0xc6ca34bc, L:/127.0.0.1:54269 - R:localhost/127.0.0.1:1808]' for 'POST' to 'http://localhost:1808/session/547c81105eacffe065d275a69833c13f/element/B29B11E657B87B4C38473498D58B2097_element_9/clear'
22:59:04.946 [Forwarding clearElement on session 547c81105eacffe065d275a69833c13f to remote] DEBUG org.asynchttpclient.netty.request.NettyRequestSender - Using open Channel [id: 0xc6ca34bc, L:/127.0.0.1:54269 - R:localhost/127.0.0.1:1808] for POST '/session/547c81105eacffe065d275a69833c13f/element/B29B11E657B87B4C38473498D58B2097_element_9/clear'
22:59:04.992 [AsyncHttpClient-1-11] DEBUG org.asynchttpclient.netty.handler.HttpHandler - 

Request DefaultHttpRequest(decodeResult: success, version: HTTP/1.1)
POST /session/547c81105eacffe065d275a69833c13f/element/B29B11E657B87B4C38473498D58B2097_element_9/clear HTTP/1.1
User-Agent: selenium/4.8.1 (java windows)
Content-Length: 56
Content-Type: application/json; charset=utf-8
host: localhost:1808
accept: */*

Response DefaultHttpResponse(decodeResult: success, version: HTTP/1.1)
HTTP/1.1 200 OK
Content-Length: 14
Content-Type: application/json; charset=utf-8
cache-control: no-cache

22:59:04.993 [AsyncHttpClient-1-11] DEBUG org.asynchttpclient.netty.channel.ChannelManager - Adding key: http://localhost:1808 for channel [id: 0xc6ca34bc, L:/127.0.0.1:54269 - R:localhost/127.0.0.1:1808]
22:59:04.996 [Forwarding sendKeysToElement on session 547c81105eacffe065d275a69833c13f to remote] DEBUG org.asynchttpclient.netty.request.NettyRequestSender - Using pooled Channel '[id: 0xc6ca34bc, L:/127.0.0.1:54269 - R:localhost/127.0.0.1:1808]' for 'POST' to 'http://localhost:1808/session/547c81105eacffe065d275a69833c13f/element/B29B11E657B87B4C38473498D58B2097_element_9/value'
22:59:04.996 [Forwarding sendKeysToElement on session 547c81105eacffe065d275a69833c13f to remote] DEBUG org.asynchttpclient.netty.request.NettyRequestSender - Using open Channel [id: 0xc6ca34bc, L:/127.0.0.1:54269 - R:localhost/127.0.0.1:1808] for POST '/session/547c81105eacffe065d275a69833c13f/element/B29B11E657B87B4C38473498D58B2097_element_9/value'
22:59:05.399 [AsyncHttpClient-1-1] DEBUG org.asynchttpclient.netty.channel.DefaultChannelPool - Entry count for : http://localhost:54272 : 1
22:59:05.413 [AsyncHttpClient-1-11] DEBUG org.asynchttpclient.netty.handler.HttpHandler - 

Request DefaultHttpRequest(decodeResult: success, version: HTTP/1.1)
POST /session/547c81105eacffe065d275a69833c13f/element/B29B11E657B87B4C38473498D58B2097_element_9/value HTTP/1.1
User-Agent: selenium/4.8.1 (java windows)
Content-Length: 387
Content-Type: application/json; charset=utf-8
host: localhost:1808
accept: */*

Response DefaultHttpResponse(decodeResult: success, version: HTTP/1.1)
HTTP/1.1 200 OK
Content-Length: 14
Content-Type: application/json; charset=utf-8
cache-control: no-cache

22:59:05.413 [AsyncHttpClient-1-11] DEBUG org.asynchttpclient.netty.channel.ChannelManager - Adding key: http://localhost:1808 for channel [id: 0xc6ca34bc, L:/127.0.0.1:54269 - R:localhost/127.0.0.1:1808]
22:59:05.420 [Forwarding getAlertText on session 547c81105eacffe065d275a69833c13f to remote] DEBUG org.asynchttpclient.netty.request.NettyRequestSender - Using pooled Channel '[id: 0xc6ca34bc, L:/127.0.0.1:54269 - R:localhost/127.0.0.1:1808]' for 'GET' to 'http://localhost:1808/session/547c81105eacffe065d275a69833c13f/alert/text'
22:59:05.420 [Forwarding getAlertText on session 547c81105eacffe065d275a69833c13f to remote] DEBUG org.asynchttpclient.netty.request.NettyRequestSender - Using open Channel [id: 0xc6ca34bc, L:/127.0.0.1:54269 - R:localhost/127.0.0.1:1808] for GET '/session/547c81105eacffe065d275a69833c13f/alert/text'
22:59:05.422 [AsyncHttpClient-1-11] DEBUG org.asynchttpclient.netty.handler.HttpHandler - 

Request DefaultFullHttpRequest(decodeResult: success, version: HTTP/1.1, content: EmptyByteBufBE)
GET /session/547c81105eacffe065d275a69833c13f/alert/text HTTP/1.1
User-Agent: selenium/4.8.1 (java windows)
Cache-Control: no-cache
Content-Type: application/json; charset=utf-8
host: localhost:1808
accept: */*

Response DefaultHttpResponse(decodeResult: success, version: HTTP/1.1)
HTTP/1.1 404 Not Found
Content-Length: 820
Content-Type: application/json; charset=utf-8
cache-control: no-cache

22:59:05.423 [AsyncHttpClient-1-11] DEBUG org.asynchttpclient.netty.channel.ChannelManager - Adding key: http://localhost:1808 for channel [id: 0xc6ca34bc, L:/127.0.0.1:54269 - R:localhost/127.0.0.1:1808]
22:59:05.424 [Forwarding getCurrentUrl on session 547c81105eacffe065d275a69833c13f to remote] DEBUG org.asynchttpclient.netty.request.NettyRequestSender - Using pooled Channel '[id: 0xc6ca34bc, L:/127.0.0.1:54269 - R:localhost/127.0.0.1:1808]' for 'GET' to 'http://localhost:1808/session/547c81105eacffe065d275a69833c13f/url'
22:59:05.424 [Forwarding getCurrentUrl on session 547c81105eacffe065d275a69833c13f to remote] DEBUG org.asynchttpclient.netty.request.NettyRequestSender - Using open Channel [id: 0xc6ca34bc, L:/127.0.0.1:54269 - R:localhost/127.0.0.1:1808] for GET '/session/547c81105eacffe065d275a69833c13f/url'
22:59:05.436 [AsyncHttpClient-1-11] DEBUG org.asynchttpclient.netty.handler.HttpHandler - 

Request DefaultFullHttpRequest(decodeResult: success, version: HTTP/1.1, content: EmptyByteBufBE)
GET /session/547c81105eacffe065d275a69833c13f/url HTTP/1.1
User-Agent: selenium/4.8.1 (java windows)
Cache-Control: no-cache
Content-Type: application/json; charset=utf-8
host: localhost:1808
accept: */*

Response DefaultHttpResponse(decodeResult: success, version: HTTP/1.1)
HTTP/1.1 200 OK
Content-Length: 54
Content-Type: application/json; charset=utf-8
cache-control: no-cache

22:59:05.436 [AsyncHttpClient-1-11] DEBUG org.asynchttpclient.netty.channel.ChannelManager - Adding key: http://localhost:1808 for channel [id: 0xc6ca34bc, L:/127.0.0.1:54269 - R:localhost/127.0.0.1:1808]
22:59:05.437 [Forwarding screenshot on session 547c81105eacffe065d275a69833c13f to remote] DEBUG org.asynchttpclient.netty.request.NettyRequestSender - Using pooled Channel '[id: 0xc6ca34bc, L:/127.0.0.1:54269 - R:localhost/127.0.0.1:1808]' for 'GET' to 'http://localhost:1808/session/547c81105eacffe065d275a69833c13f/screenshot'
22:59:05.437 [Forwarding screenshot on session 547c81105eacffe065d275a69833c13f to remote] DEBUG org.asynchttpclient.netty.request.NettyRequestSender - Using open Channel [id: 0xc6ca34bc, L:/127.0.0.1:54269 - R:localhost/127.0.0.1:1808] for GET '/session/547c81105eacffe065d275a69833c13f/screenshot'
22:59:05.604 [AsyncHttpClient-1-11] DEBUG org.asynchttpclient.netty.handler.HttpHandler - 

Request DefaultFullHttpRequest(decodeResult: success, version: HTTP/1.1, content: EmptyByteBufBE)
GET /session/547c81105eacffe065d275a69833c13f/screenshot HTTP/1.1
User-Agent: selenium/4.8.1 (java windows)
Cache-Control: no-cache
Content-Type: application/json; charset=utf-8
host: localhost:1808
accept: */*

Response DefaultHttpResponse(decodeResult: success, version: HTTP/1.1)
HTTP/1.1 200 OK
Content-Length: 48104
Content-Type: application/json; charset=utf-8
cache-control: no-cache

22:59:05.604 [AsyncHttpClient-1-11] DEBUG org.asynchttpclient.netty.channel.ChannelManager - Adding key: http://localhost:1808 for channel [id: 0xc6ca34bc, L:/127.0.0.1:54269 - R:localhost/127.0.0.1:1808]
22:59:05.607 [main] DEBUG net.serenitybdd.core.photography.Darkroom - Send negative for processing for target\site\serenity\d255463a76819987d8e9c76c851bb076aeca8631e53ee7be5b0427f661e0d1f7.png
22:59:05.607 [main] DEBUG net.thucydides.core.steps.StepInterceptor - STEP DONE: inputDoesNotExistEmail
  &amp#27;[32mAnd &amp#27;[0m&amp#27;[32mI enter does not exist email&amp#27;[0m                  &amp#27;[90m# starter.stepdefinitions.RegisterSteps.enterDoesNotExistEmail()&amp#27;[0m
22:59:05.607 [Darkroom Processing Line] DEBUG net.serenitybdd.core.photography.DarkroomProcessingLine - Processing screenshot image in /var/screenshots/screenshot-2685449285271377514
22:59:05.607 [Darkroom Processing Line] DEBUG net.serenitybdd.core.photography.DarkroomProcessingLine - Saving screenshot to target\site\serenity\d255463a76819987d8e9c76c851bb076aeca8631e53ee7be5b0427f661e0d1f7.png
22:59:05.617 [Forwarding getPageSource on session 547c81105eacffe065d275a69833c13f to remote] DEBUG org.asynchttpclient.netty.request.NettyRequestSender - Using pooled Channel '[id: 0xc6ca34bc, L:/127.0.0.1:54269 - R:localhost/127.0.0.1:1808]' for 'POST' to 'http://localhost:1808/session/547c81105eacffe065d275a69833c13f/execute/sync'
22:59:05.617 [Forwarding getPageSource on session 547c81105eacffe065d275a69833c13f to remote] DEBUG org.asynchttpclient.netty.request.NettyRequestSender - Using open Channel [id: 0xc6ca34bc, L:/127.0.0.1:54269 - R:localhost/127.0.0.1:1808] for POST '/session/547c81105eacffe065d275a69833c13f/execute/sync'
22:59:05.626 [AsyncHttpClient-1-11] DEBUG org.asynchttpclient.netty.handler.HttpHandler - 

Request DefaultHttpRequest(decodeResult: success, version: HTTP/1.1)
POST /session/547c81105eacffe065d275a69833c13f/execute/sync HTTP/1.1
User-Agent: selenium/4.8.1 (java windows)
Content-Length: 176
Content-Type: application/json; charset=utf-8
host: localhost:1808
accept: */*

Response DefaultHttpResponse(decodeResult: success, version: HTTP/1.1)
HTTP/1.1 200 OK
Content-Length: 22414
Content-Type: application/json; charset=utf-8
cache-control: no-cache

22:59:05.627 [AsyncHttpClient-1-11] DEBUG org.asynchttpclient.netty.channel.ChannelManager - Adding key: http://localhost:1808 for channel [id: 0xc6ca34bc, L:/127.0.0.1:54269 - R:localhost/127.0.0.1:1808]
22:59:05.630 [Forwarding getCurrentUrl on session 547c81105eacffe065d275a69833c13f to remote] DEBUG org.asynchttpclient.netty.request.NettyRequestSender - Using pooled Channel '[id: 0xc6ca34bc, L:/127.0.0.1:54269 - R:localhost/127.0.0.1:1808]' for 'GET' to 'http://localhost:1808/session/547c81105eacffe065d275a69833c13f/url'
22:59:05.630 [Forwarding getCurrentUrl on session 547c81105eacffe065d275a69833c13f to remote] DEBUG org.asynchttpclient.netty.request.NettyRequestSender - Using open Channel [id: 0xc6ca34bc, L:/127.0.0.1:54269 - R:localhost/127.0.0.1:1808] for GET '/session/547c81105eacffe065d275a69833c13f/url'
22:59:05.638 [AsyncHttpClient-1-11] DEBUG org.asynchttpclient.netty.handler.HttpHandler - 

Request DefaultFullHttpRequest(decodeResult: success, version: HTTP/1.1, content: EmptyByteBufBE)
GET /session/547c81105eacffe065d275a69833c13f/url HTTP/1.1
User-Agent: selenium/4.8.1 (java windows)
Cache-Control: no-cache
Content-Type: application/json; charset=utf-8
host: localhost:1808
accept: */*

Response DefaultHttpResponse(decodeResult: success, version: HTTP/1.1)
HTTP/1.1 200 OK
Content-Length: 54
Content-Type: application/json; charset=utf-8
cache-control: no-cache

22:59:05.638 [AsyncHttpClient-1-11] DEBUG org.asynchttpclient.netty.channel.ChannelManager - Adding key: http://localhost:1808 for channel [id: 0xc6ca34bc, L:/127.0.0.1:54269 - R:localhost/127.0.0.1:1808]
22:59:05.649 [Forwarding getPageSource on session 547c81105eacffe065d275a69833c13f to remote] DEBUG org.asynchttpclient.netty.request.NettyRequestSender - Using pooled Channel '[id: 0xc6ca34bc, L:/127.0.0.1:54269 - R:localhost/127.0.0.1:1808]' for 'POST' to 'http://localhost:1808/session/547c81105eacffe065d275a69833c13f/execute/sync'
22:59:05.649 [Forwarding getPageSource on session 547c81105eacffe065d275a69833c13f to remote] DEBUG org.asynchttpclient.netty.request.NettyRequestSender - Using open Channel [id: 0xc6ca34bc, L:/127.0.0.1:54269 - R:localhost/127.0.0.1:1808] for POST '/session/547c81105eacffe065d275a69833c13f/execute/sync'
22:59:05.661 [AsyncHttpClient-1-11] DEBUG org.asynchttpclient.netty.handler.HttpHandler - 

Request DefaultHttpRequest(decodeResult: success, version: HTTP/1.1)
POST /session/547c81105eacffe065d275a69833c13f/execute/sync HTTP/1.1
User-Agent: selenium/4.8.1 (java windows)
Content-Length: 176
Content-Type: application/json; charset=utf-8
host: localhost:1808
accept: */*

Response DefaultHttpResponse(decodeResult: success, version: HTTP/1.1)
HTTP/1.1 200 OK
Content-Length: 22414
Content-Type: application/json; charset=utf-8
cache-control: no-cache

22:59:05.661 [AsyncHttpClient-1-11] DEBUG org.asynchttpclient.netty.channel.ChannelManager - Adding key: http://localhost:1808 for channel [id: 0xc6ca34bc, L:/127.0.0.1:54269 - R:localhost/127.0.0.1:1808]
22:59:05.665 [Forwarding getCurrentUrl on session 547c81105eacffe065d275a69833c13f to remote] DEBUG org.asynchttpclient.netty.request.NettyRequestSender - Using pooled Channel '[id: 0xc6ca34bc, L:/127.0.0.1:54269 - R:localhost/127.0.0.1:1808]' for 'GET' to 'http://localhost:1808/session/547c81105eacffe065d275a69833c13f/url'
22:59:05.665 [Forwarding getCurrentUrl on session 547c81105eacffe065d275a69833c13f to remote] DEBUG org.asynchttpclient.netty.request.NettyRequestSender - Using open Channel [id: 0xc6ca34bc, L:/127.0.0.1:54269 - R:localhost/127.0.0.1:1808] for GET '/session/547c81105eacffe065d275a69833c13f/url'
22:59:05.673 [AsyncHttpClient-1-11] DEBUG org.asynchttpclient.netty.handler.HttpHandler - 

Request DefaultFullHttpRequest(decodeResult: success, version: HTTP/1.1, content: EmptyByteBufBE)
GET /session/547c81105eacffe065d275a69833c13f/url HTTP/1.1
User-Agent: selenium/4.8.1 (java windows)
Cache-Control: no-cache
Content-Type: application/json; charset=utf-8
host: localhost:1808
accept: */*

Response DefaultHttpResponse(decodeResult: success, version: HTTP/1.1)
HTTP/1.1 200 OK
Content-Length: 54
Content-Type: application/json; charset=utf-8
cache-control: no-cache

22:59:05.673 [AsyncHttpClient-1-11] DEBUG org.asynchttpclient.netty.channel.ChannelManager - Adding key: http://localhost:1808 for channel [id: 0xc6ca34bc, L:/127.0.0.1:54269 - R:localhost/127.0.0.1:1808]
22:59:05.675 [main] DEBUG net.thucydides.core.steps.StepInterceptor - STARTING STEP: RegisterSteps.enterValidPassword - inputPassword
22:59:05.680 [Forwarding findElement on session 547c81105eacffe065d275a69833c13f to remote] DEBUG org.asynchttpclient.netty.request.NettyRequestSender - Using pooled Channel '[id: 0xc6ca34bc, L:/127.0.0.1:54269 - R:localhost/127.0.0.1:1808]' for 'POST' to 'http://localhost:1808/session/547c81105eacffe065d275a69833c13f/element'
22:59:05.680 [Forwarding findElement on session 547c81105eacffe065d275a69833c13f to remote] DEBUG org.asynchttpclient.netty.request.NettyRequestSender - Using open Channel [id: 0xc6ca34bc, L:/127.0.0.1:54269 - R:localhost/127.0.0.1:1808] for POST '/session/547c81105eacffe065d275a69833c13f/element'
22:59:05.698 [AsyncHttpClient-1-11] DEBUG org.asynchttpclient.netty.handler.HttpHandler - 

Request DefaultHttpRequest(decodeResult: success, version: HTTP/1.1)
POST /session/547c81105eacffe065d275a69833c13f/element HTTP/1.1
User-Agent: selenium/4.8.1 (java windows)
Content-Length: 55
Content-Type: application/json; charset=utf-8
host: localhost:1808
accept: */*

Response DefaultHttpResponse(decodeResult: success, version: HTTP/1.1)
HTTP/1.1 200 OK
Content-Length: 95
Content-Type: application/json; charset=utf-8
cache-control: no-cache

22:59:05.699 [AsyncHttpClient-1-11] DEBUG org.asynchttpclient.netty.channel.ChannelManager - Adding key: http://localhost:1808 for channel [id: 0xc6ca34bc, L:/127.0.0.1:54269 - R:localhost/127.0.0.1:1808]
22:59:05.700 [Forwarding clearElement on session 547c81105eacffe065d275a69833c13f to remote] DEBUG org.asynchttpclient.netty.request.NettyRequestSender - Using pooled Channel '[id: 0xc6ca34bc, L:/127.0.0.1:54269 - R:localhost/127.0.0.1:1808]' for 'POST' to 'http://localhost:1808/session/547c81105eacffe065d275a69833c13f/element/B29B11E657B87B4C38473498D58B2097_element_10/clear'
22:59:05.700 [Forwarding clearElement on session 547c81105eacffe065d275a69833c13f to remote] DEBUG org.asynchttpclient.netty.request.NettyRequestSender - Using open Channel [id: 0xc6ca34bc, L:/127.0.0.1:54269 - R:localhost/127.0.0.1:1808] for POST '/session/547c81105eacffe065d275a69833c13f/element/B29B11E657B87B4C38473498D58B2097_element_10/clear'
22:59:05.740 [AsyncHttpClient-1-11] DEBUG org.asynchttpclient.netty.handler.HttpHandler - 

Request DefaultHttpRequest(decodeResult: success, version: HTTP/1.1)
POST /session/547c81105eacffe065d275a69833c13f/element/B29B11E657B87B4C38473498D58B2097_element_10/clear HTTP/1.1
User-Agent: selenium/4.8.1 (java windows)
Content-Length: 57
Content-Type: application/json; charset=utf-8
host: localhost:1808
accept: */*

Response DefaultHttpResponse(decodeResult: success, version: HTTP/1.1)
HTTP/1.1 200 OK
Content-Length: 14
Content-Type: application/json; charset=utf-8
cache-control: no-cache

22:59:05.741 [AsyncHttpClient-1-11] DEBUG org.asynchttpclient.netty.channel.ChannelManager - Adding key: http://localhost:1808 for channel [id: 0xc6ca34bc, L:/127.0.0.1:54269 - R:localhost/127.0.0.1:1808]
22:59:05.743 [Forwarding sendKeysToElement on session 547c81105eacffe065d275a69833c13f to remote] DEBUG org.asynchttpclient.netty.request.NettyRequestSender - Using pooled Channel '[id: 0xc6ca34bc, L:/127.0.0.1:54269 - R:localhost/127.0.0.1:1808]' for 'POST' to 'http://localhost:1808/session/547c81105eacffe065d275a69833c13f/element/B29B11E657B87B4C38473498D58B2097_element_10/value'
22:59:05.743 [Forwarding sendKeysToElement on session 547c81105eacffe065d275a69833c13f to remote] DEBUG org.asynchttpclient.netty.request.NettyRequestSender - Using open Channel [id: 0xc6ca34bc, L:/127.0.0.1:54269 - R:localhost/127.0.0.1:1808] for POST '/session/547c81105eacffe065d275a69833c13f/element/B29B11E657B87B4C38473498D58B2097_element_10/value'
22:59:05.844 [AsyncHttpClient-1-11] DEBUG org.asynchttpclient.netty.handler.HttpHandler - 

Request DefaultHttpRequest(decodeResult: success, version: HTTP/1.1)
POST /session/547c81105eacffe065d275a69833c13f/element/B29B11E657B87B4C38473498D58B2097_element_10/value HTTP/1.1
User-Agent: selenium/4.8.1 (java windows)
Content-Length: 148
Content-Type: application/json; charset=utf-8
host: localhost:1808
accept: */*

Response DefaultHttpResponse(decodeResult: success, version: HTTP/1.1)
HTTP/1.1 200 OK
Content-Length: 14
Content-Type: application/json; charset=utf-8
cache-control: no-cache

22:59:05.846 [AsyncHttpClient-1-11] DEBUG org.asynchttpclient.netty.channel.ChannelManager - Adding key: http://localhost:1808 for channel [id: 0xc6ca34bc, L:/127.0.0.1:54269 - R:localhost/127.0.0.1:1808]
22:59:05.852 [Forwarding getAlertText on session 547c81105eacffe065d275a69833c13f to remote] DEBUG org.asynchttpclient.netty.request.NettyRequestSender - Using pooled Channel '[id: 0xc6ca34bc, L:/127.0.0.1:54269 - R:localhost/127.0.0.1:1808]' for 'GET' to 'http://localhost:1808/session/547c81105eacffe065d275a69833c13f/alert/text'
22:59:05.853 [Forwarding getAlertText on session 547c81105eacffe065d275a69833c13f to remote] DEBUG org.asynchttpclient.netty.request.NettyRequestSender - Using open Channel [id: 0xc6ca34bc, L:/127.0.0.1:54269 - R:localhost/127.0.0.1:1808] for GET '/session/547c81105eacffe065d275a69833c13f/alert/text'
22:59:05.855 [AsyncHttpClient-1-11] DEBUG org.asynchttpclient.netty.handler.HttpHandler - 

Request DefaultFullHttpRequest(decodeResult: success, version: HTTP/1.1, content: EmptyByteBufBE)
GET /session/547c81105eacffe065d275a69833c13f/alert/text HTTP/1.1
User-Agent: selenium/4.8.1 (java windows)
Cache-Control: no-cache
Content-Type: application/json; charset=utf-8
host: localhost:1808
accept: */*

Response DefaultHttpResponse(decodeResult: success, version: HTTP/1.1)
HTTP/1.1 404 Not Found
Content-Length: 820
Content-Type: application/json; charset=utf-8
cache-control: no-cache

22:59:05.855 [AsyncHttpClient-1-11] DEBUG org.asynchttpclient.netty.channel.ChannelManager - Adding key: http://localhost:1808 for channel [id: 0xc6ca34bc, L:/127.0.0.1:54269 - R:localhost/127.0.0.1:1808]
22:59:05.856 [Forwarding getCurrentUrl on session 547c81105eacffe065d275a69833c13f to remote] DEBUG org.asynchttpclient.netty.request.NettyRequestSender - Using pooled Channel '[id: 0xc6ca34bc, L:/127.0.0.1:54269 - R:localhost/127.0.0.1:1808]' for 'GET' to 'http://localhost:1808/session/547c81105eacffe065d275a69833c13f/url'
22:59:05.856 [Forwarding getCurrentUrl on session 547c81105eacffe065d275a69833c13f to remote] DEBUG org.asynchttpclient.netty.request.NettyRequestSender - Using open Channel [id: 0xc6ca34bc, L:/127.0.0.1:54269 - R:localhost/127.0.0.1:1808] for GET '/session/547c81105eacffe065d275a69833c13f/url'
22:59:05.867 [AsyncHttpClient-1-11] DEBUG org.asynchttpclient.netty.handler.HttpHandler - 

Request DefaultFullHttpRequest(decodeResult: success, version: HTTP/1.1, content: EmptyByteBufBE)
GET /session/547c81105eacffe065d275a69833c13f/url HTTP/1.1
User-Agent: selenium/4.8.1 (java windows)
Cache-Control: no-cache
Content-Type: application/json; charset=utf-8
host: localhost:1808
accept: */*

Response DefaultHttpResponse(decodeResult: success, version: HTTP/1.1)
HTTP/1.1 200 OK
Content-Length: 54
Content-Type: application/json; charset=utf-8
cache-control: no-cache

22:59:05.867 [AsyncHttpClient-1-11] DEBUG org.asynchttpclient.netty.channel.ChannelManager - Adding key: http://localhost:1808 for channel [id: 0xc6ca34bc, L:/127.0.0.1:54269 - R:localhost/127.0.0.1:1808]
22:59:05.868 [Forwarding screenshot on session 547c81105eacffe065d275a69833c13f to remote] DEBUG org.asynchttpclient.netty.request.NettyRequestSender - Using pooled Channel '[id: 0xc6ca34bc, L:/127.0.0.1:54269 - R:localhost/127.0.0.1:1808]' for 'GET' to 'http://localhost:1808/session/547c81105eacffe065d275a69833c13f/screenshot'
22:59:05.868 [Forwarding screenshot on session 547c81105eacffe065d275a69833c13f to remote] DEBUG org.asynchttpclient.netty.request.NettyRequestSender - Using open Channel [id: 0xc6ca34bc, L:/127.0.0.1:54269 - R:localhost/127.0.0.1:1808] for GET '/session/547c81105eacffe065d275a69833c13f/screenshot'
22:59:06.053 [AsyncHttpClient-1-11] DEBUG org.asynchttpclient.netty.handler.HttpHandler - 

Request DefaultFullHttpRequest(decodeResult: success, version: HTTP/1.1, content: EmptyByteBufBE)
GET /session/547c81105eacffe065d275a69833c13f/screenshot HTTP/1.1
User-Agent: selenium/4.8.1 (java windows)
Cache-Control: no-cache
Content-Type: application/json; charset=utf-8
host: localhost:1808
accept: */*

Response DefaultHttpResponse(decodeResult: success, version: HTTP/1.1)
HTTP/1.1 200 OK
Content-Length: 49956
Content-Type: application/json; charset=utf-8
cache-control: no-cache

22:59:06.054 [AsyncHttpClient-1-11] DEBUG org.asynchttpclient.netty.channel.ChannelManager - Adding key: http://localhost:1808 for channel [id: 0xc6ca34bc, L:/127.0.0.1:54269 - R:localhost/127.0.0.1:1808]
22:59:06.056 [main] DEBUG net.serenitybdd.core.photography.Darkroom - Send negative for processing for target\site\serenity\ac8e7c6d8744e430854b43f404c84649affb46b73a2fd4238c8f53dd54d7e654.png
22:59:06.056 [main] DEBUG net.thucydides.core.steps.StepInterceptor - STEP DONE: inputPassword
  &amp#27;[32mAnd &amp#27;[0m&amp#27;[32mI enter valid password&amp#27;[0m                        &amp#27;[90m# starter.stepdefinitions.RegisterSteps.enterValidPassword()&amp#27;[0m
22:59:06.056 [Darkroom Processing Line] DEBUG net.serenitybdd.core.photography.DarkroomProcessingLine - Processing screenshot image in /var/screenshots/screenshot-1286025875099258390
22:59:06.056 [Darkroom Processing Line] DEBUG net.serenitybdd.core.photography.DarkroomProcessingLine - Saving screenshot to target\site\serenity\ac8e7c6d8744e430854b43f404c84649affb46b73a2fd4238c8f53dd54d7e654.png
22:59:06.064 [Forwarding getPageSource on session 547c81105eacffe065d275a69833c13f to remote] DEBUG org.asynchttpclient.netty.request.NettyRequestSender - Using pooled Channel '[id: 0xc6ca34bc, L:/127.0.0.1:54269 - R:localhost/127.0.0.1:1808]' for 'POST' to 'http://localhost:1808/session/547c81105eacffe065d275a69833c13f/execute/sync'
22:59:06.064 [Forwarding getPageSource on session 547c81105eacffe065d275a69833c13f to remote] DEBUG org.asynchttpclient.netty.request.NettyRequestSender - Using open Channel [id: 0xc6ca34bc, L:/127.0.0.1:54269 - R:localhost/127.0.0.1:1808] for POST '/session/547c81105eacffe065d275a69833c13f/execute/sync'
22:59:06.073 [AsyncHttpClient-1-11] DEBUG org.asynchttpclient.netty.handler.HttpHandler - 

Request DefaultHttpRequest(decodeResult: success, version: HTTP/1.1)
POST /session/547c81105eacffe065d275a69833c13f/execute/sync HTTP/1.1
User-Agent: selenium/4.8.1 (java windows)
Content-Length: 176
Content-Type: application/json; charset=utf-8
host: localhost:1808
accept: */*

Response DefaultHttpResponse(decodeResult: success, version: HTTP/1.1)
HTTP/1.1 200 OK
Content-Length: 22473
Content-Type: application/json; charset=utf-8
cache-control: no-cache

22:59:06.074 [AsyncHttpClient-1-11] DEBUG org.asynchttpclient.netty.channel.ChannelManager - Adding key: http://localhost:1808 for channel [id: 0xc6ca34bc, L:/127.0.0.1:54269 - R:localhost/127.0.0.1:1808]
22:59:06.077 [Forwarding getCurrentUrl on session 547c81105eacffe065d275a69833c13f to remote] DEBUG org.asynchttpclient.netty.request.NettyRequestSender - Using pooled Channel '[id: 0xc6ca34bc, L:/127.0.0.1:54269 - R:localhost/127.0.0.1:1808]' for 'GET' to 'http://localhost:1808/session/547c81105eacffe065d275a69833c13f/url'
22:59:06.077 [Forwarding getCurrentUrl on session 547c81105eacffe065d275a69833c13f to remote] DEBUG org.asynchttpclient.netty.request.NettyRequestSender - Using open Channel [id: 0xc6ca34bc, L:/127.0.0.1:54269 - R:localhost/127.0.0.1:1808] for GET '/session/547c81105eacffe065d275a69833c13f/url'
22:59:06.084 [AsyncHttpClient-1-11] DEBUG org.asynchttpclient.netty.handler.HttpHandler - 

Request DefaultFullHttpRequest(decodeResult: success, version: HTTP/1.1, content: EmptyByteBufBE)
GET /session/547c81105eacffe065d275a69833c13f/url HTTP/1.1
User-Agent: selenium/4.8.1 (java windows)
Cache-Control: no-cache
Content-Type: application/json; charset=utf-8
host: localhost:1808
accept: */*

Response DefaultHttpResponse(decodeResult: success, version: HTTP/1.1)
HTTP/1.1 200 OK
Content-Length: 54
Content-Type: application/json; charset=utf-8
cache-control: no-cache

22:59:06.084 [AsyncHttpClient-1-11] DEBUG org.asynchttpclient.netty.channel.ChannelManager - Adding key: http://localhost:1808 for channel [id: 0xc6ca34bc, L:/127.0.0.1:54269 - R:localhost/127.0.0.1:1808]
22:59:06.094 [Forwarding getPageSource on session 547c81105eacffe065d275a69833c13f to remote] DEBUG org.asynchttpclient.netty.request.NettyRequestSender - Using pooled Channel '[id: 0xc6ca34bc, L:/127.0.0.1:54269 - R:localhost/127.0.0.1:1808]' for 'POST' to 'http://localhost:1808/session/547c81105eacffe065d275a69833c13f/execute/sync'
22:59:06.094 [Forwarding getPageSource on session 547c81105eacffe065d275a69833c13f to remote] DEBUG org.asynchttpclient.netty.request.NettyRequestSender - Using open Channel [id: 0xc6ca34bc, L:/127.0.0.1:54269 - R:localhost/127.0.0.1:1808] for POST '/session/547c81105eacffe065d275a69833c13f/execute/sync'
22:59:06.104 [AsyncHttpClient-1-11] DEBUG org.asynchttpclient.netty.handler.HttpHandler - 

Request DefaultHttpRequest(decodeResult: success, version: HTTP/1.1)
POST /session/547c81105eacffe065d275a69833c13f/execute/sync HTTP/1.1
User-Agent: selenium/4.8.1 (java windows)
Content-Length: 176
Content-Type: application/json; charset=utf-8
host: localhost:1808
accept: */*

Response DefaultHttpResponse(decodeResult: success, version: HTTP/1.1)
HTTP/1.1 200 OK
Content-Length: 22473
Content-Type: application/json; charset=utf-8
cache-control: no-cache

22:59:06.104 [AsyncHttpClient-1-11] DEBUG org.asynchttpclient.netty.channel.ChannelManager - Adding key: http://localhost:1808 for channel [id: 0xc6ca34bc, L:/127.0.0.1:54269 - R:localhost/127.0.0.1:1808]
22:59:06.108 [Forwarding getCurrentUrl on session 547c81105eacffe065d275a69833c13f to remote] DEBUG org.asynchttpclient.netty.request.NettyRequestSender - Using pooled Channel '[id: 0xc6ca34bc, L:/127.0.0.1:54269 - R:localhost/127.0.0.1:1808]' for 'GET' to 'http://localhost:1808/session/547c81105eacffe065d275a69833c13f/url'
22:59:06.108 [Forwarding getCurrentUrl on session 547c81105eacffe065d275a69833c13f to remote] DEBUG org.asynchttpclient.netty.request.NettyRequestSender - Using open Channel [id: 0xc6ca34bc, L:/127.0.0.1:54269 - R:localhost/127.0.0.1:1808] for GET '/session/547c81105eacffe065d275a69833c13f/url'
22:59:06.118 [AsyncHttpClient-1-11] DEBUG org.asynchttpclient.netty.handler.HttpHandler - 

Request DefaultFullHttpRequest(decodeResult: success, version: HTTP/1.1, content: EmptyByteBufBE)
GET /session/547c81105eacffe065d275a69833c13f/url HTTP/1.1
User-Agent: selenium/4.8.1 (java windows)
Cache-Control: no-cache
Content-Type: application/json; charset=utf-8
host: localhost:1808
accept: */*

Response DefaultHttpResponse(decodeResult: success, version: HTTP/1.1)
HTTP/1.1 200 OK
Content-Length: 54
Content-Type: application/json; charset=utf-8
cache-control: no-cache

22:59:06.118 [AsyncHttpClient-1-11] DEBUG org.asynchttpclient.netty.channel.ChannelManager - Adding key: http://localhost:1808 for channel [id: 0xc6ca34bc, L:/127.0.0.1:54269 - R:localhost/127.0.0.1:1808]
22:59:06.120 [main] DEBUG net.thucydides.core.steps.StepInterceptor - STARTING STEP: RegisterSteps.clickRegButton - clickRegButton
22:59:06.124 [Forwarding findElement on session 547c81105eacffe065d275a69833c13f to remote] DEBUG org.asynchttpclient.netty.request.NettyRequestSender - Using pooled Channel '[id: 0xc6ca34bc, L:/127.0.0.1:54269 - R:localhost/127.0.0.1:1808]' for 'POST' to 'http://localhost:1808/session/547c81105eacffe065d275a69833c13f/element'
22:59:06.124 [Forwarding findElement on session 547c81105eacffe065d275a69833c13f to remote] DEBUG org.asynchttpclient.netty.request.NettyRequestSender - Using open Channel [id: 0xc6ca34bc, L:/127.0.0.1:54269 - R:localhost/127.0.0.1:1808] for POST '/session/547c81105eacffe065d275a69833c13f/element'
22:59:06.144 [AsyncHttpClient-1-11] DEBUG org.asynchttpclient.netty.handler.HttpHandler - 

Request DefaultHttpRequest(decodeResult: success, version: HTTP/1.1)
POST /session/547c81105eacffe065d275a69833c13f/element HTTP/1.1
User-Agent: selenium/4.8.1 (java windows)
Content-Length: 142
Content-Type: application/json; charset=utf-8
host: localhost:1808
accept: */*

Response DefaultHttpResponse(decodeResult: success, version: HTTP/1.1)
HTTP/1.1 200 OK
Content-Length: 94
Content-Type: application/json; charset=utf-8
cache-control: no-cache

22:59:06.145 [AsyncHttpClient-1-11] DEBUG org.asynchttpclient.netty.channel.ChannelManager - Adding key: http://localhost:1808 for channel [id: 0xc6ca34bc, L:/127.0.0.1:54269 - R:localhost/127.0.0.1:1808]
22:59:06.146 [Forwarding getElementTagName on session 547c81105eacffe065d275a69833c13f to remote] DEBUG org.asynchttpclient.netty.request.NettyRequestSender - Using pooled Channel '[id: 0xc6ca34bc, L:/127.0.0.1:54269 - R:localhost/127.0.0.1:1808]' for 'GET' to 'http://localhost:1808/session/547c81105eacffe065d275a69833c13f/element/B29B11E657B87B4C38473498D58B2097_element_2/name'
22:59:06.146 [Forwarding getElementTagName on session 547c81105eacffe065d275a69833c13f to remote] DEBUG org.asynchttpclient.netty.request.NettyRequestSender - Using open Channel [id: 0xc6ca34bc, L:/127.0.0.1:54269 - R:localhost/127.0.0.1:1808] for GET '/session/547c81105eacffe065d275a69833c13f/element/B29B11E657B87B4C38473498D58B2097_element_2/name'
22:59:06.157 [AsyncHttpClient-1-11] DEBUG org.asynchttpclient.netty.handler.HttpHandler - 

Request DefaultFullHttpRequest(decodeResult: success, version: HTTP/1.1, content: EmptyByteBufBE)
GET /session/547c81105eacffe065d275a69833c13f/element/B29B11E657B87B4C38473498D58B2097_element_2/name HTTP/1.1
User-Agent: selenium/4.8.1 (java windows)
Cache-Control: no-cache
Content-Type: application/json; charset=utf-8
host: localhost:1808
accept: */*

Response DefaultHttpResponse(decodeResult: success, version: HTTP/1.1)
HTTP/1.1 200 OK
Content-Length: 18
Content-Type: application/json; charset=utf-8
cache-control: no-cache

22:59:06.157 [AsyncHttpClient-1-11] DEBUG org.asynchttpclient.netty.channel.ChannelManager - Adding key: http://localhost:1808 for channel [id: 0xc6ca34bc, L:/127.0.0.1:54269 - R:localhost/127.0.0.1:1808]
22:59:06.158 [Forwarding getElementTagName on session 547c81105eacffe065d275a69833c13f to remote] DEBUG org.asynchttpclient.netty.request.NettyRequestSender - Using pooled Channel '[id: 0xc6ca34bc, L:/127.0.0.1:54269 - R:localhost/127.0.0.1:1808]' for 'GET' to 'http://localhost:1808/session/547c81105eacffe065d275a69833c13f/element/B29B11E657B87B4C38473498D58B2097_element_2/name'
22:59:06.158 [Forwarding getElementTagName on session 547c81105eacffe065d275a69833c13f to remote] DEBUG org.asynchttpclient.netty.request.NettyRequestSender - Using open Channel [id: 0xc6ca34bc, L:/127.0.0.1:54269 - R:localhost/127.0.0.1:1808] for GET '/session/547c81105eacffe065d275a69833c13f/element/B29B11E657B87B4C38473498D58B2097_element_2/name'
22:59:06.169 [AsyncHttpClient-1-11] DEBUG org.asynchttpclient.netty.handler.HttpHandler - 

Request DefaultFullHttpRequest(decodeResult: success, version: HTTP/1.1, content: EmptyByteBufBE)
GET /session/547c81105eacffe065d275a69833c13f/element/B29B11E657B87B4C38473498D58B2097_element_2/name HTTP/1.1
User-Agent: selenium/4.8.1 (java windows)
Cache-Control: no-cache
Content-Type: application/json; charset=utf-8
host: localhost:1808
accept: */*

Response DefaultHttpResponse(decodeResult: success, version: HTTP/1.1)
HTTP/1.1 200 OK
Content-Length: 18
Content-Type: application/json; charset=utf-8
cache-control: no-cache

22:59:06.169 [AsyncHttpClient-1-11] DEBUG org.asynchttpclient.netty.channel.ChannelManager - Adding key: http://localhost:1808 for channel [id: 0xc6ca34bc, L:/127.0.0.1:54269 - R:localhost/127.0.0.1:1808]
22:59:06.171 [Forwarding isElementEnabled on session 547c81105eacffe065d275a69833c13f to remote] DEBUG org.asynchttpclient.netty.request.NettyRequestSender - Using pooled Channel '[id: 0xc6ca34bc, L:/127.0.0.1:54269 - R:localhost/127.0.0.1:1808]' for 'GET' to 'http://localhost:1808/session/547c81105eacffe065d275a69833c13f/element/B29B11E657B87B4C38473498D58B2097_element_2/enabled'
22:59:06.171 [Forwarding isElementEnabled on session 547c81105eacffe065d275a69833c13f to remote] DEBUG org.asynchttpclient.netty.request.NettyRequestSender - Using open Channel [id: 0xc6ca34bc, L:/127.0.0.1:54269 - R:localhost/127.0.0.1:1808] for GET '/session/547c81105eacffe065d275a69833c13f/element/B29B11E657B87B4C38473498D58B2097_element_2/enabled'
22:59:06.183 [AsyncHttpClient-1-11] DEBUG org.asynchttpclient.netty.handler.HttpHandler - 

Request DefaultFullHttpRequest(decodeResult: success, version: HTTP/1.1, content: EmptyByteBufBE)
GET /session/547c81105eacffe065d275a69833c13f/element/B29B11E657B87B4C38473498D58B2097_element_2/enabled HTTP/1.1
User-Agent: selenium/4.8.1 (java windows)
Cache-Control: no-cache
Content-Type: application/json; charset=utf-8
host: localhost:1808
accept: */*

Response DefaultHttpResponse(decodeResult: success, version: HTTP/1.1)
HTTP/1.1 200 OK
Content-Length: 14
Content-Type: application/json; charset=utf-8
cache-control: no-cache

22:59:06.183 [AsyncHttpClient-1-11] DEBUG org.asynchttpclient.netty.channel.ChannelManager - Adding key: http://localhost:1808 for channel [id: 0xc6ca34bc, L:/127.0.0.1:54269 - R:localhost/127.0.0.1:1808]
22:59:06.184 [Forwarding isElementEnabled on session 547c81105eacffe065d275a69833c13f to remote] DEBUG org.asynchttpclient.netty.request.NettyRequestSender - Using pooled Channel '[id: 0xc6ca34bc, L:/127.0.0.1:54269 - R:localhost/127.0.0.1:1808]' for 'GET' to 'http://localhost:1808/session/547c81105eacffe065d275a69833c13f/element/B29B11E657B87B4C38473498D58B2097_element_2/enabled'
22:59:06.184 [Forwarding isElementEnabled on session 547c81105eacffe065d275a69833c13f to remote] DEBUG org.asynchttpclient.netty.request.NettyRequestSender - Using open Channel [id: 0xc6ca34bc, L:/127.0.0.1:54269 - R:localhost/127.0.0.1:1808] for GET '/session/547c81105eacffe065d275a69833c13f/element/B29B11E657B87B4C38473498D58B2097_element_2/enabled'
22:59:06.197 [AsyncHttpClient-1-11] DEBUG org.asynchttpclient.netty.handler.HttpHandler - 

Request DefaultFullHttpRequest(decodeResult: success, version: HTTP/1.1, content: EmptyByteBufBE)
GET /session/547c81105eacffe065d275a69833c13f/element/B29B11E657B87B4C38473498D58B2097_element_2/enabled HTTP/1.1
User-Agent: selenium/4.8.1 (java windows)
Cache-Control: no-cache
Content-Type: application/json; charset=utf-8
host: localhost:1808
accept: */*

Response DefaultHttpResponse(decodeResult: success, version: HTTP/1.1)
HTTP/1.1 200 OK
Content-Length: 14
Content-Type: application/json; charset=utf-8
cache-control: no-cache

22:59:06.197 [AsyncHttpClient-1-11] DEBUG org.asynchttpclient.netty.channel.ChannelManager - Adding key: http://localhost:1808 for channel [id: 0xc6ca34bc, L:/127.0.0.1:54269 - R:localhost/127.0.0.1:1808]
22:59:06.199 [Forwarding findElement on session 547c81105eacffe065d275a69833c13f to remote] DEBUG org.asynchttpclient.netty.request.NettyRequestSender - Using pooled Channel '[id: 0xc6ca34bc, L:/127.0.0.1:54269 - R:localhost/127.0.0.1:1808]' for 'POST' to 'http://localhost:1808/session/547c81105eacffe065d275a69833c13f/element'
22:59:06.199 [Forwarding findElement on session 547c81105eacffe065d275a69833c13f to remote] DEBUG org.asynchttpclient.netty.request.NettyRequestSender - Using open Channel [id: 0xc6ca34bc, L:/127.0.0.1:54269 - R:localhost/127.0.0.1:1808] for POST '/session/547c81105eacffe065d275a69833c13f/element'
22:59:06.210 [AsyncHttpClient-1-11] DEBUG org.asynchttpclient.netty.handler.HttpHandler - 

Request DefaultHttpRequest(decodeResult: success, version: HTTP/1.1)
POST /session/547c81105eacffe065d275a69833c13f/element HTTP/1.1
User-Agent: selenium/4.8.1 (java windows)
Content-Length: 142
Content-Type: application/json; charset=utf-8
host: localhost:1808
accept: */*

Response DefaultHttpResponse(decodeResult: success, version: HTTP/1.1)
HTTP/1.1 200 OK
Content-Length: 94
Content-Type: application/json; charset=utf-8
cache-control: no-cache

22:59:06.210 [AsyncHttpClient-1-11] DEBUG org.asynchttpclient.netty.channel.ChannelManager - Adding key: http://localhost:1808 for channel [id: 0xc6ca34bc, L:/127.0.0.1:54269 - R:localhost/127.0.0.1:1808]
22:59:06.211 [Forwarding clickElement on session 547c81105eacffe065d275a69833c13f to remote] DEBUG org.asynchttpclient.netty.request.NettyRequestSender - Using pooled Channel '[id: 0xc6ca34bc, L:/127.0.0.1:54269 - R:localhost/127.0.0.1:1808]' for 'POST' to 'http://localhost:1808/session/547c81105eacffe065d275a69833c13f/element/B29B11E657B87B4C38473498D58B2097_element_2/click'
22:59:06.211 [Forwarding clickElement on session 547c81105eacffe065d275a69833c13f to remote] DEBUG org.asynchttpclient.netty.request.NettyRequestSender - Using open Channel [id: 0xc6ca34bc, L:/127.0.0.1:54269 - R:localhost/127.0.0.1:1808] for POST '/session/547c81105eacffe065d275a69833c13f/element/B29B11E657B87B4C38473498D58B2097_element_2/click'
22:59:06.312 [AsyncHttpClient-1-11] DEBUG org.asynchttpclient.netty.handler.HttpHandler - 

Request DefaultHttpRequest(decodeResult: success, version: HTTP/1.1)
POST /session/547c81105eacffe065d275a69833c13f/element/B29B11E657B87B4C38473498D58B2097_element_2/click HTTP/1.1
User-Agent: selenium/4.8.1 (java windows)
Content-Length: 56
Content-Type: application/json; charset=utf-8
host: localhost:1808
accept: */*

Response DefaultHttpResponse(decodeResult: success, version: HTTP/1.1)
HTTP/1.1 200 OK
Content-Length: 14
Content-Type: application/json; charset=utf-8
cache-control: no-cache

22:59:06.312 [AsyncHttpClient-1-11] DEBUG org.asynchttpclient.netty.channel.ChannelManager - Adding key: http://localhost:1808 for channel [id: 0xc6ca34bc, L:/127.0.0.1:54269 - R:localhost/127.0.0.1:1808]
22:59:06.330 [Forwarding getAlertText on session 547c81105eacffe065d275a69833c13f to remote] DEBUG org.asynchttpclient.netty.request.NettyRequestSender - Using pooled Channel '[id: 0xc6ca34bc, L:/127.0.0.1:54269 - R:localhost/127.0.0.1:1808]' for 'GET' to 'http://localhost:1808/session/547c81105eacffe065d275a69833c13f/alert/text'
22:59:06.330 [Forwarding getAlertText on session 547c81105eacffe065d275a69833c13f to remote] DEBUG org.asynchttpclient.netty.request.NettyRequestSender - Using open Channel [id: 0xc6ca34bc, L:/127.0.0.1:54269 - R:localhost/127.0.0.1:1808] for GET '/session/547c81105eacffe065d275a69833c13f/alert/text'
22:59:06.334 [AsyncHttpClient-1-11] DEBUG org.asynchttpclient.netty.handler.HttpHandler - 

Request DefaultFullHttpRequest(decodeResult: success, version: HTTP/1.1, content: EmptyByteBufBE)
GET /session/547c81105eacffe065d275a69833c13f/alert/text HTTP/1.1
User-Agent: selenium/4.8.1 (java windows)
Cache-Control: no-cache
Content-Type: application/json; charset=utf-8
host: localhost:1808
accept: */*

Response DefaultHttpResponse(decodeResult: success, version: HTTP/1.1)
HTTP/1.1 404 Not Found
Content-Length: 820
Content-Type: application/json; charset=utf-8
cache-control: no-cache

22:59:06.335 [AsyncHttpClient-1-11] DEBUG org.asynchttpclient.netty.channel.ChannelManager - Adding key: http://localhost:1808 for channel [id: 0xc6ca34bc, L:/127.0.0.1:54269 - R:localhost/127.0.0.1:1808]
22:59:06.337 [Forwarding getCurrentUrl on session 547c81105eacffe065d275a69833c13f to remote] DEBUG org.asynchttpclient.netty.request.NettyRequestSender - Using pooled Channel '[id: 0xc6ca34bc, L:/127.0.0.1:54269 - R:localhost/127.0.0.1:1808]' for 'GET' to 'http://localhost:1808/session/547c81105eacffe065d275a69833c13f/url'
22:59:06.337 [Forwarding getCurrentUrl on session 547c81105eacffe065d275a69833c13f to remote] DEBUG org.asynchttpclient.netty.request.NettyRequestSender - Using open Channel [id: 0xc6ca34bc, L:/127.0.0.1:54269 - R:localhost/127.0.0.1:1808] for GET '/session/547c81105eacffe065d275a69833c13f/url'
22:59:06.354 [AsyncHttpClient-1-11] DEBUG org.asynchttpclient.netty.handler.HttpHandler - 

Request DefaultFullHttpRequest(decodeResult: success, version: HTTP/1.1, content: EmptyByteBufBE)
GET /session/547c81105eacffe065d275a69833c13f/url HTTP/1.1
User-Agent: selenium/4.8.1 (java windows)
Cache-Control: no-cache
Content-Type: application/json; charset=utf-8
host: localhost:1808
accept: */*

Response DefaultHttpResponse(decodeResult: success, version: HTTP/1.1)
HTTP/1.1 200 OK
Content-Length: 54
Content-Type: application/json; charset=utf-8
cache-control: no-cache

22:59:06.355 [AsyncHttpClient-1-11] DEBUG org.asynchttpclient.netty.channel.ChannelManager - Adding key: http://localhost:1808 for channel [id: 0xc6ca34bc, L:/127.0.0.1:54269 - R:localhost/127.0.0.1:1808]
22:59:06.356 [Forwarding screenshot on session 547c81105eacffe065d275a69833c13f to remote] DEBUG org.asynchttpclient.netty.request.NettyRequestSender - Using pooled Channel '[id: 0xc6ca34bc, L:/127.0.0.1:54269 - R:localhost/127.0.0.1:1808]' for 'GET' to 'http://localhost:1808/session/547c81105eacffe065d275a69833c13f/screenshot'
22:59:06.356 [Forwarding screenshot on session 547c81105eacffe065d275a69833c13f to remote] DEBUG org.asynchttpclient.netty.request.NettyRequestSender - Using open Channel [id: 0xc6ca34bc, L:/127.0.0.1:54269 - R:localhost/127.0.0.1:1808] for GET '/session/547c81105eacffe065d275a69833c13f/screenshot'
22:59:06.502 [AsyncHttpClient-1-1] DEBUG org.asynchttpclient.netty.channel.DefaultChannelPool - Entry count for : http://localhost:54272 : 1
22:59:06.710 [AsyncHttpClient-1-11] DEBUG org.asynchttpclient.netty.handler.HttpHandler - 

Request DefaultFullHttpRequest(decodeResult: success, version: HTTP/1.1, content: EmptyByteBufBE)
GET /session/547c81105eacffe065d275a69833c13f/screenshot HTTP/1.1
User-Agent: selenium/4.8.1 (java windows)
Cache-Control: no-cache
Content-Type: application/json; charset=utf-8
host: localhost:1808
accept: */*

Response DefaultHttpResponse(decodeResult: success, version: HTTP/1.1)
HTTP/1.1 200 OK
Content-Length: 48340
Content-Type: application/json; charset=utf-8
cache-control: no-cache

22:59:06.711 [AsyncHttpClient-1-11] DEBUG org.asynchttpclient.netty.channel.ChannelManager - Adding key: http://localhost:1808 for channel [id: 0xc6ca34bc, L:/127.0.0.1:54269 - R:localhost/127.0.0.1:1808]
22:59:06.714 [main] DEBUG net.serenitybdd.core.photography.Darkroom - Send negative for processing for target\site\serenity\c670a0154bf6a66727c49ca7fd9fc868f98bfcc9f3256bd4b47dee56e6c52c7e.png
22:59:06.714 [main] DEBUG net.thucydides.core.steps.StepInterceptor - STEP DONE: clickRegButton
22:59:06.714 [Darkroom Processing Line] DEBUG net.serenitybdd.core.photography.DarkroomProcessingLine - Processing screenshot image in /var/screenshots/screenshot-934075099517782353
22:59:06.714 [Darkroom Processing Line] DEBUG net.serenitybdd.core.photography.DarkroomProcessingLine - Saving screenshot to target\site\serenity\c670a0154bf6a66727c49ca7fd9fc868f98bfcc9f3256bd4b47dee56e6c52c7e.png
  &amp#27;[32mAnd &amp#27;[0m&amp#27;[32mclick register button&amp#27;[0m                         &amp#27;[90m# starter.stepdefinitions.RegisterSteps.clickRegButton()&amp#27;[0m
22:59:06.724 [Forwarding getPageSource on session 547c81105eacffe065d275a69833c13f to remote] DEBUG org.asynchttpclient.netty.request.NettyRequestSender - Using pooled Channel '[id: 0xc6ca34bc, L:/127.0.0.1:54269 - R:localhost/127.0.0.1:1808]' for 'POST' to 'http://localhost:1808/session/547c81105eacffe065d275a69833c13f/execute/sync'
22:59:06.724 [Forwarding getPageSource on session 547c81105eacffe065d275a69833c13f to remote] DEBUG org.asynchttpclient.netty.request.NettyRequestSender - Using open Channel [id: 0xc6ca34bc, L:/127.0.0.1:54269 - R:localhost/127.0.0.1:1808] for POST '/session/547c81105eacffe065d275a69833c13f/execute/sync'
22:59:06.732 [AsyncHttpClient-1-11] DEBUG org.asynchttpclient.netty.handler.HttpHandler - 

Request DefaultHttpRequest(decodeResult: success, version: HTTP/1.1)
POST /session/547c81105eacffe065d275a69833c13f/execute/sync HTTP/1.1
User-Agent: selenium/4.8.1 (java windows)
Content-Length: 176
Content-Type: application/json; charset=utf-8
host: localhost:1808
accept: */*

Response DefaultHttpResponse(decodeResult: success, version: HTTP/1.1)
HTTP/1.1 200 OK
Content-Length: 23173
Content-Type: application/json; charset=utf-8
cache-control: no-cache

22:59:06.732 [AsyncHttpClient-1-11] DEBUG org.asynchttpclient.netty.channel.ChannelManager - Adding key: http://localhost:1808 for channel [id: 0xc6ca34bc, L:/127.0.0.1:54269 - R:localhost/127.0.0.1:1808]
22:59:06.738 [Forwarding getCurrentUrl on session 547c81105eacffe065d275a69833c13f to remote] DEBUG org.asynchttpclient.netty.request.NettyRequestSender - Using pooled Channel '[id: 0xc6ca34bc, L:/127.0.0.1:54269 - R:localhost/127.0.0.1:1808]' for 'GET' to 'http://localhost:1808/session/547c81105eacffe065d275a69833c13f/url'
22:59:06.738 [Forwarding getCurrentUrl on session 547c81105eacffe065d275a69833c13f to remote] DEBUG org.asynchttpclient.netty.request.NettyRequestSender - Using open Channel [id: 0xc6ca34bc, L:/127.0.0.1:54269 - R:localhost/127.0.0.1:1808] for GET '/session/547c81105eacffe065d275a69833c13f/url'
22:59:06.745 [AsyncHttpClient-1-11] DEBUG org.asynchttpclient.netty.handler.HttpHandler - 

Request DefaultFullHttpRequest(decodeResult: success, version: HTTP/1.1, content: EmptyByteBufBE)
GET /session/547c81105eacffe065d275a69833c13f/url HTTP/1.1
User-Agent: selenium/4.8.1 (java windows)
Cache-Control: no-cache
Content-Type: application/json; charset=utf-8
host: localhost:1808
accept: */*

Response DefaultHttpResponse(decodeResult: success, version: HTTP/1.1)
HTTP/1.1 200 OK
Content-Length: 54
Content-Type: application/json; charset=utf-8
cache-control: no-cache

22:59:06.745 [AsyncHttpClient-1-11] DEBUG org.asynchttpclient.netty.channel.ChannelManager - Adding key: http://localhost:1808 for channel [id: 0xc6ca34bc, L:/127.0.0.1:54269 - R:localhost/127.0.0.1:1808]
22:59:06.755 [Forwarding getPageSource on session 547c81105eacffe065d275a69833c13f to remote] DEBUG org.asynchttpclient.netty.request.NettyRequestSender - Using pooled Channel '[id: 0xc6ca34bc, L:/127.0.0.1:54269 - R:localhost/127.0.0.1:1808]' for 'POST' to 'http://localhost:1808/session/547c81105eacffe065d275a69833c13f/execute/sync'
22:59:06.755 [Forwarding getPageSource on session 547c81105eacffe065d275a69833c13f to remote] DEBUG org.asynchttpclient.netty.request.NettyRequestSender - Using open Channel [id: 0xc6ca34bc, L:/127.0.0.1:54269 - R:localhost/127.0.0.1:1808] for POST '/session/547c81105eacffe065d275a69833c13f/execute/sync'
22:59:06.762 [AsyncHttpClient-1-11] DEBUG org.asynchttpclient.netty.handler.HttpHandler - 

Request DefaultHttpRequest(decodeResult: success, version: HTTP/1.1)
POST /session/547c81105eacffe065d275a69833c13f/execute/sync HTTP/1.1
User-Agent: selenium/4.8.1 (java windows)
Content-Length: 176
Content-Type: application/json; charset=utf-8
host: localhost:1808
accept: */*

Response DefaultHttpResponse(decodeResult: success, version: HTTP/1.1)
HTTP/1.1 200 OK
Content-Length: 23173
Content-Type: application/json; charset=utf-8
cache-control: no-cache

22:59:06.762 [AsyncHttpClient-1-11] DEBUG org.asynchttpclient.netty.channel.ChannelManager - Adding key: http://localhost:1808 for channel [id: 0xc6ca34bc, L:/127.0.0.1:54269 - R:localhost/127.0.0.1:1808]
22:59:06.767 [Forwarding getCurrentUrl on session 547c81105eacffe065d275a69833c13f to remote] DEBUG org.asynchttpclient.netty.request.NettyRequestSender - Using pooled Channel '[id: 0xc6ca34bc, L:/127.0.0.1:54269 - R:localhost/127.0.0.1:1808]' for 'GET' to 'http://localhost:1808/session/547c81105eacffe065d275a69833c13f/url'
22:59:06.767 [Forwarding getCurrentUrl on session 547c81105eacffe065d275a69833c13f to remote] DEBUG org.asynchttpclient.netty.request.NettyRequestSender - Using open Channel [id: 0xc6ca34bc, L:/127.0.0.1:54269 - R:localhost/127.0.0.1:1808] for GET '/session/547c81105eacffe065d275a69833c13f/url'
22:59:06.773 [AsyncHttpClient-1-11] DEBUG org.asynchttpclient.netty.handler.HttpHandler - 

Request DefaultFullHttpRequest(decodeResult: success, version: HTTP/1.1, content: EmptyByteBufBE)
GET /session/547c81105eacffe065d275a69833c13f/url HTTP/1.1
User-Agent: selenium/4.8.1 (java windows)
Cache-Control: no-cache
Content-Type: application/json; charset=utf-8
host: localhost:1808
accept: */*

Response DefaultHttpResponse(decodeResult: success, version: HTTP/1.1)
HTTP/1.1 200 OK
Content-Length: 54
Content-Type: application/json; charset=utf-8
cache-control: no-cache

22:59:06.773 [AsyncHttpClient-1-11] DEBUG org.asynchttpclient.netty.channel.ChannelManager - Adding key: http://localhost:1808 for channel [id: 0xc6ca34bc, L:/127.0.0.1:54269 - R:localhost/127.0.0.1:1808]
22:59:06.775 [main] DEBUG net.thucydides.core.steps.StepInterceptor - STARTING STEP: RegisterSteps.goToTheLoginpage - validateOnTheLoginPage
22:59:06.777 [Forwarding findElement on session 547c81105eacffe065d275a69833c13f to remote] DEBUG org.asynchttpclient.netty.request.NettyRequestSender - Using pooled Channel '[id: 0xc6ca34bc, L:/127.0.0.1:54269 - R:localhost/127.0.0.1:1808]' for 'POST' to 'http://localhost:1808/session/547c81105eacffe065d275a69833c13f/element'
22:59:06.778 [Forwarding findElement on session 547c81105eacffe065d275a69833c13f to remote] DEBUG org.asynchttpclient.netty.request.NettyRequestSender - Using open Channel [id: 0xc6ca34bc, L:/127.0.0.1:54269 - R:localhost/127.0.0.1:1808] for POST '/session/547c81105eacffe065d275a69833c13f/element'
22:59:06.795 [AsyncHttpClient-1-11] DEBUG org.asynchttpclient.netty.handler.HttpHandler - 

Request DefaultHttpRequest(decodeResult: success, version: HTTP/1.1)
POST /session/547c81105eacffe065d275a69833c13f/element HTTP/1.1
User-Agent: selenium/4.8.1 (java windows)
Content-Length: 61
Content-Type: application/json; charset=utf-8
host: localhost:1808
accept: */*

Response DefaultHttpResponse(decodeResult: success, version: HTTP/1.1)
HTTP/1.1 200 OK
Content-Length: 95
Content-Type: application/json; charset=utf-8
cache-control: no-cache

22:59:06.795 [AsyncHttpClient-1-11] DEBUG org.asynchttpclient.netty.channel.ChannelManager - Adding key: http://localhost:1808 for channel [id: 0xc6ca34bc, L:/127.0.0.1:54269 - R:localhost/127.0.0.1:1808]
22:59:06.798 [Forwarding isElementDisplayed on session 547c81105eacffe065d275a69833c13f to remote] DEBUG org.asynchttpclient.netty.request.NettyRequestSender - Using pooled Channel '[id: 0xc6ca34bc, L:/127.0.0.1:54269 - R:localhost/127.0.0.1:1808]' for 'POST' to 'http://localhost:1808/session/547c81105eacffe065d275a69833c13f/execute/sync'
22:59:06.798 [Forwarding isElementDisplayed on session 547c81105eacffe065d275a69833c13f to remote] DEBUG org.asynchttpclient.netty.request.NettyRequestSender - Using open Channel [id: 0xc6ca34bc, L:/127.0.0.1:54269 - R:localhost/127.0.0.1:1808] for POST '/session/547c81105eacffe065d275a69833c13f/execute/sync'
22:59:06.817 [AsyncHttpClient-1-11] DEBUG org.asynchttpclient.netty.handler.HttpHandler - 

Request DefaultHttpRequest(decodeResult: success, version: HTTP/1.1)
POST /session/547c81105eacffe065d275a69833c13f/execute/sync HTTP/1.1
User-Agent: selenium/4.8.1 (java windows)
Content-Length: 48814
Content-Type: application/json; charset=utf-8
host: localhost:1808
accept: */*

Response DefaultHttpResponse(decodeResult: success, version: HTTP/1.1)
HTTP/1.1 200 OK
Content-Length: 14
Content-Type: application/json; charset=utf-8
cache-control: no-cache

22:59:06.817 [AsyncHttpClient-1-11] DEBUG org.asynchttpclient.netty.channel.ChannelManager - Adding key: http://localhost:1808 for channel [id: 0xc6ca34bc, L:/127.0.0.1:54269 - R:localhost/127.0.0.1:1808]
22:59:06.822 [Forwarding getAlertText on session 547c81105eacffe065d275a69833c13f to remote] DEBUG org.asynchttpclient.netty.request.NettyRequestSender - Using pooled Channel '[id: 0xc6ca34bc, L:/127.0.0.1:54269 - R:localhost/127.0.0.1:1808]' for 'GET' to 'http://localhost:1808/session/547c81105eacffe065d275a69833c13f/alert/text'
22:59:06.822 [Forwarding getAlertText on session 547c81105eacffe065d275a69833c13f to remote] DEBUG org.asynchttpclient.netty.request.NettyRequestSender - Using open Channel [id: 0xc6ca34bc, L:/127.0.0.1:54269 - R:localhost/127.0.0.1:1808] for GET '/session/547c81105eacffe065d275a69833c13f/alert/text'
22:59:06.824 [AsyncHttpClient-1-11] DEBUG org.asynchttpclient.netty.handler.HttpHandler - 

Request DefaultFullHttpRequest(decodeResult: success, version: HTTP/1.1, content: EmptyByteBufBE)
GET /session/547c81105eacffe065d275a69833c13f/alert/text HTTP/1.1
User-Agent: selenium/4.8.1 (java windows)
Cache-Control: no-cache
Content-Type: application/json; charset=utf-8
host: localhost:1808
accept: */*

Response DefaultHttpResponse(decodeResult: success, version: HTTP/1.1)
HTTP/1.1 404 Not Found
Content-Length: 820
Content-Type: application/json; charset=utf-8
cache-control: no-cache

22:59:06.824 [AsyncHttpClient-1-11] DEBUG org.asynchttpclient.netty.channel.ChannelManager - Adding key: http://localhost:1808 for channel [id: 0xc6ca34bc, L:/127.0.0.1:54269 - R:localhost/127.0.0.1:1808]
22:59:06.826 [Forwarding getCurrentUrl on session 547c81105eacffe065d275a69833c13f to remote] DEBUG org.asynchttpclient.netty.request.NettyRequestSender - Using pooled Channel '[id: 0xc6ca34bc, L:/127.0.0.1:54269 - R:localhost/127.0.0.1:1808]' for 'GET' to 'http://localhost:1808/session/547c81105eacffe065d275a69833c13f/url'
22:59:06.826 [Forwarding getCurrentUrl on session 547c81105eacffe065d275a69833c13f to remote] DEBUG org.asynchttpclient.netty.request.NettyRequestSender - Using open Channel [id: 0xc6ca34bc, L:/127.0.0.1:54269 - R:localhost/127.0.0.1:1808] for GET '/session/547c81105eacffe065d275a69833c13f/url'
22:59:06.831 [AsyncHttpClient-1-11] DEBUG org.asynchttpclient.netty.handler.HttpHandler - 

Request DefaultFullHttpRequest(decodeResult: success, version: HTTP/1.1, content: EmptyByteBufBE)
GET /session/547c81105eacffe065d275a69833c13f/url HTTP/1.1
User-Agent: selenium/4.8.1 (java windows)
Cache-Control: no-cache
Content-Type: application/json; charset=utf-8
host: localhost:1808
accept: */*

Response DefaultHttpResponse(decodeResult: success, version: HTTP/1.1)
HTTP/1.1 200 OK
Content-Length: 54
Content-Type: application/json; charset=utf-8
cache-control: no-cache

22:59:06.831 [AsyncHttpClient-1-11] DEBUG org.asynchttpclient.netty.channel.ChannelManager - Adding key: http://localhost:1808 for channel [id: 0xc6ca34bc, L:/127.0.0.1:54269 - R:localhost/127.0.0.1:1808]
22:59:06.832 [Forwarding screenshot on session 547c81105eacffe065d275a69833c13f to remote] DEBUG org.asynchttpclient.netty.request.NettyRequestSender - Using pooled Channel '[id: 0xc6ca34bc, L:/127.0.0.1:54269 - R:localhost/127.0.0.1:1808]' for 'GET' to 'http://localhost:1808/session/547c81105eacffe065d275a69833c13f/screenshot'
22:59:06.832 [Forwarding screenshot on session 547c81105eacffe065d275a69833c13f to remote] DEBUG org.asynchttpclient.netty.request.NettyRequestSender - Using open Channel [id: 0xc6ca34bc, L:/127.0.0.1:54269 - R:localhost/127.0.0.1:1808] for GET '/session/547c81105eacffe065d275a69833c13f/screenshot'
22:59:07.031 [AsyncHttpClient-1-11] DEBUG org.asynchttpclient.netty.handler.HttpHandler - 

Request DefaultFullHttpRequest(decodeResult: success, version: HTTP/1.1, content: EmptyByteBufBE)
GET /session/547c81105eacffe065d275a69833c13f/screenshot HTTP/1.1
User-Agent: selenium/4.8.1 (java windows)
Cache-Control: no-cache
Content-Type: application/json; charset=utf-8
host: localhost:1808
accept: */*

Response DefaultHttpResponse(decodeResult: success, version: HTTP/1.1)
HTTP/1.1 200 OK
Content-Length: 51028
Content-Type: application/json; charset=utf-8
cache-control: no-cache

22:59:07.032 [AsyncHttpClient-1-11] DEBUG org.asynchttpclient.netty.channel.ChannelManager - Adding key: http://localhost:1808 for channel [id: 0xc6ca34bc, L:/127.0.0.1:54269 - R:localhost/127.0.0.1:1808]
22:59:07.034 [main] DEBUG net.serenitybdd.core.photography.Darkroom - Send negative for processing for target\site\serenity\bb590c511c5b7dffa62e05bc3bcfac46f7411e462789b2c558bb771c642ef795.png
22:59:07.034 [main] DEBUG net.thucydides.core.steps.StepInterceptor - STEP DONE: validateOnTheLoginPage
22:59:07.034 [Darkroom Processing Line] DEBUG net.serenitybdd.core.photography.DarkroomProcessingLine - Processing screenshot image in /var/screenshots/screenshot-1678966876369016865
22:59:07.034 [Darkroom Processing Line] DEBUG net.serenitybdd.core.photography.DarkroomProcessingLine - Saving screenshot to target\site\serenity\bb590c511c5b7dffa62e05bc3bcfac46f7411e462789b2c558bb771c642ef795.png
  &amp#27;[32mThen &amp#27;[0m&amp#27;[32mI go to the login page&amp#27;[0m                       &amp#27;[90m# starter.stepdefinitions.RegisterSteps.goToTheLoginpage()&amp#27;[0m
22:59:07.039 [main] INFO  - 
  _____   ___   ___   _____     ___     _     ___   ___   ___   ___  
 |_   _| | __| / __| |_   _|   | _ \   /_\   / __| / __| | __| |   \ 
   | |   | _|  \__ \   | |     |  _/  / _ \  \__ \ \__ \ | _|  | |) |
   |_|   |___| |___/   |_|     |_|   /_/ \_\ |___/ |___/ |___| |___/ 

Failed register with does not exist email
----------------------------------------------------------------------
22:59:07.040 [AsyncHttpClient-1-13] DEBUG org.asynchttpclient.netty.handler.WebSocketHandler - Channel Closed: [id: 0x4dd2dc37, L:/127.0.0.1:54280 ! R:localhost/127.0.0.1:54272] with attribute NettyResponseFuture{currentRetry=0,
	isDone=1,
	isCancelled=0,
	asyncHandler=org.asynchttpclient.ws.WebSocketUpgradeHandler@3ce0868e,
	nettyRequest=org.asynchttpclient.netty.request.NettyRequest@79e21f76,
	future=java.util.concurrent.CompletableFuture@8646aa9[Completed normally],
	uri=ws://localhost:54272/devtools/browser/724bc0bc-ffbd-4675-8bc1-91ea604bbc9e,
	keepAlive=true,
	redirectCount=0,
	timeoutsHolder=null,
	inAuth=0,
	touch=1683561542472}
22:59:07.040 [Driver Command Executor] DEBUG org.asynchttpclient.netty.request.NettyRequestSender - Using pooled Channel '[id: 0xc6ca34bc, L:/127.0.0.1:54269 - R:localhost/127.0.0.1:1808]' for 'DELETE' to 'http://localhost:1808/session/547c81105eacffe065d275a69833c13f'
22:59:07.040 [AsyncHttpClient-1-13] DEBUG org.asynchttpclient.netty.channel.ChannelManager - Closing Channel [id: 0x4dd2dc37, L:/127.0.0.1:54280 ! R:localhost/127.0.0.1:54272] 
22:59:07.040 [Driver Command Executor] DEBUG org.asynchttpclient.netty.request.NettyRequestSender - Using open Channel [id: 0xc6ca34bc, L:/127.0.0.1:54269 - R:localhost/127.0.0.1:1808] for DELETE '/session/547c81105eacffe065d275a69833c13f'
22:59:07.204 [AsyncHttpClient-1-12] DEBUG org.asynchttpclient.netty.handler.HttpHandler - Unexpected I/O exception on channel [id: 0xdc59dd8a, L:/127.0.0.1:54279 - R:localhost/127.0.0.1:54272]
java.io.IOException: An existing connection was forcibly closed by the remote host
	at sun.nio.ch.SocketDispatcher.read0(Native Method)
	at sun.nio.ch.SocketDispatcher.read(SocketDispatcher.java:43)
	at sun.nio.ch.IOUtil.readIntoNativeBuffer(IOUtil.java:223)
	at sun.nio.ch.IOUtil.read(IOUtil.java:192)
	at sun.nio.ch.SocketChannelImpl.read(SocketChannelImpl.java:378)
	at io.netty.buffer.PooledByteBuf.setBytes(PooledByteBuf.java:259)
	at io.netty.buffer.AbstractByteBuf.writeBytes(AbstractByteBuf.java:1132)
	at io.netty.channel.socket.nio.NioSocketChannel.doReadBytes(NioSocketChannel.java:357)
	at io.netty.channel.nio.AbstractNioByteChannel$NioByteUnsafe.read(AbstractNioByteChannel.java:151)
	at io.netty.channel.nio.NioEventLoop.processSelectedKey(NioEventLoop.java:788)
	at io.netty.channel.nio.NioEventLoop.processSelectedKeysOptimized(NioEventLoop.java:724)
	at io.netty.channel.nio.NioEventLoop.processSelectedKeys(NioEventLoop.java:650)
	at io.netty.channel.nio.NioEventLoop.run(NioEventLoop.java:562)
	at io.netty.util.concurrent.SingleThreadEventExecutor$4.run(SingleThreadEventExecutor.java:997)
	at io.netty.util.internal.ThreadExecutorMap$2.run(ThreadExecutorMap.java:74)
	at io.netty.util.concurrent.FastThreadLocalRunnable.run(FastThreadLocalRunnable.java:30)
	at java.lang.Thread.run(Thread.java:750)
22:59:07.204 [AsyncHttpClient-1-12] DEBUG org.asynchttpclient.netty.channel.ChannelManager - Closing Channel [id: 0xdc59dd8a, L:/127.0.0.1:54279 - R:localhost/127.0.0.1:54272] 
22:59:07.205 [AsyncHttpClient-1-12] DEBUG org.asynchttpclient.netty.handler.HttpHandler - Channel Closed: [id: 0xdc59dd8a, L:/127.0.0.1:54279 ! R:localhost/127.0.0.1:54272] with attribute DISCARD
22:59:07.240 [AsyncHttpClient-1-11] DEBUG org.asynchttpclient.netty.handler.HttpHandler - 

Request DefaultFullHttpRequest(decodeResult: success, version: HTTP/1.1, content: EmptyByteBufBE)
DELETE /session/547c81105eacffe065d275a69833c13f HTTP/1.1
User-Agent: selenium/4.8.1 (java windows)
Content-Type: application/json; charset=utf-8
host: localhost:1808
accept: */*

Response DefaultHttpResponse(decodeResult: success, version: HTTP/1.1)
HTTP/1.1 200 OK
Content-Length: 14
Content-Type: application/json; charset=utf-8
cache-control: no-cache

22:59:07.240 [AsyncHttpClient-1-11] DEBUG org.asynchttpclient.netty.channel.ChannelManager - Adding key: http://localhost:1808 for channel [id: 0xc6ca34bc, L:/127.0.0.1:54269 - R:localhost/127.0.0.1:1808]
22:59:07.303 [AsyncHttpClient-1-11] DEBUG org.asynchttpclient.netty.handler.HttpHandler - Channel Closed: [id: 0xc6ca34bc, L:/127.0.0.1:54269 ! R:localhost/127.0.0.1:1808] with attribute DISCARD
22:59:07.603 [AsyncHttpClient-1-1] DEBUG org.asynchttpclient.netty.channel.DefaultChannelPool - Entry count for : http://localhost:1808 : 1
22:59:07.603 [AsyncHttpClient-1-1] DEBUG org.asynchttpclient.netty.channel.DefaultChannelPool - Entry count for : http://localhost:54272 : 1
22:59:07.603 [AsyncHttpClient-1-1] DEBUG org.asynchttpclient.netty.channel.DefaultChannelPool - Adding Candidate expired Channel [id: 0xc6ca34bc, L:/127.0.0.1:54269 ! R:localhost/127.0.0.1:1808] isIdleTimeoutExpired=false isRemotelyClosed=true isTtlExpired=false
22:59:07.603 [AsyncHttpClient-1-1] DEBUG org.asynchttpclient.netty.channel.DefaultChannelPool - Closing Idle Channel [id: 0xc6ca34bc, L:/127.0.0.1:54269 ! R:localhost/127.0.0.1:1808]
22:59:07.603 [AsyncHttpClient-1-1] DEBUG org.asynchttpclient.netty.channel.DefaultChannelPool - Adding Candidate expired Channel [id: 0xdc59dd8a, L:/127.0.0.1:54279 ! R:localhost/127.0.0.1:54272] isIdleTimeoutExpired=false isRemotelyClosed=true isTtlExpired=false
22:59:07.603 [AsyncHttpClient-1-1] DEBUG org.asynchttpclient.netty.channel.DefaultChannelPool - Closing Idle Channel [id: 0xdc59dd8a, L:/127.0.0.1:54279 ! R:localhost/127.0.0.1:54272]
22:59:07.603 [AsyncHttpClient-1-1] DEBUG org.asynchttpclient.netty.channel.DefaultChannelPool - Closed 2 connections out of 2 in 0 ms
]]></system-out>
    <system-err><![CDATA[Starting ChromeDriver 113.0.5672.63 (0e1a4471d5ae5bf128b1bd8f4d627c8cbd55f70c-refs/branch-heads/5672@{#912}) on port 1808
Only local connections are allowed.
Please see https://chromedriver.chromium.org/security-considerations for suggestions on keeping ChromeDriver safe.
ChromeDriver was started successfully.
May 08, 2023 10:59:02 PM org.openqa.selenium.devtools.CdpVersionFinder findNearestMatch
WARNING: Unable to find an exact match for CDP version 113, so returning the closest version found: 110
]]></system-err>
  </testcase>
  <testcase name="Failed register with not fill all" classname="Register" time="7.947">
    <system-out><![CDATA[
@Register(-)
Scenario: Failed register with not fill all &amp#27;[90m# src/test/resources/features/1.Register.feature:43&amp#27;[0m
22:59:07.888 [main] DEBUG io.cucumber.core.plugin.SerenityReporter - Running feature from file:///D:/1.%20QA%20ALTERRA%20ACADEMY/MobileTesting/MiniProjectWEB/src/test/resources/features/1.Register.feature
22:59:07.893 [main] INFO  - 
  _____   ___   ___   _____     ___   _____     _     ___   _____   ___   ___  
 |_   _| | __| / __| |_   _|   / __| |_   _|   /_\   | _ \ |_   _| | __| |   \ 
   | |   | _|  \__ \   | |     \__ \   | |    / _ \  |   /   | |   | _|  | |) |
   |_|   |___| |___/   |_|     |___/   |_|   /_/ \_\ |_|_\   |_|   |___| |___/ 

Failed register with not fill all(register;failed-register-with-not-fill-all)
--------------------------------------------------------------------------------
22:59:08.047 [main] INFO net.serenitybdd.core.webdriver.driverproviders.ChromeDriverProvider - Starting Chrome driver instance with capabilities:
22:59:08.047 [main] INFO net.serenitybdd.core.webdriver.driverproviders.ChromeDriverProvider - Capabilities {acceptInsecureCerts: false, browserName: chrome, goog:chromeOptions: {args: [remote-allow-origins=*], extensions: []}}
22:59:09.048 [AsyncHttpClient-1-14] DEBUG org.asynchttpclient.netty.channel.NettyConnectListener - Using new Channel '[id: 0xe321f0e7, L:/127.0.0.1:54295 - R:localhost/127.0.0.1:47419]' for 'POST' to '/session'
22:59:09.590 [AsyncHttpClient-1-14] DEBUG org.asynchttpclient.netty.handler.HttpHandler - 

Request DefaultHttpRequest(decodeResult: success, version: HTTP/1.1)
POST /session HTTP/1.1
User-Agent: selenium/4.8.1 (java windows)
Content-Length: 507
Content-Type: application/json; charset=utf-8
host: localhost:47419
accept: */*

Response DefaultHttpResponse(decodeResult: success, version: HTTP/1.1)
HTTP/1.1 200 OK
Content-Length: 861
Content-Type: application/json; charset=utf-8
cache-control: no-cache

22:59:09.591 [AsyncHttpClient-1-14] DEBUG org.asynchttpclient.netty.channel.ChannelManager - Adding key: http://localhost:47419 for channel [id: 0xe321f0e7, L:/127.0.0.1:54295 - R:localhost/127.0.0.1:47419]
22:59:09.597 [AsyncHttpClient-1-15] DEBUG org.asynchttpclient.netty.channel.NettyConnectListener - Using new Channel '[id: 0x82b3262c, L:/127.0.0.1:54303 - R:localhost/127.0.0.1:54296]' for 'GET' to '/json/version'
22:59:09.598 [AsyncHttpClient-1-15] DEBUG org.asynchttpclient.netty.handler.HttpHandler - 

Request DefaultFullHttpRequest(decodeResult: success, version: HTTP/1.1, content: EmptyByteBufBE)
GET /json/version HTTP/1.1
User-Agent: selenium/4.8.1 (java windows)
host: localhost:54296
accept: */*

Response DefaultHttpResponse(decodeResult: success, version: HTTP/1.1)
HTTP/1.1 200 OK
Content-Security-Policy: frame-ancestors 'none'
Content-Length: 422
Content-Type: application/json; charset=UTF-8

22:59:09.598 [AsyncHttpClient-1-15] DEBUG org.asynchttpclient.netty.channel.ChannelManager - Adding key: http://localhost:54296 for channel [id: 0x82b3262c, L:/127.0.0.1:54303 - R:localhost/127.0.0.1:54296]
22:59:09.600 [AsyncHttpClient-1-16] DEBUG org.asynchttpclient.netty.channel.NettyConnectListener - Using new Channel '[id: 0x36c615e6, L:/127.0.0.1:54304 - R:localhost/127.0.0.1:54296]' for 'GET' to '/devtools/browser/ad3520ee-0984-4113-9a22-62d883ce2232'
22:59:09.601 [AsyncHttpClient-1-16] DEBUG org.asynchttpclient.netty.handler.WebSocketHandler - 

Request DefaultFullHttpRequest(decodeResult: success, version: HTTP/1.1, content: EmptyByteBufBE)
GET /devtools/browser/ad3520ee-0984-4113-9a22-62d883ce2232 HTTP/1.1
upgrade: websocket
connection: upgrade
sec-websocket-key: RSveL+htyb+p2iD/jjefMg==
sec-websocket-version: 13
origin: http://localhost:54296
host: localhost:54296
accept: */*
user-agent: AHC/2.1

Response DefaultHttpResponse(decodeResult: success, version: HTTP/1.1)
HTTP/1.1 101 WebSocket Protocol Handshake
Upgrade: WebSocket
Connection: Upgrade
Sec-WebSocket-Accept: VRZFlR8Tt5lKoHSGArpMb2uT1Uo=

22:59:09.604 [Forwarding get on session faa8525703f302829f202040848338b9 to remote] DEBUG org.asynchttpclient.netty.request.NettyRequestSender - Using pooled Channel '[id: 0xe321f0e7, L:/127.0.0.1:54295 - R:localhost/127.0.0.1:47419]' for 'POST' to 'http://localhost:47419/session/faa8525703f302829f202040848338b9/url'
22:59:09.604 [Forwarding get on session faa8525703f302829f202040848338b9 to remote] DEBUG org.asynchttpclient.netty.request.NettyRequestSender - Using open Channel [id: 0xe321f0e7, L:/127.0.0.1:54295 - R:localhost/127.0.0.1:47419] for POST '/session/faa8525703f302829f202040848338b9/url'
22:59:09.807 [AsyncHttpClient-1-1] DEBUG org.asynchttpclient.netty.channel.DefaultChannelPool - Entry count for : http://localhost:54296 : 1
22:59:10.898 [AsyncHttpClient-1-1] DEBUG org.asynchttpclient.netty.channel.DefaultChannelPool - Entry count for : http://localhost:54296 : 1
22:59:11.831 [AsyncHttpClient-1-14] DEBUG org.asynchttpclient.netty.handler.HttpHandler - 

Request DefaultHttpRequest(decodeResult: success, version: HTTP/1.1)
POST /session/faa8525703f302829f202040848338b9/url HTTP/1.1
User-Agent: selenium/4.8.1 (java windows)
Content-Length: 77
Content-Type: application/json; charset=utf-8
host: localhost:47419
accept: */*

Response DefaultHttpResponse(decodeResult: success, version: HTTP/1.1)
HTTP/1.1 200 OK
Content-Length: 14
Content-Type: application/json; charset=utf-8
cache-control: no-cache

22:59:11.831 [AsyncHttpClient-1-14] DEBUG org.asynchttpclient.netty.channel.ChannelManager - Adding key: http://localhost:47419 for channel [id: 0xe321f0e7, L:/127.0.0.1:54295 - R:localhost/127.0.0.1:47419]
22:59:11.832 [Forwarding setTimeout on session faa8525703f302829f202040848338b9 to remote] DEBUG org.asynchttpclient.netty.request.NettyRequestSender - Using pooled Channel '[id: 0xe321f0e7, L:/127.0.0.1:54295 - R:localhost/127.0.0.1:47419]' for 'POST' to 'http://localhost:47419/session/faa8525703f302829f202040848338b9/timeouts'
22:59:11.832 [Forwarding setTimeout on session faa8525703f302829f202040848338b9 to remote] DEBUG org.asynchttpclient.netty.request.NettyRequestSender - Using open Channel [id: 0xe321f0e7, L:/127.0.0.1:54295 - R:localhost/127.0.0.1:47419] for POST '/session/faa8525703f302829f202040848338b9/timeouts'
22:59:11.833 [AsyncHttpClient-1-14] DEBUG org.asynchttpclient.netty.handler.HttpHandler - 

Request DefaultHttpRequest(decodeResult: success, version: HTTP/1.1)
POST /session/faa8525703f302829f202040848338b9/timeouts HTTP/1.1
User-Agent: selenium/4.8.1 (java windows)
Content-Length: 22
Content-Type: application/json; charset=utf-8
host: localhost:47419
accept: */*

Response DefaultHttpResponse(decodeResult: success, version: HTTP/1.1)
HTTP/1.1 200 OK
Content-Length: 14
Content-Type: application/json; charset=utf-8
cache-control: no-cache

22:59:11.833 [AsyncHttpClient-1-14] DEBUG org.asynchttpclient.netty.channel.ChannelManager - Adding key: http://localhost:47419 for channel [id: 0xe321f0e7, L:/127.0.0.1:54295 - R:localhost/127.0.0.1:47419]
  &amp#27;[32mGiven &amp#27;[0m&amp#27;[32mI am on the register page&amp#27;[0m           &amp#27;[90m# starter.stepdefinitions.RegisterSteps.onTheRegisterPage()&amp#27;[0m
22:59:11.838 [Forwarding getAlertText on session faa8525703f302829f202040848338b9 to remote] DEBUG org.asynchttpclient.netty.request.NettyRequestSender - Using pooled Channel '[id: 0xe321f0e7, L:/127.0.0.1:54295 - R:localhost/127.0.0.1:47419]' for 'GET' to 'http://localhost:47419/session/faa8525703f302829f202040848338b9/alert/text'
22:59:11.838 [Forwarding getAlertText on session faa8525703f302829f202040848338b9 to remote] DEBUG org.asynchttpclient.netty.request.NettyRequestSender - Using open Channel [id: 0xe321f0e7, L:/127.0.0.1:54295 - R:localhost/127.0.0.1:47419] for GET '/session/faa8525703f302829f202040848338b9/alert/text'
22:59:11.840 [AsyncHttpClient-1-14] DEBUG org.asynchttpclient.netty.handler.HttpHandler - 

Request DefaultFullHttpRequest(decodeResult: success, version: HTTP/1.1, content: EmptyByteBufBE)
GET /session/faa8525703f302829f202040848338b9/alert/text HTTP/1.1
User-Agent: selenium/4.8.1 (java windows)
Cache-Control: no-cache
Content-Type: application/json; charset=utf-8
host: localhost:47419
accept: */*

Response DefaultHttpResponse(decodeResult: success, version: HTTP/1.1)
HTTP/1.1 404 Not Found
Content-Length: 820
Content-Type: application/json; charset=utf-8
cache-control: no-cache

22:59:11.840 [AsyncHttpClient-1-14] DEBUG org.asynchttpclient.netty.channel.ChannelManager - Adding key: http://localhost:47419 for channel [id: 0xe321f0e7, L:/127.0.0.1:54295 - R:localhost/127.0.0.1:47419]
22:59:11.841 [Forwarding getCurrentUrl on session faa8525703f302829f202040848338b9 to remote] DEBUG org.asynchttpclient.netty.request.NettyRequestSender - Using pooled Channel '[id: 0xe321f0e7, L:/127.0.0.1:54295 - R:localhost/127.0.0.1:47419]' for 'GET' to 'http://localhost:47419/session/faa8525703f302829f202040848338b9/url'
22:59:11.841 [Forwarding getCurrentUrl on session faa8525703f302829f202040848338b9 to remote] DEBUG org.asynchttpclient.netty.request.NettyRequestSender - Using open Channel [id: 0xe321f0e7, L:/127.0.0.1:54295 - R:localhost/127.0.0.1:47419] for GET '/session/faa8525703f302829f202040848338b9/url'
22:59:11.851 [AsyncHttpClient-1-14] DEBUG org.asynchttpclient.netty.handler.HttpHandler - 

Request DefaultFullHttpRequest(decodeResult: success, version: HTTP/1.1, content: EmptyByteBufBE)
GET /session/faa8525703f302829f202040848338b9/url HTTP/1.1
User-Agent: selenium/4.8.1 (java windows)
Cache-Control: no-cache
Content-Type: application/json; charset=utf-8
host: localhost:47419
accept: */*

Response DefaultHttpResponse(decodeResult: success, version: HTTP/1.1)
HTTP/1.1 200 OK
Content-Length: 54
Content-Type: application/json; charset=utf-8
cache-control: no-cache

22:59:11.851 [AsyncHttpClient-1-14] DEBUG org.asynchttpclient.netty.channel.ChannelManager - Adding key: http://localhost:47419 for channel [id: 0xe321f0e7, L:/127.0.0.1:54295 - R:localhost/127.0.0.1:47419]
22:59:11.853 [Forwarding screenshot on session faa8525703f302829f202040848338b9 to remote] DEBUG org.asynchttpclient.netty.request.NettyRequestSender - Using pooled Channel '[id: 0xe321f0e7, L:/127.0.0.1:54295 - R:localhost/127.0.0.1:47419]' for 'GET' to 'http://localhost:47419/session/faa8525703f302829f202040848338b9/screenshot'
22:59:11.853 [Forwarding screenshot on session faa8525703f302829f202040848338b9 to remote] DEBUG org.asynchttpclient.netty.request.NettyRequestSender - Using open Channel [id: 0xe321f0e7, L:/127.0.0.1:54295 - R:localhost/127.0.0.1:47419] for GET '/session/faa8525703f302829f202040848338b9/screenshot'
22:59:11.998 [AsyncHttpClient-1-1] DEBUG org.asynchttpclient.netty.channel.DefaultChannelPool - Entry count for : http://localhost:54296 : 1
22:59:12.074 [AsyncHttpClient-1-14] DEBUG org.asynchttpclient.netty.handler.HttpHandler - 

Request DefaultFullHttpRequest(decodeResult: success, version: HTTP/1.1, content: EmptyByteBufBE)
GET /session/faa8525703f302829f202040848338b9/screenshot HTTP/1.1
User-Agent: selenium/4.8.1 (java windows)
Cache-Control: no-cache
Content-Type: application/json; charset=utf-8
host: localhost:47419
accept: */*

Response DefaultHttpResponse(decodeResult: success, version: HTTP/1.1)
HTTP/1.1 200 OK
Content-Length: 37444
Content-Type: application/json; charset=utf-8
cache-control: no-cache

22:59:12.074 [AsyncHttpClient-1-14] DEBUG org.asynchttpclient.netty.channel.ChannelManager - Adding key: http://localhost:47419 for channel [id: 0xe321f0e7, L:/127.0.0.1:54295 - R:localhost/127.0.0.1:47419]
22:59:12.077 [main] DEBUG net.serenitybdd.core.photography.Darkroom - Send negative for processing for target\site\serenity\bda57162176918dbc601e790e561e44d98a21e455d3cfdc3a3a0d433ec37e6f1.png
22:59:12.081 [Forwarding getPageSource on session faa8525703f302829f202040848338b9 to remote] DEBUG org.asynchttpclient.netty.request.NettyRequestSender - Using pooled Channel '[id: 0xe321f0e7, L:/127.0.0.1:54295 - R:localhost/127.0.0.1:47419]' for 'POST' to 'http://localhost:47419/session/faa8525703f302829f202040848338b9/execute/sync'
22:59:12.081 [Forwarding getPageSource on session faa8525703f302829f202040848338b9 to remote] DEBUG org.asynchttpclient.netty.request.NettyRequestSender - Using open Channel [id: 0xe321f0e7, L:/127.0.0.1:54295 - R:localhost/127.0.0.1:47419] for POST '/session/faa8525703f302829f202040848338b9/execute/sync'
22:59:12.090 [AsyncHttpClient-1-14] DEBUG org.asynchttpclient.netty.handler.HttpHandler - 

Request DefaultHttpRequest(decodeResult: success, version: HTTP/1.1)
POST /session/faa8525703f302829f202040848338b9/execute/sync HTTP/1.1
User-Agent: selenium/4.8.1 (java windows)
Content-Length: 176
Content-Type: application/json; charset=utf-8
host: localhost:47419
accept: */*

Response DefaultHttpResponse(decodeResult: success, version: HTTP/1.1)
HTTP/1.1 200 OK
Content-Length: 22234
Content-Type: application/json; charset=utf-8
cache-control: no-cache

22:59:12.091 [AsyncHttpClient-1-14] DEBUG org.asynchttpclient.netty.channel.ChannelManager - Adding key: http://localhost:47419 for channel [id: 0xe321f0e7, L:/127.0.0.1:54295 - R:localhost/127.0.0.1:47419]
22:59:12.094 [Forwarding getCurrentUrl on session faa8525703f302829f202040848338b9 to remote] DEBUG org.asynchttpclient.netty.request.NettyRequestSender - Using pooled Channel '[id: 0xe321f0e7, L:/127.0.0.1:54295 - R:localhost/127.0.0.1:47419]' for 'GET' to 'http://localhost:47419/session/faa8525703f302829f202040848338b9/url'
22:59:12.094 [Forwarding getCurrentUrl on session faa8525703f302829f202040848338b9 to remote] DEBUG org.asynchttpclient.netty.request.NettyRequestSender - Using open Channel [id: 0xe321f0e7, L:/127.0.0.1:54295 - R:localhost/127.0.0.1:47419] for GET '/session/faa8525703f302829f202040848338b9/url'
22:59:12.101 [AsyncHttpClient-1-14] DEBUG org.asynchttpclient.netty.handler.HttpHandler - 

Request DefaultFullHttpRequest(decodeResult: success, version: HTTP/1.1, content: EmptyByteBufBE)
GET /session/faa8525703f302829f202040848338b9/url HTTP/1.1
User-Agent: selenium/4.8.1 (java windows)
Cache-Control: no-cache
Content-Type: application/json; charset=utf-8
host: localhost:47419
accept: */*

Response DefaultHttpResponse(decodeResult: success, version: HTTP/1.1)
HTTP/1.1 200 OK
Content-Length: 54
Content-Type: application/json; charset=utf-8
cache-control: no-cache

22:59:12.102 [AsyncHttpClient-1-14] DEBUG org.asynchttpclient.netty.channel.ChannelManager - Adding key: http://localhost:47419 for channel [id: 0xe321f0e7, L:/127.0.0.1:54295 - R:localhost/127.0.0.1:47419]
22:59:12.109 [Forwarding getPageSource on session faa8525703f302829f202040848338b9 to remote] DEBUG org.asynchttpclient.netty.request.NettyRequestSender - Using pooled Channel '[id: 0xe321f0e7, L:/127.0.0.1:54295 - R:localhost/127.0.0.1:47419]' for 'POST' to 'http://localhost:47419/session/faa8525703f302829f202040848338b9/execute/sync'
22:59:12.109 [Forwarding getPageSource on session faa8525703f302829f202040848338b9 to remote] DEBUG org.asynchttpclient.netty.request.NettyRequestSender - Using open Channel [id: 0xe321f0e7, L:/127.0.0.1:54295 - R:localhost/127.0.0.1:47419] for POST '/session/faa8525703f302829f202040848338b9/execute/sync'
22:59:12.120 [AsyncHttpClient-1-14] DEBUG org.asynchttpclient.netty.handler.HttpHandler - 

Request DefaultHttpRequest(decodeResult: success, version: HTTP/1.1)
POST /session/faa8525703f302829f202040848338b9/execute/sync HTTP/1.1
User-Agent: selenium/4.8.1 (java windows)
Content-Length: 176
Content-Type: application/json; charset=utf-8
host: localhost:47419
accept: */*

Response DefaultHttpResponse(decodeResult: success, version: HTTP/1.1)
HTTP/1.1 200 OK
Content-Length: 22234
Content-Type: application/json; charset=utf-8
cache-control: no-cache

22:59:12.120 [AsyncHttpClient-1-14] DEBUG org.asynchttpclient.netty.channel.ChannelManager - Adding key: http://localhost:47419 for channel [id: 0xe321f0e7, L:/127.0.0.1:54295 - R:localhost/127.0.0.1:47419]
22:59:12.123 [Forwarding getCurrentUrl on session faa8525703f302829f202040848338b9 to remote] DEBUG org.asynchttpclient.netty.request.NettyRequestSender - Using pooled Channel '[id: 0xe321f0e7, L:/127.0.0.1:54295 - R:localhost/127.0.0.1:47419]' for 'GET' to 'http://localhost:47419/session/faa8525703f302829f202040848338b9/url'
22:59:12.124 [Forwarding getCurrentUrl on session faa8525703f302829f202040848338b9 to remote] DEBUG org.asynchttpclient.netty.request.NettyRequestSender - Using open Channel [id: 0xe321f0e7, L:/127.0.0.1:54295 - R:localhost/127.0.0.1:47419] for GET '/session/faa8525703f302829f202040848338b9/url'
22:59:12.131 [AsyncHttpClient-1-14] DEBUG org.asynchttpclient.netty.handler.HttpHandler - 

Request DefaultFullHttpRequest(decodeResult: success, version: HTTP/1.1, content: EmptyByteBufBE)
GET /session/faa8525703f302829f202040848338b9/url HTTP/1.1
User-Agent: selenium/4.8.1 (java windows)
Cache-Control: no-cache
Content-Type: application/json; charset=utf-8
host: localhost:47419
accept: */*

Response DefaultHttpResponse(decodeResult: success, version: HTTP/1.1)
HTTP/1.1 200 OK
Content-Length: 54
Content-Type: application/json; charset=utf-8
cache-control: no-cache

22:59:12.131 [AsyncHttpClient-1-14] DEBUG org.asynchttpclient.netty.channel.ChannelManager - Adding key: http://localhost:47419 for channel [id: 0xe321f0e7, L:/127.0.0.1:54295 - R:localhost/127.0.0.1:47419]
22:59:12.132 [main] DEBUG net.thucydides.core.steps.StepInterceptor - STARTING STEP: RegisterSteps.notEnterFullName - notInputFullName
22:59:12.135 [Forwarding findElement on session faa8525703f302829f202040848338b9 to remote] DEBUG org.asynchttpclient.netty.request.NettyRequestSender - Using pooled Channel '[id: 0xe321f0e7, L:/127.0.0.1:54295 - R:localhost/127.0.0.1:47419]' for 'POST' to 'http://localhost:47419/session/faa8525703f302829f202040848338b9/element'
22:59:12.135 [Forwarding findElement on session faa8525703f302829f202040848338b9 to remote] DEBUG org.asynchttpclient.netty.request.NettyRequestSender - Using open Channel [id: 0xe321f0e7, L:/127.0.0.1:54295 - R:localhost/127.0.0.1:47419] for POST '/session/faa8525703f302829f202040848338b9/element'
22:59:12.151 [AsyncHttpClient-1-14] DEBUG org.asynchttpclient.netty.handler.HttpHandler - 

Request DefaultHttpRequest(decodeResult: success, version: HTTP/1.1)
POST /session/faa8525703f302829f202040848338b9/element HTTP/1.1
User-Agent: selenium/4.8.1 (java windows)
Content-Length: 55
Content-Type: application/json; charset=utf-8
host: localhost:47419
accept: */*

Response DefaultHttpResponse(decodeResult: success, version: HTTP/1.1)
HTTP/1.1 200 OK
Content-Length: 94
Content-Type: application/json; charset=utf-8
cache-control: no-cache

22:59:12.151 [AsyncHttpClient-1-14] DEBUG org.asynchttpclient.netty.channel.ChannelManager - Adding key: http://localhost:47419 for channel [id: 0xe321f0e7, L:/127.0.0.1:54295 - R:localhost/127.0.0.1:47419]
22:59:12.152 [Forwarding clearElement on session faa8525703f302829f202040848338b9 to remote] DEBUG org.asynchttpclient.netty.request.NettyRequestSender - Using pooled Channel '[id: 0xe321f0e7, L:/127.0.0.1:54295 - R:localhost/127.0.0.1:47419]' for 'POST' to 'http://localhost:47419/session/faa8525703f302829f202040848338b9/element/D52978E8EDDD5A233A008F88D8C965AA_element_7/clear'
22:59:12.152 [Forwarding clearElement on session faa8525703f302829f202040848338b9 to remote] DEBUG org.asynchttpclient.netty.request.NettyRequestSender - Using open Channel [id: 0xe321f0e7, L:/127.0.0.1:54295 - R:localhost/127.0.0.1:47419] for POST '/session/faa8525703f302829f202040848338b9/element/D52978E8EDDD5A233A008F88D8C965AA_element_7/clear'
22:59:12.204 [AsyncHttpClient-1-14] DEBUG org.asynchttpclient.netty.handler.HttpHandler - 

Request DefaultHttpRequest(decodeResult: success, version: HTTP/1.1)
POST /session/faa8525703f302829f202040848338b9/element/D52978E8EDDD5A233A008F88D8C965AA_element_7/clear HTTP/1.1
User-Agent: selenium/4.8.1 (java windows)
Content-Length: 56
Content-Type: application/json; charset=utf-8
host: localhost:47419
accept: */*

Response DefaultHttpResponse(decodeResult: success, version: HTTP/1.1)
HTTP/1.1 200 OK
Content-Length: 14
Content-Type: application/json; charset=utf-8
cache-control: no-cache

22:59:12.204 [AsyncHttpClient-1-14] DEBUG org.asynchttpclient.netty.channel.ChannelManager - Adding key: http://localhost:47419 for channel [id: 0xe321f0e7, L:/127.0.0.1:54295 - R:localhost/127.0.0.1:47419]
22:59:12.207 [Forwarding sendKeysToElement on session faa8525703f302829f202040848338b9 to remote] DEBUG org.asynchttpclient.netty.request.NettyRequestSender - Using pooled Channel '[id: 0xe321f0e7, L:/127.0.0.1:54295 - R:localhost/127.0.0.1:47419]' for 'POST' to 'http://localhost:47419/session/faa8525703f302829f202040848338b9/element/D52978E8EDDD5A233A008F88D8C965AA_element_7/value'
22:59:12.207 [Forwarding sendKeysToElement on session faa8525703f302829f202040848338b9 to remote] DEBUG org.asynchttpclient.netty.request.NettyRequestSender - Using open Channel [id: 0xe321f0e7, L:/127.0.0.1:54295 - R:localhost/127.0.0.1:47419] for POST '/session/faa8525703f302829f202040848338b9/element/D52978E8EDDD5A233A008F88D8C965AA_element_7/value'
22:59:12.281 [AsyncHttpClient-1-14] DEBUG org.asynchttpclient.netty.handler.HttpHandler - 

Request DefaultHttpRequest(decodeResult: success, version: HTTP/1.1)
POST /session/faa8525703f302829f202040848338b9/element/D52978E8EDDD5A233A008F88D8C965AA_element_7/value HTTP/1.1
User-Agent: selenium/4.8.1 (java windows)
Content-Length: 88
Content-Type: application/json; charset=utf-8
host: localhost:47419
accept: */*

Response DefaultHttpResponse(decodeResult: success, version: HTTP/1.1)
HTTP/1.1 200 OK
Content-Length: 14
Content-Type: application/json; charset=utf-8
cache-control: no-cache

22:59:12.282 [AsyncHttpClient-1-14] DEBUG org.asynchttpclient.netty.channel.ChannelManager - Adding key: http://localhost:47419 for channel [id: 0xe321f0e7, L:/127.0.0.1:54295 - R:localhost/127.0.0.1:47419]
22:59:12.290 [Forwarding getAlertText on session faa8525703f302829f202040848338b9 to remote] DEBUG org.asynchttpclient.netty.request.NettyRequestSender - Using pooled Channel '[id: 0xe321f0e7, L:/127.0.0.1:54295 - R:localhost/127.0.0.1:47419]' for 'GET' to 'http://localhost:47419/session/faa8525703f302829f202040848338b9/alert/text'
22:59:12.290 [Forwarding getAlertText on session faa8525703f302829f202040848338b9 to remote] DEBUG org.asynchttpclient.netty.request.NettyRequestSender - Using open Channel [id: 0xe321f0e7, L:/127.0.0.1:54295 - R:localhost/127.0.0.1:47419] for GET '/session/faa8525703f302829f202040848338b9/alert/text'
22:59:12.293 [AsyncHttpClient-1-14] DEBUG org.asynchttpclient.netty.handler.HttpHandler - 

Request DefaultFullHttpRequest(decodeResult: success, version: HTTP/1.1, content: EmptyByteBufBE)
GET /session/faa8525703f302829f202040848338b9/alert/text HTTP/1.1
User-Agent: selenium/4.8.1 (java windows)
Cache-Control: no-cache
Content-Type: application/json; charset=utf-8
host: localhost:47419
accept: */*

Response DefaultHttpResponse(decodeResult: success, version: HTTP/1.1)
HTTP/1.1 404 Not Found
Content-Length: 820
Content-Type: application/json; charset=utf-8
cache-control: no-cache

22:59:12.293 [AsyncHttpClient-1-14] DEBUG org.asynchttpclient.netty.channel.ChannelManager - Adding key: http://localhost:47419 for channel [id: 0xe321f0e7, L:/127.0.0.1:54295 - R:localhost/127.0.0.1:47419]
22:59:12.294 [Forwarding getCurrentUrl on session faa8525703f302829f202040848338b9 to remote] DEBUG org.asynchttpclient.netty.request.NettyRequestSender - Using pooled Channel '[id: 0xe321f0e7, L:/127.0.0.1:54295 - R:localhost/127.0.0.1:47419]' for 'GET' to 'http://localhost:47419/session/faa8525703f302829f202040848338b9/url'
22:59:12.294 [Forwarding getCurrentUrl on session faa8525703f302829f202040848338b9 to remote] DEBUG org.asynchttpclient.netty.request.NettyRequestSender - Using open Channel [id: 0xe321f0e7, L:/127.0.0.1:54295 - R:localhost/127.0.0.1:47419] for GET '/session/faa8525703f302829f202040848338b9/url'
22:59:12.302 [AsyncHttpClient-1-14] DEBUG org.asynchttpclient.netty.handler.HttpHandler - 

Request DefaultFullHttpRequest(decodeResult: success, version: HTTP/1.1, content: EmptyByteBufBE)
GET /session/faa8525703f302829f202040848338b9/url HTTP/1.1
User-Agent: selenium/4.8.1 (java windows)
Cache-Control: no-cache
Content-Type: application/json; charset=utf-8
host: localhost:47419
accept: */*

Response DefaultHttpResponse(decodeResult: success, version: HTTP/1.1)
HTTP/1.1 200 OK
Content-Length: 54
Content-Type: application/json; charset=utf-8
cache-control: no-cache

22:59:12.302 [AsyncHttpClient-1-14] DEBUG org.asynchttpclient.netty.channel.ChannelManager - Adding key: http://localhost:47419 for channel [id: 0xe321f0e7, L:/127.0.0.1:54295 - R:localhost/127.0.0.1:47419]
22:59:12.302 [Forwarding screenshot on session faa8525703f302829f202040848338b9 to remote] DEBUG org.asynchttpclient.netty.request.NettyRequestSender - Using pooled Channel '[id: 0xe321f0e7, L:/127.0.0.1:54295 - R:localhost/127.0.0.1:47419]' for 'GET' to 'http://localhost:47419/session/faa8525703f302829f202040848338b9/screenshot'
22:59:12.302 [Forwarding screenshot on session faa8525703f302829f202040848338b9 to remote] DEBUG org.asynchttpclient.netty.request.NettyRequestSender - Using open Channel [id: 0xe321f0e7, L:/127.0.0.1:54295 - R:localhost/127.0.0.1:47419] for GET '/session/faa8525703f302829f202040848338b9/screenshot'
22:59:12.432 [AsyncHttpClient-1-14] DEBUG org.asynchttpclient.netty.handler.HttpHandler - 

Request DefaultFullHttpRequest(decodeResult: success, version: HTTP/1.1, content: EmptyByteBufBE)
GET /session/faa8525703f302829f202040848338b9/screenshot HTTP/1.1
User-Agent: selenium/4.8.1 (java windows)
Cache-Control: no-cache
Content-Type: application/json; charset=utf-8
host: localhost:47419
accept: */*

Response DefaultHttpResponse(decodeResult: success, version: HTTP/1.1)
HTTP/1.1 200 OK
Content-Length: 38072
Content-Type: application/json; charset=utf-8
cache-control: no-cache

22:59:12.433 [AsyncHttpClient-1-14] DEBUG org.asynchttpclient.netty.channel.ChannelManager - Adding key: http://localhost:47419 for channel [id: 0xe321f0e7, L:/127.0.0.1:54295 - R:localhost/127.0.0.1:47419]
22:59:12.435 [main] DEBUG net.serenitybdd.core.photography.Darkroom - Send negative for processing for target\site\serenity\cb4d204755b910b0d8cf8e10da5aace97dd9ae8b429ee10270fa60cf37337104.png
22:59:12.435 [main] DEBUG net.thucydides.core.steps.StepInterceptor - STEP DONE: notInputFullName
  &amp#27;[32mWhen &amp#27;[0m&amp#27;[32mI not enter full name&amp#27;[0m                &amp#27;[90m# starter.stepdefinitions.RegisterSteps.notEnterFullName()&amp#27;[0m
22:59:12.435 [Darkroom Processing Line] DEBUG net.serenitybdd.core.photography.DarkroomProcessingLine - Processing screenshot image in /var/screenshots/screenshot-1027443611867820606
22:59:12.435 [Darkroom Processing Line] DEBUG net.serenitybdd.core.photography.DarkroomProcessingLine - Saving screenshot to target\site\serenity\cb4d204755b910b0d8cf8e10da5aace97dd9ae8b429ee10270fa60cf37337104.png
22:59:12.444 [Forwarding getPageSource on session faa8525703f302829f202040848338b9 to remote] DEBUG org.asynchttpclient.netty.request.NettyRequestSender - Using pooled Channel '[id: 0xe321f0e7, L:/127.0.0.1:54295 - R:localhost/127.0.0.1:47419]' for 'POST' to 'http://localhost:47419/session/faa8525703f302829f202040848338b9/execute/sync'
22:59:12.444 [Forwarding getPageSource on session faa8525703f302829f202040848338b9 to remote] DEBUG org.asynchttpclient.netty.request.NettyRequestSender - Using open Channel [id: 0xe321f0e7, L:/127.0.0.1:54295 - R:localhost/127.0.0.1:47419] for POST '/session/faa8525703f302829f202040848338b9/execute/sync'
22:59:12.454 [AsyncHttpClient-1-14] DEBUG org.asynchttpclient.netty.handler.HttpHandler - 

Request DefaultHttpRequest(decodeResult: success, version: HTTP/1.1)
POST /session/faa8525703f302829f202040848338b9/execute/sync HTTP/1.1
User-Agent: selenium/4.8.1 (java windows)
Content-Length: 176
Content-Type: application/json; charset=utf-8
host: localhost:47419
accept: */*

Response DefaultHttpResponse(decodeResult: success, version: HTTP/1.1)
HTTP/1.1 200 OK
Content-Length: 22312
Content-Type: application/json; charset=utf-8
cache-control: no-cache

22:59:12.454 [AsyncHttpClient-1-14] DEBUG org.asynchttpclient.netty.channel.ChannelManager - Adding key: http://localhost:47419 for channel [id: 0xe321f0e7, L:/127.0.0.1:54295 - R:localhost/127.0.0.1:47419]
22:59:12.457 [Forwarding getCurrentUrl on session faa8525703f302829f202040848338b9 to remote] DEBUG org.asynchttpclient.netty.request.NettyRequestSender - Using pooled Channel '[id: 0xe321f0e7, L:/127.0.0.1:54295 - R:localhost/127.0.0.1:47419]' for 'GET' to 'http://localhost:47419/session/faa8525703f302829f202040848338b9/url'
22:59:12.457 [Forwarding getCurrentUrl on session faa8525703f302829f202040848338b9 to remote] DEBUG org.asynchttpclient.netty.request.NettyRequestSender - Using open Channel [id: 0xe321f0e7, L:/127.0.0.1:54295 - R:localhost/127.0.0.1:47419] for GET '/session/faa8525703f302829f202040848338b9/url'
22:59:12.464 [AsyncHttpClient-1-14] DEBUG org.asynchttpclient.netty.handler.HttpHandler - 

Request DefaultFullHttpRequest(decodeResult: success, version: HTTP/1.1, content: EmptyByteBufBE)
GET /session/faa8525703f302829f202040848338b9/url HTTP/1.1
User-Agent: selenium/4.8.1 (java windows)
Cache-Control: no-cache
Content-Type: application/json; charset=utf-8
host: localhost:47419
accept: */*

Response DefaultHttpResponse(decodeResult: success, version: HTTP/1.1)
HTTP/1.1 200 OK
Content-Length: 54
Content-Type: application/json; charset=utf-8
cache-control: no-cache

22:59:12.466 [AsyncHttpClient-1-14] DEBUG org.asynchttpclient.netty.channel.ChannelManager - Adding key: http://localhost:47419 for channel [id: 0xe321f0e7, L:/127.0.0.1:54295 - R:localhost/127.0.0.1:47419]
22:59:12.474 [Forwarding getPageSource on session faa8525703f302829f202040848338b9 to remote] DEBUG org.asynchttpclient.netty.request.NettyRequestSender - Using pooled Channel '[id: 0xe321f0e7, L:/127.0.0.1:54295 - R:localhost/127.0.0.1:47419]' for 'POST' to 'http://localhost:47419/session/faa8525703f302829f202040848338b9/execute/sync'
22:59:12.474 [Forwarding getPageSource on session faa8525703f302829f202040848338b9 to remote] DEBUG org.asynchttpclient.netty.request.NettyRequestSender - Using open Channel [id: 0xe321f0e7, L:/127.0.0.1:54295 - R:localhost/127.0.0.1:47419] for POST '/session/faa8525703f302829f202040848338b9/execute/sync'
22:59:12.484 [AsyncHttpClient-1-14] DEBUG org.asynchttpclient.netty.handler.HttpHandler - 

Request DefaultHttpRequest(decodeResult: success, version: HTTP/1.1)
POST /session/faa8525703f302829f202040848338b9/execute/sync HTTP/1.1
User-Agent: selenium/4.8.1 (java windows)
Content-Length: 176
Content-Type: application/json; charset=utf-8
host: localhost:47419
accept: */*

Response DefaultHttpResponse(decodeResult: success, version: HTTP/1.1)
HTTP/1.1 200 OK
Content-Length: 22312
Content-Type: application/json; charset=utf-8
cache-control: no-cache

22:59:12.484 [AsyncHttpClient-1-14] DEBUG org.asynchttpclient.netty.channel.ChannelManager - Adding key: http://localhost:47419 for channel [id: 0xe321f0e7, L:/127.0.0.1:54295 - R:localhost/127.0.0.1:47419]
22:59:12.490 [Forwarding getCurrentUrl on session faa8525703f302829f202040848338b9 to remote] DEBUG org.asynchttpclient.netty.request.NettyRequestSender - Using pooled Channel '[id: 0xe321f0e7, L:/127.0.0.1:54295 - R:localhost/127.0.0.1:47419]' for 'GET' to 'http://localhost:47419/session/faa8525703f302829f202040848338b9/url'
22:59:12.490 [Forwarding getCurrentUrl on session faa8525703f302829f202040848338b9 to remote] DEBUG org.asynchttpclient.netty.request.NettyRequestSender - Using open Channel [id: 0xe321f0e7, L:/127.0.0.1:54295 - R:localhost/127.0.0.1:47419] for GET '/session/faa8525703f302829f202040848338b9/url'
22:59:12.499 [AsyncHttpClient-1-14] DEBUG org.asynchttpclient.netty.handler.HttpHandler - 

Request DefaultFullHttpRequest(decodeResult: success, version: HTTP/1.1, content: EmptyByteBufBE)
GET /session/faa8525703f302829f202040848338b9/url HTTP/1.1
User-Agent: selenium/4.8.1 (java windows)
Cache-Control: no-cache
Content-Type: application/json; charset=utf-8
host: localhost:47419
accept: */*

Response DefaultHttpResponse(decodeResult: success, version: HTTP/1.1)
HTTP/1.1 200 OK
Content-Length: 54
Content-Type: application/json; charset=utf-8
cache-control: no-cache

22:59:12.499 [AsyncHttpClient-1-14] DEBUG org.asynchttpclient.netty.channel.ChannelManager - Adding key: http://localhost:47419 for channel [id: 0xe321f0e7, L:/127.0.0.1:54295 - R:localhost/127.0.0.1:47419]
22:59:12.502 [main] DEBUG net.thucydides.core.steps.StepInterceptor - STARTING STEP: RegisterSteps.notEnterValidEmail - notInputEmail
22:59:12.507 [Forwarding findElement on session faa8525703f302829f202040848338b9 to remote] DEBUG org.asynchttpclient.netty.request.NettyRequestSender - Using pooled Channel '[id: 0xe321f0e7, L:/127.0.0.1:54295 - R:localhost/127.0.0.1:47419]' for 'POST' to 'http://localhost:47419/session/faa8525703f302829f202040848338b9/element'
22:59:12.507 [Forwarding findElement on session faa8525703f302829f202040848338b9 to remote] DEBUG org.asynchttpclient.netty.request.NettyRequestSender - Using open Channel [id: 0xe321f0e7, L:/127.0.0.1:54295 - R:localhost/127.0.0.1:47419] for POST '/session/faa8525703f302829f202040848338b9/element'
22:59:12.525 [AsyncHttpClient-1-14] DEBUG org.asynchttpclient.netty.handler.HttpHandler - 

Request DefaultHttpRequest(decodeResult: success, version: HTTP/1.1)
POST /session/faa8525703f302829f202040848338b9/element HTTP/1.1
User-Agent: selenium/4.8.1 (java windows)
Content-Length: 55
Content-Type: application/json; charset=utf-8
host: localhost:47419
accept: */*

Response DefaultHttpResponse(decodeResult: success, version: HTTP/1.1)
HTTP/1.1 200 OK
Content-Length: 94
Content-Type: application/json; charset=utf-8
cache-control: no-cache

22:59:12.525 [AsyncHttpClient-1-14] DEBUG org.asynchttpclient.netty.channel.ChannelManager - Adding key: http://localhost:47419 for channel [id: 0xe321f0e7, L:/127.0.0.1:54295 - R:localhost/127.0.0.1:47419]
22:59:12.526 [Forwarding clearElement on session faa8525703f302829f202040848338b9 to remote] DEBUG org.asynchttpclient.netty.request.NettyRequestSender - Using pooled Channel '[id: 0xe321f0e7, L:/127.0.0.1:54295 - R:localhost/127.0.0.1:47419]' for 'POST' to 'http://localhost:47419/session/faa8525703f302829f202040848338b9/element/D52978E8EDDD5A233A008F88D8C965AA_element_9/clear'
22:59:12.526 [Forwarding clearElement on session faa8525703f302829f202040848338b9 to remote] DEBUG org.asynchttpclient.netty.request.NettyRequestSender - Using open Channel [id: 0xe321f0e7, L:/127.0.0.1:54295 - R:localhost/127.0.0.1:47419] for POST '/session/faa8525703f302829f202040848338b9/element/D52978E8EDDD5A233A008F88D8C965AA_element_9/clear'
22:59:12.570 [AsyncHttpClient-1-14] DEBUG org.asynchttpclient.netty.handler.HttpHandler - 

Request DefaultHttpRequest(decodeResult: success, version: HTTP/1.1)
POST /session/faa8525703f302829f202040848338b9/element/D52978E8EDDD5A233A008F88D8C965AA_element_9/clear HTTP/1.1
User-Agent: selenium/4.8.1 (java windows)
Content-Length: 56
Content-Type: application/json; charset=utf-8
host: localhost:47419
accept: */*

Response DefaultHttpResponse(decodeResult: success, version: HTTP/1.1)
HTTP/1.1 200 OK
Content-Length: 14
Content-Type: application/json; charset=utf-8
cache-control: no-cache

22:59:12.570 [AsyncHttpClient-1-14] DEBUG org.asynchttpclient.netty.channel.ChannelManager - Adding key: http://localhost:47419 for channel [id: 0xe321f0e7, L:/127.0.0.1:54295 - R:localhost/127.0.0.1:47419]
22:59:12.572 [Forwarding sendKeysToElement on session faa8525703f302829f202040848338b9 to remote] DEBUG org.asynchttpclient.netty.request.NettyRequestSender - Using pooled Channel '[id: 0xe321f0e7, L:/127.0.0.1:54295 - R:localhost/127.0.0.1:47419]' for 'POST' to 'http://localhost:47419/session/faa8525703f302829f202040848338b9/element/D52978E8EDDD5A233A008F88D8C965AA_element_9/value'
22:59:12.572 [Forwarding sendKeysToElement on session faa8525703f302829f202040848338b9 to remote] DEBUG org.asynchttpclient.netty.request.NettyRequestSender - Using open Channel [id: 0xe321f0e7, L:/127.0.0.1:54295 - R:localhost/127.0.0.1:47419] for POST '/session/faa8525703f302829f202040848338b9/element/D52978E8EDDD5A233A008F88D8C965AA_element_9/value'
22:59:12.642 [AsyncHttpClient-1-14] DEBUG org.asynchttpclient.netty.handler.HttpHandler - 

Request DefaultHttpRequest(decodeResult: success, version: HTTP/1.1)
POST /session/faa8525703f302829f202040848338b9/element/D52978E8EDDD5A233A008F88D8C965AA_element_9/value HTTP/1.1
User-Agent: selenium/4.8.1 (java windows)
Content-Length: 88
Content-Type: application/json; charset=utf-8
host: localhost:47419
accept: */*

Response DefaultHttpResponse(decodeResult: success, version: HTTP/1.1)
HTTP/1.1 200 OK
Content-Length: 14
Content-Type: application/json; charset=utf-8
cache-control: no-cache

22:59:12.642 [AsyncHttpClient-1-14] DEBUG org.asynchttpclient.netty.channel.ChannelManager - Adding key: http://localhost:47419 for channel [id: 0xe321f0e7, L:/127.0.0.1:54295 - R:localhost/127.0.0.1:47419]
22:59:12.647 [Forwarding getAlertText on session faa8525703f302829f202040848338b9 to remote] DEBUG org.asynchttpclient.netty.request.NettyRequestSender - Using pooled Channel '[id: 0xe321f0e7, L:/127.0.0.1:54295 - R:localhost/127.0.0.1:47419]' for 'GET' to 'http://localhost:47419/session/faa8525703f302829f202040848338b9/alert/text'
22:59:12.647 [Forwarding getAlertText on session faa8525703f302829f202040848338b9 to remote] DEBUG org.asynchttpclient.netty.request.NettyRequestSender - Using open Channel [id: 0xe321f0e7, L:/127.0.0.1:54295 - R:localhost/127.0.0.1:47419] for GET '/session/faa8525703f302829f202040848338b9/alert/text'
22:59:12.655 [AsyncHttpClient-1-14] DEBUG org.asynchttpclient.netty.handler.HttpHandler - 

Request DefaultFullHttpRequest(decodeResult: success, version: HTTP/1.1, content: EmptyByteBufBE)
GET /session/faa8525703f302829f202040848338b9/alert/text HTTP/1.1
User-Agent: selenium/4.8.1 (java windows)
Cache-Control: no-cache
Content-Type: application/json; charset=utf-8
host: localhost:47419
accept: */*

Response DefaultHttpResponse(decodeResult: success, version: HTTP/1.1)
HTTP/1.1 404 Not Found
Content-Length: 820
Content-Type: application/json; charset=utf-8
cache-control: no-cache

22:59:12.655 [AsyncHttpClient-1-14] DEBUG org.asynchttpclient.netty.channel.ChannelManager - Adding key: http://localhost:47419 for channel [id: 0xe321f0e7, L:/127.0.0.1:54295 - R:localhost/127.0.0.1:47419]
22:59:12.656 [Forwarding getCurrentUrl on session faa8525703f302829f202040848338b9 to remote] DEBUG org.asynchttpclient.netty.request.NettyRequestSender - Using pooled Channel '[id: 0xe321f0e7, L:/127.0.0.1:54295 - R:localhost/127.0.0.1:47419]' for 'GET' to 'http://localhost:47419/session/faa8525703f302829f202040848338b9/url'
22:59:12.656 [Forwarding getCurrentUrl on session faa8525703f302829f202040848338b9 to remote] DEBUG org.asynchttpclient.netty.request.NettyRequestSender - Using open Channel [id: 0xe321f0e7, L:/127.0.0.1:54295 - R:localhost/127.0.0.1:47419] for GET '/session/faa8525703f302829f202040848338b9/url'
22:59:12.666 [AsyncHttpClient-1-14] DEBUG org.asynchttpclient.netty.handler.HttpHandler - 

Request DefaultFullHttpRequest(decodeResult: success, version: HTTP/1.1, content: EmptyByteBufBE)
GET /session/faa8525703f302829f202040848338b9/url HTTP/1.1
User-Agent: selenium/4.8.1 (java windows)
Cache-Control: no-cache
Content-Type: application/json; charset=utf-8
host: localhost:47419
accept: */*

Response DefaultHttpResponse(decodeResult: success, version: HTTP/1.1)
HTTP/1.1 200 OK
Content-Length: 54
Content-Type: application/json; charset=utf-8
cache-control: no-cache

22:59:12.666 [AsyncHttpClient-1-14] DEBUG org.asynchttpclient.netty.channel.ChannelManager - Adding key: http://localhost:47419 for channel [id: 0xe321f0e7, L:/127.0.0.1:54295 - R:localhost/127.0.0.1:47419]
22:59:12.668 [Forwarding screenshot on session faa8525703f302829f202040848338b9 to remote] DEBUG org.asynchttpclient.netty.request.NettyRequestSender - Using pooled Channel '[id: 0xe321f0e7, L:/127.0.0.1:54295 - R:localhost/127.0.0.1:47419]' for 'GET' to 'http://localhost:47419/session/faa8525703f302829f202040848338b9/screenshot'
22:59:12.668 [Forwarding screenshot on session faa8525703f302829f202040848338b9 to remote] DEBUG org.asynchttpclient.netty.request.NettyRequestSender - Using open Channel [id: 0xe321f0e7, L:/127.0.0.1:54295 - R:localhost/127.0.0.1:47419] for GET '/session/faa8525703f302829f202040848338b9/screenshot'
22:59:12.930 [AsyncHttpClient-1-14] DEBUG org.asynchttpclient.netty.handler.HttpHandler - 

Request DefaultFullHttpRequest(decodeResult: success, version: HTTP/1.1, content: EmptyByteBufBE)
GET /session/faa8525703f302829f202040848338b9/screenshot HTTP/1.1
User-Agent: selenium/4.8.1 (java windows)
Cache-Control: no-cache
Content-Type: application/json; charset=utf-8
host: localhost:47419
accept: */*

Response DefaultHttpResponse(decodeResult: success, version: HTTP/1.1)
HTTP/1.1 200 OK
Content-Length: 38872
Content-Type: application/json; charset=utf-8
cache-control: no-cache

22:59:12.931 [AsyncHttpClient-1-14] DEBUG org.asynchttpclient.netty.channel.ChannelManager - Adding key: http://localhost:47419 for channel [id: 0xe321f0e7, L:/127.0.0.1:54295 - R:localhost/127.0.0.1:47419]
22:59:12.937 [main] DEBUG net.serenitybdd.core.photography.Darkroom - Send negative for processing for target\site\serenity\d3e0b27472f85886ab38d4f6d151ff181764b336be2e3743527c4b01503b85b3.png
22:59:12.938 [main] DEBUG net.thucydides.core.steps.StepInterceptor - STEP DONE: notInputEmail
  &amp#27;[32mAnd &amp#27;[0m&amp#27;[32mI not enter valid email&amp#27;[0m               &amp#27;[90m# starter.stepdefinitions.RegisterSteps.notEnterValidEmail()&amp#27;[0m
22:59:12.938 [Darkroom Processing Line] DEBUG net.serenitybdd.core.photography.DarkroomProcessingLine - Processing screenshot image in /var/screenshots/screenshot-541116862138183966
22:59:12.938 [Darkroom Processing Line] DEBUG net.serenitybdd.core.photography.DarkroomProcessingLine - Saving screenshot to target\site\serenity\d3e0b27472f85886ab38d4f6d151ff181764b336be2e3743527c4b01503b85b3.png
22:59:12.961 [Forwarding getPageSource on session faa8525703f302829f202040848338b9 to remote] DEBUG org.asynchttpclient.netty.request.NettyRequestSender - Using pooled Channel '[id: 0xe321f0e7, L:/127.0.0.1:54295 - R:localhost/127.0.0.1:47419]' for 'POST' to 'http://localhost:47419/session/faa8525703f302829f202040848338b9/execute/sync'
22:59:12.961 [Forwarding getPageSource on session faa8525703f302829f202040848338b9 to remote] DEBUG org.asynchttpclient.netty.request.NettyRequestSender - Using open Channel [id: 0xe321f0e7, L:/127.0.0.1:54295 - R:localhost/127.0.0.1:47419] for POST '/session/faa8525703f302829f202040848338b9/execute/sync'
22:59:12.979 [AsyncHttpClient-1-14] DEBUG org.asynchttpclient.netty.handler.HttpHandler - 

Request DefaultHttpRequest(decodeResult: success, version: HTTP/1.1)
POST /session/faa8525703f302829f202040848338b9/execute/sync HTTP/1.1
User-Agent: selenium/4.8.1 (java windows)
Content-Length: 176
Content-Type: application/json; charset=utf-8
host: localhost:47419
accept: */*

Response DefaultHttpResponse(decodeResult: success, version: HTTP/1.1)
HTTP/1.1 200 OK
Content-Length: 22312
Content-Type: application/json; charset=utf-8
cache-control: no-cache

22:59:12.979 [AsyncHttpClient-1-14] DEBUG org.asynchttpclient.netty.channel.ChannelManager - Adding key: http://localhost:47419 for channel [id: 0xe321f0e7, L:/127.0.0.1:54295 - R:localhost/127.0.0.1:47419]
22:59:12.983 [Forwarding getCurrentUrl on session faa8525703f302829f202040848338b9 to remote] DEBUG org.asynchttpclient.netty.request.NettyRequestSender - Using pooled Channel '[id: 0xe321f0e7, L:/127.0.0.1:54295 - R:localhost/127.0.0.1:47419]' for 'GET' to 'http://localhost:47419/session/faa8525703f302829f202040848338b9/url'
22:59:12.983 [Forwarding getCurrentUrl on session faa8525703f302829f202040848338b9 to remote] DEBUG org.asynchttpclient.netty.request.NettyRequestSender - Using open Channel [id: 0xe321f0e7, L:/127.0.0.1:54295 - R:localhost/127.0.0.1:47419] for GET '/session/faa8525703f302829f202040848338b9/url'
22:59:12.992 [AsyncHttpClient-1-14] DEBUG org.asynchttpclient.netty.handler.HttpHandler - 

Request DefaultFullHttpRequest(decodeResult: success, version: HTTP/1.1, content: EmptyByteBufBE)
GET /session/faa8525703f302829f202040848338b9/url HTTP/1.1
User-Agent: selenium/4.8.1 (java windows)
Cache-Control: no-cache
Content-Type: application/json; charset=utf-8
host: localhost:47419
accept: */*

Response DefaultHttpResponse(decodeResult: success, version: HTTP/1.1)
HTTP/1.1 200 OK
Content-Length: 54
Content-Type: application/json; charset=utf-8
cache-control: no-cache

22:59:12.992 [AsyncHttpClient-1-14] DEBUG org.asynchttpclient.netty.channel.ChannelManager - Adding key: http://localhost:47419 for channel [id: 0xe321f0e7, L:/127.0.0.1:54295 - R:localhost/127.0.0.1:47419]
22:59:13.005 [Forwarding getAlertText on session faa8525703f302829f202040848338b9 to remote] DEBUG org.asynchttpclient.netty.request.NettyRequestSender - Using pooled Channel '[id: 0xe321f0e7, L:/127.0.0.1:54295 - R:localhost/127.0.0.1:47419]' for 'GET' to 'http://localhost:47419/session/faa8525703f302829f202040848338b9/alert/text'
22:59:13.005 [Forwarding getAlertText on session faa8525703f302829f202040848338b9 to remote] DEBUG org.asynchttpclient.netty.request.NettyRequestSender - Using open Channel [id: 0xe321f0e7, L:/127.0.0.1:54295 - R:localhost/127.0.0.1:47419] for GET '/session/faa8525703f302829f202040848338b9/alert/text'
22:59:13.007 [AsyncHttpClient-1-14] DEBUG org.asynchttpclient.netty.handler.HttpHandler - 

Request DefaultFullHttpRequest(decodeResult: success, version: HTTP/1.1, content: EmptyByteBufBE)
GET /session/faa8525703f302829f202040848338b9/alert/text HTTP/1.1
User-Agent: selenium/4.8.1 (java windows)
Cache-Control: no-cache
Content-Type: application/json; charset=utf-8
host: localhost:47419
accept: */*

Response DefaultHttpResponse(decodeResult: success, version: HTTP/1.1)
HTTP/1.1 404 Not Found
Content-Length: 820
Content-Type: application/json; charset=utf-8
cache-control: no-cache

22:59:13.007 [AsyncHttpClient-1-14] DEBUG org.asynchttpclient.netty.channel.ChannelManager - Adding key: http://localhost:47419 for channel [id: 0xe321f0e7, L:/127.0.0.1:54295 - R:localhost/127.0.0.1:47419]
22:59:13.008 [Forwarding getCurrentUrl on session faa8525703f302829f202040848338b9 to remote] DEBUG org.asynchttpclient.netty.request.NettyRequestSender - Using pooled Channel '[id: 0xe321f0e7, L:/127.0.0.1:54295 - R:localhost/127.0.0.1:47419]' for 'GET' to 'http://localhost:47419/session/faa8525703f302829f202040848338b9/url'
22:59:13.008 [Forwarding getCurrentUrl on session faa8525703f302829f202040848338b9 to remote] DEBUG org.asynchttpclient.netty.request.NettyRequestSender - Using open Channel [id: 0xe321f0e7, L:/127.0.0.1:54295 - R:localhost/127.0.0.1:47419] for GET '/session/faa8525703f302829f202040848338b9/url'
22:59:13.014 [AsyncHttpClient-1-14] DEBUG org.asynchttpclient.netty.handler.HttpHandler - 

Request DefaultFullHttpRequest(decodeResult: success, version: HTTP/1.1, content: EmptyByteBufBE)
GET /session/faa8525703f302829f202040848338b9/url HTTP/1.1
User-Agent: selenium/4.8.1 (java windows)
Cache-Control: no-cache
Content-Type: application/json; charset=utf-8
host: localhost:47419
accept: */*

Response DefaultHttpResponse(decodeResult: success, version: HTTP/1.1)
HTTP/1.1 200 OK
Content-Length: 54
Content-Type: application/json; charset=utf-8
cache-control: no-cache

22:59:13.014 [AsyncHttpClient-1-14] DEBUG org.asynchttpclient.netty.channel.ChannelManager - Adding key: http://localhost:47419 for channel [id: 0xe321f0e7, L:/127.0.0.1:54295 - R:localhost/127.0.0.1:47419]
22:59:13.016 [Forwarding screenshot on session faa8525703f302829f202040848338b9 to remote] DEBUG org.asynchttpclient.netty.request.NettyRequestSender - Using pooled Channel '[id: 0xe321f0e7, L:/127.0.0.1:54295 - R:localhost/127.0.0.1:47419]' for 'GET' to 'http://localhost:47419/session/faa8525703f302829f202040848338b9/screenshot'
22:59:13.016 [Forwarding screenshot on session faa8525703f302829f202040848338b9 to remote] DEBUG org.asynchttpclient.netty.request.NettyRequestSender - Using open Channel [id: 0xe321f0e7, L:/127.0.0.1:54295 - R:localhost/127.0.0.1:47419] for GET '/session/faa8525703f302829f202040848338b9/screenshot'
22:59:13.099 [AsyncHttpClient-1-1] DEBUG org.asynchttpclient.netty.channel.DefaultChannelPool - Entry count for : http://localhost:54296 : 1
22:59:13.243 [AsyncHttpClient-1-14] DEBUG org.asynchttpclient.netty.handler.HttpHandler - 

Request DefaultFullHttpRequest(decodeResult: success, version: HTTP/1.1, content: EmptyByteBufBE)
GET /session/faa8525703f302829f202040848338b9/screenshot HTTP/1.1
User-Agent: selenium/4.8.1 (java windows)
Cache-Control: no-cache
Content-Type: application/json; charset=utf-8
host: localhost:47419
accept: */*

Response DefaultHttpResponse(decodeResult: success, version: HTTP/1.1)
HTTP/1.1 200 OK
Content-Length: 37228
Content-Type: application/json; charset=utf-8
cache-control: no-cache

22:59:13.244 [AsyncHttpClient-1-14] DEBUG org.asynchttpclient.netty.channel.ChannelManager - Adding key: http://localhost:47419 for channel [id: 0xe321f0e7, L:/127.0.0.1:54295 - R:localhost/127.0.0.1:47419]
22:59:13.246 [main] DEBUG net.serenitybdd.core.photography.Darkroom - Send negative for processing for target\site\serenity\ffd32a2b20a427f18e2c63d4f7d6432793ff21c1fd0cd5a8c0e80ed0f584f299.png
22:59:13.247 [Darkroom Processing Line] DEBUG net.serenitybdd.core.photography.DarkroomProcessingLine - Processing screenshot image in /var/screenshots/screenshot-7586648691388239124
22:59:13.247 [Darkroom Processing Line] DEBUG net.serenitybdd.core.photography.DarkroomProcessingLine - Saving screenshot to target\site\serenity\ffd32a2b20a427f18e2c63d4f7d6432793ff21c1fd0cd5a8c0e80ed0f584f299.png
22:59:13.248 [Forwarding getPageSource on session faa8525703f302829f202040848338b9 to remote] DEBUG org.asynchttpclient.netty.request.NettyRequestSender - Using pooled Channel '[id: 0xe321f0e7, L:/127.0.0.1:54295 - R:localhost/127.0.0.1:47419]' for 'POST' to 'http://localhost:47419/session/faa8525703f302829f202040848338b9/execute/sync'
22:59:13.248 [Forwarding getPageSource on session faa8525703f302829f202040848338b9 to remote] DEBUG org.asynchttpclient.netty.request.NettyRequestSender - Using open Channel [id: 0xe321f0e7, L:/127.0.0.1:54295 - R:localhost/127.0.0.1:47419] for POST '/session/faa8525703f302829f202040848338b9/execute/sync'
22:59:13.257 [AsyncHttpClient-1-14] DEBUG org.asynchttpclient.netty.handler.HttpHandler - 

Request DefaultHttpRequest(decodeResult: success, version: HTTP/1.1)
POST /session/faa8525703f302829f202040848338b9/execute/sync HTTP/1.1
User-Agent: selenium/4.8.1 (java windows)
Content-Length: 176
Content-Type: application/json; charset=utf-8
host: localhost:47419
accept: */*

Response DefaultHttpResponse(decodeResult: success, version: HTTP/1.1)
HTTP/1.1 200 OK
Content-Length: 22312
Content-Type: application/json; charset=utf-8
cache-control: no-cache

22:59:13.257 [AsyncHttpClient-1-14] DEBUG org.asynchttpclient.netty.channel.ChannelManager - Adding key: http://localhost:47419 for channel [id: 0xe321f0e7, L:/127.0.0.1:54295 - R:localhost/127.0.0.1:47419]
22:59:13.260 [Forwarding getCurrentUrl on session faa8525703f302829f202040848338b9 to remote] DEBUG org.asynchttpclient.netty.request.NettyRequestSender - Using pooled Channel '[id: 0xe321f0e7, L:/127.0.0.1:54295 - R:localhost/127.0.0.1:47419]' for 'GET' to 'http://localhost:47419/session/faa8525703f302829f202040848338b9/url'
22:59:13.260 [Forwarding getCurrentUrl on session faa8525703f302829f202040848338b9 to remote] DEBUG org.asynchttpclient.netty.request.NettyRequestSender - Using open Channel [id: 0xe321f0e7, L:/127.0.0.1:54295 - R:localhost/127.0.0.1:47419] for GET '/session/faa8525703f302829f202040848338b9/url'
22:59:13.267 [AsyncHttpClient-1-14] DEBUG org.asynchttpclient.netty.handler.HttpHandler - 

Request DefaultFullHttpRequest(decodeResult: success, version: HTTP/1.1, content: EmptyByteBufBE)
GET /session/faa8525703f302829f202040848338b9/url HTTP/1.1
User-Agent: selenium/4.8.1 (java windows)
Cache-Control: no-cache
Content-Type: application/json; charset=utf-8
host: localhost:47419
accept: */*

Response DefaultHttpResponse(decodeResult: success, version: HTTP/1.1)
HTTP/1.1 200 OK
Content-Length: 54
Content-Type: application/json; charset=utf-8
cache-control: no-cache

22:59:13.268 [AsyncHttpClient-1-14] DEBUG org.asynchttpclient.netty.channel.ChannelManager - Adding key: http://localhost:47419 for channel [id: 0xe321f0e7, L:/127.0.0.1:54295 - R:localhost/127.0.0.1:47419]
22:59:13.269 [main] DEBUG net.thucydides.core.steps.StepInterceptor - STARTING STEP: RegisterSteps.notEnterValidPassword - notInputPassword
22:59:13.271 [Forwarding findElement on session faa8525703f302829f202040848338b9 to remote] DEBUG org.asynchttpclient.netty.request.NettyRequestSender - Using pooled Channel '[id: 0xe321f0e7, L:/127.0.0.1:54295 - R:localhost/127.0.0.1:47419]' for 'POST' to 'http://localhost:47419/session/faa8525703f302829f202040848338b9/element'
22:59:13.271 [Forwarding findElement on session faa8525703f302829f202040848338b9 to remote] DEBUG org.asynchttpclient.netty.request.NettyRequestSender - Using open Channel [id: 0xe321f0e7, L:/127.0.0.1:54295 - R:localhost/127.0.0.1:47419] for POST '/session/faa8525703f302829f202040848338b9/element'
22:59:13.285 [AsyncHttpClient-1-14] DEBUG org.asynchttpclient.netty.handler.HttpHandler - 

Request DefaultHttpRequest(decodeResult: success, version: HTTP/1.1)
POST /session/faa8525703f302829f202040848338b9/element HTTP/1.1
User-Agent: selenium/4.8.1 (java windows)
Content-Length: 55
Content-Type: application/json; charset=utf-8
host: localhost:47419
accept: */*

Response DefaultHttpResponse(decodeResult: success, version: HTTP/1.1)
HTTP/1.1 200 OK
Content-Length: 95
Content-Type: application/json; charset=utf-8
cache-control: no-cache

22:59:13.285 [AsyncHttpClient-1-14] DEBUG org.asynchttpclient.netty.channel.ChannelManager - Adding key: http://localhost:47419 for channel [id: 0xe321f0e7, L:/127.0.0.1:54295 - R:localhost/127.0.0.1:47419]
22:59:13.286 [Forwarding clearElement on session faa8525703f302829f202040848338b9 to remote] DEBUG org.asynchttpclient.netty.request.NettyRequestSender - Using pooled Channel '[id: 0xe321f0e7, L:/127.0.0.1:54295 - R:localhost/127.0.0.1:47419]' for 'POST' to 'http://localhost:47419/session/faa8525703f302829f202040848338b9/element/D52978E8EDDD5A233A008F88D8C965AA_element_10/clear'
22:59:13.286 [Forwarding clearElement on session faa8525703f302829f202040848338b9 to remote] DEBUG org.asynchttpclient.netty.request.NettyRequestSender - Using open Channel [id: 0xe321f0e7, L:/127.0.0.1:54295 - R:localhost/127.0.0.1:47419] for POST '/session/faa8525703f302829f202040848338b9/element/D52978E8EDDD5A233A008F88D8C965AA_element_10/clear'
22:59:13.321 [AsyncHttpClient-1-14] DEBUG org.asynchttpclient.netty.handler.HttpHandler - 

Request DefaultHttpRequest(decodeResult: success, version: HTTP/1.1)
POST /session/faa8525703f302829f202040848338b9/element/D52978E8EDDD5A233A008F88D8C965AA_element_10/clear HTTP/1.1
User-Agent: selenium/4.8.1 (java windows)
Content-Length: 57
Content-Type: application/json; charset=utf-8
host: localhost:47419
accept: */*

Response DefaultHttpResponse(decodeResult: success, version: HTTP/1.1)
HTTP/1.1 200 OK
Content-Length: 14
Content-Type: application/json; charset=utf-8
cache-control: no-cache

22:59:13.321 [AsyncHttpClient-1-14] DEBUG org.asynchttpclient.netty.channel.ChannelManager - Adding key: http://localhost:47419 for channel [id: 0xe321f0e7, L:/127.0.0.1:54295 - R:localhost/127.0.0.1:47419]
22:59:13.323 [Forwarding sendKeysToElement on session faa8525703f302829f202040848338b9 to remote] DEBUG org.asynchttpclient.netty.request.NettyRequestSender - Using pooled Channel '[id: 0xe321f0e7, L:/127.0.0.1:54295 - R:localhost/127.0.0.1:47419]' for 'POST' to 'http://localhost:47419/session/faa8525703f302829f202040848338b9/element/D52978E8EDDD5A233A008F88D8C965AA_element_10/value'
22:59:13.323 [Forwarding sendKeysToElement on session faa8525703f302829f202040848338b9 to remote] DEBUG org.asynchttpclient.netty.request.NettyRequestSender - Using open Channel [id: 0xe321f0e7, L:/127.0.0.1:54295 - R:localhost/127.0.0.1:47419] for POST '/session/faa8525703f302829f202040848338b9/element/D52978E8EDDD5A233A008F88D8C965AA_element_10/value'
22:59:13.389 [AsyncHttpClient-1-14] DEBUG org.asynchttpclient.netty.handler.HttpHandler - 

Request DefaultHttpRequest(decodeResult: success, version: HTTP/1.1)
POST /session/faa8525703f302829f202040848338b9/element/D52978E8EDDD5A233A008F88D8C965AA_element_10/value HTTP/1.1
User-Agent: selenium/4.8.1 (java windows)
Content-Length: 89
Content-Type: application/json; charset=utf-8
host: localhost:47419
accept: */*

Response DefaultHttpResponse(decodeResult: success, version: HTTP/1.1)
HTTP/1.1 200 OK
Content-Length: 14
Content-Type: application/json; charset=utf-8
cache-control: no-cache

22:59:13.389 [AsyncHttpClient-1-14] DEBUG org.asynchttpclient.netty.channel.ChannelManager - Adding key: http://localhost:47419 for channel [id: 0xe321f0e7, L:/127.0.0.1:54295 - R:localhost/127.0.0.1:47419]
22:59:13.395 [Forwarding getAlertText on session faa8525703f302829f202040848338b9 to remote] DEBUG org.asynchttpclient.netty.request.NettyRequestSender - Using pooled Channel '[id: 0xe321f0e7, L:/127.0.0.1:54295 - R:localhost/127.0.0.1:47419]' for 'GET' to 'http://localhost:47419/session/faa8525703f302829f202040848338b9/alert/text'
22:59:13.395 [Forwarding getAlertText on session faa8525703f302829f202040848338b9 to remote] DEBUG org.asynchttpclient.netty.request.NettyRequestSender - Using open Channel [id: 0xe321f0e7, L:/127.0.0.1:54295 - R:localhost/127.0.0.1:47419] for GET '/session/faa8525703f302829f202040848338b9/alert/text'
22:59:13.398 [AsyncHttpClient-1-14] DEBUG org.asynchttpclient.netty.handler.HttpHandler - 

Request DefaultFullHttpRequest(decodeResult: success, version: HTTP/1.1, content: EmptyByteBufBE)
GET /session/faa8525703f302829f202040848338b9/alert/text HTTP/1.1
User-Agent: selenium/4.8.1 (java windows)
Cache-Control: no-cache
Content-Type: application/json; charset=utf-8
host: localhost:47419
accept: */*

Response DefaultHttpResponse(decodeResult: success, version: HTTP/1.1)
HTTP/1.1 404 Not Found
Content-Length: 820
Content-Type: application/json; charset=utf-8
cache-control: no-cache

22:59:13.398 [AsyncHttpClient-1-14] DEBUG org.asynchttpclient.netty.channel.ChannelManager - Adding key: http://localhost:47419 for channel [id: 0xe321f0e7, L:/127.0.0.1:54295 - R:localhost/127.0.0.1:47419]
22:59:13.399 [Forwarding getCurrentUrl on session faa8525703f302829f202040848338b9 to remote] DEBUG org.asynchttpclient.netty.request.NettyRequestSender - Using pooled Channel '[id: 0xe321f0e7, L:/127.0.0.1:54295 - R:localhost/127.0.0.1:47419]' for 'GET' to 'http://localhost:47419/session/faa8525703f302829f202040848338b9/url'
22:59:13.399 [Forwarding getCurrentUrl on session faa8525703f302829f202040848338b9 to remote] DEBUG org.asynchttpclient.netty.request.NettyRequestSender - Using open Channel [id: 0xe321f0e7, L:/127.0.0.1:54295 - R:localhost/127.0.0.1:47419] for GET '/session/faa8525703f302829f202040848338b9/url'
22:59:13.410 [AsyncHttpClient-1-14] DEBUG org.asynchttpclient.netty.handler.HttpHandler - 

Request DefaultFullHttpRequest(decodeResult: success, version: HTTP/1.1, content: EmptyByteBufBE)
GET /session/faa8525703f302829f202040848338b9/url HTTP/1.1
User-Agent: selenium/4.8.1 (java windows)
Cache-Control: no-cache
Content-Type: application/json; charset=utf-8
host: localhost:47419
accept: */*

Response DefaultHttpResponse(decodeResult: success, version: HTTP/1.1)
HTTP/1.1 200 OK
Content-Length: 54
Content-Type: application/json; charset=utf-8
cache-control: no-cache

22:59:13.410 [AsyncHttpClient-1-14] DEBUG org.asynchttpclient.netty.channel.ChannelManager - Adding key: http://localhost:47419 for channel [id: 0xe321f0e7, L:/127.0.0.1:54295 - R:localhost/127.0.0.1:47419]
22:59:13.410 [Forwarding screenshot on session faa8525703f302829f202040848338b9 to remote] DEBUG org.asynchttpclient.netty.request.NettyRequestSender - Using pooled Channel '[id: 0xe321f0e7, L:/127.0.0.1:54295 - R:localhost/127.0.0.1:47419]' for 'GET' to 'http://localhost:47419/session/faa8525703f302829f202040848338b9/screenshot'
22:59:13.410 [Forwarding screenshot on session faa8525703f302829f202040848338b9 to remote] DEBUG org.asynchttpclient.netty.request.NettyRequestSender - Using open Channel [id: 0xe321f0e7, L:/127.0.0.1:54295 - R:localhost/127.0.0.1:47419] for GET '/session/faa8525703f302829f202040848338b9/screenshot'
22:59:13.638 [AsyncHttpClient-1-14] DEBUG org.asynchttpclient.netty.handler.HttpHandler - 

Request DefaultFullHttpRequest(decodeResult: success, version: HTTP/1.1, content: EmptyByteBufBE)
GET /session/faa8525703f302829f202040848338b9/screenshot HTTP/1.1
User-Agent: selenium/4.8.1 (java windows)
Cache-Control: no-cache
Content-Type: application/json; charset=utf-8
host: localhost:47419
accept: */*

Response DefaultHttpResponse(decodeResult: success, version: HTTP/1.1)
HTTP/1.1 200 OK
Content-Length: 37764
Content-Type: application/json; charset=utf-8
cache-control: no-cache

22:59:13.640 [AsyncHttpClient-1-14] DEBUG org.asynchttpclient.netty.channel.ChannelManager - Adding key: http://localhost:47419 for channel [id: 0xe321f0e7, L:/127.0.0.1:54295 - R:localhost/127.0.0.1:47419]
22:59:13.644 [main] DEBUG net.serenitybdd.core.photography.Darkroom - Send negative for processing for target\site\serenity\74e542d2534a56e90a0000a994091ea9088c3376f4553310454d9ddcee18de6d.png
22:59:13.644 [main] DEBUG net.thucydides.core.steps.StepInterceptor - STEP DONE: notInputPassword
22:59:13.644 [Darkroom Processing Line] DEBUG net.serenitybdd.core.photography.DarkroomProcessingLine - Processing screenshot image in /var/screenshots/screenshot-4032999184416398277
  &amp#27;[32mAnd &amp#27;[0m&amp#27;[32mI not enter valid password&amp#27;[0m            &amp#27;[90m# starter.stepdefinitions.RegisterSteps.notEnterValidPassword()&amp#27;[0m
22:59:13.645 [Darkroom Processing Line] DEBUG net.serenitybdd.core.photography.DarkroomProcessingLine - Saving screenshot to target\site\serenity\74e542d2534a56e90a0000a994091ea9088c3376f4553310454d9ddcee18de6d.png
22:59:13.662 [Forwarding getPageSource on session faa8525703f302829f202040848338b9 to remote] DEBUG org.asynchttpclient.netty.request.NettyRequestSender - Using pooled Channel '[id: 0xe321f0e7, L:/127.0.0.1:54295 - R:localhost/127.0.0.1:47419]' for 'POST' to 'http://localhost:47419/session/faa8525703f302829f202040848338b9/execute/sync'
22:59:13.662 [Forwarding getPageSource on session faa8525703f302829f202040848338b9 to remote] DEBUG org.asynchttpclient.netty.request.NettyRequestSender - Using open Channel [id: 0xe321f0e7, L:/127.0.0.1:54295 - R:localhost/127.0.0.1:47419] for POST '/session/faa8525703f302829f202040848338b9/execute/sync'
22:59:13.677 [AsyncHttpClient-1-14] DEBUG org.asynchttpclient.netty.handler.HttpHandler - 

Request DefaultHttpRequest(decodeResult: success, version: HTTP/1.1)
POST /session/faa8525703f302829f202040848338b9/execute/sync HTTP/1.1
User-Agent: selenium/4.8.1 (java windows)
Content-Length: 176
Content-Type: application/json; charset=utf-8
host: localhost:47419
accept: */*

Response DefaultHttpResponse(decodeResult: success, version: HTTP/1.1)
HTTP/1.1 200 OK
Content-Length: 22312
Content-Type: application/json; charset=utf-8
cache-control: no-cache

22:59:13.677 [AsyncHttpClient-1-14] DEBUG org.asynchttpclient.netty.channel.ChannelManager - Adding key: http://localhost:47419 for channel [id: 0xe321f0e7, L:/127.0.0.1:54295 - R:localhost/127.0.0.1:47419]
22:59:13.682 [Forwarding getCurrentUrl on session faa8525703f302829f202040848338b9 to remote] DEBUG org.asynchttpclient.netty.request.NettyRequestSender - Using pooled Channel '[id: 0xe321f0e7, L:/127.0.0.1:54295 - R:localhost/127.0.0.1:47419]' for 'GET' to 'http://localhost:47419/session/faa8525703f302829f202040848338b9/url'
22:59:13.682 [Forwarding getCurrentUrl on session faa8525703f302829f202040848338b9 to remote] DEBUG org.asynchttpclient.netty.request.NettyRequestSender - Using open Channel [id: 0xe321f0e7, L:/127.0.0.1:54295 - R:localhost/127.0.0.1:47419] for GET '/session/faa8525703f302829f202040848338b9/url'
22:59:13.691 [AsyncHttpClient-1-14] DEBUG org.asynchttpclient.netty.handler.HttpHandler - 

Request DefaultFullHttpRequest(decodeResult: success, version: HTTP/1.1, content: EmptyByteBufBE)
GET /session/faa8525703f302829f202040848338b9/url HTTP/1.1
User-Agent: selenium/4.8.1 (java windows)
Cache-Control: no-cache
Content-Type: application/json; charset=utf-8
host: localhost:47419
accept: */*

Response DefaultHttpResponse(decodeResult: success, version: HTTP/1.1)
HTTP/1.1 200 OK
Content-Length: 54
Content-Type: application/json; charset=utf-8
cache-control: no-cache

22:59:13.691 [AsyncHttpClient-1-14] DEBUG org.asynchttpclient.netty.channel.ChannelManager - Adding key: http://localhost:47419 for channel [id: 0xe321f0e7, L:/127.0.0.1:54295 - R:localhost/127.0.0.1:47419]
22:59:13.705 [Forwarding getAlertText on session faa8525703f302829f202040848338b9 to remote] DEBUG org.asynchttpclient.netty.request.NettyRequestSender - Using pooled Channel '[id: 0xe321f0e7, L:/127.0.0.1:54295 - R:localhost/127.0.0.1:47419]' for 'GET' to 'http://localhost:47419/session/faa8525703f302829f202040848338b9/alert/text'
22:59:13.705 [Forwarding getAlertText on session faa8525703f302829f202040848338b9 to remote] DEBUG org.asynchttpclient.netty.request.NettyRequestSender - Using open Channel [id: 0xe321f0e7, L:/127.0.0.1:54295 - R:localhost/127.0.0.1:47419] for GET '/session/faa8525703f302829f202040848338b9/alert/text'
22:59:13.708 [AsyncHttpClient-1-14] DEBUG org.asynchttpclient.netty.handler.HttpHandler - 

Request DefaultFullHttpRequest(decodeResult: success, version: HTTP/1.1, content: EmptyByteBufBE)
GET /session/faa8525703f302829f202040848338b9/alert/text HTTP/1.1
User-Agent: selenium/4.8.1 (java windows)
Cache-Control: no-cache
Content-Type: application/json; charset=utf-8
host: localhost:47419
accept: */*

Response DefaultHttpResponse(decodeResult: success, version: HTTP/1.1)
HTTP/1.1 404 Not Found
Content-Length: 820
Content-Type: application/json; charset=utf-8
cache-control: no-cache

22:59:13.708 [AsyncHttpClient-1-14] DEBUG org.asynchttpclient.netty.channel.ChannelManager - Adding key: http://localhost:47419 for channel [id: 0xe321f0e7, L:/127.0.0.1:54295 - R:localhost/127.0.0.1:47419]
22:59:13.710 [Forwarding getCurrentUrl on session faa8525703f302829f202040848338b9 to remote] DEBUG org.asynchttpclient.netty.request.NettyRequestSender - Using pooled Channel '[id: 0xe321f0e7, L:/127.0.0.1:54295 - R:localhost/127.0.0.1:47419]' for 'GET' to 'http://localhost:47419/session/faa8525703f302829f202040848338b9/url'
22:59:13.710 [Forwarding getCurrentUrl on session faa8525703f302829f202040848338b9 to remote] DEBUG org.asynchttpclient.netty.request.NettyRequestSender - Using open Channel [id: 0xe321f0e7, L:/127.0.0.1:54295 - R:localhost/127.0.0.1:47419] for GET '/session/faa8525703f302829f202040848338b9/url'
22:59:13.720 [AsyncHttpClient-1-14] DEBUG org.asynchttpclient.netty.handler.HttpHandler - 

Request DefaultFullHttpRequest(decodeResult: success, version: HTTP/1.1, content: EmptyByteBufBE)
GET /session/faa8525703f302829f202040848338b9/url HTTP/1.1
User-Agent: selenium/4.8.1 (java windows)
Cache-Control: no-cache
Content-Type: application/json; charset=utf-8
host: localhost:47419
accept: */*

Response DefaultHttpResponse(decodeResult: success, version: HTTP/1.1)
HTTP/1.1 200 OK
Content-Length: 54
Content-Type: application/json; charset=utf-8
cache-control: no-cache

22:59:13.720 [AsyncHttpClient-1-14] DEBUG org.asynchttpclient.netty.channel.ChannelManager - Adding key: http://localhost:47419 for channel [id: 0xe321f0e7, L:/127.0.0.1:54295 - R:localhost/127.0.0.1:47419]
22:59:13.721 [Forwarding screenshot on session faa8525703f302829f202040848338b9 to remote] DEBUG org.asynchttpclient.netty.request.NettyRequestSender - Using pooled Channel '[id: 0xe321f0e7, L:/127.0.0.1:54295 - R:localhost/127.0.0.1:47419]' for 'GET' to 'http://localhost:47419/session/faa8525703f302829f202040848338b9/screenshot'
22:59:13.722 [Forwarding screenshot on session faa8525703f302829f202040848338b9 to remote] DEBUG org.asynchttpclient.netty.request.NettyRequestSender - Using open Channel [id: 0xe321f0e7, L:/127.0.0.1:54295 - R:localhost/127.0.0.1:47419] for GET '/session/faa8525703f302829f202040848338b9/screenshot'
22:59:14.000 [AsyncHttpClient-1-14] DEBUG org.asynchttpclient.netty.handler.HttpHandler - 

Request DefaultFullHttpRequest(decodeResult: success, version: HTTP/1.1, content: EmptyByteBufBE)
GET /session/faa8525703f302829f202040848338b9/screenshot HTTP/1.1
User-Agent: selenium/4.8.1 (java windows)
Cache-Control: no-cache
Content-Type: application/json; charset=utf-8
host: localhost:47419
accept: */*

Response DefaultHttpResponse(decodeResult: success, version: HTTP/1.1)
HTTP/1.1 200 OK
Content-Length: 36256
Content-Type: application/json; charset=utf-8
cache-control: no-cache

22:59:14.001 [AsyncHttpClient-1-14] DEBUG org.asynchttpclient.netty.channel.ChannelManager - Adding key: http://localhost:47419 for channel [id: 0xe321f0e7, L:/127.0.0.1:54295 - R:localhost/127.0.0.1:47419]
22:59:14.003 [main] DEBUG net.serenitybdd.core.photography.Darkroom - Send negative for processing for target\site\serenity\f760f936bb8841dbfc90a7f5369e6135e75afcf40365086f61253f8a02f7a317.png
22:59:14.003 [Darkroom Processing Line] DEBUG net.serenitybdd.core.photography.DarkroomProcessingLine - Processing screenshot image in /var/screenshots/screenshot-7045678340779483251
22:59:14.004 [Darkroom Processing Line] DEBUG net.serenitybdd.core.photography.DarkroomProcessingLine - Saving screenshot to target\site\serenity\f760f936bb8841dbfc90a7f5369e6135e75afcf40365086f61253f8a02f7a317.png
22:59:14.005 [Forwarding getPageSource on session faa8525703f302829f202040848338b9 to remote] DEBUG org.asynchttpclient.netty.request.NettyRequestSender - Using pooled Channel '[id: 0xe321f0e7, L:/127.0.0.1:54295 - R:localhost/127.0.0.1:47419]' for 'POST' to 'http://localhost:47419/session/faa8525703f302829f202040848338b9/execute/sync'
22:59:14.005 [Forwarding getPageSource on session faa8525703f302829f202040848338b9 to remote] DEBUG org.asynchttpclient.netty.request.NettyRequestSender - Using open Channel [id: 0xe321f0e7, L:/127.0.0.1:54295 - R:localhost/127.0.0.1:47419] for POST '/session/faa8525703f302829f202040848338b9/execute/sync'
22:59:14.015 [AsyncHttpClient-1-14] DEBUG org.asynchttpclient.netty.handler.HttpHandler - 

Request DefaultHttpRequest(decodeResult: success, version: HTTP/1.1)
POST /session/faa8525703f302829f202040848338b9/execute/sync HTTP/1.1
User-Agent: selenium/4.8.1 (java windows)
Content-Length: 176
Content-Type: application/json; charset=utf-8
host: localhost:47419
accept: */*

Response DefaultHttpResponse(decodeResult: success, version: HTTP/1.1)
HTTP/1.1 200 OK
Content-Length: 22312
Content-Type: application/json; charset=utf-8
cache-control: no-cache

22:59:14.015 [AsyncHttpClient-1-14] DEBUG org.asynchttpclient.netty.channel.ChannelManager - Adding key: http://localhost:47419 for channel [id: 0xe321f0e7, L:/127.0.0.1:54295 - R:localhost/127.0.0.1:47419]
22:59:14.018 [Forwarding getCurrentUrl on session faa8525703f302829f202040848338b9 to remote] DEBUG org.asynchttpclient.netty.request.NettyRequestSender - Using pooled Channel '[id: 0xe321f0e7, L:/127.0.0.1:54295 - R:localhost/127.0.0.1:47419]' for 'GET' to 'http://localhost:47419/session/faa8525703f302829f202040848338b9/url'
22:59:14.018 [Forwarding getCurrentUrl on session faa8525703f302829f202040848338b9 to remote] DEBUG org.asynchttpclient.netty.request.NettyRequestSender - Using open Channel [id: 0xe321f0e7, L:/127.0.0.1:54295 - R:localhost/127.0.0.1:47419] for GET '/session/faa8525703f302829f202040848338b9/url'
22:59:14.026 [AsyncHttpClient-1-14] DEBUG org.asynchttpclient.netty.handler.HttpHandler - 

Request DefaultFullHttpRequest(decodeResult: success, version: HTTP/1.1, content: EmptyByteBufBE)
GET /session/faa8525703f302829f202040848338b9/url HTTP/1.1
User-Agent: selenium/4.8.1 (java windows)
Cache-Control: no-cache
Content-Type: application/json; charset=utf-8
host: localhost:47419
accept: */*

Response DefaultHttpResponse(decodeResult: success, version: HTTP/1.1)
HTTP/1.1 200 OK
Content-Length: 54
Content-Type: application/json; charset=utf-8
cache-control: no-cache

22:59:14.026 [AsyncHttpClient-1-14] DEBUG org.asynchttpclient.netty.channel.ChannelManager - Adding key: http://localhost:47419 for channel [id: 0xe321f0e7, L:/127.0.0.1:54295 - R:localhost/127.0.0.1:47419]
22:59:14.028 [main] DEBUG net.thucydides.core.steps.StepInterceptor - STARTING STEP: RegisterSteps.clickRegButton - clickRegButton
22:59:14.033 [Forwarding findElement on session faa8525703f302829f202040848338b9 to remote] DEBUG org.asynchttpclient.netty.request.NettyRequestSender - Using pooled Channel '[id: 0xe321f0e7, L:/127.0.0.1:54295 - R:localhost/127.0.0.1:47419]' for 'POST' to 'http://localhost:47419/session/faa8525703f302829f202040848338b9/element'
22:59:14.033 [Forwarding findElement on session faa8525703f302829f202040848338b9 to remote] DEBUG org.asynchttpclient.netty.request.NettyRequestSender - Using open Channel [id: 0xe321f0e7, L:/127.0.0.1:54295 - R:localhost/127.0.0.1:47419] for POST '/session/faa8525703f302829f202040848338b9/element'
22:59:14.054 [AsyncHttpClient-1-14] DEBUG org.asynchttpclient.netty.handler.HttpHandler - 

Request DefaultHttpRequest(decodeResult: success, version: HTTP/1.1)
POST /session/faa8525703f302829f202040848338b9/element HTTP/1.1
User-Agent: selenium/4.8.1 (java windows)
Content-Length: 142
Content-Type: application/json; charset=utf-8
host: localhost:47419
accept: */*

Response DefaultHttpResponse(decodeResult: success, version: HTTP/1.1)
HTTP/1.1 200 OK
Content-Length: 94
Content-Type: application/json; charset=utf-8
cache-control: no-cache

22:59:14.055 [AsyncHttpClient-1-14] DEBUG org.asynchttpclient.netty.channel.ChannelManager - Adding key: http://localhost:47419 for channel [id: 0xe321f0e7, L:/127.0.0.1:54295 - R:localhost/127.0.0.1:47419]
22:59:14.056 [Forwarding getElementTagName on session faa8525703f302829f202040848338b9 to remote] DEBUG org.asynchttpclient.netty.request.NettyRequestSender - Using pooled Channel '[id: 0xe321f0e7, L:/127.0.0.1:54295 - R:localhost/127.0.0.1:47419]' for 'GET' to 'http://localhost:47419/session/faa8525703f302829f202040848338b9/element/D52978E8EDDD5A233A008F88D8C965AA_element_2/name'
22:59:14.056 [Forwarding getElementTagName on session faa8525703f302829f202040848338b9 to remote] DEBUG org.asynchttpclient.netty.request.NettyRequestSender - Using open Channel [id: 0xe321f0e7, L:/127.0.0.1:54295 - R:localhost/127.0.0.1:47419] for GET '/session/faa8525703f302829f202040848338b9/element/D52978E8EDDD5A233A008F88D8C965AA_element_2/name'
22:59:14.064 [AsyncHttpClient-1-14] DEBUG org.asynchttpclient.netty.handler.HttpHandler - 

Request DefaultFullHttpRequest(decodeResult: success, version: HTTP/1.1, content: EmptyByteBufBE)
GET /session/faa8525703f302829f202040848338b9/element/D52978E8EDDD5A233A008F88D8C965AA_element_2/name HTTP/1.1
User-Agent: selenium/4.8.1 (java windows)
Cache-Control: no-cache
Content-Type: application/json; charset=utf-8
host: localhost:47419
accept: */*

Response DefaultHttpResponse(decodeResult: success, version: HTTP/1.1)
HTTP/1.1 200 OK
Content-Length: 18
Content-Type: application/json; charset=utf-8
cache-control: no-cache

22:59:14.064 [AsyncHttpClient-1-14] DEBUG org.asynchttpclient.netty.channel.ChannelManager - Adding key: http://localhost:47419 for channel [id: 0xe321f0e7, L:/127.0.0.1:54295 - R:localhost/127.0.0.1:47419]
22:59:14.066 [Forwarding getElementTagName on session faa8525703f302829f202040848338b9 to remote] DEBUG org.asynchttpclient.netty.request.NettyRequestSender - Using pooled Channel '[id: 0xe321f0e7, L:/127.0.0.1:54295 - R:localhost/127.0.0.1:47419]' for 'GET' to 'http://localhost:47419/session/faa8525703f302829f202040848338b9/element/D52978E8EDDD5A233A008F88D8C965AA_element_2/name'
22:59:14.066 [Forwarding getElementTagName on session faa8525703f302829f202040848338b9 to remote] DEBUG org.asynchttpclient.netty.request.NettyRequestSender - Using open Channel [id: 0xe321f0e7, L:/127.0.0.1:54295 - R:localhost/127.0.0.1:47419] for GET '/session/faa8525703f302829f202040848338b9/element/D52978E8EDDD5A233A008F88D8C965AA_element_2/name'
22:59:14.074 [AsyncHttpClient-1-14] DEBUG org.asynchttpclient.netty.handler.HttpHandler - 

Request DefaultFullHttpRequest(decodeResult: success, version: HTTP/1.1, content: EmptyByteBufBE)
GET /session/faa8525703f302829f202040848338b9/element/D52978E8EDDD5A233A008F88D8C965AA_element_2/name HTTP/1.1
User-Agent: selenium/4.8.1 (java windows)
Cache-Control: no-cache
Content-Type: application/json; charset=utf-8
host: localhost:47419
accept: */*

Response DefaultHttpResponse(decodeResult: success, version: HTTP/1.1)
HTTP/1.1 200 OK
Content-Length: 18
Content-Type: application/json; charset=utf-8
cache-control: no-cache

22:59:14.074 [AsyncHttpClient-1-14] DEBUG org.asynchttpclient.netty.channel.ChannelManager - Adding key: http://localhost:47419 for channel [id: 0xe321f0e7, L:/127.0.0.1:54295 - R:localhost/127.0.0.1:47419]
22:59:14.077 [Forwarding isElementEnabled on session faa8525703f302829f202040848338b9 to remote] DEBUG org.asynchttpclient.netty.request.NettyRequestSender - Using pooled Channel '[id: 0xe321f0e7, L:/127.0.0.1:54295 - R:localhost/127.0.0.1:47419]' for 'GET' to 'http://localhost:47419/session/faa8525703f302829f202040848338b9/element/D52978E8EDDD5A233A008F88D8C965AA_element_2/enabled'
22:59:14.077 [Forwarding isElementEnabled on session faa8525703f302829f202040848338b9 to remote] DEBUG org.asynchttpclient.netty.request.NettyRequestSender - Using open Channel [id: 0xe321f0e7, L:/127.0.0.1:54295 - R:localhost/127.0.0.1:47419] for GET '/session/faa8525703f302829f202040848338b9/element/D52978E8EDDD5A233A008F88D8C965AA_element_2/enabled'
22:59:14.089 [AsyncHttpClient-1-14] DEBUG org.asynchttpclient.netty.handler.HttpHandler - 

Request DefaultFullHttpRequest(decodeResult: success, version: HTTP/1.1, content: EmptyByteBufBE)
GET /session/faa8525703f302829f202040848338b9/element/D52978E8EDDD5A233A008F88D8C965AA_element_2/enabled HTTP/1.1
User-Agent: selenium/4.8.1 (java windows)
Cache-Control: no-cache
Content-Type: application/json; charset=utf-8
host: localhost:47419
accept: */*

Response DefaultHttpResponse(decodeResult: success, version: HTTP/1.1)
HTTP/1.1 200 OK
Content-Length: 14
Content-Type: application/json; charset=utf-8
cache-control: no-cache

22:59:14.090 [AsyncHttpClient-1-14] DEBUG org.asynchttpclient.netty.channel.ChannelManager - Adding key: http://localhost:47419 for channel [id: 0xe321f0e7, L:/127.0.0.1:54295 - R:localhost/127.0.0.1:47419]
22:59:14.091 [Forwarding isElementEnabled on session faa8525703f302829f202040848338b9 to remote] DEBUG org.asynchttpclient.netty.request.NettyRequestSender - Using pooled Channel '[id: 0xe321f0e7, L:/127.0.0.1:54295 - R:localhost/127.0.0.1:47419]' for 'GET' to 'http://localhost:47419/session/faa8525703f302829f202040848338b9/element/D52978E8EDDD5A233A008F88D8C965AA_element_2/enabled'
22:59:14.091 [Forwarding isElementEnabled on session faa8525703f302829f202040848338b9 to remote] DEBUG org.asynchttpclient.netty.request.NettyRequestSender - Using open Channel [id: 0xe321f0e7, L:/127.0.0.1:54295 - R:localhost/127.0.0.1:47419] for GET '/session/faa8525703f302829f202040848338b9/element/D52978E8EDDD5A233A008F88D8C965AA_element_2/enabled'
22:59:14.102 [AsyncHttpClient-1-14] DEBUG org.asynchttpclient.netty.handler.HttpHandler - 

Request DefaultFullHttpRequest(decodeResult: success, version: HTTP/1.1, content: EmptyByteBufBE)
GET /session/faa8525703f302829f202040848338b9/element/D52978E8EDDD5A233A008F88D8C965AA_element_2/enabled HTTP/1.1
User-Agent: selenium/4.8.1 (java windows)
Cache-Control: no-cache
Content-Type: application/json; charset=utf-8
host: localhost:47419
accept: */*

Response DefaultHttpResponse(decodeResult: success, version: HTTP/1.1)
HTTP/1.1 200 OK
Content-Length: 14
Content-Type: application/json; charset=utf-8
cache-control: no-cache

22:59:14.102 [AsyncHttpClient-1-14] DEBUG org.asynchttpclient.netty.channel.ChannelManager - Adding key: http://localhost:47419 for channel [id: 0xe321f0e7, L:/127.0.0.1:54295 - R:localhost/127.0.0.1:47419]
22:59:14.104 [Forwarding findElement on session faa8525703f302829f202040848338b9 to remote] DEBUG org.asynchttpclient.netty.request.NettyRequestSender - Using pooled Channel '[id: 0xe321f0e7, L:/127.0.0.1:54295 - R:localhost/127.0.0.1:47419]' for 'POST' to 'http://localhost:47419/session/faa8525703f302829f202040848338b9/element'
22:59:14.104 [Forwarding findElement on session faa8525703f302829f202040848338b9 to remote] DEBUG org.asynchttpclient.netty.request.NettyRequestSender - Using open Channel [id: 0xe321f0e7, L:/127.0.0.1:54295 - R:localhost/127.0.0.1:47419] for POST '/session/faa8525703f302829f202040848338b9/element'
22:59:14.116 [AsyncHttpClient-1-14] DEBUG org.asynchttpclient.netty.handler.HttpHandler - 

Request DefaultHttpRequest(decodeResult: success, version: HTTP/1.1)
POST /session/faa8525703f302829f202040848338b9/element HTTP/1.1
User-Agent: selenium/4.8.1 (java windows)
Content-Length: 142
Content-Type: application/json; charset=utf-8
host: localhost:47419
accept: */*

Response DefaultHttpResponse(decodeResult: success, version: HTTP/1.1)
HTTP/1.1 200 OK
Content-Length: 94
Content-Type: application/json; charset=utf-8
cache-control: no-cache

22:59:14.117 [AsyncHttpClient-1-14] DEBUG org.asynchttpclient.netty.channel.ChannelManager - Adding key: http://localhost:47419 for channel [id: 0xe321f0e7, L:/127.0.0.1:54295 - R:localhost/127.0.0.1:47419]
22:59:14.118 [Forwarding clickElement on session faa8525703f302829f202040848338b9 to remote] DEBUG org.asynchttpclient.netty.request.NettyRequestSender - Using pooled Channel '[id: 0xe321f0e7, L:/127.0.0.1:54295 - R:localhost/127.0.0.1:47419]' for 'POST' to 'http://localhost:47419/session/faa8525703f302829f202040848338b9/element/D52978E8EDDD5A233A008F88D8C965AA_element_2/click'
22:59:14.118 [Forwarding clickElement on session faa8525703f302829f202040848338b9 to remote] DEBUG org.asynchttpclient.netty.request.NettyRequestSender - Using open Channel [id: 0xe321f0e7, L:/127.0.0.1:54295 - R:localhost/127.0.0.1:47419] for POST '/session/faa8525703f302829f202040848338b9/element/D52978E8EDDD5A233A008F88D8C965AA_element_2/click'
22:59:14.190 [AsyncHttpClient-1-14] DEBUG org.asynchttpclient.netty.handler.HttpHandler - 

Request DefaultHttpRequest(decodeResult: success, version: HTTP/1.1)
POST /session/faa8525703f302829f202040848338b9/element/D52978E8EDDD5A233A008F88D8C965AA_element_2/click HTTP/1.1
User-Agent: selenium/4.8.1 (java windows)
Content-Length: 56
Content-Type: application/json; charset=utf-8
host: localhost:47419
accept: */*

Response DefaultHttpResponse(decodeResult: success, version: HTTP/1.1)
HTTP/1.1 200 OK
Content-Length: 14
Content-Type: application/json; charset=utf-8
cache-control: no-cache

22:59:14.190 [AsyncHttpClient-1-14] DEBUG org.asynchttpclient.netty.channel.ChannelManager - Adding key: http://localhost:47419 for channel [id: 0xe321f0e7, L:/127.0.0.1:54295 - R:localhost/127.0.0.1:47419]
22:59:14.197 [Forwarding getAlertText on session faa8525703f302829f202040848338b9 to remote] DEBUG org.asynchttpclient.netty.request.NettyRequestSender - Using pooled Channel '[id: 0xe321f0e7, L:/127.0.0.1:54295 - R:localhost/127.0.0.1:47419]' for 'GET' to 'http://localhost:47419/session/faa8525703f302829f202040848338b9/alert/text'
22:59:14.197 [Forwarding getAlertText on session faa8525703f302829f202040848338b9 to remote] DEBUG org.asynchttpclient.netty.request.NettyRequestSender - Using open Channel [id: 0xe321f0e7, L:/127.0.0.1:54295 - R:localhost/127.0.0.1:47419] for GET '/session/faa8525703f302829f202040848338b9/alert/text'
22:59:14.202 [AsyncHttpClient-1-14] DEBUG org.asynchttpclient.netty.handler.HttpHandler - 

Request DefaultFullHttpRequest(decodeResult: success, version: HTTP/1.1, content: EmptyByteBufBE)
GET /session/faa8525703f302829f202040848338b9/alert/text HTTP/1.1
User-Agent: selenium/4.8.1 (java windows)
Cache-Control: no-cache
Content-Type: application/json; charset=utf-8
host: localhost:47419
accept: */*

Response DefaultHttpResponse(decodeResult: success, version: HTTP/1.1)
HTTP/1.1 404 Not Found
Content-Length: 820
Content-Type: application/json; charset=utf-8
cache-control: no-cache

22:59:14.202 [AsyncHttpClient-1-14] DEBUG org.asynchttpclient.netty.channel.ChannelManager - Adding key: http://localhost:47419 for channel [id: 0xe321f0e7, L:/127.0.0.1:54295 - R:localhost/127.0.0.1:47419]
22:59:14.203 [Forwarding getCurrentUrl on session faa8525703f302829f202040848338b9 to remote] DEBUG org.asynchttpclient.netty.request.NettyRequestSender - Using pooled Channel '[id: 0xe321f0e7, L:/127.0.0.1:54295 - R:localhost/127.0.0.1:47419]' for 'GET' to 'http://localhost:47419/session/faa8525703f302829f202040848338b9/url'
22:59:14.203 [Forwarding getCurrentUrl on session faa8525703f302829f202040848338b9 to remote] DEBUG org.asynchttpclient.netty.request.NettyRequestSender - Using open Channel [id: 0xe321f0e7, L:/127.0.0.1:54295 - R:localhost/127.0.0.1:47419] for GET '/session/faa8525703f302829f202040848338b9/url'
22:59:14.204 [AsyncHttpClient-1-1] DEBUG org.asynchttpclient.netty.channel.DefaultChannelPool - Entry count for : http://localhost:54296 : 1
22:59:14.210 [AsyncHttpClient-1-14] DEBUG org.asynchttpclient.netty.handler.HttpHandler - 

Request DefaultFullHttpRequest(decodeResult: success, version: HTTP/1.1, content: EmptyByteBufBE)
GET /session/faa8525703f302829f202040848338b9/url HTTP/1.1
User-Agent: selenium/4.8.1 (java windows)
Cache-Control: no-cache
Content-Type: application/json; charset=utf-8
host: localhost:47419
accept: */*

Response DefaultHttpResponse(decodeResult: success, version: HTTP/1.1)
HTTP/1.1 200 OK
Content-Length: 54
Content-Type: application/json; charset=utf-8
cache-control: no-cache

22:59:14.211 [AsyncHttpClient-1-14] DEBUG org.asynchttpclient.netty.channel.ChannelManager - Adding key: http://localhost:47419 for channel [id: 0xe321f0e7, L:/127.0.0.1:54295 - R:localhost/127.0.0.1:47419]
22:59:14.211 [Forwarding screenshot on session faa8525703f302829f202040848338b9 to remote] DEBUG org.asynchttpclient.netty.request.NettyRequestSender - Using pooled Channel '[id: 0xe321f0e7, L:/127.0.0.1:54295 - R:localhost/127.0.0.1:47419]' for 'GET' to 'http://localhost:47419/session/faa8525703f302829f202040848338b9/screenshot'
22:59:14.211 [Forwarding screenshot on session faa8525703f302829f202040848338b9 to remote] DEBUG org.asynchttpclient.netty.request.NettyRequestSender - Using open Channel [id: 0xe321f0e7, L:/127.0.0.1:54295 - R:localhost/127.0.0.1:47419] for GET '/session/faa8525703f302829f202040848338b9/screenshot'
22:59:14.449 [AsyncHttpClient-1-14] DEBUG org.asynchttpclient.netty.handler.HttpHandler - 

Request DefaultFullHttpRequest(decodeResult: success, version: HTTP/1.1, content: EmptyByteBufBE)
GET /session/faa8525703f302829f202040848338b9/screenshot HTTP/1.1
User-Agent: selenium/4.8.1 (java windows)
Cache-Control: no-cache
Content-Type: application/json; charset=utf-8
host: localhost:47419
accept: */*

Response DefaultHttpResponse(decodeResult: success, version: HTTP/1.1)
HTTP/1.1 200 OK
Content-Length: 37664
Content-Type: application/json; charset=utf-8
cache-control: no-cache

22:59:14.449 [AsyncHttpClient-1-14] DEBUG org.asynchttpclient.netty.channel.ChannelManager - Adding key: http://localhost:47419 for channel [id: 0xe321f0e7, L:/127.0.0.1:54295 - R:localhost/127.0.0.1:47419]
22:59:14.456 [main] DEBUG net.serenitybdd.core.photography.Darkroom - Send negative for processing for target\site\serenity\b924c4371eaeef26e85fc430102e8c71f25230f1d08a4aea500ad22457285ea2.png
22:59:14.457 [main] DEBUG net.thucydides.core.steps.StepInterceptor - STEP DONE: clickRegButton
22:59:14.457 [Darkroom Processing Line] DEBUG net.serenitybdd.core.photography.DarkroomProcessingLine - Processing screenshot image in /var/screenshots/screenshot-385591238793351938
22:59:14.457 [Darkroom Processing Line] DEBUG net.serenitybdd.core.photography.DarkroomProcessingLine - Saving screenshot to target\site\serenity\b924c4371eaeef26e85fc430102e8c71f25230f1d08a4aea500ad22457285ea2.png
  &amp#27;[32mAnd &amp#27;[0m&amp#27;[32mclick register button&amp#27;[0m                 &amp#27;[90m# starter.stepdefinitions.RegisterSteps.clickRegButton()&amp#27;[0m
22:59:14.489 [Forwarding getPageSource on session faa8525703f302829f202040848338b9 to remote] DEBUG org.asynchttpclient.netty.request.NettyRequestSender - Using pooled Channel '[id: 0xe321f0e7, L:/127.0.0.1:54295 - R:localhost/127.0.0.1:47419]' for 'POST' to 'http://localhost:47419/session/faa8525703f302829f202040848338b9/execute/sync'
22:59:14.489 [Forwarding getPageSource on session faa8525703f302829f202040848338b9 to remote] DEBUG org.asynchttpclient.netty.request.NettyRequestSender - Using open Channel [id: 0xe321f0e7, L:/127.0.0.1:54295 - R:localhost/127.0.0.1:47419] for POST '/session/faa8525703f302829f202040848338b9/execute/sync'
22:59:14.504 [AsyncHttpClient-1-14] DEBUG org.asynchttpclient.netty.handler.HttpHandler - 

Request DefaultHttpRequest(decodeResult: success, version: HTTP/1.1)
POST /session/faa8525703f302829f202040848338b9/execute/sync HTTP/1.1
User-Agent: selenium/4.8.1 (java windows)
Content-Length: 176
Content-Type: application/json; charset=utf-8
host: localhost:47419
accept: */*

Response DefaultHttpResponse(decodeResult: success, version: HTTP/1.1)
HTTP/1.1 200 OK
Content-Length: 22576
Content-Type: application/json; charset=utf-8
cache-control: no-cache

22:59:14.504 [AsyncHttpClient-1-14] DEBUG org.asynchttpclient.netty.channel.ChannelManager - Adding key: http://localhost:47419 for channel [id: 0xe321f0e7, L:/127.0.0.1:54295 - R:localhost/127.0.0.1:47419]
22:59:14.511 [Forwarding getCurrentUrl on session faa8525703f302829f202040848338b9 to remote] DEBUG org.asynchttpclient.netty.request.NettyRequestSender - Using pooled Channel '[id: 0xe321f0e7, L:/127.0.0.1:54295 - R:localhost/127.0.0.1:47419]' for 'GET' to 'http://localhost:47419/session/faa8525703f302829f202040848338b9/url'
22:59:14.511 [Forwarding getCurrentUrl on session faa8525703f302829f202040848338b9 to remote] DEBUG org.asynchttpclient.netty.request.NettyRequestSender - Using open Channel [id: 0xe321f0e7, L:/127.0.0.1:54295 - R:localhost/127.0.0.1:47419] for GET '/session/faa8525703f302829f202040848338b9/url'
22:59:14.518 [AsyncHttpClient-1-14] DEBUG org.asynchttpclient.netty.handler.HttpHandler - 

Request DefaultFullHttpRequest(decodeResult: success, version: HTTP/1.1, content: EmptyByteBufBE)
GET /session/faa8525703f302829f202040848338b9/url HTTP/1.1
User-Agent: selenium/4.8.1 (java windows)
Cache-Control: no-cache
Content-Type: application/json; charset=utf-8
host: localhost:47419
accept: */*

Response DefaultHttpResponse(decodeResult: success, version: HTTP/1.1)
HTTP/1.1 200 OK
Content-Length: 54
Content-Type: application/json; charset=utf-8
cache-control: no-cache

22:59:14.519 [AsyncHttpClient-1-14] DEBUG org.asynchttpclient.netty.channel.ChannelManager - Adding key: http://localhost:47419 for channel [id: 0xe321f0e7, L:/127.0.0.1:54295 - R:localhost/127.0.0.1:47419]
22:59:14.526 [Forwarding getAlertText on session faa8525703f302829f202040848338b9 to remote] DEBUG org.asynchttpclient.netty.request.NettyRequestSender - Using pooled Channel '[id: 0xe321f0e7, L:/127.0.0.1:54295 - R:localhost/127.0.0.1:47419]' for 'GET' to 'http://localhost:47419/session/faa8525703f302829f202040848338b9/alert/text'
22:59:14.526 [Forwarding getAlertText on session faa8525703f302829f202040848338b9 to remote] DEBUG org.asynchttpclient.netty.request.NettyRequestSender - Using open Channel [id: 0xe321f0e7, L:/127.0.0.1:54295 - R:localhost/127.0.0.1:47419] for GET '/session/faa8525703f302829f202040848338b9/alert/text'
22:59:14.529 [AsyncHttpClient-1-14] DEBUG org.asynchttpclient.netty.handler.HttpHandler - 

Request DefaultFullHttpRequest(decodeResult: success, version: HTTP/1.1, content: EmptyByteBufBE)
GET /session/faa8525703f302829f202040848338b9/alert/text HTTP/1.1
User-Agent: selenium/4.8.1 (java windows)
Cache-Control: no-cache
Content-Type: application/json; charset=utf-8
host: localhost:47419
accept: */*

Response DefaultHttpResponse(decodeResult: success, version: HTTP/1.1)
HTTP/1.1 404 Not Found
Content-Length: 820
Content-Type: application/json; charset=utf-8
cache-control: no-cache

22:59:14.529 [AsyncHttpClient-1-14] DEBUG org.asynchttpclient.netty.channel.ChannelManager - Adding key: http://localhost:47419 for channel [id: 0xe321f0e7, L:/127.0.0.1:54295 - R:localhost/127.0.0.1:47419]
22:59:14.530 [Forwarding getCurrentUrl on session faa8525703f302829f202040848338b9 to remote] DEBUG org.asynchttpclient.netty.request.NettyRequestSender - Using pooled Channel '[id: 0xe321f0e7, L:/127.0.0.1:54295 - R:localhost/127.0.0.1:47419]' for 'GET' to 'http://localhost:47419/session/faa8525703f302829f202040848338b9/url'
22:59:14.530 [Forwarding getCurrentUrl on session faa8525703f302829f202040848338b9 to remote] DEBUG org.asynchttpclient.netty.request.NettyRequestSender - Using open Channel [id: 0xe321f0e7, L:/127.0.0.1:54295 - R:localhost/127.0.0.1:47419] for GET '/session/faa8525703f302829f202040848338b9/url'
22:59:14.538 [AsyncHttpClient-1-14] DEBUG org.asynchttpclient.netty.handler.HttpHandler - 

Request DefaultFullHttpRequest(decodeResult: success, version: HTTP/1.1, content: EmptyByteBufBE)
GET /session/faa8525703f302829f202040848338b9/url HTTP/1.1
User-Agent: selenium/4.8.1 (java windows)
Cache-Control: no-cache
Content-Type: application/json; charset=utf-8
host: localhost:47419
accept: */*

Response DefaultHttpResponse(decodeResult: success, version: HTTP/1.1)
HTTP/1.1 200 OK
Content-Length: 54
Content-Type: application/json; charset=utf-8
cache-control: no-cache

22:59:14.538 [AsyncHttpClient-1-14] DEBUG org.asynchttpclient.netty.channel.ChannelManager - Adding key: http://localhost:47419 for channel [id: 0xe321f0e7, L:/127.0.0.1:54295 - R:localhost/127.0.0.1:47419]
22:59:14.539 [Forwarding screenshot on session faa8525703f302829f202040848338b9 to remote] DEBUG org.asynchttpclient.netty.request.NettyRequestSender - Using pooled Channel '[id: 0xe321f0e7, L:/127.0.0.1:54295 - R:localhost/127.0.0.1:47419]' for 'GET' to 'http://localhost:47419/session/faa8525703f302829f202040848338b9/screenshot'
22:59:14.539 [Forwarding screenshot on session faa8525703f302829f202040848338b9 to remote] DEBUG org.asynchttpclient.netty.request.NettyRequestSender - Using open Channel [id: 0xe321f0e7, L:/127.0.0.1:54295 - R:localhost/127.0.0.1:47419] for GET '/session/faa8525703f302829f202040848338b9/screenshot'
22:59:14.774 [AsyncHttpClient-1-14] DEBUG org.asynchttpclient.netty.handler.HttpHandler - 

Request DefaultFullHttpRequest(decodeResult: success, version: HTTP/1.1, content: EmptyByteBufBE)
GET /session/faa8525703f302829f202040848338b9/screenshot HTTP/1.1
User-Agent: selenium/4.8.1 (java windows)
Cache-Control: no-cache
Content-Type: application/json; charset=utf-8
host: localhost:47419
accept: */*

Response DefaultHttpResponse(decodeResult: success, version: HTTP/1.1)
HTTP/1.1 200 OK
Content-Length: 38632
Content-Type: application/json; charset=utf-8
cache-control: no-cache

22:59:14.775 [AsyncHttpClient-1-14] DEBUG org.asynchttpclient.netty.channel.ChannelManager - Adding key: http://localhost:47419 for channel [id: 0xe321f0e7, L:/127.0.0.1:54295 - R:localhost/127.0.0.1:47419]
22:59:14.777 [main] DEBUG net.serenitybdd.core.photography.Darkroom - Send negative for processing for target\site\serenity\395144bc88c17ad25a04be65c289b16ae8525c5cdf0e558d8c49888dff5ebd14.png
22:59:14.777 [Darkroom Processing Line] DEBUG net.serenitybdd.core.photography.DarkroomProcessingLine - Processing screenshot image in /var/screenshots/screenshot-661376375043479550
22:59:14.777 [Darkroom Processing Line] DEBUG net.serenitybdd.core.photography.DarkroomProcessingLine - Saving screenshot to target\site\serenity\395144bc88c17ad25a04be65c289b16ae8525c5cdf0e558d8c49888dff5ebd14.png
22:59:14.779 [Forwarding getPageSource on session faa8525703f302829f202040848338b9 to remote] DEBUG org.asynchttpclient.netty.request.NettyRequestSender - Using pooled Channel '[id: 0xe321f0e7, L:/127.0.0.1:54295 - R:localhost/127.0.0.1:47419]' for 'POST' to 'http://localhost:47419/session/faa8525703f302829f202040848338b9/execute/sync'
22:59:14.779 [Forwarding getPageSource on session faa8525703f302829f202040848338b9 to remote] DEBUG org.asynchttpclient.netty.request.NettyRequestSender - Using open Channel [id: 0xe321f0e7, L:/127.0.0.1:54295 - R:localhost/127.0.0.1:47419] for POST '/session/faa8525703f302829f202040848338b9/execute/sync'
22:59:14.789 [AsyncHttpClient-1-14] DEBUG org.asynchttpclient.netty.handler.HttpHandler - 

Request DefaultHttpRequest(decodeResult: success, version: HTTP/1.1)
POST /session/faa8525703f302829f202040848338b9/execute/sync HTTP/1.1
User-Agent: selenium/4.8.1 (java windows)
Content-Length: 176
Content-Type: application/json; charset=utf-8
host: localhost:47419
accept: */*

Response DefaultHttpResponse(decodeResult: success, version: HTTP/1.1)
HTTP/1.1 200 OK
Content-Length: 22678
Content-Type: application/json; charset=utf-8
cache-control: no-cache

22:59:14.789 [AsyncHttpClient-1-14] DEBUG org.asynchttpclient.netty.channel.ChannelManager - Adding key: http://localhost:47419 for channel [id: 0xe321f0e7, L:/127.0.0.1:54295 - R:localhost/127.0.0.1:47419]
22:59:14.792 [Forwarding getCurrentUrl on session faa8525703f302829f202040848338b9 to remote] DEBUG org.asynchttpclient.netty.request.NettyRequestSender - Using pooled Channel '[id: 0xe321f0e7, L:/127.0.0.1:54295 - R:localhost/127.0.0.1:47419]' for 'GET' to 'http://localhost:47419/session/faa8525703f302829f202040848338b9/url'
22:59:14.793 [Forwarding getCurrentUrl on session faa8525703f302829f202040848338b9 to remote] DEBUG org.asynchttpclient.netty.request.NettyRequestSender - Using open Channel [id: 0xe321f0e7, L:/127.0.0.1:54295 - R:localhost/127.0.0.1:47419] for GET '/session/faa8525703f302829f202040848338b9/url'
22:59:14.800 [AsyncHttpClient-1-14] DEBUG org.asynchttpclient.netty.handler.HttpHandler - 

Request DefaultFullHttpRequest(decodeResult: success, version: HTTP/1.1, content: EmptyByteBufBE)
GET /session/faa8525703f302829f202040848338b9/url HTTP/1.1
User-Agent: selenium/4.8.1 (java windows)
Cache-Control: no-cache
Content-Type: application/json; charset=utf-8
host: localhost:47419
accept: */*

Response DefaultHttpResponse(decodeResult: success, version: HTTP/1.1)
HTTP/1.1 200 OK
Content-Length: 54
Content-Type: application/json; charset=utf-8
cache-control: no-cache

22:59:14.800 [AsyncHttpClient-1-14] DEBUG org.asynchttpclient.netty.channel.ChannelManager - Adding key: http://localhost:47419 for channel [id: 0xe321f0e7, L:/127.0.0.1:54295 - R:localhost/127.0.0.1:47419]
22:59:14.802 [main] DEBUG net.thucydides.core.steps.StepInterceptor - STARTING STEP: RegisterSteps.seeErrorMassage - validateErrorMessage
22:59:14.804 [Forwarding findElement on session faa8525703f302829f202040848338b9 to remote] DEBUG org.asynchttpclient.netty.request.NettyRequestSender - Using pooled Channel '[id: 0xe321f0e7, L:/127.0.0.1:54295 - R:localhost/127.0.0.1:47419]' for 'POST' to 'http://localhost:47419/session/faa8525703f302829f202040848338b9/element'
22:59:14.805 [Forwarding findElement on session faa8525703f302829f202040848338b9 to remote] DEBUG org.asynchttpclient.netty.request.NettyRequestSender - Using open Channel [id: 0xe321f0e7, L:/127.0.0.1:54295 - R:localhost/127.0.0.1:47419] for POST '/session/faa8525703f302829f202040848338b9/element'
22:59:14.823 [AsyncHttpClient-1-14] DEBUG org.asynchttpclient.netty.handler.HttpHandler - 

Request DefaultHttpRequest(decodeResult: success, version: HTTP/1.1)
POST /session/faa8525703f302829f202040848338b9/element HTTP/1.1
User-Agent: selenium/4.8.1 (java windows)
Content-Length: 80
Content-Type: application/json; charset=utf-8
host: localhost:47419
accept: */*

Response DefaultHttpResponse(decodeResult: success, version: HTTP/1.1)
HTTP/1.1 200 OK
Content-Length: 95
Content-Type: application/json; charset=utf-8
cache-control: no-cache

22:59:14.824 [AsyncHttpClient-1-14] DEBUG org.asynchttpclient.netty.channel.ChannelManager - Adding key: http://localhost:47419 for channel [id: 0xe321f0e7, L:/127.0.0.1:54295 - R:localhost/127.0.0.1:47419]
22:59:14.826 [Forwarding isElementDisplayed on session faa8525703f302829f202040848338b9 to remote] DEBUG org.asynchttpclient.netty.request.NettyRequestSender - Using pooled Channel '[id: 0xe321f0e7, L:/127.0.0.1:54295 - R:localhost/127.0.0.1:47419]' for 'POST' to 'http://localhost:47419/session/faa8525703f302829f202040848338b9/execute/sync'
22:59:14.826 [Forwarding isElementDisplayed on session faa8525703f302829f202040848338b9 to remote] DEBUG org.asynchttpclient.netty.request.NettyRequestSender - Using open Channel [id: 0xe321f0e7, L:/127.0.0.1:54295 - R:localhost/127.0.0.1:47419] for POST '/session/faa8525703f302829f202040848338b9/execute/sync'
22:59:14.847 [AsyncHttpClient-1-14] DEBUG org.asynchttpclient.netty.handler.HttpHandler - 

Request DefaultHttpRequest(decodeResult: success, version: HTTP/1.1)
POST /session/faa8525703f302829f202040848338b9/execute/sync HTTP/1.1
User-Agent: selenium/4.8.1 (java windows)
Content-Length: 48814
Content-Type: application/json; charset=utf-8
host: localhost:47419
accept: */*

Response DefaultHttpResponse(decodeResult: success, version: HTTP/1.1)
HTTP/1.1 200 OK
Content-Length: 14
Content-Type: application/json; charset=utf-8
cache-control: no-cache

22:59:14.847 [AsyncHttpClient-1-14] DEBUG org.asynchttpclient.netty.channel.ChannelManager - Adding key: http://localhost:47419 for channel [id: 0xe321f0e7, L:/127.0.0.1:54295 - R:localhost/127.0.0.1:47419]
22:59:14.854 [Forwarding getAlertText on session faa8525703f302829f202040848338b9 to remote] DEBUG org.asynchttpclient.netty.request.NettyRequestSender - Using pooled Channel '[id: 0xe321f0e7, L:/127.0.0.1:54295 - R:localhost/127.0.0.1:47419]' for 'GET' to 'http://localhost:47419/session/faa8525703f302829f202040848338b9/alert/text'
22:59:14.854 [Forwarding getAlertText on session faa8525703f302829f202040848338b9 to remote] DEBUG org.asynchttpclient.netty.request.NettyRequestSender - Using open Channel [id: 0xe321f0e7, L:/127.0.0.1:54295 - R:localhost/127.0.0.1:47419] for GET '/session/faa8525703f302829f202040848338b9/alert/text'
22:59:14.856 [AsyncHttpClient-1-14] DEBUG org.asynchttpclient.netty.handler.HttpHandler - 

Request DefaultFullHttpRequest(decodeResult: success, version: HTTP/1.1, content: EmptyByteBufBE)
GET /session/faa8525703f302829f202040848338b9/alert/text HTTP/1.1
User-Agent: selenium/4.8.1 (java windows)
Cache-Control: no-cache
Content-Type: application/json; charset=utf-8
host: localhost:47419
accept: */*

Response DefaultHttpResponse(decodeResult: success, version: HTTP/1.1)
HTTP/1.1 404 Not Found
Content-Length: 820
Content-Type: application/json; charset=utf-8
cache-control: no-cache

22:59:14.856 [AsyncHttpClient-1-14] DEBUG org.asynchttpclient.netty.channel.ChannelManager - Adding key: http://localhost:47419 for channel [id: 0xe321f0e7, L:/127.0.0.1:54295 - R:localhost/127.0.0.1:47419]
22:59:14.856 [Forwarding getCurrentUrl on session faa8525703f302829f202040848338b9 to remote] DEBUG org.asynchttpclient.netty.request.NettyRequestSender - Using pooled Channel '[id: 0xe321f0e7, L:/127.0.0.1:54295 - R:localhost/127.0.0.1:47419]' for 'GET' to 'http://localhost:47419/session/faa8525703f302829f202040848338b9/url'
22:59:14.856 [Forwarding getCurrentUrl on session faa8525703f302829f202040848338b9 to remote] DEBUG org.asynchttpclient.netty.request.NettyRequestSender - Using open Channel [id: 0xe321f0e7, L:/127.0.0.1:54295 - R:localhost/127.0.0.1:47419] for GET '/session/faa8525703f302829f202040848338b9/url'
22:59:14.864 [AsyncHttpClient-1-14] DEBUG org.asynchttpclient.netty.handler.HttpHandler - 

Request DefaultFullHttpRequest(decodeResult: success, version: HTTP/1.1, content: EmptyByteBufBE)
GET /session/faa8525703f302829f202040848338b9/url HTTP/1.1
User-Agent: selenium/4.8.1 (java windows)
Cache-Control: no-cache
Content-Type: application/json; charset=utf-8
host: localhost:47419
accept: */*

Response DefaultHttpResponse(decodeResult: success, version: HTTP/1.1)
HTTP/1.1 200 OK
Content-Length: 54
Content-Type: application/json; charset=utf-8
cache-control: no-cache

22:59:14.864 [AsyncHttpClient-1-14] DEBUG org.asynchttpclient.netty.channel.ChannelManager - Adding key: http://localhost:47419 for channel [id: 0xe321f0e7, L:/127.0.0.1:54295 - R:localhost/127.0.0.1:47419]
22:59:14.866 [Forwarding screenshot on session faa8525703f302829f202040848338b9 to remote] DEBUG org.asynchttpclient.netty.request.NettyRequestSender - Using pooled Channel '[id: 0xe321f0e7, L:/127.0.0.1:54295 - R:localhost/127.0.0.1:47419]' for 'GET' to 'http://localhost:47419/session/faa8525703f302829f202040848338b9/screenshot'
22:59:14.866 [Forwarding screenshot on session faa8525703f302829f202040848338b9 to remote] DEBUG org.asynchttpclient.netty.request.NettyRequestSender - Using open Channel [id: 0xe321f0e7, L:/127.0.0.1:54295 - R:localhost/127.0.0.1:47419] for GET '/session/faa8525703f302829f202040848338b9/screenshot'
22:59:15.015 [AsyncHttpClient-1-14] DEBUG org.asynchttpclient.netty.handler.HttpHandler - 

Request DefaultFullHttpRequest(decodeResult: success, version: HTTP/1.1, content: EmptyByteBufBE)
GET /session/faa8525703f302829f202040848338b9/screenshot HTTP/1.1
User-Agent: selenium/4.8.1 (java windows)
Cache-Control: no-cache
Content-Type: application/json; charset=utf-8
host: localhost:47419
accept: */*

Response DefaultHttpResponse(decodeResult: success, version: HTTP/1.1)
HTTP/1.1 200 OK
Content-Length: 39324
Content-Type: application/json; charset=utf-8
cache-control: no-cache

22:59:15.015 [AsyncHttpClient-1-14] DEBUG org.asynchttpclient.netty.channel.ChannelManager - Adding key: http://localhost:47419 for channel [id: 0xe321f0e7, L:/127.0.0.1:54295 - R:localhost/127.0.0.1:47419]
22:59:15.017 [main] DEBUG net.serenitybdd.core.photography.Darkroom - Send negative for processing for target\site\serenity\b06484ff683fc250331f4b6a193dade4cc95f733aa4ff1df9d6c65af001edd3e.png
22:59:15.018 [main] DEBUG net.thucydides.core.steps.StepInterceptor - STEP DONE: validateErrorMessage
22:59:15.018 [Darkroom Processing Line] DEBUG net.serenitybdd.core.photography.DarkroomProcessingLine - Processing screenshot image in /var/screenshots/screenshot-8067981351123227047
  &amp#27;[32mThen &amp#27;[0m&amp#27;[32mI see the error message&amp#27;[0m              &amp#27;[90m# starter.stepdefinitions.RegisterSteps.seeErrorMassage()&amp#27;[0m
22:59:15.018 [Darkroom Processing Line] DEBUG net.serenitybdd.core.photography.DarkroomProcessingLine - Saving screenshot to target\site\serenity\b06484ff683fc250331f4b6a193dade4cc95f733aa4ff1df9d6c65af001edd3e.png
22:59:15.022 [main] INFO  - 
  _____   ___   ___   _____     ___     _     ___   ___   ___   ___  
 |_   _| | __| / __| |_   _|   | _ \   /_\   / __| / __| | __| |   \ 
   | |   | _|  \__ \   | |     |  _/  / _ \  \__ \ \__ \ | _|  | |) |
   |_|   |___| |___/   |_|     |_|   /_/ \_\ |___/ |___/ |___| |___/ 

Failed register with not fill all
----------------------------------------------------------------------
22:59:15.023 [AsyncHttpClient-1-16] DEBUG org.asynchttpclient.netty.handler.WebSocketHandler - Channel Closed: [id: 0x36c615e6, L:/127.0.0.1:54304 ! R:localhost/127.0.0.1:54296] with attribute NettyResponseFuture{currentRetry=0,
	isDone=1,
	isCancelled=0,
	asyncHandler=org.asynchttpclient.ws.WebSocketUpgradeHandler@399e2cbb,
	nettyRequest=org.asynchttpclient.netty.request.NettyRequest@7c9ca5ec,
	future=java.util.concurrent.CompletableFuture@7d45edab[Completed normally],
	uri=ws://localhost:54296/devtools/browser/ad3520ee-0984-4113-9a22-62d883ce2232,
	keepAlive=true,
	redirectCount=0,
	timeoutsHolder=null,
	inAuth=0,
	touch=1683561549601}
22:59:15.023 [Driver Command Executor] DEBUG org.asynchttpclient.netty.request.NettyRequestSender - Using pooled Channel '[id: 0xe321f0e7, L:/127.0.0.1:54295 - R:localhost/127.0.0.1:47419]' for 'DELETE' to 'http://localhost:47419/session/faa8525703f302829f202040848338b9'
22:59:15.023 [AsyncHttpClient-1-16] DEBUG org.asynchttpclient.netty.channel.ChannelManager - Closing Channel [id: 0x36c615e6, L:/127.0.0.1:54304 ! R:localhost/127.0.0.1:54296] 
22:59:15.023 [Driver Command Executor] DEBUG org.asynchttpclient.netty.request.NettyRequestSender - Using open Channel [id: 0xe321f0e7, L:/127.0.0.1:54295 - R:localhost/127.0.0.1:47419] for DELETE '/session/faa8525703f302829f202040848338b9'
22:59:15.187 [AsyncHttpClient-1-15] DEBUG org.asynchttpclient.netty.handler.HttpHandler - Unexpected I/O exception on channel [id: 0x82b3262c, L:/127.0.0.1:54303 - R:localhost/127.0.0.1:54296]
java.io.IOException: An existing connection was forcibly closed by the remote host
	at sun.nio.ch.SocketDispatcher.read0(Native Method)
	at sun.nio.ch.SocketDispatcher.read(SocketDispatcher.java:43)
	at sun.nio.ch.IOUtil.readIntoNativeBuffer(IOUtil.java:223)
	at sun.nio.ch.IOUtil.read(IOUtil.java:192)
	at sun.nio.ch.SocketChannelImpl.read(SocketChannelImpl.java:378)
	at io.netty.buffer.PooledByteBuf.setBytes(PooledByteBuf.java:259)
	at io.netty.buffer.AbstractByteBuf.writeBytes(AbstractByteBuf.java:1132)
	at io.netty.channel.socket.nio.NioSocketChannel.doReadBytes(NioSocketChannel.java:357)
	at io.netty.channel.nio.AbstractNioByteChannel$NioByteUnsafe.read(AbstractNioByteChannel.java:151)
	at io.netty.channel.nio.NioEventLoop.processSelectedKey(NioEventLoop.java:788)
	at io.netty.channel.nio.NioEventLoop.processSelectedKeysOptimized(NioEventLoop.java:724)
	at io.netty.channel.nio.NioEventLoop.processSelectedKeys(NioEventLoop.java:650)
	at io.netty.channel.nio.NioEventLoop.run(NioEventLoop.java:562)
	at io.netty.util.concurrent.SingleThreadEventExecutor$4.run(SingleThreadEventExecutor.java:997)
	at io.netty.util.internal.ThreadExecutorMap$2.run(ThreadExecutorMap.java:74)
	at io.netty.util.concurrent.FastThreadLocalRunnable.run(FastThreadLocalRunnable.java:30)
	at java.lang.Thread.run(Thread.java:750)
22:59:15.187 [AsyncHttpClient-1-15] DEBUG org.asynchttpclient.netty.channel.ChannelManager - Closing Channel [id: 0x82b3262c, L:/127.0.0.1:54303 - R:localhost/127.0.0.1:54296] 
22:59:15.187 [AsyncHttpClient-1-15] DEBUG org.asynchttpclient.netty.handler.HttpHandler - Channel Closed: [id: 0x82b3262c, L:/127.0.0.1:54303 ! R:localhost/127.0.0.1:54296] with attribute DISCARD
22:59:15.208 [AsyncHttpClient-1-14] DEBUG org.asynchttpclient.netty.handler.HttpHandler - 

Request DefaultFullHttpRequest(decodeResult: success, version: HTTP/1.1, content: EmptyByteBufBE)
DELETE /session/faa8525703f302829f202040848338b9 HTTP/1.1
User-Agent: selenium/4.8.1 (java windows)
Content-Type: application/json; charset=utf-8
host: localhost:47419
accept: */*

Response DefaultHttpResponse(decodeResult: success, version: HTTP/1.1)
HTTP/1.1 200 OK
Content-Length: 14
Content-Type: application/json; charset=utf-8
cache-control: no-cache

22:59:15.208 [AsyncHttpClient-1-14] DEBUG org.asynchttpclient.netty.channel.ChannelManager - Adding key: http://localhost:47419 for channel [id: 0xe321f0e7, L:/127.0.0.1:54295 - R:localhost/127.0.0.1:47419]
22:59:15.271 [AsyncHttpClient-1-14] DEBUG org.asynchttpclient.netty.handler.HttpHandler - Channel Closed: [id: 0xe321f0e7, L:/127.0.0.1:54295 ! R:localhost/127.0.0.1:47419] with attribute DISCARD
22:59:15.297 [AsyncHttpClient-1-1] DEBUG org.asynchttpclient.netty.channel.DefaultChannelPool - Entry count for : http://localhost:47419 : 1
22:59:15.297 [AsyncHttpClient-1-1] DEBUG org.asynchttpclient.netty.channel.DefaultChannelPool - Entry count for : http://localhost:54296 : 1
22:59:15.297 [AsyncHttpClient-1-1] DEBUG org.asynchttpclient.netty.channel.DefaultChannelPool - Adding Candidate expired Channel [id: 0xe321f0e7, L:/127.0.0.1:54295 ! R:localhost/127.0.0.1:47419] isIdleTimeoutExpired=false isRemotelyClosed=true isTtlExpired=false
22:59:15.297 [AsyncHttpClient-1-1] DEBUG org.asynchttpclient.netty.channel.DefaultChannelPool - Closing Idle Channel [id: 0xe321f0e7, L:/127.0.0.1:54295 ! R:localhost/127.0.0.1:47419]
22:59:15.297 [AsyncHttpClient-1-1] DEBUG org.asynchttpclient.netty.channel.DefaultChannelPool - Adding Candidate expired Channel [id: 0x82b3262c, L:/127.0.0.1:54303 ! R:localhost/127.0.0.1:54296] isIdleTimeoutExpired=false isRemotelyClosed=true isTtlExpired=false
22:59:15.297 [AsyncHttpClient-1-1] DEBUG org.asynchttpclient.netty.channel.DefaultChannelPool - Closing Idle Channel [id: 0x82b3262c, L:/127.0.0.1:54303 ! R:localhost/127.0.0.1:54296]
22:59:15.297 [AsyncHttpClient-1-1] DEBUG org.asynchttpclient.netty.channel.DefaultChannelPool - Closed 2 connections out of 2 in 0 ms
]]></system-out>
    <system-err><![CDATA[Starting ChromeDriver 113.0.5672.63 (0e1a4471d5ae5bf128b1bd8f4d627c8cbd55f70c-refs/branch-heads/5672@{#912}) on port 47419
Only local connections are allowed.
Please see https://chromedriver.chromium.org/security-considerations for suggestions on keeping ChromeDriver safe.
ChromeDriver was started successfully.
May 08, 2023 10:59:09 PM org.openqa.selenium.devtools.CdpVersionFinder findNearestMatch
WARNING: Unable to find an exact match for CDP version 113, so returning the closest version found: 110
]]></system-err>
  </testcase>
  <testcase name="Failed register with not fill full name" classname="Register" time="7.685">
    <system-out><![CDATA[
@Register(-)
Scenario: Failed register with not fill full name &amp#27;[90m# src/test/resources/features/1.Register.feature:52&amp#27;[0m
22:59:15.821 [main] DEBUG io.cucumber.core.plugin.SerenityReporter - Running feature from file:///D:/1.%20QA%20ALTERRA%20ACADEMY/MobileTesting/MiniProjectWEB/src/test/resources/features/1.Register.feature
22:59:15.827 [main] INFO  - 
  _____   ___   ___   _____     ___   _____     _     ___   _____   ___   ___  
 |_   _| | __| / __| |_   _|   / __| |_   _|   /_\   | _ \ |_   _| | __| |   \ 
   | |   | _|  \__ \   | |     \__ \   | |    / _ \  |   /   | |   | _|  | |) |
   |_|   |___| |___/   |_|     |___/   |_|   /_/ \_\ |_|_\   |_|   |___| |___/ 

Failed register with not fill full name(register;failed-register-with-not-fill-full-name)
--------------------------------------------------------------------------------
22:59:16.064 [main] INFO net.serenitybdd.core.webdriver.driverproviders.ChromeDriverProvider - Starting Chrome driver instance with capabilities:
22:59:16.066 [main] INFO net.serenitybdd.core.webdriver.driverproviders.ChromeDriverProvider - Capabilities {acceptInsecureCerts: false, browserName: chrome, goog:chromeOptions: {args: [remote-allow-origins=*], extensions: []}}
22:59:16.543 [AsyncHttpClient-1-17] DEBUG org.asynchttpclient.netty.channel.NettyConnectListener - Using new Channel '[id: 0x7d26116d, L:/127.0.0.1:54318 - R:localhost/127.0.0.1:42929]' for 'POST' to '/session'
22:59:17.175 [AsyncHttpClient-1-17] DEBUG org.asynchttpclient.netty.handler.HttpHandler - 

Request DefaultHttpRequest(decodeResult: success, version: HTTP/1.1)
POST /session HTTP/1.1
User-Agent: selenium/4.8.1 (java windows)
Content-Length: 507
Content-Type: application/json; charset=utf-8
host: localhost:42929
accept: */*

Response DefaultHttpResponse(decodeResult: success, version: HTTP/1.1)
HTTP/1.1 200 OK
Content-Length: 860
Content-Type: application/json; charset=utf-8
cache-control: no-cache

22:59:17.175 [AsyncHttpClient-1-17] DEBUG org.asynchttpclient.netty.channel.ChannelManager - Adding key: http://localhost:42929 for channel [id: 0x7d26116d, L:/127.0.0.1:54318 - R:localhost/127.0.0.1:42929]
22:59:17.180 [AsyncHttpClient-1-18] DEBUG org.asynchttpclient.netty.channel.NettyConnectListener - Using new Channel '[id: 0xb654cc32, L:/127.0.0.1:54326 - R:localhost/127.0.0.1:54320]' for 'GET' to '/json/version'
22:59:17.181 [AsyncHttpClient-1-18] DEBUG org.asynchttpclient.netty.handler.HttpHandler - 

Request DefaultFullHttpRequest(decodeResult: success, version: HTTP/1.1, content: EmptyByteBufBE)
GET /json/version HTTP/1.1
User-Agent: selenium/4.8.1 (java windows)
host: localhost:54320
accept: */*

Response DefaultHttpResponse(decodeResult: success, version: HTTP/1.1)
HTTP/1.1 200 OK
Content-Security-Policy: frame-ancestors 'none'
Content-Length: 422
Content-Type: application/json; charset=UTF-8

22:59:17.182 [AsyncHttpClient-1-18] DEBUG org.asynchttpclient.netty.channel.ChannelManager - Adding key: http://localhost:54320 for channel [id: 0xb654cc32, L:/127.0.0.1:54326 - R:localhost/127.0.0.1:54320]
22:59:17.184 [AsyncHttpClient-1-19] DEBUG org.asynchttpclient.netty.channel.NettyConnectListener - Using new Channel '[id: 0x9b93136a, L:/127.0.0.1:54327 - R:localhost/127.0.0.1:54320]' for 'GET' to '/devtools/browser/bf485d2c-f2f3-4ae3-bec1-a399c5597465'
22:59:17.184 [AsyncHttpClient-1-19] DEBUG org.asynchttpclient.netty.handler.WebSocketHandler - 

Request DefaultFullHttpRequest(decodeResult: success, version: HTTP/1.1, content: EmptyByteBufBE)
GET /devtools/browser/bf485d2c-f2f3-4ae3-bec1-a399c5597465 HTTP/1.1
upgrade: websocket
connection: upgrade
sec-websocket-key: 8Brh//4kk2CCJ+UVGd/3EQ==
sec-websocket-version: 13
origin: http://localhost:54320
host: localhost:54320
accept: */*
user-agent: AHC/2.1

Response DefaultHttpResponse(decodeResult: success, version: HTTP/1.1)
HTTP/1.1 101 WebSocket Protocol Handshake
Upgrade: WebSocket
Connection: Upgrade
Sec-WebSocket-Accept: ncNei4fHojWbYQAdj3cCXvYo8RY=

22:59:17.188 [Forwarding get on session 3776c733fd00269221c7720f88ed06ba to remote] DEBUG org.asynchttpclient.netty.request.NettyRequestSender - Using pooled Channel '[id: 0x7d26116d, L:/127.0.0.1:54318 - R:localhost/127.0.0.1:42929]' for 'POST' to 'http://localhost:42929/session/3776c733fd00269221c7720f88ed06ba/url'
22:59:17.188 [Forwarding get on session 3776c733fd00269221c7720f88ed06ba to remote] DEBUG org.asynchttpclient.netty.request.NettyRequestSender - Using open Channel [id: 0x7d26116d, L:/127.0.0.1:54318 - R:localhost/127.0.0.1:42929] for POST '/session/3776c733fd00269221c7720f88ed06ba/url'
22:59:17.505 [AsyncHttpClient-1-1] DEBUG org.asynchttpclient.netty.channel.DefaultChannelPool - Entry count for : http://localhost:54320 : 1
22:59:18.597 [AsyncHttpClient-1-1] DEBUG org.asynchttpclient.netty.channel.DefaultChannelPool - Entry count for : http://localhost:54320 : 1
22:59:18.990 [AsyncHttpClient-1-17] DEBUG org.asynchttpclient.netty.handler.HttpHandler - 

Request DefaultHttpRequest(decodeResult: success, version: HTTP/1.1)
POST /session/3776c733fd00269221c7720f88ed06ba/url HTTP/1.1
User-Agent: selenium/4.8.1 (java windows)
Content-Length: 77
Content-Type: application/json; charset=utf-8
host: localhost:42929
accept: */*

Response DefaultHttpResponse(decodeResult: success, version: HTTP/1.1)
HTTP/1.1 200 OK
Content-Length: 14
Content-Type: application/json; charset=utf-8
cache-control: no-cache

22:59:18.990 [AsyncHttpClient-1-17] DEBUG org.asynchttpclient.netty.channel.ChannelManager - Adding key: http://localhost:42929 for channel [id: 0x7d26116d, L:/127.0.0.1:54318 - R:localhost/127.0.0.1:42929]
22:59:18.992 [Forwarding setTimeout on session 3776c733fd00269221c7720f88ed06ba to remote] DEBUG org.asynchttpclient.netty.request.NettyRequestSender - Using pooled Channel '[id: 0x7d26116d, L:/127.0.0.1:54318 - R:localhost/127.0.0.1:42929]' for 'POST' to 'http://localhost:42929/session/3776c733fd00269221c7720f88ed06ba/timeouts'
22:59:18.992 [Forwarding setTimeout on session 3776c733fd00269221c7720f88ed06ba to remote] DEBUG org.asynchttpclient.netty.request.NettyRequestSender - Using open Channel [id: 0x7d26116d, L:/127.0.0.1:54318 - R:localhost/127.0.0.1:42929] for POST '/session/3776c733fd00269221c7720f88ed06ba/timeouts'
22:59:18.994 [AsyncHttpClient-1-17] DEBUG org.asynchttpclient.netty.handler.HttpHandler - 

Request DefaultHttpRequest(decodeResult: success, version: HTTP/1.1)
POST /session/3776c733fd00269221c7720f88ed06ba/timeouts HTTP/1.1
User-Agent: selenium/4.8.1 (java windows)
Content-Length: 22
Content-Type: application/json; charset=utf-8
host: localhost:42929
accept: */*

Response DefaultHttpResponse(decodeResult: success, version: HTTP/1.1)
HTTP/1.1 200 OK
Content-Length: 14
Content-Type: application/json; charset=utf-8
cache-control: no-cache

22:59:18.995 [AsyncHttpClient-1-17] DEBUG org.asynchttpclient.netty.channel.ChannelManager - Adding key: http://localhost:42929 for channel [id: 0x7d26116d, L:/127.0.0.1:54318 - R:localhost/127.0.0.1:42929]
  &amp#27;[32mGiven &amp#27;[0m&amp#27;[32mI am on the register page&amp#27;[0m                 &amp#27;[90m# starter.stepdefinitions.RegisterSteps.onTheRegisterPage()&amp#27;[0m
22:59:19.010 [Forwarding getAlertText on session 3776c733fd00269221c7720f88ed06ba to remote] DEBUG org.asynchttpclient.netty.request.NettyRequestSender - Using pooled Channel '[id: 0x7d26116d, L:/127.0.0.1:54318 - R:localhost/127.0.0.1:42929]' for 'GET' to 'http://localhost:42929/session/3776c733fd00269221c7720f88ed06ba/alert/text'
22:59:19.011 [Forwarding getAlertText on session 3776c733fd00269221c7720f88ed06ba to remote] DEBUG org.asynchttpclient.netty.request.NettyRequestSender - Using open Channel [id: 0x7d26116d, L:/127.0.0.1:54318 - R:localhost/127.0.0.1:42929] for GET '/session/3776c733fd00269221c7720f88ed06ba/alert/text'
22:59:19.015 [AsyncHttpClient-1-17] DEBUG org.asynchttpclient.netty.handler.HttpHandler - 

Request DefaultFullHttpRequest(decodeResult: success, version: HTTP/1.1, content: EmptyByteBufBE)
GET /session/3776c733fd00269221c7720f88ed06ba/alert/text HTTP/1.1
User-Agent: selenium/4.8.1 (java windows)
Cache-Control: no-cache
Content-Type: application/json; charset=utf-8
host: localhost:42929
accept: */*

Response DefaultHttpResponse(decodeResult: success, version: HTTP/1.1)
HTTP/1.1 404 Not Found
Content-Length: 820
Content-Type: application/json; charset=utf-8
cache-control: no-cache

22:59:19.015 [AsyncHttpClient-1-17] DEBUG org.asynchttpclient.netty.channel.ChannelManager - Adding key: http://localhost:42929 for channel [id: 0x7d26116d, L:/127.0.0.1:54318 - R:localhost/127.0.0.1:42929]
22:59:19.017 [Forwarding getCurrentUrl on session 3776c733fd00269221c7720f88ed06ba to remote] DEBUG org.asynchttpclient.netty.request.NettyRequestSender - Using pooled Channel '[id: 0x7d26116d, L:/127.0.0.1:54318 - R:localhost/127.0.0.1:42929]' for 'GET' to 'http://localhost:42929/session/3776c733fd00269221c7720f88ed06ba/url'
22:59:19.017 [Forwarding getCurrentUrl on session 3776c733fd00269221c7720f88ed06ba to remote] DEBUG org.asynchttpclient.netty.request.NettyRequestSender - Using open Channel [id: 0x7d26116d, L:/127.0.0.1:54318 - R:localhost/127.0.0.1:42929] for GET '/session/3776c733fd00269221c7720f88ed06ba/url'
22:59:19.031 [AsyncHttpClient-1-17] DEBUG org.asynchttpclient.netty.handler.HttpHandler - 

Request DefaultFullHttpRequest(decodeResult: success, version: HTTP/1.1, content: EmptyByteBufBE)
GET /session/3776c733fd00269221c7720f88ed06ba/url HTTP/1.1
User-Agent: selenium/4.8.1 (java windows)
Cache-Control: no-cache
Content-Type: application/json; charset=utf-8
host: localhost:42929
accept: */*

Response DefaultHttpResponse(decodeResult: success, version: HTTP/1.1)
HTTP/1.1 200 OK
Content-Length: 54
Content-Type: application/json; charset=utf-8
cache-control: no-cache

22:59:19.031 [AsyncHttpClient-1-17] DEBUG org.asynchttpclient.netty.channel.ChannelManager - Adding key: http://localhost:42929 for channel [id: 0x7d26116d, L:/127.0.0.1:54318 - R:localhost/127.0.0.1:42929]
22:59:19.033 [Forwarding screenshot on session 3776c733fd00269221c7720f88ed06ba to remote] DEBUG org.asynchttpclient.netty.request.NettyRequestSender - Using pooled Channel '[id: 0x7d26116d, L:/127.0.0.1:54318 - R:localhost/127.0.0.1:42929]' for 'GET' to 'http://localhost:42929/session/3776c733fd00269221c7720f88ed06ba/screenshot'
22:59:19.033 [Forwarding screenshot on session 3776c733fd00269221c7720f88ed06ba to remote] DEBUG org.asynchttpclient.netty.request.NettyRequestSender - Using open Channel [id: 0x7d26116d, L:/127.0.0.1:54318 - R:localhost/127.0.0.1:42929] for GET '/session/3776c733fd00269221c7720f88ed06ba/screenshot'
22:59:19.444 [AsyncHttpClient-1-17] DEBUG org.asynchttpclient.netty.handler.HttpHandler - 

Request DefaultFullHttpRequest(decodeResult: success, version: HTTP/1.1, content: EmptyByteBufBE)
GET /session/3776c733fd00269221c7720f88ed06ba/screenshot HTTP/1.1
User-Agent: selenium/4.8.1 (java windows)
Cache-Control: no-cache
Content-Type: application/json; charset=utf-8
host: localhost:42929
accept: */*

Response DefaultHttpResponse(decodeResult: success, version: HTTP/1.1)
HTTP/1.1 200 OK
Content-Length: 37444
Content-Type: application/json; charset=utf-8
cache-control: no-cache

22:59:19.444 [AsyncHttpClient-1-17] DEBUG org.asynchttpclient.netty.channel.ChannelManager - Adding key: http://localhost:42929 for channel [id: 0x7d26116d, L:/127.0.0.1:54318 - R:localhost/127.0.0.1:42929]
22:59:19.446 [main] DEBUG net.serenitybdd.core.photography.Darkroom - Send negative for processing for target\site\serenity\bda57162176918dbc601e790e561e44d98a21e455d3cfdc3a3a0d433ec37e6f1.png
22:59:19.450 [Forwarding getPageSource on session 3776c733fd00269221c7720f88ed06ba to remote] DEBUG org.asynchttpclient.netty.request.NettyRequestSender - Using pooled Channel '[id: 0x7d26116d, L:/127.0.0.1:54318 - R:localhost/127.0.0.1:42929]' for 'POST' to 'http://localhost:42929/session/3776c733fd00269221c7720f88ed06ba/execute/sync'
22:59:19.450 [Forwarding getPageSource on session 3776c733fd00269221c7720f88ed06ba to remote] DEBUG org.asynchttpclient.netty.request.NettyRequestSender - Using open Channel [id: 0x7d26116d, L:/127.0.0.1:54318 - R:localhost/127.0.0.1:42929] for POST '/session/3776c733fd00269221c7720f88ed06ba/execute/sync'
22:59:19.458 [AsyncHttpClient-1-17] DEBUG org.asynchttpclient.netty.handler.HttpHandler - 

Request DefaultHttpRequest(decodeResult: success, version: HTTP/1.1)
POST /session/3776c733fd00269221c7720f88ed06ba/execute/sync HTTP/1.1
User-Agent: selenium/4.8.1 (java windows)
Content-Length: 176
Content-Type: application/json; charset=utf-8
host: localhost:42929
accept: */*

Response DefaultHttpResponse(decodeResult: success, version: HTTP/1.1)
HTTP/1.1 200 OK
Content-Length: 22234
Content-Type: application/json; charset=utf-8
cache-control: no-cache

22:59:19.458 [AsyncHttpClient-1-17] DEBUG org.asynchttpclient.netty.channel.ChannelManager - Adding key: http://localhost:42929 for channel [id: 0x7d26116d, L:/127.0.0.1:54318 - R:localhost/127.0.0.1:42929]
22:59:19.461 [Forwarding getCurrentUrl on session 3776c733fd00269221c7720f88ed06ba to remote] DEBUG org.asynchttpclient.netty.request.NettyRequestSender - Using pooled Channel '[id: 0x7d26116d, L:/127.0.0.1:54318 - R:localhost/127.0.0.1:42929]' for 'GET' to 'http://localhost:42929/session/3776c733fd00269221c7720f88ed06ba/url'
22:59:19.461 [Forwarding getCurrentUrl on session 3776c733fd00269221c7720f88ed06ba to remote] DEBUG org.asynchttpclient.netty.request.NettyRequestSender - Using open Channel [id: 0x7d26116d, L:/127.0.0.1:54318 - R:localhost/127.0.0.1:42929] for GET '/session/3776c733fd00269221c7720f88ed06ba/url'
22:59:19.468 [AsyncHttpClient-1-17] DEBUG org.asynchttpclient.netty.handler.HttpHandler - 

Request DefaultFullHttpRequest(decodeResult: success, version: HTTP/1.1, content: EmptyByteBufBE)
GET /session/3776c733fd00269221c7720f88ed06ba/url HTTP/1.1
User-Agent: selenium/4.8.1 (java windows)
Cache-Control: no-cache
Content-Type: application/json; charset=utf-8
host: localhost:42929
accept: */*

Response DefaultHttpResponse(decodeResult: success, version: HTTP/1.1)
HTTP/1.1 200 OK
Content-Length: 54
Content-Type: application/json; charset=utf-8
cache-control: no-cache

22:59:19.468 [AsyncHttpClient-1-17] DEBUG org.asynchttpclient.netty.channel.ChannelManager - Adding key: http://localhost:42929 for channel [id: 0x7d26116d, L:/127.0.0.1:54318 - R:localhost/127.0.0.1:42929]
22:59:19.475 [Forwarding getPageSource on session 3776c733fd00269221c7720f88ed06ba to remote] DEBUG org.asynchttpclient.netty.request.NettyRequestSender - Using pooled Channel '[id: 0x7d26116d, L:/127.0.0.1:54318 - R:localhost/127.0.0.1:42929]' for 'POST' to 'http://localhost:42929/session/3776c733fd00269221c7720f88ed06ba/execute/sync'
22:59:19.475 [Forwarding getPageSource on session 3776c733fd00269221c7720f88ed06ba to remote] DEBUG org.asynchttpclient.netty.request.NettyRequestSender - Using open Channel [id: 0x7d26116d, L:/127.0.0.1:54318 - R:localhost/127.0.0.1:42929] for POST '/session/3776c733fd00269221c7720f88ed06ba/execute/sync'
22:59:19.482 [AsyncHttpClient-1-17] DEBUG org.asynchttpclient.netty.handler.HttpHandler - 

Request DefaultHttpRequest(decodeResult: success, version: HTTP/1.1)
POST /session/3776c733fd00269221c7720f88ed06ba/execute/sync HTTP/1.1
User-Agent: selenium/4.8.1 (java windows)
Content-Length: 176
Content-Type: application/json; charset=utf-8
host: localhost:42929
accept: */*

Response DefaultHttpResponse(decodeResult: success, version: HTTP/1.1)
HTTP/1.1 200 OK
Content-Length: 22234
Content-Type: application/json; charset=utf-8
cache-control: no-cache

22:59:19.482 [AsyncHttpClient-1-17] DEBUG org.asynchttpclient.netty.channel.ChannelManager - Adding key: http://localhost:42929 for channel [id: 0x7d26116d, L:/127.0.0.1:54318 - R:localhost/127.0.0.1:42929]
22:59:19.484 [Forwarding getCurrentUrl on session 3776c733fd00269221c7720f88ed06ba to remote] DEBUG org.asynchttpclient.netty.request.NettyRequestSender - Using pooled Channel '[id: 0x7d26116d, L:/127.0.0.1:54318 - R:localhost/127.0.0.1:42929]' for 'GET' to 'http://localhost:42929/session/3776c733fd00269221c7720f88ed06ba/url'
22:59:19.484 [Forwarding getCurrentUrl on session 3776c733fd00269221c7720f88ed06ba to remote] DEBUG org.asynchttpclient.netty.request.NettyRequestSender - Using open Channel [id: 0x7d26116d, L:/127.0.0.1:54318 - R:localhost/127.0.0.1:42929] for GET '/session/3776c733fd00269221c7720f88ed06ba/url'
22:59:19.493 [AsyncHttpClient-1-17] DEBUG org.asynchttpclient.netty.handler.HttpHandler - 

Request DefaultFullHttpRequest(decodeResult: success, version: HTTP/1.1, content: EmptyByteBufBE)
GET /session/3776c733fd00269221c7720f88ed06ba/url HTTP/1.1
User-Agent: selenium/4.8.1 (java windows)
Cache-Control: no-cache
Content-Type: application/json; charset=utf-8
host: localhost:42929
accept: */*

Response DefaultHttpResponse(decodeResult: success, version: HTTP/1.1)
HTTP/1.1 200 OK
Content-Length: 54
Content-Type: application/json; charset=utf-8
cache-control: no-cache

22:59:19.494 [AsyncHttpClient-1-17] DEBUG org.asynchttpclient.netty.channel.ChannelManager - Adding key: http://localhost:42929 for channel [id: 0x7d26116d, L:/127.0.0.1:54318 - R:localhost/127.0.0.1:42929]
22:59:19.495 [main] DEBUG net.thucydides.core.steps.StepInterceptor - STARTING STEP: RegisterSteps.notEnterFullName - notInputFullName
22:59:19.497 [Forwarding findElement on session 3776c733fd00269221c7720f88ed06ba to remote] DEBUG org.asynchttpclient.netty.request.NettyRequestSender - Using pooled Channel '[id: 0x7d26116d, L:/127.0.0.1:54318 - R:localhost/127.0.0.1:42929]' for 'POST' to 'http://localhost:42929/session/3776c733fd00269221c7720f88ed06ba/element'
22:59:19.497 [Forwarding findElement on session 3776c733fd00269221c7720f88ed06ba to remote] DEBUG org.asynchttpclient.netty.request.NettyRequestSender - Using open Channel [id: 0x7d26116d, L:/127.0.0.1:54318 - R:localhost/127.0.0.1:42929] for POST '/session/3776c733fd00269221c7720f88ed06ba/element'
22:59:19.510 [AsyncHttpClient-1-17] DEBUG org.asynchttpclient.netty.handler.HttpHandler - 

Request DefaultHttpRequest(decodeResult: success, version: HTTP/1.1)
POST /session/3776c733fd00269221c7720f88ed06ba/element HTTP/1.1
User-Agent: selenium/4.8.1 (java windows)
Content-Length: 55
Content-Type: application/json; charset=utf-8
host: localhost:42929
accept: */*

Response DefaultHttpResponse(decodeResult: success, version: HTTP/1.1)
HTTP/1.1 200 OK
Content-Length: 94
Content-Type: application/json; charset=utf-8
cache-control: no-cache

22:59:19.511 [AsyncHttpClient-1-17] DEBUG org.asynchttpclient.netty.channel.ChannelManager - Adding key: http://localhost:42929 for channel [id: 0x7d26116d, L:/127.0.0.1:54318 - R:localhost/127.0.0.1:42929]
22:59:19.511 [Forwarding clearElement on session 3776c733fd00269221c7720f88ed06ba to remote] DEBUG org.asynchttpclient.netty.request.NettyRequestSender - Using pooled Channel '[id: 0x7d26116d, L:/127.0.0.1:54318 - R:localhost/127.0.0.1:42929]' for 'POST' to 'http://localhost:42929/session/3776c733fd00269221c7720f88ed06ba/element/CA85ED9B02CAC09E9186B20D7E78329E_element_7/clear'
22:59:19.511 [Forwarding clearElement on session 3776c733fd00269221c7720f88ed06ba to remote] DEBUG org.asynchttpclient.netty.request.NettyRequestSender - Using open Channel [id: 0x7d26116d, L:/127.0.0.1:54318 - R:localhost/127.0.0.1:42929] for POST '/session/3776c733fd00269221c7720f88ed06ba/element/CA85ED9B02CAC09E9186B20D7E78329E_element_7/clear'
22:59:19.564 [AsyncHttpClient-1-17] DEBUG org.asynchttpclient.netty.handler.HttpHandler - 

Request DefaultHttpRequest(decodeResult: success, version: HTTP/1.1)
POST /session/3776c733fd00269221c7720f88ed06ba/element/CA85ED9B02CAC09E9186B20D7E78329E_element_7/clear HTTP/1.1
User-Agent: selenium/4.8.1 (java windows)
Content-Length: 56
Content-Type: application/json; charset=utf-8
host: localhost:42929
accept: */*

Response DefaultHttpResponse(decodeResult: success, version: HTTP/1.1)
HTTP/1.1 200 OK
Content-Length: 14
Content-Type: application/json; charset=utf-8
cache-control: no-cache

22:59:19.566 [AsyncHttpClient-1-17] DEBUG org.asynchttpclient.netty.channel.ChannelManager - Adding key: http://localhost:42929 for channel [id: 0x7d26116d, L:/127.0.0.1:54318 - R:localhost/127.0.0.1:42929]
22:59:19.567 [Forwarding sendKeysToElement on session 3776c733fd00269221c7720f88ed06ba to remote] DEBUG org.asynchttpclient.netty.request.NettyRequestSender - Using pooled Channel '[id: 0x7d26116d, L:/127.0.0.1:54318 - R:localhost/127.0.0.1:42929]' for 'POST' to 'http://localhost:42929/session/3776c733fd00269221c7720f88ed06ba/element/CA85ED9B02CAC09E9186B20D7E78329E_element_7/value'
22:59:19.568 [Forwarding sendKeysToElement on session 3776c733fd00269221c7720f88ed06ba to remote] DEBUG org.asynchttpclient.netty.request.NettyRequestSender - Using open Channel [id: 0x7d26116d, L:/127.0.0.1:54318 - R:localhost/127.0.0.1:42929] for POST '/session/3776c733fd00269221c7720f88ed06ba/element/CA85ED9B02CAC09E9186B20D7E78329E_element_7/value'
22:59:19.683 [AsyncHttpClient-1-17] DEBUG org.asynchttpclient.netty.handler.HttpHandler - 

Request DefaultHttpRequest(decodeResult: success, version: HTTP/1.1)
POST /session/3776c733fd00269221c7720f88ed06ba/element/CA85ED9B02CAC09E9186B20D7E78329E_element_7/value HTTP/1.1
User-Agent: selenium/4.8.1 (java windows)
Content-Length: 88
Content-Type: application/json; charset=utf-8
host: localhost:42929
accept: */*

Response DefaultHttpResponse(decodeResult: success, version: HTTP/1.1)
HTTP/1.1 200 OK
Content-Length: 14
Content-Type: application/json; charset=utf-8
cache-control: no-cache

22:59:19.684 [AsyncHttpClient-1-17] DEBUG org.asynchttpclient.netty.channel.ChannelManager - Adding key: http://localhost:42929 for channel [id: 0x7d26116d, L:/127.0.0.1:54318 - R:localhost/127.0.0.1:42929]
22:59:19.691 [Forwarding getAlertText on session 3776c733fd00269221c7720f88ed06ba to remote] DEBUG org.asynchttpclient.netty.request.NettyRequestSender - Using pooled Channel '[id: 0x7d26116d, L:/127.0.0.1:54318 - R:localhost/127.0.0.1:42929]' for 'GET' to 'http://localhost:42929/session/3776c733fd00269221c7720f88ed06ba/alert/text'
22:59:19.691 [Forwarding getAlertText on session 3776c733fd00269221c7720f88ed06ba to remote] DEBUG org.asynchttpclient.netty.request.NettyRequestSender - Using open Channel [id: 0x7d26116d, L:/127.0.0.1:54318 - R:localhost/127.0.0.1:42929] for GET '/session/3776c733fd00269221c7720f88ed06ba/alert/text'
22:59:19.693 [AsyncHttpClient-1-17] DEBUG org.asynchttpclient.netty.handler.HttpHandler - 

Request DefaultFullHttpRequest(decodeResult: success, version: HTTP/1.1, content: EmptyByteBufBE)
GET /session/3776c733fd00269221c7720f88ed06ba/alert/text HTTP/1.1
User-Agent: selenium/4.8.1 (java windows)
Cache-Control: no-cache
Content-Type: application/json; charset=utf-8
host: localhost:42929
accept: */*

Response DefaultHttpResponse(decodeResult: success, version: HTTP/1.1)
HTTP/1.1 404 Not Found
Content-Length: 820
Content-Type: application/json; charset=utf-8
cache-control: no-cache

22:59:19.693 [AsyncHttpClient-1-17] DEBUG org.asynchttpclient.netty.channel.ChannelManager - Adding key: http://localhost:42929 for channel [id: 0x7d26116d, L:/127.0.0.1:54318 - R:localhost/127.0.0.1:42929]
22:59:19.694 [Forwarding getCurrentUrl on session 3776c733fd00269221c7720f88ed06ba to remote] DEBUG org.asynchttpclient.netty.request.NettyRequestSender - Using pooled Channel '[id: 0x7d26116d, L:/127.0.0.1:54318 - R:localhost/127.0.0.1:42929]' for 'GET' to 'http://localhost:42929/session/3776c733fd00269221c7720f88ed06ba/url'
22:59:19.694 [Forwarding getCurrentUrl on session 3776c733fd00269221c7720f88ed06ba to remote] DEBUG org.asynchttpclient.netty.request.NettyRequestSender - Using open Channel [id: 0x7d26116d, L:/127.0.0.1:54318 - R:localhost/127.0.0.1:42929] for GET '/session/3776c733fd00269221c7720f88ed06ba/url'
22:59:19.697 [AsyncHttpClient-1-1] DEBUG org.asynchttpclient.netty.channel.DefaultChannelPool - Entry count for : http://localhost:54320 : 1
22:59:19.703 [AsyncHttpClient-1-17] DEBUG org.asynchttpclient.netty.handler.HttpHandler - 

Request DefaultFullHttpRequest(decodeResult: success, version: HTTP/1.1, content: EmptyByteBufBE)
GET /session/3776c733fd00269221c7720f88ed06ba/url HTTP/1.1
User-Agent: selenium/4.8.1 (java windows)
Cache-Control: no-cache
Content-Type: application/json; charset=utf-8
host: localhost:42929
accept: */*

Response DefaultHttpResponse(decodeResult: success, version: HTTP/1.1)
HTTP/1.1 200 OK
Content-Length: 54
Content-Type: application/json; charset=utf-8
cache-control: no-cache

22:59:19.704 [AsyncHttpClient-1-17] DEBUG org.asynchttpclient.netty.channel.ChannelManager - Adding key: http://localhost:42929 for channel [id: 0x7d26116d, L:/127.0.0.1:54318 - R:localhost/127.0.0.1:42929]
22:59:19.704 [Forwarding screenshot on session 3776c733fd00269221c7720f88ed06ba to remote] DEBUG org.asynchttpclient.netty.request.NettyRequestSender - Using pooled Channel '[id: 0x7d26116d, L:/127.0.0.1:54318 - R:localhost/127.0.0.1:42929]' for 'GET' to 'http://localhost:42929/session/3776c733fd00269221c7720f88ed06ba/screenshot'
22:59:19.704 [Forwarding screenshot on session 3776c733fd00269221c7720f88ed06ba to remote] DEBUG org.asynchttpclient.netty.request.NettyRequestSender - Using open Channel [id: 0x7d26116d, L:/127.0.0.1:54318 - R:localhost/127.0.0.1:42929] for GET '/session/3776c733fd00269221c7720f88ed06ba/screenshot'
22:59:19.949 [AsyncHttpClient-1-17] DEBUG org.asynchttpclient.netty.handler.HttpHandler - 

Request DefaultFullHttpRequest(decodeResult: success, version: HTTP/1.1, content: EmptyByteBufBE)
GET /session/3776c733fd00269221c7720f88ed06ba/screenshot HTTP/1.1
User-Agent: selenium/4.8.1 (java windows)
Cache-Control: no-cache
Content-Type: application/json; charset=utf-8
host: localhost:42929
accept: */*

Response DefaultHttpResponse(decodeResult: success, version: HTTP/1.1)
HTTP/1.1 200 OK
Content-Length: 38044
Content-Type: application/json; charset=utf-8
cache-control: no-cache

22:59:19.950 [AsyncHttpClient-1-17] DEBUG org.asynchttpclient.netty.channel.ChannelManager - Adding key: http://localhost:42929 for channel [id: 0x7d26116d, L:/127.0.0.1:54318 - R:localhost/127.0.0.1:42929]
22:59:19.954 [main] DEBUG net.serenitybdd.core.photography.Darkroom - Send negative for processing for target\site\serenity\8a75ea4ab4e76a784dac16a58580b27c6ec106a4d6a92e665fc77f66325b3a0d.png
22:59:19.954 [Darkroom Processing Line] DEBUG net.serenitybdd.core.photography.DarkroomProcessingLine - Processing screenshot image in /var/screenshots/screenshot-4889277854168188982
22:59:19.954 [Darkroom Processing Line] DEBUG net.serenitybdd.core.photography.DarkroomProcessingLine - Saving screenshot to target\site\serenity\8a75ea4ab4e76a784dac16a58580b27c6ec106a4d6a92e665fc77f66325b3a0d.png
22:59:19.954 [main] DEBUG net.thucydides.core.steps.StepInterceptor - STEP DONE: notInputFullName
  &amp#27;[32mWhen &amp#27;[0m&amp#27;[32mI not enter full name&amp#27;[0m                      &amp#27;[90m# starter.stepdefinitions.RegisterSteps.notEnterFullName()&amp#27;[0m
22:59:19.969 [Forwarding getPageSource on session 3776c733fd00269221c7720f88ed06ba to remote] DEBUG org.asynchttpclient.netty.request.NettyRequestSender - Using pooled Channel '[id: 0x7d26116d, L:/127.0.0.1:54318 - R:localhost/127.0.0.1:42929]' for 'POST' to 'http://localhost:42929/session/3776c733fd00269221c7720f88ed06ba/execute/sync'
22:59:19.969 [Forwarding getPageSource on session 3776c733fd00269221c7720f88ed06ba to remote] DEBUG org.asynchttpclient.netty.request.NettyRequestSender - Using open Channel [id: 0x7d26116d, L:/127.0.0.1:54318 - R:localhost/127.0.0.1:42929] for POST '/session/3776c733fd00269221c7720f88ed06ba/execute/sync'
22:59:19.979 [AsyncHttpClient-1-17] DEBUG org.asynchttpclient.netty.handler.HttpHandler - 

Request DefaultHttpRequest(decodeResult: success, version: HTTP/1.1)
POST /session/3776c733fd00269221c7720f88ed06ba/execute/sync HTTP/1.1
User-Agent: selenium/4.8.1 (java windows)
Content-Length: 176
Content-Type: application/json; charset=utf-8
host: localhost:42929
accept: */*

Response DefaultHttpResponse(decodeResult: success, version: HTTP/1.1)
HTTP/1.1 200 OK
Content-Length: 22312
Content-Type: application/json; charset=utf-8
cache-control: no-cache

22:59:19.979 [AsyncHttpClient-1-17] DEBUG org.asynchttpclient.netty.channel.ChannelManager - Adding key: http://localhost:42929 for channel [id: 0x7d26116d, L:/127.0.0.1:54318 - R:localhost/127.0.0.1:42929]
22:59:19.983 [Forwarding getCurrentUrl on session 3776c733fd00269221c7720f88ed06ba to remote] DEBUG org.asynchttpclient.netty.request.NettyRequestSender - Using pooled Channel '[id: 0x7d26116d, L:/127.0.0.1:54318 - R:localhost/127.0.0.1:42929]' for 'GET' to 'http://localhost:42929/session/3776c733fd00269221c7720f88ed06ba/url'
22:59:19.983 [Forwarding getCurrentUrl on session 3776c733fd00269221c7720f88ed06ba to remote] DEBUG org.asynchttpclient.netty.request.NettyRequestSender - Using open Channel [id: 0x7d26116d, L:/127.0.0.1:54318 - R:localhost/127.0.0.1:42929] for GET '/session/3776c733fd00269221c7720f88ed06ba/url'
22:59:19.992 [AsyncHttpClient-1-17] DEBUG org.asynchttpclient.netty.handler.HttpHandler - 

Request DefaultFullHttpRequest(decodeResult: success, version: HTTP/1.1, content: EmptyByteBufBE)
GET /session/3776c733fd00269221c7720f88ed06ba/url HTTP/1.1
User-Agent: selenium/4.8.1 (java windows)
Cache-Control: no-cache
Content-Type: application/json; charset=utf-8
host: localhost:42929
accept: */*

Response DefaultHttpResponse(decodeResult: success, version: HTTP/1.1)
HTTP/1.1 200 OK
Content-Length: 54
Content-Type: application/json; charset=utf-8
cache-control: no-cache

22:59:19.992 [AsyncHttpClient-1-17] DEBUG org.asynchttpclient.netty.channel.ChannelManager - Adding key: http://localhost:42929 for channel [id: 0x7d26116d, L:/127.0.0.1:54318 - R:localhost/127.0.0.1:42929]
22:59:20.001 [Forwarding getPageSource on session 3776c733fd00269221c7720f88ed06ba to remote] DEBUG org.asynchttpclient.netty.request.NettyRequestSender - Using pooled Channel '[id: 0x7d26116d, L:/127.0.0.1:54318 - R:localhost/127.0.0.1:42929]' for 'POST' to 'http://localhost:42929/session/3776c733fd00269221c7720f88ed06ba/execute/sync'
22:59:20.001 [Forwarding getPageSource on session 3776c733fd00269221c7720f88ed06ba to remote] DEBUG org.asynchttpclient.netty.request.NettyRequestSender - Using open Channel [id: 0x7d26116d, L:/127.0.0.1:54318 - R:localhost/127.0.0.1:42929] for POST '/session/3776c733fd00269221c7720f88ed06ba/execute/sync'
22:59:20.012 [AsyncHttpClient-1-17] DEBUG org.asynchttpclient.netty.handler.HttpHandler - 

Request DefaultHttpRequest(decodeResult: success, version: HTTP/1.1)
POST /session/3776c733fd00269221c7720f88ed06ba/execute/sync HTTP/1.1
User-Agent: selenium/4.8.1 (java windows)
Content-Length: 176
Content-Type: application/json; charset=utf-8
host: localhost:42929
accept: */*

Response DefaultHttpResponse(decodeResult: success, version: HTTP/1.1)
HTTP/1.1 200 OK
Content-Length: 22312
Content-Type: application/json; charset=utf-8
cache-control: no-cache

22:59:20.012 [AsyncHttpClient-1-17] DEBUG org.asynchttpclient.netty.channel.ChannelManager - Adding key: http://localhost:42929 for channel [id: 0x7d26116d, L:/127.0.0.1:54318 - R:localhost/127.0.0.1:42929]
22:59:20.014 [Forwarding getCurrentUrl on session 3776c733fd00269221c7720f88ed06ba to remote] DEBUG org.asynchttpclient.netty.request.NettyRequestSender - Using pooled Channel '[id: 0x7d26116d, L:/127.0.0.1:54318 - R:localhost/127.0.0.1:42929]' for 'GET' to 'http://localhost:42929/session/3776c733fd00269221c7720f88ed06ba/url'
22:59:20.014 [Forwarding getCurrentUrl on session 3776c733fd00269221c7720f88ed06ba to remote] DEBUG org.asynchttpclient.netty.request.NettyRequestSender - Using open Channel [id: 0x7d26116d, L:/127.0.0.1:54318 - R:localhost/127.0.0.1:42929] for GET '/session/3776c733fd00269221c7720f88ed06ba/url'
22:59:20.022 [AsyncHttpClient-1-17] DEBUG org.asynchttpclient.netty.handler.HttpHandler - 

Request DefaultFullHttpRequest(decodeResult: success, version: HTTP/1.1, content: EmptyByteBufBE)
GET /session/3776c733fd00269221c7720f88ed06ba/url HTTP/1.1
User-Agent: selenium/4.8.1 (java windows)
Cache-Control: no-cache
Content-Type: application/json; charset=utf-8
host: localhost:42929
accept: */*

Response DefaultHttpResponse(decodeResult: success, version: HTTP/1.1)
HTTP/1.1 200 OK
Content-Length: 54
Content-Type: application/json; charset=utf-8
cache-control: no-cache

22:59:20.022 [AsyncHttpClient-1-17] DEBUG org.asynchttpclient.netty.channel.ChannelManager - Adding key: http://localhost:42929 for channel [id: 0x7d26116d, L:/127.0.0.1:54318 - R:localhost/127.0.0.1:42929]
22:59:20.024 [main] DEBUG net.thucydides.core.steps.StepInterceptor - STARTING STEP: RegisterSteps.enterValidEmail - inputEmail
22:59:20.028 [Forwarding findElement on session 3776c733fd00269221c7720f88ed06ba to remote] DEBUG org.asynchttpclient.netty.request.NettyRequestSender - Using pooled Channel '[id: 0x7d26116d, L:/127.0.0.1:54318 - R:localhost/127.0.0.1:42929]' for 'POST' to 'http://localhost:42929/session/3776c733fd00269221c7720f88ed06ba/element'
22:59:20.028 [Forwarding findElement on session 3776c733fd00269221c7720f88ed06ba to remote] DEBUG org.asynchttpclient.netty.request.NettyRequestSender - Using open Channel [id: 0x7d26116d, L:/127.0.0.1:54318 - R:localhost/127.0.0.1:42929] for POST '/session/3776c733fd00269221c7720f88ed06ba/element'
22:59:20.047 [AsyncHttpClient-1-17] DEBUG org.asynchttpclient.netty.handler.HttpHandler - 

Request DefaultHttpRequest(decodeResult: success, version: HTTP/1.1)
POST /session/3776c733fd00269221c7720f88ed06ba/element HTTP/1.1
User-Agent: selenium/4.8.1 (java windows)
Content-Length: 55
Content-Type: application/json; charset=utf-8
host: localhost:42929
accept: */*

Response DefaultHttpResponse(decodeResult: success, version: HTTP/1.1)
HTTP/1.1 200 OK
Content-Length: 94
Content-Type: application/json; charset=utf-8
cache-control: no-cache

22:59:20.047 [AsyncHttpClient-1-17] DEBUG org.asynchttpclient.netty.channel.ChannelManager - Adding key: http://localhost:42929 for channel [id: 0x7d26116d, L:/127.0.0.1:54318 - R:localhost/127.0.0.1:42929]
22:59:20.049 [Forwarding clearElement on session 3776c733fd00269221c7720f88ed06ba to remote] DEBUG org.asynchttpclient.netty.request.NettyRequestSender - Using pooled Channel '[id: 0x7d26116d, L:/127.0.0.1:54318 - R:localhost/127.0.0.1:42929]' for 'POST' to 'http://localhost:42929/session/3776c733fd00269221c7720f88ed06ba/element/CA85ED9B02CAC09E9186B20D7E78329E_element_9/clear'
22:59:20.049 [Forwarding clearElement on session 3776c733fd00269221c7720f88ed06ba to remote] DEBUG org.asynchttpclient.netty.request.NettyRequestSender - Using open Channel [id: 0x7d26116d, L:/127.0.0.1:54318 - R:localhost/127.0.0.1:42929] for POST '/session/3776c733fd00269221c7720f88ed06ba/element/CA85ED9B02CAC09E9186B20D7E78329E_element_9/clear'
22:59:20.098 [AsyncHttpClient-1-17] DEBUG org.asynchttpclient.netty.handler.HttpHandler - 

Request DefaultHttpRequest(decodeResult: success, version: HTTP/1.1)
POST /session/3776c733fd00269221c7720f88ed06ba/element/CA85ED9B02CAC09E9186B20D7E78329E_element_9/clear HTTP/1.1
User-Agent: selenium/4.8.1 (java windows)
Content-Length: 56
Content-Type: application/json; charset=utf-8
host: localhost:42929
accept: */*

Response DefaultHttpResponse(decodeResult: success, version: HTTP/1.1)
HTTP/1.1 200 OK
Content-Length: 14
Content-Type: application/json; charset=utf-8
cache-control: no-cache

22:59:20.098 [AsyncHttpClient-1-17] DEBUG org.asynchttpclient.netty.channel.ChannelManager - Adding key: http://localhost:42929 for channel [id: 0x7d26116d, L:/127.0.0.1:54318 - R:localhost/127.0.0.1:42929]
22:59:20.101 [Forwarding sendKeysToElement on session 3776c733fd00269221c7720f88ed06ba to remote] DEBUG org.asynchttpclient.netty.request.NettyRequestSender - Using pooled Channel '[id: 0x7d26116d, L:/127.0.0.1:54318 - R:localhost/127.0.0.1:42929]' for 'POST' to 'http://localhost:42929/session/3776c733fd00269221c7720f88ed06ba/element/CA85ED9B02CAC09E9186B20D7E78329E_element_9/value'
22:59:20.102 [Forwarding sendKeysToElement on session 3776c733fd00269221c7720f88ed06ba to remote] DEBUG org.asynchttpclient.netty.request.NettyRequestSender - Using open Channel [id: 0x7d26116d, L:/127.0.0.1:54318 - R:localhost/127.0.0.1:42929] for POST '/session/3776c733fd00269221c7720f88ed06ba/element/CA85ED9B02CAC09E9186B20D7E78329E_element_9/value'
22:59:20.509 [AsyncHttpClient-1-17] DEBUG org.asynchttpclient.netty.handler.HttpHandler - 

Request DefaultHttpRequest(decodeResult: success, version: HTTP/1.1)
POST /session/3776c733fd00269221c7720f88ed06ba/element/CA85ED9B02CAC09E9186B20D7E78329E_element_9/value HTTP/1.1
User-Agent: selenium/4.8.1 (java windows)
Content-Length: 367
Content-Type: application/json; charset=utf-8
host: localhost:42929
accept: */*

Response DefaultHttpResponse(decodeResult: success, version: HTTP/1.1)
HTTP/1.1 200 OK
Content-Length: 14
Content-Type: application/json; charset=utf-8
cache-control: no-cache

22:59:20.509 [AsyncHttpClient-1-17] DEBUG org.asynchttpclient.netty.channel.ChannelManager - Adding key: http://localhost:42929 for channel [id: 0x7d26116d, L:/127.0.0.1:54318 - R:localhost/127.0.0.1:42929]
22:59:20.525 [Forwarding getAlertText on session 3776c733fd00269221c7720f88ed06ba to remote] DEBUG org.asynchttpclient.netty.request.NettyRequestSender - Using pooled Channel '[id: 0x7d26116d, L:/127.0.0.1:54318 - R:localhost/127.0.0.1:42929]' for 'GET' to 'http://localhost:42929/session/3776c733fd00269221c7720f88ed06ba/alert/text'
22:59:20.525 [Forwarding getAlertText on session 3776c733fd00269221c7720f88ed06ba to remote] DEBUG org.asynchttpclient.netty.request.NettyRequestSender - Using open Channel [id: 0x7d26116d, L:/127.0.0.1:54318 - R:localhost/127.0.0.1:42929] for GET '/session/3776c733fd00269221c7720f88ed06ba/alert/text'
22:59:20.529 [AsyncHttpClient-1-17] DEBUG org.asynchttpclient.netty.handler.HttpHandler - 

Request DefaultFullHttpRequest(decodeResult: success, version: HTTP/1.1, content: EmptyByteBufBE)
GET /session/3776c733fd00269221c7720f88ed06ba/alert/text HTTP/1.1
User-Agent: selenium/4.8.1 (java windows)
Cache-Control: no-cache
Content-Type: application/json; charset=utf-8
host: localhost:42929
accept: */*

Response DefaultHttpResponse(decodeResult: success, version: HTTP/1.1)
HTTP/1.1 404 Not Found
Content-Length: 820
Content-Type: application/json; charset=utf-8
cache-control: no-cache

22:59:20.529 [AsyncHttpClient-1-17] DEBUG org.asynchttpclient.netty.channel.ChannelManager - Adding key: http://localhost:42929 for channel [id: 0x7d26116d, L:/127.0.0.1:54318 - R:localhost/127.0.0.1:42929]
22:59:20.531 [Forwarding getCurrentUrl on session 3776c733fd00269221c7720f88ed06ba to remote] DEBUG org.asynchttpclient.netty.request.NettyRequestSender - Using pooled Channel '[id: 0x7d26116d, L:/127.0.0.1:54318 - R:localhost/127.0.0.1:42929]' for 'GET' to 'http://localhost:42929/session/3776c733fd00269221c7720f88ed06ba/url'
22:59:20.531 [Forwarding getCurrentUrl on session 3776c733fd00269221c7720f88ed06ba to remote] DEBUG org.asynchttpclient.netty.request.NettyRequestSender - Using open Channel [id: 0x7d26116d, L:/127.0.0.1:54318 - R:localhost/127.0.0.1:42929] for GET '/session/3776c733fd00269221c7720f88ed06ba/url'
22:59:20.548 [AsyncHttpClient-1-17] DEBUG org.asynchttpclient.netty.handler.HttpHandler - 

Request DefaultFullHttpRequest(decodeResult: success, version: HTTP/1.1, content: EmptyByteBufBE)
GET /session/3776c733fd00269221c7720f88ed06ba/url HTTP/1.1
User-Agent: selenium/4.8.1 (java windows)
Cache-Control: no-cache
Content-Type: application/json; charset=utf-8
host: localhost:42929
accept: */*

Response DefaultHttpResponse(decodeResult: success, version: HTTP/1.1)
HTTP/1.1 200 OK
Content-Length: 54
Content-Type: application/json; charset=utf-8
cache-control: no-cache

22:59:20.548 [AsyncHttpClient-1-17] DEBUG org.asynchttpclient.netty.channel.ChannelManager - Adding key: http://localhost:42929 for channel [id: 0x7d26116d, L:/127.0.0.1:54318 - R:localhost/127.0.0.1:42929]
22:59:20.550 [Forwarding screenshot on session 3776c733fd00269221c7720f88ed06ba to remote] DEBUG org.asynchttpclient.netty.request.NettyRequestSender - Using pooled Channel '[id: 0x7d26116d, L:/127.0.0.1:54318 - R:localhost/127.0.0.1:42929]' for 'GET' to 'http://localhost:42929/session/3776c733fd00269221c7720f88ed06ba/screenshot'
22:59:20.550 [Forwarding screenshot on session 3776c733fd00269221c7720f88ed06ba to remote] DEBUG org.asynchttpclient.netty.request.NettyRequestSender - Using open Channel [id: 0x7d26116d, L:/127.0.0.1:54318 - R:localhost/127.0.0.1:42929] for GET '/session/3776c733fd00269221c7720f88ed06ba/screenshot'
22:59:20.799 [AsyncHttpClient-1-1] DEBUG org.asynchttpclient.netty.channel.DefaultChannelPool - Entry count for : http://localhost:54320 : 1
22:59:20.870 [AsyncHttpClient-1-17] DEBUG org.asynchttpclient.netty.handler.HttpHandler - 

Request DefaultFullHttpRequest(decodeResult: success, version: HTTP/1.1, content: EmptyByteBufBE)
GET /session/3776c733fd00269221c7720f88ed06ba/screenshot HTTP/1.1
User-Agent: selenium/4.8.1 (java windows)
Cache-Control: no-cache
Content-Type: application/json; charset=utf-8
host: localhost:42929
accept: */*

Response DefaultHttpResponse(decodeResult: success, version: HTTP/1.1)
HTTP/1.1 200 OK
Content-Length: 45444
Content-Type: application/json; charset=utf-8
cache-control: no-cache

22:59:20.904 [AsyncHttpClient-1-17] DEBUG org.asynchttpclient.netty.channel.ChannelManager - Adding key: http://localhost:42929 for channel [id: 0x7d26116d, L:/127.0.0.1:54318 - R:localhost/127.0.0.1:42929]
22:59:20.914 [main] DEBUG net.serenitybdd.core.photography.Darkroom - Send negative for processing for target\site\serenity\aa1cbc45259aecb2b21be6d01e40d906c866c6c3e40a8a73710259bed34c9139.png
22:59:20.916 [main] DEBUG net.thucydides.core.steps.StepInterceptor - STEP DONE: inputEmail
22:59:20.916 [Darkroom Processing Line] DEBUG net.serenitybdd.core.photography.DarkroomProcessingLine - Processing screenshot image in /var/screenshots/screenshot-1766585177745308137
22:59:20.916 [Darkroom Processing Line] DEBUG net.serenitybdd.core.photography.DarkroomProcessingLine - Saving screenshot to target\site\serenity\aa1cbc45259aecb2b21be6d01e40d906c866c6c3e40a8a73710259bed34c9139.png
  &amp#27;[32mAnd &amp#27;[0m&amp#27;[32mI enter valid email&amp#27;[0m                         &amp#27;[90m# starter.stepdefinitions.RegisterSteps.enterValidEmail()&amp#27;[0m
22:59:20.938 [Forwarding getPageSource on session 3776c733fd00269221c7720f88ed06ba to remote] DEBUG org.asynchttpclient.netty.request.NettyRequestSender - Using pooled Channel '[id: 0x7d26116d, L:/127.0.0.1:54318 - R:localhost/127.0.0.1:42929]' for 'POST' to 'http://localhost:42929/session/3776c733fd00269221c7720f88ed06ba/execute/sync'
22:59:20.938 [Forwarding getPageSource on session 3776c733fd00269221c7720f88ed06ba to remote] DEBUG org.asynchttpclient.netty.request.NettyRequestSender - Using open Channel [id: 0x7d26116d, L:/127.0.0.1:54318 - R:localhost/127.0.0.1:42929] for POST '/session/3776c733fd00269221c7720f88ed06ba/execute/sync'
22:59:20.959 [AsyncHttpClient-1-17] DEBUG org.asynchttpclient.netty.handler.HttpHandler - 

Request DefaultHttpRequest(decodeResult: success, version: HTTP/1.1)
POST /session/3776c733fd00269221c7720f88ed06ba/execute/sync HTTP/1.1
User-Agent: selenium/4.8.1 (java windows)
Content-Length: 176
Content-Type: application/json; charset=utf-8
host: localhost:42929
accept: */*

Response DefaultHttpResponse(decodeResult: success, version: HTTP/1.1)
HTTP/1.1 200 OK
Content-Length: 22355
Content-Type: application/json; charset=utf-8
cache-control: no-cache

22:59:20.959 [AsyncHttpClient-1-17] DEBUG org.asynchttpclient.netty.channel.ChannelManager - Adding key: http://localhost:42929 for channel [id: 0x7d26116d, L:/127.0.0.1:54318 - R:localhost/127.0.0.1:42929]
22:59:20.967 [Forwarding getCurrentUrl on session 3776c733fd00269221c7720f88ed06ba to remote] DEBUG org.asynchttpclient.netty.request.NettyRequestSender - Using pooled Channel '[id: 0x7d26116d, L:/127.0.0.1:54318 - R:localhost/127.0.0.1:42929]' for 'GET' to 'http://localhost:42929/session/3776c733fd00269221c7720f88ed06ba/url'
22:59:20.967 [Forwarding getCurrentUrl on session 3776c733fd00269221c7720f88ed06ba to remote] DEBUG org.asynchttpclient.netty.request.NettyRequestSender - Using open Channel [id: 0x7d26116d, L:/127.0.0.1:54318 - R:localhost/127.0.0.1:42929] for GET '/session/3776c733fd00269221c7720f88ed06ba/url'
22:59:20.981 [AsyncHttpClient-1-17] DEBUG org.asynchttpclient.netty.handler.HttpHandler - 

Request DefaultFullHttpRequest(decodeResult: success, version: HTTP/1.1, content: EmptyByteBufBE)
GET /session/3776c733fd00269221c7720f88ed06ba/url HTTP/1.1
User-Agent: selenium/4.8.1 (java windows)
Cache-Control: no-cache
Content-Type: application/json; charset=utf-8
host: localhost:42929
accept: */*

Response DefaultHttpResponse(decodeResult: success, version: HTTP/1.1)
HTTP/1.1 200 OK
Content-Length: 54
Content-Type: application/json; charset=utf-8
cache-control: no-cache

22:59:20.981 [AsyncHttpClient-1-17] DEBUG org.asynchttpclient.netty.channel.ChannelManager - Adding key: http://localhost:42929 for channel [id: 0x7d26116d, L:/127.0.0.1:54318 - R:localhost/127.0.0.1:42929]
22:59:21.005 [Forwarding getAlertText on session 3776c733fd00269221c7720f88ed06ba to remote] DEBUG org.asynchttpclient.netty.request.NettyRequestSender - Using pooled Channel '[id: 0x7d26116d, L:/127.0.0.1:54318 - R:localhost/127.0.0.1:42929]' for 'GET' to 'http://localhost:42929/session/3776c733fd00269221c7720f88ed06ba/alert/text'
22:59:21.005 [Forwarding getAlertText on session 3776c733fd00269221c7720f88ed06ba to remote] DEBUG org.asynchttpclient.netty.request.NettyRequestSender - Using open Channel [id: 0x7d26116d, L:/127.0.0.1:54318 - R:localhost/127.0.0.1:42929] for GET '/session/3776c733fd00269221c7720f88ed06ba/alert/text'
22:59:21.009 [AsyncHttpClient-1-17] DEBUG org.asynchttpclient.netty.handler.HttpHandler - 

Request DefaultFullHttpRequest(decodeResult: success, version: HTTP/1.1, content: EmptyByteBufBE)
GET /session/3776c733fd00269221c7720f88ed06ba/alert/text HTTP/1.1
User-Agent: selenium/4.8.1 (java windows)
Cache-Control: no-cache
Content-Type: application/json; charset=utf-8
host: localhost:42929
accept: */*

Response DefaultHttpResponse(decodeResult: success, version: HTTP/1.1)
HTTP/1.1 404 Not Found
Content-Length: 820
Content-Type: application/json; charset=utf-8
cache-control: no-cache

22:59:21.009 [AsyncHttpClient-1-17] DEBUG org.asynchttpclient.netty.channel.ChannelManager - Adding key: http://localhost:42929 for channel [id: 0x7d26116d, L:/127.0.0.1:54318 - R:localhost/127.0.0.1:42929]
22:59:21.011 [Forwarding getCurrentUrl on session 3776c733fd00269221c7720f88ed06ba to remote] DEBUG org.asynchttpclient.netty.request.NettyRequestSender - Using pooled Channel '[id: 0x7d26116d, L:/127.0.0.1:54318 - R:localhost/127.0.0.1:42929]' for 'GET' to 'http://localhost:42929/session/3776c733fd00269221c7720f88ed06ba/url'
22:59:21.011 [Forwarding getCurrentUrl on session 3776c733fd00269221c7720f88ed06ba to remote] DEBUG org.asynchttpclient.netty.request.NettyRequestSender - Using open Channel [id: 0x7d26116d, L:/127.0.0.1:54318 - R:localhost/127.0.0.1:42929] for GET '/session/3776c733fd00269221c7720f88ed06ba/url'
22:59:21.025 [AsyncHttpClient-1-17] DEBUG org.asynchttpclient.netty.handler.HttpHandler - 

Request DefaultFullHttpRequest(decodeResult: success, version: HTTP/1.1, content: EmptyByteBufBE)
GET /session/3776c733fd00269221c7720f88ed06ba/url HTTP/1.1
User-Agent: selenium/4.8.1 (java windows)
Cache-Control: no-cache
Content-Type: application/json; charset=utf-8
host: localhost:42929
accept: */*

Response DefaultHttpResponse(decodeResult: success, version: HTTP/1.1)
HTTP/1.1 200 OK
Content-Length: 54
Content-Type: application/json; charset=utf-8
cache-control: no-cache

22:59:21.025 [AsyncHttpClient-1-17] DEBUG org.asynchttpclient.netty.channel.ChannelManager - Adding key: http://localhost:42929 for channel [id: 0x7d26116d, L:/127.0.0.1:54318 - R:localhost/127.0.0.1:42929]
22:59:21.026 [Forwarding screenshot on session 3776c733fd00269221c7720f88ed06ba to remote] DEBUG org.asynchttpclient.netty.request.NettyRequestSender - Using pooled Channel '[id: 0x7d26116d, L:/127.0.0.1:54318 - R:localhost/127.0.0.1:42929]' for 'GET' to 'http://localhost:42929/session/3776c733fd00269221c7720f88ed06ba/screenshot'
22:59:21.026 [Forwarding screenshot on session 3776c733fd00269221c7720f88ed06ba to remote] DEBUG org.asynchttpclient.netty.request.NettyRequestSender - Using open Channel [id: 0x7d26116d, L:/127.0.0.1:54318 - R:localhost/127.0.0.1:42929] for GET '/session/3776c733fd00269221c7720f88ed06ba/screenshot'
22:59:21.170 [AsyncHttpClient-1-17] DEBUG org.asynchttpclient.netty.handler.HttpHandler - 

Request DefaultFullHttpRequest(decodeResult: success, version: HTTP/1.1, content: EmptyByteBufBE)
GET /session/3776c733fd00269221c7720f88ed06ba/screenshot HTTP/1.1
User-Agent: selenium/4.8.1 (java windows)
Cache-Control: no-cache
Content-Type: application/json; charset=utf-8
host: localhost:42929
accept: */*

Response DefaultHttpResponse(decodeResult: success, version: HTTP/1.1)
HTTP/1.1 200 OK
Content-Length: 45400
Content-Type: application/json; charset=utf-8
cache-control: no-cache

22:59:21.170 [AsyncHttpClient-1-17] DEBUG org.asynchttpclient.netty.channel.ChannelManager - Adding key: http://localhost:42929 for channel [id: 0x7d26116d, L:/127.0.0.1:54318 - R:localhost/127.0.0.1:42929]
22:59:21.174 [main] DEBUG net.serenitybdd.core.photography.Darkroom - Send negative for processing for target\site\serenity\12beea41dc3ecf4fc1c89ecfb907c603abeb582272ade1a86e55657694a3b325.png
22:59:21.174 [Darkroom Processing Line] DEBUG net.serenitybdd.core.photography.DarkroomProcessingLine - Processing screenshot image in /var/screenshots/screenshot-2871378919984528773
22:59:21.174 [Darkroom Processing Line] DEBUG net.serenitybdd.core.photography.DarkroomProcessingLine - Saving screenshot to target\site\serenity\12beea41dc3ecf4fc1c89ecfb907c603abeb582272ade1a86e55657694a3b325.png
22:59:21.176 [Forwarding getPageSource on session 3776c733fd00269221c7720f88ed06ba to remote] DEBUG org.asynchttpclient.netty.request.NettyRequestSender - Using pooled Channel '[id: 0x7d26116d, L:/127.0.0.1:54318 - R:localhost/127.0.0.1:42929]' for 'POST' to 'http://localhost:42929/session/3776c733fd00269221c7720f88ed06ba/execute/sync'
22:59:21.176 [Forwarding getPageSource on session 3776c733fd00269221c7720f88ed06ba to remote] DEBUG org.asynchttpclient.netty.request.NettyRequestSender - Using open Channel [id: 0x7d26116d, L:/127.0.0.1:54318 - R:localhost/127.0.0.1:42929] for POST '/session/3776c733fd00269221c7720f88ed06ba/execute/sync'
22:59:21.185 [AsyncHttpClient-1-17] DEBUG org.asynchttpclient.netty.handler.HttpHandler - 

Request DefaultHttpRequest(decodeResult: success, version: HTTP/1.1)
POST /session/3776c733fd00269221c7720f88ed06ba/execute/sync HTTP/1.1
User-Agent: selenium/4.8.1 (java windows)
Content-Length: 176
Content-Type: application/json; charset=utf-8
host: localhost:42929
accept: */*

Response DefaultHttpResponse(decodeResult: success, version: HTTP/1.1)
HTTP/1.1 200 OK
Content-Length: 22355
Content-Type: application/json; charset=utf-8
cache-control: no-cache

22:59:21.185 [AsyncHttpClient-1-17] DEBUG org.asynchttpclient.netty.channel.ChannelManager - Adding key: http://localhost:42929 for channel [id: 0x7d26116d, L:/127.0.0.1:54318 - R:localhost/127.0.0.1:42929]
22:59:21.188 [Forwarding getCurrentUrl on session 3776c733fd00269221c7720f88ed06ba to remote] DEBUG org.asynchttpclient.netty.request.NettyRequestSender - Using pooled Channel '[id: 0x7d26116d, L:/127.0.0.1:54318 - R:localhost/127.0.0.1:42929]' for 'GET' to 'http://localhost:42929/session/3776c733fd00269221c7720f88ed06ba/url'
22:59:21.188 [Forwarding getCurrentUrl on session 3776c733fd00269221c7720f88ed06ba to remote] DEBUG org.asynchttpclient.netty.request.NettyRequestSender - Using open Channel [id: 0x7d26116d, L:/127.0.0.1:54318 - R:localhost/127.0.0.1:42929] for GET '/session/3776c733fd00269221c7720f88ed06ba/url'
22:59:21.194 [AsyncHttpClient-1-17] DEBUG org.asynchttpclient.netty.handler.HttpHandler - 

Request DefaultFullHttpRequest(decodeResult: success, version: HTTP/1.1, content: EmptyByteBufBE)
GET /session/3776c733fd00269221c7720f88ed06ba/url HTTP/1.1
User-Agent: selenium/4.8.1 (java windows)
Cache-Control: no-cache
Content-Type: application/json; charset=utf-8
host: localhost:42929
accept: */*

Response DefaultHttpResponse(decodeResult: success, version: HTTP/1.1)
HTTP/1.1 200 OK
Content-Length: 54
Content-Type: application/json; charset=utf-8
cache-control: no-cache

22:59:21.194 [AsyncHttpClient-1-17] DEBUG org.asynchttpclient.netty.channel.ChannelManager - Adding key: http://localhost:42929 for channel [id: 0x7d26116d, L:/127.0.0.1:54318 - R:localhost/127.0.0.1:42929]
22:59:21.197 [main] DEBUG net.thucydides.core.steps.StepInterceptor - STARTING STEP: RegisterSteps.enterValidPassword - inputPassword
22:59:21.199 [Forwarding findElement on session 3776c733fd00269221c7720f88ed06ba to remote] DEBUG org.asynchttpclient.netty.request.NettyRequestSender - Using pooled Channel '[id: 0x7d26116d, L:/127.0.0.1:54318 - R:localhost/127.0.0.1:42929]' for 'POST' to 'http://localhost:42929/session/3776c733fd00269221c7720f88ed06ba/element'
22:59:21.199 [Forwarding findElement on session 3776c733fd00269221c7720f88ed06ba to remote] DEBUG org.asynchttpclient.netty.request.NettyRequestSender - Using open Channel [id: 0x7d26116d, L:/127.0.0.1:54318 - R:localhost/127.0.0.1:42929] for POST '/session/3776c733fd00269221c7720f88ed06ba/element'
22:59:21.215 [AsyncHttpClient-1-17] DEBUG org.asynchttpclient.netty.handler.HttpHandler - 

Request DefaultHttpRequest(decodeResult: success, version: HTTP/1.1)
POST /session/3776c733fd00269221c7720f88ed06ba/element HTTP/1.1
User-Agent: selenium/4.8.1 (java windows)
Content-Length: 55
Content-Type: application/json; charset=utf-8
host: localhost:42929
accept: */*

Response DefaultHttpResponse(decodeResult: success, version: HTTP/1.1)
HTTP/1.1 200 OK
Content-Length: 95
Content-Type: application/json; charset=utf-8
cache-control: no-cache

22:59:21.215 [AsyncHttpClient-1-17] DEBUG org.asynchttpclient.netty.channel.ChannelManager - Adding key: http://localhost:42929 for channel [id: 0x7d26116d, L:/127.0.0.1:54318 - R:localhost/127.0.0.1:42929]
22:59:21.216 [Forwarding clearElement on session 3776c733fd00269221c7720f88ed06ba to remote] DEBUG org.asynchttpclient.netty.request.NettyRequestSender - Using pooled Channel '[id: 0x7d26116d, L:/127.0.0.1:54318 - R:localhost/127.0.0.1:42929]' for 'POST' to 'http://localhost:42929/session/3776c733fd00269221c7720f88ed06ba/element/CA85ED9B02CAC09E9186B20D7E78329E_element_10/clear'
22:59:21.216 [Forwarding clearElement on session 3776c733fd00269221c7720f88ed06ba to remote] DEBUG org.asynchttpclient.netty.request.NettyRequestSender - Using open Channel [id: 0x7d26116d, L:/127.0.0.1:54318 - R:localhost/127.0.0.1:42929] for POST '/session/3776c733fd00269221c7720f88ed06ba/element/CA85ED9B02CAC09E9186B20D7E78329E_element_10/clear'
22:59:21.254 [AsyncHttpClient-1-17] DEBUG org.asynchttpclient.netty.handler.HttpHandler - 

Request DefaultHttpRequest(decodeResult: success, version: HTTP/1.1)
POST /session/3776c733fd00269221c7720f88ed06ba/element/CA85ED9B02CAC09E9186B20D7E78329E_element_10/clear HTTP/1.1
User-Agent: selenium/4.8.1 (java windows)
Content-Length: 57
Content-Type: application/json; charset=utf-8
host: localhost:42929
accept: */*

Response DefaultHttpResponse(decodeResult: success, version: HTTP/1.1)
HTTP/1.1 200 OK
Content-Length: 14
Content-Type: application/json; charset=utf-8
cache-control: no-cache

22:59:21.256 [AsyncHttpClient-1-17] DEBUG org.asynchttpclient.netty.channel.ChannelManager - Adding key: http://localhost:42929 for channel [id: 0x7d26116d, L:/127.0.0.1:54318 - R:localhost/127.0.0.1:42929]
22:59:21.257 [Forwarding sendKeysToElement on session 3776c733fd00269221c7720f88ed06ba to remote] DEBUG org.asynchttpclient.netty.request.NettyRequestSender - Using pooled Channel '[id: 0x7d26116d, L:/127.0.0.1:54318 - R:localhost/127.0.0.1:42929]' for 'POST' to 'http://localhost:42929/session/3776c733fd00269221c7720f88ed06ba/element/CA85ED9B02CAC09E9186B20D7E78329E_element_10/value'
22:59:21.257 [Forwarding sendKeysToElement on session 3776c733fd00269221c7720f88ed06ba to remote] DEBUG org.asynchttpclient.netty.request.NettyRequestSender - Using open Channel [id: 0x7d26116d, L:/127.0.0.1:54318 - R:localhost/127.0.0.1:42929] for POST '/session/3776c733fd00269221c7720f88ed06ba/element/CA85ED9B02CAC09E9186B20D7E78329E_element_10/value'
22:59:21.449 [AsyncHttpClient-1-17] DEBUG org.asynchttpclient.netty.handler.HttpHandler - 

Request DefaultHttpRequest(decodeResult: success, version: HTTP/1.1)
POST /session/3776c733fd00269221c7720f88ed06ba/element/CA85ED9B02CAC09E9186B20D7E78329E_element_10/value HTTP/1.1
User-Agent: selenium/4.8.1 (java windows)
Content-Length: 148
Content-Type: application/json; charset=utf-8
host: localhost:42929
accept: */*

Response DefaultHttpResponse(decodeResult: success, version: HTTP/1.1)
HTTP/1.1 200 OK
Content-Length: 14
Content-Type: application/json; charset=utf-8
cache-control: no-cache

22:59:21.449 [AsyncHttpClient-1-17] DEBUG org.asynchttpclient.netty.channel.ChannelManager - Adding key: http://localhost:42929 for channel [id: 0x7d26116d, L:/127.0.0.1:54318 - R:localhost/127.0.0.1:42929]
22:59:21.470 [Forwarding getAlertText on session 3776c733fd00269221c7720f88ed06ba to remote] DEBUG org.asynchttpclient.netty.request.NettyRequestSender - Using pooled Channel '[id: 0x7d26116d, L:/127.0.0.1:54318 - R:localhost/127.0.0.1:42929]' for 'GET' to 'http://localhost:42929/session/3776c733fd00269221c7720f88ed06ba/alert/text'
22:59:21.470 [Forwarding getAlertText on session 3776c733fd00269221c7720f88ed06ba to remote] DEBUG org.asynchttpclient.netty.request.NettyRequestSender - Using open Channel [id: 0x7d26116d, L:/127.0.0.1:54318 - R:localhost/127.0.0.1:42929] for GET '/session/3776c733fd00269221c7720f88ed06ba/alert/text'
22:59:21.476 [AsyncHttpClient-1-17] DEBUG org.asynchttpclient.netty.handler.HttpHandler - 

Request DefaultFullHttpRequest(decodeResult: success, version: HTTP/1.1, content: EmptyByteBufBE)
GET /session/3776c733fd00269221c7720f88ed06ba/alert/text HTTP/1.1
User-Agent: selenium/4.8.1 (java windows)
Cache-Control: no-cache
Content-Type: application/json; charset=utf-8
host: localhost:42929
accept: */*

Response DefaultHttpResponse(decodeResult: success, version: HTTP/1.1)
HTTP/1.1 404 Not Found
Content-Length: 820
Content-Type: application/json; charset=utf-8
cache-control: no-cache

22:59:21.476 [AsyncHttpClient-1-17] DEBUG org.asynchttpclient.netty.channel.ChannelManager - Adding key: http://localhost:42929 for channel [id: 0x7d26116d, L:/127.0.0.1:54318 - R:localhost/127.0.0.1:42929]
22:59:21.479 [Forwarding getCurrentUrl on session 3776c733fd00269221c7720f88ed06ba to remote] DEBUG org.asynchttpclient.netty.request.NettyRequestSender - Using pooled Channel '[id: 0x7d26116d, L:/127.0.0.1:54318 - R:localhost/127.0.0.1:42929]' for 'GET' to 'http://localhost:42929/session/3776c733fd00269221c7720f88ed06ba/url'
22:59:21.479 [Forwarding getCurrentUrl on session 3776c733fd00269221c7720f88ed06ba to remote] DEBUG org.asynchttpclient.netty.request.NettyRequestSender - Using open Channel [id: 0x7d26116d, L:/127.0.0.1:54318 - R:localhost/127.0.0.1:42929] for GET '/session/3776c733fd00269221c7720f88ed06ba/url'
22:59:21.507 [AsyncHttpClient-1-17] DEBUG org.asynchttpclient.netty.handler.HttpHandler - 

Request DefaultFullHttpRequest(decodeResult: success, version: HTTP/1.1, content: EmptyByteBufBE)
GET /session/3776c733fd00269221c7720f88ed06ba/url HTTP/1.1
User-Agent: selenium/4.8.1 (java windows)
Cache-Control: no-cache
Content-Type: application/json; charset=utf-8
host: localhost:42929
accept: */*

Response DefaultHttpResponse(decodeResult: success, version: HTTP/1.1)
HTTP/1.1 200 OK
Content-Length: 54
Content-Type: application/json; charset=utf-8
cache-control: no-cache

22:59:21.508 [AsyncHttpClient-1-17] DEBUG org.asynchttpclient.netty.channel.ChannelManager - Adding key: http://localhost:42929 for channel [id: 0x7d26116d, L:/127.0.0.1:54318 - R:localhost/127.0.0.1:42929]
22:59:21.509 [Forwarding screenshot on session 3776c733fd00269221c7720f88ed06ba to remote] DEBUG org.asynchttpclient.netty.request.NettyRequestSender - Using pooled Channel '[id: 0x7d26116d, L:/127.0.0.1:54318 - R:localhost/127.0.0.1:42929]' for 'GET' to 'http://localhost:42929/session/3776c733fd00269221c7720f88ed06ba/screenshot'
22:59:21.510 [Forwarding screenshot on session 3776c733fd00269221c7720f88ed06ba to remote] DEBUG org.asynchttpclient.netty.request.NettyRequestSender - Using open Channel [id: 0x7d26116d, L:/127.0.0.1:54318 - R:localhost/127.0.0.1:42929] for GET '/session/3776c733fd00269221c7720f88ed06ba/screenshot'
22:59:21.739 [AsyncHttpClient-1-17] DEBUG org.asynchttpclient.netty.handler.HttpHandler - 

Request DefaultFullHttpRequest(decodeResult: success, version: HTTP/1.1, content: EmptyByteBufBE)
GET /session/3776c733fd00269221c7720f88ed06ba/screenshot HTTP/1.1
User-Agent: selenium/4.8.1 (java windows)
Cache-Control: no-cache
Content-Type: application/json; charset=utf-8
host: localhost:42929
accept: */*

Response DefaultHttpResponse(decodeResult: success, version: HTTP/1.1)
HTTP/1.1 200 OK
Content-Length: 47032
Content-Type: application/json; charset=utf-8
cache-control: no-cache

22:59:21.740 [AsyncHttpClient-1-17] DEBUG org.asynchttpclient.netty.channel.ChannelManager - Adding key: http://localhost:42929 for channel [id: 0x7d26116d, L:/127.0.0.1:54318 - R:localhost/127.0.0.1:42929]
22:59:21.742 [main] DEBUG net.serenitybdd.core.photography.Darkroom - Send negative for processing for target\site\serenity\baef2c54761d1ee62d756b5011b764dfe8e9f355ac543660119c07f0396c8b11.png
22:59:21.742 [main] DEBUG net.thucydides.core.steps.StepInterceptor - STEP DONE: inputPassword
22:59:21.742 [Darkroom Processing Line] DEBUG net.serenitybdd.core.photography.DarkroomProcessingLine - Processing screenshot image in /var/screenshots/screenshot-5578733595209365282
  &amp#27;[32mAnd &amp#27;[0m&amp#27;[32mI enter valid password&amp#27;[0m                      &amp#27;[90m# starter.stepdefinitions.RegisterSteps.enterValidPassword()&amp#27;[0m
22:59:21.742 [Darkroom Processing Line] DEBUG net.serenitybdd.core.photography.DarkroomProcessingLine - Saving screenshot to target\site\serenity\baef2c54761d1ee62d756b5011b764dfe8e9f355ac543660119c07f0396c8b11.png
22:59:21.750 [Forwarding getPageSource on session 3776c733fd00269221c7720f88ed06ba to remote] DEBUG org.asynchttpclient.netty.request.NettyRequestSender - Using pooled Channel '[id: 0x7d26116d, L:/127.0.0.1:54318 - R:localhost/127.0.0.1:42929]' for 'POST' to 'http://localhost:42929/session/3776c733fd00269221c7720f88ed06ba/execute/sync'
22:59:21.750 [Forwarding getPageSource on session 3776c733fd00269221c7720f88ed06ba to remote] DEBUG org.asynchttpclient.netty.request.NettyRequestSender - Using open Channel [id: 0x7d26116d, L:/127.0.0.1:54318 - R:localhost/127.0.0.1:42929] for POST '/session/3776c733fd00269221c7720f88ed06ba/execute/sync'
22:59:21.760 [AsyncHttpClient-1-17] DEBUG org.asynchttpclient.netty.handler.HttpHandler - 

Request DefaultHttpRequest(decodeResult: success, version: HTTP/1.1)
POST /session/3776c733fd00269221c7720f88ed06ba/execute/sync HTTP/1.1
User-Agent: selenium/4.8.1 (java windows)
Content-Length: 176
Content-Type: application/json; charset=utf-8
host: localhost:42929
accept: */*

Response DefaultHttpResponse(decodeResult: success, version: HTTP/1.1)
HTTP/1.1 200 OK
Content-Length: 22414
Content-Type: application/json; charset=utf-8
cache-control: no-cache

22:59:21.760 [AsyncHttpClient-1-17] DEBUG org.asynchttpclient.netty.channel.ChannelManager - Adding key: http://localhost:42929 for channel [id: 0x7d26116d, L:/127.0.0.1:54318 - R:localhost/127.0.0.1:42929]
22:59:21.763 [Forwarding getCurrentUrl on session 3776c733fd00269221c7720f88ed06ba to remote] DEBUG org.asynchttpclient.netty.request.NettyRequestSender - Using pooled Channel '[id: 0x7d26116d, L:/127.0.0.1:54318 - R:localhost/127.0.0.1:42929]' for 'GET' to 'http://localhost:42929/session/3776c733fd00269221c7720f88ed06ba/url'
22:59:21.763 [Forwarding getCurrentUrl on session 3776c733fd00269221c7720f88ed06ba to remote] DEBUG org.asynchttpclient.netty.request.NettyRequestSender - Using open Channel [id: 0x7d26116d, L:/127.0.0.1:54318 - R:localhost/127.0.0.1:42929] for GET '/session/3776c733fd00269221c7720f88ed06ba/url'
22:59:21.769 [AsyncHttpClient-1-17] DEBUG org.asynchttpclient.netty.handler.HttpHandler - 

Request DefaultFullHttpRequest(decodeResult: success, version: HTTP/1.1, content: EmptyByteBufBE)
GET /session/3776c733fd00269221c7720f88ed06ba/url HTTP/1.1
User-Agent: selenium/4.8.1 (java windows)
Cache-Control: no-cache
Content-Type: application/json; charset=utf-8
host: localhost:42929
accept: */*

Response DefaultHttpResponse(decodeResult: success, version: HTTP/1.1)
HTTP/1.1 200 OK
Content-Length: 54
Content-Type: application/json; charset=utf-8
cache-control: no-cache

22:59:21.769 [AsyncHttpClient-1-17] DEBUG org.asynchttpclient.netty.channel.ChannelManager - Adding key: http://localhost:42929 for channel [id: 0x7d26116d, L:/127.0.0.1:54318 - R:localhost/127.0.0.1:42929]
22:59:21.779 [Forwarding getPageSource on session 3776c733fd00269221c7720f88ed06ba to remote] DEBUG org.asynchttpclient.netty.request.NettyRequestSender - Using pooled Channel '[id: 0x7d26116d, L:/127.0.0.1:54318 - R:localhost/127.0.0.1:42929]' for 'POST' to 'http://localhost:42929/session/3776c733fd00269221c7720f88ed06ba/execute/sync'
22:59:21.779 [Forwarding getPageSource on session 3776c733fd00269221c7720f88ed06ba to remote] DEBUG org.asynchttpclient.netty.request.NettyRequestSender - Using open Channel [id: 0x7d26116d, L:/127.0.0.1:54318 - R:localhost/127.0.0.1:42929] for POST '/session/3776c733fd00269221c7720f88ed06ba/execute/sync'
22:59:21.787 [AsyncHttpClient-1-17] DEBUG org.asynchttpclient.netty.handler.HttpHandler - 

Request DefaultHttpRequest(decodeResult: success, version: HTTP/1.1)
POST /session/3776c733fd00269221c7720f88ed06ba/execute/sync HTTP/1.1
User-Agent: selenium/4.8.1 (java windows)
Content-Length: 176
Content-Type: application/json; charset=utf-8
host: localhost:42929
accept: */*

Response DefaultHttpResponse(decodeResult: success, version: HTTP/1.1)
HTTP/1.1 200 OK
Content-Length: 22414
Content-Type: application/json; charset=utf-8
cache-control: no-cache

22:59:21.787 [AsyncHttpClient-1-17] DEBUG org.asynchttpclient.netty.channel.ChannelManager - Adding key: http://localhost:42929 for channel [id: 0x7d26116d, L:/127.0.0.1:54318 - R:localhost/127.0.0.1:42929]
22:59:21.790 [Forwarding getCurrentUrl on session 3776c733fd00269221c7720f88ed06ba to remote] DEBUG org.asynchttpclient.netty.request.NettyRequestSender - Using pooled Channel '[id: 0x7d26116d, L:/127.0.0.1:54318 - R:localhost/127.0.0.1:42929]' for 'GET' to 'http://localhost:42929/session/3776c733fd00269221c7720f88ed06ba/url'
22:59:21.790 [Forwarding getCurrentUrl on session 3776c733fd00269221c7720f88ed06ba to remote] DEBUG org.asynchttpclient.netty.request.NettyRequestSender - Using open Channel [id: 0x7d26116d, L:/127.0.0.1:54318 - R:localhost/127.0.0.1:42929] for GET '/session/3776c733fd00269221c7720f88ed06ba/url'
22:59:21.798 [AsyncHttpClient-1-17] DEBUG org.asynchttpclient.netty.handler.HttpHandler - 

Request DefaultFullHttpRequest(decodeResult: success, version: HTTP/1.1, content: EmptyByteBufBE)
GET /session/3776c733fd00269221c7720f88ed06ba/url HTTP/1.1
User-Agent: selenium/4.8.1 (java windows)
Cache-Control: no-cache
Content-Type: application/json; charset=utf-8
host: localhost:42929
accept: */*

Response DefaultHttpResponse(decodeResult: success, version: HTTP/1.1)
HTTP/1.1 200 OK
Content-Length: 54
Content-Type: application/json; charset=utf-8
cache-control: no-cache

22:59:21.798 [AsyncHttpClient-1-17] DEBUG org.asynchttpclient.netty.channel.ChannelManager - Adding key: http://localhost:42929 for channel [id: 0x7d26116d, L:/127.0.0.1:54318 - R:localhost/127.0.0.1:42929]
22:59:21.801 [main] DEBUG net.thucydides.core.steps.StepInterceptor - STARTING STEP: RegisterSteps.clickRegButton - clickRegButton
22:59:21.805 [Forwarding findElement on session 3776c733fd00269221c7720f88ed06ba to remote] DEBUG org.asynchttpclient.netty.request.NettyRequestSender - Using pooled Channel '[id: 0x7d26116d, L:/127.0.0.1:54318 - R:localhost/127.0.0.1:42929]' for 'POST' to 'http://localhost:42929/session/3776c733fd00269221c7720f88ed06ba/element'
22:59:21.805 [Forwarding findElement on session 3776c733fd00269221c7720f88ed06ba to remote] DEBUG org.asynchttpclient.netty.request.NettyRequestSender - Using open Channel [id: 0x7d26116d, L:/127.0.0.1:54318 - R:localhost/127.0.0.1:42929] for POST '/session/3776c733fd00269221c7720f88ed06ba/element'
22:59:21.821 [AsyncHttpClient-1-17] DEBUG org.asynchttpclient.netty.handler.HttpHandler - 

Request DefaultHttpRequest(decodeResult: success, version: HTTP/1.1)
POST /session/3776c733fd00269221c7720f88ed06ba/element HTTP/1.1
User-Agent: selenium/4.8.1 (java windows)
Content-Length: 142
Content-Type: application/json; charset=utf-8
host: localhost:42929
accept: */*

Response DefaultHttpResponse(decodeResult: success, version: HTTP/1.1)
HTTP/1.1 200 OK
Content-Length: 94
Content-Type: application/json; charset=utf-8
cache-control: no-cache

22:59:21.821 [AsyncHttpClient-1-17] DEBUG org.asynchttpclient.netty.channel.ChannelManager - Adding key: http://localhost:42929 for channel [id: 0x7d26116d, L:/127.0.0.1:54318 - R:localhost/127.0.0.1:42929]
22:59:21.822 [Forwarding getElementTagName on session 3776c733fd00269221c7720f88ed06ba to remote] DEBUG org.asynchttpclient.netty.request.NettyRequestSender - Using pooled Channel '[id: 0x7d26116d, L:/127.0.0.1:54318 - R:localhost/127.0.0.1:42929]' for 'GET' to 'http://localhost:42929/session/3776c733fd00269221c7720f88ed06ba/element/CA85ED9B02CAC09E9186B20D7E78329E_element_2/name'
22:59:21.822 [Forwarding getElementTagName on session 3776c733fd00269221c7720f88ed06ba to remote] DEBUG org.asynchttpclient.netty.request.NettyRequestSender - Using open Channel [id: 0x7d26116d, L:/127.0.0.1:54318 - R:localhost/127.0.0.1:42929] for GET '/session/3776c733fd00269221c7720f88ed06ba/element/CA85ED9B02CAC09E9186B20D7E78329E_element_2/name'
22:59:21.832 [AsyncHttpClient-1-17] DEBUG org.asynchttpclient.netty.handler.HttpHandler - 

Request DefaultFullHttpRequest(decodeResult: success, version: HTTP/1.1, content: EmptyByteBufBE)
GET /session/3776c733fd00269221c7720f88ed06ba/element/CA85ED9B02CAC09E9186B20D7E78329E_element_2/name HTTP/1.1
User-Agent: selenium/4.8.1 (java windows)
Cache-Control: no-cache
Content-Type: application/json; charset=utf-8
host: localhost:42929
accept: */*

Response DefaultHttpResponse(decodeResult: success, version: HTTP/1.1)
HTTP/1.1 200 OK
Content-Length: 18
Content-Type: application/json; charset=utf-8
cache-control: no-cache

22:59:21.832 [AsyncHttpClient-1-17] DEBUG org.asynchttpclient.netty.channel.ChannelManager - Adding key: http://localhost:42929 for channel [id: 0x7d26116d, L:/127.0.0.1:54318 - R:localhost/127.0.0.1:42929]
22:59:21.833 [Forwarding getElementTagName on session 3776c733fd00269221c7720f88ed06ba to remote] DEBUG org.asynchttpclient.netty.request.NettyRequestSender - Using pooled Channel '[id: 0x7d26116d, L:/127.0.0.1:54318 - R:localhost/127.0.0.1:42929]' for 'GET' to 'http://localhost:42929/session/3776c733fd00269221c7720f88ed06ba/element/CA85ED9B02CAC09E9186B20D7E78329E_element_2/name'
22:59:21.834 [Forwarding getElementTagName on session 3776c733fd00269221c7720f88ed06ba to remote] DEBUG org.asynchttpclient.netty.request.NettyRequestSender - Using open Channel [id: 0x7d26116d, L:/127.0.0.1:54318 - R:localhost/127.0.0.1:42929] for GET '/session/3776c733fd00269221c7720f88ed06ba/element/CA85ED9B02CAC09E9186B20D7E78329E_element_2/name'
22:59:21.842 [AsyncHttpClient-1-17] DEBUG org.asynchttpclient.netty.handler.HttpHandler - 

Request DefaultFullHttpRequest(decodeResult: success, version: HTTP/1.1, content: EmptyByteBufBE)
GET /session/3776c733fd00269221c7720f88ed06ba/element/CA85ED9B02CAC09E9186B20D7E78329E_element_2/name HTTP/1.1
User-Agent: selenium/4.8.1 (java windows)
Cache-Control: no-cache
Content-Type: application/json; charset=utf-8
host: localhost:42929
accept: */*

Response DefaultHttpResponse(decodeResult: success, version: HTTP/1.1)
HTTP/1.1 200 OK
Content-Length: 18
Content-Type: application/json; charset=utf-8
cache-control: no-cache

22:59:21.842 [AsyncHttpClient-1-17] DEBUG org.asynchttpclient.netty.channel.ChannelManager - Adding key: http://localhost:42929 for channel [id: 0x7d26116d, L:/127.0.0.1:54318 - R:localhost/127.0.0.1:42929]
22:59:21.846 [Forwarding isElementEnabled on session 3776c733fd00269221c7720f88ed06ba to remote] DEBUG org.asynchttpclient.netty.request.NettyRequestSender - Using pooled Channel '[id: 0x7d26116d, L:/127.0.0.1:54318 - R:localhost/127.0.0.1:42929]' for 'GET' to 'http://localhost:42929/session/3776c733fd00269221c7720f88ed06ba/element/CA85ED9B02CAC09E9186B20D7E78329E_element_2/enabled'
22:59:21.846 [Forwarding isElementEnabled on session 3776c733fd00269221c7720f88ed06ba to remote] DEBUG org.asynchttpclient.netty.request.NettyRequestSender - Using open Channel [id: 0x7d26116d, L:/127.0.0.1:54318 - R:localhost/127.0.0.1:42929] for GET '/session/3776c733fd00269221c7720f88ed06ba/element/CA85ED9B02CAC09E9186B20D7E78329E_element_2/enabled'
22:59:21.857 [AsyncHttpClient-1-17] DEBUG org.asynchttpclient.netty.handler.HttpHandler - 

Request DefaultFullHttpRequest(decodeResult: success, version: HTTP/1.1, content: EmptyByteBufBE)
GET /session/3776c733fd00269221c7720f88ed06ba/element/CA85ED9B02CAC09E9186B20D7E78329E_element_2/enabled HTTP/1.1
User-Agent: selenium/4.8.1 (java windows)
Cache-Control: no-cache
Content-Type: application/json; charset=utf-8
host: localhost:42929
accept: */*

Response DefaultHttpResponse(decodeResult: success, version: HTTP/1.1)
HTTP/1.1 200 OK
Content-Length: 14
Content-Type: application/json; charset=utf-8
cache-control: no-cache

22:59:21.857 [AsyncHttpClient-1-17] DEBUG org.asynchttpclient.netty.channel.ChannelManager - Adding key: http://localhost:42929 for channel [id: 0x7d26116d, L:/127.0.0.1:54318 - R:localhost/127.0.0.1:42929]
22:59:21.859 [Forwarding isElementEnabled on session 3776c733fd00269221c7720f88ed06ba to remote] DEBUG org.asynchttpclient.netty.request.NettyRequestSender - Using pooled Channel '[id: 0x7d26116d, L:/127.0.0.1:54318 - R:localhost/127.0.0.1:42929]' for 'GET' to 'http://localhost:42929/session/3776c733fd00269221c7720f88ed06ba/element/CA85ED9B02CAC09E9186B20D7E78329E_element_2/enabled'
22:59:21.859 [Forwarding isElementEnabled on session 3776c733fd00269221c7720f88ed06ba to remote] DEBUG org.asynchttpclient.netty.request.NettyRequestSender - Using open Channel [id: 0x7d26116d, L:/127.0.0.1:54318 - R:localhost/127.0.0.1:42929] for GET '/session/3776c733fd00269221c7720f88ed06ba/element/CA85ED9B02CAC09E9186B20D7E78329E_element_2/enabled'
22:59:21.872 [AsyncHttpClient-1-17] DEBUG org.asynchttpclient.netty.handler.HttpHandler - 

Request DefaultFullHttpRequest(decodeResult: success, version: HTTP/1.1, content: EmptyByteBufBE)
GET /session/3776c733fd00269221c7720f88ed06ba/element/CA85ED9B02CAC09E9186B20D7E78329E_element_2/enabled HTTP/1.1
User-Agent: selenium/4.8.1 (java windows)
Cache-Control: no-cache
Content-Type: application/json; charset=utf-8
host: localhost:42929
accept: */*

Response DefaultHttpResponse(decodeResult: success, version: HTTP/1.1)
HTTP/1.1 200 OK
Content-Length: 14
Content-Type: application/json; charset=utf-8
cache-control: no-cache

22:59:21.872 [AsyncHttpClient-1-17] DEBUG org.asynchttpclient.netty.channel.ChannelManager - Adding key: http://localhost:42929 for channel [id: 0x7d26116d, L:/127.0.0.1:54318 - R:localhost/127.0.0.1:42929]
22:59:21.874 [Forwarding findElement on session 3776c733fd00269221c7720f88ed06ba to remote] DEBUG org.asynchttpclient.netty.request.NettyRequestSender - Using pooled Channel '[id: 0x7d26116d, L:/127.0.0.1:54318 - R:localhost/127.0.0.1:42929]' for 'POST' to 'http://localhost:42929/session/3776c733fd00269221c7720f88ed06ba/element'
22:59:21.874 [Forwarding findElement on session 3776c733fd00269221c7720f88ed06ba to remote] DEBUG org.asynchttpclient.netty.request.NettyRequestSender - Using open Channel [id: 0x7d26116d, L:/127.0.0.1:54318 - R:localhost/127.0.0.1:42929] for POST '/session/3776c733fd00269221c7720f88ed06ba/element'
22:59:21.888 [AsyncHttpClient-1-17] DEBUG org.asynchttpclient.netty.handler.HttpHandler - 

Request DefaultHttpRequest(decodeResult: success, version: HTTP/1.1)
POST /session/3776c733fd00269221c7720f88ed06ba/element HTTP/1.1
User-Agent: selenium/4.8.1 (java windows)
Content-Length: 142
Content-Type: application/json; charset=utf-8
host: localhost:42929
accept: */*

Response DefaultHttpResponse(decodeResult: success, version: HTTP/1.1)
HTTP/1.1 200 OK
Content-Length: 94
Content-Type: application/json; charset=utf-8
cache-control: no-cache

22:59:21.889 [AsyncHttpClient-1-17] DEBUG org.asynchttpclient.netty.channel.ChannelManager - Adding key: http://localhost:42929 for channel [id: 0x7d26116d, L:/127.0.0.1:54318 - R:localhost/127.0.0.1:42929]
22:59:21.890 [Forwarding clickElement on session 3776c733fd00269221c7720f88ed06ba to remote] DEBUG org.asynchttpclient.netty.request.NettyRequestSender - Using pooled Channel '[id: 0x7d26116d, L:/127.0.0.1:54318 - R:localhost/127.0.0.1:42929]' for 'POST' to 'http://localhost:42929/session/3776c733fd00269221c7720f88ed06ba/element/CA85ED9B02CAC09E9186B20D7E78329E_element_2/click'
22:59:21.890 [Forwarding clickElement on session 3776c733fd00269221c7720f88ed06ba to remote] DEBUG org.asynchttpclient.netty.request.NettyRequestSender - Using open Channel [id: 0x7d26116d, L:/127.0.0.1:54318 - R:localhost/127.0.0.1:42929] for POST '/session/3776c733fd00269221c7720f88ed06ba/element/CA85ED9B02CAC09E9186B20D7E78329E_element_2/click'
22:59:21.897 [AsyncHttpClient-1-1] DEBUG org.asynchttpclient.netty.channel.DefaultChannelPool - Entry count for : http://localhost:54320 : 1
22:59:21.963 [AsyncHttpClient-1-17] DEBUG org.asynchttpclient.netty.handler.HttpHandler - 

Request DefaultHttpRequest(decodeResult: success, version: HTTP/1.1)
POST /session/3776c733fd00269221c7720f88ed06ba/element/CA85ED9B02CAC09E9186B20D7E78329E_element_2/click HTTP/1.1
User-Agent: selenium/4.8.1 (java windows)
Content-Length: 56
Content-Type: application/json; charset=utf-8
host: localhost:42929
accept: */*

Response DefaultHttpResponse(decodeResult: success, version: HTTP/1.1)
HTTP/1.1 200 OK
Content-Length: 14
Content-Type: application/json; charset=utf-8
cache-control: no-cache

22:59:21.963 [AsyncHttpClient-1-17] DEBUG org.asynchttpclient.netty.channel.ChannelManager - Adding key: http://localhost:42929 for channel [id: 0x7d26116d, L:/127.0.0.1:54318 - R:localhost/127.0.0.1:42929]
22:59:21.970 [Forwarding getAlertText on session 3776c733fd00269221c7720f88ed06ba to remote] DEBUG org.asynchttpclient.netty.request.NettyRequestSender - Using pooled Channel '[id: 0x7d26116d, L:/127.0.0.1:54318 - R:localhost/127.0.0.1:42929]' for 'GET' to 'http://localhost:42929/session/3776c733fd00269221c7720f88ed06ba/alert/text'
22:59:21.970 [Forwarding getAlertText on session 3776c733fd00269221c7720f88ed06ba to remote] DEBUG org.asynchttpclient.netty.request.NettyRequestSender - Using open Channel [id: 0x7d26116d, L:/127.0.0.1:54318 - R:localhost/127.0.0.1:42929] for GET '/session/3776c733fd00269221c7720f88ed06ba/alert/text'
22:59:21.972 [AsyncHttpClient-1-17] DEBUG org.asynchttpclient.netty.handler.HttpHandler - 

Request DefaultFullHttpRequest(decodeResult: success, version: HTTP/1.1, content: EmptyByteBufBE)
GET /session/3776c733fd00269221c7720f88ed06ba/alert/text HTTP/1.1
User-Agent: selenium/4.8.1 (java windows)
Cache-Control: no-cache
Content-Type: application/json; charset=utf-8
host: localhost:42929
accept: */*

Response DefaultHttpResponse(decodeResult: success, version: HTTP/1.1)
HTTP/1.1 404 Not Found
Content-Length: 820
Content-Type: application/json; charset=utf-8
cache-control: no-cache

22:59:21.972 [AsyncHttpClient-1-17] DEBUG org.asynchttpclient.netty.channel.ChannelManager - Adding key: http://localhost:42929 for channel [id: 0x7d26116d, L:/127.0.0.1:54318 - R:localhost/127.0.0.1:42929]
22:59:21.974 [Forwarding getCurrentUrl on session 3776c733fd00269221c7720f88ed06ba to remote] DEBUG org.asynchttpclient.netty.request.NettyRequestSender - Using pooled Channel '[id: 0x7d26116d, L:/127.0.0.1:54318 - R:localhost/127.0.0.1:42929]' for 'GET' to 'http://localhost:42929/session/3776c733fd00269221c7720f88ed06ba/url'
22:59:21.974 [Forwarding getCurrentUrl on session 3776c733fd00269221c7720f88ed06ba to remote] DEBUG org.asynchttpclient.netty.request.NettyRequestSender - Using open Channel [id: 0x7d26116d, L:/127.0.0.1:54318 - R:localhost/127.0.0.1:42929] for GET '/session/3776c733fd00269221c7720f88ed06ba/url'
22:59:21.980 [AsyncHttpClient-1-17] DEBUG org.asynchttpclient.netty.handler.HttpHandler - 

Request DefaultFullHttpRequest(decodeResult: success, version: HTTP/1.1, content: EmptyByteBufBE)
GET /session/3776c733fd00269221c7720f88ed06ba/url HTTP/1.1
User-Agent: selenium/4.8.1 (java windows)
Cache-Control: no-cache
Content-Type: application/json; charset=utf-8
host: localhost:42929
accept: */*

Response DefaultHttpResponse(decodeResult: success, version: HTTP/1.1)
HTTP/1.1 200 OK
Content-Length: 54
Content-Type: application/json; charset=utf-8
cache-control: no-cache

22:59:21.980 [AsyncHttpClient-1-17] DEBUG org.asynchttpclient.netty.channel.ChannelManager - Adding key: http://localhost:42929 for channel [id: 0x7d26116d, L:/127.0.0.1:54318 - R:localhost/127.0.0.1:42929]
22:59:21.981 [Forwarding screenshot on session 3776c733fd00269221c7720f88ed06ba to remote] DEBUG org.asynchttpclient.netty.request.NettyRequestSender - Using pooled Channel '[id: 0x7d26116d, L:/127.0.0.1:54318 - R:localhost/127.0.0.1:42929]' for 'GET' to 'http://localhost:42929/session/3776c733fd00269221c7720f88ed06ba/screenshot'
22:59:21.981 [Forwarding screenshot on session 3776c733fd00269221c7720f88ed06ba to remote] DEBUG org.asynchttpclient.netty.request.NettyRequestSender - Using open Channel [id: 0x7d26116d, L:/127.0.0.1:54318 - R:localhost/127.0.0.1:42929] for GET '/session/3776c733fd00269221c7720f88ed06ba/screenshot'
22:59:22.261 [AsyncHttpClient-1-17] DEBUG org.asynchttpclient.netty.handler.HttpHandler - 

Request DefaultFullHttpRequest(decodeResult: success, version: HTTP/1.1, content: EmptyByteBufBE)
GET /session/3776c733fd00269221c7720f88ed06ba/screenshot HTTP/1.1
User-Agent: selenium/4.8.1 (java windows)
Cache-Control: no-cache
Content-Type: application/json; charset=utf-8
host: localhost:42929
accept: */*

Response DefaultHttpResponse(decodeResult: success, version: HTTP/1.1)
HTTP/1.1 200 OK
Content-Length: 46180
Content-Type: application/json; charset=utf-8
cache-control: no-cache

22:59:22.261 [AsyncHttpClient-1-17] DEBUG org.asynchttpclient.netty.channel.ChannelManager - Adding key: http://localhost:42929 for channel [id: 0x7d26116d, L:/127.0.0.1:54318 - R:localhost/127.0.0.1:42929]
22:59:22.263 [main] DEBUG net.serenitybdd.core.photography.Darkroom - Send negative for processing for target\site\serenity\336d23f93a31bed7c8bd144ced87a5650d807e726e5891fdad60b99e02f7846e.png
22:59:22.264 [main] DEBUG net.thucydides.core.steps.StepInterceptor - STEP DONE: clickRegButton
22:59:22.264 [Darkroom Processing Line] DEBUG net.serenitybdd.core.photography.DarkroomProcessingLine - Processing screenshot image in /var/screenshots/screenshot-3165055718963164389
22:59:22.264 [Darkroom Processing Line] DEBUG net.serenitybdd.core.photography.DarkroomProcessingLine - Saving screenshot to target\site\serenity\336d23f93a31bed7c8bd144ced87a5650d807e726e5891fdad60b99e02f7846e.png
  &amp#27;[32mAnd &amp#27;[0m&amp#27;[32mclick register button&amp#27;[0m                       &amp#27;[90m# starter.stepdefinitions.RegisterSteps.clickRegButton()&amp#27;[0m
22:59:22.276 [Forwarding getPageSource on session 3776c733fd00269221c7720f88ed06ba to remote] DEBUG org.asynchttpclient.netty.request.NettyRequestSender - Using pooled Channel '[id: 0x7d26116d, L:/127.0.0.1:54318 - R:localhost/127.0.0.1:42929]' for 'POST' to 'http://localhost:42929/session/3776c733fd00269221c7720f88ed06ba/execute/sync'
22:59:22.276 [Forwarding getPageSource on session 3776c733fd00269221c7720f88ed06ba to remote] DEBUG org.asynchttpclient.netty.request.NettyRequestSender - Using open Channel [id: 0x7d26116d, L:/127.0.0.1:54318 - R:localhost/127.0.0.1:42929] for POST '/session/3776c733fd00269221c7720f88ed06ba/execute/sync'
22:59:22.284 [AsyncHttpClient-1-17] DEBUG org.asynchttpclient.netty.handler.HttpHandler - 

Request DefaultHttpRequest(decodeResult: success, version: HTTP/1.1)
POST /session/3776c733fd00269221c7720f88ed06ba/execute/sync HTTP/1.1
User-Agent: selenium/4.8.1 (java windows)
Content-Length: 176
Content-Type: application/json; charset=utf-8
host: localhost:42929
accept: */*

Response DefaultHttpResponse(decodeResult: success, version: HTTP/1.1)
HTTP/1.1 200 OK
Content-Length: 23127
Content-Type: application/json; charset=utf-8
cache-control: no-cache

22:59:22.284 [AsyncHttpClient-1-17] DEBUG org.asynchttpclient.netty.channel.ChannelManager - Adding key: http://localhost:42929 for channel [id: 0x7d26116d, L:/127.0.0.1:54318 - R:localhost/127.0.0.1:42929]
22:59:22.287 [Forwarding getCurrentUrl on session 3776c733fd00269221c7720f88ed06ba to remote] DEBUG org.asynchttpclient.netty.request.NettyRequestSender - Using pooled Channel '[id: 0x7d26116d, L:/127.0.0.1:54318 - R:localhost/127.0.0.1:42929]' for 'GET' to 'http://localhost:42929/session/3776c733fd00269221c7720f88ed06ba/url'
22:59:22.287 [Forwarding getCurrentUrl on session 3776c733fd00269221c7720f88ed06ba to remote] DEBUG org.asynchttpclient.netty.request.NettyRequestSender - Using open Channel [id: 0x7d26116d, L:/127.0.0.1:54318 - R:localhost/127.0.0.1:42929] for GET '/session/3776c733fd00269221c7720f88ed06ba/url'
22:59:22.291 [AsyncHttpClient-1-17] DEBUG org.asynchttpclient.netty.handler.HttpHandler - 

Request DefaultFullHttpRequest(decodeResult: success, version: HTTP/1.1, content: EmptyByteBufBE)
GET /session/3776c733fd00269221c7720f88ed06ba/url HTTP/1.1
User-Agent: selenium/4.8.1 (java windows)
Cache-Control: no-cache
Content-Type: application/json; charset=utf-8
host: localhost:42929
accept: */*

Response DefaultHttpResponse(decodeResult: success, version: HTTP/1.1)
HTTP/1.1 200 OK
Content-Length: 54
Content-Type: application/json; charset=utf-8
cache-control: no-cache

22:59:22.292 [AsyncHttpClient-1-17] DEBUG org.asynchttpclient.netty.channel.ChannelManager - Adding key: http://localhost:42929 for channel [id: 0x7d26116d, L:/127.0.0.1:54318 - R:localhost/127.0.0.1:42929]
22:59:22.300 [Forwarding getPageSource on session 3776c733fd00269221c7720f88ed06ba to remote] DEBUG org.asynchttpclient.netty.request.NettyRequestSender - Using pooled Channel '[id: 0x7d26116d, L:/127.0.0.1:54318 - R:localhost/127.0.0.1:42929]' for 'POST' to 'http://localhost:42929/session/3776c733fd00269221c7720f88ed06ba/execute/sync'
22:59:22.300 [Forwarding getPageSource on session 3776c733fd00269221c7720f88ed06ba to remote] DEBUG org.asynchttpclient.netty.request.NettyRequestSender - Using open Channel [id: 0x7d26116d, L:/127.0.0.1:54318 - R:localhost/127.0.0.1:42929] for POST '/session/3776c733fd00269221c7720f88ed06ba/execute/sync'
22:59:22.306 [AsyncHttpClient-1-17] DEBUG org.asynchttpclient.netty.handler.HttpHandler - 

Request DefaultHttpRequest(decodeResult: success, version: HTTP/1.1)
POST /session/3776c733fd00269221c7720f88ed06ba/execute/sync HTTP/1.1
User-Agent: selenium/4.8.1 (java windows)
Content-Length: 176
Content-Type: application/json; charset=utf-8
host: localhost:42929
accept: */*

Response DefaultHttpResponse(decodeResult: success, version: HTTP/1.1)
HTTP/1.1 200 OK
Content-Length: 23127
Content-Type: application/json; charset=utf-8
cache-control: no-cache

22:59:22.306 [AsyncHttpClient-1-17] DEBUG org.asynchttpclient.netty.channel.ChannelManager - Adding key: http://localhost:42929 for channel [id: 0x7d26116d, L:/127.0.0.1:54318 - R:localhost/127.0.0.1:42929]
22:59:22.309 [Forwarding getCurrentUrl on session 3776c733fd00269221c7720f88ed06ba to remote] DEBUG org.asynchttpclient.netty.request.NettyRequestSender - Using pooled Channel '[id: 0x7d26116d, L:/127.0.0.1:54318 - R:localhost/127.0.0.1:42929]' for 'GET' to 'http://localhost:42929/session/3776c733fd00269221c7720f88ed06ba/url'
22:59:22.309 [Forwarding getCurrentUrl on session 3776c733fd00269221c7720f88ed06ba to remote] DEBUG org.asynchttpclient.netty.request.NettyRequestSender - Using open Channel [id: 0x7d26116d, L:/127.0.0.1:54318 - R:localhost/127.0.0.1:42929] for GET '/session/3776c733fd00269221c7720f88ed06ba/url'
22:59:22.314 [AsyncHttpClient-1-17] DEBUG org.asynchttpclient.netty.handler.HttpHandler - 

Request DefaultFullHttpRequest(decodeResult: success, version: HTTP/1.1, content: EmptyByteBufBE)
GET /session/3776c733fd00269221c7720f88ed06ba/url HTTP/1.1
User-Agent: selenium/4.8.1 (java windows)
Cache-Control: no-cache
Content-Type: application/json; charset=utf-8
host: localhost:42929
accept: */*

Response DefaultHttpResponse(decodeResult: success, version: HTTP/1.1)
HTTP/1.1 200 OK
Content-Length: 54
Content-Type: application/json; charset=utf-8
cache-control: no-cache

22:59:22.314 [AsyncHttpClient-1-17] DEBUG org.asynchttpclient.netty.channel.ChannelManager - Adding key: http://localhost:42929 for channel [id: 0x7d26116d, L:/127.0.0.1:54318 - R:localhost/127.0.0.1:42929]
22:59:22.317 [main] DEBUG net.thucydides.core.steps.StepInterceptor - STARTING STEP: RegisterSteps.seeErrorMassage - validateErrorMessage
22:59:22.318 [Forwarding findElement on session 3776c733fd00269221c7720f88ed06ba to remote] DEBUG org.asynchttpclient.netty.request.NettyRequestSender - Using pooled Channel '[id: 0x7d26116d, L:/127.0.0.1:54318 - R:localhost/127.0.0.1:42929]' for 'POST' to 'http://localhost:42929/session/3776c733fd00269221c7720f88ed06ba/element'
22:59:22.318 [Forwarding findElement on session 3776c733fd00269221c7720f88ed06ba to remote] DEBUG org.asynchttpclient.netty.request.NettyRequestSender - Using open Channel [id: 0x7d26116d, L:/127.0.0.1:54318 - R:localhost/127.0.0.1:42929] for POST '/session/3776c733fd00269221c7720f88ed06ba/element'
22:59:22.333 [AsyncHttpClient-1-17] DEBUG org.asynchttpclient.netty.handler.HttpHandler - 

Request DefaultHttpRequest(decodeResult: success, version: HTTP/1.1)
POST /session/3776c733fd00269221c7720f88ed06ba/element HTTP/1.1
User-Agent: selenium/4.8.1 (java windows)
Content-Length: 80
Content-Type: application/json; charset=utf-8
host: localhost:42929
accept: */*

Response DefaultHttpResponse(decodeResult: success, version: HTTP/1.1)
HTTP/1.1 200 OK
Content-Length: 95
Content-Type: application/json; charset=utf-8
cache-control: no-cache

22:59:22.333 [AsyncHttpClient-1-17] DEBUG org.asynchttpclient.netty.channel.ChannelManager - Adding key: http://localhost:42929 for channel [id: 0x7d26116d, L:/127.0.0.1:54318 - R:localhost/127.0.0.1:42929]
22:59:22.335 [Forwarding isElementDisplayed on session 3776c733fd00269221c7720f88ed06ba to remote] DEBUG org.asynchttpclient.netty.request.NettyRequestSender - Using pooled Channel '[id: 0x7d26116d, L:/127.0.0.1:54318 - R:localhost/127.0.0.1:42929]' for 'POST' to 'http://localhost:42929/session/3776c733fd00269221c7720f88ed06ba/execute/sync'
22:59:22.335 [Forwarding isElementDisplayed on session 3776c733fd00269221c7720f88ed06ba to remote] DEBUG org.asynchttpclient.netty.request.NettyRequestSender - Using open Channel [id: 0x7d26116d, L:/127.0.0.1:54318 - R:localhost/127.0.0.1:42929] for POST '/session/3776c733fd00269221c7720f88ed06ba/execute/sync'
22:59:22.355 [AsyncHttpClient-1-17] DEBUG org.asynchttpclient.netty.handler.HttpHandler - 

Request DefaultHttpRequest(decodeResult: success, version: HTTP/1.1)
POST /session/3776c733fd00269221c7720f88ed06ba/execute/sync HTTP/1.1
User-Agent: selenium/4.8.1 (java windows)
Content-Length: 48814
Content-Type: application/json; charset=utf-8
host: localhost:42929
accept: */*

Response DefaultHttpResponse(decodeResult: success, version: HTTP/1.1)
HTTP/1.1 200 OK
Content-Length: 14
Content-Type: application/json; charset=utf-8
cache-control: no-cache

22:59:22.355 [AsyncHttpClient-1-17] DEBUG org.asynchttpclient.netty.channel.ChannelManager - Adding key: http://localhost:42929 for channel [id: 0x7d26116d, L:/127.0.0.1:54318 - R:localhost/127.0.0.1:42929]
22:59:22.359 [Forwarding getAlertText on session 3776c733fd00269221c7720f88ed06ba to remote] DEBUG org.asynchttpclient.netty.request.NettyRequestSender - Using pooled Channel '[id: 0x7d26116d, L:/127.0.0.1:54318 - R:localhost/127.0.0.1:42929]' for 'GET' to 'http://localhost:42929/session/3776c733fd00269221c7720f88ed06ba/alert/text'
22:59:22.359 [Forwarding getAlertText on session 3776c733fd00269221c7720f88ed06ba to remote] DEBUG org.asynchttpclient.netty.request.NettyRequestSender - Using open Channel [id: 0x7d26116d, L:/127.0.0.1:54318 - R:localhost/127.0.0.1:42929] for GET '/session/3776c733fd00269221c7720f88ed06ba/alert/text'
22:59:22.361 [AsyncHttpClient-1-17] DEBUG org.asynchttpclient.netty.handler.HttpHandler - 

Request DefaultFullHttpRequest(decodeResult: success, version: HTTP/1.1, content: EmptyByteBufBE)
GET /session/3776c733fd00269221c7720f88ed06ba/alert/text HTTP/1.1
User-Agent: selenium/4.8.1 (java windows)
Cache-Control: no-cache
Content-Type: application/json; charset=utf-8
host: localhost:42929
accept: */*

Response DefaultHttpResponse(decodeResult: success, version: HTTP/1.1)
HTTP/1.1 404 Not Found
Content-Length: 820
Content-Type: application/json; charset=utf-8
cache-control: no-cache

22:59:22.361 [AsyncHttpClient-1-17] DEBUG org.asynchttpclient.netty.channel.ChannelManager - Adding key: http://localhost:42929 for channel [id: 0x7d26116d, L:/127.0.0.1:54318 - R:localhost/127.0.0.1:42929]
22:59:22.362 [Forwarding getCurrentUrl on session 3776c733fd00269221c7720f88ed06ba to remote] DEBUG org.asynchttpclient.netty.request.NettyRequestSender - Using pooled Channel '[id: 0x7d26116d, L:/127.0.0.1:54318 - R:localhost/127.0.0.1:42929]' for 'GET' to 'http://localhost:42929/session/3776c733fd00269221c7720f88ed06ba/url'
22:59:22.362 [Forwarding getCurrentUrl on session 3776c733fd00269221c7720f88ed06ba to remote] DEBUG org.asynchttpclient.netty.request.NettyRequestSender - Using open Channel [id: 0x7d26116d, L:/127.0.0.1:54318 - R:localhost/127.0.0.1:42929] for GET '/session/3776c733fd00269221c7720f88ed06ba/url'
22:59:22.371 [AsyncHttpClient-1-17] DEBUG org.asynchttpclient.netty.handler.HttpHandler - 

Request DefaultFullHttpRequest(decodeResult: success, version: HTTP/1.1, content: EmptyByteBufBE)
GET /session/3776c733fd00269221c7720f88ed06ba/url HTTP/1.1
User-Agent: selenium/4.8.1 (java windows)
Cache-Control: no-cache
Content-Type: application/json; charset=utf-8
host: localhost:42929
accept: */*

Response DefaultHttpResponse(decodeResult: success, version: HTTP/1.1)
HTTP/1.1 200 OK
Content-Length: 54
Content-Type: application/json; charset=utf-8
cache-control: no-cache

22:59:22.371 [AsyncHttpClient-1-17] DEBUG org.asynchttpclient.netty.channel.ChannelManager - Adding key: http://localhost:42929 for channel [id: 0x7d26116d, L:/127.0.0.1:54318 - R:localhost/127.0.0.1:42929]
22:59:22.372 [Forwarding screenshot on session 3776c733fd00269221c7720f88ed06ba to remote] DEBUG org.asynchttpclient.netty.request.NettyRequestSender - Using pooled Channel '[id: 0x7d26116d, L:/127.0.0.1:54318 - R:localhost/127.0.0.1:42929]' for 'GET' to 'http://localhost:42929/session/3776c733fd00269221c7720f88ed06ba/screenshot'
22:59:22.372 [Forwarding screenshot on session 3776c733fd00269221c7720f88ed06ba to remote] DEBUG org.asynchttpclient.netty.request.NettyRequestSender - Using open Channel [id: 0x7d26116d, L:/127.0.0.1:54318 - R:localhost/127.0.0.1:42929] for GET '/session/3776c733fd00269221c7720f88ed06ba/screenshot'
22:59:22.629 [AsyncHttpClient-1-17] DEBUG org.asynchttpclient.netty.handler.HttpHandler - 

Request DefaultFullHttpRequest(decodeResult: success, version: HTTP/1.1, content: EmptyByteBufBE)
GET /session/3776c733fd00269221c7720f88ed06ba/screenshot HTTP/1.1
User-Agent: selenium/4.8.1 (java windows)
Cache-Control: no-cache
Content-Type: application/json; charset=utf-8
host: localhost:42929
accept: */*

Response DefaultHttpResponse(decodeResult: success, version: HTTP/1.1)
HTTP/1.1 200 OK
Content-Length: 48440
Content-Type: application/json; charset=utf-8
cache-control: no-cache

22:59:22.629 [AsyncHttpClient-1-17] DEBUG org.asynchttpclient.netty.channel.ChannelManager - Adding key: http://localhost:42929 for channel [id: 0x7d26116d, L:/127.0.0.1:54318 - R:localhost/127.0.0.1:42929]
22:59:22.634 [main] DEBUG net.serenitybdd.core.photography.Darkroom - Send negative for processing for target\site\serenity\cf9ac0b55774141a07f479bbf725b726221496ba2a7afc814b2039db53584370.png
22:59:22.635 [main] DEBUG net.thucydides.core.steps.StepInterceptor - STEP DONE: validateErrorMessage
  &amp#27;[32mThen &amp#27;[0m&amp#27;[32mI see the error message&amp#27;[0m                    &amp#27;[90m# starter.stepdefinitions.RegisterSteps.seeErrorMassage()&amp#27;[0m
22:59:22.635 [Darkroom Processing Line] DEBUG net.serenitybdd.core.photography.DarkroomProcessingLine - Processing screenshot image in /var/screenshots/screenshot-5211054708293896863
22:59:22.635 [Darkroom Processing Line] DEBUG net.serenitybdd.core.photography.DarkroomProcessingLine - Saving screenshot to target\site\serenity\cf9ac0b55774141a07f479bbf725b726221496ba2a7afc814b2039db53584370.png
22:59:22.645 [main] INFO  - 
  _____   ___   ___   _____     ___     _     ___   ___   ___   ___  
 |_   _| | __| / __| |_   _|   | _ \   /_\   / __| / __| | __| |   \ 
   | |   | _|  \__ \   | |     |  _/  / _ \  \__ \ \__ \ | _|  | |) |
   |_|   |___| |___/   |_|     |_|   /_/ \_\ |___/ |___/ |___| |___/ 

Failed register with not fill full name
----------------------------------------------------------------------
22:59:22.647 [AsyncHttpClient-1-19] DEBUG org.asynchttpclient.netty.handler.WebSocketHandler - Channel Closed: [id: 0x9b93136a, L:/127.0.0.1:54327 ! R:localhost/127.0.0.1:54320] with attribute NettyResponseFuture{currentRetry=0,
	isDone=1,
	isCancelled=0,
	asyncHandler=org.asynchttpclient.ws.WebSocketUpgradeHandler@7c215783,
	nettyRequest=org.asynchttpclient.netty.request.NettyRequest@3923c663,
	future=java.util.concurrent.CompletableFuture@6a24b10[Completed normally],
	uri=ws://localhost:54320/devtools/browser/bf485d2c-f2f3-4ae3-bec1-a399c5597465,
	keepAlive=true,
	redirectCount=0,
	timeoutsHolder=null,
	inAuth=0,
	touch=1683561557186}
22:59:22.647 [AsyncHttpClient-1-19] DEBUG org.asynchttpclient.netty.channel.ChannelManager - Closing Channel [id: 0x9b93136a, L:/127.0.0.1:54327 ! R:localhost/127.0.0.1:54320] 
22:59:22.647 [Driver Command Executor] DEBUG org.asynchttpclient.netty.request.NettyRequestSender - Using pooled Channel '[id: 0x7d26116d, L:/127.0.0.1:54318 - R:localhost/127.0.0.1:42929]' for 'DELETE' to 'http://localhost:42929/session/3776c733fd00269221c7720f88ed06ba'
22:59:22.647 [Driver Command Executor] DEBUG org.asynchttpclient.netty.request.NettyRequestSender - Using open Channel [id: 0x7d26116d, L:/127.0.0.1:54318 - R:localhost/127.0.0.1:42929] for DELETE '/session/3776c733fd00269221c7720f88ed06ba'
22:59:22.861 [AsyncHttpClient-1-18] DEBUG org.asynchttpclient.netty.handler.HttpHandler - Unexpected I/O exception on channel [id: 0xb654cc32, L:/127.0.0.1:54326 - R:localhost/127.0.0.1:54320]
java.io.IOException: An existing connection was forcibly closed by the remote host
	at sun.nio.ch.SocketDispatcher.read0(Native Method)
	at sun.nio.ch.SocketDispatcher.read(SocketDispatcher.java:43)
	at sun.nio.ch.IOUtil.readIntoNativeBuffer(IOUtil.java:223)
	at sun.nio.ch.IOUtil.read(IOUtil.java:192)
	at sun.nio.ch.SocketChannelImpl.read(SocketChannelImpl.java:378)
	at io.netty.buffer.PooledByteBuf.setBytes(PooledByteBuf.java:259)
	at io.netty.buffer.AbstractByteBuf.writeBytes(AbstractByteBuf.java:1132)
	at io.netty.channel.socket.nio.NioSocketChannel.doReadBytes(NioSocketChannel.java:357)
	at io.netty.channel.nio.AbstractNioByteChannel$NioByteUnsafe.read(AbstractNioByteChannel.java:151)
	at io.netty.channel.nio.NioEventLoop.processSelectedKey(NioEventLoop.java:788)
	at io.netty.channel.nio.NioEventLoop.processSelectedKeysOptimized(NioEventLoop.java:724)
	at io.netty.channel.nio.NioEventLoop.processSelectedKeys(NioEventLoop.java:650)
	at io.netty.channel.nio.NioEventLoop.run(NioEventLoop.java:562)
	at io.netty.util.concurrent.SingleThreadEventExecutor$4.run(SingleThreadEventExecutor.java:997)
	at io.netty.util.internal.ThreadExecutorMap$2.run(ThreadExecutorMap.java:74)
	at io.netty.util.concurrent.FastThreadLocalRunnable.run(FastThreadLocalRunnable.java:30)
	at java.lang.Thread.run(Thread.java:750)
22:59:22.861 [AsyncHttpClient-1-18] DEBUG org.asynchttpclient.netty.channel.ChannelManager - Closing Channel [id: 0xb654cc32, L:/127.0.0.1:54326 - R:localhost/127.0.0.1:54320] 
22:59:22.862 [AsyncHttpClient-1-18] DEBUG org.asynchttpclient.netty.handler.HttpHandler - Channel Closed: [id: 0xb654cc32, L:/127.0.0.1:54326 ! R:localhost/127.0.0.1:54320] with attribute DISCARD
22:59:22.880 [AsyncHttpClient-1-17] DEBUG org.asynchttpclient.netty.handler.HttpHandler - 

Request DefaultFullHttpRequest(decodeResult: success, version: HTTP/1.1, content: EmptyByteBufBE)
DELETE /session/3776c733fd00269221c7720f88ed06ba HTTP/1.1
User-Agent: selenium/4.8.1 (java windows)
Content-Type: application/json; charset=utf-8
host: localhost:42929
accept: */*

Response DefaultHttpResponse(decodeResult: success, version: HTTP/1.1)
HTTP/1.1 200 OK
Content-Length: 14
Content-Type: application/json; charset=utf-8
cache-control: no-cache

22:59:22.880 [AsyncHttpClient-1-17] DEBUG org.asynchttpclient.netty.channel.ChannelManager - Adding key: http://localhost:42929 for channel [id: 0x7d26116d, L:/127.0.0.1:54318 - R:localhost/127.0.0.1:42929]
22:59:22.940 [AsyncHttpClient-1-17] DEBUG org.asynchttpclient.netty.handler.HttpHandler - Channel Closed: [id: 0x7d26116d, L:/127.0.0.1:54318 ! R:localhost/127.0.0.1:42929] with attribute DISCARD
22:59:22.999 [AsyncHttpClient-1-1] DEBUG org.asynchttpclient.netty.channel.DefaultChannelPool - Entry count for : http://localhost:54320 : 1
22:59:22.999 [AsyncHttpClient-1-1] DEBUG org.asynchttpclient.netty.channel.DefaultChannelPool - Entry count for : http://localhost:42929 : 1
22:59:22.999 [AsyncHttpClient-1-1] DEBUG org.asynchttpclient.netty.channel.DefaultChannelPool - Adding Candidate expired Channel [id: 0xb654cc32, L:/127.0.0.1:54326 ! R:localhost/127.0.0.1:54320] isIdleTimeoutExpired=false isRemotelyClosed=true isTtlExpired=false
22:59:22.999 [AsyncHttpClient-1-1] DEBUG org.asynchttpclient.netty.channel.DefaultChannelPool - Closing Idle Channel [id: 0xb654cc32, L:/127.0.0.1:54326 ! R:localhost/127.0.0.1:54320]
22:59:22.999 [AsyncHttpClient-1-1] DEBUG org.asynchttpclient.netty.channel.DefaultChannelPool - Adding Candidate expired Channel [id: 0x7d26116d, L:/127.0.0.1:54318 ! R:localhost/127.0.0.1:42929] isIdleTimeoutExpired=false isRemotelyClosed=true isTtlExpired=false
22:59:22.999 [AsyncHttpClient-1-1] DEBUG org.asynchttpclient.netty.channel.DefaultChannelPool - Closing Idle Channel [id: 0x7d26116d, L:/127.0.0.1:54318 ! R:localhost/127.0.0.1:42929]
22:59:22.999 [AsyncHttpClient-1-1] DEBUG org.asynchttpclient.netty.channel.DefaultChannelPool - Closed 2 connections out of 2 in 0 ms
]]></system-out>
    <system-err><![CDATA[Starting ChromeDriver 113.0.5672.63 (0e1a4471d5ae5bf128b1bd8f4d627c8cbd55f70c-refs/branch-heads/5672@{#912}) on port 42929
Only local connections are allowed.
Please see https://chromedriver.chromium.org/security-considerations for suggestions on keeping ChromeDriver safe.
ChromeDriver was started successfully.
May 08, 2023 10:59:17 PM org.openqa.selenium.devtools.CdpVersionFinder findNearestMatch
WARNING: Unable to find an exact match for CDP version 113, so returning the closest version found: 110
]]></system-err>
  </testcase>
  <testcase name="Failed register with not fill email" classname="Register" time="7.707">
    <system-out><![CDATA[
@Register(-)
Scenario: Failed register with not fill email &amp#27;[90m# src/test/resources/features/1.Register.feature:61&amp#27;[0m
22:59:23.496 [main] DEBUG io.cucumber.core.plugin.SerenityReporter - Running feature from file:///D:/1.%20QA%20ALTERRA%20ACADEMY/MobileTesting/MiniProjectWEB/src/test/resources/features/1.Register.feature
22:59:23.499 [main] INFO  - 
  _____   ___   ___   _____     ___   _____     _     ___   _____   ___   ___  
 |_   _| | __| / __| |_   _|   / __| |_   _|   /_\   | _ \ |_   _| | __| |   \ 
   | |   | _|  \__ \   | |     \__ \   | |    / _ \  |   /   | |   | _|  | |) |
   |_|   |___| |___/   |_|     |___/   |_|   /_/ \_\ |_|_\   |_|   |___| |___/ 

Failed register with not fill email(register;failed-register-with-not-fill-email)
--------------------------------------------------------------------------------
22:59:23.748 [main] INFO net.serenitybdd.core.webdriver.driverproviders.ChromeDriverProvider - Starting Chrome driver instance with capabilities:
22:59:23.749 [main] INFO net.serenitybdd.core.webdriver.driverproviders.ChromeDriverProvider - Capabilities {acceptInsecureCerts: false, browserName: chrome, goog:chromeOptions: {args: [remote-allow-origins=*], extensions: []}}
22:59:24.395 [AsyncHttpClient-1-20] DEBUG org.asynchttpclient.netty.channel.NettyConnectListener - Using new Channel '[id: 0x4dc907d8, L:/127.0.0.1:54342 - R:localhost/127.0.0.1:44607]' for 'POST' to '/session'
22:59:25.062 [AsyncHttpClient-1-20] DEBUG org.asynchttpclient.netty.handler.HttpHandler - 

Request DefaultHttpRequest(decodeResult: success, version: HTTP/1.1)
POST /session HTTP/1.1
User-Agent: selenium/4.8.1 (java windows)
Content-Length: 507
Content-Type: application/json; charset=utf-8
host: localhost:44607
accept: */*

Response DefaultHttpResponse(decodeResult: success, version: HTTP/1.1)
HTTP/1.1 200 OK
Content-Length: 862
Content-Type: application/json; charset=utf-8
cache-control: no-cache

22:59:25.062 [AsyncHttpClient-1-20] DEBUG org.asynchttpclient.netty.channel.ChannelManager - Adding key: http://localhost:44607 for channel [id: 0x4dc907d8, L:/127.0.0.1:54342 - R:localhost/127.0.0.1:44607]
22:59:25.070 [AsyncHttpClient-1-21] DEBUG org.asynchttpclient.netty.channel.NettyConnectListener - Using new Channel '[id: 0x8a62e9ab, L:/127.0.0.1:54349 - R:localhost/127.0.0.1:54343]' for 'GET' to '/json/version'
22:59:25.072 [AsyncHttpClient-1-21] DEBUG org.asynchttpclient.netty.handler.HttpHandler - 

Request DefaultFullHttpRequest(decodeResult: success, version: HTTP/1.1, content: EmptyByteBufBE)
GET /json/version HTTP/1.1
User-Agent: selenium/4.8.1 (java windows)
host: localhost:54343
accept: */*

Response DefaultHttpResponse(decodeResult: success, version: HTTP/1.1)
HTTP/1.1 200 OK
Content-Security-Policy: frame-ancestors 'none'
Content-Length: 422
Content-Type: application/json; charset=UTF-8

22:59:25.072 [AsyncHttpClient-1-21] DEBUG org.asynchttpclient.netty.channel.ChannelManager - Adding key: http://localhost:54343 for channel [id: 0x8a62e9ab, L:/127.0.0.1:54349 - R:localhost/127.0.0.1:54343]
22:59:25.075 [AsyncHttpClient-1-22] DEBUG org.asynchttpclient.netty.channel.NettyConnectListener - Using new Channel '[id: 0x5d31aac2, L:/127.0.0.1:54350 - R:localhost/127.0.0.1:54343]' for 'GET' to '/devtools/browser/40edcf32-408b-4b29-9bc3-054ec3083a65'
22:59:25.076 [AsyncHttpClient-1-22] DEBUG org.asynchttpclient.netty.handler.WebSocketHandler - 

Request DefaultFullHttpRequest(decodeResult: success, version: HTTP/1.1, content: EmptyByteBufBE)
GET /devtools/browser/40edcf32-408b-4b29-9bc3-054ec3083a65 HTTP/1.1
upgrade: websocket
connection: upgrade
sec-websocket-key: hP5iWn+CpUI7zqcpCLi7Yw==
sec-websocket-version: 13
origin: http://localhost:54343
host: localhost:54343
accept: */*
user-agent: AHC/2.1

Response DefaultHttpResponse(decodeResult: success, version: HTTP/1.1)
HTTP/1.1 101 WebSocket Protocol Handshake
Upgrade: WebSocket
Connection: Upgrade
Sec-WebSocket-Accept: 31WGWNJJlMypQvxkRVBsoMo4mtM=

22:59:25.080 [Forwarding get on session ecfa124caf762811a87829e8b4892d1a to remote] DEBUG org.asynchttpclient.netty.request.NettyRequestSender - Using pooled Channel '[id: 0x4dc907d8, L:/127.0.0.1:54342 - R:localhost/127.0.0.1:44607]' for 'POST' to 'http://localhost:44607/session/ecfa124caf762811a87829e8b4892d1a/url'
22:59:25.080 [Forwarding get on session ecfa124caf762811a87829e8b4892d1a to remote] DEBUG org.asynchttpclient.netty.request.NettyRequestSender - Using open Channel [id: 0x4dc907d8, L:/127.0.0.1:54342 - R:localhost/127.0.0.1:44607] for POST '/session/ecfa124caf762811a87829e8b4892d1a/url'
22:59:25.201 [AsyncHttpClient-1-1] DEBUG org.asynchttpclient.netty.channel.DefaultChannelPool - Entry count for : http://localhost:54343 : 1
22:59:26.297 [AsyncHttpClient-1-1] DEBUG org.asynchttpclient.netty.channel.DefaultChannelPool - Entry count for : http://localhost:54343 : 1
22:59:27.362 [AsyncHttpClient-1-20] DEBUG org.asynchttpclient.netty.handler.HttpHandler - 

Request DefaultHttpRequest(decodeResult: success, version: HTTP/1.1)
POST /session/ecfa124caf762811a87829e8b4892d1a/url HTTP/1.1
User-Agent: selenium/4.8.1 (java windows)
Content-Length: 77
Content-Type: application/json; charset=utf-8
host: localhost:44607
accept: */*

Response DefaultHttpResponse(decodeResult: success, version: HTTP/1.1)
HTTP/1.1 200 OK
Content-Length: 14
Content-Type: application/json; charset=utf-8
cache-control: no-cache

22:59:27.363 [AsyncHttpClient-1-20] DEBUG org.asynchttpclient.netty.channel.ChannelManager - Adding key: http://localhost:44607 for channel [id: 0x4dc907d8, L:/127.0.0.1:54342 - R:localhost/127.0.0.1:44607]
22:59:27.366 [Forwarding setTimeout on session ecfa124caf762811a87829e8b4892d1a to remote] DEBUG org.asynchttpclient.netty.request.NettyRequestSender - Using pooled Channel '[id: 0x4dc907d8, L:/127.0.0.1:54342 - R:localhost/127.0.0.1:44607]' for 'POST' to 'http://localhost:44607/session/ecfa124caf762811a87829e8b4892d1a/timeouts'
22:59:27.366 [Forwarding setTimeout on session ecfa124caf762811a87829e8b4892d1a to remote] DEBUG org.asynchttpclient.netty.request.NettyRequestSender - Using open Channel [id: 0x4dc907d8, L:/127.0.0.1:54342 - R:localhost/127.0.0.1:44607] for POST '/session/ecfa124caf762811a87829e8b4892d1a/timeouts'
22:59:27.368 [AsyncHttpClient-1-20] DEBUG org.asynchttpclient.netty.handler.HttpHandler - 

Request DefaultHttpRequest(decodeResult: success, version: HTTP/1.1)
POST /session/ecfa124caf762811a87829e8b4892d1a/timeouts HTTP/1.1
User-Agent: selenium/4.8.1 (java windows)
Content-Length: 22
Content-Type: application/json; charset=utf-8
host: localhost:44607
accept: */*

Response DefaultHttpResponse(decodeResult: success, version: HTTP/1.1)
HTTP/1.1 200 OK
Content-Length: 14
Content-Type: application/json; charset=utf-8
cache-control: no-cache

22:59:27.369 [AsyncHttpClient-1-20] DEBUG org.asynchttpclient.netty.channel.ChannelManager - Adding key: http://localhost:44607 for channel [id: 0x4dc907d8, L:/127.0.0.1:54342 - R:localhost/127.0.0.1:44607]
  &amp#27;[32mGiven &amp#27;[0m&amp#27;[32mI am on the register page&amp#27;[0m             &amp#27;[90m# starter.stepdefinitions.RegisterSteps.onTheRegisterPage()&amp#27;[0m
22:59:27.382 [Forwarding getAlertText on session ecfa124caf762811a87829e8b4892d1a to remote] DEBUG org.asynchttpclient.netty.request.NettyRequestSender - Using pooled Channel '[id: 0x4dc907d8, L:/127.0.0.1:54342 - R:localhost/127.0.0.1:44607]' for 'GET' to 'http://localhost:44607/session/ecfa124caf762811a87829e8b4892d1a/alert/text'
22:59:27.382 [Forwarding getAlertText on session ecfa124caf762811a87829e8b4892d1a to remote] DEBUG org.asynchttpclient.netty.request.NettyRequestSender - Using open Channel [id: 0x4dc907d8, L:/127.0.0.1:54342 - R:localhost/127.0.0.1:44607] for GET '/session/ecfa124caf762811a87829e8b4892d1a/alert/text'
22:59:27.387 [AsyncHttpClient-1-20] DEBUG org.asynchttpclient.netty.handler.HttpHandler - 

Request DefaultFullHttpRequest(decodeResult: success, version: HTTP/1.1, content: EmptyByteBufBE)
GET /session/ecfa124caf762811a87829e8b4892d1a/alert/text HTTP/1.1
User-Agent: selenium/4.8.1 (java windows)
Cache-Control: no-cache
Content-Type: application/json; charset=utf-8
host: localhost:44607
accept: */*

Response DefaultHttpResponse(decodeResult: success, version: HTTP/1.1)
HTTP/1.1 404 Not Found
Content-Length: 820
Content-Type: application/json; charset=utf-8
cache-control: no-cache

22:59:27.387 [AsyncHttpClient-1-20] DEBUG org.asynchttpclient.netty.channel.ChannelManager - Adding key: http://localhost:44607 for channel [id: 0x4dc907d8, L:/127.0.0.1:54342 - R:localhost/127.0.0.1:44607]
22:59:27.389 [Forwarding getCurrentUrl on session ecfa124caf762811a87829e8b4892d1a to remote] DEBUG org.asynchttpclient.netty.request.NettyRequestSender - Using pooled Channel '[id: 0x4dc907d8, L:/127.0.0.1:54342 - R:localhost/127.0.0.1:44607]' for 'GET' to 'http://localhost:44607/session/ecfa124caf762811a87829e8b4892d1a/url'
22:59:27.389 [Forwarding getCurrentUrl on session ecfa124caf762811a87829e8b4892d1a to remote] DEBUG org.asynchttpclient.netty.request.NettyRequestSender - Using open Channel [id: 0x4dc907d8, L:/127.0.0.1:54342 - R:localhost/127.0.0.1:44607] for GET '/session/ecfa124caf762811a87829e8b4892d1a/url'
22:59:27.397 [AsyncHttpClient-1-1] DEBUG org.asynchttpclient.netty.channel.DefaultChannelPool - Entry count for : http://localhost:54343 : 1
22:59:27.406 [AsyncHttpClient-1-20] DEBUG org.asynchttpclient.netty.handler.HttpHandler - 

Request DefaultFullHttpRequest(decodeResult: success, version: HTTP/1.1, content: EmptyByteBufBE)
GET /session/ecfa124caf762811a87829e8b4892d1a/url HTTP/1.1
User-Agent: selenium/4.8.1 (java windows)
Cache-Control: no-cache
Content-Type: application/json; charset=utf-8
host: localhost:44607
accept: */*

Response DefaultHttpResponse(decodeResult: success, version: HTTP/1.1)
HTTP/1.1 200 OK
Content-Length: 54
Content-Type: application/json; charset=utf-8
cache-control: no-cache

22:59:27.406 [AsyncHttpClient-1-20] DEBUG org.asynchttpclient.netty.channel.ChannelManager - Adding key: http://localhost:44607 for channel [id: 0x4dc907d8, L:/127.0.0.1:54342 - R:localhost/127.0.0.1:44607]
22:59:27.407 [Forwarding screenshot on session ecfa124caf762811a87829e8b4892d1a to remote] DEBUG org.asynchttpclient.netty.request.NettyRequestSender - Using pooled Channel '[id: 0x4dc907d8, L:/127.0.0.1:54342 - R:localhost/127.0.0.1:44607]' for 'GET' to 'http://localhost:44607/session/ecfa124caf762811a87829e8b4892d1a/screenshot'
22:59:27.407 [Forwarding screenshot on session ecfa124caf762811a87829e8b4892d1a to remote] DEBUG org.asynchttpclient.netty.request.NettyRequestSender - Using open Channel [id: 0x4dc907d8, L:/127.0.0.1:54342 - R:localhost/127.0.0.1:44607] for GET '/session/ecfa124caf762811a87829e8b4892d1a/screenshot'
22:59:27.583 [AsyncHttpClient-1-20] DEBUG org.asynchttpclient.netty.handler.HttpHandler - 

Request DefaultFullHttpRequest(decodeResult: success, version: HTTP/1.1, content: EmptyByteBufBE)
GET /session/ecfa124caf762811a87829e8b4892d1a/screenshot HTTP/1.1
User-Agent: selenium/4.8.1 (java windows)
Cache-Control: no-cache
Content-Type: application/json; charset=utf-8
host: localhost:44607
accept: */*

Response DefaultHttpResponse(decodeResult: success, version: HTTP/1.1)
HTTP/1.1 200 OK
Content-Length: 37444
Content-Type: application/json; charset=utf-8
cache-control: no-cache

22:59:27.583 [AsyncHttpClient-1-20] DEBUG org.asynchttpclient.netty.channel.ChannelManager - Adding key: http://localhost:44607 for channel [id: 0x4dc907d8, L:/127.0.0.1:54342 - R:localhost/127.0.0.1:44607]
22:59:27.585 [main] DEBUG net.serenitybdd.core.photography.Darkroom - Send negative for processing for target\site\serenity\bda57162176918dbc601e790e561e44d98a21e455d3cfdc3a3a0d433ec37e6f1.png
22:59:27.590 [Forwarding getPageSource on session ecfa124caf762811a87829e8b4892d1a to remote] DEBUG org.asynchttpclient.netty.request.NettyRequestSender - Using pooled Channel '[id: 0x4dc907d8, L:/127.0.0.1:54342 - R:localhost/127.0.0.1:44607]' for 'POST' to 'http://localhost:44607/session/ecfa124caf762811a87829e8b4892d1a/execute/sync'
22:59:27.590 [Forwarding getPageSource on session ecfa124caf762811a87829e8b4892d1a to remote] DEBUG org.asynchttpclient.netty.request.NettyRequestSender - Using open Channel [id: 0x4dc907d8, L:/127.0.0.1:54342 - R:localhost/127.0.0.1:44607] for POST '/session/ecfa124caf762811a87829e8b4892d1a/execute/sync'
22:59:27.601 [AsyncHttpClient-1-20] DEBUG org.asynchttpclient.netty.handler.HttpHandler - 

Request DefaultHttpRequest(decodeResult: success, version: HTTP/1.1)
POST /session/ecfa124caf762811a87829e8b4892d1a/execute/sync HTTP/1.1
User-Agent: selenium/4.8.1 (java windows)
Content-Length: 176
Content-Type: application/json; charset=utf-8
host: localhost:44607
accept: */*

Response DefaultHttpResponse(decodeResult: success, version: HTTP/1.1)
HTTP/1.1 200 OK
Content-Length: 22234
Content-Type: application/json; charset=utf-8
cache-control: no-cache

22:59:27.601 [AsyncHttpClient-1-20] DEBUG org.asynchttpclient.netty.channel.ChannelManager - Adding key: http://localhost:44607 for channel [id: 0x4dc907d8, L:/127.0.0.1:54342 - R:localhost/127.0.0.1:44607]
22:59:27.603 [Forwarding getCurrentUrl on session ecfa124caf762811a87829e8b4892d1a to remote] DEBUG org.asynchttpclient.netty.request.NettyRequestSender - Using pooled Channel '[id: 0x4dc907d8, L:/127.0.0.1:54342 - R:localhost/127.0.0.1:44607]' for 'GET' to 'http://localhost:44607/session/ecfa124caf762811a87829e8b4892d1a/url'
22:59:27.603 [Forwarding getCurrentUrl on session ecfa124caf762811a87829e8b4892d1a to remote] DEBUG org.asynchttpclient.netty.request.NettyRequestSender - Using open Channel [id: 0x4dc907d8, L:/127.0.0.1:54342 - R:localhost/127.0.0.1:44607] for GET '/session/ecfa124caf762811a87829e8b4892d1a/url'
22:59:27.609 [AsyncHttpClient-1-20] DEBUG org.asynchttpclient.netty.handler.HttpHandler - 

Request DefaultFullHttpRequest(decodeResult: success, version: HTTP/1.1, content: EmptyByteBufBE)
GET /session/ecfa124caf762811a87829e8b4892d1a/url HTTP/1.1
User-Agent: selenium/4.8.1 (java windows)
Cache-Control: no-cache
Content-Type: application/json; charset=utf-8
host: localhost:44607
accept: */*

Response DefaultHttpResponse(decodeResult: success, version: HTTP/1.1)
HTTP/1.1 200 OK
Content-Length: 54
Content-Type: application/json; charset=utf-8
cache-control: no-cache

22:59:27.609 [AsyncHttpClient-1-20] DEBUG org.asynchttpclient.netty.channel.ChannelManager - Adding key: http://localhost:44607 for channel [id: 0x4dc907d8, L:/127.0.0.1:54342 - R:localhost/127.0.0.1:44607]
22:59:27.616 [Forwarding getPageSource on session ecfa124caf762811a87829e8b4892d1a to remote] DEBUG org.asynchttpclient.netty.request.NettyRequestSender - Using pooled Channel '[id: 0x4dc907d8, L:/127.0.0.1:54342 - R:localhost/127.0.0.1:44607]' for 'POST' to 'http://localhost:44607/session/ecfa124caf762811a87829e8b4892d1a/execute/sync'
22:59:27.616 [Forwarding getPageSource on session ecfa124caf762811a87829e8b4892d1a to remote] DEBUG org.asynchttpclient.netty.request.NettyRequestSender - Using open Channel [id: 0x4dc907d8, L:/127.0.0.1:54342 - R:localhost/127.0.0.1:44607] for POST '/session/ecfa124caf762811a87829e8b4892d1a/execute/sync'
22:59:27.624 [AsyncHttpClient-1-20] DEBUG org.asynchttpclient.netty.handler.HttpHandler - 

Request DefaultHttpRequest(decodeResult: success, version: HTTP/1.1)
POST /session/ecfa124caf762811a87829e8b4892d1a/execute/sync HTTP/1.1
User-Agent: selenium/4.8.1 (java windows)
Content-Length: 176
Content-Type: application/json; charset=utf-8
host: localhost:44607
accept: */*

Response DefaultHttpResponse(decodeResult: success, version: HTTP/1.1)
HTTP/1.1 200 OK
Content-Length: 22234
Content-Type: application/json; charset=utf-8
cache-control: no-cache

22:59:27.624 [AsyncHttpClient-1-20] DEBUG org.asynchttpclient.netty.channel.ChannelManager - Adding key: http://localhost:44607 for channel [id: 0x4dc907d8, L:/127.0.0.1:54342 - R:localhost/127.0.0.1:44607]
22:59:27.627 [Forwarding getCurrentUrl on session ecfa124caf762811a87829e8b4892d1a to remote] DEBUG org.asynchttpclient.netty.request.NettyRequestSender - Using pooled Channel '[id: 0x4dc907d8, L:/127.0.0.1:54342 - R:localhost/127.0.0.1:44607]' for 'GET' to 'http://localhost:44607/session/ecfa124caf762811a87829e8b4892d1a/url'
22:59:27.627 [Forwarding getCurrentUrl on session ecfa124caf762811a87829e8b4892d1a to remote] DEBUG org.asynchttpclient.netty.request.NettyRequestSender - Using open Channel [id: 0x4dc907d8, L:/127.0.0.1:54342 - R:localhost/127.0.0.1:44607] for GET '/session/ecfa124caf762811a87829e8b4892d1a/url'
22:59:27.633 [AsyncHttpClient-1-20] DEBUG org.asynchttpclient.netty.handler.HttpHandler - 

Request DefaultFullHttpRequest(decodeResult: success, version: HTTP/1.1, content: EmptyByteBufBE)
GET /session/ecfa124caf762811a87829e8b4892d1a/url HTTP/1.1
User-Agent: selenium/4.8.1 (java windows)
Cache-Control: no-cache
Content-Type: application/json; charset=utf-8
host: localhost:44607
accept: */*

Response DefaultHttpResponse(decodeResult: success, version: HTTP/1.1)
HTTP/1.1 200 OK
Content-Length: 54
Content-Type: application/json; charset=utf-8
cache-control: no-cache

22:59:27.633 [AsyncHttpClient-1-20] DEBUG org.asynchttpclient.netty.channel.ChannelManager - Adding key: http://localhost:44607 for channel [id: 0x4dc907d8, L:/127.0.0.1:54342 - R:localhost/127.0.0.1:44607]
22:59:27.634 [main] DEBUG net.thucydides.core.steps.StepInterceptor - STARTING STEP: RegisterSteps.enterFullName - inputFullName
22:59:27.637 [Forwarding findElement on session ecfa124caf762811a87829e8b4892d1a to remote] DEBUG org.asynchttpclient.netty.request.NettyRequestSender - Using pooled Channel '[id: 0x4dc907d8, L:/127.0.0.1:54342 - R:localhost/127.0.0.1:44607]' for 'POST' to 'http://localhost:44607/session/ecfa124caf762811a87829e8b4892d1a/element'
22:59:27.637 [Forwarding findElement on session ecfa124caf762811a87829e8b4892d1a to remote] DEBUG org.asynchttpclient.netty.request.NettyRequestSender - Using open Channel [id: 0x4dc907d8, L:/127.0.0.1:54342 - R:localhost/127.0.0.1:44607] for POST '/session/ecfa124caf762811a87829e8b4892d1a/element'
22:59:27.650 [AsyncHttpClient-1-20] DEBUG org.asynchttpclient.netty.handler.HttpHandler - 

Request DefaultHttpRequest(decodeResult: success, version: HTTP/1.1)
POST /session/ecfa124caf762811a87829e8b4892d1a/element HTTP/1.1
User-Agent: selenium/4.8.1 (java windows)
Content-Length: 55
Content-Type: application/json; charset=utf-8
host: localhost:44607
accept: */*

Response DefaultHttpResponse(decodeResult: success, version: HTTP/1.1)
HTTP/1.1 200 OK
Content-Length: 94
Content-Type: application/json; charset=utf-8
cache-control: no-cache

22:59:27.650 [AsyncHttpClient-1-20] DEBUG org.asynchttpclient.netty.channel.ChannelManager - Adding key: http://localhost:44607 for channel [id: 0x4dc907d8, L:/127.0.0.1:54342 - R:localhost/127.0.0.1:44607]
22:59:27.651 [Forwarding clearElement on session ecfa124caf762811a87829e8b4892d1a to remote] DEBUG org.asynchttpclient.netty.request.NettyRequestSender - Using pooled Channel '[id: 0x4dc907d8, L:/127.0.0.1:54342 - R:localhost/127.0.0.1:44607]' for 'POST' to 'http://localhost:44607/session/ecfa124caf762811a87829e8b4892d1a/element/E83FE898022D26FE12190FC4ECE36575_element_7/clear'
22:59:27.651 [Forwarding clearElement on session ecfa124caf762811a87829e8b4892d1a to remote] DEBUG org.asynchttpclient.netty.request.NettyRequestSender - Using open Channel [id: 0x4dc907d8, L:/127.0.0.1:54342 - R:localhost/127.0.0.1:44607] for POST '/session/ecfa124caf762811a87829e8b4892d1a/element/E83FE898022D26FE12190FC4ECE36575_element_7/clear'
22:59:27.701 [AsyncHttpClient-1-20] DEBUG org.asynchttpclient.netty.handler.HttpHandler - 

Request DefaultHttpRequest(decodeResult: success, version: HTTP/1.1)
POST /session/ecfa124caf762811a87829e8b4892d1a/element/E83FE898022D26FE12190FC4ECE36575_element_7/clear HTTP/1.1
User-Agent: selenium/4.8.1 (java windows)
Content-Length: 56
Content-Type: application/json; charset=utf-8
host: localhost:44607
accept: */*

Response DefaultHttpResponse(decodeResult: success, version: HTTP/1.1)
HTTP/1.1 200 OK
Content-Length: 14
Content-Type: application/json; charset=utf-8
cache-control: no-cache

22:59:27.701 [AsyncHttpClient-1-20] DEBUG org.asynchttpclient.netty.channel.ChannelManager - Adding key: http://localhost:44607 for channel [id: 0x4dc907d8, L:/127.0.0.1:54342 - R:localhost/127.0.0.1:44607]
22:59:27.702 [Forwarding sendKeysToElement on session ecfa124caf762811a87829e8b4892d1a to remote] DEBUG org.asynchttpclient.netty.request.NettyRequestSender - Using pooled Channel '[id: 0x4dc907d8, L:/127.0.0.1:54342 - R:localhost/127.0.0.1:44607]' for 'POST' to 'http://localhost:44607/session/ecfa124caf762811a87829e8b4892d1a/element/E83FE898022D26FE12190FC4ECE36575_element_7/value'
22:59:27.702 [Forwarding sendKeysToElement on session ecfa124caf762811a87829e8b4892d1a to remote] DEBUG org.asynchttpclient.netty.request.NettyRequestSender - Using open Channel [id: 0x4dc907d8, L:/127.0.0.1:54342 - R:localhost/127.0.0.1:44607] for POST '/session/ecfa124caf762811a87829e8b4892d1a/element/E83FE898022D26FE12190FC4ECE36575_element_7/value'
22:59:27.944 [AsyncHttpClient-1-20] DEBUG org.asynchttpclient.netty.handler.HttpHandler - 

Request DefaultHttpRequest(decodeResult: success, version: HTTP/1.1)
POST /session/ecfa124caf762811a87829e8b4892d1a/element/E83FE898022D26FE12190FC4ECE36575_element_7/value HTTP/1.1
User-Agent: selenium/4.8.1 (java windows)
Content-Length: 197
Content-Type: application/json; charset=utf-8
host: localhost:44607
accept: */*

Response DefaultHttpResponse(decodeResult: success, version: HTTP/1.1)
HTTP/1.1 200 OK
Content-Length: 14
Content-Type: application/json; charset=utf-8
cache-control: no-cache

22:59:27.944 [AsyncHttpClient-1-20] DEBUG org.asynchttpclient.netty.channel.ChannelManager - Adding key: http://localhost:44607 for channel [id: 0x4dc907d8, L:/127.0.0.1:54342 - R:localhost/127.0.0.1:44607]
22:59:27.960 [Forwarding getAlertText on session ecfa124caf762811a87829e8b4892d1a to remote] DEBUG org.asynchttpclient.netty.request.NettyRequestSender - Using pooled Channel '[id: 0x4dc907d8, L:/127.0.0.1:54342 - R:localhost/127.0.0.1:44607]' for 'GET' to 'http://localhost:44607/session/ecfa124caf762811a87829e8b4892d1a/alert/text'
22:59:27.960 [Forwarding getAlertText on session ecfa124caf762811a87829e8b4892d1a to remote] DEBUG org.asynchttpclient.netty.request.NettyRequestSender - Using open Channel [id: 0x4dc907d8, L:/127.0.0.1:54342 - R:localhost/127.0.0.1:44607] for GET '/session/ecfa124caf762811a87829e8b4892d1a/alert/text'
22:59:27.964 [AsyncHttpClient-1-20] DEBUG org.asynchttpclient.netty.handler.HttpHandler - 

Request DefaultFullHttpRequest(decodeResult: success, version: HTTP/1.1, content: EmptyByteBufBE)
GET /session/ecfa124caf762811a87829e8b4892d1a/alert/text HTTP/1.1
User-Agent: selenium/4.8.1 (java windows)
Cache-Control: no-cache
Content-Type: application/json; charset=utf-8
host: localhost:44607
accept: */*

Response DefaultHttpResponse(decodeResult: success, version: HTTP/1.1)
HTTP/1.1 404 Not Found
Content-Length: 820
Content-Type: application/json; charset=utf-8
cache-control: no-cache

22:59:27.964 [AsyncHttpClient-1-20] DEBUG org.asynchttpclient.netty.channel.ChannelManager - Adding key: http://localhost:44607 for channel [id: 0x4dc907d8, L:/127.0.0.1:54342 - R:localhost/127.0.0.1:44607]
22:59:27.966 [Forwarding getCurrentUrl on session ecfa124caf762811a87829e8b4892d1a to remote] DEBUG org.asynchttpclient.netty.request.NettyRequestSender - Using pooled Channel '[id: 0x4dc907d8, L:/127.0.0.1:54342 - R:localhost/127.0.0.1:44607]' for 'GET' to 'http://localhost:44607/session/ecfa124caf762811a87829e8b4892d1a/url'
22:59:27.966 [Forwarding getCurrentUrl on session ecfa124caf762811a87829e8b4892d1a to remote] DEBUG org.asynchttpclient.netty.request.NettyRequestSender - Using open Channel [id: 0x4dc907d8, L:/127.0.0.1:54342 - R:localhost/127.0.0.1:44607] for GET '/session/ecfa124caf762811a87829e8b4892d1a/url'
22:59:27.983 [AsyncHttpClient-1-20] DEBUG org.asynchttpclient.netty.handler.HttpHandler - 

Request DefaultFullHttpRequest(decodeResult: success, version: HTTP/1.1, content: EmptyByteBufBE)
GET /session/ecfa124caf762811a87829e8b4892d1a/url HTTP/1.1
User-Agent: selenium/4.8.1 (java windows)
Cache-Control: no-cache
Content-Type: application/json; charset=utf-8
host: localhost:44607
accept: */*

Response DefaultHttpResponse(decodeResult: success, version: HTTP/1.1)
HTTP/1.1 200 OK
Content-Length: 54
Content-Type: application/json; charset=utf-8
cache-control: no-cache

22:59:27.983 [AsyncHttpClient-1-20] DEBUG org.asynchttpclient.netty.channel.ChannelManager - Adding key: http://localhost:44607 for channel [id: 0x4dc907d8, L:/127.0.0.1:54342 - R:localhost/127.0.0.1:44607]
22:59:27.985 [Forwarding screenshot on session ecfa124caf762811a87829e8b4892d1a to remote] DEBUG org.asynchttpclient.netty.request.NettyRequestSender - Using pooled Channel '[id: 0x4dc907d8, L:/127.0.0.1:54342 - R:localhost/127.0.0.1:44607]' for 'GET' to 'http://localhost:44607/session/ecfa124caf762811a87829e8b4892d1a/screenshot'
22:59:27.985 [Forwarding screenshot on session ecfa124caf762811a87829e8b4892d1a to remote] DEBUG org.asynchttpclient.netty.request.NettyRequestSender - Using open Channel [id: 0x4dc907d8, L:/127.0.0.1:54342 - R:localhost/127.0.0.1:44607] for GET '/session/ecfa124caf762811a87829e8b4892d1a/screenshot'
22:59:28.338 [AsyncHttpClient-1-20] DEBUG org.asynchttpclient.netty.handler.HttpHandler - 

Request DefaultFullHttpRequest(decodeResult: success, version: HTTP/1.1, content: EmptyByteBufBE)
GET /session/ecfa124caf762811a87829e8b4892d1a/screenshot HTTP/1.1
User-Agent: selenium/4.8.1 (java windows)
Cache-Control: no-cache
Content-Type: application/json; charset=utf-8
host: localhost:44607
accept: */*

Response DefaultHttpResponse(decodeResult: success, version: HTTP/1.1)
HTTP/1.1 200 OK
Content-Length: 40320
Content-Type: application/json; charset=utf-8
cache-control: no-cache

22:59:28.338 [AsyncHttpClient-1-20] DEBUG org.asynchttpclient.netty.channel.ChannelManager - Adding key: http://localhost:44607 for channel [id: 0x4dc907d8, L:/127.0.0.1:54342 - R:localhost/127.0.0.1:44607]
22:59:28.342 [main] DEBUG net.serenitybdd.core.photography.Darkroom - Send negative for processing for target\site\serenity\3d95ca6380d266a429d79598fbcf354786fdc04d8188a66fb63cd3e7ed1bc909.png
22:59:28.342 [main] DEBUG net.thucydides.core.steps.StepInterceptor - STEP DONE: inputFullName
22:59:28.342 [Darkroom Processing Line] DEBUG net.serenitybdd.core.photography.DarkroomProcessingLine - Processing screenshot image in /var/screenshots/screenshot-3117971567999924265
22:59:28.342 [Darkroom Processing Line] DEBUG net.serenitybdd.core.photography.DarkroomProcessingLine - Saving screenshot to target\site\serenity\3d95ca6380d266a429d79598fbcf354786fdc04d8188a66fb63cd3e7ed1bc909.png
  &amp#27;[32mWhen &amp#27;[0m&amp#27;[32mI enter full name&amp#27;[0m                      &amp#27;[90m# starter.stepdefinitions.RegisterSteps.enterFullName()&amp#27;[0m
22:59:28.354 [Forwarding getPageSource on session ecfa124caf762811a87829e8b4892d1a to remote] DEBUG org.asynchttpclient.netty.request.NettyRequestSender - Using pooled Channel '[id: 0x4dc907d8, L:/127.0.0.1:54342 - R:localhost/127.0.0.1:44607]' for 'POST' to 'http://localhost:44607/session/ecfa124caf762811a87829e8b4892d1a/execute/sync'
22:59:28.354 [Forwarding getPageSource on session ecfa124caf762811a87829e8b4892d1a to remote] DEBUG org.asynchttpclient.netty.request.NettyRequestSender - Using open Channel [id: 0x4dc907d8, L:/127.0.0.1:54342 - R:localhost/127.0.0.1:44607] for POST '/session/ecfa124caf762811a87829e8b4892d1a/execute/sync'
22:59:28.366 [AsyncHttpClient-1-20] DEBUG org.asynchttpclient.netty.handler.HttpHandler - 

Request DefaultHttpRequest(decodeResult: success, version: HTTP/1.1)
POST /session/ecfa124caf762811a87829e8b4892d1a/execute/sync HTTP/1.1
User-Agent: selenium/4.8.1 (java windows)
Content-Length: 176
Content-Type: application/json; charset=utf-8
host: localhost:44607
accept: */*

Response DefaultHttpResponse(decodeResult: success, version: HTTP/1.1)
HTTP/1.1 200 OK
Content-Length: 22355
Content-Type: application/json; charset=utf-8
cache-control: no-cache

22:59:28.366 [AsyncHttpClient-1-20] DEBUG org.asynchttpclient.netty.channel.ChannelManager - Adding key: http://localhost:44607 for channel [id: 0x4dc907d8, L:/127.0.0.1:54342 - R:localhost/127.0.0.1:44607]
22:59:28.371 [Forwarding getCurrentUrl on session ecfa124caf762811a87829e8b4892d1a to remote] DEBUG org.asynchttpclient.netty.request.NettyRequestSender - Using pooled Channel '[id: 0x4dc907d8, L:/127.0.0.1:54342 - R:localhost/127.0.0.1:44607]' for 'GET' to 'http://localhost:44607/session/ecfa124caf762811a87829e8b4892d1a/url'
22:59:28.371 [Forwarding getCurrentUrl on session ecfa124caf762811a87829e8b4892d1a to remote] DEBUG org.asynchttpclient.netty.request.NettyRequestSender - Using open Channel [id: 0x4dc907d8, L:/127.0.0.1:54342 - R:localhost/127.0.0.1:44607] for GET '/session/ecfa124caf762811a87829e8b4892d1a/url'
22:59:28.380 [AsyncHttpClient-1-20] DEBUG org.asynchttpclient.netty.handler.HttpHandler - 

Request DefaultFullHttpRequest(decodeResult: success, version: HTTP/1.1, content: EmptyByteBufBE)
GET /session/ecfa124caf762811a87829e8b4892d1a/url HTTP/1.1
User-Agent: selenium/4.8.1 (java windows)
Cache-Control: no-cache
Content-Type: application/json; charset=utf-8
host: localhost:44607
accept: */*

Response DefaultHttpResponse(decodeResult: success, version: HTTP/1.1)
HTTP/1.1 200 OK
Content-Length: 54
Content-Type: application/json; charset=utf-8
cache-control: no-cache

22:59:28.380 [AsyncHttpClient-1-20] DEBUG org.asynchttpclient.netty.channel.ChannelManager - Adding key: http://localhost:44607 for channel [id: 0x4dc907d8, L:/127.0.0.1:54342 - R:localhost/127.0.0.1:44607]
22:59:28.394 [Forwarding getAlertText on session ecfa124caf762811a87829e8b4892d1a to remote] DEBUG org.asynchttpclient.netty.request.NettyRequestSender - Using pooled Channel '[id: 0x4dc907d8, L:/127.0.0.1:54342 - R:localhost/127.0.0.1:44607]' for 'GET' to 'http://localhost:44607/session/ecfa124caf762811a87829e8b4892d1a/alert/text'
22:59:28.394 [Forwarding getAlertText on session ecfa124caf762811a87829e8b4892d1a to remote] DEBUG org.asynchttpclient.netty.request.NettyRequestSender - Using open Channel [id: 0x4dc907d8, L:/127.0.0.1:54342 - R:localhost/127.0.0.1:44607] for GET '/session/ecfa124caf762811a87829e8b4892d1a/alert/text'
22:59:28.396 [AsyncHttpClient-1-20] DEBUG org.asynchttpclient.netty.handler.HttpHandler - 

Request DefaultFullHttpRequest(decodeResult: success, version: HTTP/1.1, content: EmptyByteBufBE)
GET /session/ecfa124caf762811a87829e8b4892d1a/alert/text HTTP/1.1
User-Agent: selenium/4.8.1 (java windows)
Cache-Control: no-cache
Content-Type: application/json; charset=utf-8
host: localhost:44607
accept: */*

Response DefaultHttpResponse(decodeResult: success, version: HTTP/1.1)
HTTP/1.1 404 Not Found
Content-Length: 820
Content-Type: application/json; charset=utf-8
cache-control: no-cache

22:59:28.396 [AsyncHttpClient-1-20] DEBUG org.asynchttpclient.netty.channel.ChannelManager - Adding key: http://localhost:44607 for channel [id: 0x4dc907d8, L:/127.0.0.1:54342 - R:localhost/127.0.0.1:44607]
22:59:28.398 [Forwarding getCurrentUrl on session ecfa124caf762811a87829e8b4892d1a to remote] DEBUG org.asynchttpclient.netty.request.NettyRequestSender - Using pooled Channel '[id: 0x4dc907d8, L:/127.0.0.1:54342 - R:localhost/127.0.0.1:44607]' for 'GET' to 'http://localhost:44607/session/ecfa124caf762811a87829e8b4892d1a/url'
22:59:28.398 [Forwarding getCurrentUrl on session ecfa124caf762811a87829e8b4892d1a to remote] DEBUG org.asynchttpclient.netty.request.NettyRequestSender - Using open Channel [id: 0x4dc907d8, L:/127.0.0.1:54342 - R:localhost/127.0.0.1:44607] for GET '/session/ecfa124caf762811a87829e8b4892d1a/url'
22:59:28.407 [AsyncHttpClient-1-20] DEBUG org.asynchttpclient.netty.handler.HttpHandler - 

Request DefaultFullHttpRequest(decodeResult: success, version: HTTP/1.1, content: EmptyByteBufBE)
GET /session/ecfa124caf762811a87829e8b4892d1a/url HTTP/1.1
User-Agent: selenium/4.8.1 (java windows)
Cache-Control: no-cache
Content-Type: application/json; charset=utf-8
host: localhost:44607
accept: */*

Response DefaultHttpResponse(decodeResult: success, version: HTTP/1.1)
HTTP/1.1 200 OK
Content-Length: 54
Content-Type: application/json; charset=utf-8
cache-control: no-cache

22:59:28.407 [AsyncHttpClient-1-20] DEBUG org.asynchttpclient.netty.channel.ChannelManager - Adding key: http://localhost:44607 for channel [id: 0x4dc907d8, L:/127.0.0.1:54342 - R:localhost/127.0.0.1:44607]
22:59:28.408 [Forwarding screenshot on session ecfa124caf762811a87829e8b4892d1a to remote] DEBUG org.asynchttpclient.netty.request.NettyRequestSender - Using pooled Channel '[id: 0x4dc907d8, L:/127.0.0.1:54342 - R:localhost/127.0.0.1:44607]' for 'GET' to 'http://localhost:44607/session/ecfa124caf762811a87829e8b4892d1a/screenshot'
22:59:28.408 [Forwarding screenshot on session ecfa124caf762811a87829e8b4892d1a to remote] DEBUG org.asynchttpclient.netty.request.NettyRequestSender - Using open Channel [id: 0x4dc907d8, L:/127.0.0.1:54342 - R:localhost/127.0.0.1:44607] for GET '/session/ecfa124caf762811a87829e8b4892d1a/screenshot'
22:59:28.499 [AsyncHttpClient-1-1] DEBUG org.asynchttpclient.netty.channel.DefaultChannelPool - Entry count for : http://localhost:54343 : 1
22:59:28.637 [AsyncHttpClient-1-20] DEBUG org.asynchttpclient.netty.handler.HttpHandler - 

Request DefaultFullHttpRequest(decodeResult: success, version: HTTP/1.1, content: EmptyByteBufBE)
GET /session/ecfa124caf762811a87829e8b4892d1a/screenshot HTTP/1.1
User-Agent: selenium/4.8.1 (java windows)
Cache-Control: no-cache
Content-Type: application/json; charset=utf-8
host: localhost:44607
accept: */*

Response DefaultHttpResponse(decodeResult: success, version: HTTP/1.1)
HTTP/1.1 200 OK
Content-Length: 39764
Content-Type: application/json; charset=utf-8
cache-control: no-cache

22:59:28.638 [AsyncHttpClient-1-20] DEBUG org.asynchttpclient.netty.channel.ChannelManager - Adding key: http://localhost:44607 for channel [id: 0x4dc907d8, L:/127.0.0.1:54342 - R:localhost/127.0.0.1:44607]
22:59:28.642 [main] DEBUG net.serenitybdd.core.photography.Darkroom - Send negative for processing for target\site\serenity\06f85b09a5ef23eec07dd72046f8b30dad590a03fa6aeef8a1be407768308216.png
22:59:28.643 [Darkroom Processing Line] DEBUG net.serenitybdd.core.photography.DarkroomProcessingLine - Processing screenshot image in /var/screenshots/screenshot-7611342054231276343
22:59:28.643 [Darkroom Processing Line] DEBUG net.serenitybdd.core.photography.DarkroomProcessingLine - Saving screenshot to target\site\serenity\06f85b09a5ef23eec07dd72046f8b30dad590a03fa6aeef8a1be407768308216.png
22:59:28.644 [Forwarding getPageSource on session ecfa124caf762811a87829e8b4892d1a to remote] DEBUG org.asynchttpclient.netty.request.NettyRequestSender - Using pooled Channel '[id: 0x4dc907d8, L:/127.0.0.1:54342 - R:localhost/127.0.0.1:44607]' for 'POST' to 'http://localhost:44607/session/ecfa124caf762811a87829e8b4892d1a/execute/sync'
22:59:28.644 [Forwarding getPageSource on session ecfa124caf762811a87829e8b4892d1a to remote] DEBUG org.asynchttpclient.netty.request.NettyRequestSender - Using open Channel [id: 0x4dc907d8, L:/127.0.0.1:54342 - R:localhost/127.0.0.1:44607] for POST '/session/ecfa124caf762811a87829e8b4892d1a/execute/sync'
22:59:28.659 [AsyncHttpClient-1-20] DEBUG org.asynchttpclient.netty.handler.HttpHandler - 

Request DefaultHttpRequest(decodeResult: success, version: HTTP/1.1)
POST /session/ecfa124caf762811a87829e8b4892d1a/execute/sync HTTP/1.1
User-Agent: selenium/4.8.1 (java windows)
Content-Length: 176
Content-Type: application/json; charset=utf-8
host: localhost:44607
accept: */*

Response DefaultHttpResponse(decodeResult: success, version: HTTP/1.1)
HTTP/1.1 200 OK
Content-Length: 22355
Content-Type: application/json; charset=utf-8
cache-control: no-cache

22:59:28.660 [AsyncHttpClient-1-20] DEBUG org.asynchttpclient.netty.channel.ChannelManager - Adding key: http://localhost:44607 for channel [id: 0x4dc907d8, L:/127.0.0.1:54342 - R:localhost/127.0.0.1:44607]
22:59:28.667 [Forwarding getCurrentUrl on session ecfa124caf762811a87829e8b4892d1a to remote] DEBUG org.asynchttpclient.netty.request.NettyRequestSender - Using pooled Channel '[id: 0x4dc907d8, L:/127.0.0.1:54342 - R:localhost/127.0.0.1:44607]' for 'GET' to 'http://localhost:44607/session/ecfa124caf762811a87829e8b4892d1a/url'
22:59:28.667 [Forwarding getCurrentUrl on session ecfa124caf762811a87829e8b4892d1a to remote] DEBUG org.asynchttpclient.netty.request.NettyRequestSender - Using open Channel [id: 0x4dc907d8, L:/127.0.0.1:54342 - R:localhost/127.0.0.1:44607] for GET '/session/ecfa124caf762811a87829e8b4892d1a/url'
22:59:28.678 [AsyncHttpClient-1-20] DEBUG org.asynchttpclient.netty.handler.HttpHandler - 

Request DefaultFullHttpRequest(decodeResult: success, version: HTTP/1.1, content: EmptyByteBufBE)
GET /session/ecfa124caf762811a87829e8b4892d1a/url HTTP/1.1
User-Agent: selenium/4.8.1 (java windows)
Cache-Control: no-cache
Content-Type: application/json; charset=utf-8
host: localhost:44607
accept: */*

Response DefaultHttpResponse(decodeResult: success, version: HTTP/1.1)
HTTP/1.1 200 OK
Content-Length: 54
Content-Type: application/json; charset=utf-8
cache-control: no-cache

22:59:28.678 [AsyncHttpClient-1-20] DEBUG org.asynchttpclient.netty.channel.ChannelManager - Adding key: http://localhost:44607 for channel [id: 0x4dc907d8, L:/127.0.0.1:54342 - R:localhost/127.0.0.1:44607]
22:59:28.682 [main] DEBUG net.thucydides.core.steps.StepInterceptor - STARTING STEP: RegisterSteps.notEnterValidEmail - notInputEmail
22:59:28.689 [Forwarding findElement on session ecfa124caf762811a87829e8b4892d1a to remote] DEBUG org.asynchttpclient.netty.request.NettyRequestSender - Using pooled Channel '[id: 0x4dc907d8, L:/127.0.0.1:54342 - R:localhost/127.0.0.1:44607]' for 'POST' to 'http://localhost:44607/session/ecfa124caf762811a87829e8b4892d1a/element'
22:59:28.689 [Forwarding findElement on session ecfa124caf762811a87829e8b4892d1a to remote] DEBUG org.asynchttpclient.netty.request.NettyRequestSender - Using open Channel [id: 0x4dc907d8, L:/127.0.0.1:54342 - R:localhost/127.0.0.1:44607] for POST '/session/ecfa124caf762811a87829e8b4892d1a/element'
22:59:28.723 [AsyncHttpClient-1-20] DEBUG org.asynchttpclient.netty.handler.HttpHandler - 

Request DefaultHttpRequest(decodeResult: success, version: HTTP/1.1)
POST /session/ecfa124caf762811a87829e8b4892d1a/element HTTP/1.1
User-Agent: selenium/4.8.1 (java windows)
Content-Length: 55
Content-Type: application/json; charset=utf-8
host: localhost:44607
accept: */*

Response DefaultHttpResponse(decodeResult: success, version: HTTP/1.1)
HTTP/1.1 200 OK
Content-Length: 94
Content-Type: application/json; charset=utf-8
cache-control: no-cache

22:59:28.723 [AsyncHttpClient-1-20] DEBUG org.asynchttpclient.netty.channel.ChannelManager - Adding key: http://localhost:44607 for channel [id: 0x4dc907d8, L:/127.0.0.1:54342 - R:localhost/127.0.0.1:44607]
22:59:28.725 [Forwarding clearElement on session ecfa124caf762811a87829e8b4892d1a to remote] DEBUG org.asynchttpclient.netty.request.NettyRequestSender - Using pooled Channel '[id: 0x4dc907d8, L:/127.0.0.1:54342 - R:localhost/127.0.0.1:44607]' for 'POST' to 'http://localhost:44607/session/ecfa124caf762811a87829e8b4892d1a/element/E83FE898022D26FE12190FC4ECE36575_element_9/clear'
22:59:28.725 [Forwarding clearElement on session ecfa124caf762811a87829e8b4892d1a to remote] DEBUG org.asynchttpclient.netty.request.NettyRequestSender - Using open Channel [id: 0x4dc907d8, L:/127.0.0.1:54342 - R:localhost/127.0.0.1:44607] for POST '/session/ecfa124caf762811a87829e8b4892d1a/element/E83FE898022D26FE12190FC4ECE36575_element_9/clear'
22:59:28.792 [AsyncHttpClient-1-20] DEBUG org.asynchttpclient.netty.handler.HttpHandler - 

Request DefaultHttpRequest(decodeResult: success, version: HTTP/1.1)
POST /session/ecfa124caf762811a87829e8b4892d1a/element/E83FE898022D26FE12190FC4ECE36575_element_9/clear HTTP/1.1
User-Agent: selenium/4.8.1 (java windows)
Content-Length: 56
Content-Type: application/json; charset=utf-8
host: localhost:44607
accept: */*

Response DefaultHttpResponse(decodeResult: success, version: HTTP/1.1)
HTTP/1.1 200 OK
Content-Length: 14
Content-Type: application/json; charset=utf-8
cache-control: no-cache

22:59:28.792 [AsyncHttpClient-1-20] DEBUG org.asynchttpclient.netty.channel.ChannelManager - Adding key: http://localhost:44607 for channel [id: 0x4dc907d8, L:/127.0.0.1:54342 - R:localhost/127.0.0.1:44607]
22:59:28.794 [Forwarding sendKeysToElement on session ecfa124caf762811a87829e8b4892d1a to remote] DEBUG org.asynchttpclient.netty.request.NettyRequestSender - Using pooled Channel '[id: 0x4dc907d8, L:/127.0.0.1:54342 - R:localhost/127.0.0.1:44607]' for 'POST' to 'http://localhost:44607/session/ecfa124caf762811a87829e8b4892d1a/element/E83FE898022D26FE12190FC4ECE36575_element_9/value'
22:59:28.794 [Forwarding sendKeysToElement on session ecfa124caf762811a87829e8b4892d1a to remote] DEBUG org.asynchttpclient.netty.request.NettyRequestSender - Using open Channel [id: 0x4dc907d8, L:/127.0.0.1:54342 - R:localhost/127.0.0.1:44607] for POST '/session/ecfa124caf762811a87829e8b4892d1a/element/E83FE898022D26FE12190FC4ECE36575_element_9/value'
22:59:28.915 [AsyncHttpClient-1-20] DEBUG org.asynchttpclient.netty.handler.HttpHandler - 

Request DefaultHttpRequest(decodeResult: success, version: HTTP/1.1)
POST /session/ecfa124caf762811a87829e8b4892d1a/element/E83FE898022D26FE12190FC4ECE36575_element_9/value HTTP/1.1
User-Agent: selenium/4.8.1 (java windows)
Content-Length: 88
Content-Type: application/json; charset=utf-8
host: localhost:44607
accept: */*

Response DefaultHttpResponse(decodeResult: success, version: HTTP/1.1)
HTTP/1.1 200 OK
Content-Length: 14
Content-Type: application/json; charset=utf-8
cache-control: no-cache

22:59:28.916 [AsyncHttpClient-1-20] DEBUG org.asynchttpclient.netty.channel.ChannelManager - Adding key: http://localhost:44607 for channel [id: 0x4dc907d8, L:/127.0.0.1:54342 - R:localhost/127.0.0.1:44607]
22:59:28.929 [Forwarding getAlertText on session ecfa124caf762811a87829e8b4892d1a to remote] DEBUG org.asynchttpclient.netty.request.NettyRequestSender - Using pooled Channel '[id: 0x4dc907d8, L:/127.0.0.1:54342 - R:localhost/127.0.0.1:44607]' for 'GET' to 'http://localhost:44607/session/ecfa124caf762811a87829e8b4892d1a/alert/text'
22:59:28.929 [Forwarding getAlertText on session ecfa124caf762811a87829e8b4892d1a to remote] DEBUG org.asynchttpclient.netty.request.NettyRequestSender - Using open Channel [id: 0x4dc907d8, L:/127.0.0.1:54342 - R:localhost/127.0.0.1:44607] for GET '/session/ecfa124caf762811a87829e8b4892d1a/alert/text'
22:59:28.932 [AsyncHttpClient-1-20] DEBUG org.asynchttpclient.netty.handler.HttpHandler - 

Request DefaultFullHttpRequest(decodeResult: success, version: HTTP/1.1, content: EmptyByteBufBE)
GET /session/ecfa124caf762811a87829e8b4892d1a/alert/text HTTP/1.1
User-Agent: selenium/4.8.1 (java windows)
Cache-Control: no-cache
Content-Type: application/json; charset=utf-8
host: localhost:44607
accept: */*

Response DefaultHttpResponse(decodeResult: success, version: HTTP/1.1)
HTTP/1.1 404 Not Found
Content-Length: 820
Content-Type: application/json; charset=utf-8
cache-control: no-cache

22:59:28.932 [AsyncHttpClient-1-20] DEBUG org.asynchttpclient.netty.channel.ChannelManager - Adding key: http://localhost:44607 for channel [id: 0x4dc907d8, L:/127.0.0.1:54342 - R:localhost/127.0.0.1:44607]
22:59:28.934 [Forwarding getCurrentUrl on session ecfa124caf762811a87829e8b4892d1a to remote] DEBUG org.asynchttpclient.netty.request.NettyRequestSender - Using pooled Channel '[id: 0x4dc907d8, L:/127.0.0.1:54342 - R:localhost/127.0.0.1:44607]' for 'GET' to 'http://localhost:44607/session/ecfa124caf762811a87829e8b4892d1a/url'
22:59:28.935 [Forwarding getCurrentUrl on session ecfa124caf762811a87829e8b4892d1a to remote] DEBUG org.asynchttpclient.netty.request.NettyRequestSender - Using open Channel [id: 0x4dc907d8, L:/127.0.0.1:54342 - R:localhost/127.0.0.1:44607] for GET '/session/ecfa124caf762811a87829e8b4892d1a/url'
22:59:28.948 [AsyncHttpClient-1-20] DEBUG org.asynchttpclient.netty.handler.HttpHandler - 

Request DefaultFullHttpRequest(decodeResult: success, version: HTTP/1.1, content: EmptyByteBufBE)
GET /session/ecfa124caf762811a87829e8b4892d1a/url HTTP/1.1
User-Agent: selenium/4.8.1 (java windows)
Cache-Control: no-cache
Content-Type: application/json; charset=utf-8
host: localhost:44607
accept: */*

Response DefaultHttpResponse(decodeResult: success, version: HTTP/1.1)
HTTP/1.1 200 OK
Content-Length: 54
Content-Type: application/json; charset=utf-8
cache-control: no-cache

22:59:28.949 [AsyncHttpClient-1-20] DEBUG org.asynchttpclient.netty.channel.ChannelManager - Adding key: http://localhost:44607 for channel [id: 0x4dc907d8, L:/127.0.0.1:54342 - R:localhost/127.0.0.1:44607]
22:59:28.950 [Forwarding screenshot on session ecfa124caf762811a87829e8b4892d1a to remote] DEBUG org.asynchttpclient.netty.request.NettyRequestSender - Using pooled Channel '[id: 0x4dc907d8, L:/127.0.0.1:54342 - R:localhost/127.0.0.1:44607]' for 'GET' to 'http://localhost:44607/session/ecfa124caf762811a87829e8b4892d1a/screenshot'
22:59:28.951 [Forwarding screenshot on session ecfa124caf762811a87829e8b4892d1a to remote] DEBUG org.asynchttpclient.netty.request.NettyRequestSender - Using open Channel [id: 0x4dc907d8, L:/127.0.0.1:54342 - R:localhost/127.0.0.1:44607] for GET '/session/ecfa124caf762811a87829e8b4892d1a/screenshot'
22:59:29.215 [AsyncHttpClient-1-20] DEBUG org.asynchttpclient.netty.handler.HttpHandler - 

Request DefaultFullHttpRequest(decodeResult: success, version: HTTP/1.1, content: EmptyByteBufBE)
GET /session/ecfa124caf762811a87829e8b4892d1a/screenshot HTTP/1.1
User-Agent: selenium/4.8.1 (java windows)
Cache-Control: no-cache
Content-Type: application/json; charset=utf-8
host: localhost:44607
accept: */*

Response DefaultHttpResponse(decodeResult: success, version: HTTP/1.1)
HTTP/1.1 200 OK
Content-Length: 40164
Content-Type: application/json; charset=utf-8
cache-control: no-cache

22:59:29.216 [AsyncHttpClient-1-20] DEBUG org.asynchttpclient.netty.channel.ChannelManager - Adding key: http://localhost:44607 for channel [id: 0x4dc907d8, L:/127.0.0.1:54342 - R:localhost/127.0.0.1:44607]
22:59:29.219 [main] DEBUG net.serenitybdd.core.photography.Darkroom - Send negative for processing for target\site\serenity\3f63e0333b526ecf5d138bdaaeb5d05da2be4f7c28a39cac181969cf5cf7d4aa.png
22:59:29.221 [Darkroom Processing Line] DEBUG net.serenitybdd.core.photography.DarkroomProcessingLine - Processing screenshot image in /var/screenshots/screenshot-7432028116449758825
22:59:29.221 [main] DEBUG net.thucydides.core.steps.StepInterceptor - STEP DONE: notInputEmail
22:59:29.221 [Darkroom Processing Line] DEBUG net.serenitybdd.core.photography.DarkroomProcessingLine - Saving screenshot to target\site\serenity\3f63e0333b526ecf5d138bdaaeb5d05da2be4f7c28a39cac181969cf5cf7d4aa.png
  &amp#27;[32mAnd &amp#27;[0m&amp#27;[32mI not enter valid email&amp#27;[0m                 &amp#27;[90m# starter.stepdefinitions.RegisterSteps.notEnterValidEmail()&amp#27;[0m
22:59:29.239 [Forwarding getPageSource on session ecfa124caf762811a87829e8b4892d1a to remote] DEBUG org.asynchttpclient.netty.request.NettyRequestSender - Using pooled Channel '[id: 0x4dc907d8, L:/127.0.0.1:54342 - R:localhost/127.0.0.1:44607]' for 'POST' to 'http://localhost:44607/session/ecfa124caf762811a87829e8b4892d1a/execute/sync'
22:59:29.239 [Forwarding getPageSource on session ecfa124caf762811a87829e8b4892d1a to remote] DEBUG org.asynchttpclient.netty.request.NettyRequestSender - Using open Channel [id: 0x4dc907d8, L:/127.0.0.1:54342 - R:localhost/127.0.0.1:44607] for POST '/session/ecfa124caf762811a87829e8b4892d1a/execute/sync'
22:59:29.251 [AsyncHttpClient-1-20] DEBUG org.asynchttpclient.netty.handler.HttpHandler - 

Request DefaultHttpRequest(decodeResult: success, version: HTTP/1.1)
POST /session/ecfa124caf762811a87829e8b4892d1a/execute/sync HTTP/1.1
User-Agent: selenium/4.8.1 (java windows)
Content-Length: 176
Content-Type: application/json; charset=utf-8
host: localhost:44607
accept: */*

Response DefaultHttpResponse(decodeResult: success, version: HTTP/1.1)
HTTP/1.1 200 OK
Content-Length: 22371
Content-Type: application/json; charset=utf-8
cache-control: no-cache

22:59:29.251 [AsyncHttpClient-1-20] DEBUG org.asynchttpclient.netty.channel.ChannelManager - Adding key: http://localhost:44607 for channel [id: 0x4dc907d8, L:/127.0.0.1:54342 - R:localhost/127.0.0.1:44607]
22:59:29.256 [Forwarding getCurrentUrl on session ecfa124caf762811a87829e8b4892d1a to remote] DEBUG org.asynchttpclient.netty.request.NettyRequestSender - Using pooled Channel '[id: 0x4dc907d8, L:/127.0.0.1:54342 - R:localhost/127.0.0.1:44607]' for 'GET' to 'http://localhost:44607/session/ecfa124caf762811a87829e8b4892d1a/url'
22:59:29.256 [Forwarding getCurrentUrl on session ecfa124caf762811a87829e8b4892d1a to remote] DEBUG org.asynchttpclient.netty.request.NettyRequestSender - Using open Channel [id: 0x4dc907d8, L:/127.0.0.1:54342 - R:localhost/127.0.0.1:44607] for GET '/session/ecfa124caf762811a87829e8b4892d1a/url'
22:59:29.264 [AsyncHttpClient-1-20] DEBUG org.asynchttpclient.netty.handler.HttpHandler - 

Request DefaultFullHttpRequest(decodeResult: success, version: HTTP/1.1, content: EmptyByteBufBE)
GET /session/ecfa124caf762811a87829e8b4892d1a/url HTTP/1.1
User-Agent: selenium/4.8.1 (java windows)
Cache-Control: no-cache
Content-Type: application/json; charset=utf-8
host: localhost:44607
accept: */*

Response DefaultHttpResponse(decodeResult: success, version: HTTP/1.1)
HTTP/1.1 200 OK
Content-Length: 54
Content-Type: application/json; charset=utf-8
cache-control: no-cache

22:59:29.264 [AsyncHttpClient-1-20] DEBUG org.asynchttpclient.netty.channel.ChannelManager - Adding key: http://localhost:44607 for channel [id: 0x4dc907d8, L:/127.0.0.1:54342 - R:localhost/127.0.0.1:44607]
22:59:29.276 [Forwarding getAlertText on session ecfa124caf762811a87829e8b4892d1a to remote] DEBUG org.asynchttpclient.netty.request.NettyRequestSender - Using pooled Channel '[id: 0x4dc907d8, L:/127.0.0.1:54342 - R:localhost/127.0.0.1:44607]' for 'GET' to 'http://localhost:44607/session/ecfa124caf762811a87829e8b4892d1a/alert/text'
22:59:29.276 [Forwarding getAlertText on session ecfa124caf762811a87829e8b4892d1a to remote] DEBUG org.asynchttpclient.netty.request.NettyRequestSender - Using open Channel [id: 0x4dc907d8, L:/127.0.0.1:54342 - R:localhost/127.0.0.1:44607] for GET '/session/ecfa124caf762811a87829e8b4892d1a/alert/text'
22:59:29.278 [AsyncHttpClient-1-20] DEBUG org.asynchttpclient.netty.handler.HttpHandler - 

Request DefaultFullHttpRequest(decodeResult: success, version: HTTP/1.1, content: EmptyByteBufBE)
GET /session/ecfa124caf762811a87829e8b4892d1a/alert/text HTTP/1.1
User-Agent: selenium/4.8.1 (java windows)
Cache-Control: no-cache
Content-Type: application/json; charset=utf-8
host: localhost:44607
accept: */*

Response DefaultHttpResponse(decodeResult: success, version: HTTP/1.1)
HTTP/1.1 404 Not Found
Content-Length: 820
Content-Type: application/json; charset=utf-8
cache-control: no-cache

22:59:29.279 [AsyncHttpClient-1-20] DEBUG org.asynchttpclient.netty.channel.ChannelManager - Adding key: http://localhost:44607 for channel [id: 0x4dc907d8, L:/127.0.0.1:54342 - R:localhost/127.0.0.1:44607]
22:59:29.280 [Forwarding getCurrentUrl on session ecfa124caf762811a87829e8b4892d1a to remote] DEBUG org.asynchttpclient.netty.request.NettyRequestSender - Using pooled Channel '[id: 0x4dc907d8, L:/127.0.0.1:54342 - R:localhost/127.0.0.1:44607]' for 'GET' to 'http://localhost:44607/session/ecfa124caf762811a87829e8b4892d1a/url'
22:59:29.280 [Forwarding getCurrentUrl on session ecfa124caf762811a87829e8b4892d1a to remote] DEBUG org.asynchttpclient.netty.request.NettyRequestSender - Using open Channel [id: 0x4dc907d8, L:/127.0.0.1:54342 - R:localhost/127.0.0.1:44607] for GET '/session/ecfa124caf762811a87829e8b4892d1a/url'
22:59:29.286 [AsyncHttpClient-1-20] DEBUG org.asynchttpclient.netty.handler.HttpHandler - 

Request DefaultFullHttpRequest(decodeResult: success, version: HTTP/1.1, content: EmptyByteBufBE)
GET /session/ecfa124caf762811a87829e8b4892d1a/url HTTP/1.1
User-Agent: selenium/4.8.1 (java windows)
Cache-Control: no-cache
Content-Type: application/json; charset=utf-8
host: localhost:44607
accept: */*

Response DefaultHttpResponse(decodeResult: success, version: HTTP/1.1)
HTTP/1.1 200 OK
Content-Length: 54
Content-Type: application/json; charset=utf-8
cache-control: no-cache

22:59:29.286 [AsyncHttpClient-1-20] DEBUG org.asynchttpclient.netty.channel.ChannelManager - Adding key: http://localhost:44607 for channel [id: 0x4dc907d8, L:/127.0.0.1:54342 - R:localhost/127.0.0.1:44607]
22:59:29.287 [Forwarding screenshot on session ecfa124caf762811a87829e8b4892d1a to remote] DEBUG org.asynchttpclient.netty.request.NettyRequestSender - Using pooled Channel '[id: 0x4dc907d8, L:/127.0.0.1:54342 - R:localhost/127.0.0.1:44607]' for 'GET' to 'http://localhost:44607/session/ecfa124caf762811a87829e8b4892d1a/screenshot'
22:59:29.287 [Forwarding screenshot on session ecfa124caf762811a87829e8b4892d1a to remote] DEBUG org.asynchttpclient.netty.request.NettyRequestSender - Using open Channel [id: 0x4dc907d8, L:/127.0.0.1:54342 - R:localhost/127.0.0.1:44607] for GET '/session/ecfa124caf762811a87829e8b4892d1a/screenshot'
22:59:29.458 [AsyncHttpClient-1-20] DEBUG org.asynchttpclient.netty.handler.HttpHandler - 

Request DefaultFullHttpRequest(decodeResult: success, version: HTTP/1.1, content: EmptyByteBufBE)
GET /session/ecfa124caf762811a87829e8b4892d1a/screenshot HTTP/1.1
User-Agent: selenium/4.8.1 (java windows)
Cache-Control: no-cache
Content-Type: application/json; charset=utf-8
host: localhost:44607
accept: */*

Response DefaultHttpResponse(decodeResult: success, version: HTTP/1.1)
HTTP/1.1 200 OK
Content-Length: 39492
Content-Type: application/json; charset=utf-8
cache-control: no-cache

22:59:29.459 [AsyncHttpClient-1-20] DEBUG org.asynchttpclient.netty.channel.ChannelManager - Adding key: http://localhost:44607 for channel [id: 0x4dc907d8, L:/127.0.0.1:54342 - R:localhost/127.0.0.1:44607]
22:59:29.460 [main] DEBUG net.serenitybdd.core.photography.Darkroom - Send negative for processing for target\site\serenity\55f7589557e46589f8baf62dad4c9c68080945b3c97a4939a56af8956ca0569f.png
22:59:29.461 [Darkroom Processing Line] DEBUG net.serenitybdd.core.photography.DarkroomProcessingLine - Processing screenshot image in /var/screenshots/screenshot-3044321366112959835
22:59:29.461 [Darkroom Processing Line] DEBUG net.serenitybdd.core.photography.DarkroomProcessingLine - Saving screenshot to target\site\serenity\55f7589557e46589f8baf62dad4c9c68080945b3c97a4939a56af8956ca0569f.png
22:59:29.462 [Forwarding getPageSource on session ecfa124caf762811a87829e8b4892d1a to remote] DEBUG org.asynchttpclient.netty.request.NettyRequestSender - Using pooled Channel '[id: 0x4dc907d8, L:/127.0.0.1:54342 - R:localhost/127.0.0.1:44607]' for 'POST' to 'http://localhost:44607/session/ecfa124caf762811a87829e8b4892d1a/execute/sync'
22:59:29.462 [Forwarding getPageSource on session ecfa124caf762811a87829e8b4892d1a to remote] DEBUG org.asynchttpclient.netty.request.NettyRequestSender - Using open Channel [id: 0x4dc907d8, L:/127.0.0.1:54342 - R:localhost/127.0.0.1:44607] for POST '/session/ecfa124caf762811a87829e8b4892d1a/execute/sync'
22:59:29.470 [AsyncHttpClient-1-20] DEBUG org.asynchttpclient.netty.handler.HttpHandler - 

Request DefaultHttpRequest(decodeResult: success, version: HTTP/1.1)
POST /session/ecfa124caf762811a87829e8b4892d1a/execute/sync HTTP/1.1
User-Agent: selenium/4.8.1 (java windows)
Content-Length: 176
Content-Type: application/json; charset=utf-8
host: localhost:44607
accept: */*

Response DefaultHttpResponse(decodeResult: success, version: HTTP/1.1)
HTTP/1.1 200 OK
Content-Length: 22371
Content-Type: application/json; charset=utf-8
cache-control: no-cache

22:59:29.471 [AsyncHttpClient-1-20] DEBUG org.asynchttpclient.netty.channel.ChannelManager - Adding key: http://localhost:44607 for channel [id: 0x4dc907d8, L:/127.0.0.1:54342 - R:localhost/127.0.0.1:44607]
22:59:29.473 [Forwarding getCurrentUrl on session ecfa124caf762811a87829e8b4892d1a to remote] DEBUG org.asynchttpclient.netty.request.NettyRequestSender - Using pooled Channel '[id: 0x4dc907d8, L:/127.0.0.1:54342 - R:localhost/127.0.0.1:44607]' for 'GET' to 'http://localhost:44607/session/ecfa124caf762811a87829e8b4892d1a/url'
22:59:29.474 [Forwarding getCurrentUrl on session ecfa124caf762811a87829e8b4892d1a to remote] DEBUG org.asynchttpclient.netty.request.NettyRequestSender - Using open Channel [id: 0x4dc907d8, L:/127.0.0.1:54342 - R:localhost/127.0.0.1:44607] for GET '/session/ecfa124caf762811a87829e8b4892d1a/url'
22:59:29.480 [AsyncHttpClient-1-20] DEBUG org.asynchttpclient.netty.handler.HttpHandler - 

Request DefaultFullHttpRequest(decodeResult: success, version: HTTP/1.1, content: EmptyByteBufBE)
GET /session/ecfa124caf762811a87829e8b4892d1a/url HTTP/1.1
User-Agent: selenium/4.8.1 (java windows)
Cache-Control: no-cache
Content-Type: application/json; charset=utf-8
host: localhost:44607
accept: */*

Response DefaultHttpResponse(decodeResult: success, version: HTTP/1.1)
HTTP/1.1 200 OK
Content-Length: 54
Content-Type: application/json; charset=utf-8
cache-control: no-cache

22:59:29.480 [AsyncHttpClient-1-20] DEBUG org.asynchttpclient.netty.channel.ChannelManager - Adding key: http://localhost:44607 for channel [id: 0x4dc907d8, L:/127.0.0.1:54342 - R:localhost/127.0.0.1:44607]
22:59:29.482 [main] DEBUG net.thucydides.core.steps.StepInterceptor - STARTING STEP: RegisterSteps.clickRegButton - clickRegButton
22:59:29.485 [Forwarding findElement on session ecfa124caf762811a87829e8b4892d1a to remote] DEBUG org.asynchttpclient.netty.request.NettyRequestSender - Using pooled Channel '[id: 0x4dc907d8, L:/127.0.0.1:54342 - R:localhost/127.0.0.1:44607]' for 'POST' to 'http://localhost:44607/session/ecfa124caf762811a87829e8b4892d1a/element'
22:59:29.485 [Forwarding findElement on session ecfa124caf762811a87829e8b4892d1a to remote] DEBUG org.asynchttpclient.netty.request.NettyRequestSender - Using open Channel [id: 0x4dc907d8, L:/127.0.0.1:54342 - R:localhost/127.0.0.1:44607] for POST '/session/ecfa124caf762811a87829e8b4892d1a/element'
22:59:29.503 [AsyncHttpClient-1-20] DEBUG org.asynchttpclient.netty.handler.HttpHandler - 

Request DefaultHttpRequest(decodeResult: success, version: HTTP/1.1)
POST /session/ecfa124caf762811a87829e8b4892d1a/element HTTP/1.1
User-Agent: selenium/4.8.1 (java windows)
Content-Length: 142
Content-Type: application/json; charset=utf-8
host: localhost:44607
accept: */*

Response DefaultHttpResponse(decodeResult: success, version: HTTP/1.1)
HTTP/1.1 200 OK
Content-Length: 94
Content-Type: application/json; charset=utf-8
cache-control: no-cache

22:59:29.503 [AsyncHttpClient-1-20] DEBUG org.asynchttpclient.netty.channel.ChannelManager - Adding key: http://localhost:44607 for channel [id: 0x4dc907d8, L:/127.0.0.1:54342 - R:localhost/127.0.0.1:44607]
22:59:29.504 [Forwarding getElementTagName on session ecfa124caf762811a87829e8b4892d1a to remote] DEBUG org.asynchttpclient.netty.request.NettyRequestSender - Using pooled Channel '[id: 0x4dc907d8, L:/127.0.0.1:54342 - R:localhost/127.0.0.1:44607]' for 'GET' to 'http://localhost:44607/session/ecfa124caf762811a87829e8b4892d1a/element/E83FE898022D26FE12190FC4ECE36575_element_2/name'
22:59:29.504 [Forwarding getElementTagName on session ecfa124caf762811a87829e8b4892d1a to remote] DEBUG org.asynchttpclient.netty.request.NettyRequestSender - Using open Channel [id: 0x4dc907d8, L:/127.0.0.1:54342 - R:localhost/127.0.0.1:44607] for GET '/session/ecfa124caf762811a87829e8b4892d1a/element/E83FE898022D26FE12190FC4ECE36575_element_2/name'
22:59:29.512 [AsyncHttpClient-1-20] DEBUG org.asynchttpclient.netty.handler.HttpHandler - 

Request DefaultFullHttpRequest(decodeResult: success, version: HTTP/1.1, content: EmptyByteBufBE)
GET /session/ecfa124caf762811a87829e8b4892d1a/element/E83FE898022D26FE12190FC4ECE36575_element_2/name HTTP/1.1
User-Agent: selenium/4.8.1 (java windows)
Cache-Control: no-cache
Content-Type: application/json; charset=utf-8
host: localhost:44607
accept: */*

Response DefaultHttpResponse(decodeResult: success, version: HTTP/1.1)
HTTP/1.1 200 OK
Content-Length: 18
Content-Type: application/json; charset=utf-8
cache-control: no-cache

22:59:29.512 [AsyncHttpClient-1-20] DEBUG org.asynchttpclient.netty.channel.ChannelManager - Adding key: http://localhost:44607 for channel [id: 0x4dc907d8, L:/127.0.0.1:54342 - R:localhost/127.0.0.1:44607]
22:59:29.513 [Forwarding getElementTagName on session ecfa124caf762811a87829e8b4892d1a to remote] DEBUG org.asynchttpclient.netty.request.NettyRequestSender - Using pooled Channel '[id: 0x4dc907d8, L:/127.0.0.1:54342 - R:localhost/127.0.0.1:44607]' for 'GET' to 'http://localhost:44607/session/ecfa124caf762811a87829e8b4892d1a/element/E83FE898022D26FE12190FC4ECE36575_element_2/name'
22:59:29.513 [Forwarding getElementTagName on session ecfa124caf762811a87829e8b4892d1a to remote] DEBUG org.asynchttpclient.netty.request.NettyRequestSender - Using open Channel [id: 0x4dc907d8, L:/127.0.0.1:54342 - R:localhost/127.0.0.1:44607] for GET '/session/ecfa124caf762811a87829e8b4892d1a/element/E83FE898022D26FE12190FC4ECE36575_element_2/name'
22:59:29.521 [AsyncHttpClient-1-20] DEBUG org.asynchttpclient.netty.handler.HttpHandler - 

Request DefaultFullHttpRequest(decodeResult: success, version: HTTP/1.1, content: EmptyByteBufBE)
GET /session/ecfa124caf762811a87829e8b4892d1a/element/E83FE898022D26FE12190FC4ECE36575_element_2/name HTTP/1.1
User-Agent: selenium/4.8.1 (java windows)
Cache-Control: no-cache
Content-Type: application/json; charset=utf-8
host: localhost:44607
accept: */*

Response DefaultHttpResponse(decodeResult: success, version: HTTP/1.1)
HTTP/1.1 200 OK
Content-Length: 18
Content-Type: application/json; charset=utf-8
cache-control: no-cache

22:59:29.522 [AsyncHttpClient-1-20] DEBUG org.asynchttpclient.netty.channel.ChannelManager - Adding key: http://localhost:44607 for channel [id: 0x4dc907d8, L:/127.0.0.1:54342 - R:localhost/127.0.0.1:44607]
22:59:29.523 [Forwarding isElementEnabled on session ecfa124caf762811a87829e8b4892d1a to remote] DEBUG org.asynchttpclient.netty.request.NettyRequestSender - Using pooled Channel '[id: 0x4dc907d8, L:/127.0.0.1:54342 - R:localhost/127.0.0.1:44607]' for 'GET' to 'http://localhost:44607/session/ecfa124caf762811a87829e8b4892d1a/element/E83FE898022D26FE12190FC4ECE36575_element_2/enabled'
22:59:29.523 [Forwarding isElementEnabled on session ecfa124caf762811a87829e8b4892d1a to remote] DEBUG org.asynchttpclient.netty.request.NettyRequestSender - Using open Channel [id: 0x4dc907d8, L:/127.0.0.1:54342 - R:localhost/127.0.0.1:44607] for GET '/session/ecfa124caf762811a87829e8b4892d1a/element/E83FE898022D26FE12190FC4ECE36575_element_2/enabled'
22:59:29.535 [AsyncHttpClient-1-20] DEBUG org.asynchttpclient.netty.handler.HttpHandler - 

Request DefaultFullHttpRequest(decodeResult: success, version: HTTP/1.1, content: EmptyByteBufBE)
GET /session/ecfa124caf762811a87829e8b4892d1a/element/E83FE898022D26FE12190FC4ECE36575_element_2/enabled HTTP/1.1
User-Agent: selenium/4.8.1 (java windows)
Cache-Control: no-cache
Content-Type: application/json; charset=utf-8
host: localhost:44607
accept: */*

Response DefaultHttpResponse(decodeResult: success, version: HTTP/1.1)
HTTP/1.1 200 OK
Content-Length: 14
Content-Type: application/json; charset=utf-8
cache-control: no-cache

22:59:29.535 [AsyncHttpClient-1-20] DEBUG org.asynchttpclient.netty.channel.ChannelManager - Adding key: http://localhost:44607 for channel [id: 0x4dc907d8, L:/127.0.0.1:54342 - R:localhost/127.0.0.1:44607]
22:59:29.536 [Forwarding isElementEnabled on session ecfa124caf762811a87829e8b4892d1a to remote] DEBUG org.asynchttpclient.netty.request.NettyRequestSender - Using pooled Channel '[id: 0x4dc907d8, L:/127.0.0.1:54342 - R:localhost/127.0.0.1:44607]' for 'GET' to 'http://localhost:44607/session/ecfa124caf762811a87829e8b4892d1a/element/E83FE898022D26FE12190FC4ECE36575_element_2/enabled'
22:59:29.536 [Forwarding isElementEnabled on session ecfa124caf762811a87829e8b4892d1a to remote] DEBUG org.asynchttpclient.netty.request.NettyRequestSender - Using open Channel [id: 0x4dc907d8, L:/127.0.0.1:54342 - R:localhost/127.0.0.1:44607] for GET '/session/ecfa124caf762811a87829e8b4892d1a/element/E83FE898022D26FE12190FC4ECE36575_element_2/enabled'
22:59:29.547 [AsyncHttpClient-1-20] DEBUG org.asynchttpclient.netty.handler.HttpHandler - 

Request DefaultFullHttpRequest(decodeResult: success, version: HTTP/1.1, content: EmptyByteBufBE)
GET /session/ecfa124caf762811a87829e8b4892d1a/element/E83FE898022D26FE12190FC4ECE36575_element_2/enabled HTTP/1.1
User-Agent: selenium/4.8.1 (java windows)
Cache-Control: no-cache
Content-Type: application/json; charset=utf-8
host: localhost:44607
accept: */*

Response DefaultHttpResponse(decodeResult: success, version: HTTP/1.1)
HTTP/1.1 200 OK
Content-Length: 14
Content-Type: application/json; charset=utf-8
cache-control: no-cache

22:59:29.547 [AsyncHttpClient-1-20] DEBUG org.asynchttpclient.netty.channel.ChannelManager - Adding key: http://localhost:44607 for channel [id: 0x4dc907d8, L:/127.0.0.1:54342 - R:localhost/127.0.0.1:44607]
22:59:29.549 [Forwarding findElement on session ecfa124caf762811a87829e8b4892d1a to remote] DEBUG org.asynchttpclient.netty.request.NettyRequestSender - Using pooled Channel '[id: 0x4dc907d8, L:/127.0.0.1:54342 - R:localhost/127.0.0.1:44607]' for 'POST' to 'http://localhost:44607/session/ecfa124caf762811a87829e8b4892d1a/element'
22:59:29.549 [Forwarding findElement on session ecfa124caf762811a87829e8b4892d1a to remote] DEBUG org.asynchttpclient.netty.request.NettyRequestSender - Using open Channel [id: 0x4dc907d8, L:/127.0.0.1:54342 - R:localhost/127.0.0.1:44607] for POST '/session/ecfa124caf762811a87829e8b4892d1a/element'
22:59:29.559 [AsyncHttpClient-1-20] DEBUG org.asynchttpclient.netty.handler.HttpHandler - 

Request DefaultHttpRequest(decodeResult: success, version: HTTP/1.1)
POST /session/ecfa124caf762811a87829e8b4892d1a/element HTTP/1.1
User-Agent: selenium/4.8.1 (java windows)
Content-Length: 142
Content-Type: application/json; charset=utf-8
host: localhost:44607
accept: */*

Response DefaultHttpResponse(decodeResult: success, version: HTTP/1.1)
HTTP/1.1 200 OK
Content-Length: 94
Content-Type: application/json; charset=utf-8
cache-control: no-cache

22:59:29.559 [AsyncHttpClient-1-20] DEBUG org.asynchttpclient.netty.channel.ChannelManager - Adding key: http://localhost:44607 for channel [id: 0x4dc907d8, L:/127.0.0.1:54342 - R:localhost/127.0.0.1:44607]
22:59:29.560 [Forwarding clickElement on session ecfa124caf762811a87829e8b4892d1a to remote] DEBUG org.asynchttpclient.netty.request.NettyRequestSender - Using pooled Channel '[id: 0x4dc907d8, L:/127.0.0.1:54342 - R:localhost/127.0.0.1:44607]' for 'POST' to 'http://localhost:44607/session/ecfa124caf762811a87829e8b4892d1a/element/E83FE898022D26FE12190FC4ECE36575_element_2/click'
22:59:29.560 [Forwarding clickElement on session ecfa124caf762811a87829e8b4892d1a to remote] DEBUG org.asynchttpclient.netty.request.NettyRequestSender - Using open Channel [id: 0x4dc907d8, L:/127.0.0.1:54342 - R:localhost/127.0.0.1:44607] for POST '/session/ecfa124caf762811a87829e8b4892d1a/element/E83FE898022D26FE12190FC4ECE36575_element_2/click'
22:59:29.601 [AsyncHttpClient-1-1] DEBUG org.asynchttpclient.netty.channel.DefaultChannelPool - Entry count for : http://localhost:54343 : 1
22:59:29.643 [AsyncHttpClient-1-20] DEBUG org.asynchttpclient.netty.handler.HttpHandler - 

Request DefaultHttpRequest(decodeResult: success, version: HTTP/1.1)
POST /session/ecfa124caf762811a87829e8b4892d1a/element/E83FE898022D26FE12190FC4ECE36575_element_2/click HTTP/1.1
User-Agent: selenium/4.8.1 (java windows)
Content-Length: 56
Content-Type: application/json; charset=utf-8
host: localhost:44607
accept: */*

Response DefaultHttpResponse(decodeResult: success, version: HTTP/1.1)
HTTP/1.1 200 OK
Content-Length: 14
Content-Type: application/json; charset=utf-8
cache-control: no-cache

22:59:29.643 [AsyncHttpClient-1-20] DEBUG org.asynchttpclient.netty.channel.ChannelManager - Adding key: http://localhost:44607 for channel [id: 0x4dc907d8, L:/127.0.0.1:54342 - R:localhost/127.0.0.1:44607]
22:59:29.659 [Forwarding getAlertText on session ecfa124caf762811a87829e8b4892d1a to remote] DEBUG org.asynchttpclient.netty.request.NettyRequestSender - Using pooled Channel '[id: 0x4dc907d8, L:/127.0.0.1:54342 - R:localhost/127.0.0.1:44607]' for 'GET' to 'http://localhost:44607/session/ecfa124caf762811a87829e8b4892d1a/alert/text'
22:59:29.659 [Forwarding getAlertText on session ecfa124caf762811a87829e8b4892d1a to remote] DEBUG org.asynchttpclient.netty.request.NettyRequestSender - Using open Channel [id: 0x4dc907d8, L:/127.0.0.1:54342 - R:localhost/127.0.0.1:44607] for GET '/session/ecfa124caf762811a87829e8b4892d1a/alert/text'
22:59:29.663 [AsyncHttpClient-1-20] DEBUG org.asynchttpclient.netty.handler.HttpHandler - 

Request DefaultFullHttpRequest(decodeResult: success, version: HTTP/1.1, content: EmptyByteBufBE)
GET /session/ecfa124caf762811a87829e8b4892d1a/alert/text HTTP/1.1
User-Agent: selenium/4.8.1 (java windows)
Cache-Control: no-cache
Content-Type: application/json; charset=utf-8
host: localhost:44607
accept: */*

Response DefaultHttpResponse(decodeResult: success, version: HTTP/1.1)
HTTP/1.1 404 Not Found
Content-Length: 820
Content-Type: application/json; charset=utf-8
cache-control: no-cache

22:59:29.663 [AsyncHttpClient-1-20] DEBUG org.asynchttpclient.netty.channel.ChannelManager - Adding key: http://localhost:44607 for channel [id: 0x4dc907d8, L:/127.0.0.1:54342 - R:localhost/127.0.0.1:44607]
22:59:29.665 [Forwarding getCurrentUrl on session ecfa124caf762811a87829e8b4892d1a to remote] DEBUG org.asynchttpclient.netty.request.NettyRequestSender - Using pooled Channel '[id: 0x4dc907d8, L:/127.0.0.1:54342 - R:localhost/127.0.0.1:44607]' for 'GET' to 'http://localhost:44607/session/ecfa124caf762811a87829e8b4892d1a/url'
22:59:29.665 [Forwarding getCurrentUrl on session ecfa124caf762811a87829e8b4892d1a to remote] DEBUG org.asynchttpclient.netty.request.NettyRequestSender - Using open Channel [id: 0x4dc907d8, L:/127.0.0.1:54342 - R:localhost/127.0.0.1:44607] for GET '/session/ecfa124caf762811a87829e8b4892d1a/url'
22:59:29.685 [AsyncHttpClient-1-20] DEBUG org.asynchttpclient.netty.handler.HttpHandler - 

Request DefaultFullHttpRequest(decodeResult: success, version: HTTP/1.1, content: EmptyByteBufBE)
GET /session/ecfa124caf762811a87829e8b4892d1a/url HTTP/1.1
User-Agent: selenium/4.8.1 (java windows)
Cache-Control: no-cache
Content-Type: application/json; charset=utf-8
host: localhost:44607
accept: */*

Response DefaultHttpResponse(decodeResult: success, version: HTTP/1.1)
HTTP/1.1 200 OK
Content-Length: 54
Content-Type: application/json; charset=utf-8
cache-control: no-cache

22:59:29.685 [AsyncHttpClient-1-20] DEBUG org.asynchttpclient.netty.channel.ChannelManager - Adding key: http://localhost:44607 for channel [id: 0x4dc907d8, L:/127.0.0.1:54342 - R:localhost/127.0.0.1:44607]
22:59:29.686 [Forwarding screenshot on session ecfa124caf762811a87829e8b4892d1a to remote] DEBUG org.asynchttpclient.netty.request.NettyRequestSender - Using pooled Channel '[id: 0x4dc907d8, L:/127.0.0.1:54342 - R:localhost/127.0.0.1:44607]' for 'GET' to 'http://localhost:44607/session/ecfa124caf762811a87829e8b4892d1a/screenshot'
22:59:29.686 [Forwarding screenshot on session ecfa124caf762811a87829e8b4892d1a to remote] DEBUG org.asynchttpclient.netty.request.NettyRequestSender - Using open Channel [id: 0x4dc907d8, L:/127.0.0.1:54342 - R:localhost/127.0.0.1:44607] for GET '/session/ecfa124caf762811a87829e8b4892d1a/screenshot'
22:59:30.039 [AsyncHttpClient-1-20] DEBUG org.asynchttpclient.netty.handler.HttpHandler - 

Request DefaultFullHttpRequest(decodeResult: success, version: HTTP/1.1, content: EmptyByteBufBE)
GET /session/ecfa124caf762811a87829e8b4892d1a/screenshot HTTP/1.1
User-Agent: selenium/4.8.1 (java windows)
Cache-Control: no-cache
Content-Type: application/json; charset=utf-8
host: localhost:44607
accept: */*

Response DefaultHttpResponse(decodeResult: success, version: HTTP/1.1)
HTTP/1.1 200 OK
Content-Length: 39712
Content-Type: application/json; charset=utf-8
cache-control: no-cache

22:59:30.039 [AsyncHttpClient-1-20] DEBUG org.asynchttpclient.netty.channel.ChannelManager - Adding key: http://localhost:44607 for channel [id: 0x4dc907d8, L:/127.0.0.1:54342 - R:localhost/127.0.0.1:44607]
22:59:30.041 [main] DEBUG net.serenitybdd.core.photography.Darkroom - Send negative for processing for target\site\serenity\bd2ff956ea39b0b304ebba7912af40385ceb97c6f8c706309070250c3d9f3706.png
22:59:30.042 [main] DEBUG net.thucydides.core.steps.StepInterceptor - STEP DONE: clickRegButton
22:59:30.042 [Darkroom Processing Line] DEBUG net.serenitybdd.core.photography.DarkroomProcessingLine - Processing screenshot image in /var/screenshots/screenshot-7268663339154575435
  &amp#27;[32mAnd &amp#27;[0m&amp#27;[32mclick register button&amp#27;[0m                   &amp#27;[90m# starter.stepdefinitions.RegisterSteps.clickRegButton()&amp#27;[0m
22:59:30.042 [Darkroom Processing Line] DEBUG net.serenitybdd.core.photography.DarkroomProcessingLine - Saving screenshot to target\site\serenity\bd2ff956ea39b0b304ebba7912af40385ceb97c6f8c706309070250c3d9f3706.png
22:59:30.051 [Forwarding getPageSource on session ecfa124caf762811a87829e8b4892d1a to remote] DEBUG org.asynchttpclient.netty.request.NettyRequestSender - Using pooled Channel '[id: 0x4dc907d8, L:/127.0.0.1:54342 - R:localhost/127.0.0.1:44607]' for 'POST' to 'http://localhost:44607/session/ecfa124caf762811a87829e8b4892d1a/execute/sync'
22:59:30.051 [Forwarding getPageSource on session ecfa124caf762811a87829e8b4892d1a to remote] DEBUG org.asynchttpclient.netty.request.NettyRequestSender - Using open Channel [id: 0x4dc907d8, L:/127.0.0.1:54342 - R:localhost/127.0.0.1:44607] for POST '/session/ecfa124caf762811a87829e8b4892d1a/execute/sync'
22:59:30.059 [AsyncHttpClient-1-20] DEBUG org.asynchttpclient.netty.handler.HttpHandler - 

Request DefaultHttpRequest(decodeResult: success, version: HTTP/1.1)
POST /session/ecfa124caf762811a87829e8b4892d1a/execute/sync HTTP/1.1
User-Agent: selenium/4.8.1 (java windows)
Content-Length: 176
Content-Type: application/json; charset=utf-8
host: localhost:44607
accept: */*

Response DefaultHttpResponse(decodeResult: success, version: HTTP/1.1)
HTTP/1.1 200 OK
Content-Length: 23068
Content-Type: application/json; charset=utf-8
cache-control: no-cache

22:59:30.060 [AsyncHttpClient-1-20] DEBUG org.asynchttpclient.netty.channel.ChannelManager - Adding key: http://localhost:44607 for channel [id: 0x4dc907d8, L:/127.0.0.1:54342 - R:localhost/127.0.0.1:44607]
22:59:30.062 [Forwarding getCurrentUrl on session ecfa124caf762811a87829e8b4892d1a to remote] DEBUG org.asynchttpclient.netty.request.NettyRequestSender - Using pooled Channel '[id: 0x4dc907d8, L:/127.0.0.1:54342 - R:localhost/127.0.0.1:44607]' for 'GET' to 'http://localhost:44607/session/ecfa124caf762811a87829e8b4892d1a/url'
22:59:30.062 [Forwarding getCurrentUrl on session ecfa124caf762811a87829e8b4892d1a to remote] DEBUG org.asynchttpclient.netty.request.NettyRequestSender - Using open Channel [id: 0x4dc907d8, L:/127.0.0.1:54342 - R:localhost/127.0.0.1:44607] for GET '/session/ecfa124caf762811a87829e8b4892d1a/url'
22:59:30.069 [AsyncHttpClient-1-20] DEBUG org.asynchttpclient.netty.handler.HttpHandler - 

Request DefaultFullHttpRequest(decodeResult: success, version: HTTP/1.1, content: EmptyByteBufBE)
GET /session/ecfa124caf762811a87829e8b4892d1a/url HTTP/1.1
User-Agent: selenium/4.8.1 (java windows)
Cache-Control: no-cache
Content-Type: application/json; charset=utf-8
host: localhost:44607
accept: */*

Response DefaultHttpResponse(decodeResult: success, version: HTTP/1.1)
HTTP/1.1 200 OK
Content-Length: 54
Content-Type: application/json; charset=utf-8
cache-control: no-cache

22:59:30.070 [AsyncHttpClient-1-20] DEBUG org.asynchttpclient.netty.channel.ChannelManager - Adding key: http://localhost:44607 for channel [id: 0x4dc907d8, L:/127.0.0.1:54342 - R:localhost/127.0.0.1:44607]
22:59:30.078 [Forwarding getPageSource on session ecfa124caf762811a87829e8b4892d1a to remote] DEBUG org.asynchttpclient.netty.request.NettyRequestSender - Using pooled Channel '[id: 0x4dc907d8, L:/127.0.0.1:54342 - R:localhost/127.0.0.1:44607]' for 'POST' to 'http://localhost:44607/session/ecfa124caf762811a87829e8b4892d1a/execute/sync'
22:59:30.078 [Forwarding getPageSource on session ecfa124caf762811a87829e8b4892d1a to remote] DEBUG org.asynchttpclient.netty.request.NettyRequestSender - Using open Channel [id: 0x4dc907d8, L:/127.0.0.1:54342 - R:localhost/127.0.0.1:44607] for POST '/session/ecfa124caf762811a87829e8b4892d1a/execute/sync'
22:59:30.087 [AsyncHttpClient-1-20] DEBUG org.asynchttpclient.netty.handler.HttpHandler - 

Request DefaultHttpRequest(decodeResult: success, version: HTTP/1.1)
POST /session/ecfa124caf762811a87829e8b4892d1a/execute/sync HTTP/1.1
User-Agent: selenium/4.8.1 (java windows)
Content-Length: 176
Content-Type: application/json; charset=utf-8
host: localhost:44607
accept: */*

Response DefaultHttpResponse(decodeResult: success, version: HTTP/1.1)
HTTP/1.1 200 OK
Content-Length: 23068
Content-Type: application/json; charset=utf-8
cache-control: no-cache

22:59:30.087 [AsyncHttpClient-1-20] DEBUG org.asynchttpclient.netty.channel.ChannelManager - Adding key: http://localhost:44607 for channel [id: 0x4dc907d8, L:/127.0.0.1:54342 - R:localhost/127.0.0.1:44607]
22:59:30.090 [Forwarding getCurrentUrl on session ecfa124caf762811a87829e8b4892d1a to remote] DEBUG org.asynchttpclient.netty.request.NettyRequestSender - Using pooled Channel '[id: 0x4dc907d8, L:/127.0.0.1:54342 - R:localhost/127.0.0.1:44607]' for 'GET' to 'http://localhost:44607/session/ecfa124caf762811a87829e8b4892d1a/url'
22:59:30.090 [Forwarding getCurrentUrl on session ecfa124caf762811a87829e8b4892d1a to remote] DEBUG org.asynchttpclient.netty.request.NettyRequestSender - Using open Channel [id: 0x4dc907d8, L:/127.0.0.1:54342 - R:localhost/127.0.0.1:44607] for GET '/session/ecfa124caf762811a87829e8b4892d1a/url'
22:59:30.096 [AsyncHttpClient-1-20] DEBUG org.asynchttpclient.netty.handler.HttpHandler - 

Request DefaultFullHttpRequest(decodeResult: success, version: HTTP/1.1, content: EmptyByteBufBE)
GET /session/ecfa124caf762811a87829e8b4892d1a/url HTTP/1.1
User-Agent: selenium/4.8.1 (java windows)
Cache-Control: no-cache
Content-Type: application/json; charset=utf-8
host: localhost:44607
accept: */*

Response DefaultHttpResponse(decodeResult: success, version: HTTP/1.1)
HTTP/1.1 200 OK
Content-Length: 54
Content-Type: application/json; charset=utf-8
cache-control: no-cache

22:59:30.097 [AsyncHttpClient-1-20] DEBUG org.asynchttpclient.netty.channel.ChannelManager - Adding key: http://localhost:44607 for channel [id: 0x4dc907d8, L:/127.0.0.1:54342 - R:localhost/127.0.0.1:44607]
22:59:30.098 [main] DEBUG net.thucydides.core.steps.StepInterceptor - STARTING STEP: RegisterSteps.seeErrorMassage - validateErrorMessage
22:59:30.100 [Forwarding findElement on session ecfa124caf762811a87829e8b4892d1a to remote] DEBUG org.asynchttpclient.netty.request.NettyRequestSender - Using pooled Channel '[id: 0x4dc907d8, L:/127.0.0.1:54342 - R:localhost/127.0.0.1:44607]' for 'POST' to 'http://localhost:44607/session/ecfa124caf762811a87829e8b4892d1a/element'
22:59:30.100 [Forwarding findElement on session ecfa124caf762811a87829e8b4892d1a to remote] DEBUG org.asynchttpclient.netty.request.NettyRequestSender - Using open Channel [id: 0x4dc907d8, L:/127.0.0.1:54342 - R:localhost/127.0.0.1:44607] for POST '/session/ecfa124caf762811a87829e8b4892d1a/element'
22:59:30.117 [AsyncHttpClient-1-20] DEBUG org.asynchttpclient.netty.handler.HttpHandler - 

Request DefaultHttpRequest(decodeResult: success, version: HTTP/1.1)
POST /session/ecfa124caf762811a87829e8b4892d1a/element HTTP/1.1
User-Agent: selenium/4.8.1 (java windows)
Content-Length: 80
Content-Type: application/json; charset=utf-8
host: localhost:44607
accept: */*

Response DefaultHttpResponse(decodeResult: success, version: HTTP/1.1)
HTTP/1.1 200 OK
Content-Length: 95
Content-Type: application/json; charset=utf-8
cache-control: no-cache

22:59:30.117 [AsyncHttpClient-1-20] DEBUG org.asynchttpclient.netty.channel.ChannelManager - Adding key: http://localhost:44607 for channel [id: 0x4dc907d8, L:/127.0.0.1:54342 - R:localhost/127.0.0.1:44607]
22:59:30.119 [Forwarding isElementDisplayed on session ecfa124caf762811a87829e8b4892d1a to remote] DEBUG org.asynchttpclient.netty.request.NettyRequestSender - Using pooled Channel '[id: 0x4dc907d8, L:/127.0.0.1:54342 - R:localhost/127.0.0.1:44607]' for 'POST' to 'http://localhost:44607/session/ecfa124caf762811a87829e8b4892d1a/execute/sync'
22:59:30.120 [Forwarding isElementDisplayed on session ecfa124caf762811a87829e8b4892d1a to remote] DEBUG org.asynchttpclient.netty.request.NettyRequestSender - Using open Channel [id: 0x4dc907d8, L:/127.0.0.1:54342 - R:localhost/127.0.0.1:44607] for POST '/session/ecfa124caf762811a87829e8b4892d1a/execute/sync'
22:59:30.137 [AsyncHttpClient-1-20] DEBUG org.asynchttpclient.netty.handler.HttpHandler - 

Request DefaultHttpRequest(decodeResult: success, version: HTTP/1.1)
POST /session/ecfa124caf762811a87829e8b4892d1a/execute/sync HTTP/1.1
User-Agent: selenium/4.8.1 (java windows)
Content-Length: 48814
Content-Type: application/json; charset=utf-8
host: localhost:44607
accept: */*

Response DefaultHttpResponse(decodeResult: success, version: HTTP/1.1)
HTTP/1.1 200 OK
Content-Length: 14
Content-Type: application/json; charset=utf-8
cache-control: no-cache

22:59:30.137 [AsyncHttpClient-1-20] DEBUG org.asynchttpclient.netty.channel.ChannelManager - Adding key: http://localhost:44607 for channel [id: 0x4dc907d8, L:/127.0.0.1:54342 - R:localhost/127.0.0.1:44607]
22:59:30.144 [Forwarding getAlertText on session ecfa124caf762811a87829e8b4892d1a to remote] DEBUG org.asynchttpclient.netty.request.NettyRequestSender - Using pooled Channel '[id: 0x4dc907d8, L:/127.0.0.1:54342 - R:localhost/127.0.0.1:44607]' for 'GET' to 'http://localhost:44607/session/ecfa124caf762811a87829e8b4892d1a/alert/text'
22:59:30.144 [Forwarding getAlertText on session ecfa124caf762811a87829e8b4892d1a to remote] DEBUG org.asynchttpclient.netty.request.NettyRequestSender - Using open Channel [id: 0x4dc907d8, L:/127.0.0.1:54342 - R:localhost/127.0.0.1:44607] for GET '/session/ecfa124caf762811a87829e8b4892d1a/alert/text'
22:59:30.147 [AsyncHttpClient-1-20] DEBUG org.asynchttpclient.netty.handler.HttpHandler - 

Request DefaultFullHttpRequest(decodeResult: success, version: HTTP/1.1, content: EmptyByteBufBE)
GET /session/ecfa124caf762811a87829e8b4892d1a/alert/text HTTP/1.1
User-Agent: selenium/4.8.1 (java windows)
Cache-Control: no-cache
Content-Type: application/json; charset=utf-8
host: localhost:44607
accept: */*

Response DefaultHttpResponse(decodeResult: success, version: HTTP/1.1)
HTTP/1.1 404 Not Found
Content-Length: 820
Content-Type: application/json; charset=utf-8
cache-control: no-cache

22:59:30.147 [AsyncHttpClient-1-20] DEBUG org.asynchttpclient.netty.channel.ChannelManager - Adding key: http://localhost:44607 for channel [id: 0x4dc907d8, L:/127.0.0.1:54342 - R:localhost/127.0.0.1:44607]
22:59:30.148 [Forwarding getCurrentUrl on session ecfa124caf762811a87829e8b4892d1a to remote] DEBUG org.asynchttpclient.netty.request.NettyRequestSender - Using pooled Channel '[id: 0x4dc907d8, L:/127.0.0.1:54342 - R:localhost/127.0.0.1:44607]' for 'GET' to 'http://localhost:44607/session/ecfa124caf762811a87829e8b4892d1a/url'
22:59:30.148 [Forwarding getCurrentUrl on session ecfa124caf762811a87829e8b4892d1a to remote] DEBUG org.asynchttpclient.netty.request.NettyRequestSender - Using open Channel [id: 0x4dc907d8, L:/127.0.0.1:54342 - R:localhost/127.0.0.1:44607] for GET '/session/ecfa124caf762811a87829e8b4892d1a/url'
22:59:30.154 [AsyncHttpClient-1-20] DEBUG org.asynchttpclient.netty.handler.HttpHandler - 

Request DefaultFullHttpRequest(decodeResult: success, version: HTTP/1.1, content: EmptyByteBufBE)
GET /session/ecfa124caf762811a87829e8b4892d1a/url HTTP/1.1
User-Agent: selenium/4.8.1 (java windows)
Cache-Control: no-cache
Content-Type: application/json; charset=utf-8
host: localhost:44607
accept: */*

Response DefaultHttpResponse(decodeResult: success, version: HTTP/1.1)
HTTP/1.1 200 OK
Content-Length: 54
Content-Type: application/json; charset=utf-8
cache-control: no-cache

22:59:30.154 [AsyncHttpClient-1-20] DEBUG org.asynchttpclient.netty.channel.ChannelManager - Adding key: http://localhost:44607 for channel [id: 0x4dc907d8, L:/127.0.0.1:54342 - R:localhost/127.0.0.1:44607]
22:59:30.155 [Forwarding screenshot on session ecfa124caf762811a87829e8b4892d1a to remote] DEBUG org.asynchttpclient.netty.request.NettyRequestSender - Using pooled Channel '[id: 0x4dc907d8, L:/127.0.0.1:54342 - R:localhost/127.0.0.1:44607]' for 'GET' to 'http://localhost:44607/session/ecfa124caf762811a87829e8b4892d1a/screenshot'
22:59:30.155 [Forwarding screenshot on session ecfa124caf762811a87829e8b4892d1a to remote] DEBUG org.asynchttpclient.netty.request.NettyRequestSender - Using open Channel [id: 0x4dc907d8, L:/127.0.0.1:54342 - R:localhost/127.0.0.1:44607] for GET '/session/ecfa124caf762811a87829e8b4892d1a/screenshot'
22:59:30.335 [AsyncHttpClient-1-20] DEBUG org.asynchttpclient.netty.handler.HttpHandler - 

Request DefaultFullHttpRequest(decodeResult: success, version: HTTP/1.1, content: EmptyByteBufBE)
GET /session/ecfa124caf762811a87829e8b4892d1a/screenshot HTTP/1.1
User-Agent: selenium/4.8.1 (java windows)
Cache-Control: no-cache
Content-Type: application/json; charset=utf-8
host: localhost:44607
accept: */*

Response DefaultHttpResponse(decodeResult: success, version: HTTP/1.1)
HTTP/1.1 200 OK
Content-Length: 41896
Content-Type: application/json; charset=utf-8
cache-control: no-cache

22:59:30.335 [AsyncHttpClient-1-20] DEBUG org.asynchttpclient.netty.channel.ChannelManager - Adding key: http://localhost:44607 for channel [id: 0x4dc907d8, L:/127.0.0.1:54342 - R:localhost/127.0.0.1:44607]
22:59:30.337 [main] DEBUG net.serenitybdd.core.photography.Darkroom - Send negative for processing for target\site\serenity\bebb2561b38db0ec5b119514c20be9477978c1fae9cf65059c49723ed043e70a.png
22:59:30.337 [main] DEBUG net.thucydides.core.steps.StepInterceptor - STEP DONE: validateErrorMessage
22:59:30.337 [Darkroom Processing Line] DEBUG net.serenitybdd.core.photography.DarkroomProcessingLine - Processing screenshot image in /var/screenshots/screenshot-9085417895059972464
  &amp#27;[32mThen &amp#27;[0m&amp#27;[32mI see the error message&amp#27;[0m                &amp#27;[90m# starter.stepdefinitions.RegisterSteps.seeErrorMassage()&amp#27;[0m
22:59:30.337 [Darkroom Processing Line] DEBUG net.serenitybdd.core.photography.DarkroomProcessingLine - Saving screenshot to target\site\serenity\bebb2561b38db0ec5b119514c20be9477978c1fae9cf65059c49723ed043e70a.png
22:59:30.342 [main] INFO  - 
  _____   ___   ___   _____     ___     _     ___   ___   ___   ___  
 |_   _| | __| / __| |_   _|   | _ \   /_\   / __| / __| | __| |   \ 
   | |   | _|  \__ \   | |     |  _/  / _ \  \__ \ \__ \ | _|  | |) |
   |_|   |___| |___/   |_|     |_|   /_/ \_\ |___/ |___/ |___| |___/ 

Failed register with not fill email
----------------------------------------------------------------------
22:59:30.343 [Driver Command Executor] DEBUG org.asynchttpclient.netty.request.NettyRequestSender - Using pooled Channel '[id: 0x4dc907d8, L:/127.0.0.1:54342 - R:localhost/127.0.0.1:44607]' for 'DELETE' to 'http://localhost:44607/session/ecfa124caf762811a87829e8b4892d1a'
22:59:30.343 [Driver Command Executor] DEBUG org.asynchttpclient.netty.request.NettyRequestSender - Using open Channel [id: 0x4dc907d8, L:/127.0.0.1:54342 - R:localhost/127.0.0.1:44607] for DELETE '/session/ecfa124caf762811a87829e8b4892d1a'
22:59:30.343 [AsyncHttpClient-1-22] DEBUG org.asynchttpclient.netty.handler.WebSocketHandler - Channel Closed: [id: 0x5d31aac2, L:/127.0.0.1:54350 ! R:localhost/127.0.0.1:54343] with attribute NettyResponseFuture{currentRetry=0,
	isDone=1,
	isCancelled=0,
	asyncHandler=org.asynchttpclient.ws.WebSocketUpgradeHandler@25831c79,
	nettyRequest=org.asynchttpclient.netty.request.NettyRequest@608196ad,
	future=java.util.concurrent.CompletableFuture@1436668b[Completed normally],
	uri=ws://localhost:54343/devtools/browser/40edcf32-408b-4b29-9bc3-054ec3083a65,
	keepAlive=true,
	redirectCount=0,
	timeoutsHolder=null,
	inAuth=0,
	touch=1683561565076}
22:59:30.343 [AsyncHttpClient-1-22] DEBUG org.asynchttpclient.netty.channel.ChannelManager - Closing Channel [id: 0x5d31aac2, L:/127.0.0.1:54350 ! R:localhost/127.0.0.1:54343] 
22:59:30.519 [AsyncHttpClient-1-21] DEBUG org.asynchttpclient.netty.handler.HttpHandler - Unexpected I/O exception on channel [id: 0x8a62e9ab, L:/127.0.0.1:54349 - R:localhost/127.0.0.1:54343]
java.io.IOException: An existing connection was forcibly closed by the remote host
	at sun.nio.ch.SocketDispatcher.read0(Native Method)
	at sun.nio.ch.SocketDispatcher.read(SocketDispatcher.java:43)
	at sun.nio.ch.IOUtil.readIntoNativeBuffer(IOUtil.java:223)
	at sun.nio.ch.IOUtil.read(IOUtil.java:192)
	at sun.nio.ch.SocketChannelImpl.read(SocketChannelImpl.java:378)
	at io.netty.buffer.PooledByteBuf.setBytes(PooledByteBuf.java:259)
	at io.netty.buffer.AbstractByteBuf.writeBytes(AbstractByteBuf.java:1132)
	at io.netty.channel.socket.nio.NioSocketChannel.doReadBytes(NioSocketChannel.java:357)
	at io.netty.channel.nio.AbstractNioByteChannel$NioByteUnsafe.read(AbstractNioByteChannel.java:151)
	at io.netty.channel.nio.NioEventLoop.processSelectedKey(NioEventLoop.java:788)
	at io.netty.channel.nio.NioEventLoop.processSelectedKeysOptimized(NioEventLoop.java:724)
	at io.netty.channel.nio.NioEventLoop.processSelectedKeys(NioEventLoop.java:650)
	at io.netty.channel.nio.NioEventLoop.run(NioEventLoop.java:562)
	at io.netty.util.concurrent.SingleThreadEventExecutor$4.run(SingleThreadEventExecutor.java:997)
	at io.netty.util.internal.ThreadExecutorMap$2.run(ThreadExecutorMap.java:74)
	at io.netty.util.concurrent.FastThreadLocalRunnable.run(FastThreadLocalRunnable.java:30)
	at java.lang.Thread.run(Thread.java:750)
22:59:30.519 [AsyncHttpClient-1-21] DEBUG org.asynchttpclient.netty.channel.ChannelManager - Closing Channel [id: 0x8a62e9ab, L:/127.0.0.1:54349 - R:localhost/127.0.0.1:54343] 
22:59:30.520 [AsyncHttpClient-1-21] DEBUG org.asynchttpclient.netty.handler.HttpHandler - Channel Closed: [id: 0x8a62e9ab, L:/127.0.0.1:54349 ! R:localhost/127.0.0.1:54343] with attribute DISCARD
22:59:30.563 [AsyncHttpClient-1-20] DEBUG org.asynchttpclient.netty.handler.HttpHandler - 

Request DefaultFullHttpRequest(decodeResult: success, version: HTTP/1.1, content: EmptyByteBufBE)
DELETE /session/ecfa124caf762811a87829e8b4892d1a HTTP/1.1
User-Agent: selenium/4.8.1 (java windows)
Content-Type: application/json; charset=utf-8
host: localhost:44607
accept: */*

Response DefaultHttpResponse(decodeResult: success, version: HTTP/1.1)
HTTP/1.1 200 OK
Content-Length: 14
Content-Type: application/json; charset=utf-8
cache-control: no-cache

22:59:30.563 [AsyncHttpClient-1-20] DEBUG org.asynchttpclient.netty.channel.ChannelManager - Adding key: http://localhost:44607 for channel [id: 0x4dc907d8, L:/127.0.0.1:54342 - R:localhost/127.0.0.1:44607]
22:59:30.628 [AsyncHttpClient-1-20] DEBUG org.asynchttpclient.netty.handler.HttpHandler - Channel Closed: [id: 0x4dc907d8, L:/127.0.0.1:54342 ! R:localhost/127.0.0.1:44607] with attribute DISCARD
22:59:30.697 [AsyncHttpClient-1-1] DEBUG org.asynchttpclient.netty.channel.DefaultChannelPool - Entry count for : http://localhost:44607 : 1
22:59:30.697 [AsyncHttpClient-1-1] DEBUG org.asynchttpclient.netty.channel.DefaultChannelPool - Entry count for : http://localhost:54343 : 1
22:59:30.697 [AsyncHttpClient-1-1] DEBUG org.asynchttpclient.netty.channel.DefaultChannelPool - Adding Candidate expired Channel [id: 0x4dc907d8, L:/127.0.0.1:54342 ! R:localhost/127.0.0.1:44607] isIdleTimeoutExpired=false isRemotelyClosed=true isTtlExpired=false
22:59:30.697 [AsyncHttpClient-1-1] DEBUG org.asynchttpclient.netty.channel.DefaultChannelPool - Closing Idle Channel [id: 0x4dc907d8, L:/127.0.0.1:54342 ! R:localhost/127.0.0.1:44607]
22:59:30.697 [AsyncHttpClient-1-1] DEBUG org.asynchttpclient.netty.channel.DefaultChannelPool - Adding Candidate expired Channel [id: 0x8a62e9ab, L:/127.0.0.1:54349 ! R:localhost/127.0.0.1:54343] isIdleTimeoutExpired=false isRemotelyClosed=true isTtlExpired=false
22:59:30.697 [AsyncHttpClient-1-1] DEBUG org.asynchttpclient.netty.channel.DefaultChannelPool - Closing Idle Channel [id: 0x8a62e9ab, L:/127.0.0.1:54349 ! R:localhost/127.0.0.1:54343]
22:59:30.697 [AsyncHttpClient-1-1] DEBUG org.asynchttpclient.netty.channel.DefaultChannelPool - Closed 2 connections out of 2 in 0 ms
]]></system-out>
    <system-err><![CDATA[Starting ChromeDriver 113.0.5672.63 (0e1a4471d5ae5bf128b1bd8f4d627c8cbd55f70c-refs/branch-heads/5672@{#912}) on port 44607
Only local connections are allowed.
Please see https://chromedriver.chromium.org/security-considerations for suggestions on keeping ChromeDriver safe.
ChromeDriver was started successfully.
May 08, 2023 10:59:25 PM org.openqa.selenium.devtools.CdpVersionFinder findNearestMatch
WARNING: Unable to find an exact match for CDP version 113, so returning the closest version found: 110
]]></system-err>
  </testcase>
  <testcase name="Failed register with not fill password" classname="Register" time="6.43">
    <system-out><![CDATA[
@Register(-)
Scenario: Failed register with not fill password &amp#27;[90m# src/test/resources/features/1.Register.feature:69&amp#27;[0m
22:59:31.211 [main] DEBUG io.cucumber.core.plugin.SerenityReporter - Running feature from file:///D:/1.%20QA%20ALTERRA%20ACADEMY/MobileTesting/MiniProjectWEB/src/test/resources/features/1.Register.feature
22:59:31.216 [main] INFO  - 
  _____   ___   ___   _____     ___   _____     _     ___   _____   ___   ___  
 |_   _| | __| / __| |_   _|   / __| |_   _|   /_\   | _ \ |_   _| | __| |   \ 
   | |   | _|  \__ \   | |     \__ \   | |    / _ \  |   /   | |   | _|  | |) |
   |_|   |___| |___/   |_|     |___/   |_|   /_/ \_\ |_|_\   |_|   |___| |___/ 

Failed register with not fill password(register;failed-register-with-not-fill-password)
--------------------------------------------------------------------------------
22:59:31.328 [main] INFO net.serenitybdd.core.webdriver.driverproviders.ChromeDriverProvider - Starting Chrome driver instance with capabilities:
22:59:31.329 [main] INFO net.serenitybdd.core.webdriver.driverproviders.ChromeDriverProvider - Capabilities {acceptInsecureCerts: false, browserName: chrome, goog:chromeOptions: {args: [remote-allow-origins=*], extensions: []}}
22:59:32.311 [AsyncHttpClient-1-23] DEBUG org.asynchttpclient.netty.channel.NettyConnectListener - Using new Channel '[id: 0x50d9a6c5, L:/127.0.0.1:54367 - R:localhost/127.0.0.1:6481]' for 'POST' to '/session'
22:59:32.873 [AsyncHttpClient-1-23] DEBUG org.asynchttpclient.netty.handler.HttpHandler - 

Request DefaultHttpRequest(decodeResult: success, version: HTTP/1.1)
POST /session HTTP/1.1
User-Agent: selenium/4.8.1 (java windows)
Content-Length: 507
Content-Type: application/json; charset=utf-8
host: localhost:6481
accept: */*

Response DefaultHttpResponse(decodeResult: success, version: HTTP/1.1)
HTTP/1.1 200 OK
Content-Length: 862
Content-Type: application/json; charset=utf-8
cache-control: no-cache

22:59:32.873 [AsyncHttpClient-1-23] DEBUG org.asynchttpclient.netty.channel.ChannelManager - Adding key: http://localhost:6481 for channel [id: 0x50d9a6c5, L:/127.0.0.1:54367 - R:localhost/127.0.0.1:6481]
22:59:32.879 [AsyncHttpClient-1-24] DEBUG org.asynchttpclient.netty.channel.NettyConnectListener - Using new Channel '[id: 0x60104fbe, L:/127.0.0.1:54374 - R:localhost/127.0.0.1:54368]' for 'GET' to '/json/version'
22:59:32.879 [AsyncHttpClient-1-24] DEBUG org.asynchttpclient.netty.handler.HttpHandler - 

Request DefaultFullHttpRequest(decodeResult: success, version: HTTP/1.1, content: EmptyByteBufBE)
GET /json/version HTTP/1.1
User-Agent: selenium/4.8.1 (java windows)
host: localhost:54368
accept: */*

Response DefaultHttpResponse(decodeResult: success, version: HTTP/1.1)
HTTP/1.1 200 OK
Content-Security-Policy: frame-ancestors 'none'
Content-Length: 422
Content-Type: application/json; charset=UTF-8

22:59:32.880 [AsyncHttpClient-1-24] DEBUG org.asynchttpclient.netty.channel.ChannelManager - Adding key: http://localhost:54368 for channel [id: 0x60104fbe, L:/127.0.0.1:54374 - R:localhost/127.0.0.1:54368]
22:59:32.882 [AsyncHttpClient-1-25] DEBUG org.asynchttpclient.netty.channel.NettyConnectListener - Using new Channel '[id: 0x8635809c, L:/127.0.0.1:54375 - R:localhost/127.0.0.1:54368]' for 'GET' to '/devtools/browser/9ddcbe00-0b06-467c-be7f-2e4925d9d9a3'
22:59:32.884 [AsyncHttpClient-1-25] DEBUG org.asynchttpclient.netty.handler.WebSocketHandler - 

Request DefaultFullHttpRequest(decodeResult: success, version: HTTP/1.1, content: EmptyByteBufBE)
GET /devtools/browser/9ddcbe00-0b06-467c-be7f-2e4925d9d9a3 HTTP/1.1
upgrade: websocket
connection: upgrade
sec-websocket-key: F/qtmHnFI3HHot66n7ZMBA==
sec-websocket-version: 13
origin: http://localhost:54368
host: localhost:54368
accept: */*
user-agent: AHC/2.1

Response DefaultHttpResponse(decodeResult: success, version: HTTP/1.1)
HTTP/1.1 101 WebSocket Protocol Handshake
Upgrade: WebSocket
Connection: Upgrade
Sec-WebSocket-Accept: trtViePlpWX6tY0H8aNKAveQLJA=

22:59:32.886 [Forwarding get on session 0dae2ef660664c01548f3bf20aac0a7a to remote] DEBUG org.asynchttpclient.netty.request.NettyRequestSender - Using pooled Channel '[id: 0x50d9a6c5, L:/127.0.0.1:54367 - R:localhost/127.0.0.1:6481]' for 'POST' to 'http://localhost:6481/session/0dae2ef660664c01548f3bf20aac0a7a/url'
22:59:32.886 [Forwarding get on session 0dae2ef660664c01548f3bf20aac0a7a to remote] DEBUG org.asynchttpclient.netty.request.NettyRequestSender - Using open Channel [id: 0x50d9a6c5, L:/127.0.0.1:54367 - R:localhost/127.0.0.1:6481] for POST '/session/0dae2ef660664c01548f3bf20aac0a7a/url'
22:59:32.902 [AsyncHttpClient-1-1] DEBUG org.asynchttpclient.netty.channel.DefaultChannelPool - Entry count for : http://localhost:54368 : 1
22:59:33.997 [AsyncHttpClient-1-1] DEBUG org.asynchttpclient.netty.channel.DefaultChannelPool - Entry count for : http://localhost:54368 : 1
22:59:34.240 [AsyncHttpClient-1-23] DEBUG org.asynchttpclient.netty.handler.HttpHandler - 

Request DefaultHttpRequest(decodeResult: success, version: HTTP/1.1)
POST /session/0dae2ef660664c01548f3bf20aac0a7a/url HTTP/1.1
User-Agent: selenium/4.8.1 (java windows)
Content-Length: 77
Content-Type: application/json; charset=utf-8
host: localhost:6481
accept: */*

Response DefaultHttpResponse(decodeResult: success, version: HTTP/1.1)
HTTP/1.1 200 OK
Content-Length: 14
Content-Type: application/json; charset=utf-8
cache-control: no-cache

22:59:34.241 [AsyncHttpClient-1-23] DEBUG org.asynchttpclient.netty.channel.ChannelManager - Adding key: http://localhost:6481 for channel [id: 0x50d9a6c5, L:/127.0.0.1:54367 - R:localhost/127.0.0.1:6481]
22:59:34.243 [Forwarding setTimeout on session 0dae2ef660664c01548f3bf20aac0a7a to remote] DEBUG org.asynchttpclient.netty.request.NettyRequestSender - Using pooled Channel '[id: 0x50d9a6c5, L:/127.0.0.1:54367 - R:localhost/127.0.0.1:6481]' for 'POST' to 'http://localhost:6481/session/0dae2ef660664c01548f3bf20aac0a7a/timeouts'
22:59:34.244 [Forwarding setTimeout on session 0dae2ef660664c01548f3bf20aac0a7a to remote] DEBUG org.asynchttpclient.netty.request.NettyRequestSender - Using open Channel [id: 0x50d9a6c5, L:/127.0.0.1:54367 - R:localhost/127.0.0.1:6481] for POST '/session/0dae2ef660664c01548f3bf20aac0a7a/timeouts'
22:59:34.246 [AsyncHttpClient-1-23] DEBUG org.asynchttpclient.netty.handler.HttpHandler - 

Request DefaultHttpRequest(decodeResult: success, version: HTTP/1.1)
POST /session/0dae2ef660664c01548f3bf20aac0a7a/timeouts HTTP/1.1
User-Agent: selenium/4.8.1 (java windows)
Content-Length: 22
Content-Type: application/json; charset=utf-8
host: localhost:6481
accept: */*

Response DefaultHttpResponse(decodeResult: success, version: HTTP/1.1)
HTTP/1.1 200 OK
Content-Length: 14
Content-Type: application/json; charset=utf-8
cache-control: no-cache

22:59:34.246 [AsyncHttpClient-1-23] DEBUG org.asynchttpclient.netty.channel.ChannelManager - Adding key: http://localhost:6481 for channel [id: 0x50d9a6c5, L:/127.0.0.1:54367 - R:localhost/127.0.0.1:6481]
  &amp#27;[32mGiven &amp#27;[0m&amp#27;[32mI am on the register page&amp#27;[0m                &amp#27;[90m# starter.stepdefinitions.RegisterSteps.onTheRegisterPage()&amp#27;[0m
22:59:34.260 [Forwarding getAlertText on session 0dae2ef660664c01548f3bf20aac0a7a to remote] DEBUG org.asynchttpclient.netty.request.NettyRequestSender - Using pooled Channel '[id: 0x50d9a6c5, L:/127.0.0.1:54367 - R:localhost/127.0.0.1:6481]' for 'GET' to 'http://localhost:6481/session/0dae2ef660664c01548f3bf20aac0a7a/alert/text'
22:59:34.261 [Forwarding getAlertText on session 0dae2ef660664c01548f3bf20aac0a7a to remote] DEBUG org.asynchttpclient.netty.request.NettyRequestSender - Using open Channel [id: 0x50d9a6c5, L:/127.0.0.1:54367 - R:localhost/127.0.0.1:6481] for GET '/session/0dae2ef660664c01548f3bf20aac0a7a/alert/text'
22:59:34.265 [AsyncHttpClient-1-23] DEBUG org.asynchttpclient.netty.handler.HttpHandler - 

Request DefaultFullHttpRequest(decodeResult: success, version: HTTP/1.1, content: EmptyByteBufBE)
GET /session/0dae2ef660664c01548f3bf20aac0a7a/alert/text HTTP/1.1
User-Agent: selenium/4.8.1 (java windows)
Cache-Control: no-cache
Content-Type: application/json; charset=utf-8
host: localhost:6481
accept: */*

Response DefaultHttpResponse(decodeResult: success, version: HTTP/1.1)
HTTP/1.1 404 Not Found
Content-Length: 820
Content-Type: application/json; charset=utf-8
cache-control: no-cache

22:59:34.265 [AsyncHttpClient-1-23] DEBUG org.asynchttpclient.netty.channel.ChannelManager - Adding key: http://localhost:6481 for channel [id: 0x50d9a6c5, L:/127.0.0.1:54367 - R:localhost/127.0.0.1:6481]
22:59:34.266 [Forwarding getCurrentUrl on session 0dae2ef660664c01548f3bf20aac0a7a to remote] DEBUG org.asynchttpclient.netty.request.NettyRequestSender - Using pooled Channel '[id: 0x50d9a6c5, L:/127.0.0.1:54367 - R:localhost/127.0.0.1:6481]' for 'GET' to 'http://localhost:6481/session/0dae2ef660664c01548f3bf20aac0a7a/url'
22:59:34.266 [Forwarding getCurrentUrl on session 0dae2ef660664c01548f3bf20aac0a7a to remote] DEBUG org.asynchttpclient.netty.request.NettyRequestSender - Using open Channel [id: 0x50d9a6c5, L:/127.0.0.1:54367 - R:localhost/127.0.0.1:6481] for GET '/session/0dae2ef660664c01548f3bf20aac0a7a/url'
22:59:34.281 [AsyncHttpClient-1-23] DEBUG org.asynchttpclient.netty.handler.HttpHandler - 

Request DefaultFullHttpRequest(decodeResult: success, version: HTTP/1.1, content: EmptyByteBufBE)
GET /session/0dae2ef660664c01548f3bf20aac0a7a/url HTTP/1.1
User-Agent: selenium/4.8.1 (java windows)
Cache-Control: no-cache
Content-Type: application/json; charset=utf-8
host: localhost:6481
accept: */*

Response DefaultHttpResponse(decodeResult: success, version: HTTP/1.1)
HTTP/1.1 200 OK
Content-Length: 54
Content-Type: application/json; charset=utf-8
cache-control: no-cache

22:59:34.282 [AsyncHttpClient-1-23] DEBUG org.asynchttpclient.netty.channel.ChannelManager - Adding key: http://localhost:6481 for channel [id: 0x50d9a6c5, L:/127.0.0.1:54367 - R:localhost/127.0.0.1:6481]
22:59:34.283 [Forwarding screenshot on session 0dae2ef660664c01548f3bf20aac0a7a to remote] DEBUG org.asynchttpclient.netty.request.NettyRequestSender - Using pooled Channel '[id: 0x50d9a6c5, L:/127.0.0.1:54367 - R:localhost/127.0.0.1:6481]' for 'GET' to 'http://localhost:6481/session/0dae2ef660664c01548f3bf20aac0a7a/screenshot'
22:59:34.283 [Forwarding screenshot on session 0dae2ef660664c01548f3bf20aac0a7a to remote] DEBUG org.asynchttpclient.netty.request.NettyRequestSender - Using open Channel [id: 0x50d9a6c5, L:/127.0.0.1:54367 - R:localhost/127.0.0.1:6481] for GET '/session/0dae2ef660664c01548f3bf20aac0a7a/screenshot'
22:59:34.466 [AsyncHttpClient-1-23] DEBUG org.asynchttpclient.netty.handler.HttpHandler - 

Request DefaultFullHttpRequest(decodeResult: success, version: HTTP/1.1, content: EmptyByteBufBE)
GET /session/0dae2ef660664c01548f3bf20aac0a7a/screenshot HTTP/1.1
User-Agent: selenium/4.8.1 (java windows)
Cache-Control: no-cache
Content-Type: application/json; charset=utf-8
host: localhost:6481
accept: */*

Response DefaultHttpResponse(decodeResult: success, version: HTTP/1.1)
HTTP/1.1 200 OK
Content-Length: 37444
Content-Type: application/json; charset=utf-8
cache-control: no-cache

22:59:34.466 [AsyncHttpClient-1-23] DEBUG org.asynchttpclient.netty.channel.ChannelManager - Adding key: http://localhost:6481 for channel [id: 0x50d9a6c5, L:/127.0.0.1:54367 - R:localhost/127.0.0.1:6481]
22:59:34.468 [main] DEBUG net.serenitybdd.core.photography.Darkroom - Send negative for processing for target\site\serenity\bda57162176918dbc601e790e561e44d98a21e455d3cfdc3a3a0d433ec37e6f1.png
22:59:34.471 [Forwarding getPageSource on session 0dae2ef660664c01548f3bf20aac0a7a to remote] DEBUG org.asynchttpclient.netty.request.NettyRequestSender - Using pooled Channel '[id: 0x50d9a6c5, L:/127.0.0.1:54367 - R:localhost/127.0.0.1:6481]' for 'POST' to 'http://localhost:6481/session/0dae2ef660664c01548f3bf20aac0a7a/execute/sync'
22:59:34.471 [Forwarding getPageSource on session 0dae2ef660664c01548f3bf20aac0a7a to remote] DEBUG org.asynchttpclient.netty.request.NettyRequestSender - Using open Channel [id: 0x50d9a6c5, L:/127.0.0.1:54367 - R:localhost/127.0.0.1:6481] for POST '/session/0dae2ef660664c01548f3bf20aac0a7a/execute/sync'
22:59:34.481 [AsyncHttpClient-1-23] DEBUG org.asynchttpclient.netty.handler.HttpHandler - 

Request DefaultHttpRequest(decodeResult: success, version: HTTP/1.1)
POST /session/0dae2ef660664c01548f3bf20aac0a7a/execute/sync HTTP/1.1
User-Agent: selenium/4.8.1 (java windows)
Content-Length: 176
Content-Type: application/json; charset=utf-8
host: localhost:6481
accept: */*

Response DefaultHttpResponse(decodeResult: success, version: HTTP/1.1)
HTTP/1.1 200 OK
Content-Length: 22234
Content-Type: application/json; charset=utf-8
cache-control: no-cache

22:59:34.481 [AsyncHttpClient-1-23] DEBUG org.asynchttpclient.netty.channel.ChannelManager - Adding key: http://localhost:6481 for channel [id: 0x50d9a6c5, L:/127.0.0.1:54367 - R:localhost/127.0.0.1:6481]
22:59:34.484 [Forwarding getCurrentUrl on session 0dae2ef660664c01548f3bf20aac0a7a to remote] DEBUG org.asynchttpclient.netty.request.NettyRequestSender - Using pooled Channel '[id: 0x50d9a6c5, L:/127.0.0.1:54367 - R:localhost/127.0.0.1:6481]' for 'GET' to 'http://localhost:6481/session/0dae2ef660664c01548f3bf20aac0a7a/url'
22:59:34.484 [Forwarding getCurrentUrl on session 0dae2ef660664c01548f3bf20aac0a7a to remote] DEBUG org.asynchttpclient.netty.request.NettyRequestSender - Using open Channel [id: 0x50d9a6c5, L:/127.0.0.1:54367 - R:localhost/127.0.0.1:6481] for GET '/session/0dae2ef660664c01548f3bf20aac0a7a/url'
22:59:34.489 [AsyncHttpClient-1-23] DEBUG org.asynchttpclient.netty.handler.HttpHandler - 

Request DefaultFullHttpRequest(decodeResult: success, version: HTTP/1.1, content: EmptyByteBufBE)
GET /session/0dae2ef660664c01548f3bf20aac0a7a/url HTTP/1.1
User-Agent: selenium/4.8.1 (java windows)
Cache-Control: no-cache
Content-Type: application/json; charset=utf-8
host: localhost:6481
accept: */*

Response DefaultHttpResponse(decodeResult: success, version: HTTP/1.1)
HTTP/1.1 200 OK
Content-Length: 54
Content-Type: application/json; charset=utf-8
cache-control: no-cache

22:59:34.490 [AsyncHttpClient-1-23] DEBUG org.asynchttpclient.netty.channel.ChannelManager - Adding key: http://localhost:6481 for channel [id: 0x50d9a6c5, L:/127.0.0.1:54367 - R:localhost/127.0.0.1:6481]
22:59:34.496 [Forwarding getPageSource on session 0dae2ef660664c01548f3bf20aac0a7a to remote] DEBUG org.asynchttpclient.netty.request.NettyRequestSender - Using pooled Channel '[id: 0x50d9a6c5, L:/127.0.0.1:54367 - R:localhost/127.0.0.1:6481]' for 'POST' to 'http://localhost:6481/session/0dae2ef660664c01548f3bf20aac0a7a/execute/sync'
22:59:34.497 [Forwarding getPageSource on session 0dae2ef660664c01548f3bf20aac0a7a to remote] DEBUG org.asynchttpclient.netty.request.NettyRequestSender - Using open Channel [id: 0x50d9a6c5, L:/127.0.0.1:54367 - R:localhost/127.0.0.1:6481] for POST '/session/0dae2ef660664c01548f3bf20aac0a7a/execute/sync'
22:59:34.504 [AsyncHttpClient-1-23] DEBUG org.asynchttpclient.netty.handler.HttpHandler - 

Request DefaultHttpRequest(decodeResult: success, version: HTTP/1.1)
POST /session/0dae2ef660664c01548f3bf20aac0a7a/execute/sync HTTP/1.1
User-Agent: selenium/4.8.1 (java windows)
Content-Length: 176
Content-Type: application/json; charset=utf-8
host: localhost:6481
accept: */*

Response DefaultHttpResponse(decodeResult: success, version: HTTP/1.1)
HTTP/1.1 200 OK
Content-Length: 22234
Content-Type: application/json; charset=utf-8
cache-control: no-cache

22:59:34.504 [AsyncHttpClient-1-23] DEBUG org.asynchttpclient.netty.channel.ChannelManager - Adding key: http://localhost:6481 for channel [id: 0x50d9a6c5, L:/127.0.0.1:54367 - R:localhost/127.0.0.1:6481]
22:59:34.507 [Forwarding getCurrentUrl on session 0dae2ef660664c01548f3bf20aac0a7a to remote] DEBUG org.asynchttpclient.netty.request.NettyRequestSender - Using pooled Channel '[id: 0x50d9a6c5, L:/127.0.0.1:54367 - R:localhost/127.0.0.1:6481]' for 'GET' to 'http://localhost:6481/session/0dae2ef660664c01548f3bf20aac0a7a/url'
22:59:34.507 [Forwarding getCurrentUrl on session 0dae2ef660664c01548f3bf20aac0a7a to remote] DEBUG org.asynchttpclient.netty.request.NettyRequestSender - Using open Channel [id: 0x50d9a6c5, L:/127.0.0.1:54367 - R:localhost/127.0.0.1:6481] for GET '/session/0dae2ef660664c01548f3bf20aac0a7a/url'
22:59:34.513 [AsyncHttpClient-1-23] DEBUG org.asynchttpclient.netty.handler.HttpHandler - 

Request DefaultFullHttpRequest(decodeResult: success, version: HTTP/1.1, content: EmptyByteBufBE)
GET /session/0dae2ef660664c01548f3bf20aac0a7a/url HTTP/1.1
User-Agent: selenium/4.8.1 (java windows)
Cache-Control: no-cache
Content-Type: application/json; charset=utf-8
host: localhost:6481
accept: */*

Response DefaultHttpResponse(decodeResult: success, version: HTTP/1.1)
HTTP/1.1 200 OK
Content-Length: 54
Content-Type: application/json; charset=utf-8
cache-control: no-cache

22:59:34.513 [AsyncHttpClient-1-23] DEBUG org.asynchttpclient.netty.channel.ChannelManager - Adding key: http://localhost:6481 for channel [id: 0x50d9a6c5, L:/127.0.0.1:54367 - R:localhost/127.0.0.1:6481]
22:59:34.514 [main] DEBUG net.thucydides.core.steps.StepInterceptor - STARTING STEP: RegisterSteps.enterFullName - inputFullName
22:59:34.516 [Forwarding findElement on session 0dae2ef660664c01548f3bf20aac0a7a to remote] DEBUG org.asynchttpclient.netty.request.NettyRequestSender - Using pooled Channel '[id: 0x50d9a6c5, L:/127.0.0.1:54367 - R:localhost/127.0.0.1:6481]' for 'POST' to 'http://localhost:6481/session/0dae2ef660664c01548f3bf20aac0a7a/element'
22:59:34.516 [Forwarding findElement on session 0dae2ef660664c01548f3bf20aac0a7a to remote] DEBUG org.asynchttpclient.netty.request.NettyRequestSender - Using open Channel [id: 0x50d9a6c5, L:/127.0.0.1:54367 - R:localhost/127.0.0.1:6481] for POST '/session/0dae2ef660664c01548f3bf20aac0a7a/element'
22:59:34.532 [AsyncHttpClient-1-23] DEBUG org.asynchttpclient.netty.handler.HttpHandler - 

Request DefaultHttpRequest(decodeResult: success, version: HTTP/1.1)
POST /session/0dae2ef660664c01548f3bf20aac0a7a/element HTTP/1.1
User-Agent: selenium/4.8.1 (java windows)
Content-Length: 55
Content-Type: application/json; charset=utf-8
host: localhost:6481
accept: */*

Response DefaultHttpResponse(decodeResult: success, version: HTTP/1.1)
HTTP/1.1 200 OK
Content-Length: 94
Content-Type: application/json; charset=utf-8
cache-control: no-cache

22:59:34.532 [AsyncHttpClient-1-23] DEBUG org.asynchttpclient.netty.channel.ChannelManager - Adding key: http://localhost:6481 for channel [id: 0x50d9a6c5, L:/127.0.0.1:54367 - R:localhost/127.0.0.1:6481]
22:59:34.533 [Forwarding clearElement on session 0dae2ef660664c01548f3bf20aac0a7a to remote] DEBUG org.asynchttpclient.netty.request.NettyRequestSender - Using pooled Channel '[id: 0x50d9a6c5, L:/127.0.0.1:54367 - R:localhost/127.0.0.1:6481]' for 'POST' to 'http://localhost:6481/session/0dae2ef660664c01548f3bf20aac0a7a/element/6F5CCD7828741F56CAF98EA4FD7E63A2_element_7/clear'
22:59:34.533 [Forwarding clearElement on session 0dae2ef660664c01548f3bf20aac0a7a to remote] DEBUG org.asynchttpclient.netty.request.NettyRequestSender - Using open Channel [id: 0x50d9a6c5, L:/127.0.0.1:54367 - R:localhost/127.0.0.1:6481] for POST '/session/0dae2ef660664c01548f3bf20aac0a7a/element/6F5CCD7828741F56CAF98EA4FD7E63A2_element_7/clear'
22:59:34.581 [AsyncHttpClient-1-23] DEBUG org.asynchttpclient.netty.handler.HttpHandler - 

Request DefaultHttpRequest(decodeResult: success, version: HTTP/1.1)
POST /session/0dae2ef660664c01548f3bf20aac0a7a/element/6F5CCD7828741F56CAF98EA4FD7E63A2_element_7/clear HTTP/1.1
User-Agent: selenium/4.8.1 (java windows)
Content-Length: 56
Content-Type: application/json; charset=utf-8
host: localhost:6481
accept: */*

Response DefaultHttpResponse(decodeResult: success, version: HTTP/1.1)
HTTP/1.1 200 OK
Content-Length: 14
Content-Type: application/json; charset=utf-8
cache-control: no-cache

22:59:34.581 [AsyncHttpClient-1-23] DEBUG org.asynchttpclient.netty.channel.ChannelManager - Adding key: http://localhost:6481 for channel [id: 0x50d9a6c5, L:/127.0.0.1:54367 - R:localhost/127.0.0.1:6481]
22:59:34.582 [Forwarding sendKeysToElement on session 0dae2ef660664c01548f3bf20aac0a7a to remote] DEBUG org.asynchttpclient.netty.request.NettyRequestSender - Using pooled Channel '[id: 0x50d9a6c5, L:/127.0.0.1:54367 - R:localhost/127.0.0.1:6481]' for 'POST' to 'http://localhost:6481/session/0dae2ef660664c01548f3bf20aac0a7a/element/6F5CCD7828741F56CAF98EA4FD7E63A2_element_7/value'
22:59:34.582 [Forwarding sendKeysToElement on session 0dae2ef660664c01548f3bf20aac0a7a to remote] DEBUG org.asynchttpclient.netty.request.NettyRequestSender - Using open Channel [id: 0x50d9a6c5, L:/127.0.0.1:54367 - R:localhost/127.0.0.1:6481] for POST '/session/0dae2ef660664c01548f3bf20aac0a7a/element/6F5CCD7828741F56CAF98EA4FD7E63A2_element_7/value'
22:59:34.719 [AsyncHttpClient-1-23] DEBUG org.asynchttpclient.netty.handler.HttpHandler - 

Request DefaultHttpRequest(decodeResult: success, version: HTTP/1.1)
POST /session/0dae2ef660664c01548f3bf20aac0a7a/element/6F5CCD7828741F56CAF98EA4FD7E63A2_element_7/value HTTP/1.1
User-Agent: selenium/4.8.1 (java windows)
Content-Length: 197
Content-Type: application/json; charset=utf-8
host: localhost:6481
accept: */*

Response DefaultHttpResponse(decodeResult: success, version: HTTP/1.1)
HTTP/1.1 200 OK
Content-Length: 14
Content-Type: application/json; charset=utf-8
cache-control: no-cache

22:59:34.720 [AsyncHttpClient-1-23] DEBUG org.asynchttpclient.netty.channel.ChannelManager - Adding key: http://localhost:6481 for channel [id: 0x50d9a6c5, L:/127.0.0.1:54367 - R:localhost/127.0.0.1:6481]
22:59:34.727 [Forwarding getAlertText on session 0dae2ef660664c01548f3bf20aac0a7a to remote] DEBUG org.asynchttpclient.netty.request.NettyRequestSender - Using pooled Channel '[id: 0x50d9a6c5, L:/127.0.0.1:54367 - R:localhost/127.0.0.1:6481]' for 'GET' to 'http://localhost:6481/session/0dae2ef660664c01548f3bf20aac0a7a/alert/text'
22:59:34.727 [Forwarding getAlertText on session 0dae2ef660664c01548f3bf20aac0a7a to remote] DEBUG org.asynchttpclient.netty.request.NettyRequestSender - Using open Channel [id: 0x50d9a6c5, L:/127.0.0.1:54367 - R:localhost/127.0.0.1:6481] for GET '/session/0dae2ef660664c01548f3bf20aac0a7a/alert/text'
22:59:34.729 [AsyncHttpClient-1-23] DEBUG org.asynchttpclient.netty.handler.HttpHandler - 

Request DefaultFullHttpRequest(decodeResult: success, version: HTTP/1.1, content: EmptyByteBufBE)
GET /session/0dae2ef660664c01548f3bf20aac0a7a/alert/text HTTP/1.1
User-Agent: selenium/4.8.1 (java windows)
Cache-Control: no-cache
Content-Type: application/json; charset=utf-8
host: localhost:6481
accept: */*

Response DefaultHttpResponse(decodeResult: success, version: HTTP/1.1)
HTTP/1.1 404 Not Found
Content-Length: 820
Content-Type: application/json; charset=utf-8
cache-control: no-cache

22:59:34.730 [AsyncHttpClient-1-23] DEBUG org.asynchttpclient.netty.channel.ChannelManager - Adding key: http://localhost:6481 for channel [id: 0x50d9a6c5, L:/127.0.0.1:54367 - R:localhost/127.0.0.1:6481]
22:59:34.731 [Forwarding getCurrentUrl on session 0dae2ef660664c01548f3bf20aac0a7a to remote] DEBUG org.asynchttpclient.netty.request.NettyRequestSender - Using pooled Channel '[id: 0x50d9a6c5, L:/127.0.0.1:54367 - R:localhost/127.0.0.1:6481]' for 'GET' to 'http://localhost:6481/session/0dae2ef660664c01548f3bf20aac0a7a/url'
22:59:34.731 [Forwarding getCurrentUrl on session 0dae2ef660664c01548f3bf20aac0a7a to remote] DEBUG org.asynchttpclient.netty.request.NettyRequestSender - Using open Channel [id: 0x50d9a6c5, L:/127.0.0.1:54367 - R:localhost/127.0.0.1:6481] for GET '/session/0dae2ef660664c01548f3bf20aac0a7a/url'
22:59:34.738 [AsyncHttpClient-1-23] DEBUG org.asynchttpclient.netty.handler.HttpHandler - 

Request DefaultFullHttpRequest(decodeResult: success, version: HTTP/1.1, content: EmptyByteBufBE)
GET /session/0dae2ef660664c01548f3bf20aac0a7a/url HTTP/1.1
User-Agent: selenium/4.8.1 (java windows)
Cache-Control: no-cache
Content-Type: application/json; charset=utf-8
host: localhost:6481
accept: */*

Response DefaultHttpResponse(decodeResult: success, version: HTTP/1.1)
HTTP/1.1 200 OK
Content-Length: 54
Content-Type: application/json; charset=utf-8
cache-control: no-cache

22:59:34.738 [AsyncHttpClient-1-23] DEBUG org.asynchttpclient.netty.channel.ChannelManager - Adding key: http://localhost:6481 for channel [id: 0x50d9a6c5, L:/127.0.0.1:54367 - R:localhost/127.0.0.1:6481]
22:59:34.738 [Forwarding screenshot on session 0dae2ef660664c01548f3bf20aac0a7a to remote] DEBUG org.asynchttpclient.netty.request.NettyRequestSender - Using pooled Channel '[id: 0x50d9a6c5, L:/127.0.0.1:54367 - R:localhost/127.0.0.1:6481]' for 'GET' to 'http://localhost:6481/session/0dae2ef660664c01548f3bf20aac0a7a/screenshot'
22:59:34.738 [Forwarding screenshot on session 0dae2ef660664c01548f3bf20aac0a7a to remote] DEBUG org.asynchttpclient.netty.request.NettyRequestSender - Using open Channel [id: 0x50d9a6c5, L:/127.0.0.1:54367 - R:localhost/127.0.0.1:6481] for GET '/session/0dae2ef660664c01548f3bf20aac0a7a/screenshot'
22:59:35.035 [AsyncHttpClient-1-23] DEBUG org.asynchttpclient.netty.handler.HttpHandler - 

Request DefaultFullHttpRequest(decodeResult: success, version: HTTP/1.1, content: EmptyByteBufBE)
GET /session/0dae2ef660664c01548f3bf20aac0a7a/screenshot HTTP/1.1
User-Agent: selenium/4.8.1 (java windows)
Cache-Control: no-cache
Content-Type: application/json; charset=utf-8
host: localhost:6481
accept: */*

Response DefaultHttpResponse(decodeResult: success, version: HTTP/1.1)
HTTP/1.1 200 OK
Content-Length: 40540
Content-Type: application/json; charset=utf-8
cache-control: no-cache

22:59:35.035 [AsyncHttpClient-1-23] DEBUG org.asynchttpclient.netty.channel.ChannelManager - Adding key: http://localhost:6481 for channel [id: 0x50d9a6c5, L:/127.0.0.1:54367 - R:localhost/127.0.0.1:6481]
22:59:35.039 [main] DEBUG net.serenitybdd.core.photography.Darkroom - Send negative for processing for target\site\serenity\2b26658dd6ffb2b9b7d78194c713d4e5d73512a4b44d5714342d184edfc7ddf9.png
22:59:35.039 [main] DEBUG net.thucydides.core.steps.StepInterceptor - STEP DONE: inputFullName
22:59:35.040 [Darkroom Processing Line] DEBUG net.serenitybdd.core.photography.DarkroomProcessingLine - Processing screenshot image in /var/screenshots/screenshot-2445480760006328583
22:59:35.040 [Darkroom Processing Line] DEBUG net.serenitybdd.core.photography.DarkroomProcessingLine - Saving screenshot to target\site\serenity\2b26658dd6ffb2b9b7d78194c713d4e5d73512a4b44d5714342d184edfc7ddf9.png
  &amp#27;[32mWhen &amp#27;[0m&amp#27;[32mI enter full name&amp#27;[0m                         &amp#27;[90m# starter.stepdefinitions.RegisterSteps.enterFullName()&amp#27;[0m
22:59:35.060 [Forwarding getPageSource on session 0dae2ef660664c01548f3bf20aac0a7a to remote] DEBUG org.asynchttpclient.netty.request.NettyRequestSender - Using pooled Channel '[id: 0x50d9a6c5, L:/127.0.0.1:54367 - R:localhost/127.0.0.1:6481]' for 'POST' to 'http://localhost:6481/session/0dae2ef660664c01548f3bf20aac0a7a/execute/sync'
22:59:35.060 [Forwarding getPageSource on session 0dae2ef660664c01548f3bf20aac0a7a to remote] DEBUG org.asynchttpclient.netty.request.NettyRequestSender - Using open Channel [id: 0x50d9a6c5, L:/127.0.0.1:54367 - R:localhost/127.0.0.1:6481] for POST '/session/0dae2ef660664c01548f3bf20aac0a7a/execute/sync'
22:59:35.072 [AsyncHttpClient-1-23] DEBUG org.asynchttpclient.netty.handler.HttpHandler - 

Request DefaultHttpRequest(decodeResult: success, version: HTTP/1.1)
POST /session/0dae2ef660664c01548f3bf20aac0a7a/execute/sync HTTP/1.1
User-Agent: selenium/4.8.1 (java windows)
Content-Length: 176
Content-Type: application/json; charset=utf-8
host: localhost:6481
accept: */*

Response DefaultHttpResponse(decodeResult: success, version: HTTP/1.1)
HTTP/1.1 200 OK
Content-Length: 22355
Content-Type: application/json; charset=utf-8
cache-control: no-cache

22:59:35.072 [AsyncHttpClient-1-23] DEBUG org.asynchttpclient.netty.channel.ChannelManager - Adding key: http://localhost:6481 for channel [id: 0x50d9a6c5, L:/127.0.0.1:54367 - R:localhost/127.0.0.1:6481]
22:59:35.076 [Forwarding getCurrentUrl on session 0dae2ef660664c01548f3bf20aac0a7a to remote] DEBUG org.asynchttpclient.netty.request.NettyRequestSender - Using pooled Channel '[id: 0x50d9a6c5, L:/127.0.0.1:54367 - R:localhost/127.0.0.1:6481]' for 'GET' to 'http://localhost:6481/session/0dae2ef660664c01548f3bf20aac0a7a/url'
22:59:35.076 [Forwarding getCurrentUrl on session 0dae2ef660664c01548f3bf20aac0a7a to remote] DEBUG org.asynchttpclient.netty.request.NettyRequestSender - Using open Channel [id: 0x50d9a6c5, L:/127.0.0.1:54367 - R:localhost/127.0.0.1:6481] for GET '/session/0dae2ef660664c01548f3bf20aac0a7a/url'
22:59:35.084 [AsyncHttpClient-1-23] DEBUG org.asynchttpclient.netty.handler.HttpHandler - 

Request DefaultFullHttpRequest(decodeResult: success, version: HTTP/1.1, content: EmptyByteBufBE)
GET /session/0dae2ef660664c01548f3bf20aac0a7a/url HTTP/1.1
User-Agent: selenium/4.8.1 (java windows)
Cache-Control: no-cache
Content-Type: application/json; charset=utf-8
host: localhost:6481
accept: */*

Response DefaultHttpResponse(decodeResult: success, version: HTTP/1.1)
HTTP/1.1 200 OK
Content-Length: 54
Content-Type: application/json; charset=utf-8
cache-control: no-cache

22:59:35.084 [AsyncHttpClient-1-23] DEBUG org.asynchttpclient.netty.channel.ChannelManager - Adding key: http://localhost:6481 for channel [id: 0x50d9a6c5, L:/127.0.0.1:54367 - R:localhost/127.0.0.1:6481]
22:59:35.095 [Forwarding getAlertText on session 0dae2ef660664c01548f3bf20aac0a7a to remote] DEBUG org.asynchttpclient.netty.request.NettyRequestSender - Using pooled Channel '[id: 0x50d9a6c5, L:/127.0.0.1:54367 - R:localhost/127.0.0.1:6481]' for 'GET' to 'http://localhost:6481/session/0dae2ef660664c01548f3bf20aac0a7a/alert/text'
22:59:35.095 [Forwarding getAlertText on session 0dae2ef660664c01548f3bf20aac0a7a to remote] DEBUG org.asynchttpclient.netty.request.NettyRequestSender - Using open Channel [id: 0x50d9a6c5, L:/127.0.0.1:54367 - R:localhost/127.0.0.1:6481] for GET '/session/0dae2ef660664c01548f3bf20aac0a7a/alert/text'
22:59:35.097 [AsyncHttpClient-1-23] DEBUG org.asynchttpclient.netty.handler.HttpHandler - 

Request DefaultFullHttpRequest(decodeResult: success, version: HTTP/1.1, content: EmptyByteBufBE)
GET /session/0dae2ef660664c01548f3bf20aac0a7a/alert/text HTTP/1.1
User-Agent: selenium/4.8.1 (java windows)
Cache-Control: no-cache
Content-Type: application/json; charset=utf-8
host: localhost:6481
accept: */*

Response DefaultHttpResponse(decodeResult: success, version: HTTP/1.1)
HTTP/1.1 404 Not Found
Content-Length: 820
Content-Type: application/json; charset=utf-8
cache-control: no-cache

22:59:35.097 [AsyncHttpClient-1-23] DEBUG org.asynchttpclient.netty.channel.ChannelManager - Adding key: http://localhost:6481 for channel [id: 0x50d9a6c5, L:/127.0.0.1:54367 - R:localhost/127.0.0.1:6481]
22:59:35.099 [Forwarding getCurrentUrl on session 0dae2ef660664c01548f3bf20aac0a7a to remote] DEBUG org.asynchttpclient.netty.request.NettyRequestSender - Using pooled Channel '[id: 0x50d9a6c5, L:/127.0.0.1:54367 - R:localhost/127.0.0.1:6481]' for 'GET' to 'http://localhost:6481/session/0dae2ef660664c01548f3bf20aac0a7a/url'
22:59:35.099 [Forwarding getCurrentUrl on session 0dae2ef660664c01548f3bf20aac0a7a to remote] DEBUG org.asynchttpclient.netty.request.NettyRequestSender - Using open Channel [id: 0x50d9a6c5, L:/127.0.0.1:54367 - R:localhost/127.0.0.1:6481] for GET '/session/0dae2ef660664c01548f3bf20aac0a7a/url'
22:59:35.099 [AsyncHttpClient-1-1] DEBUG org.asynchttpclient.netty.channel.DefaultChannelPool - Entry count for : http://localhost:54368 : 1
22:59:35.105 [AsyncHttpClient-1-23] DEBUG org.asynchttpclient.netty.handler.HttpHandler - 

Request DefaultFullHttpRequest(decodeResult: success, version: HTTP/1.1, content: EmptyByteBufBE)
GET /session/0dae2ef660664c01548f3bf20aac0a7a/url HTTP/1.1
User-Agent: selenium/4.8.1 (java windows)
Cache-Control: no-cache
Content-Type: application/json; charset=utf-8
host: localhost:6481
accept: */*

Response DefaultHttpResponse(decodeResult: success, version: HTTP/1.1)
HTTP/1.1 200 OK
Content-Length: 54
Content-Type: application/json; charset=utf-8
cache-control: no-cache

22:59:35.105 [AsyncHttpClient-1-23] DEBUG org.asynchttpclient.netty.channel.ChannelManager - Adding key: http://localhost:6481 for channel [id: 0x50d9a6c5, L:/127.0.0.1:54367 - R:localhost/127.0.0.1:6481]
22:59:35.106 [Forwarding screenshot on session 0dae2ef660664c01548f3bf20aac0a7a to remote] DEBUG org.asynchttpclient.netty.request.NettyRequestSender - Using pooled Channel '[id: 0x50d9a6c5, L:/127.0.0.1:54367 - R:localhost/127.0.0.1:6481]' for 'GET' to 'http://localhost:6481/session/0dae2ef660664c01548f3bf20aac0a7a/screenshot'
22:59:35.106 [Forwarding screenshot on session 0dae2ef660664c01548f3bf20aac0a7a to remote] DEBUG org.asynchttpclient.netty.request.NettyRequestSender - Using open Channel [id: 0x50d9a6c5, L:/127.0.0.1:54367 - R:localhost/127.0.0.1:6481] for GET '/session/0dae2ef660664c01548f3bf20aac0a7a/screenshot'
22:59:35.362 [AsyncHttpClient-1-23] DEBUG org.asynchttpclient.netty.handler.HttpHandler - 

Request DefaultFullHttpRequest(decodeResult: success, version: HTTP/1.1, content: EmptyByteBufBE)
GET /session/0dae2ef660664c01548f3bf20aac0a7a/screenshot HTTP/1.1
User-Agent: selenium/4.8.1 (java windows)
Cache-Control: no-cache
Content-Type: application/json; charset=utf-8
host: localhost:6481
accept: */*

Response DefaultHttpResponse(decodeResult: success, version: HTTP/1.1)
HTTP/1.1 200 OK
Content-Length: 39792
Content-Type: application/json; charset=utf-8
cache-control: no-cache

22:59:35.362 [AsyncHttpClient-1-23] DEBUG org.asynchttpclient.netty.channel.ChannelManager - Adding key: http://localhost:6481 for channel [id: 0x50d9a6c5, L:/127.0.0.1:54367 - R:localhost/127.0.0.1:6481]
22:59:35.364 [main] DEBUG net.serenitybdd.core.photography.Darkroom - Send negative for processing for target\site\serenity\481d9a0b78a0c6705e983b3971dfd7effa153ccc6630441569b383798b331421.png
22:59:35.366 [Forwarding getPageSource on session 0dae2ef660664c01548f3bf20aac0a7a to remote] DEBUG org.asynchttpclient.netty.request.NettyRequestSender - Using pooled Channel '[id: 0x50d9a6c5, L:/127.0.0.1:54367 - R:localhost/127.0.0.1:6481]' for 'POST' to 'http://localhost:6481/session/0dae2ef660664c01548f3bf20aac0a7a/execute/sync'
22:59:35.366 [Forwarding getPageSource on session 0dae2ef660664c01548f3bf20aac0a7a to remote] DEBUG org.asynchttpclient.netty.request.NettyRequestSender - Using open Channel [id: 0x50d9a6c5, L:/127.0.0.1:54367 - R:localhost/127.0.0.1:6481] for POST '/session/0dae2ef660664c01548f3bf20aac0a7a/execute/sync'
22:59:35.375 [AsyncHttpClient-1-23] DEBUG org.asynchttpclient.netty.handler.HttpHandler - 

Request DefaultHttpRequest(decodeResult: success, version: HTTP/1.1)
POST /session/0dae2ef660664c01548f3bf20aac0a7a/execute/sync HTTP/1.1
User-Agent: selenium/4.8.1 (java windows)
Content-Length: 176
Content-Type: application/json; charset=utf-8
host: localhost:6481
accept: */*

Response DefaultHttpResponse(decodeResult: success, version: HTTP/1.1)
HTTP/1.1 200 OK
Content-Length: 22355
Content-Type: application/json; charset=utf-8
cache-control: no-cache

22:59:35.375 [AsyncHttpClient-1-23] DEBUG org.asynchttpclient.netty.channel.ChannelManager - Adding key: http://localhost:6481 for channel [id: 0x50d9a6c5, L:/127.0.0.1:54367 - R:localhost/127.0.0.1:6481]
22:59:35.377 [Forwarding getCurrentUrl on session 0dae2ef660664c01548f3bf20aac0a7a to remote] DEBUG org.asynchttpclient.netty.request.NettyRequestSender - Using pooled Channel '[id: 0x50d9a6c5, L:/127.0.0.1:54367 - R:localhost/127.0.0.1:6481]' for 'GET' to 'http://localhost:6481/session/0dae2ef660664c01548f3bf20aac0a7a/url'
22:59:35.377 [Forwarding getCurrentUrl on session 0dae2ef660664c01548f3bf20aac0a7a to remote] DEBUG org.asynchttpclient.netty.request.NettyRequestSender - Using open Channel [id: 0x50d9a6c5, L:/127.0.0.1:54367 - R:localhost/127.0.0.1:6481] for GET '/session/0dae2ef660664c01548f3bf20aac0a7a/url'
22:59:35.384 [AsyncHttpClient-1-23] DEBUG org.asynchttpclient.netty.handler.HttpHandler - 

Request DefaultFullHttpRequest(decodeResult: success, version: HTTP/1.1, content: EmptyByteBufBE)
GET /session/0dae2ef660664c01548f3bf20aac0a7a/url HTTP/1.1
User-Agent: selenium/4.8.1 (java windows)
Cache-Control: no-cache
Content-Type: application/json; charset=utf-8
host: localhost:6481
accept: */*

Response DefaultHttpResponse(decodeResult: success, version: HTTP/1.1)
HTTP/1.1 200 OK
Content-Length: 54
Content-Type: application/json; charset=utf-8
cache-control: no-cache

22:59:35.384 [AsyncHttpClient-1-23] DEBUG org.asynchttpclient.netty.channel.ChannelManager - Adding key: http://localhost:6481 for channel [id: 0x50d9a6c5, L:/127.0.0.1:54367 - R:localhost/127.0.0.1:6481]
22:59:35.386 [main] DEBUG net.thucydides.core.steps.StepInterceptor - STARTING STEP: RegisterSteps.enterValidEmail - inputEmail
22:59:35.388 [Forwarding findElement on session 0dae2ef660664c01548f3bf20aac0a7a to remote] DEBUG org.asynchttpclient.netty.request.NettyRequestSender - Using pooled Channel '[id: 0x50d9a6c5, L:/127.0.0.1:54367 - R:localhost/127.0.0.1:6481]' for 'POST' to 'http://localhost:6481/session/0dae2ef660664c01548f3bf20aac0a7a/element'
22:59:35.388 [Forwarding findElement on session 0dae2ef660664c01548f3bf20aac0a7a to remote] DEBUG org.asynchttpclient.netty.request.NettyRequestSender - Using open Channel [id: 0x50d9a6c5, L:/127.0.0.1:54367 - R:localhost/127.0.0.1:6481] for POST '/session/0dae2ef660664c01548f3bf20aac0a7a/element'
22:59:35.402 [AsyncHttpClient-1-23] DEBUG org.asynchttpclient.netty.handler.HttpHandler - 

Request DefaultHttpRequest(decodeResult: success, version: HTTP/1.1)
POST /session/0dae2ef660664c01548f3bf20aac0a7a/element HTTP/1.1
User-Agent: selenium/4.8.1 (java windows)
Content-Length: 55
Content-Type: application/json; charset=utf-8
host: localhost:6481
accept: */*

Response DefaultHttpResponse(decodeResult: success, version: HTTP/1.1)
HTTP/1.1 200 OK
Content-Length: 94
Content-Type: application/json; charset=utf-8
cache-control: no-cache

22:59:35.402 [AsyncHttpClient-1-23] DEBUG org.asynchttpclient.netty.channel.ChannelManager - Adding key: http://localhost:6481 for channel [id: 0x50d9a6c5, L:/127.0.0.1:54367 - R:localhost/127.0.0.1:6481]
22:59:35.403 [Forwarding clearElement on session 0dae2ef660664c01548f3bf20aac0a7a to remote] DEBUG org.asynchttpclient.netty.request.NettyRequestSender - Using pooled Channel '[id: 0x50d9a6c5, L:/127.0.0.1:54367 - R:localhost/127.0.0.1:6481]' for 'POST' to 'http://localhost:6481/session/0dae2ef660664c01548f3bf20aac0a7a/element/6F5CCD7828741F56CAF98EA4FD7E63A2_element_9/clear'
22:59:35.403 [Forwarding clearElement on session 0dae2ef660664c01548f3bf20aac0a7a to remote] DEBUG org.asynchttpclient.netty.request.NettyRequestSender - Using open Channel [id: 0x50d9a6c5, L:/127.0.0.1:54367 - R:localhost/127.0.0.1:6481] for POST '/session/0dae2ef660664c01548f3bf20aac0a7a/element/6F5CCD7828741F56CAF98EA4FD7E63A2_element_9/clear'
22:59:35.441 [AsyncHttpClient-1-23] DEBUG org.asynchttpclient.netty.handler.HttpHandler - 

Request DefaultHttpRequest(decodeResult: success, version: HTTP/1.1)
POST /session/0dae2ef660664c01548f3bf20aac0a7a/element/6F5CCD7828741F56CAF98EA4FD7E63A2_element_9/clear HTTP/1.1
User-Agent: selenium/4.8.1 (java windows)
Content-Length: 56
Content-Type: application/json; charset=utf-8
host: localhost:6481
accept: */*

Response DefaultHttpResponse(decodeResult: success, version: HTTP/1.1)
HTTP/1.1 200 OK
Content-Length: 14
Content-Type: application/json; charset=utf-8
cache-control: no-cache

22:59:35.441 [AsyncHttpClient-1-23] DEBUG org.asynchttpclient.netty.channel.ChannelManager - Adding key: http://localhost:6481 for channel [id: 0x50d9a6c5, L:/127.0.0.1:54367 - R:localhost/127.0.0.1:6481]
22:59:35.442 [Forwarding sendKeysToElement on session 0dae2ef660664c01548f3bf20aac0a7a to remote] DEBUG org.asynchttpclient.netty.request.NettyRequestSender - Using pooled Channel '[id: 0x50d9a6c5, L:/127.0.0.1:54367 - R:localhost/127.0.0.1:6481]' for 'POST' to 'http://localhost:6481/session/0dae2ef660664c01548f3bf20aac0a7a/element/6F5CCD7828741F56CAF98EA4FD7E63A2_element_9/value'
22:59:35.442 [Forwarding sendKeysToElement on session 0dae2ef660664c01548f3bf20aac0a7a to remote] DEBUG org.asynchttpclient.netty.request.NettyRequestSender - Using open Channel [id: 0x50d9a6c5, L:/127.0.0.1:54367 - R:localhost/127.0.0.1:6481] for POST '/session/0dae2ef660664c01548f3bf20aac0a7a/element/6F5CCD7828741F56CAF98EA4FD7E63A2_element_9/value'
22:59:35.614 [AsyncHttpClient-1-23] DEBUG org.asynchttpclient.netty.handler.HttpHandler - 

Request DefaultHttpRequest(decodeResult: success, version: HTTP/1.1)
POST /session/0dae2ef660664c01548f3bf20aac0a7a/element/6F5CCD7828741F56CAF98EA4FD7E63A2_element_9/value HTTP/1.1
User-Agent: selenium/4.8.1 (java windows)
Content-Length: 367
Content-Type: application/json; charset=utf-8
host: localhost:6481
accept: */*

Response DefaultHttpResponse(decodeResult: success, version: HTTP/1.1)
HTTP/1.1 200 OK
Content-Length: 14
Content-Type: application/json; charset=utf-8
cache-control: no-cache

22:59:35.614 [AsyncHttpClient-1-23] DEBUG org.asynchttpclient.netty.channel.ChannelManager - Adding key: http://localhost:6481 for channel [id: 0x50d9a6c5, L:/127.0.0.1:54367 - R:localhost/127.0.0.1:6481]
22:59:35.621 [Forwarding getAlertText on session 0dae2ef660664c01548f3bf20aac0a7a to remote] DEBUG org.asynchttpclient.netty.request.NettyRequestSender - Using pooled Channel '[id: 0x50d9a6c5, L:/127.0.0.1:54367 - R:localhost/127.0.0.1:6481]' for 'GET' to 'http://localhost:6481/session/0dae2ef660664c01548f3bf20aac0a7a/alert/text'
22:59:35.621 [Forwarding getAlertText on session 0dae2ef660664c01548f3bf20aac0a7a to remote] DEBUG org.asynchttpclient.netty.request.NettyRequestSender - Using open Channel [id: 0x50d9a6c5, L:/127.0.0.1:54367 - R:localhost/127.0.0.1:6481] for GET '/session/0dae2ef660664c01548f3bf20aac0a7a/alert/text'
22:59:35.623 [AsyncHttpClient-1-23] DEBUG org.asynchttpclient.netty.handler.HttpHandler - 

Request DefaultFullHttpRequest(decodeResult: success, version: HTTP/1.1, content: EmptyByteBufBE)
GET /session/0dae2ef660664c01548f3bf20aac0a7a/alert/text HTTP/1.1
User-Agent: selenium/4.8.1 (java windows)
Cache-Control: no-cache
Content-Type: application/json; charset=utf-8
host: localhost:6481
accept: */*

Response DefaultHttpResponse(decodeResult: success, version: HTTP/1.1)
HTTP/1.1 404 Not Found
Content-Length: 820
Content-Type: application/json; charset=utf-8
cache-control: no-cache

22:59:35.623 [AsyncHttpClient-1-23] DEBUG org.asynchttpclient.netty.channel.ChannelManager - Adding key: http://localhost:6481 for channel [id: 0x50d9a6c5, L:/127.0.0.1:54367 - R:localhost/127.0.0.1:6481]
22:59:35.624 [Forwarding getCurrentUrl on session 0dae2ef660664c01548f3bf20aac0a7a to remote] DEBUG org.asynchttpclient.netty.request.NettyRequestSender - Using pooled Channel '[id: 0x50d9a6c5, L:/127.0.0.1:54367 - R:localhost/127.0.0.1:6481]' for 'GET' to 'http://localhost:6481/session/0dae2ef660664c01548f3bf20aac0a7a/url'
22:59:35.624 [Forwarding getCurrentUrl on session 0dae2ef660664c01548f3bf20aac0a7a to remote] DEBUG org.asynchttpclient.netty.request.NettyRequestSender - Using open Channel [id: 0x50d9a6c5, L:/127.0.0.1:54367 - R:localhost/127.0.0.1:6481] for GET '/session/0dae2ef660664c01548f3bf20aac0a7a/url'
22:59:35.632 [AsyncHttpClient-1-23] DEBUG org.asynchttpclient.netty.handler.HttpHandler - 

Request DefaultFullHttpRequest(decodeResult: success, version: HTTP/1.1, content: EmptyByteBufBE)
GET /session/0dae2ef660664c01548f3bf20aac0a7a/url HTTP/1.1
User-Agent: selenium/4.8.1 (java windows)
Cache-Control: no-cache
Content-Type: application/json; charset=utf-8
host: localhost:6481
accept: */*

Response DefaultHttpResponse(decodeResult: success, version: HTTP/1.1)
HTTP/1.1 200 OK
Content-Length: 54
Content-Type: application/json; charset=utf-8
cache-control: no-cache

22:59:35.632 [AsyncHttpClient-1-23] DEBUG org.asynchttpclient.netty.channel.ChannelManager - Adding key: http://localhost:6481 for channel [id: 0x50d9a6c5, L:/127.0.0.1:54367 - R:localhost/127.0.0.1:6481]
22:59:35.632 [Forwarding screenshot on session 0dae2ef660664c01548f3bf20aac0a7a to remote] DEBUG org.asynchttpclient.netty.request.NettyRequestSender - Using pooled Channel '[id: 0x50d9a6c5, L:/127.0.0.1:54367 - R:localhost/127.0.0.1:6481]' for 'GET' to 'http://localhost:6481/session/0dae2ef660664c01548f3bf20aac0a7a/screenshot'
22:59:35.632 [Forwarding screenshot on session 0dae2ef660664c01548f3bf20aac0a7a to remote] DEBUG org.asynchttpclient.netty.request.NettyRequestSender - Using open Channel [id: 0x50d9a6c5, L:/127.0.0.1:54367 - R:localhost/127.0.0.1:6481] for GET '/session/0dae2ef660664c01548f3bf20aac0a7a/screenshot'
22:59:35.800 [AsyncHttpClient-1-23] DEBUG org.asynchttpclient.netty.handler.HttpHandler - 

Request DefaultFullHttpRequest(decodeResult: success, version: HTTP/1.1, content: EmptyByteBufBE)
GET /session/0dae2ef660664c01548f3bf20aac0a7a/screenshot HTTP/1.1
User-Agent: selenium/4.8.1 (java windows)
Cache-Control: no-cache
Content-Type: application/json; charset=utf-8
host: localhost:6481
accept: */*

Response DefaultHttpResponse(decodeResult: success, version: HTTP/1.1)
HTTP/1.1 200 OK
Content-Length: 48624
Content-Type: application/json; charset=utf-8
cache-control: no-cache

22:59:35.800 [AsyncHttpClient-1-23] DEBUG org.asynchttpclient.netty.channel.ChannelManager - Adding key: http://localhost:6481 for channel [id: 0x50d9a6c5, L:/127.0.0.1:54367 - R:localhost/127.0.0.1:6481]
22:59:35.803 [main] DEBUG net.serenitybdd.core.photography.Darkroom - Send negative for processing for target\site\serenity\26bee9093388bb3506d55e04879f3d90d0c4c9633757ef17f9beb3493eeae06e.png
22:59:35.803 [main] DEBUG net.thucydides.core.steps.StepInterceptor - STEP DONE: inputEmail
22:59:35.803 [Darkroom Processing Line] DEBUG net.serenitybdd.core.photography.DarkroomProcessingLine - Processing screenshot image in /var/screenshots/screenshot-2412094079142442715
  &amp#27;[32mAnd &amp#27;[0m&amp#27;[32mI enter valid email&amp#27;[0m                        &amp#27;[90m# starter.stepdefinitions.RegisterSteps.enterValidEmail()&amp#27;[0m
22:59:35.803 [Darkroom Processing Line] DEBUG net.serenitybdd.core.photography.DarkroomProcessingLine - Saving screenshot to target\site\serenity\26bee9093388bb3506d55e04879f3d90d0c4c9633757ef17f9beb3493eeae06e.png
22:59:35.814 [Forwarding getPageSource on session 0dae2ef660664c01548f3bf20aac0a7a to remote] DEBUG org.asynchttpclient.netty.request.NettyRequestSender - Using pooled Channel '[id: 0x50d9a6c5, L:/127.0.0.1:54367 - R:localhost/127.0.0.1:6481]' for 'POST' to 'http://localhost:6481/session/0dae2ef660664c01548f3bf20aac0a7a/execute/sync'
22:59:35.814 [Forwarding getPageSource on session 0dae2ef660664c01548f3bf20aac0a7a to remote] DEBUG org.asynchttpclient.netty.request.NettyRequestSender - Using open Channel [id: 0x50d9a6c5, L:/127.0.0.1:54367 - R:localhost/127.0.0.1:6481] for POST '/session/0dae2ef660664c01548f3bf20aac0a7a/execute/sync'
22:59:35.824 [AsyncHttpClient-1-23] DEBUG org.asynchttpclient.netty.handler.HttpHandler - 

Request DefaultHttpRequest(decodeResult: success, version: HTTP/1.1)
POST /session/0dae2ef660664c01548f3bf20aac0a7a/execute/sync HTTP/1.1
User-Agent: selenium/4.8.1 (java windows)
Content-Length: 176
Content-Type: application/json; charset=utf-8
host: localhost:6481
accept: */*

Response DefaultHttpResponse(decodeResult: success, version: HTTP/1.1)
HTTP/1.1 200 OK
Content-Length: 22414
Content-Type: application/json; charset=utf-8
cache-control: no-cache

22:59:35.824 [AsyncHttpClient-1-23] DEBUG org.asynchttpclient.netty.channel.ChannelManager - Adding key: http://localhost:6481 for channel [id: 0x50d9a6c5, L:/127.0.0.1:54367 - R:localhost/127.0.0.1:6481]
22:59:35.828 [Forwarding getCurrentUrl on session 0dae2ef660664c01548f3bf20aac0a7a to remote] DEBUG org.asynchttpclient.netty.request.NettyRequestSender - Using pooled Channel '[id: 0x50d9a6c5, L:/127.0.0.1:54367 - R:localhost/127.0.0.1:6481]' for 'GET' to 'http://localhost:6481/session/0dae2ef660664c01548f3bf20aac0a7a/url'
22:59:35.828 [Forwarding getCurrentUrl on session 0dae2ef660664c01548f3bf20aac0a7a to remote] DEBUG org.asynchttpclient.netty.request.NettyRequestSender - Using open Channel [id: 0x50d9a6c5, L:/127.0.0.1:54367 - R:localhost/127.0.0.1:6481] for GET '/session/0dae2ef660664c01548f3bf20aac0a7a/url'
22:59:35.836 [AsyncHttpClient-1-23] DEBUG org.asynchttpclient.netty.handler.HttpHandler - 

Request DefaultFullHttpRequest(decodeResult: success, version: HTTP/1.1, content: EmptyByteBufBE)
GET /session/0dae2ef660664c01548f3bf20aac0a7a/url HTTP/1.1
User-Agent: selenium/4.8.1 (java windows)
Cache-Control: no-cache
Content-Type: application/json; charset=utf-8
host: localhost:6481
accept: */*

Response DefaultHttpResponse(decodeResult: success, version: HTTP/1.1)
HTTP/1.1 200 OK
Content-Length: 54
Content-Type: application/json; charset=utf-8
cache-control: no-cache

22:59:35.836 [AsyncHttpClient-1-23] DEBUG org.asynchttpclient.netty.channel.ChannelManager - Adding key: http://localhost:6481 for channel [id: 0x50d9a6c5, L:/127.0.0.1:54367 - R:localhost/127.0.0.1:6481]
22:59:35.846 [Forwarding getPageSource on session 0dae2ef660664c01548f3bf20aac0a7a to remote] DEBUG org.asynchttpclient.netty.request.NettyRequestSender - Using pooled Channel '[id: 0x50d9a6c5, L:/127.0.0.1:54367 - R:localhost/127.0.0.1:6481]' for 'POST' to 'http://localhost:6481/session/0dae2ef660664c01548f3bf20aac0a7a/execute/sync'
22:59:35.847 [Forwarding getPageSource on session 0dae2ef660664c01548f3bf20aac0a7a to remote] DEBUG org.asynchttpclient.netty.request.NettyRequestSender - Using open Channel [id: 0x50d9a6c5, L:/127.0.0.1:54367 - R:localhost/127.0.0.1:6481] for POST '/session/0dae2ef660664c01548f3bf20aac0a7a/execute/sync'
22:59:35.855 [AsyncHttpClient-1-23] DEBUG org.asynchttpclient.netty.handler.HttpHandler - 

Request DefaultHttpRequest(decodeResult: success, version: HTTP/1.1)
POST /session/0dae2ef660664c01548f3bf20aac0a7a/execute/sync HTTP/1.1
User-Agent: selenium/4.8.1 (java windows)
Content-Length: 176
Content-Type: application/json; charset=utf-8
host: localhost:6481
accept: */*

Response DefaultHttpResponse(decodeResult: success, version: HTTP/1.1)
HTTP/1.1 200 OK
Content-Length: 22414
Content-Type: application/json; charset=utf-8
cache-control: no-cache

22:59:35.855 [AsyncHttpClient-1-23] DEBUG org.asynchttpclient.netty.channel.ChannelManager - Adding key: http://localhost:6481 for channel [id: 0x50d9a6c5, L:/127.0.0.1:54367 - R:localhost/127.0.0.1:6481]
22:59:35.859 [Forwarding getCurrentUrl on session 0dae2ef660664c01548f3bf20aac0a7a to remote] DEBUG org.asynchttpclient.netty.request.NettyRequestSender - Using pooled Channel '[id: 0x50d9a6c5, L:/127.0.0.1:54367 - R:localhost/127.0.0.1:6481]' for 'GET' to 'http://localhost:6481/session/0dae2ef660664c01548f3bf20aac0a7a/url'
22:59:35.859 [Forwarding getCurrentUrl on session 0dae2ef660664c01548f3bf20aac0a7a to remote] DEBUG org.asynchttpclient.netty.request.NettyRequestSender - Using open Channel [id: 0x50d9a6c5, L:/127.0.0.1:54367 - R:localhost/127.0.0.1:6481] for GET '/session/0dae2ef660664c01548f3bf20aac0a7a/url'
22:59:35.868 [AsyncHttpClient-1-23] DEBUG org.asynchttpclient.netty.handler.HttpHandler - 

Request DefaultFullHttpRequest(decodeResult: success, version: HTTP/1.1, content: EmptyByteBufBE)
GET /session/0dae2ef660664c01548f3bf20aac0a7a/url HTTP/1.1
User-Agent: selenium/4.8.1 (java windows)
Cache-Control: no-cache
Content-Type: application/json; charset=utf-8
host: localhost:6481
accept: */*

Response DefaultHttpResponse(decodeResult: success, version: HTTP/1.1)
HTTP/1.1 200 OK
Content-Length: 54
Content-Type: application/json; charset=utf-8
cache-control: no-cache

22:59:35.868 [AsyncHttpClient-1-23] DEBUG org.asynchttpclient.netty.channel.ChannelManager - Adding key: http://localhost:6481 for channel [id: 0x50d9a6c5, L:/127.0.0.1:54367 - R:localhost/127.0.0.1:6481]
22:59:35.870 [main] DEBUG net.thucydides.core.steps.StepInterceptor - STARTING STEP: RegisterSteps.clickRegButton - clickRegButton
22:59:35.873 [Forwarding findElement on session 0dae2ef660664c01548f3bf20aac0a7a to remote] DEBUG org.asynchttpclient.netty.request.NettyRequestSender - Using pooled Channel '[id: 0x50d9a6c5, L:/127.0.0.1:54367 - R:localhost/127.0.0.1:6481]' for 'POST' to 'http://localhost:6481/session/0dae2ef660664c01548f3bf20aac0a7a/element'
22:59:35.873 [Forwarding findElement on session 0dae2ef660664c01548f3bf20aac0a7a to remote] DEBUG org.asynchttpclient.netty.request.NettyRequestSender - Using open Channel [id: 0x50d9a6c5, L:/127.0.0.1:54367 - R:localhost/127.0.0.1:6481] for POST '/session/0dae2ef660664c01548f3bf20aac0a7a/element'
22:59:35.888 [AsyncHttpClient-1-23] DEBUG org.asynchttpclient.netty.handler.HttpHandler - 

Request DefaultHttpRequest(decodeResult: success, version: HTTP/1.1)
POST /session/0dae2ef660664c01548f3bf20aac0a7a/element HTTP/1.1
User-Agent: selenium/4.8.1 (java windows)
Content-Length: 142
Content-Type: application/json; charset=utf-8
host: localhost:6481
accept: */*

Response DefaultHttpResponse(decodeResult: success, version: HTTP/1.1)
HTTP/1.1 200 OK
Content-Length: 94
Content-Type: application/json; charset=utf-8
cache-control: no-cache

22:59:35.888 [AsyncHttpClient-1-23] DEBUG org.asynchttpclient.netty.channel.ChannelManager - Adding key: http://localhost:6481 for channel [id: 0x50d9a6c5, L:/127.0.0.1:54367 - R:localhost/127.0.0.1:6481]
22:59:35.889 [Forwarding getElementTagName on session 0dae2ef660664c01548f3bf20aac0a7a to remote] DEBUG org.asynchttpclient.netty.request.NettyRequestSender - Using pooled Channel '[id: 0x50d9a6c5, L:/127.0.0.1:54367 - R:localhost/127.0.0.1:6481]' for 'GET' to 'http://localhost:6481/session/0dae2ef660664c01548f3bf20aac0a7a/element/6F5CCD7828741F56CAF98EA4FD7E63A2_element_2/name'
22:59:35.890 [Forwarding getElementTagName on session 0dae2ef660664c01548f3bf20aac0a7a to remote] DEBUG org.asynchttpclient.netty.request.NettyRequestSender - Using open Channel [id: 0x50d9a6c5, L:/127.0.0.1:54367 - R:localhost/127.0.0.1:6481] for GET '/session/0dae2ef660664c01548f3bf20aac0a7a/element/6F5CCD7828741F56CAF98EA4FD7E63A2_element_2/name'
22:59:35.900 [AsyncHttpClient-1-23] DEBUG org.asynchttpclient.netty.handler.HttpHandler - 

Request DefaultFullHttpRequest(decodeResult: success, version: HTTP/1.1, content: EmptyByteBufBE)
GET /session/0dae2ef660664c01548f3bf20aac0a7a/element/6F5CCD7828741F56CAF98EA4FD7E63A2_element_2/name HTTP/1.1
User-Agent: selenium/4.8.1 (java windows)
Cache-Control: no-cache
Content-Type: application/json; charset=utf-8
host: localhost:6481
accept: */*

Response DefaultHttpResponse(decodeResult: success, version: HTTP/1.1)
HTTP/1.1 200 OK
Content-Length: 18
Content-Type: application/json; charset=utf-8
cache-control: no-cache

22:59:35.900 [AsyncHttpClient-1-23] DEBUG org.asynchttpclient.netty.channel.ChannelManager - Adding key: http://localhost:6481 for channel [id: 0x50d9a6c5, L:/127.0.0.1:54367 - R:localhost/127.0.0.1:6481]
22:59:35.901 [Forwarding getElementTagName on session 0dae2ef660664c01548f3bf20aac0a7a to remote] DEBUG org.asynchttpclient.netty.request.NettyRequestSender - Using pooled Channel '[id: 0x50d9a6c5, L:/127.0.0.1:54367 - R:localhost/127.0.0.1:6481]' for 'GET' to 'http://localhost:6481/session/0dae2ef660664c01548f3bf20aac0a7a/element/6F5CCD7828741F56CAF98EA4FD7E63A2_element_2/name'
22:59:35.901 [Forwarding getElementTagName on session 0dae2ef660664c01548f3bf20aac0a7a to remote] DEBUG org.asynchttpclient.netty.request.NettyRequestSender - Using open Channel [id: 0x50d9a6c5, L:/127.0.0.1:54367 - R:localhost/127.0.0.1:6481] for GET '/session/0dae2ef660664c01548f3bf20aac0a7a/element/6F5CCD7828741F56CAF98EA4FD7E63A2_element_2/name'
22:59:35.911 [AsyncHttpClient-1-23] DEBUG org.asynchttpclient.netty.handler.HttpHandler - 

Request DefaultFullHttpRequest(decodeResult: success, version: HTTP/1.1, content: EmptyByteBufBE)
GET /session/0dae2ef660664c01548f3bf20aac0a7a/element/6F5CCD7828741F56CAF98EA4FD7E63A2_element_2/name HTTP/1.1
User-Agent: selenium/4.8.1 (java windows)
Cache-Control: no-cache
Content-Type: application/json; charset=utf-8
host: localhost:6481
accept: */*

Response DefaultHttpResponse(decodeResult: success, version: HTTP/1.1)
HTTP/1.1 200 OK
Content-Length: 18
Content-Type: application/json; charset=utf-8
cache-control: no-cache

22:59:35.911 [AsyncHttpClient-1-23] DEBUG org.asynchttpclient.netty.channel.ChannelManager - Adding key: http://localhost:6481 for channel [id: 0x50d9a6c5, L:/127.0.0.1:54367 - R:localhost/127.0.0.1:6481]
22:59:35.914 [Forwarding isElementEnabled on session 0dae2ef660664c01548f3bf20aac0a7a to remote] DEBUG org.asynchttpclient.netty.request.NettyRequestSender - Using pooled Channel '[id: 0x50d9a6c5, L:/127.0.0.1:54367 - R:localhost/127.0.0.1:6481]' for 'GET' to 'http://localhost:6481/session/0dae2ef660664c01548f3bf20aac0a7a/element/6F5CCD7828741F56CAF98EA4FD7E63A2_element_2/enabled'
22:59:35.915 [Forwarding isElementEnabled on session 0dae2ef660664c01548f3bf20aac0a7a to remote] DEBUG org.asynchttpclient.netty.request.NettyRequestSender - Using open Channel [id: 0x50d9a6c5, L:/127.0.0.1:54367 - R:localhost/127.0.0.1:6481] for GET '/session/0dae2ef660664c01548f3bf20aac0a7a/element/6F5CCD7828741F56CAF98EA4FD7E63A2_element_2/enabled'
22:59:35.927 [AsyncHttpClient-1-23] DEBUG org.asynchttpclient.netty.handler.HttpHandler - 

Request DefaultFullHttpRequest(decodeResult: success, version: HTTP/1.1, content: EmptyByteBufBE)
GET /session/0dae2ef660664c01548f3bf20aac0a7a/element/6F5CCD7828741F56CAF98EA4FD7E63A2_element_2/enabled HTTP/1.1
User-Agent: selenium/4.8.1 (java windows)
Cache-Control: no-cache
Content-Type: application/json; charset=utf-8
host: localhost:6481
accept: */*

Response DefaultHttpResponse(decodeResult: success, version: HTTP/1.1)
HTTP/1.1 200 OK
Content-Length: 14
Content-Type: application/json; charset=utf-8
cache-control: no-cache

22:59:35.927 [AsyncHttpClient-1-23] DEBUG org.asynchttpclient.netty.channel.ChannelManager - Adding key: http://localhost:6481 for channel [id: 0x50d9a6c5, L:/127.0.0.1:54367 - R:localhost/127.0.0.1:6481]
22:59:35.928 [Forwarding isElementEnabled on session 0dae2ef660664c01548f3bf20aac0a7a to remote] DEBUG org.asynchttpclient.netty.request.NettyRequestSender - Using pooled Channel '[id: 0x50d9a6c5, L:/127.0.0.1:54367 - R:localhost/127.0.0.1:6481]' for 'GET' to 'http://localhost:6481/session/0dae2ef660664c01548f3bf20aac0a7a/element/6F5CCD7828741F56CAF98EA4FD7E63A2_element_2/enabled'
22:59:35.929 [Forwarding isElementEnabled on session 0dae2ef660664c01548f3bf20aac0a7a to remote] DEBUG org.asynchttpclient.netty.request.NettyRequestSender - Using open Channel [id: 0x50d9a6c5, L:/127.0.0.1:54367 - R:localhost/127.0.0.1:6481] for GET '/session/0dae2ef660664c01548f3bf20aac0a7a/element/6F5CCD7828741F56CAF98EA4FD7E63A2_element_2/enabled'
22:59:35.939 [AsyncHttpClient-1-23] DEBUG org.asynchttpclient.netty.handler.HttpHandler - 

Request DefaultFullHttpRequest(decodeResult: success, version: HTTP/1.1, content: EmptyByteBufBE)
GET /session/0dae2ef660664c01548f3bf20aac0a7a/element/6F5CCD7828741F56CAF98EA4FD7E63A2_element_2/enabled HTTP/1.1
User-Agent: selenium/4.8.1 (java windows)
Cache-Control: no-cache
Content-Type: application/json; charset=utf-8
host: localhost:6481
accept: */*

Response DefaultHttpResponse(decodeResult: success, version: HTTP/1.1)
HTTP/1.1 200 OK
Content-Length: 14
Content-Type: application/json; charset=utf-8
cache-control: no-cache

22:59:35.939 [AsyncHttpClient-1-23] DEBUG org.asynchttpclient.netty.channel.ChannelManager - Adding key: http://localhost:6481 for channel [id: 0x50d9a6c5, L:/127.0.0.1:54367 - R:localhost/127.0.0.1:6481]
22:59:35.942 [Forwarding findElement on session 0dae2ef660664c01548f3bf20aac0a7a to remote] DEBUG org.asynchttpclient.netty.request.NettyRequestSender - Using pooled Channel '[id: 0x50d9a6c5, L:/127.0.0.1:54367 - R:localhost/127.0.0.1:6481]' for 'POST' to 'http://localhost:6481/session/0dae2ef660664c01548f3bf20aac0a7a/element'
22:59:35.942 [Forwarding findElement on session 0dae2ef660664c01548f3bf20aac0a7a to remote] DEBUG org.asynchttpclient.netty.request.NettyRequestSender - Using open Channel [id: 0x50d9a6c5, L:/127.0.0.1:54367 - R:localhost/127.0.0.1:6481] for POST '/session/0dae2ef660664c01548f3bf20aac0a7a/element'
22:59:35.954 [AsyncHttpClient-1-23] DEBUG org.asynchttpclient.netty.handler.HttpHandler - 

Request DefaultHttpRequest(decodeResult: success, version: HTTP/1.1)
POST /session/0dae2ef660664c01548f3bf20aac0a7a/element HTTP/1.1
User-Agent: selenium/4.8.1 (java windows)
Content-Length: 142
Content-Type: application/json; charset=utf-8
host: localhost:6481
accept: */*

Response DefaultHttpResponse(decodeResult: success, version: HTTP/1.1)
HTTP/1.1 200 OK
Content-Length: 94
Content-Type: application/json; charset=utf-8
cache-control: no-cache

22:59:35.956 [AsyncHttpClient-1-23] DEBUG org.asynchttpclient.netty.channel.ChannelManager - Adding key: http://localhost:6481 for channel [id: 0x50d9a6c5, L:/127.0.0.1:54367 - R:localhost/127.0.0.1:6481]
22:59:35.957 [Forwarding clickElement on session 0dae2ef660664c01548f3bf20aac0a7a to remote] DEBUG org.asynchttpclient.netty.request.NettyRequestSender - Using pooled Channel '[id: 0x50d9a6c5, L:/127.0.0.1:54367 - R:localhost/127.0.0.1:6481]' for 'POST' to 'http://localhost:6481/session/0dae2ef660664c01548f3bf20aac0a7a/element/6F5CCD7828741F56CAF98EA4FD7E63A2_element_2/click'
22:59:35.957 [Forwarding clickElement on session 0dae2ef660664c01548f3bf20aac0a7a to remote] DEBUG org.asynchttpclient.netty.request.NettyRequestSender - Using open Channel [id: 0x50d9a6c5, L:/127.0.0.1:54367 - R:localhost/127.0.0.1:6481] for POST '/session/0dae2ef660664c01548f3bf20aac0a7a/element/6F5CCD7828741F56CAF98EA4FD7E63A2_element_2/click'
22:59:36.055 [AsyncHttpClient-1-23] DEBUG org.asynchttpclient.netty.handler.HttpHandler - 

Request DefaultHttpRequest(decodeResult: success, version: HTTP/1.1)
POST /session/0dae2ef660664c01548f3bf20aac0a7a/element/6F5CCD7828741F56CAF98EA4FD7E63A2_element_2/click HTTP/1.1
User-Agent: selenium/4.8.1 (java windows)
Content-Length: 56
Content-Type: application/json; charset=utf-8
host: localhost:6481
accept: */*

Response DefaultHttpResponse(decodeResult: success, version: HTTP/1.1)
HTTP/1.1 200 OK
Content-Length: 14
Content-Type: application/json; charset=utf-8
cache-control: no-cache

22:59:36.055 [AsyncHttpClient-1-23] DEBUG org.asynchttpclient.netty.channel.ChannelManager - Adding key: http://localhost:6481 for channel [id: 0x50d9a6c5, L:/127.0.0.1:54367 - R:localhost/127.0.0.1:6481]
22:59:36.068 [Forwarding getAlertText on session 0dae2ef660664c01548f3bf20aac0a7a to remote] DEBUG org.asynchttpclient.netty.request.NettyRequestSender - Using pooled Channel '[id: 0x50d9a6c5, L:/127.0.0.1:54367 - R:localhost/127.0.0.1:6481]' for 'GET' to 'http://localhost:6481/session/0dae2ef660664c01548f3bf20aac0a7a/alert/text'
22:59:36.068 [Forwarding getAlertText on session 0dae2ef660664c01548f3bf20aac0a7a to remote] DEBUG org.asynchttpclient.netty.request.NettyRequestSender - Using open Channel [id: 0x50d9a6c5, L:/127.0.0.1:54367 - R:localhost/127.0.0.1:6481] for GET '/session/0dae2ef660664c01548f3bf20aac0a7a/alert/text'
22:59:36.072 [AsyncHttpClient-1-23] DEBUG org.asynchttpclient.netty.handler.HttpHandler - 

Request DefaultFullHttpRequest(decodeResult: success, version: HTTP/1.1, content: EmptyByteBufBE)
GET /session/0dae2ef660664c01548f3bf20aac0a7a/alert/text HTTP/1.1
User-Agent: selenium/4.8.1 (java windows)
Cache-Control: no-cache
Content-Type: application/json; charset=utf-8
host: localhost:6481
accept: */*

Response DefaultHttpResponse(decodeResult: success, version: HTTP/1.1)
HTTP/1.1 404 Not Found
Content-Length: 820
Content-Type: application/json; charset=utf-8
cache-control: no-cache

22:59:36.072 [AsyncHttpClient-1-23] DEBUG org.asynchttpclient.netty.channel.ChannelManager - Adding key: http://localhost:6481 for channel [id: 0x50d9a6c5, L:/127.0.0.1:54367 - R:localhost/127.0.0.1:6481]
22:59:36.075 [Forwarding getCurrentUrl on session 0dae2ef660664c01548f3bf20aac0a7a to remote] DEBUG org.asynchttpclient.netty.request.NettyRequestSender - Using pooled Channel '[id: 0x50d9a6c5, L:/127.0.0.1:54367 - R:localhost/127.0.0.1:6481]' for 'GET' to 'http://localhost:6481/session/0dae2ef660664c01548f3bf20aac0a7a/url'
22:59:36.075 [Forwarding getCurrentUrl on session 0dae2ef660664c01548f3bf20aac0a7a to remote] DEBUG org.asynchttpclient.netty.request.NettyRequestSender - Using open Channel [id: 0x50d9a6c5, L:/127.0.0.1:54367 - R:localhost/127.0.0.1:6481] for GET '/session/0dae2ef660664c01548f3bf20aac0a7a/url'
22:59:36.088 [AsyncHttpClient-1-23] DEBUG org.asynchttpclient.netty.handler.HttpHandler - 

Request DefaultFullHttpRequest(decodeResult: success, version: HTTP/1.1, content: EmptyByteBufBE)
GET /session/0dae2ef660664c01548f3bf20aac0a7a/url HTTP/1.1
User-Agent: selenium/4.8.1 (java windows)
Cache-Control: no-cache
Content-Type: application/json; charset=utf-8
host: localhost:6481
accept: */*

Response DefaultHttpResponse(decodeResult: success, version: HTTP/1.1)
HTTP/1.1 200 OK
Content-Length: 54
Content-Type: application/json; charset=utf-8
cache-control: no-cache

22:59:36.088 [AsyncHttpClient-1-23] DEBUG org.asynchttpclient.netty.channel.ChannelManager - Adding key: http://localhost:6481 for channel [id: 0x50d9a6c5, L:/127.0.0.1:54367 - R:localhost/127.0.0.1:6481]
22:59:36.090 [Forwarding screenshot on session 0dae2ef660664c01548f3bf20aac0a7a to remote] DEBUG org.asynchttpclient.netty.request.NettyRequestSender - Using pooled Channel '[id: 0x50d9a6c5, L:/127.0.0.1:54367 - R:localhost/127.0.0.1:6481]' for 'GET' to 'http://localhost:6481/session/0dae2ef660664c01548f3bf20aac0a7a/screenshot'
22:59:36.090 [Forwarding screenshot on session 0dae2ef660664c01548f3bf20aac0a7a to remote] DEBUG org.asynchttpclient.netty.request.NettyRequestSender - Using open Channel [id: 0x50d9a6c5, L:/127.0.0.1:54367 - R:localhost/127.0.0.1:6481] for GET '/session/0dae2ef660664c01548f3bf20aac0a7a/screenshot'
22:59:36.203 [AsyncHttpClient-1-1] DEBUG org.asynchttpclient.netty.channel.DefaultChannelPool - Entry count for : http://localhost:54368 : 1
22:59:36.294 [AsyncHttpClient-1-23] DEBUG org.asynchttpclient.netty.handler.HttpHandler - 

Request DefaultFullHttpRequest(decodeResult: success, version: HTTP/1.1, content: EmptyByteBufBE)
GET /session/0dae2ef660664c01548f3bf20aac0a7a/screenshot HTTP/1.1
User-Agent: selenium/4.8.1 (java windows)
Cache-Control: no-cache
Content-Type: application/json; charset=utf-8
host: localhost:6481
accept: */*

Response DefaultHttpResponse(decodeResult: success, version: HTTP/1.1)
HTTP/1.1 200 OK
Content-Length: 47792
Content-Type: application/json; charset=utf-8
cache-control: no-cache

22:59:36.294 [AsyncHttpClient-1-23] DEBUG org.asynchttpclient.netty.channel.ChannelManager - Adding key: http://localhost:6481 for channel [id: 0x50d9a6c5, L:/127.0.0.1:54367 - R:localhost/127.0.0.1:6481]
22:59:36.296 [main] DEBUG net.serenitybdd.core.photography.Darkroom - Send negative for processing for target\site\serenity\f2b12a8dbb6527af62881911b4295ae8e418c0014b225ac26d57aa811efe1ff2.png
22:59:36.296 [main] DEBUG net.thucydides.core.steps.StepInterceptor - STEP DONE: clickRegButton
22:59:36.296 [Darkroom Processing Line] DEBUG net.serenitybdd.core.photography.DarkroomProcessingLine - Processing screenshot image in /var/screenshots/screenshot-7580130882589081150
  &amp#27;[32mAnd &amp#27;[0m&amp#27;[32mclick register button&amp#27;[0m                      &amp#27;[90m# starter.stepdefinitions.RegisterSteps.clickRegButton()&amp#27;[0m
22:59:36.296 [Darkroom Processing Line] DEBUG net.serenitybdd.core.photography.DarkroomProcessingLine - Saving screenshot to target\site\serenity\f2b12a8dbb6527af62881911b4295ae8e418c0014b225ac26d57aa811efe1ff2.png
22:59:36.306 [Forwarding getPageSource on session 0dae2ef660664c01548f3bf20aac0a7a to remote] DEBUG org.asynchttpclient.netty.request.NettyRequestSender - Using pooled Channel '[id: 0x50d9a6c5, L:/127.0.0.1:54367 - R:localhost/127.0.0.1:6481]' for 'POST' to 'http://localhost:6481/session/0dae2ef660664c01548f3bf20aac0a7a/execute/sync'
22:59:36.306 [Forwarding getPageSource on session 0dae2ef660664c01548f3bf20aac0a7a to remote] DEBUG org.asynchttpclient.netty.request.NettyRequestSender - Using open Channel [id: 0x50d9a6c5, L:/127.0.0.1:54367 - R:localhost/127.0.0.1:6481] for POST '/session/0dae2ef660664c01548f3bf20aac0a7a/execute/sync'
22:59:36.318 [AsyncHttpClient-1-23] DEBUG org.asynchttpclient.netty.handler.HttpHandler - 

Request DefaultHttpRequest(decodeResult: success, version: HTTP/1.1)
POST /session/0dae2ef660664c01548f3bf20aac0a7a/execute/sync HTTP/1.1
User-Agent: selenium/4.8.1 (java windows)
Content-Length: 176
Content-Type: application/json; charset=utf-8
host: localhost:6481
accept: */*

Response DefaultHttpResponse(decodeResult: success, version: HTTP/1.1)
HTTP/1.1 200 OK
Content-Length: 23127
Content-Type: application/json; charset=utf-8
cache-control: no-cache

22:59:36.318 [AsyncHttpClient-1-23] DEBUG org.asynchttpclient.netty.channel.ChannelManager - Adding key: http://localhost:6481 for channel [id: 0x50d9a6c5, L:/127.0.0.1:54367 - R:localhost/127.0.0.1:6481]
22:59:36.321 [Forwarding getCurrentUrl on session 0dae2ef660664c01548f3bf20aac0a7a to remote] DEBUG org.asynchttpclient.netty.request.NettyRequestSender - Using pooled Channel '[id: 0x50d9a6c5, L:/127.0.0.1:54367 - R:localhost/127.0.0.1:6481]' for 'GET' to 'http://localhost:6481/session/0dae2ef660664c01548f3bf20aac0a7a/url'
22:59:36.321 [Forwarding getCurrentUrl on session 0dae2ef660664c01548f3bf20aac0a7a to remote] DEBUG org.asynchttpclient.netty.request.NettyRequestSender - Using open Channel [id: 0x50d9a6c5, L:/127.0.0.1:54367 - R:localhost/127.0.0.1:6481] for GET '/session/0dae2ef660664c01548f3bf20aac0a7a/url'
22:59:36.328 [AsyncHttpClient-1-23] DEBUG org.asynchttpclient.netty.handler.HttpHandler - 

Request DefaultFullHttpRequest(decodeResult: success, version: HTTP/1.1, content: EmptyByteBufBE)
GET /session/0dae2ef660664c01548f3bf20aac0a7a/url HTTP/1.1
User-Agent: selenium/4.8.1 (java windows)
Cache-Control: no-cache
Content-Type: application/json; charset=utf-8
host: localhost:6481
accept: */*

Response DefaultHttpResponse(decodeResult: success, version: HTTP/1.1)
HTTP/1.1 200 OK
Content-Length: 54
Content-Type: application/json; charset=utf-8
cache-control: no-cache

22:59:36.328 [AsyncHttpClient-1-23] DEBUG org.asynchttpclient.netty.channel.ChannelManager - Adding key: http://localhost:6481 for channel [id: 0x50d9a6c5, L:/127.0.0.1:54367 - R:localhost/127.0.0.1:6481]
22:59:36.335 [Forwarding getPageSource on session 0dae2ef660664c01548f3bf20aac0a7a to remote] DEBUG org.asynchttpclient.netty.request.NettyRequestSender - Using pooled Channel '[id: 0x50d9a6c5, L:/127.0.0.1:54367 - R:localhost/127.0.0.1:6481]' for 'POST' to 'http://localhost:6481/session/0dae2ef660664c01548f3bf20aac0a7a/execute/sync'
22:59:36.335 [Forwarding getPageSource on session 0dae2ef660664c01548f3bf20aac0a7a to remote] DEBUG org.asynchttpclient.netty.request.NettyRequestSender - Using open Channel [id: 0x50d9a6c5, L:/127.0.0.1:54367 - R:localhost/127.0.0.1:6481] for POST '/session/0dae2ef660664c01548f3bf20aac0a7a/execute/sync'
22:59:36.342 [AsyncHttpClient-1-23] DEBUG org.asynchttpclient.netty.handler.HttpHandler - 

Request DefaultHttpRequest(decodeResult: success, version: HTTP/1.1)
POST /session/0dae2ef660664c01548f3bf20aac0a7a/execute/sync HTTP/1.1
User-Agent: selenium/4.8.1 (java windows)
Content-Length: 176
Content-Type: application/json; charset=utf-8
host: localhost:6481
accept: */*

Response DefaultHttpResponse(decodeResult: success, version: HTTP/1.1)
HTTP/1.1 200 OK
Content-Length: 23127
Content-Type: application/json; charset=utf-8
cache-control: no-cache

22:59:36.343 [AsyncHttpClient-1-23] DEBUG org.asynchttpclient.netty.channel.ChannelManager - Adding key: http://localhost:6481 for channel [id: 0x50d9a6c5, L:/127.0.0.1:54367 - R:localhost/127.0.0.1:6481]
22:59:36.345 [Forwarding getCurrentUrl on session 0dae2ef660664c01548f3bf20aac0a7a to remote] DEBUG org.asynchttpclient.netty.request.NettyRequestSender - Using pooled Channel '[id: 0x50d9a6c5, L:/127.0.0.1:54367 - R:localhost/127.0.0.1:6481]' for 'GET' to 'http://localhost:6481/session/0dae2ef660664c01548f3bf20aac0a7a/url'
22:59:36.345 [Forwarding getCurrentUrl on session 0dae2ef660664c01548f3bf20aac0a7a to remote] DEBUG org.asynchttpclient.netty.request.NettyRequestSender - Using open Channel [id: 0x50d9a6c5, L:/127.0.0.1:54367 - R:localhost/127.0.0.1:6481] for GET '/session/0dae2ef660664c01548f3bf20aac0a7a/url'
22:59:36.351 [AsyncHttpClient-1-23] DEBUG org.asynchttpclient.netty.handler.HttpHandler - 

Request DefaultFullHttpRequest(decodeResult: success, version: HTTP/1.1, content: EmptyByteBufBE)
GET /session/0dae2ef660664c01548f3bf20aac0a7a/url HTTP/1.1
User-Agent: selenium/4.8.1 (java windows)
Cache-Control: no-cache
Content-Type: application/json; charset=utf-8
host: localhost:6481
accept: */*

Response DefaultHttpResponse(decodeResult: success, version: HTTP/1.1)
HTTP/1.1 200 OK
Content-Length: 54
Content-Type: application/json; charset=utf-8
cache-control: no-cache

22:59:36.352 [AsyncHttpClient-1-23] DEBUG org.asynchttpclient.netty.channel.ChannelManager - Adding key: http://localhost:6481 for channel [id: 0x50d9a6c5, L:/127.0.0.1:54367 - R:localhost/127.0.0.1:6481]
22:59:36.353 [main] DEBUG net.thucydides.core.steps.StepInterceptor - STARTING STEP: RegisterSteps.seeErrorMassage - validateErrorMessage
22:59:36.355 [Forwarding findElement on session 0dae2ef660664c01548f3bf20aac0a7a to remote] DEBUG org.asynchttpclient.netty.request.NettyRequestSender - Using pooled Channel '[id: 0x50d9a6c5, L:/127.0.0.1:54367 - R:localhost/127.0.0.1:6481]' for 'POST' to 'http://localhost:6481/session/0dae2ef660664c01548f3bf20aac0a7a/element'
22:59:36.355 [Forwarding findElement on session 0dae2ef660664c01548f3bf20aac0a7a to remote] DEBUG org.asynchttpclient.netty.request.NettyRequestSender - Using open Channel [id: 0x50d9a6c5, L:/127.0.0.1:54367 - R:localhost/127.0.0.1:6481] for POST '/session/0dae2ef660664c01548f3bf20aac0a7a/element'
22:59:36.368 [AsyncHttpClient-1-23] DEBUG org.asynchttpclient.netty.handler.HttpHandler - 

Request DefaultHttpRequest(decodeResult: success, version: HTTP/1.1)
POST /session/0dae2ef660664c01548f3bf20aac0a7a/element HTTP/1.1
User-Agent: selenium/4.8.1 (java windows)
Content-Length: 80
Content-Type: application/json; charset=utf-8
host: localhost:6481
accept: */*

Response DefaultHttpResponse(decodeResult: success, version: HTTP/1.1)
HTTP/1.1 200 OK
Content-Length: 95
Content-Type: application/json; charset=utf-8
cache-control: no-cache

22:59:36.368 [AsyncHttpClient-1-23] DEBUG org.asynchttpclient.netty.channel.ChannelManager - Adding key: http://localhost:6481 for channel [id: 0x50d9a6c5, L:/127.0.0.1:54367 - R:localhost/127.0.0.1:6481]
22:59:36.371 [Forwarding isElementDisplayed on session 0dae2ef660664c01548f3bf20aac0a7a to remote] DEBUG org.asynchttpclient.netty.request.NettyRequestSender - Using pooled Channel '[id: 0x50d9a6c5, L:/127.0.0.1:54367 - R:localhost/127.0.0.1:6481]' for 'POST' to 'http://localhost:6481/session/0dae2ef660664c01548f3bf20aac0a7a/execute/sync'
22:59:36.371 [Forwarding isElementDisplayed on session 0dae2ef660664c01548f3bf20aac0a7a to remote] DEBUG org.asynchttpclient.netty.request.NettyRequestSender - Using open Channel [id: 0x50d9a6c5, L:/127.0.0.1:54367 - R:localhost/127.0.0.1:6481] for POST '/session/0dae2ef660664c01548f3bf20aac0a7a/execute/sync'
22:59:36.391 [AsyncHttpClient-1-23] DEBUG org.asynchttpclient.netty.handler.HttpHandler - 

Request DefaultHttpRequest(decodeResult: success, version: HTTP/1.1)
POST /session/0dae2ef660664c01548f3bf20aac0a7a/execute/sync HTTP/1.1
User-Agent: selenium/4.8.1 (java windows)
Content-Length: 48814
Content-Type: application/json; charset=utf-8
host: localhost:6481
accept: */*

Response DefaultHttpResponse(decodeResult: success, version: HTTP/1.1)
HTTP/1.1 200 OK
Content-Length: 14
Content-Type: application/json; charset=utf-8
cache-control: no-cache

22:59:36.391 [AsyncHttpClient-1-23] DEBUG org.asynchttpclient.netty.channel.ChannelManager - Adding key: http://localhost:6481 for channel [id: 0x50d9a6c5, L:/127.0.0.1:54367 - R:localhost/127.0.0.1:6481]
22:59:36.398 [Forwarding getAlertText on session 0dae2ef660664c01548f3bf20aac0a7a to remote] DEBUG org.asynchttpclient.netty.request.NettyRequestSender - Using pooled Channel '[id: 0x50d9a6c5, L:/127.0.0.1:54367 - R:localhost/127.0.0.1:6481]' for 'GET' to 'http://localhost:6481/session/0dae2ef660664c01548f3bf20aac0a7a/alert/text'
22:59:36.398 [Forwarding getAlertText on session 0dae2ef660664c01548f3bf20aac0a7a to remote] DEBUG org.asynchttpclient.netty.request.NettyRequestSender - Using open Channel [id: 0x50d9a6c5, L:/127.0.0.1:54367 - R:localhost/127.0.0.1:6481] for GET '/session/0dae2ef660664c01548f3bf20aac0a7a/alert/text'
22:59:36.400 [AsyncHttpClient-1-23] DEBUG org.asynchttpclient.netty.handler.HttpHandler - 

Request DefaultFullHttpRequest(decodeResult: success, version: HTTP/1.1, content: EmptyByteBufBE)
GET /session/0dae2ef660664c01548f3bf20aac0a7a/alert/text HTTP/1.1
User-Agent: selenium/4.8.1 (java windows)
Cache-Control: no-cache
Content-Type: application/json; charset=utf-8
host: localhost:6481
accept: */*

Response DefaultHttpResponse(decodeResult: success, version: HTTP/1.1)
HTTP/1.1 404 Not Found
Content-Length: 820
Content-Type: application/json; charset=utf-8
cache-control: no-cache

22:59:36.400 [AsyncHttpClient-1-23] DEBUG org.asynchttpclient.netty.channel.ChannelManager - Adding key: http://localhost:6481 for channel [id: 0x50d9a6c5, L:/127.0.0.1:54367 - R:localhost/127.0.0.1:6481]
22:59:36.401 [Forwarding getCurrentUrl on session 0dae2ef660664c01548f3bf20aac0a7a to remote] DEBUG org.asynchttpclient.netty.request.NettyRequestSender - Using pooled Channel '[id: 0x50d9a6c5, L:/127.0.0.1:54367 - R:localhost/127.0.0.1:6481]' for 'GET' to 'http://localhost:6481/session/0dae2ef660664c01548f3bf20aac0a7a/url'
22:59:36.401 [Forwarding getCurrentUrl on session 0dae2ef660664c01548f3bf20aac0a7a to remote] DEBUG org.asynchttpclient.netty.request.NettyRequestSender - Using open Channel [id: 0x50d9a6c5, L:/127.0.0.1:54367 - R:localhost/127.0.0.1:6481] for GET '/session/0dae2ef660664c01548f3bf20aac0a7a/url'
22:59:36.409 [AsyncHttpClient-1-23] DEBUG org.asynchttpclient.netty.handler.HttpHandler - 

Request DefaultFullHttpRequest(decodeResult: success, version: HTTP/1.1, content: EmptyByteBufBE)
GET /session/0dae2ef660664c01548f3bf20aac0a7a/url HTTP/1.1
User-Agent: selenium/4.8.1 (java windows)
Cache-Control: no-cache
Content-Type: application/json; charset=utf-8
host: localhost:6481
accept: */*

Response DefaultHttpResponse(decodeResult: success, version: HTTP/1.1)
HTTP/1.1 200 OK
Content-Length: 54
Content-Type: application/json; charset=utf-8
cache-control: no-cache

22:59:36.409 [AsyncHttpClient-1-23] DEBUG org.asynchttpclient.netty.channel.ChannelManager - Adding key: http://localhost:6481 for channel [id: 0x50d9a6c5, L:/127.0.0.1:54367 - R:localhost/127.0.0.1:6481]
22:59:36.410 [Forwarding screenshot on session 0dae2ef660664c01548f3bf20aac0a7a to remote] DEBUG org.asynchttpclient.netty.request.NettyRequestSender - Using pooled Channel '[id: 0x50d9a6c5, L:/127.0.0.1:54367 - R:localhost/127.0.0.1:6481]' for 'GET' to 'http://localhost:6481/session/0dae2ef660664c01548f3bf20aac0a7a/screenshot'
22:59:36.410 [Forwarding screenshot on session 0dae2ef660664c01548f3bf20aac0a7a to remote] DEBUG org.asynchttpclient.netty.request.NettyRequestSender - Using open Channel [id: 0x50d9a6c5, L:/127.0.0.1:54367 - R:localhost/127.0.0.1:6481] for GET '/session/0dae2ef660664c01548f3bf20aac0a7a/screenshot'
22:59:36.722 [AsyncHttpClient-1-23] DEBUG org.asynchttpclient.netty.handler.HttpHandler - 

Request DefaultFullHttpRequest(decodeResult: success, version: HTTP/1.1, content: EmptyByteBufBE)
GET /session/0dae2ef660664c01548f3bf20aac0a7a/screenshot HTTP/1.1
User-Agent: selenium/4.8.1 (java windows)
Cache-Control: no-cache
Content-Type: application/json; charset=utf-8
host: localhost:6481
accept: */*

Response DefaultHttpResponse(decodeResult: success, version: HTTP/1.1)
HTTP/1.1 200 OK
Content-Length: 50144
Content-Type: application/json; charset=utf-8
cache-control: no-cache

22:59:36.723 [AsyncHttpClient-1-23] DEBUG org.asynchttpclient.netty.channel.ChannelManager - Adding key: http://localhost:6481 for channel [id: 0x50d9a6c5, L:/127.0.0.1:54367 - R:localhost/127.0.0.1:6481]
22:59:36.728 [main] DEBUG net.serenitybdd.core.photography.Darkroom - Send negative for processing for target\site\serenity\44fbfcea0fb2f700cc044a7d28d8779502c545ddb04e3fa07b4991f5818cbde0.png
22:59:36.729 [main] DEBUG net.thucydides.core.steps.StepInterceptor - STEP DONE: validateErrorMessage
  &amp#27;[32mThen &amp#27;[0m&amp#27;[32mI see the error message&amp#27;[0m                   &amp#27;[90m# starter.stepdefinitions.RegisterSteps.seeErrorMassage()&amp#27;[0m
22:59:36.729 [Darkroom Processing Line] DEBUG net.serenitybdd.core.photography.DarkroomProcessingLine - Processing screenshot image in /var/screenshots/screenshot-756013709770805197
22:59:36.729 [Darkroom Processing Line] DEBUG net.serenitybdd.core.photography.DarkroomProcessingLine - Saving screenshot to target\site\serenity\44fbfcea0fb2f700cc044a7d28d8779502c545ddb04e3fa07b4991f5818cbde0.png
22:59:36.742 [main] INFO  - 
  _____   ___   ___   _____     ___     _     ___   ___   ___   ___  
 |_   _| | __| / __| |_   _|   | _ \   /_\   / __| / __| | __| |   \ 
   | |   | _|  \__ \   | |     |  _/  / _ \  \__ \ \__ \ | _|  | |) |
   |_|   |___| |___/   |_|     |_|   /_/ \_\ |___/ |___/ |___| |___/ 

Failed register with not fill password
----------------------------------------------------------------------
22:59:36.744 [AsyncHttpClient-1-25] DEBUG org.asynchttpclient.netty.handler.WebSocketHandler - Channel Closed: [id: 0x8635809c, L:/127.0.0.1:54375 ! R:localhost/127.0.0.1:54368] with attribute NettyResponseFuture{currentRetry=0,
	isDone=1,
	isCancelled=0,
	asyncHandler=org.asynchttpclient.ws.WebSocketUpgradeHandler@51af19aa,
	nettyRequest=org.asynchttpclient.netty.request.NettyRequest@14ad8dfb,
	future=java.util.concurrent.CompletableFuture@748cfc16[Completed normally],
	uri=ws://localhost:54368/devtools/browser/9ddcbe00-0b06-467c-be7f-2e4925d9d9a3,
	keepAlive=true,
	redirectCount=0,
	timeoutsHolder=null,
	inAuth=0,
	touch=1683561572884}
22:59:36.745 [AsyncHttpClient-1-25] DEBUG org.asynchttpclient.netty.channel.ChannelManager - Closing Channel [id: 0x8635809c, L:/127.0.0.1:54375 ! R:localhost/127.0.0.1:54368] 
22:59:36.745 [Driver Command Executor] DEBUG org.asynchttpclient.netty.request.NettyRequestSender - Using pooled Channel '[id: 0x50d9a6c5, L:/127.0.0.1:54367 - R:localhost/127.0.0.1:6481]' for 'DELETE' to 'http://localhost:6481/session/0dae2ef660664c01548f3bf20aac0a7a'
22:59:36.745 [Driver Command Executor] DEBUG org.asynchttpclient.netty.request.NettyRequestSender - Using open Channel [id: 0x50d9a6c5, L:/127.0.0.1:54367 - R:localhost/127.0.0.1:6481] for DELETE '/session/0dae2ef660664c01548f3bf20aac0a7a'
22:59:36.984 [AsyncHttpClient-1-24] DEBUG org.asynchttpclient.netty.handler.HttpHandler - Unexpected I/O exception on channel [id: 0x60104fbe, L:/127.0.0.1:54374 - R:localhost/127.0.0.1:54368]
java.io.IOException: An existing connection was forcibly closed by the remote host
	at sun.nio.ch.SocketDispatcher.read0(Native Method)
	at sun.nio.ch.SocketDispatcher.read(SocketDispatcher.java:43)
	at sun.nio.ch.IOUtil.readIntoNativeBuffer(IOUtil.java:223)
	at sun.nio.ch.IOUtil.read(IOUtil.java:192)
	at sun.nio.ch.SocketChannelImpl.read(SocketChannelImpl.java:378)
	at io.netty.buffer.PooledByteBuf.setBytes(PooledByteBuf.java:259)
	at io.netty.buffer.AbstractByteBuf.writeBytes(AbstractByteBuf.java:1132)
	at io.netty.channel.socket.nio.NioSocketChannel.doReadBytes(NioSocketChannel.java:357)
	at io.netty.channel.nio.AbstractNioByteChannel$NioByteUnsafe.read(AbstractNioByteChannel.java:151)
	at io.netty.channel.nio.NioEventLoop.processSelectedKey(NioEventLoop.java:788)
	at io.netty.channel.nio.NioEventLoop.processSelectedKeysOptimized(NioEventLoop.java:724)
	at io.netty.channel.nio.NioEventLoop.processSelectedKeys(NioEventLoop.java:650)
	at io.netty.channel.nio.NioEventLoop.run(NioEventLoop.java:562)
	at io.netty.util.concurrent.SingleThreadEventExecutor$4.run(SingleThreadEventExecutor.java:997)
	at io.netty.util.internal.ThreadExecutorMap$2.run(ThreadExecutorMap.java:74)
	at io.netty.util.concurrent.FastThreadLocalRunnable.run(FastThreadLocalRunnable.java:30)
	at java.lang.Thread.run(Thread.java:750)
22:59:36.986 [AsyncHttpClient-1-24] DEBUG org.asynchttpclient.netty.channel.ChannelManager - Closing Channel [id: 0x60104fbe, L:/127.0.0.1:54374 - R:localhost/127.0.0.1:54368] 
22:59:36.986 [AsyncHttpClient-1-24] DEBUG org.asynchttpclient.netty.handler.HttpHandler - Channel Closed: [id: 0x60104fbe, L:/127.0.0.1:54374 ! R:localhost/127.0.0.1:54368] with attribute DISCARD
22:59:37.023 [AsyncHttpClient-1-23] DEBUG org.asynchttpclient.netty.handler.HttpHandler - 

Request DefaultFullHttpRequest(decodeResult: success, version: HTTP/1.1, content: EmptyByteBufBE)
DELETE /session/0dae2ef660664c01548f3bf20aac0a7a HTTP/1.1
User-Agent: selenium/4.8.1 (java windows)
Content-Type: application/json; charset=utf-8
host: localhost:6481
accept: */*

Response DefaultHttpResponse(decodeResult: success, version: HTTP/1.1)
HTTP/1.1 200 OK
Content-Length: 14
Content-Type: application/json; charset=utf-8
cache-control: no-cache

22:59:37.024 [AsyncHttpClient-1-23] DEBUG org.asynchttpclient.netty.channel.ChannelManager - Adding key: http://localhost:6481 for channel [id: 0x50d9a6c5, L:/127.0.0.1:54367 - R:localhost/127.0.0.1:6481]
22:59:37.086 [AsyncHttpClient-1-23] DEBUG org.asynchttpclient.netty.handler.HttpHandler - Channel Closed: [id: 0x50d9a6c5, L:/127.0.0.1:54367 ! R:localhost/127.0.0.1:6481] with attribute DISCARD
22:59:37.298 [AsyncHttpClient-1-1] DEBUG org.asynchttpclient.netty.channel.DefaultChannelPool - Entry count for : http://localhost:6481 : 1
22:59:37.298 [AsyncHttpClient-1-1] DEBUG org.asynchttpclient.netty.channel.DefaultChannelPool - Entry count for : http://localhost:54368 : 1
22:59:37.298 [AsyncHttpClient-1-1] DEBUG org.asynchttpclient.netty.channel.DefaultChannelPool - Adding Candidate expired Channel [id: 0x50d9a6c5, L:/127.0.0.1:54367 ! R:localhost/127.0.0.1:6481] isIdleTimeoutExpired=false isRemotelyClosed=true isTtlExpired=false
22:59:37.298 [AsyncHttpClient-1-1] DEBUG org.asynchttpclient.netty.channel.DefaultChannelPool - Closing Idle Channel [id: 0x50d9a6c5, L:/127.0.0.1:54367 ! R:localhost/127.0.0.1:6481]
22:59:37.298 [AsyncHttpClient-1-1] DEBUG org.asynchttpclient.netty.channel.DefaultChannelPool - Adding Candidate expired Channel [id: 0x60104fbe, L:/127.0.0.1:54374 ! R:localhost/127.0.0.1:54368] isIdleTimeoutExpired=false isRemotelyClosed=true isTtlExpired=false
22:59:37.298 [AsyncHttpClient-1-1] DEBUG org.asynchttpclient.netty.channel.DefaultChannelPool - Closing Idle Channel [id: 0x60104fbe, L:/127.0.0.1:54374 ! R:localhost/127.0.0.1:54368]
22:59:37.298 [AsyncHttpClient-1-1] DEBUG org.asynchttpclient.netty.channel.DefaultChannelPool - Closed 2 connections out of 2 in 0 ms
]]></system-out>
    <system-err><![CDATA[Starting ChromeDriver 113.0.5672.63 (0e1a4471d5ae5bf128b1bd8f4d627c8cbd55f70c-refs/branch-heads/5672@{#912}) on port 6481
Only local connections are allowed.
Please see https://chromedriver.chromium.org/security-considerations for suggestions on keeping ChromeDriver safe.
ChromeDriver was started successfully.
May 08, 2023 10:59:32 PM org.openqa.selenium.devtools.CdpVersionFinder findNearestMatch
WARNING: Unable to find an exact match for CDP version 113, so returning the closest version found: 110
]]></system-err>
  </testcase>
  <testcase name="Success login" classname="Login" time="9.733">
    <system-out><![CDATA[22:59:37.626 [main] DEBUG io.cucumber.core.plugin.SerenityReporter - Running feature from file:///D:/1.%20QA%20ALTERRA%20ACADEMY/MobileTesting/MiniProjectWEB/src/test/resources/features/2.Login.feature
22:59:37.629 [main] DEBUG net.thucydides.core.steps.StepEventBus - Test suite started for story net.thucydides.core.model.Story@45dd2a4c
22:59:37.630 [main] INFO  - Test Suite Started: Login

@Login(+)
Scenario: Success login            &amp#27;[90m# src/test/resources/features/2.Login.feature:7&amp#27;[0m
22:59:37.639 [main] DEBUG io.cucumber.core.plugin.SerenityReporter - Running feature from file:///D:/1.%20QA%20ALTERRA%20ACADEMY/MobileTesting/MiniProjectWEB/src/test/resources/features/2.Login.feature
22:59:37.641 [main] INFO  - 
  _____   ___   ___   _____     ___   _____     _     ___   _____   ___   ___  
 |_   _| | __| / __| |_   _|   / __| |_   _|   /_\   | _ \ |_   _| | __| |   \ 
   | |   | _|  \__ \   | |     \__ \   | |    / _ \  |   /   | |   | _|  | |) |
   |_|   |___| |___/   |_|     |___/   |_|   /_/ \_\ |_|_\   |_|   |___| |___/ 

Success login(login;success-login)
--------------------------------------------------------------------------------
22:59:38.002 [main] INFO net.serenitybdd.core.webdriver.driverproviders.ChromeDriverProvider - Starting Chrome driver instance with capabilities:
22:59:38.002 [main] INFO net.serenitybdd.core.webdriver.driverproviders.ChromeDriverProvider - Capabilities {acceptInsecureCerts: false, browserName: chrome, goog:chromeOptions: {args: [remote-allow-origins=*], extensions: []}}
22:59:38.420 [AsyncHttpClient-1-2] DEBUG org.asynchttpclient.netty.channel.NettyConnectListener - Using new Channel '[id: 0x596c2eaf, L:/127.0.0.1:54389 - R:localhost/127.0.0.1:4632]' for 'POST' to '/session'
22:59:39.033 [AsyncHttpClient-1-2] DEBUG org.asynchttpclient.netty.handler.HttpHandler - 

Request DefaultHttpRequest(decodeResult: success, version: HTTP/1.1)
POST /session HTTP/1.1
User-Agent: selenium/4.8.1 (java windows)
Content-Length: 507
Content-Type: application/json; charset=utf-8
host: localhost:4632
accept: */*

Response DefaultHttpResponse(decodeResult: success, version: HTTP/1.1)
HTTP/1.1 200 OK
Content-Length: 861
Content-Type: application/json; charset=utf-8
cache-control: no-cache

22:59:39.034 [AsyncHttpClient-1-2] DEBUG org.asynchttpclient.netty.channel.ChannelManager - Adding key: http://localhost:4632 for channel [id: 0x596c2eaf, L:/127.0.0.1:54389 - R:localhost/127.0.0.1:4632]
22:59:39.039 [AsyncHttpClient-1-3] DEBUG org.asynchttpclient.netty.channel.NettyConnectListener - Using new Channel '[id: 0x407ae5e2, L:/127.0.0.1:54397 - R:localhost/127.0.0.1:54390]' for 'GET' to '/json/version'
22:59:39.040 [AsyncHttpClient-1-3] DEBUG org.asynchttpclient.netty.handler.HttpHandler - 

Request DefaultFullHttpRequest(decodeResult: success, version: HTTP/1.1, content: EmptyByteBufBE)
GET /json/version HTTP/1.1
User-Agent: selenium/4.8.1 (java windows)
host: localhost:54390
accept: */*

Response DefaultHttpResponse(decodeResult: success, version: HTTP/1.1)
HTTP/1.1 200 OK
Content-Security-Policy: frame-ancestors 'none'
Content-Length: 422
Content-Type: application/json; charset=UTF-8

22:59:39.040 [AsyncHttpClient-1-3] DEBUG org.asynchttpclient.netty.channel.ChannelManager - Adding key: http://localhost:54390 for channel [id: 0x407ae5e2, L:/127.0.0.1:54397 - R:localhost/127.0.0.1:54390]
22:59:39.042 [AsyncHttpClient-1-4] DEBUG org.asynchttpclient.netty.channel.NettyConnectListener - Using new Channel '[id: 0x530b2e34, L:/127.0.0.1:54398 - R:localhost/127.0.0.1:54390]' for 'GET' to '/devtools/browser/f41fd082-6a51-4e00-927d-d0b305f2d420'
22:59:39.043 [AsyncHttpClient-1-4] DEBUG org.asynchttpclient.netty.handler.WebSocketHandler - 

Request DefaultFullHttpRequest(decodeResult: success, version: HTTP/1.1, content: EmptyByteBufBE)
GET /devtools/browser/f41fd082-6a51-4e00-927d-d0b305f2d420 HTTP/1.1
upgrade: websocket
connection: upgrade
sec-websocket-key: 8QgqCRbeUbEa06s2BbcVuA==
sec-websocket-version: 13
origin: http://localhost:54390
host: localhost:54390
accept: */*
user-agent: AHC/2.1

Response DefaultHttpResponse(decodeResult: success, version: HTTP/1.1)
HTTP/1.1 101 WebSocket Protocol Handshake
Upgrade: WebSocket
Connection: Upgrade
Sec-WebSocket-Accept: S6EVvPq3fiu5h8+dcRUpYuj+RdQ=

22:59:39.046 [Forwarding get on session 708dc931dbfe7686fba5da2fa5d7b775 to remote] DEBUG org.asynchttpclient.netty.request.NettyRequestSender - Using pooled Channel '[id: 0x596c2eaf, L:/127.0.0.1:54389 - R:localhost/127.0.0.1:4632]' for 'POST' to 'http://localhost:4632/session/708dc931dbfe7686fba5da2fa5d7b775/url'
22:59:39.046 [Forwarding get on session 708dc931dbfe7686fba5da2fa5d7b775 to remote] DEBUG org.asynchttpclient.netty.request.NettyRequestSender - Using open Channel [id: 0x596c2eaf, L:/127.0.0.1:54389 - R:localhost/127.0.0.1:4632] for POST '/session/708dc931dbfe7686fba5da2fa5d7b775/url'
22:59:39.513 [AsyncHttpClient-1-1] DEBUG org.asynchttpclient.netty.channel.DefaultChannelPool - Entry count for : http://localhost:54390 : 1
22:59:40.599 [AsyncHttpClient-1-1] DEBUG org.asynchttpclient.netty.channel.DefaultChannelPool - Entry count for : http://localhost:54390 : 1
22:59:40.930 [AsyncHttpClient-1-2] DEBUG org.asynchttpclient.netty.handler.HttpHandler - 

Request DefaultHttpRequest(decodeResult: success, version: HTTP/1.1)
POST /session/708dc931dbfe7686fba5da2fa5d7b775/url HTTP/1.1
User-Agent: selenium/4.8.1 (java windows)
Content-Length: 74
Content-Type: application/json; charset=utf-8
host: localhost:4632
accept: */*

Response DefaultHttpResponse(decodeResult: success, version: HTTP/1.1)
HTTP/1.1 200 OK
Content-Length: 14
Content-Type: application/json; charset=utf-8
cache-control: no-cache

22:59:40.931 [AsyncHttpClient-1-2] DEBUG org.asynchttpclient.netty.channel.ChannelManager - Adding key: http://localhost:4632 for channel [id: 0x596c2eaf, L:/127.0.0.1:54389 - R:localhost/127.0.0.1:4632]
22:59:40.934 [Forwarding setTimeout on session 708dc931dbfe7686fba5da2fa5d7b775 to remote] DEBUG org.asynchttpclient.netty.request.NettyRequestSender - Using pooled Channel '[id: 0x596c2eaf, L:/127.0.0.1:54389 - R:localhost/127.0.0.1:4632]' for 'POST' to 'http://localhost:4632/session/708dc931dbfe7686fba5da2fa5d7b775/timeouts'
22:59:40.934 [Forwarding setTimeout on session 708dc931dbfe7686fba5da2fa5d7b775 to remote] DEBUG org.asynchttpclient.netty.request.NettyRequestSender - Using open Channel [id: 0x596c2eaf, L:/127.0.0.1:54389 - R:localhost/127.0.0.1:4632] for POST '/session/708dc931dbfe7686fba5da2fa5d7b775/timeouts'
22:59:40.935 [AsyncHttpClient-1-2] DEBUG org.asynchttpclient.netty.handler.HttpHandler - 

Request DefaultHttpRequest(decodeResult: success, version: HTTP/1.1)
POST /session/708dc931dbfe7686fba5da2fa5d7b775/timeouts HTTP/1.1
User-Agent: selenium/4.8.1 (java windows)
Content-Length: 22
Content-Type: application/json; charset=utf-8
host: localhost:4632
accept: */*

Response DefaultHttpResponse(decodeResult: success, version: HTTP/1.1)
HTTP/1.1 200 OK
Content-Length: 14
Content-Type: application/json; charset=utf-8
cache-control: no-cache

22:59:40.935 [AsyncHttpClient-1-2] DEBUG org.asynchttpclient.netty.channel.ChannelManager - Adding key: http://localhost:4632 for channel [id: 0x596c2eaf, L:/127.0.0.1:54389 - R:localhost/127.0.0.1:4632]
  &amp#27;[32mGiven &amp#27;[0m&amp#27;[32mI am on the login page&amp#27;[0m     &amp#27;[90m# starter.stepdefinitions.LoginSteps.onTheLoginPage()&amp#27;[0m
22:59:40.952 [main] DEBUG net.serenitybdd.core.photography.Darkroom - Opening darkroom
22:59:40.953 [Darkroom Processing Line] DEBUG net.serenitybdd.core.photography.DarkroomProcessingLine - Darkroom processing line starting up
22:59:40.956 [Forwarding getAlertText on session 708dc931dbfe7686fba5da2fa5d7b775 to remote] DEBUG org.asynchttpclient.netty.request.NettyRequestSender - Using pooled Channel '[id: 0x596c2eaf, L:/127.0.0.1:54389 - R:localhost/127.0.0.1:4632]' for 'GET' to 'http://localhost:4632/session/708dc931dbfe7686fba5da2fa5d7b775/alert/text'
22:59:40.956 [Forwarding getAlertText on session 708dc931dbfe7686fba5da2fa5d7b775 to remote] DEBUG org.asynchttpclient.netty.request.NettyRequestSender - Using open Channel [id: 0x596c2eaf, L:/127.0.0.1:54389 - R:localhost/127.0.0.1:4632] for GET '/session/708dc931dbfe7686fba5da2fa5d7b775/alert/text'
22:59:40.960 [AsyncHttpClient-1-2] DEBUG org.asynchttpclient.netty.handler.HttpHandler - 

Request DefaultFullHttpRequest(decodeResult: success, version: HTTP/1.1, content: EmptyByteBufBE)
GET /session/708dc931dbfe7686fba5da2fa5d7b775/alert/text HTTP/1.1
User-Agent: selenium/4.8.1 (java windows)
Cache-Control: no-cache
Content-Type: application/json; charset=utf-8
host: localhost:4632
accept: */*

Response DefaultHttpResponse(decodeResult: success, version: HTTP/1.1)
HTTP/1.1 404 Not Found
Content-Length: 820
Content-Type: application/json; charset=utf-8
cache-control: no-cache

22:59:40.961 [AsyncHttpClient-1-2] DEBUG org.asynchttpclient.netty.channel.ChannelManager - Adding key: http://localhost:4632 for channel [id: 0x596c2eaf, L:/127.0.0.1:54389 - R:localhost/127.0.0.1:4632]
22:59:40.963 [Forwarding getCurrentUrl on session 708dc931dbfe7686fba5da2fa5d7b775 to remote] DEBUG org.asynchttpclient.netty.request.NettyRequestSender - Using pooled Channel '[id: 0x596c2eaf, L:/127.0.0.1:54389 - R:localhost/127.0.0.1:4632]' for 'GET' to 'http://localhost:4632/session/708dc931dbfe7686fba5da2fa5d7b775/url'
22:59:40.963 [Forwarding getCurrentUrl on session 708dc931dbfe7686fba5da2fa5d7b775 to remote] DEBUG org.asynchttpclient.netty.request.NettyRequestSender - Using open Channel [id: 0x596c2eaf, L:/127.0.0.1:54389 - R:localhost/127.0.0.1:4632] for GET '/session/708dc931dbfe7686fba5da2fa5d7b775/url'
22:59:40.977 [AsyncHttpClient-1-2] DEBUG org.asynchttpclient.netty.handler.HttpHandler - 

Request DefaultFullHttpRequest(decodeResult: success, version: HTTP/1.1, content: EmptyByteBufBE)
GET /session/708dc931dbfe7686fba5da2fa5d7b775/url HTTP/1.1
User-Agent: selenium/4.8.1 (java windows)
Cache-Control: no-cache
Content-Type: application/json; charset=utf-8
host: localhost:4632
accept: */*

Response DefaultHttpResponse(decodeResult: success, version: HTTP/1.1)
HTTP/1.1 200 OK
Content-Length: 51
Content-Type: application/json; charset=utf-8
cache-control: no-cache

22:59:40.977 [AsyncHttpClient-1-2] DEBUG org.asynchttpclient.netty.channel.ChannelManager - Adding key: http://localhost:4632 for channel [id: 0x596c2eaf, L:/127.0.0.1:54389 - R:localhost/127.0.0.1:4632]
22:59:40.979 [Forwarding screenshot on session 708dc931dbfe7686fba5da2fa5d7b775 to remote] DEBUG org.asynchttpclient.netty.request.NettyRequestSender - Using pooled Channel '[id: 0x596c2eaf, L:/127.0.0.1:54389 - R:localhost/127.0.0.1:4632]' for 'GET' to 'http://localhost:4632/session/708dc931dbfe7686fba5da2fa5d7b775/screenshot'
22:59:40.979 [Forwarding screenshot on session 708dc931dbfe7686fba5da2fa5d7b775 to remote] DEBUG org.asynchttpclient.netty.request.NettyRequestSender - Using open Channel [id: 0x596c2eaf, L:/127.0.0.1:54389 - R:localhost/127.0.0.1:4632] for GET '/session/708dc931dbfe7686fba5da2fa5d7b775/screenshot'
22:59:41.083 [AsyncHttpClient-1-2] DEBUG org.asynchttpclient.netty.handler.HttpHandler - 

Request DefaultFullHttpRequest(decodeResult: success, version: HTTP/1.1, content: EmptyByteBufBE)
GET /session/708dc931dbfe7686fba5da2fa5d7b775/screenshot HTTP/1.1
User-Agent: selenium/4.8.1 (java windows)
Cache-Control: no-cache
Content-Type: application/json; charset=utf-8
host: localhost:4632
accept: */*

Response DefaultHttpResponse(decodeResult: success, version: HTTP/1.1)
HTTP/1.1 200 OK
Content-Length: 32068
Content-Type: application/json; charset=utf-8
cache-control: no-cache

22:59:41.083 [AsyncHttpClient-1-2] DEBUG org.asynchttpclient.netty.channel.ChannelManager - Adding key: http://localhost:4632 for channel [id: 0x596c2eaf, L:/127.0.0.1:54389 - R:localhost/127.0.0.1:4632]
22:59:41.085 [main] DEBUG net.serenitybdd.core.photography.Darkroom - Send negative for processing for target\site\serenity\66a72f9453c991b458ef56bcffc716efaac5c1af3eeac64411e4b666f4758793.png
22:59:41.085 [Darkroom Processing Line] DEBUG net.serenitybdd.core.photography.DarkroomProcessingLine - Processing screenshot image in /var/screenshots/screenshot-1028971208059849606
22:59:41.085 [Darkroom Processing Line] DEBUG net.serenitybdd.core.photography.DarkroomProcessingLine - Saving screenshot to target\site\serenity\66a72f9453c991b458ef56bcffc716efaac5c1af3eeac64411e4b666f4758793.png
22:59:41.090 [Forwarding getPageSource on session 708dc931dbfe7686fba5da2fa5d7b775 to remote] DEBUG org.asynchttpclient.netty.request.NettyRequestSender - Using pooled Channel '[id: 0x596c2eaf, L:/127.0.0.1:54389 - R:localhost/127.0.0.1:4632]' for 'POST' to 'http://localhost:4632/session/708dc931dbfe7686fba5da2fa5d7b775/execute/sync'
22:59:41.090 [Forwarding getPageSource on session 708dc931dbfe7686fba5da2fa5d7b775 to remote] DEBUG org.asynchttpclient.netty.request.NettyRequestSender - Using open Channel [id: 0x596c2eaf, L:/127.0.0.1:54389 - R:localhost/127.0.0.1:4632] for POST '/session/708dc931dbfe7686fba5da2fa5d7b775/execute/sync'
22:59:41.099 [AsyncHttpClient-1-2] DEBUG org.asynchttpclient.netty.handler.HttpHandler - 

Request DefaultHttpRequest(decodeResult: success, version: HTTP/1.1)
POST /session/708dc931dbfe7686fba5da2fa5d7b775/execute/sync HTTP/1.1
User-Agent: selenium/4.8.1 (java windows)
Content-Length: 176
Content-Type: application/json; charset=utf-8
host: localhost:4632
accept: */*

Response DefaultHttpResponse(decodeResult: success, version: HTTP/1.1)
HTTP/1.1 200 OK
Content-Length: 21659
Content-Type: application/json; charset=utf-8
cache-control: no-cache

22:59:41.099 [AsyncHttpClient-1-2] DEBUG org.asynchttpclient.netty.channel.ChannelManager - Adding key: http://localhost:4632 for channel [id: 0x596c2eaf, L:/127.0.0.1:54389 - R:localhost/127.0.0.1:4632]
22:59:41.102 [Forwarding getCurrentUrl on session 708dc931dbfe7686fba5da2fa5d7b775 to remote] DEBUG org.asynchttpclient.netty.request.NettyRequestSender - Using pooled Channel '[id: 0x596c2eaf, L:/127.0.0.1:54389 - R:localhost/127.0.0.1:4632]' for 'GET' to 'http://localhost:4632/session/708dc931dbfe7686fba5da2fa5d7b775/url'
22:59:41.102 [Forwarding getCurrentUrl on session 708dc931dbfe7686fba5da2fa5d7b775 to remote] DEBUG org.asynchttpclient.netty.request.NettyRequestSender - Using open Channel [id: 0x596c2eaf, L:/127.0.0.1:54389 - R:localhost/127.0.0.1:4632] for GET '/session/708dc931dbfe7686fba5da2fa5d7b775/url'
22:59:41.109 [AsyncHttpClient-1-2] DEBUG org.asynchttpclient.netty.handler.HttpHandler - 

Request DefaultFullHttpRequest(decodeResult: success, version: HTTP/1.1, content: EmptyByteBufBE)
GET /session/708dc931dbfe7686fba5da2fa5d7b775/url HTTP/1.1
User-Agent: selenium/4.8.1 (java windows)
Cache-Control: no-cache
Content-Type: application/json; charset=utf-8
host: localhost:4632
accept: */*

Response DefaultHttpResponse(decodeResult: success, version: HTTP/1.1)
HTTP/1.1 200 OK
Content-Length: 51
Content-Type: application/json; charset=utf-8
cache-control: no-cache

22:59:41.109 [AsyncHttpClient-1-2] DEBUG org.asynchttpclient.netty.channel.ChannelManager - Adding key: http://localhost:4632 for channel [id: 0x596c2eaf, L:/127.0.0.1:54389 - R:localhost/127.0.0.1:4632]
22:59:41.116 [Forwarding getPageSource on session 708dc931dbfe7686fba5da2fa5d7b775 to remote] DEBUG org.asynchttpclient.netty.request.NettyRequestSender - Using pooled Channel '[id: 0x596c2eaf, L:/127.0.0.1:54389 - R:localhost/127.0.0.1:4632]' for 'POST' to 'http://localhost:4632/session/708dc931dbfe7686fba5da2fa5d7b775/execute/sync'
22:59:41.116 [Forwarding getPageSource on session 708dc931dbfe7686fba5da2fa5d7b775 to remote] DEBUG org.asynchttpclient.netty.request.NettyRequestSender - Using open Channel [id: 0x596c2eaf, L:/127.0.0.1:54389 - R:localhost/127.0.0.1:4632] for POST '/session/708dc931dbfe7686fba5da2fa5d7b775/execute/sync'
22:59:41.124 [AsyncHttpClient-1-2] DEBUG org.asynchttpclient.netty.handler.HttpHandler - 

Request DefaultHttpRequest(decodeResult: success, version: HTTP/1.1)
POST /session/708dc931dbfe7686fba5da2fa5d7b775/execute/sync HTTP/1.1
User-Agent: selenium/4.8.1 (java windows)
Content-Length: 176
Content-Type: application/json; charset=utf-8
host: localhost:4632
accept: */*

Response DefaultHttpResponse(decodeResult: success, version: HTTP/1.1)
HTTP/1.1 200 OK
Content-Length: 21659
Content-Type: application/json; charset=utf-8
cache-control: no-cache

22:59:41.124 [AsyncHttpClient-1-2] DEBUG org.asynchttpclient.netty.channel.ChannelManager - Adding key: http://localhost:4632 for channel [id: 0x596c2eaf, L:/127.0.0.1:54389 - R:localhost/127.0.0.1:4632]
22:59:41.127 [Forwarding getCurrentUrl on session 708dc931dbfe7686fba5da2fa5d7b775 to remote] DEBUG org.asynchttpclient.netty.request.NettyRequestSender - Using pooled Channel '[id: 0x596c2eaf, L:/127.0.0.1:54389 - R:localhost/127.0.0.1:4632]' for 'GET' to 'http://localhost:4632/session/708dc931dbfe7686fba5da2fa5d7b775/url'
22:59:41.127 [Forwarding getCurrentUrl on session 708dc931dbfe7686fba5da2fa5d7b775 to remote] DEBUG org.asynchttpclient.netty.request.NettyRequestSender - Using open Channel [id: 0x596c2eaf, L:/127.0.0.1:54389 - R:localhost/127.0.0.1:4632] for GET '/session/708dc931dbfe7686fba5da2fa5d7b775/url'
22:59:41.134 [AsyncHttpClient-1-2] DEBUG org.asynchttpclient.netty.handler.HttpHandler - 

Request DefaultFullHttpRequest(decodeResult: success, version: HTTP/1.1, content: EmptyByteBufBE)
GET /session/708dc931dbfe7686fba5da2fa5d7b775/url HTTP/1.1
User-Agent: selenium/4.8.1 (java windows)
Cache-Control: no-cache
Content-Type: application/json; charset=utf-8
host: localhost:4632
accept: */*

Response DefaultHttpResponse(decodeResult: success, version: HTTP/1.1)
HTTP/1.1 200 OK
Content-Length: 51
Content-Type: application/json; charset=utf-8
cache-control: no-cache

22:59:41.134 [AsyncHttpClient-1-2] DEBUG org.asynchttpclient.netty.channel.ChannelManager - Adding key: http://localhost:4632 for channel [id: 0x596c2eaf, L:/127.0.0.1:54389 - R:localhost/127.0.0.1:4632]
22:59:41.135 [main] DEBUG net.thucydides.core.steps.StepInterceptor - STARTING STEP: LoginSteps.enterValidEmailLogin - inputEmailLogin
22:59:41.137 [Forwarding findElement on session 708dc931dbfe7686fba5da2fa5d7b775 to remote] DEBUG org.asynchttpclient.netty.request.NettyRequestSender - Using pooled Channel '[id: 0x596c2eaf, L:/127.0.0.1:54389 - R:localhost/127.0.0.1:4632]' for 'POST' to 'http://localhost:4632/session/708dc931dbfe7686fba5da2fa5d7b775/element'
22:59:41.137 [Forwarding findElement on session 708dc931dbfe7686fba5da2fa5d7b775 to remote] DEBUG org.asynchttpclient.netty.request.NettyRequestSender - Using open Channel [id: 0x596c2eaf, L:/127.0.0.1:54389 - R:localhost/127.0.0.1:4632] for POST '/session/708dc931dbfe7686fba5da2fa5d7b775/element'
22:59:41.151 [AsyncHttpClient-1-2] DEBUG org.asynchttpclient.netty.handler.HttpHandler - 

Request DefaultHttpRequest(decodeResult: success, version: HTTP/1.1)
POST /session/708dc931dbfe7686fba5da2fa5d7b775/element HTTP/1.1
User-Agent: selenium/4.8.1 (java windows)
Content-Length: 55
Content-Type: application/json; charset=utf-8
host: localhost:4632
accept: */*

Response DefaultHttpResponse(decodeResult: success, version: HTTP/1.1)
HTTP/1.1 200 OK
Content-Length: 94
Content-Type: application/json; charset=utf-8
cache-control: no-cache

22:59:41.152 [AsyncHttpClient-1-2] DEBUG org.asynchttpclient.netty.channel.ChannelManager - Adding key: http://localhost:4632 for channel [id: 0x596c2eaf, L:/127.0.0.1:54389 - R:localhost/127.0.0.1:4632]
22:59:41.152 [Forwarding clearElement on session 708dc931dbfe7686fba5da2fa5d7b775 to remote] DEBUG org.asynchttpclient.netty.request.NettyRequestSender - Using pooled Channel '[id: 0x596c2eaf, L:/127.0.0.1:54389 - R:localhost/127.0.0.1:4632]' for 'POST' to 'http://localhost:4632/session/708dc931dbfe7686fba5da2fa5d7b775/element/3327746AA6F65CCAC1DCCCAC30E0C989_element_5/clear'
22:59:41.152 [Forwarding clearElement on session 708dc931dbfe7686fba5da2fa5d7b775 to remote] DEBUG org.asynchttpclient.netty.request.NettyRequestSender - Using open Channel [id: 0x596c2eaf, L:/127.0.0.1:54389 - R:localhost/127.0.0.1:4632] for POST '/session/708dc931dbfe7686fba5da2fa5d7b775/element/3327746AA6F65CCAC1DCCCAC30E0C989_element_5/clear'
22:59:41.210 [AsyncHttpClient-1-2] DEBUG org.asynchttpclient.netty.handler.HttpHandler - 

Request DefaultHttpRequest(decodeResult: success, version: HTTP/1.1)
POST /session/708dc931dbfe7686fba5da2fa5d7b775/element/3327746AA6F65CCAC1DCCCAC30E0C989_element_5/clear HTTP/1.1
User-Agent: selenium/4.8.1 (java windows)
Content-Length: 56
Content-Type: application/json; charset=utf-8
host: localhost:4632
accept: */*

Response DefaultHttpResponse(decodeResult: success, version: HTTP/1.1)
HTTP/1.1 200 OK
Content-Length: 14
Content-Type: application/json; charset=utf-8
cache-control: no-cache

22:59:41.210 [AsyncHttpClient-1-2] DEBUG org.asynchttpclient.netty.channel.ChannelManager - Adding key: http://localhost:4632 for channel [id: 0x596c2eaf, L:/127.0.0.1:54389 - R:localhost/127.0.0.1:4632]
22:59:41.212 [Forwarding sendKeysToElement on session 708dc931dbfe7686fba5da2fa5d7b775 to remote] DEBUG org.asynchttpclient.netty.request.NettyRequestSender - Using pooled Channel '[id: 0x596c2eaf, L:/127.0.0.1:54389 - R:localhost/127.0.0.1:4632]' for 'POST' to 'http://localhost:4632/session/708dc931dbfe7686fba5da2fa5d7b775/element/3327746AA6F65CCAC1DCCCAC30E0C989_element_5/value'
22:59:41.212 [Forwarding sendKeysToElement on session 708dc931dbfe7686fba5da2fa5d7b775 to remote] DEBUG org.asynchttpclient.netty.request.NettyRequestSender - Using open Channel [id: 0x596c2eaf, L:/127.0.0.1:54389 - R:localhost/127.0.0.1:4632] for POST '/session/708dc931dbfe7686fba5da2fa5d7b775/element/3327746AA6F65CCAC1DCCCAC30E0C989_element_5/value'
22:59:41.426 [AsyncHttpClient-1-2] DEBUG org.asynchttpclient.netty.handler.HttpHandler - 

Request DefaultHttpRequest(decodeResult: success, version: HTTP/1.1)
POST /session/708dc931dbfe7686fba5da2fa5d7b775/element/3327746AA6F65CCAC1DCCCAC30E0C989_element_5/value HTTP/1.1
User-Agent: selenium/4.8.1 (java windows)
Content-Length: 357
Content-Type: application/json; charset=utf-8
host: localhost:4632
accept: */*

Response DefaultHttpResponse(decodeResult: success, version: HTTP/1.1)
HTTP/1.1 200 OK
Content-Length: 14
Content-Type: application/json; charset=utf-8
cache-control: no-cache

22:59:41.426 [AsyncHttpClient-1-2] DEBUG org.asynchttpclient.netty.channel.ChannelManager - Adding key: http://localhost:4632 for channel [id: 0x596c2eaf, L:/127.0.0.1:54389 - R:localhost/127.0.0.1:4632]
22:59:41.432 [Forwarding getAlertText on session 708dc931dbfe7686fba5da2fa5d7b775 to remote] DEBUG org.asynchttpclient.netty.request.NettyRequestSender - Using pooled Channel '[id: 0x596c2eaf, L:/127.0.0.1:54389 - R:localhost/127.0.0.1:4632]' for 'GET' to 'http://localhost:4632/session/708dc931dbfe7686fba5da2fa5d7b775/alert/text'
22:59:41.432 [Forwarding getAlertText on session 708dc931dbfe7686fba5da2fa5d7b775 to remote] DEBUG org.asynchttpclient.netty.request.NettyRequestSender - Using open Channel [id: 0x596c2eaf, L:/127.0.0.1:54389 - R:localhost/127.0.0.1:4632] for GET '/session/708dc931dbfe7686fba5da2fa5d7b775/alert/text'
22:59:41.434 [AsyncHttpClient-1-2] DEBUG org.asynchttpclient.netty.handler.HttpHandler - 

Request DefaultFullHttpRequest(decodeResult: success, version: HTTP/1.1, content: EmptyByteBufBE)
GET /session/708dc931dbfe7686fba5da2fa5d7b775/alert/text HTTP/1.1
User-Agent: selenium/4.8.1 (java windows)
Cache-Control: no-cache
Content-Type: application/json; charset=utf-8
host: localhost:4632
accept: */*

Response DefaultHttpResponse(decodeResult: success, version: HTTP/1.1)
HTTP/1.1 404 Not Found
Content-Length: 820
Content-Type: application/json; charset=utf-8
cache-control: no-cache

22:59:41.434 [AsyncHttpClient-1-2] DEBUG org.asynchttpclient.netty.channel.ChannelManager - Adding key: http://localhost:4632 for channel [id: 0x596c2eaf, L:/127.0.0.1:54389 - R:localhost/127.0.0.1:4632]
22:59:41.436 [Forwarding getCurrentUrl on session 708dc931dbfe7686fba5da2fa5d7b775 to remote] DEBUG org.asynchttpclient.netty.request.NettyRequestSender - Using pooled Channel '[id: 0x596c2eaf, L:/127.0.0.1:54389 - R:localhost/127.0.0.1:4632]' for 'GET' to 'http://localhost:4632/session/708dc931dbfe7686fba5da2fa5d7b775/url'
22:59:41.436 [Forwarding getCurrentUrl on session 708dc931dbfe7686fba5da2fa5d7b775 to remote] DEBUG org.asynchttpclient.netty.request.NettyRequestSender - Using open Channel [id: 0x596c2eaf, L:/127.0.0.1:54389 - R:localhost/127.0.0.1:4632] for GET '/session/708dc931dbfe7686fba5da2fa5d7b775/url'
22:59:41.444 [AsyncHttpClient-1-2] DEBUG org.asynchttpclient.netty.handler.HttpHandler - 

Request DefaultFullHttpRequest(decodeResult: success, version: HTTP/1.1, content: EmptyByteBufBE)
GET /session/708dc931dbfe7686fba5da2fa5d7b775/url HTTP/1.1
User-Agent: selenium/4.8.1 (java windows)
Cache-Control: no-cache
Content-Type: application/json; charset=utf-8
host: localhost:4632
accept: */*

Response DefaultHttpResponse(decodeResult: success, version: HTTP/1.1)
HTTP/1.1 200 OK
Content-Length: 51
Content-Type: application/json; charset=utf-8
cache-control: no-cache

22:59:41.446 [AsyncHttpClient-1-2] DEBUG org.asynchttpclient.netty.channel.ChannelManager - Adding key: http://localhost:4632 for channel [id: 0x596c2eaf, L:/127.0.0.1:54389 - R:localhost/127.0.0.1:4632]
22:59:41.446 [Forwarding screenshot on session 708dc931dbfe7686fba5da2fa5d7b775 to remote] DEBUG org.asynchttpclient.netty.request.NettyRequestSender - Using pooled Channel '[id: 0x596c2eaf, L:/127.0.0.1:54389 - R:localhost/127.0.0.1:4632]' for 'GET' to 'http://localhost:4632/session/708dc931dbfe7686fba5da2fa5d7b775/screenshot'
22:59:41.446 [Forwarding screenshot on session 708dc931dbfe7686fba5da2fa5d7b775 to remote] DEBUG org.asynchttpclient.netty.request.NettyRequestSender - Using open Channel [id: 0x596c2eaf, L:/127.0.0.1:54389 - R:localhost/127.0.0.1:4632] for GET '/session/708dc931dbfe7686fba5da2fa5d7b775/screenshot'
22:59:41.701 [AsyncHttpClient-1-1] DEBUG org.asynchttpclient.netty.channel.DefaultChannelPool - Entry count for : http://localhost:54390 : 1
22:59:41.797 [AsyncHttpClient-1-2] DEBUG org.asynchttpclient.netty.handler.HttpHandler - 

Request DefaultFullHttpRequest(decodeResult: success, version: HTTP/1.1, content: EmptyByteBufBE)
GET /session/708dc931dbfe7686fba5da2fa5d7b775/screenshot HTTP/1.1
User-Agent: selenium/4.8.1 (java windows)
Cache-Control: no-cache
Content-Type: application/json; charset=utf-8
host: localhost:4632
accept: */*

Response DefaultHttpResponse(decodeResult: success, version: HTTP/1.1)
HTTP/1.1 200 OK
Content-Length: 39960
Content-Type: application/json; charset=utf-8
cache-control: no-cache

22:59:41.797 [AsyncHttpClient-1-2] DEBUG org.asynchttpclient.netty.channel.ChannelManager - Adding key: http://localhost:4632 for channel [id: 0x596c2eaf, L:/127.0.0.1:54389 - R:localhost/127.0.0.1:4632]
22:59:41.802 [main] DEBUG net.serenitybdd.core.photography.Darkroom - Send negative for processing for target\site\serenity\62e3e0f1de20a7731cf5b3f3c198a77550ccc1aa8d6c97c0ecad658b59fda3ac.png
22:59:41.802 [main] DEBUG net.thucydides.core.steps.StepInterceptor - STEP DONE: inputEmailLogin
  &amp#27;[32mWhen &amp#27;[0m&amp#27;[32mI enter valid email login&amp#27;[0m   &amp#27;[90m# starter.stepdefinitions.LoginSteps.enterValidEmailLogin()&amp#27;[0m
22:59:41.803 [Darkroom Processing Line] DEBUG net.serenitybdd.core.photography.DarkroomProcessingLine - Processing screenshot image in /var/screenshots/screenshot-8501755357749893383
22:59:41.803 [Darkroom Processing Line] DEBUG net.serenitybdd.core.photography.DarkroomProcessingLine - Saving screenshot to target\site\serenity\62e3e0f1de20a7731cf5b3f3c198a77550ccc1aa8d6c97c0ecad658b59fda3ac.png
22:59:41.819 [Forwarding getPageSource on session 708dc931dbfe7686fba5da2fa5d7b775 to remote] DEBUG org.asynchttpclient.netty.request.NettyRequestSender - Using pooled Channel '[id: 0x596c2eaf, L:/127.0.0.1:54389 - R:localhost/127.0.0.1:4632]' for 'POST' to 'http://localhost:4632/session/708dc931dbfe7686fba5da2fa5d7b775/execute/sync'
22:59:41.819 [Forwarding getPageSource on session 708dc931dbfe7686fba5da2fa5d7b775 to remote] DEBUG org.asynchttpclient.netty.request.NettyRequestSender - Using open Channel [id: 0x596c2eaf, L:/127.0.0.1:54389 - R:localhost/127.0.0.1:4632] for POST '/session/708dc931dbfe7686fba5da2fa5d7b775/execute/sync'
22:59:41.836 [AsyncHttpClient-1-2] DEBUG org.asynchttpclient.netty.handler.HttpHandler - 

Request DefaultHttpRequest(decodeResult: success, version: HTTP/1.1)
POST /session/708dc931dbfe7686fba5da2fa5d7b775/execute/sync HTTP/1.1
User-Agent: selenium/4.8.1 (java windows)
Content-Length: 176
Content-Type: application/json; charset=utf-8
host: localhost:4632
accept: */*

Response DefaultHttpResponse(decodeResult: success, version: HTTP/1.1)
HTTP/1.1 200 OK
Content-Length: 21780
Content-Type: application/json; charset=utf-8
cache-control: no-cache

22:59:41.836 [AsyncHttpClient-1-2] DEBUG org.asynchttpclient.netty.channel.ChannelManager - Adding key: http://localhost:4632 for channel [id: 0x596c2eaf, L:/127.0.0.1:54389 - R:localhost/127.0.0.1:4632]
22:59:41.842 [Forwarding getCurrentUrl on session 708dc931dbfe7686fba5da2fa5d7b775 to remote] DEBUG org.asynchttpclient.netty.request.NettyRequestSender - Using pooled Channel '[id: 0x596c2eaf, L:/127.0.0.1:54389 - R:localhost/127.0.0.1:4632]' for 'GET' to 'http://localhost:4632/session/708dc931dbfe7686fba5da2fa5d7b775/url'
22:59:41.842 [Forwarding getCurrentUrl on session 708dc931dbfe7686fba5da2fa5d7b775 to remote] DEBUG org.asynchttpclient.netty.request.NettyRequestSender - Using open Channel [id: 0x596c2eaf, L:/127.0.0.1:54389 - R:localhost/127.0.0.1:4632] for GET '/session/708dc931dbfe7686fba5da2fa5d7b775/url'
22:59:41.854 [AsyncHttpClient-1-2] DEBUG org.asynchttpclient.netty.handler.HttpHandler - 

Request DefaultFullHttpRequest(decodeResult: success, version: HTTP/1.1, content: EmptyByteBufBE)
GET /session/708dc931dbfe7686fba5da2fa5d7b775/url HTTP/1.1
User-Agent: selenium/4.8.1 (java windows)
Cache-Control: no-cache
Content-Type: application/json; charset=utf-8
host: localhost:4632
accept: */*

Response DefaultHttpResponse(decodeResult: success, version: HTTP/1.1)
HTTP/1.1 200 OK
Content-Length: 51
Content-Type: application/json; charset=utf-8
cache-control: no-cache

22:59:41.854 [AsyncHttpClient-1-2] DEBUG org.asynchttpclient.netty.channel.ChannelManager - Adding key: http://localhost:4632 for channel [id: 0x596c2eaf, L:/127.0.0.1:54389 - R:localhost/127.0.0.1:4632]
22:59:41.874 [Forwarding getAlertText on session 708dc931dbfe7686fba5da2fa5d7b775 to remote] DEBUG org.asynchttpclient.netty.request.NettyRequestSender - Using pooled Channel '[id: 0x596c2eaf, L:/127.0.0.1:54389 - R:localhost/127.0.0.1:4632]' for 'GET' to 'http://localhost:4632/session/708dc931dbfe7686fba5da2fa5d7b775/alert/text'
22:59:41.874 [Forwarding getAlertText on session 708dc931dbfe7686fba5da2fa5d7b775 to remote] DEBUG org.asynchttpclient.netty.request.NettyRequestSender - Using open Channel [id: 0x596c2eaf, L:/127.0.0.1:54389 - R:localhost/127.0.0.1:4632] for GET '/session/708dc931dbfe7686fba5da2fa5d7b775/alert/text'
22:59:41.879 [AsyncHttpClient-1-2] DEBUG org.asynchttpclient.netty.handler.HttpHandler - 

Request DefaultFullHttpRequest(decodeResult: success, version: HTTP/1.1, content: EmptyByteBufBE)
GET /session/708dc931dbfe7686fba5da2fa5d7b775/alert/text HTTP/1.1
User-Agent: selenium/4.8.1 (java windows)
Cache-Control: no-cache
Content-Type: application/json; charset=utf-8
host: localhost:4632
accept: */*

Response DefaultHttpResponse(decodeResult: success, version: HTTP/1.1)
HTTP/1.1 404 Not Found
Content-Length: 820
Content-Type: application/json; charset=utf-8
cache-control: no-cache

22:59:41.879 [AsyncHttpClient-1-2] DEBUG org.asynchttpclient.netty.channel.ChannelManager - Adding key: http://localhost:4632 for channel [id: 0x596c2eaf, L:/127.0.0.1:54389 - R:localhost/127.0.0.1:4632]
22:59:41.882 [Forwarding getCurrentUrl on session 708dc931dbfe7686fba5da2fa5d7b775 to remote] DEBUG org.asynchttpclient.netty.request.NettyRequestSender - Using pooled Channel '[id: 0x596c2eaf, L:/127.0.0.1:54389 - R:localhost/127.0.0.1:4632]' for 'GET' to 'http://localhost:4632/session/708dc931dbfe7686fba5da2fa5d7b775/url'
22:59:41.882 [Forwarding getCurrentUrl on session 708dc931dbfe7686fba5da2fa5d7b775 to remote] DEBUG org.asynchttpclient.netty.request.NettyRequestSender - Using open Channel [id: 0x596c2eaf, L:/127.0.0.1:54389 - R:localhost/127.0.0.1:4632] for GET '/session/708dc931dbfe7686fba5da2fa5d7b775/url'
22:59:41.894 [AsyncHttpClient-1-2] DEBUG org.asynchttpclient.netty.handler.HttpHandler - 

Request DefaultFullHttpRequest(decodeResult: success, version: HTTP/1.1, content: EmptyByteBufBE)
GET /session/708dc931dbfe7686fba5da2fa5d7b775/url HTTP/1.1
User-Agent: selenium/4.8.1 (java windows)
Cache-Control: no-cache
Content-Type: application/json; charset=utf-8
host: localhost:4632
accept: */*

Response DefaultHttpResponse(decodeResult: success, version: HTTP/1.1)
HTTP/1.1 200 OK
Content-Length: 51
Content-Type: application/json; charset=utf-8
cache-control: no-cache

22:59:41.894 [AsyncHttpClient-1-2] DEBUG org.asynchttpclient.netty.channel.ChannelManager - Adding key: http://localhost:4632 for channel [id: 0x596c2eaf, L:/127.0.0.1:54389 - R:localhost/127.0.0.1:4632]
22:59:41.895 [Forwarding screenshot on session 708dc931dbfe7686fba5da2fa5d7b775 to remote] DEBUG org.asynchttpclient.netty.request.NettyRequestSender - Using pooled Channel '[id: 0x596c2eaf, L:/127.0.0.1:54389 - R:localhost/127.0.0.1:4632]' for 'GET' to 'http://localhost:4632/session/708dc931dbfe7686fba5da2fa5d7b775/screenshot'
22:59:41.896 [Forwarding screenshot on session 708dc931dbfe7686fba5da2fa5d7b775 to remote] DEBUG org.asynchttpclient.netty.request.NettyRequestSender - Using open Channel [id: 0x596c2eaf, L:/127.0.0.1:54389 - R:localhost/127.0.0.1:4632] for GET '/session/708dc931dbfe7686fba5da2fa5d7b775/screenshot'
22:59:42.115 [AsyncHttpClient-1-2] DEBUG org.asynchttpclient.netty.handler.HttpHandler - 

Request DefaultFullHttpRequest(decodeResult: success, version: HTTP/1.1, content: EmptyByteBufBE)
GET /session/708dc931dbfe7686fba5da2fa5d7b775/screenshot HTTP/1.1
User-Agent: selenium/4.8.1 (java windows)
Cache-Control: no-cache
Content-Type: application/json; charset=utf-8
host: localhost:4632
accept: */*

Response DefaultHttpResponse(decodeResult: success, version: HTTP/1.1)
HTTP/1.1 200 OK
Content-Length: 39616
Content-Type: application/json; charset=utf-8
cache-control: no-cache

22:59:42.115 [AsyncHttpClient-1-2] DEBUG org.asynchttpclient.netty.channel.ChannelManager - Adding key: http://localhost:4632 for channel [id: 0x596c2eaf, L:/127.0.0.1:54389 - R:localhost/127.0.0.1:4632]
22:59:42.118 [main] DEBUG net.serenitybdd.core.photography.Darkroom - Send negative for processing for target\site\serenity\d9deca78fb7e704663bf17dad0a4dc41f0f7aec361b29ffa25087c15fd104300.png
22:59:42.118 [Darkroom Processing Line] DEBUG net.serenitybdd.core.photography.DarkroomProcessingLine - Processing screenshot image in /var/screenshots/screenshot-1263414238745499263
22:59:42.119 [Darkroom Processing Line] DEBUG net.serenitybdd.core.photography.DarkroomProcessingLine - Saving screenshot to target\site\serenity\d9deca78fb7e704663bf17dad0a4dc41f0f7aec361b29ffa25087c15fd104300.png
22:59:42.120 [Forwarding getPageSource on session 708dc931dbfe7686fba5da2fa5d7b775 to remote] DEBUG org.asynchttpclient.netty.request.NettyRequestSender - Using pooled Channel '[id: 0x596c2eaf, L:/127.0.0.1:54389 - R:localhost/127.0.0.1:4632]' for 'POST' to 'http://localhost:4632/session/708dc931dbfe7686fba5da2fa5d7b775/execute/sync'
22:59:42.120 [Forwarding getPageSource on session 708dc931dbfe7686fba5da2fa5d7b775 to remote] DEBUG org.asynchttpclient.netty.request.NettyRequestSender - Using open Channel [id: 0x596c2eaf, L:/127.0.0.1:54389 - R:localhost/127.0.0.1:4632] for POST '/session/708dc931dbfe7686fba5da2fa5d7b775/execute/sync'
22:59:42.127 [AsyncHttpClient-1-2] DEBUG org.asynchttpclient.netty.handler.HttpHandler - 

Request DefaultHttpRequest(decodeResult: success, version: HTTP/1.1)
POST /session/708dc931dbfe7686fba5da2fa5d7b775/execute/sync HTTP/1.1
User-Agent: selenium/4.8.1 (java windows)
Content-Length: 176
Content-Type: application/json; charset=utf-8
host: localhost:4632
accept: */*

Response DefaultHttpResponse(decodeResult: success, version: HTTP/1.1)
HTTP/1.1 200 OK
Content-Length: 21780
Content-Type: application/json; charset=utf-8
cache-control: no-cache

22:59:42.127 [AsyncHttpClient-1-2] DEBUG org.asynchttpclient.netty.channel.ChannelManager - Adding key: http://localhost:4632 for channel [id: 0x596c2eaf, L:/127.0.0.1:54389 - R:localhost/127.0.0.1:4632]
22:59:42.130 [Forwarding getCurrentUrl on session 708dc931dbfe7686fba5da2fa5d7b775 to remote] DEBUG org.asynchttpclient.netty.request.NettyRequestSender - Using pooled Channel '[id: 0x596c2eaf, L:/127.0.0.1:54389 - R:localhost/127.0.0.1:4632]' for 'GET' to 'http://localhost:4632/session/708dc931dbfe7686fba5da2fa5d7b775/url'
22:59:42.131 [Forwarding getCurrentUrl on session 708dc931dbfe7686fba5da2fa5d7b775 to remote] DEBUG org.asynchttpclient.netty.request.NettyRequestSender - Using open Channel [id: 0x596c2eaf, L:/127.0.0.1:54389 - R:localhost/127.0.0.1:4632] for GET '/session/708dc931dbfe7686fba5da2fa5d7b775/url'
22:59:42.136 [AsyncHttpClient-1-2] DEBUG org.asynchttpclient.netty.handler.HttpHandler - 

Request DefaultFullHttpRequest(decodeResult: success, version: HTTP/1.1, content: EmptyByteBufBE)
GET /session/708dc931dbfe7686fba5da2fa5d7b775/url HTTP/1.1
User-Agent: selenium/4.8.1 (java windows)
Cache-Control: no-cache
Content-Type: application/json; charset=utf-8
host: localhost:4632
accept: */*

Response DefaultHttpResponse(decodeResult: success, version: HTTP/1.1)
HTTP/1.1 200 OK
Content-Length: 51
Content-Type: application/json; charset=utf-8
cache-control: no-cache

22:59:42.136 [AsyncHttpClient-1-2] DEBUG org.asynchttpclient.netty.channel.ChannelManager - Adding key: http://localhost:4632 for channel [id: 0x596c2eaf, L:/127.0.0.1:54389 - R:localhost/127.0.0.1:4632]
22:59:42.138 [main] DEBUG net.thucydides.core.steps.StepInterceptor - STARTING STEP: LoginSteps.enterValidPasswordLogin - inputPasswordLogin
22:59:42.140 [Forwarding findElement on session 708dc931dbfe7686fba5da2fa5d7b775 to remote] DEBUG org.asynchttpclient.netty.request.NettyRequestSender - Using pooled Channel '[id: 0x596c2eaf, L:/127.0.0.1:54389 - R:localhost/127.0.0.1:4632]' for 'POST' to 'http://localhost:4632/session/708dc931dbfe7686fba5da2fa5d7b775/element'
22:59:42.140 [Forwarding findElement on session 708dc931dbfe7686fba5da2fa5d7b775 to remote] DEBUG org.asynchttpclient.netty.request.NettyRequestSender - Using open Channel [id: 0x596c2eaf, L:/127.0.0.1:54389 - R:localhost/127.0.0.1:4632] for POST '/session/708dc931dbfe7686fba5da2fa5d7b775/element'
22:59:42.155 [AsyncHttpClient-1-2] DEBUG org.asynchttpclient.netty.handler.HttpHandler - 

Request DefaultHttpRequest(decodeResult: success, version: HTTP/1.1)
POST /session/708dc931dbfe7686fba5da2fa5d7b775/element HTTP/1.1
User-Agent: selenium/4.8.1 (java windows)
Content-Length: 55
Content-Type: application/json; charset=utf-8
host: localhost:4632
accept: */*

Response DefaultHttpResponse(decodeResult: success, version: HTTP/1.1)
HTTP/1.1 200 OK
Content-Length: 94
Content-Type: application/json; charset=utf-8
cache-control: no-cache

22:59:42.155 [AsyncHttpClient-1-2] DEBUG org.asynchttpclient.netty.channel.ChannelManager - Adding key: http://localhost:4632 for channel [id: 0x596c2eaf, L:/127.0.0.1:54389 - R:localhost/127.0.0.1:4632]
22:59:42.156 [Forwarding clearElement on session 708dc931dbfe7686fba5da2fa5d7b775 to remote] DEBUG org.asynchttpclient.netty.request.NettyRequestSender - Using pooled Channel '[id: 0x596c2eaf, L:/127.0.0.1:54389 - R:localhost/127.0.0.1:4632]' for 'POST' to 'http://localhost:4632/session/708dc931dbfe7686fba5da2fa5d7b775/element/3327746AA6F65CCAC1DCCCAC30E0C989_element_7/clear'
22:59:42.156 [Forwarding clearElement on session 708dc931dbfe7686fba5da2fa5d7b775 to remote] DEBUG org.asynchttpclient.netty.request.NettyRequestSender - Using open Channel [id: 0x596c2eaf, L:/127.0.0.1:54389 - R:localhost/127.0.0.1:4632] for POST '/session/708dc931dbfe7686fba5da2fa5d7b775/element/3327746AA6F65CCAC1DCCCAC30E0C989_element_7/clear'
22:59:42.185 [AsyncHttpClient-1-2] DEBUG org.asynchttpclient.netty.handler.HttpHandler - 

Request DefaultHttpRequest(decodeResult: success, version: HTTP/1.1)
POST /session/708dc931dbfe7686fba5da2fa5d7b775/element/3327746AA6F65CCAC1DCCCAC30E0C989_element_7/clear HTTP/1.1
User-Agent: selenium/4.8.1 (java windows)
Content-Length: 56
Content-Type: application/json; charset=utf-8
host: localhost:4632
accept: */*

Response DefaultHttpResponse(decodeResult: success, version: HTTP/1.1)
HTTP/1.1 200 OK
Content-Length: 14
Content-Type: application/json; charset=utf-8
cache-control: no-cache

22:59:42.185 [AsyncHttpClient-1-2] DEBUG org.asynchttpclient.netty.channel.ChannelManager - Adding key: http://localhost:4632 for channel [id: 0x596c2eaf, L:/127.0.0.1:54389 - R:localhost/127.0.0.1:4632]
22:59:42.186 [Forwarding sendKeysToElement on session 708dc931dbfe7686fba5da2fa5d7b775 to remote] DEBUG org.asynchttpclient.netty.request.NettyRequestSender - Using pooled Channel '[id: 0x596c2eaf, L:/127.0.0.1:54389 - R:localhost/127.0.0.1:4632]' for 'POST' to 'http://localhost:4632/session/708dc931dbfe7686fba5da2fa5d7b775/element/3327746AA6F65CCAC1DCCCAC30E0C989_element_7/value'
22:59:42.186 [Forwarding sendKeysToElement on session 708dc931dbfe7686fba5da2fa5d7b775 to remote] DEBUG org.asynchttpclient.netty.request.NettyRequestSender - Using open Channel [id: 0x596c2eaf, L:/127.0.0.1:54389 - R:localhost/127.0.0.1:4632] for POST '/session/708dc931dbfe7686fba5da2fa5d7b775/element/3327746AA6F65CCAC1DCCCAC30E0C989_element_7/value'
22:59:42.264 [AsyncHttpClient-1-2] DEBUG org.asynchttpclient.netty.handler.HttpHandler - 

Request DefaultHttpRequest(decodeResult: success, version: HTTP/1.1)
POST /session/708dc931dbfe7686fba5da2fa5d7b775/element/3327746AA6F65CCAC1DCCCAC30E0C989_element_7/value HTTP/1.1
User-Agent: selenium/4.8.1 (java windows)
Content-Length: 147
Content-Type: application/json; charset=utf-8
host: localhost:4632
accept: */*

Response DefaultHttpResponse(decodeResult: success, version: HTTP/1.1)
HTTP/1.1 200 OK
Content-Length: 14
Content-Type: application/json; charset=utf-8
cache-control: no-cache

22:59:42.265 [AsyncHttpClient-1-2] DEBUG org.asynchttpclient.netty.channel.ChannelManager - Adding key: http://localhost:4632 for channel [id: 0x596c2eaf, L:/127.0.0.1:54389 - R:localhost/127.0.0.1:4632]
22:59:42.270 [Forwarding getAlertText on session 708dc931dbfe7686fba5da2fa5d7b775 to remote] DEBUG org.asynchttpclient.netty.request.NettyRequestSender - Using pooled Channel '[id: 0x596c2eaf, L:/127.0.0.1:54389 - R:localhost/127.0.0.1:4632]' for 'GET' to 'http://localhost:4632/session/708dc931dbfe7686fba5da2fa5d7b775/alert/text'
22:59:42.270 [Forwarding getAlertText on session 708dc931dbfe7686fba5da2fa5d7b775 to remote] DEBUG org.asynchttpclient.netty.request.NettyRequestSender - Using open Channel [id: 0x596c2eaf, L:/127.0.0.1:54389 - R:localhost/127.0.0.1:4632] for GET '/session/708dc931dbfe7686fba5da2fa5d7b775/alert/text'
22:59:42.272 [AsyncHttpClient-1-2] DEBUG org.asynchttpclient.netty.handler.HttpHandler - 

Request DefaultFullHttpRequest(decodeResult: success, version: HTTP/1.1, content: EmptyByteBufBE)
GET /session/708dc931dbfe7686fba5da2fa5d7b775/alert/text HTTP/1.1
User-Agent: selenium/4.8.1 (java windows)
Cache-Control: no-cache
Content-Type: application/json; charset=utf-8
host: localhost:4632
accept: */*

Response DefaultHttpResponse(decodeResult: success, version: HTTP/1.1)
HTTP/1.1 404 Not Found
Content-Length: 820
Content-Type: application/json; charset=utf-8
cache-control: no-cache

22:59:42.272 [AsyncHttpClient-1-2] DEBUG org.asynchttpclient.netty.channel.ChannelManager - Adding key: http://localhost:4632 for channel [id: 0x596c2eaf, L:/127.0.0.1:54389 - R:localhost/127.0.0.1:4632]
22:59:42.273 [Forwarding getCurrentUrl on session 708dc931dbfe7686fba5da2fa5d7b775 to remote] DEBUG org.asynchttpclient.netty.request.NettyRequestSender - Using pooled Channel '[id: 0x596c2eaf, L:/127.0.0.1:54389 - R:localhost/127.0.0.1:4632]' for 'GET' to 'http://localhost:4632/session/708dc931dbfe7686fba5da2fa5d7b775/url'
22:59:42.273 [Forwarding getCurrentUrl on session 708dc931dbfe7686fba5da2fa5d7b775 to remote] DEBUG org.asynchttpclient.netty.request.NettyRequestSender - Using open Channel [id: 0x596c2eaf, L:/127.0.0.1:54389 - R:localhost/127.0.0.1:4632] for GET '/session/708dc931dbfe7686fba5da2fa5d7b775/url'
22:59:42.282 [AsyncHttpClient-1-2] DEBUG org.asynchttpclient.netty.handler.HttpHandler - 

Request DefaultFullHttpRequest(decodeResult: success, version: HTTP/1.1, content: EmptyByteBufBE)
GET /session/708dc931dbfe7686fba5da2fa5d7b775/url HTTP/1.1
User-Agent: selenium/4.8.1 (java windows)
Cache-Control: no-cache
Content-Type: application/json; charset=utf-8
host: localhost:4632
accept: */*

Response DefaultHttpResponse(decodeResult: success, version: HTTP/1.1)
HTTP/1.1 200 OK
Content-Length: 51
Content-Type: application/json; charset=utf-8
cache-control: no-cache

22:59:42.282 [AsyncHttpClient-1-2] DEBUG org.asynchttpclient.netty.channel.ChannelManager - Adding key: http://localhost:4632 for channel [id: 0x596c2eaf, L:/127.0.0.1:54389 - R:localhost/127.0.0.1:4632]
22:59:42.283 [Forwarding screenshot on session 708dc931dbfe7686fba5da2fa5d7b775 to remote] DEBUG org.asynchttpclient.netty.request.NettyRequestSender - Using pooled Channel '[id: 0x596c2eaf, L:/127.0.0.1:54389 - R:localhost/127.0.0.1:4632]' for 'GET' to 'http://localhost:4632/session/708dc931dbfe7686fba5da2fa5d7b775/screenshot'
22:59:42.283 [Forwarding screenshot on session 708dc931dbfe7686fba5da2fa5d7b775 to remote] DEBUG org.asynchttpclient.netty.request.NettyRequestSender - Using open Channel [id: 0x596c2eaf, L:/127.0.0.1:54389 - R:localhost/127.0.0.1:4632] for GET '/session/708dc931dbfe7686fba5da2fa5d7b775/screenshot'
22:59:42.500 [AsyncHttpClient-1-2] DEBUG org.asynchttpclient.netty.handler.HttpHandler - 

Request DefaultFullHttpRequest(decodeResult: success, version: HTTP/1.1, content: EmptyByteBufBE)
GET /session/708dc931dbfe7686fba5da2fa5d7b775/screenshot HTTP/1.1
User-Agent: selenium/4.8.1 (java windows)
Cache-Control: no-cache
Content-Type: application/json; charset=utf-8
host: localhost:4632
accept: */*

Response DefaultHttpResponse(decodeResult: success, version: HTTP/1.1)
HTTP/1.1 200 OK
Content-Length: 41652
Content-Type: application/json; charset=utf-8
cache-control: no-cache

22:59:42.500 [AsyncHttpClient-1-2] DEBUG org.asynchttpclient.netty.channel.ChannelManager - Adding key: http://localhost:4632 for channel [id: 0x596c2eaf, L:/127.0.0.1:54389 - R:localhost/127.0.0.1:4632]
22:59:42.504 [main] DEBUG net.serenitybdd.core.photography.Darkroom - Send negative for processing for target\site\serenity\86f9edaa70ae08168c12dd9b58f8b1ff4d69f85f28684c921fbac19f6f7d4de0.png
22:59:42.504 [main] DEBUG net.thucydides.core.steps.StepInterceptor - STEP DONE: inputPasswordLogin
  &amp#27;[32mAnd &amp#27;[0m&amp#27;[32mI enter valid password login&amp#27;[0m &amp#27;[90m# starter.stepdefinitions.LoginSteps.enterValidPasswordLogin()&amp#27;[0m
22:59:42.504 [Darkroom Processing Line] DEBUG net.serenitybdd.core.photography.DarkroomProcessingLine - Processing screenshot image in /var/screenshots/screenshot-7478162586794050595
22:59:42.504 [Darkroom Processing Line] DEBUG net.serenitybdd.core.photography.DarkroomProcessingLine - Saving screenshot to target\site\serenity\86f9edaa70ae08168c12dd9b58f8b1ff4d69f85f28684c921fbac19f6f7d4de0.png
22:59:42.518 [Forwarding getPageSource on session 708dc931dbfe7686fba5da2fa5d7b775 to remote] DEBUG org.asynchttpclient.netty.request.NettyRequestSender - Using pooled Channel '[id: 0x596c2eaf, L:/127.0.0.1:54389 - R:localhost/127.0.0.1:4632]' for 'POST' to 'http://localhost:4632/session/708dc931dbfe7686fba5da2fa5d7b775/execute/sync'
22:59:42.519 [Forwarding getPageSource on session 708dc931dbfe7686fba5da2fa5d7b775 to remote] DEBUG org.asynchttpclient.netty.request.NettyRequestSender - Using open Channel [id: 0x596c2eaf, L:/127.0.0.1:54389 - R:localhost/127.0.0.1:4632] for POST '/session/708dc931dbfe7686fba5da2fa5d7b775/execute/sync'
22:59:42.533 [AsyncHttpClient-1-2] DEBUG org.asynchttpclient.netty.handler.HttpHandler - 

Request DefaultHttpRequest(decodeResult: success, version: HTTP/1.1)
POST /session/708dc931dbfe7686fba5da2fa5d7b775/execute/sync HTTP/1.1
User-Agent: selenium/4.8.1 (java windows)
Content-Length: 176
Content-Type: application/json; charset=utf-8
host: localhost:4632
accept: */*

Response DefaultHttpResponse(decodeResult: success, version: HTTP/1.1)
HTTP/1.1 200 OK
Content-Length: 21839
Content-Type: application/json; charset=utf-8
cache-control: no-cache

22:59:42.533 [AsyncHttpClient-1-2] DEBUG org.asynchttpclient.netty.channel.ChannelManager - Adding key: http://localhost:4632 for channel [id: 0x596c2eaf, L:/127.0.0.1:54389 - R:localhost/127.0.0.1:4632]
22:59:42.536 [Forwarding getCurrentUrl on session 708dc931dbfe7686fba5da2fa5d7b775 to remote] DEBUG org.asynchttpclient.netty.request.NettyRequestSender - Using pooled Channel '[id: 0x596c2eaf, L:/127.0.0.1:54389 - R:localhost/127.0.0.1:4632]' for 'GET' to 'http://localhost:4632/session/708dc931dbfe7686fba5da2fa5d7b775/url'
22:59:42.536 [Forwarding getCurrentUrl on session 708dc931dbfe7686fba5da2fa5d7b775 to remote] DEBUG org.asynchttpclient.netty.request.NettyRequestSender - Using open Channel [id: 0x596c2eaf, L:/127.0.0.1:54389 - R:localhost/127.0.0.1:4632] for GET '/session/708dc931dbfe7686fba5da2fa5d7b775/url'
22:59:42.547 [AsyncHttpClient-1-2] DEBUG org.asynchttpclient.netty.handler.HttpHandler - 

Request DefaultFullHttpRequest(decodeResult: success, version: HTTP/1.1, content: EmptyByteBufBE)
GET /session/708dc931dbfe7686fba5da2fa5d7b775/url HTTP/1.1
User-Agent: selenium/4.8.1 (java windows)
Cache-Control: no-cache
Content-Type: application/json; charset=utf-8
host: localhost:4632
accept: */*

Response DefaultHttpResponse(decodeResult: success, version: HTTP/1.1)
HTTP/1.1 200 OK
Content-Length: 51
Content-Type: application/json; charset=utf-8
cache-control: no-cache

22:59:42.547 [AsyncHttpClient-1-2] DEBUG org.asynchttpclient.netty.channel.ChannelManager - Adding key: http://localhost:4632 for channel [id: 0x596c2eaf, L:/127.0.0.1:54389 - R:localhost/127.0.0.1:4632]
22:59:42.559 [Forwarding getAlertText on session 708dc931dbfe7686fba5da2fa5d7b775 to remote] DEBUG org.asynchttpclient.netty.request.NettyRequestSender - Using pooled Channel '[id: 0x596c2eaf, L:/127.0.0.1:54389 - R:localhost/127.0.0.1:4632]' for 'GET' to 'http://localhost:4632/session/708dc931dbfe7686fba5da2fa5d7b775/alert/text'
22:59:42.559 [Forwarding getAlertText on session 708dc931dbfe7686fba5da2fa5d7b775 to remote] DEBUG org.asynchttpclient.netty.request.NettyRequestSender - Using open Channel [id: 0x596c2eaf, L:/127.0.0.1:54389 - R:localhost/127.0.0.1:4632] for GET '/session/708dc931dbfe7686fba5da2fa5d7b775/alert/text'
22:59:42.562 [AsyncHttpClient-1-2] DEBUG org.asynchttpclient.netty.handler.HttpHandler - 

Request DefaultFullHttpRequest(decodeResult: success, version: HTTP/1.1, content: EmptyByteBufBE)
GET /session/708dc931dbfe7686fba5da2fa5d7b775/alert/text HTTP/1.1
User-Agent: selenium/4.8.1 (java windows)
Cache-Control: no-cache
Content-Type: application/json; charset=utf-8
host: localhost:4632
accept: */*

Response DefaultHttpResponse(decodeResult: success, version: HTTP/1.1)
HTTP/1.1 404 Not Found
Content-Length: 820
Content-Type: application/json; charset=utf-8
cache-control: no-cache

22:59:42.562 [AsyncHttpClient-1-2] DEBUG org.asynchttpclient.netty.channel.ChannelManager - Adding key: http://localhost:4632 for channel [id: 0x596c2eaf, L:/127.0.0.1:54389 - R:localhost/127.0.0.1:4632]
22:59:42.564 [Forwarding getCurrentUrl on session 708dc931dbfe7686fba5da2fa5d7b775 to remote] DEBUG org.asynchttpclient.netty.request.NettyRequestSender - Using pooled Channel '[id: 0x596c2eaf, L:/127.0.0.1:54389 - R:localhost/127.0.0.1:4632]' for 'GET' to 'http://localhost:4632/session/708dc931dbfe7686fba5da2fa5d7b775/url'
22:59:42.564 [Forwarding getCurrentUrl on session 708dc931dbfe7686fba5da2fa5d7b775 to remote] DEBUG org.asynchttpclient.netty.request.NettyRequestSender - Using open Channel [id: 0x596c2eaf, L:/127.0.0.1:54389 - R:localhost/127.0.0.1:4632] for GET '/session/708dc931dbfe7686fba5da2fa5d7b775/url'
22:59:42.575 [AsyncHttpClient-1-2] DEBUG org.asynchttpclient.netty.handler.HttpHandler - 

Request DefaultFullHttpRequest(decodeResult: success, version: HTTP/1.1, content: EmptyByteBufBE)
GET /session/708dc931dbfe7686fba5da2fa5d7b775/url HTTP/1.1
User-Agent: selenium/4.8.1 (java windows)
Cache-Control: no-cache
Content-Type: application/json; charset=utf-8
host: localhost:4632
accept: */*

Response DefaultHttpResponse(decodeResult: success, version: HTTP/1.1)
HTTP/1.1 200 OK
Content-Length: 51
Content-Type: application/json; charset=utf-8
cache-control: no-cache

22:59:42.575 [AsyncHttpClient-1-2] DEBUG org.asynchttpclient.netty.channel.ChannelManager - Adding key: http://localhost:4632 for channel [id: 0x596c2eaf, L:/127.0.0.1:54389 - R:localhost/127.0.0.1:4632]
22:59:42.578 [Forwarding screenshot on session 708dc931dbfe7686fba5da2fa5d7b775 to remote] DEBUG org.asynchttpclient.netty.request.NettyRequestSender - Using pooled Channel '[id: 0x596c2eaf, L:/127.0.0.1:54389 - R:localhost/127.0.0.1:4632]' for 'GET' to 'http://localhost:4632/session/708dc931dbfe7686fba5da2fa5d7b775/screenshot'
22:59:42.578 [Forwarding screenshot on session 708dc931dbfe7686fba5da2fa5d7b775 to remote] DEBUG org.asynchttpclient.netty.request.NettyRequestSender - Using open Channel [id: 0x596c2eaf, L:/127.0.0.1:54389 - R:localhost/127.0.0.1:4632] for GET '/session/708dc931dbfe7686fba5da2fa5d7b775/screenshot'
22:59:42.798 [AsyncHttpClient-1-1] DEBUG org.asynchttpclient.netty.channel.DefaultChannelPool - Entry count for : http://localhost:54390 : 1
22:59:42.866 [AsyncHttpClient-1-2] DEBUG org.asynchttpclient.netty.handler.HttpHandler - 

Request DefaultFullHttpRequest(decodeResult: success, version: HTTP/1.1, content: EmptyByteBufBE)
GET /session/708dc931dbfe7686fba5da2fa5d7b775/screenshot HTTP/1.1
User-Agent: selenium/4.8.1 (java windows)
Cache-Control: no-cache
Content-Type: application/json; charset=utf-8
host: localhost:4632
accept: */*

Response DefaultHttpResponse(decodeResult: success, version: HTTP/1.1)
HTTP/1.1 200 OK
Content-Length: 40548
Content-Type: application/json; charset=utf-8
cache-control: no-cache

22:59:42.866 [AsyncHttpClient-1-2] DEBUG org.asynchttpclient.netty.channel.ChannelManager - Adding key: http://localhost:4632 for channel [id: 0x596c2eaf, L:/127.0.0.1:54389 - R:localhost/127.0.0.1:4632]
22:59:42.871 [main] DEBUG net.serenitybdd.core.photography.Darkroom - Send negative for processing for target\site\serenity\3334fe27efa3f8cafa81218bf20dd984ddaa87cccacda560f11ef91fe2e658b0.png
22:59:42.872 [Darkroom Processing Line] DEBUG net.serenitybdd.core.photography.DarkroomProcessingLine - Processing screenshot image in /var/screenshots/screenshot-8546024516547766517
22:59:42.872 [Darkroom Processing Line] DEBUG net.serenitybdd.core.photography.DarkroomProcessingLine - Saving screenshot to target\site\serenity\3334fe27efa3f8cafa81218bf20dd984ddaa87cccacda560f11ef91fe2e658b0.png
22:59:42.874 [Forwarding getPageSource on session 708dc931dbfe7686fba5da2fa5d7b775 to remote] DEBUG org.asynchttpclient.netty.request.NettyRequestSender - Using pooled Channel '[id: 0x596c2eaf, L:/127.0.0.1:54389 - R:localhost/127.0.0.1:4632]' for 'POST' to 'http://localhost:4632/session/708dc931dbfe7686fba5da2fa5d7b775/execute/sync'
22:59:42.874 [Forwarding getPageSource on session 708dc931dbfe7686fba5da2fa5d7b775 to remote] DEBUG org.asynchttpclient.netty.request.NettyRequestSender - Using open Channel [id: 0x596c2eaf, L:/127.0.0.1:54389 - R:localhost/127.0.0.1:4632] for POST '/session/708dc931dbfe7686fba5da2fa5d7b775/execute/sync'
22:59:42.891 [AsyncHttpClient-1-2] DEBUG org.asynchttpclient.netty.handler.HttpHandler - 

Request DefaultHttpRequest(decodeResult: success, version: HTTP/1.1)
POST /session/708dc931dbfe7686fba5da2fa5d7b775/execute/sync HTTP/1.1
User-Agent: selenium/4.8.1 (java windows)
Content-Length: 176
Content-Type: application/json; charset=utf-8
host: localhost:4632
accept: */*

Response DefaultHttpResponse(decodeResult: success, version: HTTP/1.1)
HTTP/1.1 200 OK
Content-Length: 21839
Content-Type: application/json; charset=utf-8
cache-control: no-cache

22:59:42.891 [AsyncHttpClient-1-2] DEBUG org.asynchttpclient.netty.channel.ChannelManager - Adding key: http://localhost:4632 for channel [id: 0x596c2eaf, L:/127.0.0.1:54389 - R:localhost/127.0.0.1:4632]
22:59:42.896 [Forwarding getCurrentUrl on session 708dc931dbfe7686fba5da2fa5d7b775 to remote] DEBUG org.asynchttpclient.netty.request.NettyRequestSender - Using pooled Channel '[id: 0x596c2eaf, L:/127.0.0.1:54389 - R:localhost/127.0.0.1:4632]' for 'GET' to 'http://localhost:4632/session/708dc931dbfe7686fba5da2fa5d7b775/url'
22:59:42.896 [Forwarding getCurrentUrl on session 708dc931dbfe7686fba5da2fa5d7b775 to remote] DEBUG org.asynchttpclient.netty.request.NettyRequestSender - Using open Channel [id: 0x596c2eaf, L:/127.0.0.1:54389 - R:localhost/127.0.0.1:4632] for GET '/session/708dc931dbfe7686fba5da2fa5d7b775/url'
22:59:42.908 [AsyncHttpClient-1-2] DEBUG org.asynchttpclient.netty.handler.HttpHandler - 

Request DefaultFullHttpRequest(decodeResult: success, version: HTTP/1.1, content: EmptyByteBufBE)
GET /session/708dc931dbfe7686fba5da2fa5d7b775/url HTTP/1.1
User-Agent: selenium/4.8.1 (java windows)
Cache-Control: no-cache
Content-Type: application/json; charset=utf-8
host: localhost:4632
accept: */*

Response DefaultHttpResponse(decodeResult: success, version: HTTP/1.1)
HTTP/1.1 200 OK
Content-Length: 51
Content-Type: application/json; charset=utf-8
cache-control: no-cache

22:59:42.908 [AsyncHttpClient-1-2] DEBUG org.asynchttpclient.netty.channel.ChannelManager - Adding key: http://localhost:4632 for channel [id: 0x596c2eaf, L:/127.0.0.1:54389 - R:localhost/127.0.0.1:4632]
22:59:42.911 [main] DEBUG net.thucydides.core.steps.StepInterceptor - STARTING STEP: LoginSteps.clickLoginButton - clickLogButton
22:59:42.916 [Forwarding findElement on session 708dc931dbfe7686fba5da2fa5d7b775 to remote] DEBUG org.asynchttpclient.netty.request.NettyRequestSender - Using pooled Channel '[id: 0x596c2eaf, L:/127.0.0.1:54389 - R:localhost/127.0.0.1:4632]' for 'POST' to 'http://localhost:4632/session/708dc931dbfe7686fba5da2fa5d7b775/element'
22:59:42.916 [Forwarding findElement on session 708dc931dbfe7686fba5da2fa5d7b775 to remote] DEBUG org.asynchttpclient.netty.request.NettyRequestSender - Using open Channel [id: 0x596c2eaf, L:/127.0.0.1:54389 - R:localhost/127.0.0.1:4632] for POST '/session/708dc931dbfe7686fba5da2fa5d7b775/element'
22:59:42.953 [AsyncHttpClient-1-2] DEBUG org.asynchttpclient.netty.handler.HttpHandler - 

Request DefaultHttpRequest(decodeResult: success, version: HTTP/1.1)
POST /session/708dc931dbfe7686fba5da2fa5d7b775/element HTTP/1.1
User-Agent: selenium/4.8.1 (java windows)
Content-Length: 142
Content-Type: application/json; charset=utf-8
host: localhost:4632
accept: */*

Response DefaultHttpResponse(decodeResult: success, version: HTTP/1.1)
HTTP/1.1 200 OK
Content-Length: 94
Content-Type: application/json; charset=utf-8
cache-control: no-cache

22:59:42.954 [AsyncHttpClient-1-2] DEBUG org.asynchttpclient.netty.channel.ChannelManager - Adding key: http://localhost:4632 for channel [id: 0x596c2eaf, L:/127.0.0.1:54389 - R:localhost/127.0.0.1:4632]
22:59:42.957 [Forwarding getElementTagName on session 708dc931dbfe7686fba5da2fa5d7b775 to remote] DEBUG org.asynchttpclient.netty.request.NettyRequestSender - Using pooled Channel '[id: 0x596c2eaf, L:/127.0.0.1:54389 - R:localhost/127.0.0.1:4632]' for 'GET' to 'http://localhost:4632/session/708dc931dbfe7686fba5da2fa5d7b775/element/3327746AA6F65CCAC1DCCCAC30E0C989_element_8/name'
22:59:42.957 [Forwarding getElementTagName on session 708dc931dbfe7686fba5da2fa5d7b775 to remote] DEBUG org.asynchttpclient.netty.request.NettyRequestSender - Using open Channel [id: 0x596c2eaf, L:/127.0.0.1:54389 - R:localhost/127.0.0.1:4632] for GET '/session/708dc931dbfe7686fba5da2fa5d7b775/element/3327746AA6F65CCAC1DCCCAC30E0C989_element_8/name'
22:59:42.970 [AsyncHttpClient-1-2] DEBUG org.asynchttpclient.netty.handler.HttpHandler - 

Request DefaultFullHttpRequest(decodeResult: success, version: HTTP/1.1, content: EmptyByteBufBE)
GET /session/708dc931dbfe7686fba5da2fa5d7b775/element/3327746AA6F65CCAC1DCCCAC30E0C989_element_8/name HTTP/1.1
User-Agent: selenium/4.8.1 (java windows)
Cache-Control: no-cache
Content-Type: application/json; charset=utf-8
host: localhost:4632
accept: */*

Response DefaultHttpResponse(decodeResult: success, version: HTTP/1.1)
HTTP/1.1 200 OK
Content-Length: 18
Content-Type: application/json; charset=utf-8
cache-control: no-cache

22:59:42.970 [AsyncHttpClient-1-2] DEBUG org.asynchttpclient.netty.channel.ChannelManager - Adding key: http://localhost:4632 for channel [id: 0x596c2eaf, L:/127.0.0.1:54389 - R:localhost/127.0.0.1:4632]
22:59:42.972 [Forwarding getElementTagName on session 708dc931dbfe7686fba5da2fa5d7b775 to remote] DEBUG org.asynchttpclient.netty.request.NettyRequestSender - Using pooled Channel '[id: 0x596c2eaf, L:/127.0.0.1:54389 - R:localhost/127.0.0.1:4632]' for 'GET' to 'http://localhost:4632/session/708dc931dbfe7686fba5da2fa5d7b775/element/3327746AA6F65CCAC1DCCCAC30E0C989_element_8/name'
22:59:42.972 [Forwarding getElementTagName on session 708dc931dbfe7686fba5da2fa5d7b775 to remote] DEBUG org.asynchttpclient.netty.request.NettyRequestSender - Using open Channel [id: 0x596c2eaf, L:/127.0.0.1:54389 - R:localhost/127.0.0.1:4632] for GET '/session/708dc931dbfe7686fba5da2fa5d7b775/element/3327746AA6F65CCAC1DCCCAC30E0C989_element_8/name'
22:59:42.979 [AsyncHttpClient-1-2] DEBUG org.asynchttpclient.netty.handler.HttpHandler - 

Request DefaultFullHttpRequest(decodeResult: success, version: HTTP/1.1, content: EmptyByteBufBE)
GET /session/708dc931dbfe7686fba5da2fa5d7b775/element/3327746AA6F65CCAC1DCCCAC30E0C989_element_8/name HTTP/1.1
User-Agent: selenium/4.8.1 (java windows)
Cache-Control: no-cache
Content-Type: application/json; charset=utf-8
host: localhost:4632
accept: */*

Response DefaultHttpResponse(decodeResult: success, version: HTTP/1.1)
HTTP/1.1 200 OK
Content-Length: 18
Content-Type: application/json; charset=utf-8
cache-control: no-cache

22:59:42.979 [AsyncHttpClient-1-2] DEBUG org.asynchttpclient.netty.channel.ChannelManager - Adding key: http://localhost:4632 for channel [id: 0x596c2eaf, L:/127.0.0.1:54389 - R:localhost/127.0.0.1:4632]
22:59:42.983 [Forwarding isElementEnabled on session 708dc931dbfe7686fba5da2fa5d7b775 to remote] DEBUG org.asynchttpclient.netty.request.NettyRequestSender - Using pooled Channel '[id: 0x596c2eaf, L:/127.0.0.1:54389 - R:localhost/127.0.0.1:4632]' for 'GET' to 'http://localhost:4632/session/708dc931dbfe7686fba5da2fa5d7b775/element/3327746AA6F65CCAC1DCCCAC30E0C989_element_8/enabled'
22:59:42.983 [Forwarding isElementEnabled on session 708dc931dbfe7686fba5da2fa5d7b775 to remote] DEBUG org.asynchttpclient.netty.request.NettyRequestSender - Using open Channel [id: 0x596c2eaf, L:/127.0.0.1:54389 - R:localhost/127.0.0.1:4632] for GET '/session/708dc931dbfe7686fba5da2fa5d7b775/element/3327746AA6F65CCAC1DCCCAC30E0C989_element_8/enabled'
22:59:42.993 [AsyncHttpClient-1-2] DEBUG org.asynchttpclient.netty.handler.HttpHandler - 

Request DefaultFullHttpRequest(decodeResult: success, version: HTTP/1.1, content: EmptyByteBufBE)
GET /session/708dc931dbfe7686fba5da2fa5d7b775/element/3327746AA6F65CCAC1DCCCAC30E0C989_element_8/enabled HTTP/1.1
User-Agent: selenium/4.8.1 (java windows)
Cache-Control: no-cache
Content-Type: application/json; charset=utf-8
host: localhost:4632
accept: */*

Response DefaultHttpResponse(decodeResult: success, version: HTTP/1.1)
HTTP/1.1 200 OK
Content-Length: 14
Content-Type: application/json; charset=utf-8
cache-control: no-cache

22:59:42.993 [AsyncHttpClient-1-2] DEBUG org.asynchttpclient.netty.channel.ChannelManager - Adding key: http://localhost:4632 for channel [id: 0x596c2eaf, L:/127.0.0.1:54389 - R:localhost/127.0.0.1:4632]
22:59:42.994 [Forwarding isElementEnabled on session 708dc931dbfe7686fba5da2fa5d7b775 to remote] DEBUG org.asynchttpclient.netty.request.NettyRequestSender - Using pooled Channel '[id: 0x596c2eaf, L:/127.0.0.1:54389 - R:localhost/127.0.0.1:4632]' for 'GET' to 'http://localhost:4632/session/708dc931dbfe7686fba5da2fa5d7b775/element/3327746AA6F65CCAC1DCCCAC30E0C989_element_8/enabled'
22:59:42.994 [Forwarding isElementEnabled on session 708dc931dbfe7686fba5da2fa5d7b775 to remote] DEBUG org.asynchttpclient.netty.request.NettyRequestSender - Using open Channel [id: 0x596c2eaf, L:/127.0.0.1:54389 - R:localhost/127.0.0.1:4632] for GET '/session/708dc931dbfe7686fba5da2fa5d7b775/element/3327746AA6F65CCAC1DCCCAC30E0C989_element_8/enabled'
22:59:43.001 [AsyncHttpClient-1-2] DEBUG org.asynchttpclient.netty.handler.HttpHandler - 

Request DefaultFullHttpRequest(decodeResult: success, version: HTTP/1.1, content: EmptyByteBufBE)
GET /session/708dc931dbfe7686fba5da2fa5d7b775/element/3327746AA6F65CCAC1DCCCAC30E0C989_element_8/enabled HTTP/1.1
User-Agent: selenium/4.8.1 (java windows)
Cache-Control: no-cache
Content-Type: application/json; charset=utf-8
host: localhost:4632
accept: */*

Response DefaultHttpResponse(decodeResult: success, version: HTTP/1.1)
HTTP/1.1 200 OK
Content-Length: 14
Content-Type: application/json; charset=utf-8
cache-control: no-cache

22:59:43.001 [AsyncHttpClient-1-2] DEBUG org.asynchttpclient.netty.channel.ChannelManager - Adding key: http://localhost:4632 for channel [id: 0x596c2eaf, L:/127.0.0.1:54389 - R:localhost/127.0.0.1:4632]
22:59:43.003 [Forwarding findElement on session 708dc931dbfe7686fba5da2fa5d7b775 to remote] DEBUG org.asynchttpclient.netty.request.NettyRequestSender - Using pooled Channel '[id: 0x596c2eaf, L:/127.0.0.1:54389 - R:localhost/127.0.0.1:4632]' for 'POST' to 'http://localhost:4632/session/708dc931dbfe7686fba5da2fa5d7b775/element'
22:59:43.003 [Forwarding findElement on session 708dc931dbfe7686fba5da2fa5d7b775 to remote] DEBUG org.asynchttpclient.netty.request.NettyRequestSender - Using open Channel [id: 0x596c2eaf, L:/127.0.0.1:54389 - R:localhost/127.0.0.1:4632] for POST '/session/708dc931dbfe7686fba5da2fa5d7b775/element'
22:59:43.013 [AsyncHttpClient-1-2] DEBUG org.asynchttpclient.netty.handler.HttpHandler - 

Request DefaultHttpRequest(decodeResult: success, version: HTTP/1.1)
POST /session/708dc931dbfe7686fba5da2fa5d7b775/element HTTP/1.1
User-Agent: selenium/4.8.1 (java windows)
Content-Length: 142
Content-Type: application/json; charset=utf-8
host: localhost:4632
accept: */*

Response DefaultHttpResponse(decodeResult: success, version: HTTP/1.1)
HTTP/1.1 200 OK
Content-Length: 94
Content-Type: application/json; charset=utf-8
cache-control: no-cache

22:59:43.013 [AsyncHttpClient-1-2] DEBUG org.asynchttpclient.netty.channel.ChannelManager - Adding key: http://localhost:4632 for channel [id: 0x596c2eaf, L:/127.0.0.1:54389 - R:localhost/127.0.0.1:4632]
22:59:43.015 [Forwarding clickElement on session 708dc931dbfe7686fba5da2fa5d7b775 to remote] DEBUG org.asynchttpclient.netty.request.NettyRequestSender - Using pooled Channel '[id: 0x596c2eaf, L:/127.0.0.1:54389 - R:localhost/127.0.0.1:4632]' for 'POST' to 'http://localhost:4632/session/708dc931dbfe7686fba5da2fa5d7b775/element/3327746AA6F65CCAC1DCCCAC30E0C989_element_8/click'
22:59:43.015 [Forwarding clickElement on session 708dc931dbfe7686fba5da2fa5d7b775 to remote] DEBUG org.asynchttpclient.netty.request.NettyRequestSender - Using open Channel [id: 0x596c2eaf, L:/127.0.0.1:54389 - R:localhost/127.0.0.1:4632] for POST '/session/708dc931dbfe7686fba5da2fa5d7b775/element/3327746AA6F65CCAC1DCCCAC30E0C989_element_8/click'
22:59:43.074 [AsyncHttpClient-1-2] DEBUG org.asynchttpclient.netty.handler.HttpHandler - 

Request DefaultHttpRequest(decodeResult: success, version: HTTP/1.1)
POST /session/708dc931dbfe7686fba5da2fa5d7b775/element/3327746AA6F65CCAC1DCCCAC30E0C989_element_8/click HTTP/1.1
User-Agent: selenium/4.8.1 (java windows)
Content-Length: 56
Content-Type: application/json; charset=utf-8
host: localhost:4632
accept: */*

Response DefaultHttpResponse(decodeResult: success, version: HTTP/1.1)
HTTP/1.1 200 OK
Content-Length: 14
Content-Type: application/json; charset=utf-8
cache-control: no-cache

22:59:43.074 [AsyncHttpClient-1-2] DEBUG org.asynchttpclient.netty.channel.ChannelManager - Adding key: http://localhost:4632 for channel [id: 0x596c2eaf, L:/127.0.0.1:54389 - R:localhost/127.0.0.1:4632]
22:59:43.097 [Forwarding getAlertText on session 708dc931dbfe7686fba5da2fa5d7b775 to remote] DEBUG org.asynchttpclient.netty.request.NettyRequestSender - Using pooled Channel '[id: 0x596c2eaf, L:/127.0.0.1:54389 - R:localhost/127.0.0.1:4632]' for 'GET' to 'http://localhost:4632/session/708dc931dbfe7686fba5da2fa5d7b775/alert/text'
22:59:43.097 [Forwarding getAlertText on session 708dc931dbfe7686fba5da2fa5d7b775 to remote] DEBUG org.asynchttpclient.netty.request.NettyRequestSender - Using open Channel [id: 0x596c2eaf, L:/127.0.0.1:54389 - R:localhost/127.0.0.1:4632] for GET '/session/708dc931dbfe7686fba5da2fa5d7b775/alert/text'
22:59:43.098 [AsyncHttpClient-1-2] DEBUG org.asynchttpclient.netty.handler.HttpHandler - 

Request DefaultFullHttpRequest(decodeResult: success, version: HTTP/1.1, content: EmptyByteBufBE)
GET /session/708dc931dbfe7686fba5da2fa5d7b775/alert/text HTTP/1.1
User-Agent: selenium/4.8.1 (java windows)
Cache-Control: no-cache
Content-Type: application/json; charset=utf-8
host: localhost:4632
accept: */*

Response DefaultHttpResponse(decodeResult: success, version: HTTP/1.1)
HTTP/1.1 404 Not Found
Content-Length: 820
Content-Type: application/json; charset=utf-8
cache-control: no-cache

22:59:43.099 [AsyncHttpClient-1-2] DEBUG org.asynchttpclient.netty.channel.ChannelManager - Adding key: http://localhost:4632 for channel [id: 0x596c2eaf, L:/127.0.0.1:54389 - R:localhost/127.0.0.1:4632]
22:59:43.100 [Forwarding getCurrentUrl on session 708dc931dbfe7686fba5da2fa5d7b775 to remote] DEBUG org.asynchttpclient.netty.request.NettyRequestSender - Using pooled Channel '[id: 0x596c2eaf, L:/127.0.0.1:54389 - R:localhost/127.0.0.1:4632]' for 'GET' to 'http://localhost:4632/session/708dc931dbfe7686fba5da2fa5d7b775/url'
22:59:43.100 [Forwarding getCurrentUrl on session 708dc931dbfe7686fba5da2fa5d7b775 to remote] DEBUG org.asynchttpclient.netty.request.NettyRequestSender - Using open Channel [id: 0x596c2eaf, L:/127.0.0.1:54389 - R:localhost/127.0.0.1:4632] for GET '/session/708dc931dbfe7686fba5da2fa5d7b775/url'
22:59:43.105 [AsyncHttpClient-1-2] DEBUG org.asynchttpclient.netty.handler.HttpHandler - 

Request DefaultFullHttpRequest(decodeResult: success, version: HTTP/1.1, content: EmptyByteBufBE)
GET /session/708dc931dbfe7686fba5da2fa5d7b775/url HTTP/1.1
User-Agent: selenium/4.8.1 (java windows)
Cache-Control: no-cache
Content-Type: application/json; charset=utf-8
host: localhost:4632
accept: */*

Response DefaultHttpResponse(decodeResult: success, version: HTTP/1.1)
HTTP/1.1 200 OK
Content-Length: 51
Content-Type: application/json; charset=utf-8
cache-control: no-cache

22:59:43.105 [AsyncHttpClient-1-2] DEBUG org.asynchttpclient.netty.channel.ChannelManager - Adding key: http://localhost:4632 for channel [id: 0x596c2eaf, L:/127.0.0.1:54389 - R:localhost/127.0.0.1:4632]
22:59:43.106 [Forwarding screenshot on session 708dc931dbfe7686fba5da2fa5d7b775 to remote] DEBUG org.asynchttpclient.netty.request.NettyRequestSender - Using pooled Channel '[id: 0x596c2eaf, L:/127.0.0.1:54389 - R:localhost/127.0.0.1:4632]' for 'GET' to 'http://localhost:4632/session/708dc931dbfe7686fba5da2fa5d7b775/screenshot'
22:59:43.106 [Forwarding screenshot on session 708dc931dbfe7686fba5da2fa5d7b775 to remote] DEBUG org.asynchttpclient.netty.request.NettyRequestSender - Using open Channel [id: 0x596c2eaf, L:/127.0.0.1:54389 - R:localhost/127.0.0.1:4632] for GET '/session/708dc931dbfe7686fba5da2fa5d7b775/screenshot'
22:59:43.370 [AsyncHttpClient-1-2] DEBUG org.asynchttpclient.netty.handler.HttpHandler - 

Request DefaultFullHttpRequest(decodeResult: success, version: HTTP/1.1, content: EmptyByteBufBE)
GET /session/708dc931dbfe7686fba5da2fa5d7b775/screenshot HTTP/1.1
User-Agent: selenium/4.8.1 (java windows)
Cache-Control: no-cache
Content-Type: application/json; charset=utf-8
host: localhost:4632
accept: */*

Response DefaultHttpResponse(decodeResult: success, version: HTTP/1.1)
HTTP/1.1 200 OK
Content-Length: 40660
Content-Type: application/json; charset=utf-8
cache-control: no-cache

22:59:43.371 [AsyncHttpClient-1-2] DEBUG org.asynchttpclient.netty.channel.ChannelManager - Adding key: http://localhost:4632 for channel [id: 0x596c2eaf, L:/127.0.0.1:54389 - R:localhost/127.0.0.1:4632]
22:59:43.374 [main] DEBUG net.serenitybdd.core.photography.Darkroom - Send negative for processing for target\site\serenity\48e3d1daf850ca667e51520f23a24ee01e580e076d7ebabff14dc656deddedfe.png
22:59:43.374 [main] DEBUG net.thucydides.core.steps.StepInterceptor - STEP DONE: clickLogButton
22:59:43.374 [Darkroom Processing Line] DEBUG net.serenitybdd.core.photography.DarkroomProcessingLine - Processing screenshot image in /var/screenshots/screenshot-4035241430270646430
22:59:43.374 [Darkroom Processing Line] DEBUG net.serenitybdd.core.photography.DarkroomProcessingLine - Saving screenshot to target\site\serenity\48e3d1daf850ca667e51520f23a24ee01e580e076d7ebabff14dc656deddedfe.png
  &amp#27;[32mAnd &amp#27;[0m&amp#27;[32mI click login button&amp#27;[0m         &amp#27;[90m# starter.stepdefinitions.LoginSteps.clickLoginButton()&amp#27;[0m
22:59:43.388 [Forwarding getPageSource on session 708dc931dbfe7686fba5da2fa5d7b775 to remote] DEBUG org.asynchttpclient.netty.request.NettyRequestSender - Using pooled Channel '[id: 0x596c2eaf, L:/127.0.0.1:54389 - R:localhost/127.0.0.1:4632]' for 'POST' to 'http://localhost:4632/session/708dc931dbfe7686fba5da2fa5d7b775/execute/sync'
22:59:43.388 [Forwarding getPageSource on session 708dc931dbfe7686fba5da2fa5d7b775 to remote] DEBUG org.asynchttpclient.netty.request.NettyRequestSender - Using open Channel [id: 0x596c2eaf, L:/127.0.0.1:54389 - R:localhost/127.0.0.1:4632] for POST '/session/708dc931dbfe7686fba5da2fa5d7b775/execute/sync'
22:59:43.403 [AsyncHttpClient-1-2] DEBUG org.asynchttpclient.netty.handler.HttpHandler - 

Request DefaultHttpRequest(decodeResult: success, version: HTTP/1.1)
POST /session/708dc931dbfe7686fba5da2fa5d7b775/execute/sync HTTP/1.1
User-Agent: selenium/4.8.1 (java windows)
Content-Length: 176
Content-Type: application/json; charset=utf-8
host: localhost:4632
accept: */*

Response DefaultHttpResponse(decodeResult: success, version: HTTP/1.1)
HTTP/1.1 200 OK
Content-Length: 28798
Content-Type: application/json; charset=utf-8
cache-control: no-cache

22:59:43.403 [AsyncHttpClient-1-2] DEBUG org.asynchttpclient.netty.channel.ChannelManager - Adding key: http://localhost:4632 for channel [id: 0x596c2eaf, L:/127.0.0.1:54389 - R:localhost/127.0.0.1:4632]
22:59:43.408 [Forwarding getCurrentUrl on session 708dc931dbfe7686fba5da2fa5d7b775 to remote] DEBUG org.asynchttpclient.netty.request.NettyRequestSender - Using pooled Channel '[id: 0x596c2eaf, L:/127.0.0.1:54389 - R:localhost/127.0.0.1:4632]' for 'GET' to 'http://localhost:4632/session/708dc931dbfe7686fba5da2fa5d7b775/url'
22:59:43.408 [Forwarding getCurrentUrl on session 708dc931dbfe7686fba5da2fa5d7b775 to remote] DEBUG org.asynchttpclient.netty.request.NettyRequestSender - Using open Channel [id: 0x596c2eaf, L:/127.0.0.1:54389 - R:localhost/127.0.0.1:4632] for GET '/session/708dc931dbfe7686fba5da2fa5d7b775/url'
22:59:43.416 [AsyncHttpClient-1-2] DEBUG org.asynchttpclient.netty.handler.HttpHandler - 

Request DefaultFullHttpRequest(decodeResult: success, version: HTTP/1.1, content: EmptyByteBufBE)
GET /session/708dc931dbfe7686fba5da2fa5d7b775/url HTTP/1.1
User-Agent: selenium/4.8.1 (java windows)
Cache-Control: no-cache
Content-Type: application/json; charset=utf-8
host: localhost:4632
accept: */*

Response DefaultHttpResponse(decodeResult: success, version: HTTP/1.1)
HTTP/1.1 200 OK
Content-Length: 41
Content-Type: application/json; charset=utf-8
cache-control: no-cache

22:59:43.416 [AsyncHttpClient-1-2] DEBUG org.asynchttpclient.netty.channel.ChannelManager - Adding key: http://localhost:4632 for channel [id: 0x596c2eaf, L:/127.0.0.1:54389 - R:localhost/127.0.0.1:4632]
22:59:43.428 [Forwarding getAlertText on session 708dc931dbfe7686fba5da2fa5d7b775 to remote] DEBUG org.asynchttpclient.netty.request.NettyRequestSender - Using pooled Channel '[id: 0x596c2eaf, L:/127.0.0.1:54389 - R:localhost/127.0.0.1:4632]' for 'GET' to 'http://localhost:4632/session/708dc931dbfe7686fba5da2fa5d7b775/alert/text'
22:59:43.428 [Forwarding getAlertText on session 708dc931dbfe7686fba5da2fa5d7b775 to remote] DEBUG org.asynchttpclient.netty.request.NettyRequestSender - Using open Channel [id: 0x596c2eaf, L:/127.0.0.1:54389 - R:localhost/127.0.0.1:4632] for GET '/session/708dc931dbfe7686fba5da2fa5d7b775/alert/text'
22:59:43.430 [AsyncHttpClient-1-2] DEBUG org.asynchttpclient.netty.handler.HttpHandler - 

Request DefaultFullHttpRequest(decodeResult: success, version: HTTP/1.1, content: EmptyByteBufBE)
GET /session/708dc931dbfe7686fba5da2fa5d7b775/alert/text HTTP/1.1
User-Agent: selenium/4.8.1 (java windows)
Cache-Control: no-cache
Content-Type: application/json; charset=utf-8
host: localhost:4632
accept: */*

Response DefaultHttpResponse(decodeResult: success, version: HTTP/1.1)
HTTP/1.1 404 Not Found
Content-Length: 820
Content-Type: application/json; charset=utf-8
cache-control: no-cache

22:59:43.430 [AsyncHttpClient-1-2] DEBUG org.asynchttpclient.netty.channel.ChannelManager - Adding key: http://localhost:4632 for channel [id: 0x596c2eaf, L:/127.0.0.1:54389 - R:localhost/127.0.0.1:4632]
22:59:43.431 [Forwarding getCurrentUrl on session 708dc931dbfe7686fba5da2fa5d7b775 to remote] DEBUG org.asynchttpclient.netty.request.NettyRequestSender - Using pooled Channel '[id: 0x596c2eaf, L:/127.0.0.1:54389 - R:localhost/127.0.0.1:4632]' for 'GET' to 'http://localhost:4632/session/708dc931dbfe7686fba5da2fa5d7b775/url'
22:59:43.431 [Forwarding getCurrentUrl on session 708dc931dbfe7686fba5da2fa5d7b775 to remote] DEBUG org.asynchttpclient.netty.request.NettyRequestSender - Using open Channel [id: 0x596c2eaf, L:/127.0.0.1:54389 - R:localhost/127.0.0.1:4632] for GET '/session/708dc931dbfe7686fba5da2fa5d7b775/url'
22:59:43.436 [AsyncHttpClient-1-2] DEBUG org.asynchttpclient.netty.handler.HttpHandler - 

Request DefaultFullHttpRequest(decodeResult: success, version: HTTP/1.1, content: EmptyByteBufBE)
GET /session/708dc931dbfe7686fba5da2fa5d7b775/url HTTP/1.1
User-Agent: selenium/4.8.1 (java windows)
Cache-Control: no-cache
Content-Type: application/json; charset=utf-8
host: localhost:4632
accept: */*

Response DefaultHttpResponse(decodeResult: success, version: HTTP/1.1)
HTTP/1.1 200 OK
Content-Length: 41
Content-Type: application/json; charset=utf-8
cache-control: no-cache

22:59:43.436 [AsyncHttpClient-1-2] DEBUG org.asynchttpclient.netty.channel.ChannelManager - Adding key: http://localhost:4632 for channel [id: 0x596c2eaf, L:/127.0.0.1:54389 - R:localhost/127.0.0.1:4632]
22:59:43.436 [Forwarding screenshot on session 708dc931dbfe7686fba5da2fa5d7b775 to remote] DEBUG org.asynchttpclient.netty.request.NettyRequestSender - Using pooled Channel '[id: 0x596c2eaf, L:/127.0.0.1:54389 - R:localhost/127.0.0.1:4632]' for 'GET' to 'http://localhost:4632/session/708dc931dbfe7686fba5da2fa5d7b775/screenshot'
22:59:43.436 [Forwarding screenshot on session 708dc931dbfe7686fba5da2fa5d7b775 to remote] DEBUG org.asynchttpclient.netty.request.NettyRequestSender - Using open Channel [id: 0x596c2eaf, L:/127.0.0.1:54389 - R:localhost/127.0.0.1:4632] for GET '/session/708dc931dbfe7686fba5da2fa5d7b775/screenshot'
22:59:43.690 [AsyncHttpClient-1-2] DEBUG org.asynchttpclient.netty.handler.HttpHandler - 

Request DefaultFullHttpRequest(decodeResult: success, version: HTTP/1.1, content: EmptyByteBufBE)
GET /session/708dc931dbfe7686fba5da2fa5d7b775/screenshot HTTP/1.1
User-Agent: selenium/4.8.1 (java windows)
Cache-Control: no-cache
Content-Type: application/json; charset=utf-8
host: localhost:4632
accept: */*

Response DefaultHttpResponse(decodeResult: success, version: HTTP/1.1)
HTTP/1.1 200 OK
Content-Length: 29724
Content-Type: application/json; charset=utf-8
cache-control: no-cache

22:59:43.690 [AsyncHttpClient-1-2] DEBUG org.asynchttpclient.netty.channel.ChannelManager - Adding key: http://localhost:4632 for channel [id: 0x596c2eaf, L:/127.0.0.1:54389 - R:localhost/127.0.0.1:4632]
22:59:43.693 [main] DEBUG net.serenitybdd.core.photography.Darkroom - Send negative for processing for target\site\serenity\b4ef68a637b5fed3ba15a4e6c4a9889136def316abda1e49996c73ef6bd11103.png
22:59:43.693 [Darkroom Processing Line] DEBUG net.serenitybdd.core.photography.DarkroomProcessingLine - Processing screenshot image in /var/screenshots/screenshot-7590381103145963890
22:59:43.693 [Darkroom Processing Line] DEBUG net.serenitybdd.core.photography.DarkroomProcessingLine - Saving screenshot to target\site\serenity\b4ef68a637b5fed3ba15a4e6c4a9889136def316abda1e49996c73ef6bd11103.png
22:59:43.695 [Forwarding getPageSource on session 708dc931dbfe7686fba5da2fa5d7b775 to remote] DEBUG org.asynchttpclient.netty.request.NettyRequestSender - Using pooled Channel '[id: 0x596c2eaf, L:/127.0.0.1:54389 - R:localhost/127.0.0.1:4632]' for 'POST' to 'http://localhost:4632/session/708dc931dbfe7686fba5da2fa5d7b775/execute/sync'
22:59:43.695 [Forwarding getPageSource on session 708dc931dbfe7686fba5da2fa5d7b775 to remote] DEBUG org.asynchttpclient.netty.request.NettyRequestSender - Using open Channel [id: 0x596c2eaf, L:/127.0.0.1:54389 - R:localhost/127.0.0.1:4632] for POST '/session/708dc931dbfe7686fba5da2fa5d7b775/execute/sync'
22:59:43.710 [AsyncHttpClient-1-2] DEBUG org.asynchttpclient.netty.handler.HttpHandler - 

Request DefaultHttpRequest(decodeResult: success, version: HTTP/1.1)
POST /session/708dc931dbfe7686fba5da2fa5d7b775/execute/sync HTTP/1.1
User-Agent: selenium/4.8.1 (java windows)
Content-Length: 176
Content-Type: application/json; charset=utf-8
host: localhost:4632
accept: */*

Response DefaultHttpResponse(decodeResult: success, version: HTTP/1.1)
HTTP/1.1 200 OK
Content-Length: 28798
Content-Type: application/json; charset=utf-8
cache-control: no-cache

22:59:43.710 [AsyncHttpClient-1-2] DEBUG org.asynchttpclient.netty.channel.ChannelManager - Adding key: http://localhost:4632 for channel [id: 0x596c2eaf, L:/127.0.0.1:54389 - R:localhost/127.0.0.1:4632]
22:59:43.717 [Forwarding getCurrentUrl on session 708dc931dbfe7686fba5da2fa5d7b775 to remote] DEBUG org.asynchttpclient.netty.request.NettyRequestSender - Using pooled Channel '[id: 0x596c2eaf, L:/127.0.0.1:54389 - R:localhost/127.0.0.1:4632]' for 'GET' to 'http://localhost:4632/session/708dc931dbfe7686fba5da2fa5d7b775/url'
22:59:43.717 [Forwarding getCurrentUrl on session 708dc931dbfe7686fba5da2fa5d7b775 to remote] DEBUG org.asynchttpclient.netty.request.NettyRequestSender - Using open Channel [id: 0x596c2eaf, L:/127.0.0.1:54389 - R:localhost/127.0.0.1:4632] for GET '/session/708dc931dbfe7686fba5da2fa5d7b775/url'
22:59:43.728 [AsyncHttpClient-1-2] DEBUG org.asynchttpclient.netty.handler.HttpHandler - 

Request DefaultFullHttpRequest(decodeResult: success, version: HTTP/1.1, content: EmptyByteBufBE)
GET /session/708dc931dbfe7686fba5da2fa5d7b775/url HTTP/1.1
User-Agent: selenium/4.8.1 (java windows)
Cache-Control: no-cache
Content-Type: application/json; charset=utf-8
host: localhost:4632
accept: */*

Response DefaultHttpResponse(decodeResult: success, version: HTTP/1.1)
HTTP/1.1 200 OK
Content-Length: 41
Content-Type: application/json; charset=utf-8
cache-control: no-cache

22:59:43.728 [AsyncHttpClient-1-2] DEBUG org.asynchttpclient.netty.channel.ChannelManager - Adding key: http://localhost:4632 for channel [id: 0x596c2eaf, L:/127.0.0.1:54389 - R:localhost/127.0.0.1:4632]
22:59:43.731 [main] DEBUG net.thucydides.core.steps.StepInterceptor - STARTING STEP: LoginSteps.goToTheHomepage - validateOnTheHomePage
22:59:43.735 [Forwarding findElement on session 708dc931dbfe7686fba5da2fa5d7b775 to remote] DEBUG org.asynchttpclient.netty.request.NettyRequestSender - Using pooled Channel '[id: 0x596c2eaf, L:/127.0.0.1:54389 - R:localhost/127.0.0.1:4632]' for 'POST' to 'http://localhost:4632/session/708dc931dbfe7686fba5da2fa5d7b775/element'
22:59:43.735 [Forwarding findElement on session 708dc931dbfe7686fba5da2fa5d7b775 to remote] DEBUG org.asynchttpclient.netty.request.NettyRequestSender - Using open Channel [id: 0x596c2eaf, L:/127.0.0.1:54389 - R:localhost/127.0.0.1:4632] for POST '/session/708dc931dbfe7686fba5da2fa5d7b775/element'
22:59:43.899 [AsyncHttpClient-1-1] DEBUG org.asynchttpclient.netty.channel.DefaultChannelPool - Entry count for : http://localhost:54390 : 1
22:59:44.998 [AsyncHttpClient-1-1] DEBUG org.asynchttpclient.netty.channel.DefaultChannelPool - Entry count for : http://localhost:54390 : 1
22:59:46.102 [AsyncHttpClient-1-1] DEBUG org.asynchttpclient.netty.channel.DefaultChannelPool - Entry count for : http://localhost:54390 : 1
22:59:46.263 [AsyncHttpClient-1-2] DEBUG org.asynchttpclient.netty.handler.HttpHandler - 

Request DefaultHttpRequest(decodeResult: success, version: HTTP/1.1)
POST /session/708dc931dbfe7686fba5da2fa5d7b775/element HTTP/1.1
User-Agent: selenium/4.8.1 (java windows)
Content-Length: 124
Content-Type: application/json; charset=utf-8
host: localhost:4632
accept: */*

Response DefaultHttpResponse(decodeResult: success, version: HTTP/1.1)
HTTP/1.1 200 OK
Content-Length: 95
Content-Type: application/json; charset=utf-8
cache-control: no-cache

22:59:46.263 [AsyncHttpClient-1-2] DEBUG org.asynchttpclient.netty.channel.ChannelManager - Adding key: http://localhost:4632 for channel [id: 0x596c2eaf, L:/127.0.0.1:54389 - R:localhost/127.0.0.1:4632]
22:59:46.265 [Forwarding isElementDisplayed on session 708dc931dbfe7686fba5da2fa5d7b775 to remote] DEBUG org.asynchttpclient.netty.request.NettyRequestSender - Using pooled Channel '[id: 0x596c2eaf, L:/127.0.0.1:54389 - R:localhost/127.0.0.1:4632]' for 'POST' to 'http://localhost:4632/session/708dc931dbfe7686fba5da2fa5d7b775/execute/sync'
22:59:46.265 [Forwarding isElementDisplayed on session 708dc931dbfe7686fba5da2fa5d7b775 to remote] DEBUG org.asynchttpclient.netty.request.NettyRequestSender - Using open Channel [id: 0x596c2eaf, L:/127.0.0.1:54389 - R:localhost/127.0.0.1:4632] for POST '/session/708dc931dbfe7686fba5da2fa5d7b775/execute/sync'
22:59:46.282 [AsyncHttpClient-1-2] DEBUG org.asynchttpclient.netty.handler.HttpHandler - 

Request DefaultHttpRequest(decodeResult: success, version: HTTP/1.1)
POST /session/708dc931dbfe7686fba5da2fa5d7b775/execute/sync HTTP/1.1
User-Agent: selenium/4.8.1 (java windows)
Content-Length: 48814
Content-Type: application/json; charset=utf-8
host: localhost:4632
accept: */*

Response DefaultHttpResponse(decodeResult: success, version: HTTP/1.1)
HTTP/1.1 200 OK
Content-Length: 14
Content-Type: application/json; charset=utf-8
cache-control: no-cache

22:59:46.282 [AsyncHttpClient-1-2] DEBUG org.asynchttpclient.netty.channel.ChannelManager - Adding key: http://localhost:4632 for channel [id: 0x596c2eaf, L:/127.0.0.1:54389 - R:localhost/127.0.0.1:4632]
22:59:46.287 [Forwarding getAlertText on session 708dc931dbfe7686fba5da2fa5d7b775 to remote] DEBUG org.asynchttpclient.netty.request.NettyRequestSender - Using pooled Channel '[id: 0x596c2eaf, L:/127.0.0.1:54389 - R:localhost/127.0.0.1:4632]' for 'GET' to 'http://localhost:4632/session/708dc931dbfe7686fba5da2fa5d7b775/alert/text'
22:59:46.287 [Forwarding getAlertText on session 708dc931dbfe7686fba5da2fa5d7b775 to remote] DEBUG org.asynchttpclient.netty.request.NettyRequestSender - Using open Channel [id: 0x596c2eaf, L:/127.0.0.1:54389 - R:localhost/127.0.0.1:4632] for GET '/session/708dc931dbfe7686fba5da2fa5d7b775/alert/text'
22:59:46.289 [AsyncHttpClient-1-2] DEBUG org.asynchttpclient.netty.handler.HttpHandler - 

Request DefaultFullHttpRequest(decodeResult: success, version: HTTP/1.1, content: EmptyByteBufBE)
GET /session/708dc931dbfe7686fba5da2fa5d7b775/alert/text HTTP/1.1
User-Agent: selenium/4.8.1 (java windows)
Cache-Control: no-cache
Content-Type: application/json; charset=utf-8
host: localhost:4632
accept: */*

Response DefaultHttpResponse(decodeResult: success, version: HTTP/1.1)
HTTP/1.1 404 Not Found
Content-Length: 820
Content-Type: application/json; charset=utf-8
cache-control: no-cache

22:59:46.289 [AsyncHttpClient-1-2] DEBUG org.asynchttpclient.netty.channel.ChannelManager - Adding key: http://localhost:4632 for channel [id: 0x596c2eaf, L:/127.0.0.1:54389 - R:localhost/127.0.0.1:4632]
22:59:46.290 [Forwarding getCurrentUrl on session 708dc931dbfe7686fba5da2fa5d7b775 to remote] DEBUG org.asynchttpclient.netty.request.NettyRequestSender - Using pooled Channel '[id: 0x596c2eaf, L:/127.0.0.1:54389 - R:localhost/127.0.0.1:4632]' for 'GET' to 'http://localhost:4632/session/708dc931dbfe7686fba5da2fa5d7b775/url'
22:59:46.290 [Forwarding getCurrentUrl on session 708dc931dbfe7686fba5da2fa5d7b775 to remote] DEBUG org.asynchttpclient.netty.request.NettyRequestSender - Using open Channel [id: 0x596c2eaf, L:/127.0.0.1:54389 - R:localhost/127.0.0.1:4632] for GET '/session/708dc931dbfe7686fba5da2fa5d7b775/url'
22:59:46.296 [AsyncHttpClient-1-2] DEBUG org.asynchttpclient.netty.handler.HttpHandler - 

Request DefaultFullHttpRequest(decodeResult: success, version: HTTP/1.1, content: EmptyByteBufBE)
GET /session/708dc931dbfe7686fba5da2fa5d7b775/url HTTP/1.1
User-Agent: selenium/4.8.1 (java windows)
Cache-Control: no-cache
Content-Type: application/json; charset=utf-8
host: localhost:4632
accept: */*

Response DefaultHttpResponse(decodeResult: success, version: HTTP/1.1)
HTTP/1.1 200 OK
Content-Length: 41
Content-Type: application/json; charset=utf-8
cache-control: no-cache

22:59:46.297 [AsyncHttpClient-1-2] DEBUG org.asynchttpclient.netty.channel.ChannelManager - Adding key: http://localhost:4632 for channel [id: 0x596c2eaf, L:/127.0.0.1:54389 - R:localhost/127.0.0.1:4632]
22:59:46.297 [Forwarding screenshot on session 708dc931dbfe7686fba5da2fa5d7b775 to remote] DEBUG org.asynchttpclient.netty.request.NettyRequestSender - Using pooled Channel '[id: 0x596c2eaf, L:/127.0.0.1:54389 - R:localhost/127.0.0.1:4632]' for 'GET' to 'http://localhost:4632/session/708dc931dbfe7686fba5da2fa5d7b775/screenshot'
22:59:46.297 [Forwarding screenshot on session 708dc931dbfe7686fba5da2fa5d7b775 to remote] DEBUG org.asynchttpclient.netty.request.NettyRequestSender - Using open Channel [id: 0x596c2eaf, L:/127.0.0.1:54389 - R:localhost/127.0.0.1:4632] for GET '/session/708dc931dbfe7686fba5da2fa5d7b775/screenshot'
22:59:46.571 [AsyncHttpClient-1-2] DEBUG org.asynchttpclient.netty.handler.HttpHandler - 

Request DefaultFullHttpRequest(decodeResult: success, version: HTTP/1.1, content: EmptyByteBufBE)
GET /session/708dc931dbfe7686fba5da2fa5d7b775/screenshot HTTP/1.1
User-Agent: selenium/4.8.1 (java windows)
Cache-Control: no-cache
Content-Type: application/json; charset=utf-8
host: localhost:4632
accept: */*

Response DefaultHttpResponse(decodeResult: success, version: HTTP/1.1)
HTTP/1.1 200 OK
Content-Length: 93856
Content-Type: application/json; charset=utf-8
cache-control: no-cache

22:59:46.571 [AsyncHttpClient-1-2] DEBUG org.asynchttpclient.netty.channel.ChannelManager - Adding key: http://localhost:4632 for channel [id: 0x596c2eaf, L:/127.0.0.1:54389 - R:localhost/127.0.0.1:4632]
22:59:46.576 [main] DEBUG net.serenitybdd.core.photography.Darkroom - Send negative for processing for target\site\serenity\63862fc8bf1d5d2bb1d0aefef67a0d2ffd9c23f1d3e64785aa7fdbb7f96f40c5.png
22:59:46.576 [main] DEBUG net.thucydides.core.steps.StepInterceptor - STEP DONE: validateOnTheHomePage
  &amp#27;[32mThen &amp#27;[0m&amp#27;[32mI go to the Homepage&amp#27;[0m        &amp#27;[90m# starter.stepdefinitions.LoginSteps.goToTheHomepage()&amp#27;[0m
22:59:46.576 [Darkroom Processing Line] DEBUG net.serenitybdd.core.photography.DarkroomProcessingLine - Processing screenshot image in /var/screenshots/screenshot-7173386616827766511
22:59:46.576 [Darkroom Processing Line] DEBUG net.serenitybdd.core.photography.DarkroomProcessingLine - Saving screenshot to target\site\serenity\63862fc8bf1d5d2bb1d0aefef67a0d2ffd9c23f1d3e64785aa7fdbb7f96f40c5.png
22:59:46.580 [main] INFO  - 
  _____   ___   ___   _____     ___     _     ___   ___   ___   ___  
 |_   _| | __| / __| |_   _|   | _ \   /_\   / __| / __| | __| |   \ 
   | |   | _|  \__ \   | |     |  _/  / _ \  \__ \ \__ \ | _|  | |) |
   |_|   |___| |___/   |_|     |_|   /_/ \_\ |___/ |___/ |___| |___/ 

Success login
----------------------------------------------------------------------
22:59:46.581 [AsyncHttpClient-1-4] DEBUG org.asynchttpclient.netty.handler.WebSocketHandler - Channel Closed: [id: 0x530b2e34, L:/127.0.0.1:54398 ! R:localhost/127.0.0.1:54390] with attribute NettyResponseFuture{currentRetry=0,
	isDone=1,
	isCancelled=0,
	asyncHandler=org.asynchttpclient.ws.WebSocketUpgradeHandler@7aa46de1,
	nettyRequest=org.asynchttpclient.netty.request.NettyRequest@766d5cae,
	future=java.util.concurrent.CompletableFuture@4aaea2b5[Completed normally],
	uri=ws://localhost:54390/devtools/browser/f41fd082-6a51-4e00-927d-d0b305f2d420,
	keepAlive=true,
	redirectCount=0,
	timeoutsHolder=null,
	inAuth=0,
	touch=1683561579043}
22:59:46.581 [AsyncHttpClient-1-4] DEBUG org.asynchttpclient.netty.channel.ChannelManager - Closing Channel [id: 0x530b2e34, L:/127.0.0.1:54398 ! R:localhost/127.0.0.1:54390] 
22:59:46.581 [Driver Command Executor] DEBUG org.asynchttpclient.netty.request.NettyRequestSender - Using pooled Channel '[id: 0x596c2eaf, L:/127.0.0.1:54389 - R:localhost/127.0.0.1:4632]' for 'DELETE' to 'http://localhost:4632/session/708dc931dbfe7686fba5da2fa5d7b775'
22:59:46.581 [Driver Command Executor] DEBUG org.asynchttpclient.netty.request.NettyRequestSender - Using open Channel [id: 0x596c2eaf, L:/127.0.0.1:54389 - R:localhost/127.0.0.1:4632] for DELETE '/session/708dc931dbfe7686fba5da2fa5d7b775'
22:59:46.753 [AsyncHttpClient-1-3] DEBUG org.asynchttpclient.netty.handler.HttpHandler - Unexpected I/O exception on channel [id: 0x407ae5e2, L:/127.0.0.1:54397 - R:localhost/127.0.0.1:54390]
java.io.IOException: An existing connection was forcibly closed by the remote host
	at sun.nio.ch.SocketDispatcher.read0(Native Method)
	at sun.nio.ch.SocketDispatcher.read(SocketDispatcher.java:43)
	at sun.nio.ch.IOUtil.readIntoNativeBuffer(IOUtil.java:223)
	at sun.nio.ch.IOUtil.read(IOUtil.java:192)
	at sun.nio.ch.SocketChannelImpl.read(SocketChannelImpl.java:378)
	at io.netty.buffer.PooledByteBuf.setBytes(PooledByteBuf.java:259)
	at io.netty.buffer.AbstractByteBuf.writeBytes(AbstractByteBuf.java:1132)
	at io.netty.channel.socket.nio.NioSocketChannel.doReadBytes(NioSocketChannel.java:357)
	at io.netty.channel.nio.AbstractNioByteChannel$NioByteUnsafe.read(AbstractNioByteChannel.java:151)
	at io.netty.channel.nio.NioEventLoop.processSelectedKey(NioEventLoop.java:788)
	at io.netty.channel.nio.NioEventLoop.processSelectedKeysOptimized(NioEventLoop.java:724)
	at io.netty.channel.nio.NioEventLoop.processSelectedKeys(NioEventLoop.java:650)
	at io.netty.channel.nio.NioEventLoop.run(NioEventLoop.java:562)
	at io.netty.util.concurrent.SingleThreadEventExecutor$4.run(SingleThreadEventExecutor.java:997)
	at io.netty.util.internal.ThreadExecutorMap$2.run(ThreadExecutorMap.java:74)
	at io.netty.util.concurrent.FastThreadLocalRunnable.run(FastThreadLocalRunnable.java:30)
	at java.lang.Thread.run(Thread.java:750)
22:59:46.753 [AsyncHttpClient-1-3] DEBUG org.asynchttpclient.netty.channel.ChannelManager - Closing Channel [id: 0x407ae5e2, L:/127.0.0.1:54397 - R:localhost/127.0.0.1:54390] 
22:59:46.753 [AsyncHttpClient-1-3] DEBUG org.asynchttpclient.netty.handler.HttpHandler - Channel Closed: [id: 0x407ae5e2, L:/127.0.0.1:54397 ! R:localhost/127.0.0.1:54390] with attribute DISCARD
22:59:46.766 [AsyncHttpClient-1-2] DEBUG org.asynchttpclient.netty.handler.HttpHandler - 

Request DefaultFullHttpRequest(decodeResult: success, version: HTTP/1.1, content: EmptyByteBufBE)
DELETE /session/708dc931dbfe7686fba5da2fa5d7b775 HTTP/1.1
User-Agent: selenium/4.8.1 (java windows)
Content-Type: application/json; charset=utf-8
host: localhost:4632
accept: */*

Response DefaultHttpResponse(decodeResult: success, version: HTTP/1.1)
HTTP/1.1 200 OK
Content-Length: 14
Content-Type: application/json; charset=utf-8
cache-control: no-cache

22:59:46.767 [AsyncHttpClient-1-2] DEBUG org.asynchttpclient.netty.channel.ChannelManager - Adding key: http://localhost:4632 for channel [id: 0x596c2eaf, L:/127.0.0.1:54389 - R:localhost/127.0.0.1:4632]
22:59:46.829 [AsyncHttpClient-1-2] DEBUG org.asynchttpclient.netty.handler.HttpHandler - Channel Closed: [id: 0x596c2eaf, L:/127.0.0.1:54389 ! R:localhost/127.0.0.1:4632] with attribute DISCARD
22:59:47.197 [AsyncHttpClient-1-1] DEBUG org.asynchttpclient.netty.channel.DefaultChannelPool - Entry count for : http://localhost:54390 : 1
22:59:47.197 [AsyncHttpClient-1-1] DEBUG org.asynchttpclient.netty.channel.DefaultChannelPool - Entry count for : http://localhost:4632 : 1
22:59:47.197 [AsyncHttpClient-1-1] DEBUG org.asynchttpclient.netty.channel.DefaultChannelPool - Adding Candidate expired Channel [id: 0x407ae5e2, L:/127.0.0.1:54397 ! R:localhost/127.0.0.1:54390] isIdleTimeoutExpired=false isRemotelyClosed=true isTtlExpired=false
22:59:47.197 [AsyncHttpClient-1-1] DEBUG org.asynchttpclient.netty.channel.DefaultChannelPool - Closing Idle Channel [id: 0x407ae5e2, L:/127.0.0.1:54397 ! R:localhost/127.0.0.1:54390]
22:59:47.197 [AsyncHttpClient-1-1] DEBUG org.asynchttpclient.netty.channel.DefaultChannelPool - Adding Candidate expired Channel [id: 0x596c2eaf, L:/127.0.0.1:54389 ! R:localhost/127.0.0.1:4632] isIdleTimeoutExpired=false isRemotelyClosed=true isTtlExpired=false
22:59:47.197 [AsyncHttpClient-1-1] DEBUG org.asynchttpclient.netty.channel.DefaultChannelPool - Closing Idle Channel [id: 0x596c2eaf, L:/127.0.0.1:54389 ! R:localhost/127.0.0.1:4632]
22:59:47.197 [AsyncHttpClient-1-1] DEBUG org.asynchttpclient.netty.channel.DefaultChannelPool - Closed 2 connections out of 2 in 0 ms
]]></system-out>
    <system-err><![CDATA[Starting ChromeDriver 113.0.5672.63 (0e1a4471d5ae5bf128b1bd8f4d627c8cbd55f70c-refs/branch-heads/5672@{#912}) on port 4632
Only local connections are allowed.
Please see https://chromedriver.chromium.org/security-considerations for suggestions on keeping ChromeDriver safe.
ChromeDriver was started successfully.
May 08, 2023 10:59:39 PM org.openqa.selenium.devtools.CdpVersionFinder findNearestMatch
WARNING: Unable to find an exact match for CDP version 113, so returning the closest version found: 110
]]></system-err>
  </testcase>
  <testcase name="Failed login with invalid format" classname="Login" time="6.481">
    <system-out><![CDATA[
@Login(-)
Scenario: Failed login with invalid format &amp#27;[90m# src/test/resources/features/2.Login.feature:15&amp#27;[0m
22:59:47.375 [main] DEBUG io.cucumber.core.plugin.SerenityReporter - Running feature from file:///D:/1.%20QA%20ALTERRA%20ACADEMY/MobileTesting/MiniProjectWEB/src/test/resources/features/2.Login.feature
22:59:47.378 [main] INFO  - 
  _____   ___   ___   _____     ___   _____     _     ___   _____   ___   ___  
 |_   _| | __| / __| |_   _|   / __| |_   _|   /_\   | _ \ |_   _| | __| |   \ 
   | |   | _|  \__ \   | |     \__ \   | |    / _ \  |   /   | |   | _|  | |) |
   |_|   |___| |___/   |_|     |___/   |_|   /_/ \_\ |_|_\   |_|   |___| |___/ 

Failed login with invalid format(login;failed-login-with-invalid-format)
--------------------------------------------------------------------------------
22:59:47.654 [main] INFO net.serenitybdd.core.webdriver.driverproviders.ChromeDriverProvider - Starting Chrome driver instance with capabilities:
22:59:47.654 [main] INFO net.serenitybdd.core.webdriver.driverproviders.ChromeDriverProvider - Capabilities {acceptInsecureCerts: false, browserName: chrome, goog:chromeOptions: {args: [remote-allow-origins=*], extensions: []}}
22:59:48.180 [AsyncHttpClient-1-5] DEBUG org.asynchttpclient.netty.channel.NettyConnectListener - Using new Channel '[id: 0xc0a5bf8e, L:/127.0.0.1:54414 - R:localhost/127.0.0.1:24931]' for 'POST' to '/session'
22:59:48.858 [AsyncHttpClient-1-5] DEBUG org.asynchttpclient.netty.handler.HttpHandler - 

Request DefaultHttpRequest(decodeResult: success, version: HTTP/1.1)
POST /session HTTP/1.1
User-Agent: selenium/4.8.1 (java windows)
Content-Length: 507
Content-Type: application/json; charset=utf-8
host: localhost:24931
accept: */*

Response DefaultHttpResponse(decodeResult: success, version: HTTP/1.1)
HTTP/1.1 200 OK
Content-Length: 861
Content-Type: application/json; charset=utf-8
cache-control: no-cache

22:59:48.858 [AsyncHttpClient-1-5] DEBUG org.asynchttpclient.netty.channel.ChannelManager - Adding key: http://localhost:24931 for channel [id: 0xc0a5bf8e, L:/127.0.0.1:54414 - R:localhost/127.0.0.1:24931]
22:59:48.863 [AsyncHttpClient-1-6] DEBUG org.asynchttpclient.netty.channel.NettyConnectListener - Using new Channel '[id: 0xb4170737, L:/127.0.0.1:54421 - R:localhost/127.0.0.1:54415]' for 'GET' to '/json/version'
22:59:48.865 [AsyncHttpClient-1-6] DEBUG org.asynchttpclient.netty.handler.HttpHandler - 

Request DefaultFullHttpRequest(decodeResult: success, version: HTTP/1.1, content: EmptyByteBufBE)
GET /json/version HTTP/1.1
User-Agent: selenium/4.8.1 (java windows)
host: localhost:54415
accept: */*

Response DefaultHttpResponse(decodeResult: success, version: HTTP/1.1)
HTTP/1.1 200 OK
Content-Security-Policy: frame-ancestors 'none'
Content-Length: 422
Content-Type: application/json; charset=UTF-8

22:59:48.865 [AsyncHttpClient-1-6] DEBUG org.asynchttpclient.netty.channel.ChannelManager - Adding key: http://localhost:54415 for channel [id: 0xb4170737, L:/127.0.0.1:54421 - R:localhost/127.0.0.1:54415]
22:59:48.867 [AsyncHttpClient-1-7] DEBUG org.asynchttpclient.netty.channel.NettyConnectListener - Using new Channel '[id: 0x7d041110, L:/127.0.0.1:54422 - R:localhost/127.0.0.1:54415]' for 'GET' to '/devtools/browser/33b88731-5f4c-45ae-993e-d15d121915ed'
22:59:48.867 [AsyncHttpClient-1-7] DEBUG org.asynchttpclient.netty.handler.WebSocketHandler - 

Request DefaultFullHttpRequest(decodeResult: success, version: HTTP/1.1, content: EmptyByteBufBE)
GET /devtools/browser/33b88731-5f4c-45ae-993e-d15d121915ed HTTP/1.1
upgrade: websocket
connection: upgrade
sec-websocket-key: /ZSnIJI2X9rFs7suOnI3QQ==
sec-websocket-version: 13
origin: http://localhost:54415
host: localhost:54415
accept: */*
user-agent: AHC/2.1

Response DefaultHttpResponse(decodeResult: success, version: HTTP/1.1)
HTTP/1.1 101 WebSocket Protocol Handshake
Upgrade: WebSocket
Connection: Upgrade
Sec-WebSocket-Accept: 6O7QdtuPMcPuH3MWfBGOYbVF1Eg=

22:59:48.870 [Forwarding get on session 3db0f4efbfa21c762a538186525fc7f2 to remote] DEBUG org.asynchttpclient.netty.request.NettyRequestSender - Using pooled Channel '[id: 0xc0a5bf8e, L:/127.0.0.1:54414 - R:localhost/127.0.0.1:24931]' for 'POST' to 'http://localhost:24931/session/3db0f4efbfa21c762a538186525fc7f2/url'
22:59:48.870 [Forwarding get on session 3db0f4efbfa21c762a538186525fc7f2 to remote] DEBUG org.asynchttpclient.netty.request.NettyRequestSender - Using open Channel [id: 0xc0a5bf8e, L:/127.0.0.1:54414 - R:localhost/127.0.0.1:24931] for POST '/session/3db0f4efbfa21c762a538186525fc7f2/url'
22:59:49.398 [AsyncHttpClient-1-1] DEBUG org.asynchttpclient.netty.channel.DefaultChannelPool - Entry count for : http://localhost:54415 : 1
22:59:50.179 [AsyncHttpClient-1-5] DEBUG org.asynchttpclient.netty.handler.HttpHandler - 

Request DefaultHttpRequest(decodeResult: success, version: HTTP/1.1)
POST /session/3db0f4efbfa21c762a538186525fc7f2/url HTTP/1.1
User-Agent: selenium/4.8.1 (java windows)
Content-Length: 74
Content-Type: application/json; charset=utf-8
host: localhost:24931
accept: */*

Response DefaultHttpResponse(decodeResult: success, version: HTTP/1.1)
HTTP/1.1 200 OK
Content-Length: 14
Content-Type: application/json; charset=utf-8
cache-control: no-cache

22:59:50.180 [AsyncHttpClient-1-5] DEBUG org.asynchttpclient.netty.channel.ChannelManager - Adding key: http://localhost:24931 for channel [id: 0xc0a5bf8e, L:/127.0.0.1:54414 - R:localhost/127.0.0.1:24931]
22:59:50.182 [Forwarding setTimeout on session 3db0f4efbfa21c762a538186525fc7f2 to remote] DEBUG org.asynchttpclient.netty.request.NettyRequestSender - Using pooled Channel '[id: 0xc0a5bf8e, L:/127.0.0.1:54414 - R:localhost/127.0.0.1:24931]' for 'POST' to 'http://localhost:24931/session/3db0f4efbfa21c762a538186525fc7f2/timeouts'
22:59:50.182 [Forwarding setTimeout on session 3db0f4efbfa21c762a538186525fc7f2 to remote] DEBUG org.asynchttpclient.netty.request.NettyRequestSender - Using open Channel [id: 0xc0a5bf8e, L:/127.0.0.1:54414 - R:localhost/127.0.0.1:24931] for POST '/session/3db0f4efbfa21c762a538186525fc7f2/timeouts'
22:59:50.184 [AsyncHttpClient-1-5] DEBUG org.asynchttpclient.netty.handler.HttpHandler - 

Request DefaultHttpRequest(decodeResult: success, version: HTTP/1.1)
POST /session/3db0f4efbfa21c762a538186525fc7f2/timeouts HTTP/1.1
User-Agent: selenium/4.8.1 (java windows)
Content-Length: 22
Content-Type: application/json; charset=utf-8
host: localhost:24931
accept: */*

Response DefaultHttpResponse(decodeResult: success, version: HTTP/1.1)
HTTP/1.1 200 OK
Content-Length: 14
Content-Type: application/json; charset=utf-8
cache-control: no-cache

22:59:50.184 [AsyncHttpClient-1-5] DEBUG org.asynchttpclient.netty.channel.ChannelManager - Adding key: http://localhost:24931 for channel [id: 0xc0a5bf8e, L:/127.0.0.1:54414 - R:localhost/127.0.0.1:24931]
  &amp#27;[32mGiven &amp#27;[0m&amp#27;[32mI am on the login page&amp#27;[0m             &amp#27;[90m# starter.stepdefinitions.LoginSteps.onTheLoginPage()&amp#27;[0m
22:59:50.198 [Forwarding getAlertText on session 3db0f4efbfa21c762a538186525fc7f2 to remote] DEBUG org.asynchttpclient.netty.request.NettyRequestSender - Using pooled Channel '[id: 0xc0a5bf8e, L:/127.0.0.1:54414 - R:localhost/127.0.0.1:24931]' for 'GET' to 'http://localhost:24931/session/3db0f4efbfa21c762a538186525fc7f2/alert/text'
22:59:50.198 [Forwarding getAlertText on session 3db0f4efbfa21c762a538186525fc7f2 to remote] DEBUG org.asynchttpclient.netty.request.NettyRequestSender - Using open Channel [id: 0xc0a5bf8e, L:/127.0.0.1:54414 - R:localhost/127.0.0.1:24931] for GET '/session/3db0f4efbfa21c762a538186525fc7f2/alert/text'
22:59:50.201 [AsyncHttpClient-1-5] DEBUG org.asynchttpclient.netty.handler.HttpHandler - 

Request DefaultFullHttpRequest(decodeResult: success, version: HTTP/1.1, content: EmptyByteBufBE)
GET /session/3db0f4efbfa21c762a538186525fc7f2/alert/text HTTP/1.1
User-Agent: selenium/4.8.1 (java windows)
Cache-Control: no-cache
Content-Type: application/json; charset=utf-8
host: localhost:24931
accept: */*

Response DefaultHttpResponse(decodeResult: success, version: HTTP/1.1)
HTTP/1.1 404 Not Found
Content-Length: 820
Content-Type: application/json; charset=utf-8
cache-control: no-cache

22:59:50.202 [AsyncHttpClient-1-5] DEBUG org.asynchttpclient.netty.channel.ChannelManager - Adding key: http://localhost:24931 for channel [id: 0xc0a5bf8e, L:/127.0.0.1:54414 - R:localhost/127.0.0.1:24931]
22:59:50.204 [Forwarding getCurrentUrl on session 3db0f4efbfa21c762a538186525fc7f2 to remote] DEBUG org.asynchttpclient.netty.request.NettyRequestSender - Using pooled Channel '[id: 0xc0a5bf8e, L:/127.0.0.1:54414 - R:localhost/127.0.0.1:24931]' for 'GET' to 'http://localhost:24931/session/3db0f4efbfa21c762a538186525fc7f2/url'
22:59:50.204 [Forwarding getCurrentUrl on session 3db0f4efbfa21c762a538186525fc7f2 to remote] DEBUG org.asynchttpclient.netty.request.NettyRequestSender - Using open Channel [id: 0xc0a5bf8e, L:/127.0.0.1:54414 - R:localhost/127.0.0.1:24931] for GET '/session/3db0f4efbfa21c762a538186525fc7f2/url'
22:59:50.218 [AsyncHttpClient-1-5] DEBUG org.asynchttpclient.netty.handler.HttpHandler - 

Request DefaultFullHttpRequest(decodeResult: success, version: HTTP/1.1, content: EmptyByteBufBE)
GET /session/3db0f4efbfa21c762a538186525fc7f2/url HTTP/1.1
User-Agent: selenium/4.8.1 (java windows)
Cache-Control: no-cache
Content-Type: application/json; charset=utf-8
host: localhost:24931
accept: */*

Response DefaultHttpResponse(decodeResult: success, version: HTTP/1.1)
HTTP/1.1 200 OK
Content-Length: 51
Content-Type: application/json; charset=utf-8
cache-control: no-cache

22:59:50.219 [AsyncHttpClient-1-5] DEBUG org.asynchttpclient.netty.channel.ChannelManager - Adding key: http://localhost:24931 for channel [id: 0xc0a5bf8e, L:/127.0.0.1:54414 - R:localhost/127.0.0.1:24931]
22:59:50.220 [Forwarding screenshot on session 3db0f4efbfa21c762a538186525fc7f2 to remote] DEBUG org.asynchttpclient.netty.request.NettyRequestSender - Using pooled Channel '[id: 0xc0a5bf8e, L:/127.0.0.1:54414 - R:localhost/127.0.0.1:24931]' for 'GET' to 'http://localhost:24931/session/3db0f4efbfa21c762a538186525fc7f2/screenshot'
22:59:50.220 [Forwarding screenshot on session 3db0f4efbfa21c762a538186525fc7f2 to remote] DEBUG org.asynchttpclient.netty.request.NettyRequestSender - Using open Channel [id: 0xc0a5bf8e, L:/127.0.0.1:54414 - R:localhost/127.0.0.1:24931] for GET '/session/3db0f4efbfa21c762a538186525fc7f2/screenshot'
22:59:50.456 [AsyncHttpClient-1-5] DEBUG org.asynchttpclient.netty.handler.HttpHandler - 

Request DefaultFullHttpRequest(decodeResult: success, version: HTTP/1.1, content: EmptyByteBufBE)
GET /session/3db0f4efbfa21c762a538186525fc7f2/screenshot HTTP/1.1
User-Agent: selenium/4.8.1 (java windows)
Cache-Control: no-cache
Content-Type: application/json; charset=utf-8
host: localhost:24931
accept: */*

Response DefaultHttpResponse(decodeResult: success, version: HTTP/1.1)
HTTP/1.1 200 OK
Content-Length: 32068
Content-Type: application/json; charset=utf-8
cache-control: no-cache

22:59:50.456 [AsyncHttpClient-1-5] DEBUG org.asynchttpclient.netty.channel.ChannelManager - Adding key: http://localhost:24931 for channel [id: 0xc0a5bf8e, L:/127.0.0.1:54414 - R:localhost/127.0.0.1:24931]
22:59:50.459 [main] DEBUG net.serenitybdd.core.photography.Darkroom - Send negative for processing for target\site\serenity\66a72f9453c991b458ef56bcffc716efaac5c1af3eeac64411e4b666f4758793.png
22:59:50.464 [Forwarding getPageSource on session 3db0f4efbfa21c762a538186525fc7f2 to remote] DEBUG org.asynchttpclient.netty.request.NettyRequestSender - Using pooled Channel '[id: 0xc0a5bf8e, L:/127.0.0.1:54414 - R:localhost/127.0.0.1:24931]' for 'POST' to 'http://localhost:24931/session/3db0f4efbfa21c762a538186525fc7f2/execute/sync'
22:59:50.464 [Forwarding getPageSource on session 3db0f4efbfa21c762a538186525fc7f2 to remote] DEBUG org.asynchttpclient.netty.request.NettyRequestSender - Using open Channel [id: 0xc0a5bf8e, L:/127.0.0.1:54414 - R:localhost/127.0.0.1:24931] for POST '/session/3db0f4efbfa21c762a538186525fc7f2/execute/sync'
22:59:50.474 [AsyncHttpClient-1-5] DEBUG org.asynchttpclient.netty.handler.HttpHandler - 

Request DefaultHttpRequest(decodeResult: success, version: HTTP/1.1)
POST /session/3db0f4efbfa21c762a538186525fc7f2/execute/sync HTTP/1.1
User-Agent: selenium/4.8.1 (java windows)
Content-Length: 176
Content-Type: application/json; charset=utf-8
host: localhost:24931
accept: */*

Response DefaultHttpResponse(decodeResult: success, version: HTTP/1.1)
HTTP/1.1 200 OK
Content-Length: 21659
Content-Type: application/json; charset=utf-8
cache-control: no-cache

22:59:50.474 [AsyncHttpClient-1-5] DEBUG org.asynchttpclient.netty.channel.ChannelManager - Adding key: http://localhost:24931 for channel [id: 0xc0a5bf8e, L:/127.0.0.1:54414 - R:localhost/127.0.0.1:24931]
22:59:50.477 [Forwarding getCurrentUrl on session 3db0f4efbfa21c762a538186525fc7f2 to remote] DEBUG org.asynchttpclient.netty.request.NettyRequestSender - Using pooled Channel '[id: 0xc0a5bf8e, L:/127.0.0.1:54414 - R:localhost/127.0.0.1:24931]' for 'GET' to 'http://localhost:24931/session/3db0f4efbfa21c762a538186525fc7f2/url'
22:59:50.477 [Forwarding getCurrentUrl on session 3db0f4efbfa21c762a538186525fc7f2 to remote] DEBUG org.asynchttpclient.netty.request.NettyRequestSender - Using open Channel [id: 0xc0a5bf8e, L:/127.0.0.1:54414 - R:localhost/127.0.0.1:24931] for GET '/session/3db0f4efbfa21c762a538186525fc7f2/url'
22:59:50.483 [AsyncHttpClient-1-5] DEBUG org.asynchttpclient.netty.handler.HttpHandler - 

Request DefaultFullHttpRequest(decodeResult: success, version: HTTP/1.1, content: EmptyByteBufBE)
GET /session/3db0f4efbfa21c762a538186525fc7f2/url HTTP/1.1
User-Agent: selenium/4.8.1 (java windows)
Cache-Control: no-cache
Content-Type: application/json; charset=utf-8
host: localhost:24931
accept: */*

Response DefaultHttpResponse(decodeResult: success, version: HTTP/1.1)
HTTP/1.1 200 OK
Content-Length: 51
Content-Type: application/json; charset=utf-8
cache-control: no-cache

22:59:50.483 [AsyncHttpClient-1-5] DEBUG org.asynchttpclient.netty.channel.ChannelManager - Adding key: http://localhost:24931 for channel [id: 0xc0a5bf8e, L:/127.0.0.1:54414 - R:localhost/127.0.0.1:24931]
22:59:50.490 [Forwarding getPageSource on session 3db0f4efbfa21c762a538186525fc7f2 to remote] DEBUG org.asynchttpclient.netty.request.NettyRequestSender - Using pooled Channel '[id: 0xc0a5bf8e, L:/127.0.0.1:54414 - R:localhost/127.0.0.1:24931]' for 'POST' to 'http://localhost:24931/session/3db0f4efbfa21c762a538186525fc7f2/execute/sync'
22:59:50.490 [Forwarding getPageSource on session 3db0f4efbfa21c762a538186525fc7f2 to remote] DEBUG org.asynchttpclient.netty.request.NettyRequestSender - Using open Channel [id: 0xc0a5bf8e, L:/127.0.0.1:54414 - R:localhost/127.0.0.1:24931] for POST '/session/3db0f4efbfa21c762a538186525fc7f2/execute/sync'
22:59:50.497 [AsyncHttpClient-1-5] DEBUG org.asynchttpclient.netty.handler.HttpHandler - 

Request DefaultHttpRequest(decodeResult: success, version: HTTP/1.1)
POST /session/3db0f4efbfa21c762a538186525fc7f2/execute/sync HTTP/1.1
User-Agent: selenium/4.8.1 (java windows)
Content-Length: 176
Content-Type: application/json; charset=utf-8
host: localhost:24931
accept: */*

Response DefaultHttpResponse(decodeResult: success, version: HTTP/1.1)
HTTP/1.1 200 OK
Content-Length: 21659
Content-Type: application/json; charset=utf-8
cache-control: no-cache

22:59:50.497 [AsyncHttpClient-1-5] DEBUG org.asynchttpclient.netty.channel.ChannelManager - Adding key: http://localhost:24931 for channel [id: 0xc0a5bf8e, L:/127.0.0.1:54414 - R:localhost/127.0.0.1:24931]
22:59:50.499 [Forwarding getCurrentUrl on session 3db0f4efbfa21c762a538186525fc7f2 to remote] DEBUG org.asynchttpclient.netty.request.NettyRequestSender - Using pooled Channel '[id: 0xc0a5bf8e, L:/127.0.0.1:54414 - R:localhost/127.0.0.1:24931]' for 'GET' to 'http://localhost:24931/session/3db0f4efbfa21c762a538186525fc7f2/url'
22:59:50.499 [Forwarding getCurrentUrl on session 3db0f4efbfa21c762a538186525fc7f2 to remote] DEBUG org.asynchttpclient.netty.request.NettyRequestSender - Using open Channel [id: 0xc0a5bf8e, L:/127.0.0.1:54414 - R:localhost/127.0.0.1:24931] for GET '/session/3db0f4efbfa21c762a538186525fc7f2/url'
22:59:50.506 [AsyncHttpClient-1-1] DEBUG org.asynchttpclient.netty.channel.DefaultChannelPool - Entry count for : http://localhost:54415 : 1
22:59:50.506 [AsyncHttpClient-1-5] DEBUG org.asynchttpclient.netty.handler.HttpHandler - 

Request DefaultFullHttpRequest(decodeResult: success, version: HTTP/1.1, content: EmptyByteBufBE)
GET /session/3db0f4efbfa21c762a538186525fc7f2/url HTTP/1.1
User-Agent: selenium/4.8.1 (java windows)
Cache-Control: no-cache
Content-Type: application/json; charset=utf-8
host: localhost:24931
accept: */*

Response DefaultHttpResponse(decodeResult: success, version: HTTP/1.1)
HTTP/1.1 200 OK
Content-Length: 51
Content-Type: application/json; charset=utf-8
cache-control: no-cache

22:59:50.506 [AsyncHttpClient-1-5] DEBUG org.asynchttpclient.netty.channel.ChannelManager - Adding key: http://localhost:24931 for channel [id: 0xc0a5bf8e, L:/127.0.0.1:54414 - R:localhost/127.0.0.1:24931]
22:59:50.508 [main] DEBUG net.thucydides.core.steps.StepInterceptor - STARTING STEP: LoginSteps.enterinvalidFormatEmailLogin - inputInvalidFormatEmailLogin
22:59:50.510 [Forwarding findElement on session 3db0f4efbfa21c762a538186525fc7f2 to remote] DEBUG org.asynchttpclient.netty.request.NettyRequestSender - Using pooled Channel '[id: 0xc0a5bf8e, L:/127.0.0.1:54414 - R:localhost/127.0.0.1:24931]' for 'POST' to 'http://localhost:24931/session/3db0f4efbfa21c762a538186525fc7f2/element'
22:59:50.510 [Forwarding findElement on session 3db0f4efbfa21c762a538186525fc7f2 to remote] DEBUG org.asynchttpclient.netty.request.NettyRequestSender - Using open Channel [id: 0xc0a5bf8e, L:/127.0.0.1:54414 - R:localhost/127.0.0.1:24931] for POST '/session/3db0f4efbfa21c762a538186525fc7f2/element'
22:59:50.525 [AsyncHttpClient-1-5] DEBUG org.asynchttpclient.netty.handler.HttpHandler - 

Request DefaultHttpRequest(decodeResult: success, version: HTTP/1.1)
POST /session/3db0f4efbfa21c762a538186525fc7f2/element HTTP/1.1
User-Agent: selenium/4.8.1 (java windows)
Content-Length: 55
Content-Type: application/json; charset=utf-8
host: localhost:24931
accept: */*

Response DefaultHttpResponse(decodeResult: success, version: HTTP/1.1)
HTTP/1.1 200 OK
Content-Length: 94
Content-Type: application/json; charset=utf-8
cache-control: no-cache

22:59:50.525 [AsyncHttpClient-1-5] DEBUG org.asynchttpclient.netty.channel.ChannelManager - Adding key: http://localhost:24931 for channel [id: 0xc0a5bf8e, L:/127.0.0.1:54414 - R:localhost/127.0.0.1:24931]
22:59:50.526 [Forwarding clearElement on session 3db0f4efbfa21c762a538186525fc7f2 to remote] DEBUG org.asynchttpclient.netty.request.NettyRequestSender - Using pooled Channel '[id: 0xc0a5bf8e, L:/127.0.0.1:54414 - R:localhost/127.0.0.1:24931]' for 'POST' to 'http://localhost:24931/session/3db0f4efbfa21c762a538186525fc7f2/element/4A53959047AD4B5D90F51868A43CA36B_element_5/clear'
22:59:50.526 [Forwarding clearElement on session 3db0f4efbfa21c762a538186525fc7f2 to remote] DEBUG org.asynchttpclient.netty.request.NettyRequestSender - Using open Channel [id: 0xc0a5bf8e, L:/127.0.0.1:54414 - R:localhost/127.0.0.1:24931] for POST '/session/3db0f4efbfa21c762a538186525fc7f2/element/4A53959047AD4B5D90F51868A43CA36B_element_5/clear'
22:59:50.597 [AsyncHttpClient-1-5] DEBUG org.asynchttpclient.netty.handler.HttpHandler - 

Request DefaultHttpRequest(decodeResult: success, version: HTTP/1.1)
POST /session/3db0f4efbfa21c762a538186525fc7f2/element/4A53959047AD4B5D90F51868A43CA36B_element_5/clear HTTP/1.1
User-Agent: selenium/4.8.1 (java windows)
Content-Length: 56
Content-Type: application/json; charset=utf-8
host: localhost:24931
accept: */*

Response DefaultHttpResponse(decodeResult: success, version: HTTP/1.1)
HTTP/1.1 200 OK
Content-Length: 14
Content-Type: application/json; charset=utf-8
cache-control: no-cache

22:59:50.597 [AsyncHttpClient-1-5] DEBUG org.asynchttpclient.netty.channel.ChannelManager - Adding key: http://localhost:24931 for channel [id: 0xc0a5bf8e, L:/127.0.0.1:54414 - R:localhost/127.0.0.1:24931]
22:59:50.600 [Forwarding sendKeysToElement on session 3db0f4efbfa21c762a538186525fc7f2 to remote] DEBUG org.asynchttpclient.netty.request.NettyRequestSender - Using pooled Channel '[id: 0xc0a5bf8e, L:/127.0.0.1:54414 - R:localhost/127.0.0.1:24931]' for 'POST' to 'http://localhost:24931/session/3db0f4efbfa21c762a538186525fc7f2/element/4A53959047AD4B5D90F51868A43CA36B_element_5/value'
22:59:50.600 [Forwarding sendKeysToElement on session 3db0f4efbfa21c762a538186525fc7f2 to remote] DEBUG org.asynchttpclient.netty.request.NettyRequestSender - Using open Channel [id: 0xc0a5bf8e, L:/127.0.0.1:54414 - R:localhost/127.0.0.1:24931] for POST '/session/3db0f4efbfa21c762a538186525fc7f2/element/4A53959047AD4B5D90F51868A43CA36B_element_5/value'
22:59:50.921 [AsyncHttpClient-1-5] DEBUG org.asynchttpclient.netty.handler.HttpHandler - 

Request DefaultHttpRequest(decodeResult: success, version: HTTP/1.1)
POST /session/3db0f4efbfa21c762a538186525fc7f2/element/4A53959047AD4B5D90F51868A43CA36B_element_5/value HTTP/1.1
User-Agent: selenium/4.8.1 (java windows)
Content-Length: 267
Content-Type: application/json; charset=utf-8
host: localhost:24931
accept: */*

Response DefaultHttpResponse(decodeResult: success, version: HTTP/1.1)
HTTP/1.1 200 OK
Content-Length: 14
Content-Type: application/json; charset=utf-8
cache-control: no-cache

22:59:50.921 [AsyncHttpClient-1-5] DEBUG org.asynchttpclient.netty.channel.ChannelManager - Adding key: http://localhost:24931 for channel [id: 0xc0a5bf8e, L:/127.0.0.1:54414 - R:localhost/127.0.0.1:24931]
22:59:50.929 [Forwarding getAlertText on session 3db0f4efbfa21c762a538186525fc7f2 to remote] DEBUG org.asynchttpclient.netty.request.NettyRequestSender - Using pooled Channel '[id: 0xc0a5bf8e, L:/127.0.0.1:54414 - R:localhost/127.0.0.1:24931]' for 'GET' to 'http://localhost:24931/session/3db0f4efbfa21c762a538186525fc7f2/alert/text'
22:59:50.929 [Forwarding getAlertText on session 3db0f4efbfa21c762a538186525fc7f2 to remote] DEBUG org.asynchttpclient.netty.request.NettyRequestSender - Using open Channel [id: 0xc0a5bf8e, L:/127.0.0.1:54414 - R:localhost/127.0.0.1:24931] for GET '/session/3db0f4efbfa21c762a538186525fc7f2/alert/text'
22:59:50.933 [AsyncHttpClient-1-5] DEBUG org.asynchttpclient.netty.handler.HttpHandler - 

Request DefaultFullHttpRequest(decodeResult: success, version: HTTP/1.1, content: EmptyByteBufBE)
GET /session/3db0f4efbfa21c762a538186525fc7f2/alert/text HTTP/1.1
User-Agent: selenium/4.8.1 (java windows)
Cache-Control: no-cache
Content-Type: application/json; charset=utf-8
host: localhost:24931
accept: */*

Response DefaultHttpResponse(decodeResult: success, version: HTTP/1.1)
HTTP/1.1 404 Not Found
Content-Length: 820
Content-Type: application/json; charset=utf-8
cache-control: no-cache

22:59:50.933 [AsyncHttpClient-1-5] DEBUG org.asynchttpclient.netty.channel.ChannelManager - Adding key: http://localhost:24931 for channel [id: 0xc0a5bf8e, L:/127.0.0.1:54414 - R:localhost/127.0.0.1:24931]
22:59:50.934 [Forwarding getCurrentUrl on session 3db0f4efbfa21c762a538186525fc7f2 to remote] DEBUG org.asynchttpclient.netty.request.NettyRequestSender - Using pooled Channel '[id: 0xc0a5bf8e, L:/127.0.0.1:54414 - R:localhost/127.0.0.1:24931]' for 'GET' to 'http://localhost:24931/session/3db0f4efbfa21c762a538186525fc7f2/url'
22:59:50.934 [Forwarding getCurrentUrl on session 3db0f4efbfa21c762a538186525fc7f2 to remote] DEBUG org.asynchttpclient.netty.request.NettyRequestSender - Using open Channel [id: 0xc0a5bf8e, L:/127.0.0.1:54414 - R:localhost/127.0.0.1:24931] for GET '/session/3db0f4efbfa21c762a538186525fc7f2/url'
22:59:50.943 [AsyncHttpClient-1-5] DEBUG org.asynchttpclient.netty.handler.HttpHandler - 

Request DefaultFullHttpRequest(decodeResult: success, version: HTTP/1.1, content: EmptyByteBufBE)
GET /session/3db0f4efbfa21c762a538186525fc7f2/url HTTP/1.1
User-Agent: selenium/4.8.1 (java windows)
Cache-Control: no-cache
Content-Type: application/json; charset=utf-8
host: localhost:24931
accept: */*

Response DefaultHttpResponse(decodeResult: success, version: HTTP/1.1)
HTTP/1.1 200 OK
Content-Length: 51
Content-Type: application/json; charset=utf-8
cache-control: no-cache

22:59:50.943 [AsyncHttpClient-1-5] DEBUG org.asynchttpclient.netty.channel.ChannelManager - Adding key: http://localhost:24931 for channel [id: 0xc0a5bf8e, L:/127.0.0.1:54414 - R:localhost/127.0.0.1:24931]
22:59:50.944 [Forwarding screenshot on session 3db0f4efbfa21c762a538186525fc7f2 to remote] DEBUG org.asynchttpclient.netty.request.NettyRequestSender - Using pooled Channel '[id: 0xc0a5bf8e, L:/127.0.0.1:54414 - R:localhost/127.0.0.1:24931]' for 'GET' to 'http://localhost:24931/session/3db0f4efbfa21c762a538186525fc7f2/screenshot'
22:59:50.944 [Forwarding screenshot on session 3db0f4efbfa21c762a538186525fc7f2 to remote] DEBUG org.asynchttpclient.netty.request.NettyRequestSender - Using open Channel [id: 0xc0a5bf8e, L:/127.0.0.1:54414 - R:localhost/127.0.0.1:24931] for GET '/session/3db0f4efbfa21c762a538186525fc7f2/screenshot'
22:59:51.224 [AsyncHttpClient-1-5] DEBUG org.asynchttpclient.netty.handler.HttpHandler - 

Request DefaultFullHttpRequest(decodeResult: success, version: HTTP/1.1, content: EmptyByteBufBE)
GET /session/3db0f4efbfa21c762a538186525fc7f2/screenshot HTTP/1.1
User-Agent: selenium/4.8.1 (java windows)
Cache-Control: no-cache
Content-Type: application/json; charset=utf-8
host: localhost:24931
accept: */*

Response DefaultHttpResponse(decodeResult: success, version: HTTP/1.1)
HTTP/1.1 200 OK
Content-Length: 37428
Content-Type: application/json; charset=utf-8
cache-control: no-cache

22:59:51.224 [AsyncHttpClient-1-5] DEBUG org.asynchttpclient.netty.channel.ChannelManager - Adding key: http://localhost:24931 for channel [id: 0xc0a5bf8e, L:/127.0.0.1:54414 - R:localhost/127.0.0.1:24931]
22:59:51.229 [main] DEBUG net.serenitybdd.core.photography.Darkroom - Send negative for processing for target\site\serenity\10b247031fd6730a5386c6c0682f318f2da60603e120b4f973823915758e8603.png
22:59:51.230 [main] DEBUG net.thucydides.core.steps.StepInterceptor - STEP DONE: inputInvalidFormatEmailLogin
  &amp#27;[32mWhen &amp#27;[0m&amp#27;[32mI enter invalid format email login&amp#27;[0m  &amp#27;[90m# starter.stepdefinitions.LoginSteps.enterinvalidFormatEmailLogin()&amp#27;[0m
22:59:51.230 [Darkroom Processing Line] DEBUG net.serenitybdd.core.photography.DarkroomProcessingLine - Processing screenshot image in /var/screenshots/screenshot-7124119725070744347
22:59:51.230 [Darkroom Processing Line] DEBUG net.serenitybdd.core.photography.DarkroomProcessingLine - Saving screenshot to target\site\serenity\10b247031fd6730a5386c6c0682f318f2da60603e120b4f973823915758e8603.png
22:59:51.248 [Forwarding getPageSource on session 3db0f4efbfa21c762a538186525fc7f2 to remote] DEBUG org.asynchttpclient.netty.request.NettyRequestSender - Using pooled Channel '[id: 0xc0a5bf8e, L:/127.0.0.1:54414 - R:localhost/127.0.0.1:24931]' for 'POST' to 'http://localhost:24931/session/3db0f4efbfa21c762a538186525fc7f2/execute/sync'
22:59:51.248 [Forwarding getPageSource on session 3db0f4efbfa21c762a538186525fc7f2 to remote] DEBUG org.asynchttpclient.netty.request.NettyRequestSender - Using open Channel [id: 0xc0a5bf8e, L:/127.0.0.1:54414 - R:localhost/127.0.0.1:24931] for POST '/session/3db0f4efbfa21c762a538186525fc7f2/execute/sync'
22:59:51.262 [AsyncHttpClient-1-5] DEBUG org.asynchttpclient.netty.handler.HttpHandler - 

Request DefaultHttpRequest(decodeResult: success, version: HTTP/1.1)
POST /session/3db0f4efbfa21c762a538186525fc7f2/execute/sync HTTP/1.1
User-Agent: selenium/4.8.1 (java windows)
Content-Length: 176
Content-Type: application/json; charset=utf-8
host: localhost:24931
accept: */*

Response DefaultHttpResponse(decodeResult: success, version: HTTP/1.1)
HTTP/1.1 200 OK
Content-Length: 21780
Content-Type: application/json; charset=utf-8
cache-control: no-cache

22:59:51.263 [AsyncHttpClient-1-5] DEBUG org.asynchttpclient.netty.channel.ChannelManager - Adding key: http://localhost:24931 for channel [id: 0xc0a5bf8e, L:/127.0.0.1:54414 - R:localhost/127.0.0.1:24931]
22:59:51.269 [Forwarding getCurrentUrl on session 3db0f4efbfa21c762a538186525fc7f2 to remote] DEBUG org.asynchttpclient.netty.request.NettyRequestSender - Using pooled Channel '[id: 0xc0a5bf8e, L:/127.0.0.1:54414 - R:localhost/127.0.0.1:24931]' for 'GET' to 'http://localhost:24931/session/3db0f4efbfa21c762a538186525fc7f2/url'
22:59:51.269 [Forwarding getCurrentUrl on session 3db0f4efbfa21c762a538186525fc7f2 to remote] DEBUG org.asynchttpclient.netty.request.NettyRequestSender - Using open Channel [id: 0xc0a5bf8e, L:/127.0.0.1:54414 - R:localhost/127.0.0.1:24931] for GET '/session/3db0f4efbfa21c762a538186525fc7f2/url'
22:59:51.280 [AsyncHttpClient-1-5] DEBUG org.asynchttpclient.netty.handler.HttpHandler - 

Request DefaultFullHttpRequest(decodeResult: success, version: HTTP/1.1, content: EmptyByteBufBE)
GET /session/3db0f4efbfa21c762a538186525fc7f2/url HTTP/1.1
User-Agent: selenium/4.8.1 (java windows)
Cache-Control: no-cache
Content-Type: application/json; charset=utf-8
host: localhost:24931
accept: */*

Response DefaultHttpResponse(decodeResult: success, version: HTTP/1.1)
HTTP/1.1 200 OK
Content-Length: 51
Content-Type: application/json; charset=utf-8
cache-control: no-cache

22:59:51.280 [AsyncHttpClient-1-5] DEBUG org.asynchttpclient.netty.channel.ChannelManager - Adding key: http://localhost:24931 for channel [id: 0xc0a5bf8e, L:/127.0.0.1:54414 - R:localhost/127.0.0.1:24931]
22:59:51.295 [Forwarding getAlertText on session 3db0f4efbfa21c762a538186525fc7f2 to remote] DEBUG org.asynchttpclient.netty.request.NettyRequestSender - Using pooled Channel '[id: 0xc0a5bf8e, L:/127.0.0.1:54414 - R:localhost/127.0.0.1:24931]' for 'GET' to 'http://localhost:24931/session/3db0f4efbfa21c762a538186525fc7f2/alert/text'
22:59:51.295 [Forwarding getAlertText on session 3db0f4efbfa21c762a538186525fc7f2 to remote] DEBUG org.asynchttpclient.netty.request.NettyRequestSender - Using open Channel [id: 0xc0a5bf8e, L:/127.0.0.1:54414 - R:localhost/127.0.0.1:24931] for GET '/session/3db0f4efbfa21c762a538186525fc7f2/alert/text'
22:59:51.297 [AsyncHttpClient-1-5] DEBUG org.asynchttpclient.netty.handler.HttpHandler - 

Request DefaultFullHttpRequest(decodeResult: success, version: HTTP/1.1, content: EmptyByteBufBE)
GET /session/3db0f4efbfa21c762a538186525fc7f2/alert/text HTTP/1.1
User-Agent: selenium/4.8.1 (java windows)
Cache-Control: no-cache
Content-Type: application/json; charset=utf-8
host: localhost:24931
accept: */*

Response DefaultHttpResponse(decodeResult: success, version: HTTP/1.1)
HTTP/1.1 404 Not Found
Content-Length: 820
Content-Type: application/json; charset=utf-8
cache-control: no-cache

22:59:51.298 [AsyncHttpClient-1-5] DEBUG org.asynchttpclient.netty.channel.ChannelManager - Adding key: http://localhost:24931 for channel [id: 0xc0a5bf8e, L:/127.0.0.1:54414 - R:localhost/127.0.0.1:24931]
22:59:51.300 [Forwarding getCurrentUrl on session 3db0f4efbfa21c762a538186525fc7f2 to remote] DEBUG org.asynchttpclient.netty.request.NettyRequestSender - Using pooled Channel '[id: 0xc0a5bf8e, L:/127.0.0.1:54414 - R:localhost/127.0.0.1:24931]' for 'GET' to 'http://localhost:24931/session/3db0f4efbfa21c762a538186525fc7f2/url'
22:59:51.300 [Forwarding getCurrentUrl on session 3db0f4efbfa21c762a538186525fc7f2 to remote] DEBUG org.asynchttpclient.netty.request.NettyRequestSender - Using open Channel [id: 0xc0a5bf8e, L:/127.0.0.1:54414 - R:localhost/127.0.0.1:24931] for GET '/session/3db0f4efbfa21c762a538186525fc7f2/url'
22:59:51.312 [AsyncHttpClient-1-5] DEBUG org.asynchttpclient.netty.handler.HttpHandler - 

Request DefaultFullHttpRequest(decodeResult: success, version: HTTP/1.1, content: EmptyByteBufBE)
GET /session/3db0f4efbfa21c762a538186525fc7f2/url HTTP/1.1
User-Agent: selenium/4.8.1 (java windows)
Cache-Control: no-cache
Content-Type: application/json; charset=utf-8
host: localhost:24931
accept: */*

Response DefaultHttpResponse(decodeResult: success, version: HTTP/1.1)
HTTP/1.1 200 OK
Content-Length: 51
Content-Type: application/json; charset=utf-8
cache-control: no-cache

22:59:51.312 [AsyncHttpClient-1-5] DEBUG org.asynchttpclient.netty.channel.ChannelManager - Adding key: http://localhost:24931 for channel [id: 0xc0a5bf8e, L:/127.0.0.1:54414 - R:localhost/127.0.0.1:24931]
22:59:51.313 [Forwarding screenshot on session 3db0f4efbfa21c762a538186525fc7f2 to remote] DEBUG org.asynchttpclient.netty.request.NettyRequestSender - Using pooled Channel '[id: 0xc0a5bf8e, L:/127.0.0.1:54414 - R:localhost/127.0.0.1:24931]' for 'GET' to 'http://localhost:24931/session/3db0f4efbfa21c762a538186525fc7f2/screenshot'
22:59:51.313 [Forwarding screenshot on session 3db0f4efbfa21c762a538186525fc7f2 to remote] DEBUG org.asynchttpclient.netty.request.NettyRequestSender - Using open Channel [id: 0xc0a5bf8e, L:/127.0.0.1:54414 - R:localhost/127.0.0.1:24931] for GET '/session/3db0f4efbfa21c762a538186525fc7f2/screenshot'
22:59:51.537 [AsyncHttpClient-1-5] DEBUG org.asynchttpclient.netty.handler.HttpHandler - 

Request DefaultFullHttpRequest(decodeResult: success, version: HTTP/1.1, content: EmptyByteBufBE)
GET /session/3db0f4efbfa21c762a538186525fc7f2/screenshot HTTP/1.1
User-Agent: selenium/4.8.1 (java windows)
Cache-Control: no-cache
Content-Type: application/json; charset=utf-8
host: localhost:24931
accept: */*

Response DefaultHttpResponse(decodeResult: success, version: HTTP/1.1)
HTTP/1.1 200 OK
Content-Length: 37148
Content-Type: application/json; charset=utf-8
cache-control: no-cache

22:59:51.537 [AsyncHttpClient-1-5] DEBUG org.asynchttpclient.netty.channel.ChannelManager - Adding key: http://localhost:24931 for channel [id: 0xc0a5bf8e, L:/127.0.0.1:54414 - R:localhost/127.0.0.1:24931]
22:59:51.539 [main] DEBUG net.serenitybdd.core.photography.Darkroom - Send negative for processing for target\site\serenity\00e688d767d17863be35845c845d8ed3968536b0b9592ed9edb5673f3e8e28b6.png
22:59:51.540 [Darkroom Processing Line] DEBUG net.serenitybdd.core.photography.DarkroomProcessingLine - Processing screenshot image in /var/screenshots/screenshot-7897314460725672366
22:59:51.540 [Darkroom Processing Line] DEBUG net.serenitybdd.core.photography.DarkroomProcessingLine - Saving screenshot to target\site\serenity\00e688d767d17863be35845c845d8ed3968536b0b9592ed9edb5673f3e8e28b6.png
22:59:51.541 [Forwarding getPageSource on session 3db0f4efbfa21c762a538186525fc7f2 to remote] DEBUG org.asynchttpclient.netty.request.NettyRequestSender - Using pooled Channel '[id: 0xc0a5bf8e, L:/127.0.0.1:54414 - R:localhost/127.0.0.1:24931]' for 'POST' to 'http://localhost:24931/session/3db0f4efbfa21c762a538186525fc7f2/execute/sync'
22:59:51.541 [Forwarding getPageSource on session 3db0f4efbfa21c762a538186525fc7f2 to remote] DEBUG org.asynchttpclient.netty.request.NettyRequestSender - Using open Channel [id: 0xc0a5bf8e, L:/127.0.0.1:54414 - R:localhost/127.0.0.1:24931] for POST '/session/3db0f4efbfa21c762a538186525fc7f2/execute/sync'
22:59:51.549 [AsyncHttpClient-1-5] DEBUG org.asynchttpclient.netty.handler.HttpHandler - 

Request DefaultHttpRequest(decodeResult: success, version: HTTP/1.1)
POST /session/3db0f4efbfa21c762a538186525fc7f2/execute/sync HTTP/1.1
User-Agent: selenium/4.8.1 (java windows)
Content-Length: 176
Content-Type: application/json; charset=utf-8
host: localhost:24931
accept: */*

Response DefaultHttpResponse(decodeResult: success, version: HTTP/1.1)
HTTP/1.1 200 OK
Content-Length: 21780
Content-Type: application/json; charset=utf-8
cache-control: no-cache

22:59:51.549 [AsyncHttpClient-1-5] DEBUG org.asynchttpclient.netty.channel.ChannelManager - Adding key: http://localhost:24931 for channel [id: 0xc0a5bf8e, L:/127.0.0.1:54414 - R:localhost/127.0.0.1:24931]
22:59:51.552 [Forwarding getCurrentUrl on session 3db0f4efbfa21c762a538186525fc7f2 to remote] DEBUG org.asynchttpclient.netty.request.NettyRequestSender - Using pooled Channel '[id: 0xc0a5bf8e, L:/127.0.0.1:54414 - R:localhost/127.0.0.1:24931]' for 'GET' to 'http://localhost:24931/session/3db0f4efbfa21c762a538186525fc7f2/url'
22:59:51.552 [Forwarding getCurrentUrl on session 3db0f4efbfa21c762a538186525fc7f2 to remote] DEBUG org.asynchttpclient.netty.request.NettyRequestSender - Using open Channel [id: 0xc0a5bf8e, L:/127.0.0.1:54414 - R:localhost/127.0.0.1:24931] for GET '/session/3db0f4efbfa21c762a538186525fc7f2/url'
22:59:51.557 [AsyncHttpClient-1-5] DEBUG org.asynchttpclient.netty.handler.HttpHandler - 

Request DefaultFullHttpRequest(decodeResult: success, version: HTTP/1.1, content: EmptyByteBufBE)
GET /session/3db0f4efbfa21c762a538186525fc7f2/url HTTP/1.1
User-Agent: selenium/4.8.1 (java windows)
Cache-Control: no-cache
Content-Type: application/json; charset=utf-8
host: localhost:24931
accept: */*

Response DefaultHttpResponse(decodeResult: success, version: HTTP/1.1)
HTTP/1.1 200 OK
Content-Length: 51
Content-Type: application/json; charset=utf-8
cache-control: no-cache

22:59:51.557 [AsyncHttpClient-1-5] DEBUG org.asynchttpclient.netty.channel.ChannelManager - Adding key: http://localhost:24931 for channel [id: 0xc0a5bf8e, L:/127.0.0.1:54414 - R:localhost/127.0.0.1:24931]
22:59:51.558 [main] DEBUG net.thucydides.core.steps.StepInterceptor - STARTING STEP: LoginSteps.enterValidPasswordLogin - inputPasswordLogin
22:59:51.560 [Forwarding findElement on session 3db0f4efbfa21c762a538186525fc7f2 to remote] DEBUG org.asynchttpclient.netty.request.NettyRequestSender - Using pooled Channel '[id: 0xc0a5bf8e, L:/127.0.0.1:54414 - R:localhost/127.0.0.1:24931]' for 'POST' to 'http://localhost:24931/session/3db0f4efbfa21c762a538186525fc7f2/element'
22:59:51.560 [Forwarding findElement on session 3db0f4efbfa21c762a538186525fc7f2 to remote] DEBUG org.asynchttpclient.netty.request.NettyRequestSender - Using open Channel [id: 0xc0a5bf8e, L:/127.0.0.1:54414 - R:localhost/127.0.0.1:24931] for POST '/session/3db0f4efbfa21c762a538186525fc7f2/element'
22:59:51.573 [AsyncHttpClient-1-5] DEBUG org.asynchttpclient.netty.handler.HttpHandler - 

Request DefaultHttpRequest(decodeResult: success, version: HTTP/1.1)
POST /session/3db0f4efbfa21c762a538186525fc7f2/element HTTP/1.1
User-Agent: selenium/4.8.1 (java windows)
Content-Length: 55
Content-Type: application/json; charset=utf-8
host: localhost:24931
accept: */*

Response DefaultHttpResponse(decodeResult: success, version: HTTP/1.1)
HTTP/1.1 200 OK
Content-Length: 94
Content-Type: application/json; charset=utf-8
cache-control: no-cache

22:59:51.573 [AsyncHttpClient-1-5] DEBUG org.asynchttpclient.netty.channel.ChannelManager - Adding key: http://localhost:24931 for channel [id: 0xc0a5bf8e, L:/127.0.0.1:54414 - R:localhost/127.0.0.1:24931]
22:59:51.574 [Forwarding clearElement on session 3db0f4efbfa21c762a538186525fc7f2 to remote] DEBUG org.asynchttpclient.netty.request.NettyRequestSender - Using pooled Channel '[id: 0xc0a5bf8e, L:/127.0.0.1:54414 - R:localhost/127.0.0.1:24931]' for 'POST' to 'http://localhost:24931/session/3db0f4efbfa21c762a538186525fc7f2/element/4A53959047AD4B5D90F51868A43CA36B_element_7/clear'
22:59:51.574 [Forwarding clearElement on session 3db0f4efbfa21c762a538186525fc7f2 to remote] DEBUG org.asynchttpclient.netty.request.NettyRequestSender - Using open Channel [id: 0xc0a5bf8e, L:/127.0.0.1:54414 - R:localhost/127.0.0.1:24931] for POST '/session/3db0f4efbfa21c762a538186525fc7f2/element/4A53959047AD4B5D90F51868A43CA36B_element_7/clear'
22:59:51.598 [AsyncHttpClient-1-1] DEBUG org.asynchttpclient.netty.channel.DefaultChannelPool - Entry count for : http://localhost:54415 : 1
22:59:51.603 [AsyncHttpClient-1-5] DEBUG org.asynchttpclient.netty.handler.HttpHandler - 

Request DefaultHttpRequest(decodeResult: success, version: HTTP/1.1)
POST /session/3db0f4efbfa21c762a538186525fc7f2/element/4A53959047AD4B5D90F51868A43CA36B_element_7/clear HTTP/1.1
User-Agent: selenium/4.8.1 (java windows)
Content-Length: 56
Content-Type: application/json; charset=utf-8
host: localhost:24931
accept: */*

Response DefaultHttpResponse(decodeResult: success, version: HTTP/1.1)
HTTP/1.1 200 OK
Content-Length: 14
Content-Type: application/json; charset=utf-8
cache-control: no-cache

22:59:51.603 [AsyncHttpClient-1-5] DEBUG org.asynchttpclient.netty.channel.ChannelManager - Adding key: http://localhost:24931 for channel [id: 0xc0a5bf8e, L:/127.0.0.1:54414 - R:localhost/127.0.0.1:24931]
22:59:51.604 [Forwarding sendKeysToElement on session 3db0f4efbfa21c762a538186525fc7f2 to remote] DEBUG org.asynchttpclient.netty.request.NettyRequestSender - Using pooled Channel '[id: 0xc0a5bf8e, L:/127.0.0.1:54414 - R:localhost/127.0.0.1:24931]' for 'POST' to 'http://localhost:24931/session/3db0f4efbfa21c762a538186525fc7f2/element/4A53959047AD4B5D90F51868A43CA36B_element_7/value'
22:59:51.604 [Forwarding sendKeysToElement on session 3db0f4efbfa21c762a538186525fc7f2 to remote] DEBUG org.asynchttpclient.netty.request.NettyRequestSender - Using open Channel [id: 0xc0a5bf8e, L:/127.0.0.1:54414 - R:localhost/127.0.0.1:24931] for POST '/session/3db0f4efbfa21c762a538186525fc7f2/element/4A53959047AD4B5D90F51868A43CA36B_element_7/value'
22:59:51.700 [AsyncHttpClient-1-5] DEBUG org.asynchttpclient.netty.handler.HttpHandler - 

Request DefaultHttpRequest(decodeResult: success, version: HTTP/1.1)
POST /session/3db0f4efbfa21c762a538186525fc7f2/element/4A53959047AD4B5D90F51868A43CA36B_element_7/value HTTP/1.1
User-Agent: selenium/4.8.1 (java windows)
Content-Length: 147
Content-Type: application/json; charset=utf-8
host: localhost:24931
accept: */*

Response DefaultHttpResponse(decodeResult: success, version: HTTP/1.1)
HTTP/1.1 200 OK
Content-Length: 14
Content-Type: application/json; charset=utf-8
cache-control: no-cache

22:59:51.700 [AsyncHttpClient-1-5] DEBUG org.asynchttpclient.netty.channel.ChannelManager - Adding key: http://localhost:24931 for channel [id: 0xc0a5bf8e, L:/127.0.0.1:54414 - R:localhost/127.0.0.1:24931]
22:59:51.706 [Forwarding getAlertText on session 3db0f4efbfa21c762a538186525fc7f2 to remote] DEBUG org.asynchttpclient.netty.request.NettyRequestSender - Using pooled Channel '[id: 0xc0a5bf8e, L:/127.0.0.1:54414 - R:localhost/127.0.0.1:24931]' for 'GET' to 'http://localhost:24931/session/3db0f4efbfa21c762a538186525fc7f2/alert/text'
22:59:51.706 [Forwarding getAlertText on session 3db0f4efbfa21c762a538186525fc7f2 to remote] DEBUG org.asynchttpclient.netty.request.NettyRequestSender - Using open Channel [id: 0xc0a5bf8e, L:/127.0.0.1:54414 - R:localhost/127.0.0.1:24931] for GET '/session/3db0f4efbfa21c762a538186525fc7f2/alert/text'
22:59:51.708 [AsyncHttpClient-1-5] DEBUG org.asynchttpclient.netty.handler.HttpHandler - 

Request DefaultFullHttpRequest(decodeResult: success, version: HTTP/1.1, content: EmptyByteBufBE)
GET /session/3db0f4efbfa21c762a538186525fc7f2/alert/text HTTP/1.1
User-Agent: selenium/4.8.1 (java windows)
Cache-Control: no-cache
Content-Type: application/json; charset=utf-8
host: localhost:24931
accept: */*

Response DefaultHttpResponse(decodeResult: success, version: HTTP/1.1)
HTTP/1.1 404 Not Found
Content-Length: 820
Content-Type: application/json; charset=utf-8
cache-control: no-cache

22:59:51.708 [AsyncHttpClient-1-5] DEBUG org.asynchttpclient.netty.channel.ChannelManager - Adding key: http://localhost:24931 for channel [id: 0xc0a5bf8e, L:/127.0.0.1:54414 - R:localhost/127.0.0.1:24931]
22:59:51.709 [Forwarding getCurrentUrl on session 3db0f4efbfa21c762a538186525fc7f2 to remote] DEBUG org.asynchttpclient.netty.request.NettyRequestSender - Using pooled Channel '[id: 0xc0a5bf8e, L:/127.0.0.1:54414 - R:localhost/127.0.0.1:24931]' for 'GET' to 'http://localhost:24931/session/3db0f4efbfa21c762a538186525fc7f2/url'
22:59:51.709 [Forwarding getCurrentUrl on session 3db0f4efbfa21c762a538186525fc7f2 to remote] DEBUG org.asynchttpclient.netty.request.NettyRequestSender - Using open Channel [id: 0xc0a5bf8e, L:/127.0.0.1:54414 - R:localhost/127.0.0.1:24931] for GET '/session/3db0f4efbfa21c762a538186525fc7f2/url'
22:59:51.717 [AsyncHttpClient-1-5] DEBUG org.asynchttpclient.netty.handler.HttpHandler - 

Request DefaultFullHttpRequest(decodeResult: success, version: HTTP/1.1, content: EmptyByteBufBE)
GET /session/3db0f4efbfa21c762a538186525fc7f2/url HTTP/1.1
User-Agent: selenium/4.8.1 (java windows)
Cache-Control: no-cache
Content-Type: application/json; charset=utf-8
host: localhost:24931
accept: */*

Response DefaultHttpResponse(decodeResult: success, version: HTTP/1.1)
HTTP/1.1 200 OK
Content-Length: 51
Content-Type: application/json; charset=utf-8
cache-control: no-cache

22:59:51.717 [AsyncHttpClient-1-5] DEBUG org.asynchttpclient.netty.channel.ChannelManager - Adding key: http://localhost:24931 for channel [id: 0xc0a5bf8e, L:/127.0.0.1:54414 - R:localhost/127.0.0.1:24931]
22:59:51.718 [Forwarding screenshot on session 3db0f4efbfa21c762a538186525fc7f2 to remote] DEBUG org.asynchttpclient.netty.request.NettyRequestSender - Using pooled Channel '[id: 0xc0a5bf8e, L:/127.0.0.1:54414 - R:localhost/127.0.0.1:24931]' for 'GET' to 'http://localhost:24931/session/3db0f4efbfa21c762a538186525fc7f2/screenshot'
22:59:51.718 [Forwarding screenshot on session 3db0f4efbfa21c762a538186525fc7f2 to remote] DEBUG org.asynchttpclient.netty.request.NettyRequestSender - Using open Channel [id: 0xc0a5bf8e, L:/127.0.0.1:54414 - R:localhost/127.0.0.1:24931] for GET '/session/3db0f4efbfa21c762a538186525fc7f2/screenshot'
22:59:51.963 [AsyncHttpClient-1-5] DEBUG org.asynchttpclient.netty.handler.HttpHandler - 

Request DefaultFullHttpRequest(decodeResult: success, version: HTTP/1.1, content: EmptyByteBufBE)
GET /session/3db0f4efbfa21c762a538186525fc7f2/screenshot HTTP/1.1
User-Agent: selenium/4.8.1 (java windows)
Cache-Control: no-cache
Content-Type: application/json; charset=utf-8
host: localhost:24931
accept: */*

Response DefaultHttpResponse(decodeResult: success, version: HTTP/1.1)
HTTP/1.1 200 OK
Content-Length: 39156
Content-Type: application/json; charset=utf-8
cache-control: no-cache

22:59:51.964 [AsyncHttpClient-1-5] DEBUG org.asynchttpclient.netty.channel.ChannelManager - Adding key: http://localhost:24931 for channel [id: 0xc0a5bf8e, L:/127.0.0.1:54414 - R:localhost/127.0.0.1:24931]
22:59:51.968 [main] DEBUG net.serenitybdd.core.photography.Darkroom - Send negative for processing for target\site\serenity\08b3ce50aecef26413aae5f3635dec6a5c2d84414c071dd28ebc4358b5105c07.png
22:59:51.969 [main] DEBUG net.thucydides.core.steps.StepInterceptor - STEP DONE: inputPasswordLogin
22:59:51.969 [Darkroom Processing Line] DEBUG net.serenitybdd.core.photography.DarkroomProcessingLine - Processing screenshot image in /var/screenshots/screenshot-8479262317156045351
22:59:51.969 [Darkroom Processing Line] DEBUG net.serenitybdd.core.photography.DarkroomProcessingLine - Saving screenshot to target\site\serenity\08b3ce50aecef26413aae5f3635dec6a5c2d84414c071dd28ebc4358b5105c07.png
  &amp#27;[32mAnd &amp#27;[0m&amp#27;[32mI enter valid password login&amp#27;[0m         &amp#27;[90m# starter.stepdefinitions.LoginSteps.enterValidPasswordLogin()&amp#27;[0m
22:59:51.989 [Forwarding getPageSource on session 3db0f4efbfa21c762a538186525fc7f2 to remote] DEBUG org.asynchttpclient.netty.request.NettyRequestSender - Using pooled Channel '[id: 0xc0a5bf8e, L:/127.0.0.1:54414 - R:localhost/127.0.0.1:24931]' for 'POST' to 'http://localhost:24931/session/3db0f4efbfa21c762a538186525fc7f2/execute/sync'
22:59:51.989 [Forwarding getPageSource on session 3db0f4efbfa21c762a538186525fc7f2 to remote] DEBUG org.asynchttpclient.netty.request.NettyRequestSender - Using open Channel [id: 0xc0a5bf8e, L:/127.0.0.1:54414 - R:localhost/127.0.0.1:24931] for POST '/session/3db0f4efbfa21c762a538186525fc7f2/execute/sync'
22:59:52.008 [AsyncHttpClient-1-5] DEBUG org.asynchttpclient.netty.handler.HttpHandler - 

Request DefaultHttpRequest(decodeResult: success, version: HTTP/1.1)
POST /session/3db0f4efbfa21c762a538186525fc7f2/execute/sync HTTP/1.1
User-Agent: selenium/4.8.1 (java windows)
Content-Length: 176
Content-Type: application/json; charset=utf-8
host: localhost:24931
accept: */*

Response DefaultHttpResponse(decodeResult: success, version: HTTP/1.1)
HTTP/1.1 200 OK
Content-Length: 21839
Content-Type: application/json; charset=utf-8
cache-control: no-cache

22:59:52.008 [AsyncHttpClient-1-5] DEBUG org.asynchttpclient.netty.channel.ChannelManager - Adding key: http://localhost:24931 for channel [id: 0xc0a5bf8e, L:/127.0.0.1:54414 - R:localhost/127.0.0.1:24931]
22:59:52.014 [Forwarding getCurrentUrl on session 3db0f4efbfa21c762a538186525fc7f2 to remote] DEBUG org.asynchttpclient.netty.request.NettyRequestSender - Using pooled Channel '[id: 0xc0a5bf8e, L:/127.0.0.1:54414 - R:localhost/127.0.0.1:24931]' for 'GET' to 'http://localhost:24931/session/3db0f4efbfa21c762a538186525fc7f2/url'
22:59:52.014 [Forwarding getCurrentUrl on session 3db0f4efbfa21c762a538186525fc7f2 to remote] DEBUG org.asynchttpclient.netty.request.NettyRequestSender - Using open Channel [id: 0xc0a5bf8e, L:/127.0.0.1:54414 - R:localhost/127.0.0.1:24931] for GET '/session/3db0f4efbfa21c762a538186525fc7f2/url'
22:59:52.028 [AsyncHttpClient-1-5] DEBUG org.asynchttpclient.netty.handler.HttpHandler - 

Request DefaultFullHttpRequest(decodeResult: success, version: HTTP/1.1, content: EmptyByteBufBE)
GET /session/3db0f4efbfa21c762a538186525fc7f2/url HTTP/1.1
User-Agent: selenium/4.8.1 (java windows)
Cache-Control: no-cache
Content-Type: application/json; charset=utf-8
host: localhost:24931
accept: */*

Response DefaultHttpResponse(decodeResult: success, version: HTTP/1.1)
HTTP/1.1 200 OK
Content-Length: 51
Content-Type: application/json; charset=utf-8
cache-control: no-cache

22:59:52.028 [AsyncHttpClient-1-5] DEBUG org.asynchttpclient.netty.channel.ChannelManager - Adding key: http://localhost:24931 for channel [id: 0xc0a5bf8e, L:/127.0.0.1:54414 - R:localhost/127.0.0.1:24931]
22:59:52.044 [Forwarding getAlertText on session 3db0f4efbfa21c762a538186525fc7f2 to remote] DEBUG org.asynchttpclient.netty.request.NettyRequestSender - Using pooled Channel '[id: 0xc0a5bf8e, L:/127.0.0.1:54414 - R:localhost/127.0.0.1:24931]' for 'GET' to 'http://localhost:24931/session/3db0f4efbfa21c762a538186525fc7f2/alert/text'
22:59:52.044 [Forwarding getAlertText on session 3db0f4efbfa21c762a538186525fc7f2 to remote] DEBUG org.asynchttpclient.netty.request.NettyRequestSender - Using open Channel [id: 0xc0a5bf8e, L:/127.0.0.1:54414 - R:localhost/127.0.0.1:24931] for GET '/session/3db0f4efbfa21c762a538186525fc7f2/alert/text'
22:59:52.048 [AsyncHttpClient-1-5] DEBUG org.asynchttpclient.netty.handler.HttpHandler - 

Request DefaultFullHttpRequest(decodeResult: success, version: HTTP/1.1, content: EmptyByteBufBE)
GET /session/3db0f4efbfa21c762a538186525fc7f2/alert/text HTTP/1.1
User-Agent: selenium/4.8.1 (java windows)
Cache-Control: no-cache
Content-Type: application/json; charset=utf-8
host: localhost:24931
accept: */*

Response DefaultHttpResponse(decodeResult: success, version: HTTP/1.1)
HTTP/1.1 404 Not Found
Content-Length: 820
Content-Type: application/json; charset=utf-8
cache-control: no-cache

22:59:52.049 [AsyncHttpClient-1-5] DEBUG org.asynchttpclient.netty.channel.ChannelManager - Adding key: http://localhost:24931 for channel [id: 0xc0a5bf8e, L:/127.0.0.1:54414 - R:localhost/127.0.0.1:24931]
22:59:52.050 [Forwarding getCurrentUrl on session 3db0f4efbfa21c762a538186525fc7f2 to remote] DEBUG org.asynchttpclient.netty.request.NettyRequestSender - Using pooled Channel '[id: 0xc0a5bf8e, L:/127.0.0.1:54414 - R:localhost/127.0.0.1:24931]' for 'GET' to 'http://localhost:24931/session/3db0f4efbfa21c762a538186525fc7f2/url'
22:59:52.050 [Forwarding getCurrentUrl on session 3db0f4efbfa21c762a538186525fc7f2 to remote] DEBUG org.asynchttpclient.netty.request.NettyRequestSender - Using open Channel [id: 0xc0a5bf8e, L:/127.0.0.1:54414 - R:localhost/127.0.0.1:24931] for GET '/session/3db0f4efbfa21c762a538186525fc7f2/url'
22:59:52.064 [AsyncHttpClient-1-5] DEBUG org.asynchttpclient.netty.handler.HttpHandler - 

Request DefaultFullHttpRequest(decodeResult: success, version: HTTP/1.1, content: EmptyByteBufBE)
GET /session/3db0f4efbfa21c762a538186525fc7f2/url HTTP/1.1
User-Agent: selenium/4.8.1 (java windows)
Cache-Control: no-cache
Content-Type: application/json; charset=utf-8
host: localhost:24931
accept: */*

Response DefaultHttpResponse(decodeResult: success, version: HTTP/1.1)
HTTP/1.1 200 OK
Content-Length: 51
Content-Type: application/json; charset=utf-8
cache-control: no-cache

22:59:52.064 [AsyncHttpClient-1-5] DEBUG org.asynchttpclient.netty.channel.ChannelManager - Adding key: http://localhost:24931 for channel [id: 0xc0a5bf8e, L:/127.0.0.1:54414 - R:localhost/127.0.0.1:24931]
22:59:52.065 [Forwarding screenshot on session 3db0f4efbfa21c762a538186525fc7f2 to remote] DEBUG org.asynchttpclient.netty.request.NettyRequestSender - Using pooled Channel '[id: 0xc0a5bf8e, L:/127.0.0.1:54414 - R:localhost/127.0.0.1:24931]' for 'GET' to 'http://localhost:24931/session/3db0f4efbfa21c762a538186525fc7f2/screenshot'
22:59:52.065 [Forwarding screenshot on session 3db0f4efbfa21c762a538186525fc7f2 to remote] DEBUG org.asynchttpclient.netty.request.NettyRequestSender - Using open Channel [id: 0xc0a5bf8e, L:/127.0.0.1:54414 - R:localhost/127.0.0.1:24931] for GET '/session/3db0f4efbfa21c762a538186525fc7f2/screenshot'
22:59:52.321 [AsyncHttpClient-1-5] DEBUG org.asynchttpclient.netty.handler.HttpHandler - 

Request DefaultFullHttpRequest(decodeResult: success, version: HTTP/1.1, content: EmptyByteBufBE)
GET /session/3db0f4efbfa21c762a538186525fc7f2/screenshot HTTP/1.1
User-Agent: selenium/4.8.1 (java windows)
Cache-Control: no-cache
Content-Type: application/json; charset=utf-8
host: localhost:24931
accept: */*

Response DefaultHttpResponse(decodeResult: success, version: HTTP/1.1)
HTTP/1.1 200 OK
Content-Length: 37948
Content-Type: application/json; charset=utf-8
cache-control: no-cache

22:59:52.321 [AsyncHttpClient-1-5] DEBUG org.asynchttpclient.netty.channel.ChannelManager - Adding key: http://localhost:24931 for channel [id: 0xc0a5bf8e, L:/127.0.0.1:54414 - R:localhost/127.0.0.1:24931]
22:59:52.323 [main] DEBUG net.serenitybdd.core.photography.Darkroom - Send negative for processing for target\site\serenity\4bfe229daa5f29d697e8d38d23ca4c4f1eab0f71c20a5fd442b22350a2cacec4.png
22:59:52.323 [Darkroom Processing Line] DEBUG net.serenitybdd.core.photography.DarkroomProcessingLine - Processing screenshot image in /var/screenshots/screenshot-8680557166617490114
22:59:52.323 [Darkroom Processing Line] DEBUG net.serenitybdd.core.photography.DarkroomProcessingLine - Saving screenshot to target\site\serenity\4bfe229daa5f29d697e8d38d23ca4c4f1eab0f71c20a5fd442b22350a2cacec4.png
22:59:52.324 [Forwarding getPageSource on session 3db0f4efbfa21c762a538186525fc7f2 to remote] DEBUG org.asynchttpclient.netty.request.NettyRequestSender - Using pooled Channel '[id: 0xc0a5bf8e, L:/127.0.0.1:54414 - R:localhost/127.0.0.1:24931]' for 'POST' to 'http://localhost:24931/session/3db0f4efbfa21c762a538186525fc7f2/execute/sync'
22:59:52.324 [Forwarding getPageSource on session 3db0f4efbfa21c762a538186525fc7f2 to remote] DEBUG org.asynchttpclient.netty.request.NettyRequestSender - Using open Channel [id: 0xc0a5bf8e, L:/127.0.0.1:54414 - R:localhost/127.0.0.1:24931] for POST '/session/3db0f4efbfa21c762a538186525fc7f2/execute/sync'
22:59:52.329 [AsyncHttpClient-1-5] DEBUG org.asynchttpclient.netty.handler.HttpHandler - 

Request DefaultHttpRequest(decodeResult: success, version: HTTP/1.1)
POST /session/3db0f4efbfa21c762a538186525fc7f2/execute/sync HTTP/1.1
User-Agent: selenium/4.8.1 (java windows)
Content-Length: 176
Content-Type: application/json; charset=utf-8
host: localhost:24931
accept: */*

Response DefaultHttpResponse(decodeResult: success, version: HTTP/1.1)
HTTP/1.1 200 OK
Content-Length: 21839
Content-Type: application/json; charset=utf-8
cache-control: no-cache

22:59:52.329 [AsyncHttpClient-1-5] DEBUG org.asynchttpclient.netty.channel.ChannelManager - Adding key: http://localhost:24931 for channel [id: 0xc0a5bf8e, L:/127.0.0.1:54414 - R:localhost/127.0.0.1:24931]
22:59:52.331 [Forwarding getCurrentUrl on session 3db0f4efbfa21c762a538186525fc7f2 to remote] DEBUG org.asynchttpclient.netty.request.NettyRequestSender - Using pooled Channel '[id: 0xc0a5bf8e, L:/127.0.0.1:54414 - R:localhost/127.0.0.1:24931]' for 'GET' to 'http://localhost:24931/session/3db0f4efbfa21c762a538186525fc7f2/url'
22:59:52.331 [Forwarding getCurrentUrl on session 3db0f4efbfa21c762a538186525fc7f2 to remote] DEBUG org.asynchttpclient.netty.request.NettyRequestSender - Using open Channel [id: 0xc0a5bf8e, L:/127.0.0.1:54414 - R:localhost/127.0.0.1:24931] for GET '/session/3db0f4efbfa21c762a538186525fc7f2/url'
22:59:52.335 [AsyncHttpClient-1-5] DEBUG org.asynchttpclient.netty.handler.HttpHandler - 

Request DefaultFullHttpRequest(decodeResult: success, version: HTTP/1.1, content: EmptyByteBufBE)
GET /session/3db0f4efbfa21c762a538186525fc7f2/url HTTP/1.1
User-Agent: selenium/4.8.1 (java windows)
Cache-Control: no-cache
Content-Type: application/json; charset=utf-8
host: localhost:24931
accept: */*

Response DefaultHttpResponse(decodeResult: success, version: HTTP/1.1)
HTTP/1.1 200 OK
Content-Length: 51
Content-Type: application/json; charset=utf-8
cache-control: no-cache

22:59:52.335 [AsyncHttpClient-1-5] DEBUG org.asynchttpclient.netty.channel.ChannelManager - Adding key: http://localhost:24931 for channel [id: 0xc0a5bf8e, L:/127.0.0.1:54414 - R:localhost/127.0.0.1:24931]
22:59:52.337 [main] DEBUG net.thucydides.core.steps.StepInterceptor - STARTING STEP: LoginSteps.clickLoginButton - clickLogButton
22:59:52.340 [Forwarding findElement on session 3db0f4efbfa21c762a538186525fc7f2 to remote] DEBUG org.asynchttpclient.netty.request.NettyRequestSender - Using pooled Channel '[id: 0xc0a5bf8e, L:/127.0.0.1:54414 - R:localhost/127.0.0.1:24931]' for 'POST' to 'http://localhost:24931/session/3db0f4efbfa21c762a538186525fc7f2/element'
22:59:52.340 [Forwarding findElement on session 3db0f4efbfa21c762a538186525fc7f2 to remote] DEBUG org.asynchttpclient.netty.request.NettyRequestSender - Using open Channel [id: 0xc0a5bf8e, L:/127.0.0.1:54414 - R:localhost/127.0.0.1:24931] for POST '/session/3db0f4efbfa21c762a538186525fc7f2/element'
22:59:52.354 [AsyncHttpClient-1-5] DEBUG org.asynchttpclient.netty.handler.HttpHandler - 

Request DefaultHttpRequest(decodeResult: success, version: HTTP/1.1)
POST /session/3db0f4efbfa21c762a538186525fc7f2/element HTTP/1.1
User-Agent: selenium/4.8.1 (java windows)
Content-Length: 142
Content-Type: application/json; charset=utf-8
host: localhost:24931
accept: */*

Response DefaultHttpResponse(decodeResult: success, version: HTTP/1.1)
HTTP/1.1 200 OK
Content-Length: 94
Content-Type: application/json; charset=utf-8
cache-control: no-cache

22:59:52.355 [AsyncHttpClient-1-5] DEBUG org.asynchttpclient.netty.channel.ChannelManager - Adding key: http://localhost:24931 for channel [id: 0xc0a5bf8e, L:/127.0.0.1:54414 - R:localhost/127.0.0.1:24931]
22:59:52.355 [Forwarding getElementTagName on session 3db0f4efbfa21c762a538186525fc7f2 to remote] DEBUG org.asynchttpclient.netty.request.NettyRequestSender - Using pooled Channel '[id: 0xc0a5bf8e, L:/127.0.0.1:54414 - R:localhost/127.0.0.1:24931]' for 'GET' to 'http://localhost:24931/session/3db0f4efbfa21c762a538186525fc7f2/element/4A53959047AD4B5D90F51868A43CA36B_element_8/name'
22:59:52.355 [Forwarding getElementTagName on session 3db0f4efbfa21c762a538186525fc7f2 to remote] DEBUG org.asynchttpclient.netty.request.NettyRequestSender - Using open Channel [id: 0xc0a5bf8e, L:/127.0.0.1:54414 - R:localhost/127.0.0.1:24931] for GET '/session/3db0f4efbfa21c762a538186525fc7f2/element/4A53959047AD4B5D90F51868A43CA36B_element_8/name'
22:59:52.364 [AsyncHttpClient-1-5] DEBUG org.asynchttpclient.netty.handler.HttpHandler - 

Request DefaultFullHttpRequest(decodeResult: success, version: HTTP/1.1, content: EmptyByteBufBE)
GET /session/3db0f4efbfa21c762a538186525fc7f2/element/4A53959047AD4B5D90F51868A43CA36B_element_8/name HTTP/1.1
User-Agent: selenium/4.8.1 (java windows)
Cache-Control: no-cache
Content-Type: application/json; charset=utf-8
host: localhost:24931
accept: */*

Response DefaultHttpResponse(decodeResult: success, version: HTTP/1.1)
HTTP/1.1 200 OK
Content-Length: 18
Content-Type: application/json; charset=utf-8
cache-control: no-cache

22:59:52.364 [AsyncHttpClient-1-5] DEBUG org.asynchttpclient.netty.channel.ChannelManager - Adding key: http://localhost:24931 for channel [id: 0xc0a5bf8e, L:/127.0.0.1:54414 - R:localhost/127.0.0.1:24931]
22:59:52.364 [Forwarding getElementTagName on session 3db0f4efbfa21c762a538186525fc7f2 to remote] DEBUG org.asynchttpclient.netty.request.NettyRequestSender - Using pooled Channel '[id: 0xc0a5bf8e, L:/127.0.0.1:54414 - R:localhost/127.0.0.1:24931]' for 'GET' to 'http://localhost:24931/session/3db0f4efbfa21c762a538186525fc7f2/element/4A53959047AD4B5D90F51868A43CA36B_element_8/name'
22:59:52.364 [Forwarding getElementTagName on session 3db0f4efbfa21c762a538186525fc7f2 to remote] DEBUG org.asynchttpclient.netty.request.NettyRequestSender - Using open Channel [id: 0xc0a5bf8e, L:/127.0.0.1:54414 - R:localhost/127.0.0.1:24931] for GET '/session/3db0f4efbfa21c762a538186525fc7f2/element/4A53959047AD4B5D90F51868A43CA36B_element_8/name'
22:59:52.372 [AsyncHttpClient-1-5] DEBUG org.asynchttpclient.netty.handler.HttpHandler - 

Request DefaultFullHttpRequest(decodeResult: success, version: HTTP/1.1, content: EmptyByteBufBE)
GET /session/3db0f4efbfa21c762a538186525fc7f2/element/4A53959047AD4B5D90F51868A43CA36B_element_8/name HTTP/1.1
User-Agent: selenium/4.8.1 (java windows)
Cache-Control: no-cache
Content-Type: application/json; charset=utf-8
host: localhost:24931
accept: */*

Response DefaultHttpResponse(decodeResult: success, version: HTTP/1.1)
HTTP/1.1 200 OK
Content-Length: 18
Content-Type: application/json; charset=utf-8
cache-control: no-cache

22:59:52.372 [AsyncHttpClient-1-5] DEBUG org.asynchttpclient.netty.channel.ChannelManager - Adding key: http://localhost:24931 for channel [id: 0xc0a5bf8e, L:/127.0.0.1:54414 - R:localhost/127.0.0.1:24931]
22:59:52.374 [Forwarding isElementEnabled on session 3db0f4efbfa21c762a538186525fc7f2 to remote] DEBUG org.asynchttpclient.netty.request.NettyRequestSender - Using pooled Channel '[id: 0xc0a5bf8e, L:/127.0.0.1:54414 - R:localhost/127.0.0.1:24931]' for 'GET' to 'http://localhost:24931/session/3db0f4efbfa21c762a538186525fc7f2/element/4A53959047AD4B5D90F51868A43CA36B_element_8/enabled'
22:59:52.374 [Forwarding isElementEnabled on session 3db0f4efbfa21c762a538186525fc7f2 to remote] DEBUG org.asynchttpclient.netty.request.NettyRequestSender - Using open Channel [id: 0xc0a5bf8e, L:/127.0.0.1:54414 - R:localhost/127.0.0.1:24931] for GET '/session/3db0f4efbfa21c762a538186525fc7f2/element/4A53959047AD4B5D90F51868A43CA36B_element_8/enabled'
22:59:52.384 [AsyncHttpClient-1-5] DEBUG org.asynchttpclient.netty.handler.HttpHandler - 

Request DefaultFullHttpRequest(decodeResult: success, version: HTTP/1.1, content: EmptyByteBufBE)
GET /session/3db0f4efbfa21c762a538186525fc7f2/element/4A53959047AD4B5D90F51868A43CA36B_element_8/enabled HTTP/1.1
User-Agent: selenium/4.8.1 (java windows)
Cache-Control: no-cache
Content-Type: application/json; charset=utf-8
host: localhost:24931
accept: */*

Response DefaultHttpResponse(decodeResult: success, version: HTTP/1.1)
HTTP/1.1 200 OK
Content-Length: 14
Content-Type: application/json; charset=utf-8
cache-control: no-cache

22:59:52.384 [AsyncHttpClient-1-5] DEBUG org.asynchttpclient.netty.channel.ChannelManager - Adding key: http://localhost:24931 for channel [id: 0xc0a5bf8e, L:/127.0.0.1:54414 - R:localhost/127.0.0.1:24931]
22:59:52.384 [Forwarding isElementEnabled on session 3db0f4efbfa21c762a538186525fc7f2 to remote] DEBUG org.asynchttpclient.netty.request.NettyRequestSender - Using pooled Channel '[id: 0xc0a5bf8e, L:/127.0.0.1:54414 - R:localhost/127.0.0.1:24931]' for 'GET' to 'http://localhost:24931/session/3db0f4efbfa21c762a538186525fc7f2/element/4A53959047AD4B5D90F51868A43CA36B_element_8/enabled'
22:59:52.384 [Forwarding isElementEnabled on session 3db0f4efbfa21c762a538186525fc7f2 to remote] DEBUG org.asynchttpclient.netty.request.NettyRequestSender - Using open Channel [id: 0xc0a5bf8e, L:/127.0.0.1:54414 - R:localhost/127.0.0.1:24931] for GET '/session/3db0f4efbfa21c762a538186525fc7f2/element/4A53959047AD4B5D90F51868A43CA36B_element_8/enabled'
22:59:52.394 [AsyncHttpClient-1-5] DEBUG org.asynchttpclient.netty.handler.HttpHandler - 

Request DefaultFullHttpRequest(decodeResult: success, version: HTTP/1.1, content: EmptyByteBufBE)
GET /session/3db0f4efbfa21c762a538186525fc7f2/element/4A53959047AD4B5D90F51868A43CA36B_element_8/enabled HTTP/1.1
User-Agent: selenium/4.8.1 (java windows)
Cache-Control: no-cache
Content-Type: application/json; charset=utf-8
host: localhost:24931
accept: */*

Response DefaultHttpResponse(decodeResult: success, version: HTTP/1.1)
HTTP/1.1 200 OK
Content-Length: 14
Content-Type: application/json; charset=utf-8
cache-control: no-cache

22:59:52.394 [AsyncHttpClient-1-5] DEBUG org.asynchttpclient.netty.channel.ChannelManager - Adding key: http://localhost:24931 for channel [id: 0xc0a5bf8e, L:/127.0.0.1:54414 - R:localhost/127.0.0.1:24931]
22:59:52.395 [Forwarding findElement on session 3db0f4efbfa21c762a538186525fc7f2 to remote] DEBUG org.asynchttpclient.netty.request.NettyRequestSender - Using pooled Channel '[id: 0xc0a5bf8e, L:/127.0.0.1:54414 - R:localhost/127.0.0.1:24931]' for 'POST' to 'http://localhost:24931/session/3db0f4efbfa21c762a538186525fc7f2/element'
22:59:52.395 [Forwarding findElement on session 3db0f4efbfa21c762a538186525fc7f2 to remote] DEBUG org.asynchttpclient.netty.request.NettyRequestSender - Using open Channel [id: 0xc0a5bf8e, L:/127.0.0.1:54414 - R:localhost/127.0.0.1:24931] for POST '/session/3db0f4efbfa21c762a538186525fc7f2/element'
22:59:52.404 [AsyncHttpClient-1-5] DEBUG org.asynchttpclient.netty.handler.HttpHandler - 

Request DefaultHttpRequest(decodeResult: success, version: HTTP/1.1)
POST /session/3db0f4efbfa21c762a538186525fc7f2/element HTTP/1.1
User-Agent: selenium/4.8.1 (java windows)
Content-Length: 142
Content-Type: application/json; charset=utf-8
host: localhost:24931
accept: */*

Response DefaultHttpResponse(decodeResult: success, version: HTTP/1.1)
HTTP/1.1 200 OK
Content-Length: 94
Content-Type: application/json; charset=utf-8
cache-control: no-cache

22:59:52.404 [AsyncHttpClient-1-5] DEBUG org.asynchttpclient.netty.channel.ChannelManager - Adding key: http://localhost:24931 for channel [id: 0xc0a5bf8e, L:/127.0.0.1:54414 - R:localhost/127.0.0.1:24931]
22:59:52.404 [Forwarding clickElement on session 3db0f4efbfa21c762a538186525fc7f2 to remote] DEBUG org.asynchttpclient.netty.request.NettyRequestSender - Using pooled Channel '[id: 0xc0a5bf8e, L:/127.0.0.1:54414 - R:localhost/127.0.0.1:24931]' for 'POST' to 'http://localhost:24931/session/3db0f4efbfa21c762a538186525fc7f2/element/4A53959047AD4B5D90F51868A43CA36B_element_8/click'
22:59:52.404 [Forwarding clickElement on session 3db0f4efbfa21c762a538186525fc7f2 to remote] DEBUG org.asynchttpclient.netty.request.NettyRequestSender - Using open Channel [id: 0xc0a5bf8e, L:/127.0.0.1:54414 - R:localhost/127.0.0.1:24931] for POST '/session/3db0f4efbfa21c762a538186525fc7f2/element/4A53959047AD4B5D90F51868A43CA36B_element_8/click'
22:59:52.468 [AsyncHttpClient-1-5] DEBUG org.asynchttpclient.netty.handler.HttpHandler - 

Request DefaultHttpRequest(decodeResult: success, version: HTTP/1.1)
POST /session/3db0f4efbfa21c762a538186525fc7f2/element/4A53959047AD4B5D90F51868A43CA36B_element_8/click HTTP/1.1
User-Agent: selenium/4.8.1 (java windows)
Content-Length: 56
Content-Type: application/json; charset=utf-8
host: localhost:24931
accept: */*

Response DefaultHttpResponse(decodeResult: success, version: HTTP/1.1)
HTTP/1.1 200 OK
Content-Length: 14
Content-Type: application/json; charset=utf-8
cache-control: no-cache

22:59:52.468 [AsyncHttpClient-1-5] DEBUG org.asynchttpclient.netty.channel.ChannelManager - Adding key: http://localhost:24931 for channel [id: 0xc0a5bf8e, L:/127.0.0.1:54414 - R:localhost/127.0.0.1:24931]
22:59:52.472 [Forwarding getAlertText on session 3db0f4efbfa21c762a538186525fc7f2 to remote] DEBUG org.asynchttpclient.netty.request.NettyRequestSender - Using pooled Channel '[id: 0xc0a5bf8e, L:/127.0.0.1:54414 - R:localhost/127.0.0.1:24931]' for 'GET' to 'http://localhost:24931/session/3db0f4efbfa21c762a538186525fc7f2/alert/text'
22:59:52.472 [Forwarding getAlertText on session 3db0f4efbfa21c762a538186525fc7f2 to remote] DEBUG org.asynchttpclient.netty.request.NettyRequestSender - Using open Channel [id: 0xc0a5bf8e, L:/127.0.0.1:54414 - R:localhost/127.0.0.1:24931] for GET '/session/3db0f4efbfa21c762a538186525fc7f2/alert/text'
22:59:52.474 [AsyncHttpClient-1-5] DEBUG org.asynchttpclient.netty.handler.HttpHandler - 

Request DefaultFullHttpRequest(decodeResult: success, version: HTTP/1.1, content: EmptyByteBufBE)
GET /session/3db0f4efbfa21c762a538186525fc7f2/alert/text HTTP/1.1
User-Agent: selenium/4.8.1 (java windows)
Cache-Control: no-cache
Content-Type: application/json; charset=utf-8
host: localhost:24931
accept: */*

Response DefaultHttpResponse(decodeResult: success, version: HTTP/1.1)
HTTP/1.1 404 Not Found
Content-Length: 820
Content-Type: application/json; charset=utf-8
cache-control: no-cache

22:59:52.474 [AsyncHttpClient-1-5] DEBUG org.asynchttpclient.netty.channel.ChannelManager - Adding key: http://localhost:24931 for channel [id: 0xc0a5bf8e, L:/127.0.0.1:54414 - R:localhost/127.0.0.1:24931]
22:59:52.474 [Forwarding getCurrentUrl on session 3db0f4efbfa21c762a538186525fc7f2 to remote] DEBUG org.asynchttpclient.netty.request.NettyRequestSender - Using pooled Channel '[id: 0xc0a5bf8e, L:/127.0.0.1:54414 - R:localhost/127.0.0.1:24931]' for 'GET' to 'http://localhost:24931/session/3db0f4efbfa21c762a538186525fc7f2/url'
22:59:52.474 [Forwarding getCurrentUrl on session 3db0f4efbfa21c762a538186525fc7f2 to remote] DEBUG org.asynchttpclient.netty.request.NettyRequestSender - Using open Channel [id: 0xc0a5bf8e, L:/127.0.0.1:54414 - R:localhost/127.0.0.1:24931] for GET '/session/3db0f4efbfa21c762a538186525fc7f2/url'
22:59:52.484 [AsyncHttpClient-1-5] DEBUG org.asynchttpclient.netty.handler.HttpHandler - 

Request DefaultFullHttpRequest(decodeResult: success, version: HTTP/1.1, content: EmptyByteBufBE)
GET /session/3db0f4efbfa21c762a538186525fc7f2/url HTTP/1.1
User-Agent: selenium/4.8.1 (java windows)
Cache-Control: no-cache
Content-Type: application/json; charset=utf-8
host: localhost:24931
accept: */*

Response DefaultHttpResponse(decodeResult: success, version: HTTP/1.1)
HTTP/1.1 200 OK
Content-Length: 51
Content-Type: application/json; charset=utf-8
cache-control: no-cache

22:59:52.484 [AsyncHttpClient-1-5] DEBUG org.asynchttpclient.netty.channel.ChannelManager - Adding key: http://localhost:24931 for channel [id: 0xc0a5bf8e, L:/127.0.0.1:54414 - R:localhost/127.0.0.1:24931]
22:59:52.485 [Forwarding screenshot on session 3db0f4efbfa21c762a538186525fc7f2 to remote] DEBUG org.asynchttpclient.netty.request.NettyRequestSender - Using pooled Channel '[id: 0xc0a5bf8e, L:/127.0.0.1:54414 - R:localhost/127.0.0.1:24931]' for 'GET' to 'http://localhost:24931/session/3db0f4efbfa21c762a538186525fc7f2/screenshot'
22:59:52.485 [Forwarding screenshot on session 3db0f4efbfa21c762a538186525fc7f2 to remote] DEBUG org.asynchttpclient.netty.request.NettyRequestSender - Using open Channel [id: 0xc0a5bf8e, L:/127.0.0.1:54414 - R:localhost/127.0.0.1:24931] for GET '/session/3db0f4efbfa21c762a538186525fc7f2/screenshot'
22:59:52.697 [AsyncHttpClient-1-1] DEBUG org.asynchttpclient.netty.channel.DefaultChannelPool - Entry count for : http://localhost:54415 : 1
22:59:52.772 [AsyncHttpClient-1-5] DEBUG org.asynchttpclient.netty.handler.HttpHandler - 

Request DefaultFullHttpRequest(decodeResult: success, version: HTTP/1.1, content: EmptyByteBufBE)
GET /session/3db0f4efbfa21c762a538186525fc7f2/screenshot HTTP/1.1
User-Agent: selenium/4.8.1 (java windows)
Cache-Control: no-cache
Content-Type: application/json; charset=utf-8
host: localhost:24931
accept: */*

Response DefaultHttpResponse(decodeResult: success, version: HTTP/1.1)
HTTP/1.1 200 OK
Content-Length: 38060
Content-Type: application/json; charset=utf-8
cache-control: no-cache

22:59:52.772 [AsyncHttpClient-1-5] DEBUG org.asynchttpclient.netty.channel.ChannelManager - Adding key: http://localhost:24931 for channel [id: 0xc0a5bf8e, L:/127.0.0.1:54414 - R:localhost/127.0.0.1:24931]
22:59:52.774 [main] DEBUG net.serenitybdd.core.photography.Darkroom - Send negative for processing for target\site\serenity\1da26f5fe42f79a4ed96ab721d0f18df1246650b56809ef87e9661e92fa082b5.png
22:59:52.776 [main] DEBUG net.thucydides.core.steps.StepInterceptor - STEP DONE: clickLogButton
22:59:52.776 [Darkroom Processing Line] DEBUG net.serenitybdd.core.photography.DarkroomProcessingLine - Processing screenshot image in /var/screenshots/screenshot-4111659427901824072
22:59:52.776 [Darkroom Processing Line] DEBUG net.serenitybdd.core.photography.DarkroomProcessingLine - Saving screenshot to target\site\serenity\1da26f5fe42f79a4ed96ab721d0f18df1246650b56809ef87e9661e92fa082b5.png
  &amp#27;[32mAnd &amp#27;[0m&amp#27;[32mI click login button&amp#27;[0m                 &amp#27;[90m# starter.stepdefinitions.LoginSteps.clickLoginButton()&amp#27;[0m
22:59:52.785 [Forwarding getPageSource on session 3db0f4efbfa21c762a538186525fc7f2 to remote] DEBUG org.asynchttpclient.netty.request.NettyRequestSender - Using pooled Channel '[id: 0xc0a5bf8e, L:/127.0.0.1:54414 - R:localhost/127.0.0.1:24931]' for 'POST' to 'http://localhost:24931/session/3db0f4efbfa21c762a538186525fc7f2/execute/sync'
22:59:52.785 [Forwarding getPageSource on session 3db0f4efbfa21c762a538186525fc7f2 to remote] DEBUG org.asynchttpclient.netty.request.NettyRequestSender - Using open Channel [id: 0xc0a5bf8e, L:/127.0.0.1:54414 - R:localhost/127.0.0.1:24931] for POST '/session/3db0f4efbfa21c762a538186525fc7f2/execute/sync'
22:59:52.792 [AsyncHttpClient-1-5] DEBUG org.asynchttpclient.netty.handler.HttpHandler - 

Request DefaultHttpRequest(decodeResult: success, version: HTTP/1.1)
POST /session/3db0f4efbfa21c762a538186525fc7f2/execute/sync HTTP/1.1
User-Agent: selenium/4.8.1 (java windows)
Content-Length: 176
Content-Type: application/json; charset=utf-8
host: localhost:24931
accept: */*

Response DefaultHttpResponse(decodeResult: success, version: HTTP/1.1)
HTTP/1.1 200 OK
Content-Length: 28798
Content-Type: application/json; charset=utf-8
cache-control: no-cache

22:59:52.792 [AsyncHttpClient-1-5] DEBUG org.asynchttpclient.netty.channel.ChannelManager - Adding key: http://localhost:24931 for channel [id: 0xc0a5bf8e, L:/127.0.0.1:54414 - R:localhost/127.0.0.1:24931]
22:59:52.796 [Forwarding getCurrentUrl on session 3db0f4efbfa21c762a538186525fc7f2 to remote] DEBUG org.asynchttpclient.netty.request.NettyRequestSender - Using pooled Channel '[id: 0xc0a5bf8e, L:/127.0.0.1:54414 - R:localhost/127.0.0.1:24931]' for 'GET' to 'http://localhost:24931/session/3db0f4efbfa21c762a538186525fc7f2/url'
22:59:52.796 [Forwarding getCurrentUrl on session 3db0f4efbfa21c762a538186525fc7f2 to remote] DEBUG org.asynchttpclient.netty.request.NettyRequestSender - Using open Channel [id: 0xc0a5bf8e, L:/127.0.0.1:54414 - R:localhost/127.0.0.1:24931] for GET '/session/3db0f4efbfa21c762a538186525fc7f2/url'
22:59:52.802 [AsyncHttpClient-1-5] DEBUG org.asynchttpclient.netty.handler.HttpHandler - 

Request DefaultFullHttpRequest(decodeResult: success, version: HTTP/1.1, content: EmptyByteBufBE)
GET /session/3db0f4efbfa21c762a538186525fc7f2/url HTTP/1.1
User-Agent: selenium/4.8.1 (java windows)
Cache-Control: no-cache
Content-Type: application/json; charset=utf-8
host: localhost:24931
accept: */*

Response DefaultHttpResponse(decodeResult: success, version: HTTP/1.1)
HTTP/1.1 200 OK
Content-Length: 41
Content-Type: application/json; charset=utf-8
cache-control: no-cache

22:59:52.802 [AsyncHttpClient-1-5] DEBUG org.asynchttpclient.netty.channel.ChannelManager - Adding key: http://localhost:24931 for channel [id: 0xc0a5bf8e, L:/127.0.0.1:54414 - R:localhost/127.0.0.1:24931]
22:59:52.808 [Forwarding getPageSource on session 3db0f4efbfa21c762a538186525fc7f2 to remote] DEBUG org.asynchttpclient.netty.request.NettyRequestSender - Using pooled Channel '[id: 0xc0a5bf8e, L:/127.0.0.1:54414 - R:localhost/127.0.0.1:24931]' for 'POST' to 'http://localhost:24931/session/3db0f4efbfa21c762a538186525fc7f2/execute/sync'
22:59:52.808 [Forwarding getPageSource on session 3db0f4efbfa21c762a538186525fc7f2 to remote] DEBUG org.asynchttpclient.netty.request.NettyRequestSender - Using open Channel [id: 0xc0a5bf8e, L:/127.0.0.1:54414 - R:localhost/127.0.0.1:24931] for POST '/session/3db0f4efbfa21c762a538186525fc7f2/execute/sync'
22:59:52.819 [AsyncHttpClient-1-5] DEBUG org.asynchttpclient.netty.handler.HttpHandler - 

Request DefaultHttpRequest(decodeResult: success, version: HTTP/1.1)
POST /session/3db0f4efbfa21c762a538186525fc7f2/execute/sync HTTP/1.1
User-Agent: selenium/4.8.1 (java windows)
Content-Length: 176
Content-Type: application/json; charset=utf-8
host: localhost:24931
accept: */*

Response DefaultHttpResponse(decodeResult: success, version: HTTP/1.1)
HTTP/1.1 200 OK
Content-Length: 28798
Content-Type: application/json; charset=utf-8
cache-control: no-cache

22:59:52.819 [AsyncHttpClient-1-5] DEBUG org.asynchttpclient.netty.channel.ChannelManager - Adding key: http://localhost:24931 for channel [id: 0xc0a5bf8e, L:/127.0.0.1:54414 - R:localhost/127.0.0.1:24931]
22:59:52.823 [Forwarding getCurrentUrl on session 3db0f4efbfa21c762a538186525fc7f2 to remote] DEBUG org.asynchttpclient.netty.request.NettyRequestSender - Using pooled Channel '[id: 0xc0a5bf8e, L:/127.0.0.1:54414 - R:localhost/127.0.0.1:24931]' for 'GET' to 'http://localhost:24931/session/3db0f4efbfa21c762a538186525fc7f2/url'
22:59:52.823 [Forwarding getCurrentUrl on session 3db0f4efbfa21c762a538186525fc7f2 to remote] DEBUG org.asynchttpclient.netty.request.NettyRequestSender - Using open Channel [id: 0xc0a5bf8e, L:/127.0.0.1:54414 - R:localhost/127.0.0.1:24931] for GET '/session/3db0f4efbfa21c762a538186525fc7f2/url'
22:59:52.828 [AsyncHttpClient-1-5] DEBUG org.asynchttpclient.netty.handler.HttpHandler - 

Request DefaultFullHttpRequest(decodeResult: success, version: HTTP/1.1, content: EmptyByteBufBE)
GET /session/3db0f4efbfa21c762a538186525fc7f2/url HTTP/1.1
User-Agent: selenium/4.8.1 (java windows)
Cache-Control: no-cache
Content-Type: application/json; charset=utf-8
host: localhost:24931
accept: */*

Response DefaultHttpResponse(decodeResult: success, version: HTTP/1.1)
HTTP/1.1 200 OK
Content-Length: 41
Content-Type: application/json; charset=utf-8
cache-control: no-cache

22:59:52.828 [AsyncHttpClient-1-5] DEBUG org.asynchttpclient.netty.channel.ChannelManager - Adding key: http://localhost:24931 for channel [id: 0xc0a5bf8e, L:/127.0.0.1:54414 - R:localhost/127.0.0.1:24931]
22:59:52.829 [main] DEBUG net.thucydides.core.steps.StepInterceptor - STARTING STEP: LoginSteps.goToTheHomepage - validateOnTheHomePage
22:59:52.832 [Forwarding findElement on session 3db0f4efbfa21c762a538186525fc7f2 to remote] DEBUG org.asynchttpclient.netty.request.NettyRequestSender - Using pooled Channel '[id: 0xc0a5bf8e, L:/127.0.0.1:54414 - R:localhost/127.0.0.1:24931]' for 'POST' to 'http://localhost:24931/session/3db0f4efbfa21c762a538186525fc7f2/element'
22:59:52.832 [Forwarding findElement on session 3db0f4efbfa21c762a538186525fc7f2 to remote] DEBUG org.asynchttpclient.netty.request.NettyRequestSender - Using open Channel [id: 0xc0a5bf8e, L:/127.0.0.1:54414 - R:localhost/127.0.0.1:24931] for POST '/session/3db0f4efbfa21c762a538186525fc7f2/element'
22:59:52.846 [AsyncHttpClient-1-5] DEBUG org.asynchttpclient.netty.handler.HttpHandler - 

Request DefaultHttpRequest(decodeResult: success, version: HTTP/1.1)
POST /session/3db0f4efbfa21c762a538186525fc7f2/element HTTP/1.1
User-Agent: selenium/4.8.1 (java windows)
Content-Length: 124
Content-Type: application/json; charset=utf-8
host: localhost:24931
accept: */*

Response DefaultHttpResponse(decodeResult: success, version: HTTP/1.1)
HTTP/1.1 200 OK
Content-Length: 94
Content-Type: application/json; charset=utf-8
cache-control: no-cache

22:59:52.846 [AsyncHttpClient-1-5] DEBUG org.asynchttpclient.netty.channel.ChannelManager - Adding key: http://localhost:24931 for channel [id: 0xc0a5bf8e, L:/127.0.0.1:54414 - R:localhost/127.0.0.1:24931]
22:59:52.849 [Forwarding isElementDisplayed on session 3db0f4efbfa21c762a538186525fc7f2 to remote] DEBUG org.asynchttpclient.netty.request.NettyRequestSender - Using pooled Channel '[id: 0xc0a5bf8e, L:/127.0.0.1:54414 - R:localhost/127.0.0.1:24931]' for 'POST' to 'http://localhost:24931/session/3db0f4efbfa21c762a538186525fc7f2/execute/sync'
22:59:52.850 [Forwarding isElementDisplayed on session 3db0f4efbfa21c762a538186525fc7f2 to remote] DEBUG org.asynchttpclient.netty.request.NettyRequestSender - Using open Channel [id: 0xc0a5bf8e, L:/127.0.0.1:54414 - R:localhost/127.0.0.1:24931] for POST '/session/3db0f4efbfa21c762a538186525fc7f2/execute/sync'
22:59:52.867 [AsyncHttpClient-1-5] DEBUG org.asynchttpclient.netty.handler.HttpHandler - 

Request DefaultHttpRequest(decodeResult: success, version: HTTP/1.1)
POST /session/3db0f4efbfa21c762a538186525fc7f2/execute/sync HTTP/1.1
User-Agent: selenium/4.8.1 (java windows)
Content-Length: 48813
Content-Type: application/json; charset=utf-8
host: localhost:24931
accept: */*

Response DefaultHttpResponse(decodeResult: success, version: HTTP/1.1)
HTTP/1.1 200 OK
Content-Length: 14
Content-Type: application/json; charset=utf-8
cache-control: no-cache

22:59:52.867 [AsyncHttpClient-1-5] DEBUG org.asynchttpclient.netty.channel.ChannelManager - Adding key: http://localhost:24931 for channel [id: 0xc0a5bf8e, L:/127.0.0.1:54414 - R:localhost/127.0.0.1:24931]
22:59:52.872 [Forwarding getAlertText on session 3db0f4efbfa21c762a538186525fc7f2 to remote] DEBUG org.asynchttpclient.netty.request.NettyRequestSender - Using pooled Channel '[id: 0xc0a5bf8e, L:/127.0.0.1:54414 - R:localhost/127.0.0.1:24931]' for 'GET' to 'http://localhost:24931/session/3db0f4efbfa21c762a538186525fc7f2/alert/text'
22:59:52.872 [Forwarding getAlertText on session 3db0f4efbfa21c762a538186525fc7f2 to remote] DEBUG org.asynchttpclient.netty.request.NettyRequestSender - Using open Channel [id: 0xc0a5bf8e, L:/127.0.0.1:54414 - R:localhost/127.0.0.1:24931] for GET '/session/3db0f4efbfa21c762a538186525fc7f2/alert/text'
22:59:52.873 [AsyncHttpClient-1-5] DEBUG org.asynchttpclient.netty.handler.HttpHandler - 

Request DefaultFullHttpRequest(decodeResult: success, version: HTTP/1.1, content: EmptyByteBufBE)
GET /session/3db0f4efbfa21c762a538186525fc7f2/alert/text HTTP/1.1
User-Agent: selenium/4.8.1 (java windows)
Cache-Control: no-cache
Content-Type: application/json; charset=utf-8
host: localhost:24931
accept: */*

Response DefaultHttpResponse(decodeResult: success, version: HTTP/1.1)
HTTP/1.1 404 Not Found
Content-Length: 820
Content-Type: application/json; charset=utf-8
cache-control: no-cache

22:59:52.873 [AsyncHttpClient-1-5] DEBUG org.asynchttpclient.netty.channel.ChannelManager - Adding key: http://localhost:24931 for channel [id: 0xc0a5bf8e, L:/127.0.0.1:54414 - R:localhost/127.0.0.1:24931]
22:59:52.874 [Forwarding getCurrentUrl on session 3db0f4efbfa21c762a538186525fc7f2 to remote] DEBUG org.asynchttpclient.netty.request.NettyRequestSender - Using pooled Channel '[id: 0xc0a5bf8e, L:/127.0.0.1:54414 - R:localhost/127.0.0.1:24931]' for 'GET' to 'http://localhost:24931/session/3db0f4efbfa21c762a538186525fc7f2/url'
22:59:52.874 [Forwarding getCurrentUrl on session 3db0f4efbfa21c762a538186525fc7f2 to remote] DEBUG org.asynchttpclient.netty.request.NettyRequestSender - Using open Channel [id: 0xc0a5bf8e, L:/127.0.0.1:54414 - R:localhost/127.0.0.1:24931] for GET '/session/3db0f4efbfa21c762a538186525fc7f2/url'
22:59:52.881 [AsyncHttpClient-1-5] DEBUG org.asynchttpclient.netty.handler.HttpHandler - 

Request DefaultFullHttpRequest(decodeResult: success, version: HTTP/1.1, content: EmptyByteBufBE)
GET /session/3db0f4efbfa21c762a538186525fc7f2/url HTTP/1.1
User-Agent: selenium/4.8.1 (java windows)
Cache-Control: no-cache
Content-Type: application/json; charset=utf-8
host: localhost:24931
accept: */*

Response DefaultHttpResponse(decodeResult: success, version: HTTP/1.1)
HTTP/1.1 200 OK
Content-Length: 41
Content-Type: application/json; charset=utf-8
cache-control: no-cache

22:59:52.881 [AsyncHttpClient-1-5] DEBUG org.asynchttpclient.netty.channel.ChannelManager - Adding key: http://localhost:24931 for channel [id: 0xc0a5bf8e, L:/127.0.0.1:54414 - R:localhost/127.0.0.1:24931]
22:59:52.881 [Forwarding screenshot on session 3db0f4efbfa21c762a538186525fc7f2 to remote] DEBUG org.asynchttpclient.netty.request.NettyRequestSender - Using pooled Channel '[id: 0xc0a5bf8e, L:/127.0.0.1:54414 - R:localhost/127.0.0.1:24931]' for 'GET' to 'http://localhost:24931/session/3db0f4efbfa21c762a538186525fc7f2/screenshot'
22:59:52.881 [Forwarding screenshot on session 3db0f4efbfa21c762a538186525fc7f2 to remote] DEBUG org.asynchttpclient.netty.request.NettyRequestSender - Using open Channel [id: 0xc0a5bf8e, L:/127.0.0.1:54414 - R:localhost/127.0.0.1:24931] for GET '/session/3db0f4efbfa21c762a538186525fc7f2/screenshot'
22:59:53.084 [AsyncHttpClient-1-5] DEBUG org.asynchttpclient.netty.handler.HttpHandler - 

Request DefaultFullHttpRequest(decodeResult: success, version: HTTP/1.1, content: EmptyByteBufBE)
GET /session/3db0f4efbfa21c762a538186525fc7f2/screenshot HTTP/1.1
User-Agent: selenium/4.8.1 (java windows)
Cache-Control: no-cache
Content-Type: application/json; charset=utf-8
host: localhost:24931
accept: */*

Response DefaultHttpResponse(decodeResult: success, version: HTTP/1.1)
HTTP/1.1 200 OK
Content-Length: 29724
Content-Type: application/json; charset=utf-8
cache-control: no-cache

22:59:53.084 [AsyncHttpClient-1-5] DEBUG org.asynchttpclient.netty.channel.ChannelManager - Adding key: http://localhost:24931 for channel [id: 0xc0a5bf8e, L:/127.0.0.1:54414 - R:localhost/127.0.0.1:24931]
22:59:53.086 [main] DEBUG net.serenitybdd.core.photography.Darkroom - Send negative for processing for target\site\serenity\51771e4b69c224639f955fd9728723a1b86c174e1333425a00baaf973d663633.png
22:59:53.086 [main] DEBUG net.thucydides.core.steps.StepInterceptor - STEP DONE: validateOnTheHomePage
22:59:53.087 [Darkroom Processing Line] DEBUG net.serenitybdd.core.photography.DarkroomProcessingLine - Processing screenshot image in /var/screenshots/screenshot-5387897977559416091
22:59:53.087 [Darkroom Processing Line] DEBUG net.serenitybdd.core.photography.DarkroomProcessingLine - Saving screenshot to target\site\serenity\51771e4b69c224639f955fd9728723a1b86c174e1333425a00baaf973d663633.png
  &amp#27;[32mThen &amp#27;[0m&amp#27;[32mI go to the Homepage&amp#27;[0m                &amp#27;[90m# starter.stepdefinitions.LoginSteps.goToTheHomepage()&amp#27;[0m
22:59:53.093 [main] INFO  - 
  _____   ___   ___   _____     ___     _     ___   ___   ___   ___  
 |_   _| | __| / __| |_   _|   | _ \   /_\   / __| / __| | __| |   \ 
   | |   | _|  \__ \   | |     |  _/  / _ \  \__ \ \__ \ | _|  | |) |
   |_|   |___| |___/   |_|     |_|   /_/ \_\ |___/ |___/ |___| |___/ 

Failed login with invalid format
----------------------------------------------------------------------
22:59:53.094 [AsyncHttpClient-1-7] DEBUG org.asynchttpclient.netty.handler.WebSocketHandler - Channel Closed: [id: 0x7d041110, L:/127.0.0.1:54422 ! R:localhost/127.0.0.1:54415] with attribute NettyResponseFuture{currentRetry=0,
	isDone=1,
	isCancelled=0,
	asyncHandler=org.asynchttpclient.ws.WebSocketUpgradeHandler@7510f008,
	nettyRequest=org.asynchttpclient.netty.request.NettyRequest@79c69e74,
	future=java.util.concurrent.CompletableFuture@5fd3181a[Completed normally],
	uri=ws://localhost:54415/devtools/browser/33b88731-5f4c-45ae-993e-d15d121915ed,
	keepAlive=true,
	redirectCount=0,
	timeoutsHolder=null,
	inAuth=0,
	touch=1683561588867}
22:59:53.094 [Driver Command Executor] DEBUG org.asynchttpclient.netty.request.NettyRequestSender - Using pooled Channel '[id: 0xc0a5bf8e, L:/127.0.0.1:54414 - R:localhost/127.0.0.1:24931]' for 'DELETE' to 'http://localhost:24931/session/3db0f4efbfa21c762a538186525fc7f2'
22:59:53.094 [AsyncHttpClient-1-7] DEBUG org.asynchttpclient.netty.channel.ChannelManager - Closing Channel [id: 0x7d041110, L:/127.0.0.1:54422 ! R:localhost/127.0.0.1:54415] 
22:59:53.094 [Driver Command Executor] DEBUG org.asynchttpclient.netty.request.NettyRequestSender - Using open Channel [id: 0xc0a5bf8e, L:/127.0.0.1:54414 - R:localhost/127.0.0.1:24931] for DELETE '/session/3db0f4efbfa21c762a538186525fc7f2'
22:59:53.270 [AsyncHttpClient-1-6] DEBUG org.asynchttpclient.netty.handler.HttpHandler - Unexpected I/O exception on channel [id: 0xb4170737, L:/127.0.0.1:54421 - R:localhost/127.0.0.1:54415]
java.io.IOException: An existing connection was forcibly closed by the remote host
	at sun.nio.ch.SocketDispatcher.read0(Native Method)
	at sun.nio.ch.SocketDispatcher.read(SocketDispatcher.java:43)
	at sun.nio.ch.IOUtil.readIntoNativeBuffer(IOUtil.java:223)
	at sun.nio.ch.IOUtil.read(IOUtil.java:192)
	at sun.nio.ch.SocketChannelImpl.read(SocketChannelImpl.java:378)
	at io.netty.buffer.PooledByteBuf.setBytes(PooledByteBuf.java:259)
	at io.netty.buffer.AbstractByteBuf.writeBytes(AbstractByteBuf.java:1132)
	at io.netty.channel.socket.nio.NioSocketChannel.doReadBytes(NioSocketChannel.java:357)
	at io.netty.channel.nio.AbstractNioByteChannel$NioByteUnsafe.read(AbstractNioByteChannel.java:151)
	at io.netty.channel.nio.NioEventLoop.processSelectedKey(NioEventLoop.java:788)
	at io.netty.channel.nio.NioEventLoop.processSelectedKeysOptimized(NioEventLoop.java:724)
	at io.netty.channel.nio.NioEventLoop.processSelectedKeys(NioEventLoop.java:650)
	at io.netty.channel.nio.NioEventLoop.run(NioEventLoop.java:562)
	at io.netty.util.concurrent.SingleThreadEventExecutor$4.run(SingleThreadEventExecutor.java:997)
	at io.netty.util.internal.ThreadExecutorMap$2.run(ThreadExecutorMap.java:74)
	at io.netty.util.concurrent.FastThreadLocalRunnable.run(FastThreadLocalRunnable.java:30)
	at java.lang.Thread.run(Thread.java:750)
22:59:53.270 [AsyncHttpClient-1-6] DEBUG org.asynchttpclient.netty.channel.ChannelManager - Closing Channel [id: 0xb4170737, L:/127.0.0.1:54421 - R:localhost/127.0.0.1:54415] 
22:59:53.270 [AsyncHttpClient-1-6] DEBUG org.asynchttpclient.netty.handler.HttpHandler - Channel Closed: [id: 0xb4170737, L:/127.0.0.1:54421 ! R:localhost/127.0.0.1:54415] with attribute DISCARD
22:59:53.287 [AsyncHttpClient-1-5] DEBUG org.asynchttpclient.netty.handler.HttpHandler - 

Request DefaultFullHttpRequest(decodeResult: success, version: HTTP/1.1, content: EmptyByteBufBE)
DELETE /session/3db0f4efbfa21c762a538186525fc7f2 HTTP/1.1
User-Agent: selenium/4.8.1 (java windows)
Content-Type: application/json; charset=utf-8
host: localhost:24931
accept: */*

Response DefaultHttpResponse(decodeResult: success, version: HTTP/1.1)
HTTP/1.1 200 OK
Content-Length: 14
Content-Type: application/json; charset=utf-8
cache-control: no-cache

22:59:53.287 [AsyncHttpClient-1-5] DEBUG org.asynchttpclient.netty.channel.ChannelManager - Adding key: http://localhost:24931 for channel [id: 0xc0a5bf8e, L:/127.0.0.1:54414 - R:localhost/127.0.0.1:24931]
22:59:53.334 [AsyncHttpClient-1-5] DEBUG org.asynchttpclient.netty.handler.HttpHandler - Channel Closed: [id: 0xc0a5bf8e, L:/127.0.0.1:54414 ! R:localhost/127.0.0.1:24931] with attribute DISCARD
22:59:53.799 [AsyncHttpClient-1-1] DEBUG org.asynchttpclient.netty.channel.DefaultChannelPool - Entry count for : http://localhost:54415 : 1
22:59:53.799 [AsyncHttpClient-1-1] DEBUG org.asynchttpclient.netty.channel.DefaultChannelPool - Entry count for : http://localhost:24931 : 1
22:59:53.799 [AsyncHttpClient-1-1] DEBUG org.asynchttpclient.netty.channel.DefaultChannelPool - Adding Candidate expired Channel [id: 0xb4170737, L:/127.0.0.1:54421 ! R:localhost/127.0.0.1:54415] isIdleTimeoutExpired=false isRemotelyClosed=true isTtlExpired=false
22:59:53.799 [AsyncHttpClient-1-1] DEBUG org.asynchttpclient.netty.channel.DefaultChannelPool - Closing Idle Channel [id: 0xb4170737, L:/127.0.0.1:54421 ! R:localhost/127.0.0.1:54415]
22:59:53.799 [AsyncHttpClient-1-1] DEBUG org.asynchttpclient.netty.channel.DefaultChannelPool - Adding Candidate expired Channel [id: 0xc0a5bf8e, L:/127.0.0.1:54414 ! R:localhost/127.0.0.1:24931] isIdleTimeoutExpired=false isRemotelyClosed=true isTtlExpired=false
22:59:53.800 [AsyncHttpClient-1-1] DEBUG org.asynchttpclient.netty.channel.DefaultChannelPool - Closing Idle Channel [id: 0xc0a5bf8e, L:/127.0.0.1:54414 ! R:localhost/127.0.0.1:24931]
22:59:53.800 [AsyncHttpClient-1-1] DEBUG org.asynchttpclient.netty.channel.DefaultChannelPool - Closed 2 connections out of 2 in 1 ms
]]></system-out>
    <system-err><![CDATA[Starting ChromeDriver 113.0.5672.63 (0e1a4471d5ae5bf128b1bd8f4d627c8cbd55f70c-refs/branch-heads/5672@{#912}) on port 24931
Only local connections are allowed.
Please see https://chromedriver.chromium.org/security-considerations for suggestions on keeping ChromeDriver safe.
ChromeDriver was started successfully.
May 08, 2023 10:59:48 PM org.openqa.selenium.devtools.CdpVersionFinder findNearestMatch
WARNING: Unable to find an exact match for CDP version 113, so returning the closest version found: 110
]]></system-err>
  </testcase>
  <testcase name="Failed login with unregistered" classname="Login" time="5.58">
    <system-out><![CDATA[
@Login(-)
Scenario: Failed login with unregistered &amp#27;[90m# src/test/resources/features/2.Login.feature:23&amp#27;[0m
22:59:53.858 [main] DEBUG io.cucumber.core.plugin.SerenityReporter - Running feature from file:///D:/1.%20QA%20ALTERRA%20ACADEMY/MobileTesting/MiniProjectWEB/src/test/resources/features/2.Login.feature
22:59:53.861 [main] INFO  - 
  _____   ___   ___   _____     ___   _____     _     ___   _____   ___   ___  
 |_   _| | __| / __| |_   _|   / __| |_   _|   /_\   | _ \ |_   _| | __| |   \ 
   | |   | _|  \__ \   | |     \__ \   | |    / _ \  |   /   | |   | _|  | |) |
   |_|   |___| |___/   |_|     |___/   |_|   /_/ \_\ |_|_\   |_|   |___| |___/ 

Failed login with unregistered(login;failed-login-with-unregistered)
--------------------------------------------------------------------------------
22:59:53.971 [main] INFO net.serenitybdd.core.webdriver.driverproviders.ChromeDriverProvider - Starting Chrome driver instance with capabilities:
22:59:53.971 [main] INFO net.serenitybdd.core.webdriver.driverproviders.ChromeDriverProvider - Capabilities {acceptInsecureCerts: false, browserName: chrome, goog:chromeOptions: {args: [remote-allow-origins=*], extensions: []}}
22:59:54.480 [AsyncHttpClient-1-8] DEBUG org.asynchttpclient.netty.channel.NettyConnectListener - Using new Channel '[id: 0x4794f049, L:/127.0.0.1:54436 - R:localhost/127.0.0.1:35062]' for 'POST' to '/session'
22:59:55.112 [AsyncHttpClient-1-8] DEBUG org.asynchttpclient.netty.handler.HttpHandler - 

Request DefaultHttpRequest(decodeResult: success, version: HTTP/1.1)
POST /session HTTP/1.1
User-Agent: selenium/4.8.1 (java windows)
Content-Length: 507
Content-Type: application/json; charset=utf-8
host: localhost:35062
accept: */*

Response DefaultHttpResponse(decodeResult: success, version: HTTP/1.1)
HTTP/1.1 200 OK
Content-Length: 861
Content-Type: application/json; charset=utf-8
cache-control: no-cache

22:59:55.113 [AsyncHttpClient-1-8] DEBUG org.asynchttpclient.netty.channel.ChannelManager - Adding key: http://localhost:35062 for channel [id: 0x4794f049, L:/127.0.0.1:54436 - R:localhost/127.0.0.1:35062]
22:59:55.117 [AsyncHttpClient-1-9] DEBUG org.asynchttpclient.netty.channel.NettyConnectListener - Using new Channel '[id: 0x279f83d3, L:/127.0.0.1:54443 - R:localhost/127.0.0.1:54437]' for 'GET' to '/json/version'
22:59:55.118 [AsyncHttpClient-1-9] DEBUG org.asynchttpclient.netty.handler.HttpHandler - 

Request DefaultFullHttpRequest(decodeResult: success, version: HTTP/1.1, content: EmptyByteBufBE)
GET /json/version HTTP/1.1
User-Agent: selenium/4.8.1 (java windows)
host: localhost:54437
accept: */*

Response DefaultHttpResponse(decodeResult: success, version: HTTP/1.1)
HTTP/1.1 200 OK
Content-Security-Policy: frame-ancestors 'none'
Content-Length: 422
Content-Type: application/json; charset=UTF-8

22:59:55.118 [AsyncHttpClient-1-9] DEBUG org.asynchttpclient.netty.channel.ChannelManager - Adding key: http://localhost:54437 for channel [id: 0x279f83d3, L:/127.0.0.1:54443 - R:localhost/127.0.0.1:54437]
22:59:55.120 [AsyncHttpClient-1-10] DEBUG org.asynchttpclient.netty.channel.NettyConnectListener - Using new Channel '[id: 0xd4cddc7d, L:/127.0.0.1:54444 - R:localhost/127.0.0.1:54437]' for 'GET' to '/devtools/browser/f4401f30-a623-46ad-a113-7a4be5f96a08'
22:59:55.121 [AsyncHttpClient-1-10] DEBUG org.asynchttpclient.netty.handler.WebSocketHandler - 

Request DefaultFullHttpRequest(decodeResult: success, version: HTTP/1.1, content: EmptyByteBufBE)
GET /devtools/browser/f4401f30-a623-46ad-a113-7a4be5f96a08 HTTP/1.1
upgrade: websocket
connection: upgrade
sec-websocket-key: o19aWdjMHvin744rAHOc7Q==
sec-websocket-version: 13
origin: http://localhost:54437
host: localhost:54437
accept: */*
user-agent: AHC/2.1

Response DefaultHttpResponse(decodeResult: success, version: HTTP/1.1)
HTTP/1.1 101 WebSocket Protocol Handshake
Upgrade: WebSocket
Connection: Upgrade
Sec-WebSocket-Accept: QbG2Szagfv2w7g+mrz2ePjQYJ9Y=

22:59:55.123 [Forwarding get on session 697e319583ecd65d4c92a424a4f12a1a to remote] DEBUG org.asynchttpclient.netty.request.NettyRequestSender - Using pooled Channel '[id: 0x4794f049, L:/127.0.0.1:54436 - R:localhost/127.0.0.1:35062]' for 'POST' to 'http://localhost:35062/session/697e319583ecd65d4c92a424a4f12a1a/url'
22:59:55.123 [Forwarding get on session 697e319583ecd65d4c92a424a4f12a1a to remote] DEBUG org.asynchttpclient.netty.request.NettyRequestSender - Using open Channel [id: 0x4794f049, L:/127.0.0.1:54436 - R:localhost/127.0.0.1:35062] for POST '/session/697e319583ecd65d4c92a424a4f12a1a/url'
22:59:55.997 [AsyncHttpClient-1-1] DEBUG org.asynchttpclient.netty.channel.DefaultChannelPool - Entry count for : http://localhost:54437 : 1
22:59:55.998 [AsyncHttpClient-1-8] DEBUG org.asynchttpclient.netty.handler.HttpHandler - 

Request DefaultHttpRequest(decodeResult: success, version: HTTP/1.1)
POST /session/697e319583ecd65d4c92a424a4f12a1a/url HTTP/1.1
User-Agent: selenium/4.8.1 (java windows)
Content-Length: 74
Content-Type: application/json; charset=utf-8
host: localhost:35062
accept: */*

Response DefaultHttpResponse(decodeResult: success, version: HTTP/1.1)
HTTP/1.1 200 OK
Content-Length: 14
Content-Type: application/json; charset=utf-8
cache-control: no-cache

22:59:55.998 [AsyncHttpClient-1-8] DEBUG org.asynchttpclient.netty.channel.ChannelManager - Adding key: http://localhost:35062 for channel [id: 0x4794f049, L:/127.0.0.1:54436 - R:localhost/127.0.0.1:35062]
22:59:55.999 [Forwarding setTimeout on session 697e319583ecd65d4c92a424a4f12a1a to remote] DEBUG org.asynchttpclient.netty.request.NettyRequestSender - Using pooled Channel '[id: 0x4794f049, L:/127.0.0.1:54436 - R:localhost/127.0.0.1:35062]' for 'POST' to 'http://localhost:35062/session/697e319583ecd65d4c92a424a4f12a1a/timeouts'
22:59:56.000 [Forwarding setTimeout on session 697e319583ecd65d4c92a424a4f12a1a to remote] DEBUG org.asynchttpclient.netty.request.NettyRequestSender - Using open Channel [id: 0x4794f049, L:/127.0.0.1:54436 - R:localhost/127.0.0.1:35062] for POST '/session/697e319583ecd65d4c92a424a4f12a1a/timeouts'
22:59:56.000 [AsyncHttpClient-1-8] DEBUG org.asynchttpclient.netty.handler.HttpHandler - 

Request DefaultHttpRequest(decodeResult: success, version: HTTP/1.1)
POST /session/697e319583ecd65d4c92a424a4f12a1a/timeouts HTTP/1.1
User-Agent: selenium/4.8.1 (java windows)
Content-Length: 22
Content-Type: application/json; charset=utf-8
host: localhost:35062
accept: */*

Response DefaultHttpResponse(decodeResult: success, version: HTTP/1.1)
HTTP/1.1 200 OK
Content-Length: 14
Content-Type: application/json; charset=utf-8
cache-control: no-cache

22:59:56.000 [AsyncHttpClient-1-8] DEBUG org.asynchttpclient.netty.channel.ChannelManager - Adding key: http://localhost:35062 for channel [id: 0x4794f049, L:/127.0.0.1:54436 - R:localhost/127.0.0.1:35062]
  &amp#27;[32mGiven &amp#27;[0m&amp#27;[32mI am on the login page&amp#27;[0m           &amp#27;[90m# starter.stepdefinitions.LoginSteps.onTheLoginPage()&amp#27;[0m
22:59:56.006 [Forwarding getAlertText on session 697e319583ecd65d4c92a424a4f12a1a to remote] DEBUG org.asynchttpclient.netty.request.NettyRequestSender - Using pooled Channel '[id: 0x4794f049, L:/127.0.0.1:54436 - R:localhost/127.0.0.1:35062]' for 'GET' to 'http://localhost:35062/session/697e319583ecd65d4c92a424a4f12a1a/alert/text'
22:59:56.006 [Forwarding getAlertText on session 697e319583ecd65d4c92a424a4f12a1a to remote] DEBUG org.asynchttpclient.netty.request.NettyRequestSender - Using open Channel [id: 0x4794f049, L:/127.0.0.1:54436 - R:localhost/127.0.0.1:35062] for GET '/session/697e319583ecd65d4c92a424a4f12a1a/alert/text'
22:59:56.008 [AsyncHttpClient-1-8] DEBUG org.asynchttpclient.netty.handler.HttpHandler - 

Request DefaultFullHttpRequest(decodeResult: success, version: HTTP/1.1, content: EmptyByteBufBE)
GET /session/697e319583ecd65d4c92a424a4f12a1a/alert/text HTTP/1.1
User-Agent: selenium/4.8.1 (java windows)
Cache-Control: no-cache
Content-Type: application/json; charset=utf-8
host: localhost:35062
accept: */*

Response DefaultHttpResponse(decodeResult: success, version: HTTP/1.1)
HTTP/1.1 404 Not Found
Content-Length: 820
Content-Type: application/json; charset=utf-8
cache-control: no-cache

22:59:56.008 [AsyncHttpClient-1-8] DEBUG org.asynchttpclient.netty.channel.ChannelManager - Adding key: http://localhost:35062 for channel [id: 0x4794f049, L:/127.0.0.1:54436 - R:localhost/127.0.0.1:35062]
22:59:56.008 [Forwarding getCurrentUrl on session 697e319583ecd65d4c92a424a4f12a1a to remote] DEBUG org.asynchttpclient.netty.request.NettyRequestSender - Using pooled Channel '[id: 0x4794f049, L:/127.0.0.1:54436 - R:localhost/127.0.0.1:35062]' for 'GET' to 'http://localhost:35062/session/697e319583ecd65d4c92a424a4f12a1a/url'
22:59:56.008 [Forwarding getCurrentUrl on session 697e319583ecd65d4c92a424a4f12a1a to remote] DEBUG org.asynchttpclient.netty.request.NettyRequestSender - Using open Channel [id: 0x4794f049, L:/127.0.0.1:54436 - R:localhost/127.0.0.1:35062] for GET '/session/697e319583ecd65d4c92a424a4f12a1a/url'
22:59:56.014 [AsyncHttpClient-1-8] DEBUG org.asynchttpclient.netty.handler.HttpHandler - 

Request DefaultFullHttpRequest(decodeResult: success, version: HTTP/1.1, content: EmptyByteBufBE)
GET /session/697e319583ecd65d4c92a424a4f12a1a/url HTTP/1.1
User-Agent: selenium/4.8.1 (java windows)
Cache-Control: no-cache
Content-Type: application/json; charset=utf-8
host: localhost:35062
accept: */*

Response DefaultHttpResponse(decodeResult: success, version: HTTP/1.1)
HTTP/1.1 200 OK
Content-Length: 51
Content-Type: application/json; charset=utf-8
cache-control: no-cache

22:59:56.014 [AsyncHttpClient-1-8] DEBUG org.asynchttpclient.netty.channel.ChannelManager - Adding key: http://localhost:35062 for channel [id: 0x4794f049, L:/127.0.0.1:54436 - R:localhost/127.0.0.1:35062]
22:59:56.014 [Forwarding screenshot on session 697e319583ecd65d4c92a424a4f12a1a to remote] DEBUG org.asynchttpclient.netty.request.NettyRequestSender - Using pooled Channel '[id: 0x4794f049, L:/127.0.0.1:54436 - R:localhost/127.0.0.1:35062]' for 'GET' to 'http://localhost:35062/session/697e319583ecd65d4c92a424a4f12a1a/screenshot'
22:59:56.014 [Forwarding screenshot on session 697e319583ecd65d4c92a424a4f12a1a to remote] DEBUG org.asynchttpclient.netty.request.NettyRequestSender - Using open Channel [id: 0x4794f049, L:/127.0.0.1:54436 - R:localhost/127.0.0.1:35062] for GET '/session/697e319583ecd65d4c92a424a4f12a1a/screenshot'
22:59:56.216 [AsyncHttpClient-1-8] DEBUG org.asynchttpclient.netty.handler.HttpHandler - 

Request DefaultFullHttpRequest(decodeResult: success, version: HTTP/1.1, content: EmptyByteBufBE)
GET /session/697e319583ecd65d4c92a424a4f12a1a/screenshot HTTP/1.1
User-Agent: selenium/4.8.1 (java windows)
Cache-Control: no-cache
Content-Type: application/json; charset=utf-8
host: localhost:35062
accept: */*

Response DefaultHttpResponse(decodeResult: success, version: HTTP/1.1)
HTTP/1.1 200 OK
Content-Length: 32068
Content-Type: application/json; charset=utf-8
cache-control: no-cache

22:59:56.217 [AsyncHttpClient-1-8] DEBUG org.asynchttpclient.netty.channel.ChannelManager - Adding key: http://localhost:35062 for channel [id: 0x4794f049, L:/127.0.0.1:54436 - R:localhost/127.0.0.1:35062]
22:59:56.218 [main] DEBUG net.serenitybdd.core.photography.Darkroom - Send negative for processing for target\site\serenity\66a72f9453c991b458ef56bcffc716efaac5c1af3eeac64411e4b666f4758793.png
22:59:56.222 [Forwarding getPageSource on session 697e319583ecd65d4c92a424a4f12a1a to remote] DEBUG org.asynchttpclient.netty.request.NettyRequestSender - Using pooled Channel '[id: 0x4794f049, L:/127.0.0.1:54436 - R:localhost/127.0.0.1:35062]' for 'POST' to 'http://localhost:35062/session/697e319583ecd65d4c92a424a4f12a1a/execute/sync'
22:59:56.222 [Forwarding getPageSource on session 697e319583ecd65d4c92a424a4f12a1a to remote] DEBUG org.asynchttpclient.netty.request.NettyRequestSender - Using open Channel [id: 0x4794f049, L:/127.0.0.1:54436 - R:localhost/127.0.0.1:35062] for POST '/session/697e319583ecd65d4c92a424a4f12a1a/execute/sync'
22:59:56.231 [AsyncHttpClient-1-8] DEBUG org.asynchttpclient.netty.handler.HttpHandler - 

Request DefaultHttpRequest(decodeResult: success, version: HTTP/1.1)
POST /session/697e319583ecd65d4c92a424a4f12a1a/execute/sync HTTP/1.1
User-Agent: selenium/4.8.1 (java windows)
Content-Length: 176
Content-Type: application/json; charset=utf-8
host: localhost:35062
accept: */*

Response DefaultHttpResponse(decodeResult: success, version: HTTP/1.1)
HTTP/1.1 200 OK
Content-Length: 21659
Content-Type: application/json; charset=utf-8
cache-control: no-cache

22:59:56.231 [AsyncHttpClient-1-8] DEBUG org.asynchttpclient.netty.channel.ChannelManager - Adding key: http://localhost:35062 for channel [id: 0x4794f049, L:/127.0.0.1:54436 - R:localhost/127.0.0.1:35062]
22:59:56.233 [Forwarding getCurrentUrl on session 697e319583ecd65d4c92a424a4f12a1a to remote] DEBUG org.asynchttpclient.netty.request.NettyRequestSender - Using pooled Channel '[id: 0x4794f049, L:/127.0.0.1:54436 - R:localhost/127.0.0.1:35062]' for 'GET' to 'http://localhost:35062/session/697e319583ecd65d4c92a424a4f12a1a/url'
22:59:56.233 [Forwarding getCurrentUrl on session 697e319583ecd65d4c92a424a4f12a1a to remote] DEBUG org.asynchttpclient.netty.request.NettyRequestSender - Using open Channel [id: 0x4794f049, L:/127.0.0.1:54436 - R:localhost/127.0.0.1:35062] for GET '/session/697e319583ecd65d4c92a424a4f12a1a/url'
22:59:56.238 [AsyncHttpClient-1-8] DEBUG org.asynchttpclient.netty.handler.HttpHandler - 

Request DefaultFullHttpRequest(decodeResult: success, version: HTTP/1.1, content: EmptyByteBufBE)
GET /session/697e319583ecd65d4c92a424a4f12a1a/url HTTP/1.1
User-Agent: selenium/4.8.1 (java windows)
Cache-Control: no-cache
Content-Type: application/json; charset=utf-8
host: localhost:35062
accept: */*

Response DefaultHttpResponse(decodeResult: success, version: HTTP/1.1)
HTTP/1.1 200 OK
Content-Length: 51
Content-Type: application/json; charset=utf-8
cache-control: no-cache

22:59:56.238 [AsyncHttpClient-1-8] DEBUG org.asynchttpclient.netty.channel.ChannelManager - Adding key: http://localhost:35062 for channel [id: 0x4794f049, L:/127.0.0.1:54436 - R:localhost/127.0.0.1:35062]
22:59:56.246 [Forwarding getPageSource on session 697e319583ecd65d4c92a424a4f12a1a to remote] DEBUG org.asynchttpclient.netty.request.NettyRequestSender - Using pooled Channel '[id: 0x4794f049, L:/127.0.0.1:54436 - R:localhost/127.0.0.1:35062]' for 'POST' to 'http://localhost:35062/session/697e319583ecd65d4c92a424a4f12a1a/execute/sync'
22:59:56.246 [Forwarding getPageSource on session 697e319583ecd65d4c92a424a4f12a1a to remote] DEBUG org.asynchttpclient.netty.request.NettyRequestSender - Using open Channel [id: 0x4794f049, L:/127.0.0.1:54436 - R:localhost/127.0.0.1:35062] for POST '/session/697e319583ecd65d4c92a424a4f12a1a/execute/sync'
22:59:56.254 [AsyncHttpClient-1-8] DEBUG org.asynchttpclient.netty.handler.HttpHandler - 

Request DefaultHttpRequest(decodeResult: success, version: HTTP/1.1)
POST /session/697e319583ecd65d4c92a424a4f12a1a/execute/sync HTTP/1.1
User-Agent: selenium/4.8.1 (java windows)
Content-Length: 176
Content-Type: application/json; charset=utf-8
host: localhost:35062
accept: */*

Response DefaultHttpResponse(decodeResult: success, version: HTTP/1.1)
HTTP/1.1 200 OK
Content-Length: 21659
Content-Type: application/json; charset=utf-8
cache-control: no-cache

22:59:56.254 [AsyncHttpClient-1-8] DEBUG org.asynchttpclient.netty.channel.ChannelManager - Adding key: http://localhost:35062 for channel [id: 0x4794f049, L:/127.0.0.1:54436 - R:localhost/127.0.0.1:35062]
22:59:56.256 [Forwarding getCurrentUrl on session 697e319583ecd65d4c92a424a4f12a1a to remote] DEBUG org.asynchttpclient.netty.request.NettyRequestSender - Using pooled Channel '[id: 0x4794f049, L:/127.0.0.1:54436 - R:localhost/127.0.0.1:35062]' for 'GET' to 'http://localhost:35062/session/697e319583ecd65d4c92a424a4f12a1a/url'
22:59:56.256 [Forwarding getCurrentUrl on session 697e319583ecd65d4c92a424a4f12a1a to remote] DEBUG org.asynchttpclient.netty.request.NettyRequestSender - Using open Channel [id: 0x4794f049, L:/127.0.0.1:54436 - R:localhost/127.0.0.1:35062] for GET '/session/697e319583ecd65d4c92a424a4f12a1a/url'
22:59:56.262 [AsyncHttpClient-1-8] DEBUG org.asynchttpclient.netty.handler.HttpHandler - 

Request DefaultFullHttpRequest(decodeResult: success, version: HTTP/1.1, content: EmptyByteBufBE)
GET /session/697e319583ecd65d4c92a424a4f12a1a/url HTTP/1.1
User-Agent: selenium/4.8.1 (java windows)
Cache-Control: no-cache
Content-Type: application/json; charset=utf-8
host: localhost:35062
accept: */*

Response DefaultHttpResponse(decodeResult: success, version: HTTP/1.1)
HTTP/1.1 200 OK
Content-Length: 51
Content-Type: application/json; charset=utf-8
cache-control: no-cache

22:59:56.262 [AsyncHttpClient-1-8] DEBUG org.asynchttpclient.netty.channel.ChannelManager - Adding key: http://localhost:35062 for channel [id: 0x4794f049, L:/127.0.0.1:54436 - R:localhost/127.0.0.1:35062]
22:59:56.264 [main] DEBUG net.thucydides.core.steps.StepInterceptor - STARTING STEP: LoginSteps.enterUnregistEmailLogin - inputUnregistEmailLogin
22:59:56.266 [Forwarding findElement on session 697e319583ecd65d4c92a424a4f12a1a to remote] DEBUG org.asynchttpclient.netty.request.NettyRequestSender - Using pooled Channel '[id: 0x4794f049, L:/127.0.0.1:54436 - R:localhost/127.0.0.1:35062]' for 'POST' to 'http://localhost:35062/session/697e319583ecd65d4c92a424a4f12a1a/element'
22:59:56.266 [Forwarding findElement on session 697e319583ecd65d4c92a424a4f12a1a to remote] DEBUG org.asynchttpclient.netty.request.NettyRequestSender - Using open Channel [id: 0x4794f049, L:/127.0.0.1:54436 - R:localhost/127.0.0.1:35062] for POST '/session/697e319583ecd65d4c92a424a4f12a1a/element'
22:59:56.282 [AsyncHttpClient-1-8] DEBUG org.asynchttpclient.netty.handler.HttpHandler - 

Request DefaultHttpRequest(decodeResult: success, version: HTTP/1.1)
POST /session/697e319583ecd65d4c92a424a4f12a1a/element HTTP/1.1
User-Agent: selenium/4.8.1 (java windows)
Content-Length: 55
Content-Type: application/json; charset=utf-8
host: localhost:35062
accept: */*

Response DefaultHttpResponse(decodeResult: success, version: HTTP/1.1)
HTTP/1.1 200 OK
Content-Length: 94
Content-Type: application/json; charset=utf-8
cache-control: no-cache

22:59:56.282 [AsyncHttpClient-1-8] DEBUG org.asynchttpclient.netty.channel.ChannelManager - Adding key: http://localhost:35062 for channel [id: 0x4794f049, L:/127.0.0.1:54436 - R:localhost/127.0.0.1:35062]
22:59:56.282 [Forwarding clearElement on session 697e319583ecd65d4c92a424a4f12a1a to remote] DEBUG org.asynchttpclient.netty.request.NettyRequestSender - Using pooled Channel '[id: 0x4794f049, L:/127.0.0.1:54436 - R:localhost/127.0.0.1:35062]' for 'POST' to 'http://localhost:35062/session/697e319583ecd65d4c92a424a4f12a1a/element/97F279E51C44C5B5A2D86B643AE8D848_element_5/clear'
22:59:56.282 [Forwarding clearElement on session 697e319583ecd65d4c92a424a4f12a1a to remote] DEBUG org.asynchttpclient.netty.request.NettyRequestSender - Using open Channel [id: 0x4794f049, L:/127.0.0.1:54436 - R:localhost/127.0.0.1:35062] for POST '/session/697e319583ecd65d4c92a424a4f12a1a/element/97F279E51C44C5B5A2D86B643AE8D848_element_5/clear'
22:59:56.330 [AsyncHttpClient-1-8] DEBUG org.asynchttpclient.netty.handler.HttpHandler - 

Request DefaultHttpRequest(decodeResult: success, version: HTTP/1.1)
POST /session/697e319583ecd65d4c92a424a4f12a1a/element/97F279E51C44C5B5A2D86B643AE8D848_element_5/clear HTTP/1.1
User-Agent: selenium/4.8.1 (java windows)
Content-Length: 56
Content-Type: application/json; charset=utf-8
host: localhost:35062
accept: */*

Response DefaultHttpResponse(decodeResult: success, version: HTTP/1.1)
HTTP/1.1 200 OK
Content-Length: 14
Content-Type: application/json; charset=utf-8
cache-control: no-cache

22:59:56.330 [AsyncHttpClient-1-8] DEBUG org.asynchttpclient.netty.channel.ChannelManager - Adding key: http://localhost:35062 for channel [id: 0x4794f049, L:/127.0.0.1:54436 - R:localhost/127.0.0.1:35062]
22:59:56.331 [Forwarding sendKeysToElement on session 697e319583ecd65d4c92a424a4f12a1a to remote] DEBUG org.asynchttpclient.netty.request.NettyRequestSender - Using pooled Channel '[id: 0x4794f049, L:/127.0.0.1:54436 - R:localhost/127.0.0.1:35062]' for 'POST' to 'http://localhost:35062/session/697e319583ecd65d4c92a424a4f12a1a/element/97F279E51C44C5B5A2D86B643AE8D848_element_5/value'
22:59:56.331 [Forwarding sendKeysToElement on session 697e319583ecd65d4c92a424a4f12a1a to remote] DEBUG org.asynchttpclient.netty.request.NettyRequestSender - Using open Channel [id: 0x4794f049, L:/127.0.0.1:54436 - R:localhost/127.0.0.1:35062] for POST '/session/697e319583ecd65d4c92a424a4f12a1a/element/97F279E51C44C5B5A2D86B643AE8D848_element_5/value'
22:59:56.539 [AsyncHttpClient-1-8] DEBUG org.asynchttpclient.netty.handler.HttpHandler - 

Request DefaultHttpRequest(decodeResult: success, version: HTTP/1.1)
POST /session/697e319583ecd65d4c92a424a4f12a1a/element/97F279E51C44C5B5A2D86B643AE8D848_element_5/value HTTP/1.1
User-Agent: selenium/4.8.1 (java windows)
Content-Length: 317
Content-Type: application/json; charset=utf-8
host: localhost:35062
accept: */*

Response DefaultHttpResponse(decodeResult: success, version: HTTP/1.1)
HTTP/1.1 200 OK
Content-Length: 14
Content-Type: application/json; charset=utf-8
cache-control: no-cache

22:59:56.539 [AsyncHttpClient-1-8] DEBUG org.asynchttpclient.netty.channel.ChannelManager - Adding key: http://localhost:35062 for channel [id: 0x4794f049, L:/127.0.0.1:54436 - R:localhost/127.0.0.1:35062]
22:59:56.551 [Forwarding getAlertText on session 697e319583ecd65d4c92a424a4f12a1a to remote] DEBUG org.asynchttpclient.netty.request.NettyRequestSender - Using pooled Channel '[id: 0x4794f049, L:/127.0.0.1:54436 - R:localhost/127.0.0.1:35062]' for 'GET' to 'http://localhost:35062/session/697e319583ecd65d4c92a424a4f12a1a/alert/text'
22:59:56.551 [Forwarding getAlertText on session 697e319583ecd65d4c92a424a4f12a1a to remote] DEBUG org.asynchttpclient.netty.request.NettyRequestSender - Using open Channel [id: 0x4794f049, L:/127.0.0.1:54436 - R:localhost/127.0.0.1:35062] for GET '/session/697e319583ecd65d4c92a424a4f12a1a/alert/text'
22:59:56.555 [AsyncHttpClient-1-8] DEBUG org.asynchttpclient.netty.handler.HttpHandler - 

Request DefaultFullHttpRequest(decodeResult: success, version: HTTP/1.1, content: EmptyByteBufBE)
GET /session/697e319583ecd65d4c92a424a4f12a1a/alert/text HTTP/1.1
User-Agent: selenium/4.8.1 (java windows)
Cache-Control: no-cache
Content-Type: application/json; charset=utf-8
host: localhost:35062
accept: */*

Response DefaultHttpResponse(decodeResult: success, version: HTTP/1.1)
HTTP/1.1 404 Not Found
Content-Length: 820
Content-Type: application/json; charset=utf-8
cache-control: no-cache

22:59:56.555 [AsyncHttpClient-1-8] DEBUG org.asynchttpclient.netty.channel.ChannelManager - Adding key: http://localhost:35062 for channel [id: 0x4794f049, L:/127.0.0.1:54436 - R:localhost/127.0.0.1:35062]
22:59:56.557 [Forwarding getCurrentUrl on session 697e319583ecd65d4c92a424a4f12a1a to remote] DEBUG org.asynchttpclient.netty.request.NettyRequestSender - Using pooled Channel '[id: 0x4794f049, L:/127.0.0.1:54436 - R:localhost/127.0.0.1:35062]' for 'GET' to 'http://localhost:35062/session/697e319583ecd65d4c92a424a4f12a1a/url'
22:59:56.557 [Forwarding getCurrentUrl on session 697e319583ecd65d4c92a424a4f12a1a to remote] DEBUG org.asynchttpclient.netty.request.NettyRequestSender - Using open Channel [id: 0x4794f049, L:/127.0.0.1:54436 - R:localhost/127.0.0.1:35062] for GET '/session/697e319583ecd65d4c92a424a4f12a1a/url'
22:59:56.570 [AsyncHttpClient-1-8] DEBUG org.asynchttpclient.netty.handler.HttpHandler - 

Request DefaultFullHttpRequest(decodeResult: success, version: HTTP/1.1, content: EmptyByteBufBE)
GET /session/697e319583ecd65d4c92a424a4f12a1a/url HTTP/1.1
User-Agent: selenium/4.8.1 (java windows)
Cache-Control: no-cache
Content-Type: application/json; charset=utf-8
host: localhost:35062
accept: */*

Response DefaultHttpResponse(decodeResult: success, version: HTTP/1.1)
HTTP/1.1 200 OK
Content-Length: 51
Content-Type: application/json; charset=utf-8
cache-control: no-cache

22:59:56.571 [AsyncHttpClient-1-8] DEBUG org.asynchttpclient.netty.channel.ChannelManager - Adding key: http://localhost:35062 for channel [id: 0x4794f049, L:/127.0.0.1:54436 - R:localhost/127.0.0.1:35062]
22:59:56.572 [Forwarding screenshot on session 697e319583ecd65d4c92a424a4f12a1a to remote] DEBUG org.asynchttpclient.netty.request.NettyRequestSender - Using pooled Channel '[id: 0x4794f049, L:/127.0.0.1:54436 - R:localhost/127.0.0.1:35062]' for 'GET' to 'http://localhost:35062/session/697e319583ecd65d4c92a424a4f12a1a/screenshot'
22:59:56.572 [Forwarding screenshot on session 697e319583ecd65d4c92a424a4f12a1a to remote] DEBUG org.asynchttpclient.netty.request.NettyRequestSender - Using open Channel [id: 0x4794f049, L:/127.0.0.1:54436 - R:localhost/127.0.0.1:35062] for GET '/session/697e319583ecd65d4c92a424a4f12a1a/screenshot'
22:59:56.855 [AsyncHttpClient-1-8] DEBUG org.asynchttpclient.netty.handler.HttpHandler - 

Request DefaultFullHttpRequest(decodeResult: success, version: HTTP/1.1, content: EmptyByteBufBE)
GET /session/697e319583ecd65d4c92a424a4f12a1a/screenshot HTTP/1.1
User-Agent: selenium/4.8.1 (java windows)
Cache-Control: no-cache
Content-Type: application/json; charset=utf-8
host: localhost:35062
accept: */*

Response DefaultHttpResponse(decodeResult: success, version: HTTP/1.1)
HTTP/1.1 200 OK
Content-Length: 39352
Content-Type: application/json; charset=utf-8
cache-control: no-cache

22:59:56.855 [AsyncHttpClient-1-8] DEBUG org.asynchttpclient.netty.channel.ChannelManager - Adding key: http://localhost:35062 for channel [id: 0x4794f049, L:/127.0.0.1:54436 - R:localhost/127.0.0.1:35062]
22:59:56.860 [main] DEBUG net.serenitybdd.core.photography.Darkroom - Send negative for processing for target\site\serenity\8feecb17f467427301aaa8cc505302cbd3bbaf0658a91ad6c110fcd753e8b166.png
22:59:56.860 [main] DEBUG net.thucydides.core.steps.StepInterceptor - STEP DONE: inputUnregistEmailLogin
22:59:56.861 [Darkroom Processing Line] DEBUG net.serenitybdd.core.photography.DarkroomProcessingLine - Processing screenshot image in /var/screenshots/screenshot-5599462604083803661
22:59:56.861 [Darkroom Processing Line] DEBUG net.serenitybdd.core.photography.DarkroomProcessingLine - Saving screenshot to target\site\serenity\8feecb17f467427301aaa8cc505302cbd3bbaf0658a91ad6c110fcd753e8b166.png
  &amp#27;[32mWhen &amp#27;[0m&amp#27;[32mI enter unregistered email login&amp#27;[0m  &amp#27;[90m# starter.stepdefinitions.LoginSteps.enterUnregistEmailLogin()&amp#27;[0m
22:59:56.882 [Forwarding getPageSource on session 697e319583ecd65d4c92a424a4f12a1a to remote] DEBUG org.asynchttpclient.netty.request.NettyRequestSender - Using pooled Channel '[id: 0x4794f049, L:/127.0.0.1:54436 - R:localhost/127.0.0.1:35062]' for 'POST' to 'http://localhost:35062/session/697e319583ecd65d4c92a424a4f12a1a/execute/sync'
22:59:56.882 [Forwarding getPageSource on session 697e319583ecd65d4c92a424a4f12a1a to remote] DEBUG org.asynchttpclient.netty.request.NettyRequestSender - Using open Channel [id: 0x4794f049, L:/127.0.0.1:54436 - R:localhost/127.0.0.1:35062] for POST '/session/697e319583ecd65d4c92a424a4f12a1a/execute/sync'
22:59:56.900 [AsyncHttpClient-1-8] DEBUG org.asynchttpclient.netty.handler.HttpHandler - 

Request DefaultHttpRequest(decodeResult: success, version: HTTP/1.1)
POST /session/697e319583ecd65d4c92a424a4f12a1a/execute/sync HTTP/1.1
User-Agent: selenium/4.8.1 (java windows)
Content-Length: 176
Content-Type: application/json; charset=utf-8
host: localhost:35062
accept: */*

Response DefaultHttpResponse(decodeResult: success, version: HTTP/1.1)
HTTP/1.1 200 OK
Content-Length: 21780
Content-Type: application/json; charset=utf-8
cache-control: no-cache

22:59:56.901 [AsyncHttpClient-1-8] DEBUG org.asynchttpclient.netty.channel.ChannelManager - Adding key: http://localhost:35062 for channel [id: 0x4794f049, L:/127.0.0.1:54436 - R:localhost/127.0.0.1:35062]
22:59:56.907 [Forwarding getCurrentUrl on session 697e319583ecd65d4c92a424a4f12a1a to remote] DEBUG org.asynchttpclient.netty.request.NettyRequestSender - Using pooled Channel '[id: 0x4794f049, L:/127.0.0.1:54436 - R:localhost/127.0.0.1:35062]' for 'GET' to 'http://localhost:35062/session/697e319583ecd65d4c92a424a4f12a1a/url'
22:59:56.907 [Forwarding getCurrentUrl on session 697e319583ecd65d4c92a424a4f12a1a to remote] DEBUG org.asynchttpclient.netty.request.NettyRequestSender - Using open Channel [id: 0x4794f049, L:/127.0.0.1:54436 - R:localhost/127.0.0.1:35062] for GET '/session/697e319583ecd65d4c92a424a4f12a1a/url'
22:59:56.921 [AsyncHttpClient-1-8] DEBUG org.asynchttpclient.netty.handler.HttpHandler - 

Request DefaultFullHttpRequest(decodeResult: success, version: HTTP/1.1, content: EmptyByteBufBE)
GET /session/697e319583ecd65d4c92a424a4f12a1a/url HTTP/1.1
User-Agent: selenium/4.8.1 (java windows)
Cache-Control: no-cache
Content-Type: application/json; charset=utf-8
host: localhost:35062
accept: */*

Response DefaultHttpResponse(decodeResult: success, version: HTTP/1.1)
HTTP/1.1 200 OK
Content-Length: 51
Content-Type: application/json; charset=utf-8
cache-control: no-cache

22:59:56.921 [AsyncHttpClient-1-8] DEBUG org.asynchttpclient.netty.channel.ChannelManager - Adding key: http://localhost:35062 for channel [id: 0x4794f049, L:/127.0.0.1:54436 - R:localhost/127.0.0.1:35062]
22:59:56.944 [Forwarding getAlertText on session 697e319583ecd65d4c92a424a4f12a1a to remote] DEBUG org.asynchttpclient.netty.request.NettyRequestSender - Using pooled Channel '[id: 0x4794f049, L:/127.0.0.1:54436 - R:localhost/127.0.0.1:35062]' for 'GET' to 'http://localhost:35062/session/697e319583ecd65d4c92a424a4f12a1a/alert/text'
22:59:56.944 [Forwarding getAlertText on session 697e319583ecd65d4c92a424a4f12a1a to remote] DEBUG org.asynchttpclient.netty.request.NettyRequestSender - Using open Channel [id: 0x4794f049, L:/127.0.0.1:54436 - R:localhost/127.0.0.1:35062] for GET '/session/697e319583ecd65d4c92a424a4f12a1a/alert/text'
22:59:56.947 [AsyncHttpClient-1-8] DEBUG org.asynchttpclient.netty.handler.HttpHandler - 

Request DefaultFullHttpRequest(decodeResult: success, version: HTTP/1.1, content: EmptyByteBufBE)
GET /session/697e319583ecd65d4c92a424a4f12a1a/alert/text HTTP/1.1
User-Agent: selenium/4.8.1 (java windows)
Cache-Control: no-cache
Content-Type: application/json; charset=utf-8
host: localhost:35062
accept: */*

Response DefaultHttpResponse(decodeResult: success, version: HTTP/1.1)
HTTP/1.1 404 Not Found
Content-Length: 820
Content-Type: application/json; charset=utf-8
cache-control: no-cache

22:59:56.948 [AsyncHttpClient-1-8] DEBUG org.asynchttpclient.netty.channel.ChannelManager - Adding key: http://localhost:35062 for channel [id: 0x4794f049, L:/127.0.0.1:54436 - R:localhost/127.0.0.1:35062]
22:59:56.951 [Forwarding getCurrentUrl on session 697e319583ecd65d4c92a424a4f12a1a to remote] DEBUG org.asynchttpclient.netty.request.NettyRequestSender - Using pooled Channel '[id: 0x4794f049, L:/127.0.0.1:54436 - R:localhost/127.0.0.1:35062]' for 'GET' to 'http://localhost:35062/session/697e319583ecd65d4c92a424a4f12a1a/url'
22:59:56.951 [Forwarding getCurrentUrl on session 697e319583ecd65d4c92a424a4f12a1a to remote] DEBUG org.asynchttpclient.netty.request.NettyRequestSender - Using open Channel [id: 0x4794f049, L:/127.0.0.1:54436 - R:localhost/127.0.0.1:35062] for GET '/session/697e319583ecd65d4c92a424a4f12a1a/url'
22:59:56.965 [AsyncHttpClient-1-8] DEBUG org.asynchttpclient.netty.handler.HttpHandler - 

Request DefaultFullHttpRequest(decodeResult: success, version: HTTP/1.1, content: EmptyByteBufBE)
GET /session/697e319583ecd65d4c92a424a4f12a1a/url HTTP/1.1
User-Agent: selenium/4.8.1 (java windows)
Cache-Control: no-cache
Content-Type: application/json; charset=utf-8
host: localhost:35062
accept: */*

Response DefaultHttpResponse(decodeResult: success, version: HTTP/1.1)
HTTP/1.1 200 OK
Content-Length: 51
Content-Type: application/json; charset=utf-8
cache-control: no-cache

22:59:56.965 [AsyncHttpClient-1-8] DEBUG org.asynchttpclient.netty.channel.ChannelManager - Adding key: http://localhost:35062 for channel [id: 0x4794f049, L:/127.0.0.1:54436 - R:localhost/127.0.0.1:35062]
22:59:56.967 [Forwarding screenshot on session 697e319583ecd65d4c92a424a4f12a1a to remote] DEBUG org.asynchttpclient.netty.request.NettyRequestSender - Using pooled Channel '[id: 0x4794f049, L:/127.0.0.1:54436 - R:localhost/127.0.0.1:35062]' for 'GET' to 'http://localhost:35062/session/697e319583ecd65d4c92a424a4f12a1a/screenshot'
22:59:56.967 [Forwarding screenshot on session 697e319583ecd65d4c92a424a4f12a1a to remote] DEBUG org.asynchttpclient.netty.request.NettyRequestSender - Using open Channel [id: 0x4794f049, L:/127.0.0.1:54436 - R:localhost/127.0.0.1:35062] for GET '/session/697e319583ecd65d4c92a424a4f12a1a/screenshot'
22:59:57.101 [AsyncHttpClient-1-1] DEBUG org.asynchttpclient.netty.channel.DefaultChannelPool - Entry count for : http://localhost:54437 : 1
22:59:57.149 [AsyncHttpClient-1-8] DEBUG org.asynchttpclient.netty.handler.HttpHandler - 

Request DefaultFullHttpRequest(decodeResult: success, version: HTTP/1.1, content: EmptyByteBufBE)
GET /session/697e319583ecd65d4c92a424a4f12a1a/screenshot HTTP/1.1
User-Agent: selenium/4.8.1 (java windows)
Cache-Control: no-cache
Content-Type: application/json; charset=utf-8
host: localhost:35062
accept: */*

Response DefaultHttpResponse(decodeResult: success, version: HTTP/1.1)
HTTP/1.1 200 OK
Content-Length: 39068
Content-Type: application/json; charset=utf-8
cache-control: no-cache

22:59:57.150 [AsyncHttpClient-1-8] DEBUG org.asynchttpclient.netty.channel.ChannelManager - Adding key: http://localhost:35062 for channel [id: 0x4794f049, L:/127.0.0.1:54436 - R:localhost/127.0.0.1:35062]
22:59:57.152 [main] DEBUG net.serenitybdd.core.photography.Darkroom - Send negative for processing for target\site\serenity\4642198affbc19908f1d85fc3b6326ada4ab63d5d2ee660e04da25c45047d123.png
22:59:57.152 [Darkroom Processing Line] DEBUG net.serenitybdd.core.photography.DarkroomProcessingLine - Processing screenshot image in /var/screenshots/screenshot-1812734068918873162
22:59:57.152 [Darkroom Processing Line] DEBUG net.serenitybdd.core.photography.DarkroomProcessingLine - Saving screenshot to target\site\serenity\4642198affbc19908f1d85fc3b6326ada4ab63d5d2ee660e04da25c45047d123.png
22:59:57.153 [Forwarding getPageSource on session 697e319583ecd65d4c92a424a4f12a1a to remote] DEBUG org.asynchttpclient.netty.request.NettyRequestSender - Using pooled Channel '[id: 0x4794f049, L:/127.0.0.1:54436 - R:localhost/127.0.0.1:35062]' for 'POST' to 'http://localhost:35062/session/697e319583ecd65d4c92a424a4f12a1a/execute/sync'
22:59:57.153 [Forwarding getPageSource on session 697e319583ecd65d4c92a424a4f12a1a to remote] DEBUG org.asynchttpclient.netty.request.NettyRequestSender - Using open Channel [id: 0x4794f049, L:/127.0.0.1:54436 - R:localhost/127.0.0.1:35062] for POST '/session/697e319583ecd65d4c92a424a4f12a1a/execute/sync'
22:59:57.162 [AsyncHttpClient-1-8] DEBUG org.asynchttpclient.netty.handler.HttpHandler - 

Request DefaultHttpRequest(decodeResult: success, version: HTTP/1.1)
POST /session/697e319583ecd65d4c92a424a4f12a1a/execute/sync HTTP/1.1
User-Agent: selenium/4.8.1 (java windows)
Content-Length: 176
Content-Type: application/json; charset=utf-8
host: localhost:35062
accept: */*

Response DefaultHttpResponse(decodeResult: success, version: HTTP/1.1)
HTTP/1.1 200 OK
Content-Length: 21780
Content-Type: application/json; charset=utf-8
cache-control: no-cache

22:59:57.162 [AsyncHttpClient-1-8] DEBUG org.asynchttpclient.netty.channel.ChannelManager - Adding key: http://localhost:35062 for channel [id: 0x4794f049, L:/127.0.0.1:54436 - R:localhost/127.0.0.1:35062]
22:59:57.164 [Forwarding getCurrentUrl on session 697e319583ecd65d4c92a424a4f12a1a to remote] DEBUG org.asynchttpclient.netty.request.NettyRequestSender - Using pooled Channel '[id: 0x4794f049, L:/127.0.0.1:54436 - R:localhost/127.0.0.1:35062]' for 'GET' to 'http://localhost:35062/session/697e319583ecd65d4c92a424a4f12a1a/url'
22:59:57.164 [Forwarding getCurrentUrl on session 697e319583ecd65d4c92a424a4f12a1a to remote] DEBUG org.asynchttpclient.netty.request.NettyRequestSender - Using open Channel [id: 0x4794f049, L:/127.0.0.1:54436 - R:localhost/127.0.0.1:35062] for GET '/session/697e319583ecd65d4c92a424a4f12a1a/url'
22:59:57.171 [AsyncHttpClient-1-8] DEBUG org.asynchttpclient.netty.handler.HttpHandler - 

Request DefaultFullHttpRequest(decodeResult: success, version: HTTP/1.1, content: EmptyByteBufBE)
GET /session/697e319583ecd65d4c92a424a4f12a1a/url HTTP/1.1
User-Agent: selenium/4.8.1 (java windows)
Cache-Control: no-cache
Content-Type: application/json; charset=utf-8
host: localhost:35062
accept: */*

Response DefaultHttpResponse(decodeResult: success, version: HTTP/1.1)
HTTP/1.1 200 OK
Content-Length: 51
Content-Type: application/json; charset=utf-8
cache-control: no-cache

22:59:57.171 [AsyncHttpClient-1-8] DEBUG org.asynchttpclient.netty.channel.ChannelManager - Adding key: http://localhost:35062 for channel [id: 0x4794f049, L:/127.0.0.1:54436 - R:localhost/127.0.0.1:35062]
22:59:57.173 [main] DEBUG net.thucydides.core.steps.StepInterceptor - STARTING STEP: LoginSteps.enterValidPasswordLogin - inputPasswordLogin
22:59:57.175 [Forwarding findElement on session 697e319583ecd65d4c92a424a4f12a1a to remote] DEBUG org.asynchttpclient.netty.request.NettyRequestSender - Using pooled Channel '[id: 0x4794f049, L:/127.0.0.1:54436 - R:localhost/127.0.0.1:35062]' for 'POST' to 'http://localhost:35062/session/697e319583ecd65d4c92a424a4f12a1a/element'
22:59:57.175 [Forwarding findElement on session 697e319583ecd65d4c92a424a4f12a1a to remote] DEBUG org.asynchttpclient.netty.request.NettyRequestSender - Using open Channel [id: 0x4794f049, L:/127.0.0.1:54436 - R:localhost/127.0.0.1:35062] for POST '/session/697e319583ecd65d4c92a424a4f12a1a/element'
22:59:57.186 [AsyncHttpClient-1-8] DEBUG org.asynchttpclient.netty.handler.HttpHandler - 

Request DefaultHttpRequest(decodeResult: success, version: HTTP/1.1)
POST /session/697e319583ecd65d4c92a424a4f12a1a/element HTTP/1.1
User-Agent: selenium/4.8.1 (java windows)
Content-Length: 55
Content-Type: application/json; charset=utf-8
host: localhost:35062
accept: */*

Response DefaultHttpResponse(decodeResult: success, version: HTTP/1.1)
HTTP/1.1 200 OK
Content-Length: 94
Content-Type: application/json; charset=utf-8
cache-control: no-cache

22:59:57.186 [AsyncHttpClient-1-8] DEBUG org.asynchttpclient.netty.channel.ChannelManager - Adding key: http://localhost:35062 for channel [id: 0x4794f049, L:/127.0.0.1:54436 - R:localhost/127.0.0.1:35062]
22:59:57.187 [Forwarding clearElement on session 697e319583ecd65d4c92a424a4f12a1a to remote] DEBUG org.asynchttpclient.netty.request.NettyRequestSender - Using pooled Channel '[id: 0x4794f049, L:/127.0.0.1:54436 - R:localhost/127.0.0.1:35062]' for 'POST' to 'http://localhost:35062/session/697e319583ecd65d4c92a424a4f12a1a/element/97F279E51C44C5B5A2D86B643AE8D848_element_7/clear'
22:59:57.187 [Forwarding clearElement on session 697e319583ecd65d4c92a424a4f12a1a to remote] DEBUG org.asynchttpclient.netty.request.NettyRequestSender - Using open Channel [id: 0x4794f049, L:/127.0.0.1:54436 - R:localhost/127.0.0.1:35062] for POST '/session/697e319583ecd65d4c92a424a4f12a1a/element/97F279E51C44C5B5A2D86B643AE8D848_element_7/clear'
22:59:57.224 [AsyncHttpClient-1-8] DEBUG org.asynchttpclient.netty.handler.HttpHandler - 

Request DefaultHttpRequest(decodeResult: success, version: HTTP/1.1)
POST /session/697e319583ecd65d4c92a424a4f12a1a/element/97F279E51C44C5B5A2D86B643AE8D848_element_7/clear HTTP/1.1
User-Agent: selenium/4.8.1 (java windows)
Content-Length: 56
Content-Type: application/json; charset=utf-8
host: localhost:35062
accept: */*

Response DefaultHttpResponse(decodeResult: success, version: HTTP/1.1)
HTTP/1.1 200 OK
Content-Length: 14
Content-Type: application/json; charset=utf-8
cache-control: no-cache

22:59:57.224 [AsyncHttpClient-1-8] DEBUG org.asynchttpclient.netty.channel.ChannelManager - Adding key: http://localhost:35062 for channel [id: 0x4794f049, L:/127.0.0.1:54436 - R:localhost/127.0.0.1:35062]
22:59:57.225 [Forwarding sendKeysToElement on session 697e319583ecd65d4c92a424a4f12a1a to remote] DEBUG org.asynchttpclient.netty.request.NettyRequestSender - Using pooled Channel '[id: 0x4794f049, L:/127.0.0.1:54436 - R:localhost/127.0.0.1:35062]' for 'POST' to 'http://localhost:35062/session/697e319583ecd65d4c92a424a4f12a1a/element/97F279E51C44C5B5A2D86B643AE8D848_element_7/value'
22:59:57.225 [Forwarding sendKeysToElement on session 697e319583ecd65d4c92a424a4f12a1a to remote] DEBUG org.asynchttpclient.netty.request.NettyRequestSender - Using open Channel [id: 0x4794f049, L:/127.0.0.1:54436 - R:localhost/127.0.0.1:35062] for POST '/session/697e319583ecd65d4c92a424a4f12a1a/element/97F279E51C44C5B5A2D86B643AE8D848_element_7/value'
22:59:57.320 [AsyncHttpClient-1-8] DEBUG org.asynchttpclient.netty.handler.HttpHandler - 

Request DefaultHttpRequest(decodeResult: success, version: HTTP/1.1)
POST /session/697e319583ecd65d4c92a424a4f12a1a/element/97F279E51C44C5B5A2D86B643AE8D848_element_7/value HTTP/1.1
User-Agent: selenium/4.8.1 (java windows)
Content-Length: 147
Content-Type: application/json; charset=utf-8
host: localhost:35062
accept: */*

Response DefaultHttpResponse(decodeResult: success, version: HTTP/1.1)
HTTP/1.1 200 OK
Content-Length: 14
Content-Type: application/json; charset=utf-8
cache-control: no-cache

22:59:57.320 [AsyncHttpClient-1-8] DEBUG org.asynchttpclient.netty.channel.ChannelManager - Adding key: http://localhost:35062 for channel [id: 0x4794f049, L:/127.0.0.1:54436 - R:localhost/127.0.0.1:35062]
22:59:57.326 [Forwarding getAlertText on session 697e319583ecd65d4c92a424a4f12a1a to remote] DEBUG org.asynchttpclient.netty.request.NettyRequestSender - Using pooled Channel '[id: 0x4794f049, L:/127.0.0.1:54436 - R:localhost/127.0.0.1:35062]' for 'GET' to 'http://localhost:35062/session/697e319583ecd65d4c92a424a4f12a1a/alert/text'
22:59:57.326 [Forwarding getAlertText on session 697e319583ecd65d4c92a424a4f12a1a to remote] DEBUG org.asynchttpclient.netty.request.NettyRequestSender - Using open Channel [id: 0x4794f049, L:/127.0.0.1:54436 - R:localhost/127.0.0.1:35062] for GET '/session/697e319583ecd65d4c92a424a4f12a1a/alert/text'
22:59:57.328 [AsyncHttpClient-1-8] DEBUG org.asynchttpclient.netty.handler.HttpHandler - 

Request DefaultFullHttpRequest(decodeResult: success, version: HTTP/1.1, content: EmptyByteBufBE)
GET /session/697e319583ecd65d4c92a424a4f12a1a/alert/text HTTP/1.1
User-Agent: selenium/4.8.1 (java windows)
Cache-Control: no-cache
Content-Type: application/json; charset=utf-8
host: localhost:35062
accept: */*

Response DefaultHttpResponse(decodeResult: success, version: HTTP/1.1)
HTTP/1.1 404 Not Found
Content-Length: 820
Content-Type: application/json; charset=utf-8
cache-control: no-cache

22:59:57.328 [AsyncHttpClient-1-8] DEBUG org.asynchttpclient.netty.channel.ChannelManager - Adding key: http://localhost:35062 for channel [id: 0x4794f049, L:/127.0.0.1:54436 - R:localhost/127.0.0.1:35062]
22:59:57.329 [Forwarding getCurrentUrl on session 697e319583ecd65d4c92a424a4f12a1a to remote] DEBUG org.asynchttpclient.netty.request.NettyRequestSender - Using pooled Channel '[id: 0x4794f049, L:/127.0.0.1:54436 - R:localhost/127.0.0.1:35062]' for 'GET' to 'http://localhost:35062/session/697e319583ecd65d4c92a424a4f12a1a/url'
22:59:57.329 [Forwarding getCurrentUrl on session 697e319583ecd65d4c92a424a4f12a1a to remote] DEBUG org.asynchttpclient.netty.request.NettyRequestSender - Using open Channel [id: 0x4794f049, L:/127.0.0.1:54436 - R:localhost/127.0.0.1:35062] for GET '/session/697e319583ecd65d4c92a424a4f12a1a/url'
22:59:57.339 [AsyncHttpClient-1-8] DEBUG org.asynchttpclient.netty.handler.HttpHandler - 

Request DefaultFullHttpRequest(decodeResult: success, version: HTTP/1.1, content: EmptyByteBufBE)
GET /session/697e319583ecd65d4c92a424a4f12a1a/url HTTP/1.1
User-Agent: selenium/4.8.1 (java windows)
Cache-Control: no-cache
Content-Type: application/json; charset=utf-8
host: localhost:35062
accept: */*

Response DefaultHttpResponse(decodeResult: success, version: HTTP/1.1)
HTTP/1.1 200 OK
Content-Length: 51
Content-Type: application/json; charset=utf-8
cache-control: no-cache

22:59:57.345 [AsyncHttpClient-1-8] DEBUG org.asynchttpclient.netty.channel.ChannelManager - Adding key: http://localhost:35062 for channel [id: 0x4794f049, L:/127.0.0.1:54436 - R:localhost/127.0.0.1:35062]
22:59:57.347 [Forwarding screenshot on session 697e319583ecd65d4c92a424a4f12a1a to remote] DEBUG org.asynchttpclient.netty.request.NettyRequestSender - Using pooled Channel '[id: 0x4794f049, L:/127.0.0.1:54436 - R:localhost/127.0.0.1:35062]' for 'GET' to 'http://localhost:35062/session/697e319583ecd65d4c92a424a4f12a1a/screenshot'
22:59:57.347 [Forwarding screenshot on session 697e319583ecd65d4c92a424a4f12a1a to remote] DEBUG org.asynchttpclient.netty.request.NettyRequestSender - Using open Channel [id: 0x4794f049, L:/127.0.0.1:54436 - R:localhost/127.0.0.1:35062] for GET '/session/697e319583ecd65d4c92a424a4f12a1a/screenshot'
22:59:57.573 [AsyncHttpClient-1-8] DEBUG org.asynchttpclient.netty.handler.HttpHandler - 

Request DefaultFullHttpRequest(decodeResult: success, version: HTTP/1.1, content: EmptyByteBufBE)
GET /session/697e319583ecd65d4c92a424a4f12a1a/screenshot HTTP/1.1
User-Agent: selenium/4.8.1 (java windows)
Cache-Control: no-cache
Content-Type: application/json; charset=utf-8
host: localhost:35062
accept: */*

Response DefaultHttpResponse(decodeResult: success, version: HTTP/1.1)
HTTP/1.1 200 OK
Content-Length: 41028
Content-Type: application/json; charset=utf-8
cache-control: no-cache

22:59:57.573 [AsyncHttpClient-1-8] DEBUG org.asynchttpclient.netty.channel.ChannelManager - Adding key: http://localhost:35062 for channel [id: 0x4794f049, L:/127.0.0.1:54436 - R:localhost/127.0.0.1:35062]
22:59:57.576 [main] DEBUG net.serenitybdd.core.photography.Darkroom - Send negative for processing for target\site\serenity\e8eb1a48a510b5a7d7cd9db90351fae3256f6e43ac01bf45dacdbb7e4bb6b1c2.png
22:59:57.576 [main] DEBUG net.thucydides.core.steps.StepInterceptor - STEP DONE: inputPasswordLogin
  &amp#27;[32mAnd &amp#27;[0m&amp#27;[32mI enter valid password login&amp#27;[0m       &amp#27;[90m# starter.stepdefinitions.LoginSteps.enterValidPasswordLogin()&amp#27;[0m
22:59:57.576 [Darkroom Processing Line] DEBUG net.serenitybdd.core.photography.DarkroomProcessingLine - Processing screenshot image in /var/screenshots/screenshot-6636812196074986358
22:59:57.576 [Darkroom Processing Line] DEBUG net.serenitybdd.core.photography.DarkroomProcessingLine - Saving screenshot to target\site\serenity\e8eb1a48a510b5a7d7cd9db90351fae3256f6e43ac01bf45dacdbb7e4bb6b1c2.png
22:59:57.586 [Forwarding getPageSource on session 697e319583ecd65d4c92a424a4f12a1a to remote] DEBUG org.asynchttpclient.netty.request.NettyRequestSender - Using pooled Channel '[id: 0x4794f049, L:/127.0.0.1:54436 - R:localhost/127.0.0.1:35062]' for 'POST' to 'http://localhost:35062/session/697e319583ecd65d4c92a424a4f12a1a/execute/sync'
22:59:57.586 [Forwarding getPageSource on session 697e319583ecd65d4c92a424a4f12a1a to remote] DEBUG org.asynchttpclient.netty.request.NettyRequestSender - Using open Channel [id: 0x4794f049, L:/127.0.0.1:54436 - R:localhost/127.0.0.1:35062] for POST '/session/697e319583ecd65d4c92a424a4f12a1a/execute/sync'
22:59:57.597 [AsyncHttpClient-1-8] DEBUG org.asynchttpclient.netty.handler.HttpHandler - 

Request DefaultHttpRequest(decodeResult: success, version: HTTP/1.1)
POST /session/697e319583ecd65d4c92a424a4f12a1a/execute/sync HTTP/1.1
User-Agent: selenium/4.8.1 (java windows)
Content-Length: 176
Content-Type: application/json; charset=utf-8
host: localhost:35062
accept: */*

Response DefaultHttpResponse(decodeResult: success, version: HTTP/1.1)
HTTP/1.1 200 OK
Content-Length: 21839
Content-Type: application/json; charset=utf-8
cache-control: no-cache

22:59:57.597 [AsyncHttpClient-1-8] DEBUG org.asynchttpclient.netty.channel.ChannelManager - Adding key: http://localhost:35062 for channel [id: 0x4794f049, L:/127.0.0.1:54436 - R:localhost/127.0.0.1:35062]
22:59:57.600 [Forwarding getCurrentUrl on session 697e319583ecd65d4c92a424a4f12a1a to remote] DEBUG org.asynchttpclient.netty.request.NettyRequestSender - Using pooled Channel '[id: 0x4794f049, L:/127.0.0.1:54436 - R:localhost/127.0.0.1:35062]' for 'GET' to 'http://localhost:35062/session/697e319583ecd65d4c92a424a4f12a1a/url'
22:59:57.600 [Forwarding getCurrentUrl on session 697e319583ecd65d4c92a424a4f12a1a to remote] DEBUG org.asynchttpclient.netty.request.NettyRequestSender - Using open Channel [id: 0x4794f049, L:/127.0.0.1:54436 - R:localhost/127.0.0.1:35062] for GET '/session/697e319583ecd65d4c92a424a4f12a1a/url'
22:59:57.608 [AsyncHttpClient-1-8] DEBUG org.asynchttpclient.netty.handler.HttpHandler - 

Request DefaultFullHttpRequest(decodeResult: success, version: HTTP/1.1, content: EmptyByteBufBE)
GET /session/697e319583ecd65d4c92a424a4f12a1a/url HTTP/1.1
User-Agent: selenium/4.8.1 (java windows)
Cache-Control: no-cache
Content-Type: application/json; charset=utf-8
host: localhost:35062
accept: */*

Response DefaultHttpResponse(decodeResult: success, version: HTTP/1.1)
HTTP/1.1 200 OK
Content-Length: 51
Content-Type: application/json; charset=utf-8
cache-control: no-cache

22:59:57.608 [AsyncHttpClient-1-8] DEBUG org.asynchttpclient.netty.channel.ChannelManager - Adding key: http://localhost:35062 for channel [id: 0x4794f049, L:/127.0.0.1:54436 - R:localhost/127.0.0.1:35062]
22:59:57.617 [Forwarding getPageSource on session 697e319583ecd65d4c92a424a4f12a1a to remote] DEBUG org.asynchttpclient.netty.request.NettyRequestSender - Using pooled Channel '[id: 0x4794f049, L:/127.0.0.1:54436 - R:localhost/127.0.0.1:35062]' for 'POST' to 'http://localhost:35062/session/697e319583ecd65d4c92a424a4f12a1a/execute/sync'
22:59:57.617 [Forwarding getPageSource on session 697e319583ecd65d4c92a424a4f12a1a to remote] DEBUG org.asynchttpclient.netty.request.NettyRequestSender - Using open Channel [id: 0x4794f049, L:/127.0.0.1:54436 - R:localhost/127.0.0.1:35062] for POST '/session/697e319583ecd65d4c92a424a4f12a1a/execute/sync'
22:59:57.629 [AsyncHttpClient-1-8] DEBUG org.asynchttpclient.netty.handler.HttpHandler - 

Request DefaultHttpRequest(decodeResult: success, version: HTTP/1.1)
POST /session/697e319583ecd65d4c92a424a4f12a1a/execute/sync HTTP/1.1
User-Agent: selenium/4.8.1 (java windows)
Content-Length: 176
Content-Type: application/json; charset=utf-8
host: localhost:35062
accept: */*

Response DefaultHttpResponse(decodeResult: success, version: HTTP/1.1)
HTTP/1.1 200 OK
Content-Length: 21839
Content-Type: application/json; charset=utf-8
cache-control: no-cache

22:59:57.629 [AsyncHttpClient-1-8] DEBUG org.asynchttpclient.netty.channel.ChannelManager - Adding key: http://localhost:35062 for channel [id: 0x4794f049, L:/127.0.0.1:54436 - R:localhost/127.0.0.1:35062]
22:59:57.632 [Forwarding getCurrentUrl on session 697e319583ecd65d4c92a424a4f12a1a to remote] DEBUG org.asynchttpclient.netty.request.NettyRequestSender - Using pooled Channel '[id: 0x4794f049, L:/127.0.0.1:54436 - R:localhost/127.0.0.1:35062]' for 'GET' to 'http://localhost:35062/session/697e319583ecd65d4c92a424a4f12a1a/url'
22:59:57.632 [Forwarding getCurrentUrl on session 697e319583ecd65d4c92a424a4f12a1a to remote] DEBUG org.asynchttpclient.netty.request.NettyRequestSender - Using open Channel [id: 0x4794f049, L:/127.0.0.1:54436 - R:localhost/127.0.0.1:35062] for GET '/session/697e319583ecd65d4c92a424a4f12a1a/url'
22:59:57.640 [AsyncHttpClient-1-8] DEBUG org.asynchttpclient.netty.handler.HttpHandler - 

Request DefaultFullHttpRequest(decodeResult: success, version: HTTP/1.1, content: EmptyByteBufBE)
GET /session/697e319583ecd65d4c92a424a4f12a1a/url HTTP/1.1
User-Agent: selenium/4.8.1 (java windows)
Cache-Control: no-cache
Content-Type: application/json; charset=utf-8
host: localhost:35062
accept: */*

Response DefaultHttpResponse(decodeResult: success, version: HTTP/1.1)
HTTP/1.1 200 OK
Content-Length: 51
Content-Type: application/json; charset=utf-8
cache-control: no-cache

22:59:57.640 [AsyncHttpClient-1-8] DEBUG org.asynchttpclient.netty.channel.ChannelManager - Adding key: http://localhost:35062 for channel [id: 0x4794f049, L:/127.0.0.1:54436 - R:localhost/127.0.0.1:35062]
22:59:57.642 [main] DEBUG net.thucydides.core.steps.StepInterceptor - STARTING STEP: LoginSteps.clickLoginButton - clickLogButton
22:59:57.645 [Forwarding findElement on session 697e319583ecd65d4c92a424a4f12a1a to remote] DEBUG org.asynchttpclient.netty.request.NettyRequestSender - Using pooled Channel '[id: 0x4794f049, L:/127.0.0.1:54436 - R:localhost/127.0.0.1:35062]' for 'POST' to 'http://localhost:35062/session/697e319583ecd65d4c92a424a4f12a1a/element'
22:59:57.645 [Forwarding findElement on session 697e319583ecd65d4c92a424a4f12a1a to remote] DEBUG org.asynchttpclient.netty.request.NettyRequestSender - Using open Channel [id: 0x4794f049, L:/127.0.0.1:54436 - R:localhost/127.0.0.1:35062] for POST '/session/697e319583ecd65d4c92a424a4f12a1a/element'
22:59:57.666 [AsyncHttpClient-1-8] DEBUG org.asynchttpclient.netty.handler.HttpHandler - 

Request DefaultHttpRequest(decodeResult: success, version: HTTP/1.1)
POST /session/697e319583ecd65d4c92a424a4f12a1a/element HTTP/1.1
User-Agent: selenium/4.8.1 (java windows)
Content-Length: 142
Content-Type: application/json; charset=utf-8
host: localhost:35062
accept: */*

Response DefaultHttpResponse(decodeResult: success, version: HTTP/1.1)
HTTP/1.1 200 OK
Content-Length: 94
Content-Type: application/json; charset=utf-8
cache-control: no-cache

22:59:57.666 [AsyncHttpClient-1-8] DEBUG org.asynchttpclient.netty.channel.ChannelManager - Adding key: http://localhost:35062 for channel [id: 0x4794f049, L:/127.0.0.1:54436 - R:localhost/127.0.0.1:35062]
22:59:57.667 [Forwarding getElementTagName on session 697e319583ecd65d4c92a424a4f12a1a to remote] DEBUG org.asynchttpclient.netty.request.NettyRequestSender - Using pooled Channel '[id: 0x4794f049, L:/127.0.0.1:54436 - R:localhost/127.0.0.1:35062]' for 'GET' to 'http://localhost:35062/session/697e319583ecd65d4c92a424a4f12a1a/element/97F279E51C44C5B5A2D86B643AE8D848_element_8/name'
22:59:57.667 [Forwarding getElementTagName on session 697e319583ecd65d4c92a424a4f12a1a to remote] DEBUG org.asynchttpclient.netty.request.NettyRequestSender - Using open Channel [id: 0x4794f049, L:/127.0.0.1:54436 - R:localhost/127.0.0.1:35062] for GET '/session/697e319583ecd65d4c92a424a4f12a1a/element/97F279E51C44C5B5A2D86B643AE8D848_element_8/name'
22:59:57.678 [AsyncHttpClient-1-8] DEBUG org.asynchttpclient.netty.handler.HttpHandler - 

Request DefaultFullHttpRequest(decodeResult: success, version: HTTP/1.1, content: EmptyByteBufBE)
GET /session/697e319583ecd65d4c92a424a4f12a1a/element/97F279E51C44C5B5A2D86B643AE8D848_element_8/name HTTP/1.1
User-Agent: selenium/4.8.1 (java windows)
Cache-Control: no-cache
Content-Type: application/json; charset=utf-8
host: localhost:35062
accept: */*

Response DefaultHttpResponse(decodeResult: success, version: HTTP/1.1)
HTTP/1.1 200 OK
Content-Length: 18
Content-Type: application/json; charset=utf-8
cache-control: no-cache

22:59:57.678 [AsyncHttpClient-1-8] DEBUG org.asynchttpclient.netty.channel.ChannelManager - Adding key: http://localhost:35062 for channel [id: 0x4794f049, L:/127.0.0.1:54436 - R:localhost/127.0.0.1:35062]
22:59:57.679 [Forwarding getElementTagName on session 697e319583ecd65d4c92a424a4f12a1a to remote] DEBUG org.asynchttpclient.netty.request.NettyRequestSender - Using pooled Channel '[id: 0x4794f049, L:/127.0.0.1:54436 - R:localhost/127.0.0.1:35062]' for 'GET' to 'http://localhost:35062/session/697e319583ecd65d4c92a424a4f12a1a/element/97F279E51C44C5B5A2D86B643AE8D848_element_8/name'
22:59:57.679 [Forwarding getElementTagName on session 697e319583ecd65d4c92a424a4f12a1a to remote] DEBUG org.asynchttpclient.netty.request.NettyRequestSender - Using open Channel [id: 0x4794f049, L:/127.0.0.1:54436 - R:localhost/127.0.0.1:35062] for GET '/session/697e319583ecd65d4c92a424a4f12a1a/element/97F279E51C44C5B5A2D86B643AE8D848_element_8/name'
22:59:57.688 [AsyncHttpClient-1-8] DEBUG org.asynchttpclient.netty.handler.HttpHandler - 

Request DefaultFullHttpRequest(decodeResult: success, version: HTTP/1.1, content: EmptyByteBufBE)
GET /session/697e319583ecd65d4c92a424a4f12a1a/element/97F279E51C44C5B5A2D86B643AE8D848_element_8/name HTTP/1.1
User-Agent: selenium/4.8.1 (java windows)
Cache-Control: no-cache
Content-Type: application/json; charset=utf-8
host: localhost:35062
accept: */*

Response DefaultHttpResponse(decodeResult: success, version: HTTP/1.1)
HTTP/1.1 200 OK
Content-Length: 18
Content-Type: application/json; charset=utf-8
cache-control: no-cache

22:59:57.688 [AsyncHttpClient-1-8] DEBUG org.asynchttpclient.netty.channel.ChannelManager - Adding key: http://localhost:35062 for channel [id: 0x4794f049, L:/127.0.0.1:54436 - R:localhost/127.0.0.1:35062]
22:59:57.690 [Forwarding isElementEnabled on session 697e319583ecd65d4c92a424a4f12a1a to remote] DEBUG org.asynchttpclient.netty.request.NettyRequestSender - Using pooled Channel '[id: 0x4794f049, L:/127.0.0.1:54436 - R:localhost/127.0.0.1:35062]' for 'GET' to 'http://localhost:35062/session/697e319583ecd65d4c92a424a4f12a1a/element/97F279E51C44C5B5A2D86B643AE8D848_element_8/enabled'
22:59:57.690 [Forwarding isElementEnabled on session 697e319583ecd65d4c92a424a4f12a1a to remote] DEBUG org.asynchttpclient.netty.request.NettyRequestSender - Using open Channel [id: 0x4794f049, L:/127.0.0.1:54436 - R:localhost/127.0.0.1:35062] for GET '/session/697e319583ecd65d4c92a424a4f12a1a/element/97F279E51C44C5B5A2D86B643AE8D848_element_8/enabled'
22:59:57.702 [AsyncHttpClient-1-8] DEBUG org.asynchttpclient.netty.handler.HttpHandler - 

Request DefaultFullHttpRequest(decodeResult: success, version: HTTP/1.1, content: EmptyByteBufBE)
GET /session/697e319583ecd65d4c92a424a4f12a1a/element/97F279E51C44C5B5A2D86B643AE8D848_element_8/enabled HTTP/1.1
User-Agent: selenium/4.8.1 (java windows)
Cache-Control: no-cache
Content-Type: application/json; charset=utf-8
host: localhost:35062
accept: */*

Response DefaultHttpResponse(decodeResult: success, version: HTTP/1.1)
HTTP/1.1 200 OK
Content-Length: 14
Content-Type: application/json; charset=utf-8
cache-control: no-cache

22:59:57.703 [AsyncHttpClient-1-8] DEBUG org.asynchttpclient.netty.channel.ChannelManager - Adding key: http://localhost:35062 for channel [id: 0x4794f049, L:/127.0.0.1:54436 - R:localhost/127.0.0.1:35062]
22:59:57.704 [Forwarding isElementEnabled on session 697e319583ecd65d4c92a424a4f12a1a to remote] DEBUG org.asynchttpclient.netty.request.NettyRequestSender - Using pooled Channel '[id: 0x4794f049, L:/127.0.0.1:54436 - R:localhost/127.0.0.1:35062]' for 'GET' to 'http://localhost:35062/session/697e319583ecd65d4c92a424a4f12a1a/element/97F279E51C44C5B5A2D86B643AE8D848_element_8/enabled'
22:59:57.704 [Forwarding isElementEnabled on session 697e319583ecd65d4c92a424a4f12a1a to remote] DEBUG org.asynchttpclient.netty.request.NettyRequestSender - Using open Channel [id: 0x4794f049, L:/127.0.0.1:54436 - R:localhost/127.0.0.1:35062] for GET '/session/697e319583ecd65d4c92a424a4f12a1a/element/97F279E51C44C5B5A2D86B643AE8D848_element_8/enabled'
22:59:57.715 [AsyncHttpClient-1-8] DEBUG org.asynchttpclient.netty.handler.HttpHandler - 

Request DefaultFullHttpRequest(decodeResult: success, version: HTTP/1.1, content: EmptyByteBufBE)
GET /session/697e319583ecd65d4c92a424a4f12a1a/element/97F279E51C44C5B5A2D86B643AE8D848_element_8/enabled HTTP/1.1
User-Agent: selenium/4.8.1 (java windows)
Cache-Control: no-cache
Content-Type: application/json; charset=utf-8
host: localhost:35062
accept: */*

Response DefaultHttpResponse(decodeResult: success, version: HTTP/1.1)
HTTP/1.1 200 OK
Content-Length: 14
Content-Type: application/json; charset=utf-8
cache-control: no-cache

22:59:57.715 [AsyncHttpClient-1-8] DEBUG org.asynchttpclient.netty.channel.ChannelManager - Adding key: http://localhost:35062 for channel [id: 0x4794f049, L:/127.0.0.1:54436 - R:localhost/127.0.0.1:35062]
22:59:57.716 [Forwarding findElement on session 697e319583ecd65d4c92a424a4f12a1a to remote] DEBUG org.asynchttpclient.netty.request.NettyRequestSender - Using pooled Channel '[id: 0x4794f049, L:/127.0.0.1:54436 - R:localhost/127.0.0.1:35062]' for 'POST' to 'http://localhost:35062/session/697e319583ecd65d4c92a424a4f12a1a/element'
22:59:57.716 [Forwarding findElement on session 697e319583ecd65d4c92a424a4f12a1a to remote] DEBUG org.asynchttpclient.netty.request.NettyRequestSender - Using open Channel [id: 0x4794f049, L:/127.0.0.1:54436 - R:localhost/127.0.0.1:35062] for POST '/session/697e319583ecd65d4c92a424a4f12a1a/element'
22:59:57.727 [AsyncHttpClient-1-8] DEBUG org.asynchttpclient.netty.handler.HttpHandler - 

Request DefaultHttpRequest(decodeResult: success, version: HTTP/1.1)
POST /session/697e319583ecd65d4c92a424a4f12a1a/element HTTP/1.1
User-Agent: selenium/4.8.1 (java windows)
Content-Length: 142
Content-Type: application/json; charset=utf-8
host: localhost:35062
accept: */*

Response DefaultHttpResponse(decodeResult: success, version: HTTP/1.1)
HTTP/1.1 200 OK
Content-Length: 94
Content-Type: application/json; charset=utf-8
cache-control: no-cache

22:59:57.728 [AsyncHttpClient-1-8] DEBUG org.asynchttpclient.netty.channel.ChannelManager - Adding key: http://localhost:35062 for channel [id: 0x4794f049, L:/127.0.0.1:54436 - R:localhost/127.0.0.1:35062]
22:59:57.728 [Forwarding clickElement on session 697e319583ecd65d4c92a424a4f12a1a to remote] DEBUG org.asynchttpclient.netty.request.NettyRequestSender - Using pooled Channel '[id: 0x4794f049, L:/127.0.0.1:54436 - R:localhost/127.0.0.1:35062]' for 'POST' to 'http://localhost:35062/session/697e319583ecd65d4c92a424a4f12a1a/element/97F279E51C44C5B5A2D86B643AE8D848_element_8/click'
22:59:57.728 [Forwarding clickElement on session 697e319583ecd65d4c92a424a4f12a1a to remote] DEBUG org.asynchttpclient.netty.request.NettyRequestSender - Using open Channel [id: 0x4794f049, L:/127.0.0.1:54436 - R:localhost/127.0.0.1:35062] for POST '/session/697e319583ecd65d4c92a424a4f12a1a/element/97F279E51C44C5B5A2D86B643AE8D848_element_8/click'
22:59:57.793 [AsyncHttpClient-1-8] DEBUG org.asynchttpclient.netty.handler.HttpHandler - 

Request DefaultHttpRequest(decodeResult: success, version: HTTP/1.1)
POST /session/697e319583ecd65d4c92a424a4f12a1a/element/97F279E51C44C5B5A2D86B643AE8D848_element_8/click HTTP/1.1
User-Agent: selenium/4.8.1 (java windows)
Content-Length: 56
Content-Type: application/json; charset=utf-8
host: localhost:35062
accept: */*

Response DefaultHttpResponse(decodeResult: success, version: HTTP/1.1)
HTTP/1.1 200 OK
Content-Length: 14
Content-Type: application/json; charset=utf-8
cache-control: no-cache

22:59:57.794 [AsyncHttpClient-1-8] DEBUG org.asynchttpclient.netty.channel.ChannelManager - Adding key: http://localhost:35062 for channel [id: 0x4794f049, L:/127.0.0.1:54436 - R:localhost/127.0.0.1:35062]
22:59:57.799 [Forwarding getAlertText on session 697e319583ecd65d4c92a424a4f12a1a to remote] DEBUG org.asynchttpclient.netty.request.NettyRequestSender - Using pooled Channel '[id: 0x4794f049, L:/127.0.0.1:54436 - R:localhost/127.0.0.1:35062]' for 'GET' to 'http://localhost:35062/session/697e319583ecd65d4c92a424a4f12a1a/alert/text'
22:59:57.799 [Forwarding getAlertText on session 697e319583ecd65d4c92a424a4f12a1a to remote] DEBUG org.asynchttpclient.netty.request.NettyRequestSender - Using open Channel [id: 0x4794f049, L:/127.0.0.1:54436 - R:localhost/127.0.0.1:35062] for GET '/session/697e319583ecd65d4c92a424a4f12a1a/alert/text'
22:59:57.801 [AsyncHttpClient-1-8] DEBUG org.asynchttpclient.netty.handler.HttpHandler - 

Request DefaultFullHttpRequest(decodeResult: success, version: HTTP/1.1, content: EmptyByteBufBE)
GET /session/697e319583ecd65d4c92a424a4f12a1a/alert/text HTTP/1.1
User-Agent: selenium/4.8.1 (java windows)
Cache-Control: no-cache
Content-Type: application/json; charset=utf-8
host: localhost:35062
accept: */*

Response DefaultHttpResponse(decodeResult: success, version: HTTP/1.1)
HTTP/1.1 404 Not Found
Content-Length: 820
Content-Type: application/json; charset=utf-8
cache-control: no-cache

22:59:57.801 [AsyncHttpClient-1-8] DEBUG org.asynchttpclient.netty.channel.ChannelManager - Adding key: http://localhost:35062 for channel [id: 0x4794f049, L:/127.0.0.1:54436 - R:localhost/127.0.0.1:35062]
22:59:57.803 [Forwarding getCurrentUrl on session 697e319583ecd65d4c92a424a4f12a1a to remote] DEBUG org.asynchttpclient.netty.request.NettyRequestSender - Using pooled Channel '[id: 0x4794f049, L:/127.0.0.1:54436 - R:localhost/127.0.0.1:35062]' for 'GET' to 'http://localhost:35062/session/697e319583ecd65d4c92a424a4f12a1a/url'
22:59:57.803 [Forwarding getCurrentUrl on session 697e319583ecd65d4c92a424a4f12a1a to remote] DEBUG org.asynchttpclient.netty.request.NettyRequestSender - Using open Channel [id: 0x4794f049, L:/127.0.0.1:54436 - R:localhost/127.0.0.1:35062] for GET '/session/697e319583ecd65d4c92a424a4f12a1a/url'
22:59:57.811 [AsyncHttpClient-1-8] DEBUG org.asynchttpclient.netty.handler.HttpHandler - 

Request DefaultFullHttpRequest(decodeResult: success, version: HTTP/1.1, content: EmptyByteBufBE)
GET /session/697e319583ecd65d4c92a424a4f12a1a/url HTTP/1.1
User-Agent: selenium/4.8.1 (java windows)
Cache-Control: no-cache
Content-Type: application/json; charset=utf-8
host: localhost:35062
accept: */*

Response DefaultHttpResponse(decodeResult: success, version: HTTP/1.1)
HTTP/1.1 200 OK
Content-Length: 51
Content-Type: application/json; charset=utf-8
cache-control: no-cache

22:59:57.811 [AsyncHttpClient-1-8] DEBUG org.asynchttpclient.netty.channel.ChannelManager - Adding key: http://localhost:35062 for channel [id: 0x4794f049, L:/127.0.0.1:54436 - R:localhost/127.0.0.1:35062]
22:59:57.811 [Forwarding screenshot on session 697e319583ecd65d4c92a424a4f12a1a to remote] DEBUG org.asynchttpclient.netty.request.NettyRequestSender - Using pooled Channel '[id: 0x4794f049, L:/127.0.0.1:54436 - R:localhost/127.0.0.1:35062]' for 'GET' to 'http://localhost:35062/session/697e319583ecd65d4c92a424a4f12a1a/screenshot'
22:59:57.811 [Forwarding screenshot on session 697e319583ecd65d4c92a424a4f12a1a to remote] DEBUG org.asynchttpclient.netty.request.NettyRequestSender - Using open Channel [id: 0x4794f049, L:/127.0.0.1:54436 - R:localhost/127.0.0.1:35062] for GET '/session/697e319583ecd65d4c92a424a4f12a1a/screenshot'
22:59:57.983 [AsyncHttpClient-1-8] DEBUG org.asynchttpclient.netty.handler.HttpHandler - 

Request DefaultFullHttpRequest(decodeResult: success, version: HTTP/1.1, content: EmptyByteBufBE)
GET /session/697e319583ecd65d4c92a424a4f12a1a/screenshot HTTP/1.1
User-Agent: selenium/4.8.1 (java windows)
Cache-Control: no-cache
Content-Type: application/json; charset=utf-8
host: localhost:35062
accept: */*

Response DefaultHttpResponse(decodeResult: success, version: HTTP/1.1)
HTTP/1.1 200 OK
Content-Length: 40628
Content-Type: application/json; charset=utf-8
cache-control: no-cache

22:59:57.983 [AsyncHttpClient-1-8] DEBUG org.asynchttpclient.netty.channel.ChannelManager - Adding key: http://localhost:35062 for channel [id: 0x4794f049, L:/127.0.0.1:54436 - R:localhost/127.0.0.1:35062]
22:59:57.985 [main] DEBUG net.serenitybdd.core.photography.Darkroom - Send negative for processing for target\site\serenity\5c258bf947b4294d5b7ed81d32278130e75646edc8d09ad112c750b1fc85c632.png
22:59:57.985 [main] DEBUG net.thucydides.core.steps.StepInterceptor - STEP DONE: clickLogButton
22:59:57.985 [Darkroom Processing Line] DEBUG net.serenitybdd.core.photography.DarkroomProcessingLine - Processing screenshot image in /var/screenshots/screenshot-1152910114567157916
  &amp#27;[32mAnd &amp#27;[0m&amp#27;[32mI click login button&amp#27;[0m               &amp#27;[90m# starter.stepdefinitions.LoginSteps.clickLoginButton()&amp#27;[0m
22:59:57.985 [Darkroom Processing Line] DEBUG net.serenitybdd.core.photography.DarkroomProcessingLine - Saving screenshot to target\site\serenity\5c258bf947b4294d5b7ed81d32278130e75646edc8d09ad112c750b1fc85c632.png
22:59:57.996 [Forwarding getPageSource on session 697e319583ecd65d4c92a424a4f12a1a to remote] DEBUG org.asynchttpclient.netty.request.NettyRequestSender - Using pooled Channel '[id: 0x4794f049, L:/127.0.0.1:54436 - R:localhost/127.0.0.1:35062]' for 'POST' to 'http://localhost:35062/session/697e319583ecd65d4c92a424a4f12a1a/execute/sync'
22:59:57.996 [Forwarding getPageSource on session 697e319583ecd65d4c92a424a4f12a1a to remote] DEBUG org.asynchttpclient.netty.request.NettyRequestSender - Using open Channel [id: 0x4794f049, L:/127.0.0.1:54436 - R:localhost/127.0.0.1:35062] for POST '/session/697e319583ecd65d4c92a424a4f12a1a/execute/sync'
22:59:58.006 [AsyncHttpClient-1-8] DEBUG org.asynchttpclient.netty.handler.HttpHandler - 

Request DefaultHttpRequest(decodeResult: success, version: HTTP/1.1)
POST /session/697e319583ecd65d4c92a424a4f12a1a/execute/sync HTTP/1.1
User-Agent: selenium/4.8.1 (java windows)
Content-Length: 176
Content-Type: application/json; charset=utf-8
host: localhost:35062
accept: */*

Response DefaultHttpResponse(decodeResult: success, version: HTTP/1.1)
HTTP/1.1 200 OK
Content-Length: 22118
Content-Type: application/json; charset=utf-8
cache-control: no-cache

22:59:58.006 [AsyncHttpClient-1-8] DEBUG org.asynchttpclient.netty.channel.ChannelManager - Adding key: http://localhost:35062 for channel [id: 0x4794f049, L:/127.0.0.1:54436 - R:localhost/127.0.0.1:35062]
22:59:58.010 [Forwarding getCurrentUrl on session 697e319583ecd65d4c92a424a4f12a1a to remote] DEBUG org.asynchttpclient.netty.request.NettyRequestSender - Using pooled Channel '[id: 0x4794f049, L:/127.0.0.1:54436 - R:localhost/127.0.0.1:35062]' for 'GET' to 'http://localhost:35062/session/697e319583ecd65d4c92a424a4f12a1a/url'
22:59:58.011 [Forwarding getCurrentUrl on session 697e319583ecd65d4c92a424a4f12a1a to remote] DEBUG org.asynchttpclient.netty.request.NettyRequestSender - Using open Channel [id: 0x4794f049, L:/127.0.0.1:54436 - R:localhost/127.0.0.1:35062] for GET '/session/697e319583ecd65d4c92a424a4f12a1a/url'
22:59:58.020 [AsyncHttpClient-1-8] DEBUG org.asynchttpclient.netty.handler.HttpHandler - 

Request DefaultFullHttpRequest(decodeResult: success, version: HTTP/1.1, content: EmptyByteBufBE)
GET /session/697e319583ecd65d4c92a424a4f12a1a/url HTTP/1.1
User-Agent: selenium/4.8.1 (java windows)
Cache-Control: no-cache
Content-Type: application/json; charset=utf-8
host: localhost:35062
accept: */*

Response DefaultHttpResponse(decodeResult: success, version: HTTP/1.1)
HTTP/1.1 200 OK
Content-Length: 51
Content-Type: application/json; charset=utf-8
cache-control: no-cache

22:59:58.020 [AsyncHttpClient-1-8] DEBUG org.asynchttpclient.netty.channel.ChannelManager - Adding key: http://localhost:35062 for channel [id: 0x4794f049, L:/127.0.0.1:54436 - R:localhost/127.0.0.1:35062]
22:59:58.028 [Forwarding getPageSource on session 697e319583ecd65d4c92a424a4f12a1a to remote] DEBUG org.asynchttpclient.netty.request.NettyRequestSender - Using pooled Channel '[id: 0x4794f049, L:/127.0.0.1:54436 - R:localhost/127.0.0.1:35062]' for 'POST' to 'http://localhost:35062/session/697e319583ecd65d4c92a424a4f12a1a/execute/sync'
22:59:58.028 [Forwarding getPageSource on session 697e319583ecd65d4c92a424a4f12a1a to remote] DEBUG org.asynchttpclient.netty.request.NettyRequestSender - Using open Channel [id: 0x4794f049, L:/127.0.0.1:54436 - R:localhost/127.0.0.1:35062] for POST '/session/697e319583ecd65d4c92a424a4f12a1a/execute/sync'
22:59:58.041 [AsyncHttpClient-1-8] DEBUG org.asynchttpclient.netty.handler.HttpHandler - 

Request DefaultHttpRequest(decodeResult: success, version: HTTP/1.1)
POST /session/697e319583ecd65d4c92a424a4f12a1a/execute/sync HTTP/1.1
User-Agent: selenium/4.8.1 (java windows)
Content-Length: 176
Content-Type: application/json; charset=utf-8
host: localhost:35062
accept: */*

Response DefaultHttpResponse(decodeResult: success, version: HTTP/1.1)
HTTP/1.1 200 OK
Content-Length: 22119
Content-Type: application/json; charset=utf-8
cache-control: no-cache

22:59:58.041 [AsyncHttpClient-1-8] DEBUG org.asynchttpclient.netty.channel.ChannelManager - Adding key: http://localhost:35062 for channel [id: 0x4794f049, L:/127.0.0.1:54436 - R:localhost/127.0.0.1:35062]
22:59:58.044 [Forwarding getCurrentUrl on session 697e319583ecd65d4c92a424a4f12a1a to remote] DEBUG org.asynchttpclient.netty.request.NettyRequestSender - Using pooled Channel '[id: 0x4794f049, L:/127.0.0.1:54436 - R:localhost/127.0.0.1:35062]' for 'GET' to 'http://localhost:35062/session/697e319583ecd65d4c92a424a4f12a1a/url'
22:59:58.044 [Forwarding getCurrentUrl on session 697e319583ecd65d4c92a424a4f12a1a to remote] DEBUG org.asynchttpclient.netty.request.NettyRequestSender - Using open Channel [id: 0x4794f049, L:/127.0.0.1:54436 - R:localhost/127.0.0.1:35062] for GET '/session/697e319583ecd65d4c92a424a4f12a1a/url'
22:59:58.051 [AsyncHttpClient-1-8] DEBUG org.asynchttpclient.netty.handler.HttpHandler - 

Request DefaultFullHttpRequest(decodeResult: success, version: HTTP/1.1, content: EmptyByteBufBE)
GET /session/697e319583ecd65d4c92a424a4f12a1a/url HTTP/1.1
User-Agent: selenium/4.8.1 (java windows)
Cache-Control: no-cache
Content-Type: application/json; charset=utf-8
host: localhost:35062
accept: */*

Response DefaultHttpResponse(decodeResult: success, version: HTTP/1.1)
HTTP/1.1 200 OK
Content-Length: 51
Content-Type: application/json; charset=utf-8
cache-control: no-cache

22:59:58.051 [AsyncHttpClient-1-8] DEBUG org.asynchttpclient.netty.channel.ChannelManager - Adding key: http://localhost:35062 for channel [id: 0x4794f049, L:/127.0.0.1:54436 - R:localhost/127.0.0.1:35062]
22:59:58.053 [main] DEBUG net.thucydides.core.steps.StepInterceptor - STARTING STEP: LoginSteps.seeErrorMessage - validateMessageError
22:59:58.056 [Forwarding findElement on session 697e319583ecd65d4c92a424a4f12a1a to remote] DEBUG org.asynchttpclient.netty.request.NettyRequestSender - Using pooled Channel '[id: 0x4794f049, L:/127.0.0.1:54436 - R:localhost/127.0.0.1:35062]' for 'POST' to 'http://localhost:35062/session/697e319583ecd65d4c92a424a4f12a1a/element'
22:59:58.056 [Forwarding findElement on session 697e319583ecd65d4c92a424a4f12a1a to remote] DEBUG org.asynchttpclient.netty.request.NettyRequestSender - Using open Channel [id: 0x4794f049, L:/127.0.0.1:54436 - R:localhost/127.0.0.1:35062] for POST '/session/697e319583ecd65d4c92a424a4f12a1a/element'
22:59:58.141 [AsyncHttpClient-1-8] DEBUG org.asynchttpclient.netty.handler.HttpHandler - 

Request DefaultHttpRequest(decodeResult: success, version: HTTP/1.1)
POST /session/697e319583ecd65d4c92a424a4f12a1a/element HTTP/1.1
User-Agent: selenium/4.8.1 (java windows)
Content-Length: 80
Content-Type: application/json; charset=utf-8
host: localhost:35062
accept: */*

Response DefaultHttpResponse(decodeResult: success, version: HTTP/1.1)
HTTP/1.1 200 OK
Content-Length: 95
Content-Type: application/json; charset=utf-8
cache-control: no-cache

22:59:58.141 [AsyncHttpClient-1-8] DEBUG org.asynchttpclient.netty.channel.ChannelManager - Adding key: http://localhost:35062 for channel [id: 0x4794f049, L:/127.0.0.1:54436 - R:localhost/127.0.0.1:35062]
22:59:58.143 [Forwarding isElementDisplayed on session 697e319583ecd65d4c92a424a4f12a1a to remote] DEBUG org.asynchttpclient.netty.request.NettyRequestSender - Using pooled Channel '[id: 0x4794f049, L:/127.0.0.1:54436 - R:localhost/127.0.0.1:35062]' for 'POST' to 'http://localhost:35062/session/697e319583ecd65d4c92a424a4f12a1a/execute/sync'
22:59:58.143 [Forwarding isElementDisplayed on session 697e319583ecd65d4c92a424a4f12a1a to remote] DEBUG org.asynchttpclient.netty.request.NettyRequestSender - Using open Channel [id: 0x4794f049, L:/127.0.0.1:54436 - R:localhost/127.0.0.1:35062] for POST '/session/697e319583ecd65d4c92a424a4f12a1a/execute/sync'
22:59:58.164 [AsyncHttpClient-1-8] DEBUG org.asynchttpclient.netty.handler.HttpHandler - 

Request DefaultHttpRequest(decodeResult: success, version: HTTP/1.1)
POST /session/697e319583ecd65d4c92a424a4f12a1a/execute/sync HTTP/1.1
User-Agent: selenium/4.8.1 (java windows)
Content-Length: 48814
Content-Type: application/json; charset=utf-8
host: localhost:35062
accept: */*

Response DefaultHttpResponse(decodeResult: success, version: HTTP/1.1)
HTTP/1.1 200 OK
Content-Length: 14
Content-Type: application/json; charset=utf-8
cache-control: no-cache

22:59:58.164 [AsyncHttpClient-1-8] DEBUG org.asynchttpclient.netty.channel.ChannelManager - Adding key: http://localhost:35062 for channel [id: 0x4794f049, L:/127.0.0.1:54436 - R:localhost/127.0.0.1:35062]
22:59:58.169 [Forwarding getAlertText on session 697e319583ecd65d4c92a424a4f12a1a to remote] DEBUG org.asynchttpclient.netty.request.NettyRequestSender - Using pooled Channel '[id: 0x4794f049, L:/127.0.0.1:54436 - R:localhost/127.0.0.1:35062]' for 'GET' to 'http://localhost:35062/session/697e319583ecd65d4c92a424a4f12a1a/alert/text'
22:59:58.169 [Forwarding getAlertText on session 697e319583ecd65d4c92a424a4f12a1a to remote] DEBUG org.asynchttpclient.netty.request.NettyRequestSender - Using open Channel [id: 0x4794f049, L:/127.0.0.1:54436 - R:localhost/127.0.0.1:35062] for GET '/session/697e319583ecd65d4c92a424a4f12a1a/alert/text'
22:59:58.172 [AsyncHttpClient-1-8] DEBUG org.asynchttpclient.netty.handler.HttpHandler - 

Request DefaultFullHttpRequest(decodeResult: success, version: HTTP/1.1, content: EmptyByteBufBE)
GET /session/697e319583ecd65d4c92a424a4f12a1a/alert/text HTTP/1.1
User-Agent: selenium/4.8.1 (java windows)
Cache-Control: no-cache
Content-Type: application/json; charset=utf-8
host: localhost:35062
accept: */*

Response DefaultHttpResponse(decodeResult: success, version: HTTP/1.1)
HTTP/1.1 404 Not Found
Content-Length: 820
Content-Type: application/json; charset=utf-8
cache-control: no-cache

22:59:58.172 [AsyncHttpClient-1-8] DEBUG org.asynchttpclient.netty.channel.ChannelManager - Adding key: http://localhost:35062 for channel [id: 0x4794f049, L:/127.0.0.1:54436 - R:localhost/127.0.0.1:35062]
22:59:58.173 [Forwarding getCurrentUrl on session 697e319583ecd65d4c92a424a4f12a1a to remote] DEBUG org.asynchttpclient.netty.request.NettyRequestSender - Using pooled Channel '[id: 0x4794f049, L:/127.0.0.1:54436 - R:localhost/127.0.0.1:35062]' for 'GET' to 'http://localhost:35062/session/697e319583ecd65d4c92a424a4f12a1a/url'
22:59:58.173 [Forwarding getCurrentUrl on session 697e319583ecd65d4c92a424a4f12a1a to remote] DEBUG org.asynchttpclient.netty.request.NettyRequestSender - Using open Channel [id: 0x4794f049, L:/127.0.0.1:54436 - R:localhost/127.0.0.1:35062] for GET '/session/697e319583ecd65d4c92a424a4f12a1a/url'
22:59:58.180 [AsyncHttpClient-1-8] DEBUG org.asynchttpclient.netty.handler.HttpHandler - 

Request DefaultFullHttpRequest(decodeResult: success, version: HTTP/1.1, content: EmptyByteBufBE)
GET /session/697e319583ecd65d4c92a424a4f12a1a/url HTTP/1.1
User-Agent: selenium/4.8.1 (java windows)
Cache-Control: no-cache
Content-Type: application/json; charset=utf-8
host: localhost:35062
accept: */*

Response DefaultHttpResponse(decodeResult: success, version: HTTP/1.1)
HTTP/1.1 200 OK
Content-Length: 51
Content-Type: application/json; charset=utf-8
cache-control: no-cache

22:59:58.180 [AsyncHttpClient-1-8] DEBUG org.asynchttpclient.netty.channel.ChannelManager - Adding key: http://localhost:35062 for channel [id: 0x4794f049, L:/127.0.0.1:54436 - R:localhost/127.0.0.1:35062]
22:59:58.181 [Forwarding screenshot on session 697e319583ecd65d4c92a424a4f12a1a to remote] DEBUG org.asynchttpclient.netty.request.NettyRequestSender - Using pooled Channel '[id: 0x4794f049, L:/127.0.0.1:54436 - R:localhost/127.0.0.1:35062]' for 'GET' to 'http://localhost:35062/session/697e319583ecd65d4c92a424a4f12a1a/screenshot'
22:59:58.181 [Forwarding screenshot on session 697e319583ecd65d4c92a424a4f12a1a to remote] DEBUG org.asynchttpclient.netty.request.NettyRequestSender - Using open Channel [id: 0x4794f049, L:/127.0.0.1:54436 - R:localhost/127.0.0.1:35062] for GET '/session/697e319583ecd65d4c92a424a4f12a1a/screenshot'
22:59:58.198 [AsyncHttpClient-1-1] DEBUG org.asynchttpclient.netty.channel.DefaultChannelPool - Entry count for : http://localhost:54437 : 1
22:59:58.506 [AsyncHttpClient-1-8] DEBUG org.asynchttpclient.netty.handler.HttpHandler - 

Request DefaultFullHttpRequest(decodeResult: success, version: HTTP/1.1, content: EmptyByteBufBE)
GET /session/697e319583ecd65d4c92a424a4f12a1a/screenshot HTTP/1.1
User-Agent: selenium/4.8.1 (java windows)
Cache-Control: no-cache
Content-Type: application/json; charset=utf-8
host: localhost:35062
accept: */*

Response DefaultHttpResponse(decodeResult: success, version: HTTP/1.1)
HTTP/1.1 200 OK
Content-Length: 45336
Content-Type: application/json; charset=utf-8
cache-control: no-cache

22:59:58.506 [AsyncHttpClient-1-8] DEBUG org.asynchttpclient.netty.channel.ChannelManager - Adding key: http://localhost:35062 for channel [id: 0x4794f049, L:/127.0.0.1:54436 - R:localhost/127.0.0.1:35062]
22:59:58.511 [main] DEBUG net.serenitybdd.core.photography.Darkroom - Send negative for processing for target\site\serenity\d4506cf69524b8f5f95cb57ff85b9f6afd052d563027d11c93feeb766bca6419.png
22:59:58.512 [main] DEBUG net.thucydides.core.steps.StepInterceptor - STEP DONE: validateMessageError
  &amp#27;[32mThen &amp#27;[0m&amp#27;[32mI see error message&amp#27;[0m               &amp#27;[90m# starter.stepdefinitions.LoginSteps.seeErrorMessage()&amp#27;[0m
22:59:58.512 [Darkroom Processing Line] DEBUG net.serenitybdd.core.photography.DarkroomProcessingLine - Processing screenshot image in /var/screenshots/screenshot-3187132270909420503
22:59:58.512 [Darkroom Processing Line] DEBUG net.serenitybdd.core.photography.DarkroomProcessingLine - Saving screenshot to target\site\serenity\d4506cf69524b8f5f95cb57ff85b9f6afd052d563027d11c93feeb766bca6419.png
22:59:58.522 [main] INFO  - 
  _____   ___   ___   _____     ___     _     ___   ___   ___   ___  
 |_   _| | __| / __| |_   _|   | _ \   /_\   / __| / __| | __| |   \ 
   | |   | _|  \__ \   | |     |  _/  / _ \  \__ \ \__ \ | _|  | |) |
   |_|   |___| |___/   |_|     |_|   /_/ \_\ |___/ |___/ |___| |___/ 

Failed login with unregistered
----------------------------------------------------------------------
22:59:58.524 [AsyncHttpClient-1-10] DEBUG org.asynchttpclient.netty.handler.WebSocketHandler - Channel Closed: [id: 0xd4cddc7d, L:/127.0.0.1:54444 ! R:localhost/127.0.0.1:54437] with attribute NettyResponseFuture{currentRetry=0,
	isDone=1,
	isCancelled=0,
	asyncHandler=org.asynchttpclient.ws.WebSocketUpgradeHandler@41eece5e,
	nettyRequest=org.asynchttpclient.netty.request.NettyRequest@2356c62d,
	future=java.util.concurrent.CompletableFuture@628ac925[Completed normally],
	uri=ws://localhost:54437/devtools/browser/f4401f30-a623-46ad-a113-7a4be5f96a08,
	keepAlive=true,
	redirectCount=0,
	timeoutsHolder=null,
	inAuth=0,
	touch=1683561595121}
22:59:58.524 [AsyncHttpClient-1-10] DEBUG org.asynchttpclient.netty.channel.ChannelManager - Closing Channel [id: 0xd4cddc7d, L:/127.0.0.1:54444 ! R:localhost/127.0.0.1:54437] 
22:59:58.524 [Driver Command Executor] DEBUG org.asynchttpclient.netty.request.NettyRequestSender - Using pooled Channel '[id: 0x4794f049, L:/127.0.0.1:54436 - R:localhost/127.0.0.1:35062]' for 'DELETE' to 'http://localhost:35062/session/697e319583ecd65d4c92a424a4f12a1a'
22:59:58.525 [Driver Command Executor] DEBUG org.asynchttpclient.netty.request.NettyRequestSender - Using open Channel [id: 0x4794f049, L:/127.0.0.1:54436 - R:localhost/127.0.0.1:35062] for DELETE '/session/697e319583ecd65d4c92a424a4f12a1a'
22:59:58.814 [AsyncHttpClient-1-9] DEBUG org.asynchttpclient.netty.handler.HttpHandler - Unexpected I/O exception on channel [id: 0x279f83d3, L:/127.0.0.1:54443 - R:localhost/127.0.0.1:54437]
java.io.IOException: An existing connection was forcibly closed by the remote host
	at sun.nio.ch.SocketDispatcher.read0(Native Method)
	at sun.nio.ch.SocketDispatcher.read(SocketDispatcher.java:43)
	at sun.nio.ch.IOUtil.readIntoNativeBuffer(IOUtil.java:223)
	at sun.nio.ch.IOUtil.read(IOUtil.java:192)
	at sun.nio.ch.SocketChannelImpl.read(SocketChannelImpl.java:378)
	at io.netty.buffer.PooledByteBuf.setBytes(PooledByteBuf.java:259)
	at io.netty.buffer.AbstractByteBuf.writeBytes(AbstractByteBuf.java:1132)
	at io.netty.channel.socket.nio.NioSocketChannel.doReadBytes(NioSocketChannel.java:357)
	at io.netty.channel.nio.AbstractNioByteChannel$NioByteUnsafe.read(AbstractNioByteChannel.java:151)
	at io.netty.channel.nio.NioEventLoop.processSelectedKey(NioEventLoop.java:788)
	at io.netty.channel.nio.NioEventLoop.processSelectedKeysOptimized(NioEventLoop.java:724)
	at io.netty.channel.nio.NioEventLoop.processSelectedKeys(NioEventLoop.java:650)
	at io.netty.channel.nio.NioEventLoop.run(NioEventLoop.java:562)
	at io.netty.util.concurrent.SingleThreadEventExecutor$4.run(SingleThreadEventExecutor.java:997)
	at io.netty.util.internal.ThreadExecutorMap$2.run(ThreadExecutorMap.java:74)
	at io.netty.util.concurrent.FastThreadLocalRunnable.run(FastThreadLocalRunnable.java:30)
	at java.lang.Thread.run(Thread.java:750)
22:59:58.814 [AsyncHttpClient-1-9] DEBUG org.asynchttpclient.netty.channel.ChannelManager - Closing Channel [id: 0x279f83d3, L:/127.0.0.1:54443 - R:localhost/127.0.0.1:54437] 
22:59:58.814 [AsyncHttpClient-1-9] DEBUG org.asynchttpclient.netty.handler.HttpHandler - Channel Closed: [id: 0x279f83d3, L:/127.0.0.1:54443 ! R:localhost/127.0.0.1:54437] with attribute DISCARD
22:59:58.826 [AsyncHttpClient-1-8] DEBUG org.asynchttpclient.netty.handler.HttpHandler - 

Request DefaultFullHttpRequest(decodeResult: success, version: HTTP/1.1, content: EmptyByteBufBE)
DELETE /session/697e319583ecd65d4c92a424a4f12a1a HTTP/1.1
User-Agent: selenium/4.8.1 (java windows)
Content-Type: application/json; charset=utf-8
host: localhost:35062
accept: */*

Response DefaultHttpResponse(decodeResult: success, version: HTTP/1.1)
HTTP/1.1 200 OK
Content-Length: 14
Content-Type: application/json; charset=utf-8
cache-control: no-cache

22:59:58.826 [AsyncHttpClient-1-8] DEBUG org.asynchttpclient.netty.channel.ChannelManager - Adding key: http://localhost:35062 for channel [id: 0x4794f049, L:/127.0.0.1:54436 - R:localhost/127.0.0.1:35062]
22:59:58.881 [AsyncHttpClient-1-8] DEBUG org.asynchttpclient.netty.handler.HttpHandler - Channel Closed: [id: 0x4794f049, L:/127.0.0.1:54436 ! R:localhost/127.0.0.1:35062] with attribute DISCARD
22:59:59.303 [AsyncHttpClient-1-1] DEBUG org.asynchttpclient.netty.channel.DefaultChannelPool - Entry count for : http://localhost:35062 : 1
22:59:59.304 [AsyncHttpClient-1-1] DEBUG org.asynchttpclient.netty.channel.DefaultChannelPool - Entry count for : http://localhost:54437 : 1
22:59:59.304 [AsyncHttpClient-1-1] DEBUG org.asynchttpclient.netty.channel.DefaultChannelPool - Adding Candidate expired Channel [id: 0x4794f049, L:/127.0.0.1:54436 ! R:localhost/127.0.0.1:35062] isIdleTimeoutExpired=false isRemotelyClosed=true isTtlExpired=false
22:59:59.304 [AsyncHttpClient-1-1] DEBUG org.asynchttpclient.netty.channel.DefaultChannelPool - Closing Idle Channel [id: 0x4794f049, L:/127.0.0.1:54436 ! R:localhost/127.0.0.1:35062]
22:59:59.304 [AsyncHttpClient-1-1] DEBUG org.asynchttpclient.netty.channel.DefaultChannelPool - Adding Candidate expired Channel [id: 0x279f83d3, L:/127.0.0.1:54443 ! R:localhost/127.0.0.1:54437] isIdleTimeoutExpired=false isRemotelyClosed=true isTtlExpired=false
22:59:59.304 [AsyncHttpClient-1-1] DEBUG org.asynchttpclient.netty.channel.DefaultChannelPool - Closing Idle Channel [id: 0x279f83d3, L:/127.0.0.1:54443 ! R:localhost/127.0.0.1:54437]
22:59:59.304 [AsyncHttpClient-1-1] DEBUG org.asynchttpclient.netty.channel.DefaultChannelPool - Closed 2 connections out of 2 in 0 ms
]]></system-out>
    <system-err><![CDATA[Starting ChromeDriver 113.0.5672.63 (0e1a4471d5ae5bf128b1bd8f4d627c8cbd55f70c-refs/branch-heads/5672@{#912}) on port 35062
Only local connections are allowed.
Please see https://chromedriver.chromium.org/security-considerations for suggestions on keeping ChromeDriver safe.
ChromeDriver was started successfully.
May 08, 2023 10:59:55 PM org.openqa.selenium.devtools.CdpVersionFinder findNearestMatch
WARNING: Unable to find an exact match for CDP version 113, so returning the closest version found: 110
]]></system-err>
  </testcase>
  <testcase name="Failed login with invalid password" classname="Login" time="6.068">
    <system-out><![CDATA[
@Login(-)
Scenario: Failed login with invalid password &amp#27;[90m# src/test/resources/features/2.Login.feature:31&amp#27;[0m
22:59:59.440 [main] DEBUG io.cucumber.core.plugin.SerenityReporter - Running feature from file:///D:/1.%20QA%20ALTERRA%20ACADEMY/MobileTesting/MiniProjectWEB/src/test/resources/features/2.Login.feature
22:59:59.442 [main] INFO  - 
  _____   ___   ___   _____     ___   _____     _     ___   _____   ___   ___  
 |_   _| | __| / __| |_   _|   / __| |_   _|   /_\   | _ \ |_   _| | __| |   \ 
   | |   | _|  \__ \   | |     \__ \   | |    / _ \  |   /   | |   | _|  | |) |
   |_|   |___| |___/   |_|     |___/   |_|   /_/ \_\ |_|_\   |_|   |___| |___/ 

Failed login with invalid password(login;failed-login-with-invalid-password)
--------------------------------------------------------------------------------
22:59:59.531 [main] INFO net.serenitybdd.core.webdriver.driverproviders.ChromeDriverProvider - Starting Chrome driver instance with capabilities:
22:59:59.531 [main] INFO net.serenitybdd.core.webdriver.driverproviders.ChromeDriverProvider - Capabilities {acceptInsecureCerts: false, browserName: chrome, goog:chromeOptions: {args: [remote-allow-origins=*], extensions: []}}
22:59:59.990 [AsyncHttpClient-1-11] DEBUG org.asynchttpclient.netty.channel.NettyConnectListener - Using new Channel '[id: 0xe4f1366d, L:/127.0.0.1:54459 - R:localhost/127.0.0.1:47697]' for 'POST' to '/session'
23:00:00.628 [AsyncHttpClient-1-11] DEBUG org.asynchttpclient.netty.handler.HttpHandler - 

Request DefaultHttpRequest(decodeResult: success, version: HTTP/1.1)
POST /session HTTP/1.1
User-Agent: selenium/4.8.1 (java windows)
Content-Length: 507
Content-Type: application/json; charset=utf-8
host: localhost:47697
accept: */*

Response DefaultHttpResponse(decodeResult: success, version: HTTP/1.1)
HTTP/1.1 200 OK
Content-Length: 861
Content-Type: application/json; charset=utf-8
cache-control: no-cache

23:00:00.628 [AsyncHttpClient-1-11] DEBUG org.asynchttpclient.netty.channel.ChannelManager - Adding key: http://localhost:47697 for channel [id: 0xe4f1366d, L:/127.0.0.1:54459 - R:localhost/127.0.0.1:47697]
23:00:00.633 [AsyncHttpClient-1-12] DEBUG org.asynchttpclient.netty.channel.NettyConnectListener - Using new Channel '[id: 0x52673242, L:/127.0.0.1:54466 - R:localhost/127.0.0.1:54460]' for 'GET' to '/json/version'
23:00:00.633 [AsyncHttpClient-1-12] DEBUG org.asynchttpclient.netty.handler.HttpHandler - 

Request DefaultFullHttpRequest(decodeResult: success, version: HTTP/1.1, content: EmptyByteBufBE)
GET /json/version HTTP/1.1
User-Agent: selenium/4.8.1 (java windows)
host: localhost:54460
accept: */*

Response DefaultHttpResponse(decodeResult: success, version: HTTP/1.1)
HTTP/1.1 200 OK
Content-Security-Policy: frame-ancestors 'none'
Content-Length: 422
Content-Type: application/json; charset=UTF-8

23:00:00.633 [AsyncHttpClient-1-12] DEBUG org.asynchttpclient.netty.channel.ChannelManager - Adding key: http://localhost:54460 for channel [id: 0x52673242, L:/127.0.0.1:54466 - R:localhost/127.0.0.1:54460]
23:00:00.636 [AsyncHttpClient-1-13] DEBUG org.asynchttpclient.netty.channel.NettyConnectListener - Using new Channel '[id: 0x8e0f6360, L:/127.0.0.1:54467 - R:localhost/127.0.0.1:54460]' for 'GET' to '/devtools/browser/95260dd5-c9c5-4f18-b42f-4c23ab475b1b'
23:00:00.636 [AsyncHttpClient-1-13] DEBUG org.asynchttpclient.netty.handler.WebSocketHandler - 

Request DefaultFullHttpRequest(decodeResult: success, version: HTTP/1.1, content: EmptyByteBufBE)
GET /devtools/browser/95260dd5-c9c5-4f18-b42f-4c23ab475b1b HTTP/1.1
upgrade: websocket
connection: upgrade
sec-websocket-key: P5U0vDmR+6xsTVMbwzOJJw==
sec-websocket-version: 13
origin: http://localhost:54460
host: localhost:54460
accept: */*
user-agent: AHC/2.1

Response DefaultHttpResponse(decodeResult: success, version: HTTP/1.1)
HTTP/1.1 101 WebSocket Protocol Handshake
Upgrade: WebSocket
Connection: Upgrade
Sec-WebSocket-Accept: DYXW6fMgDYCRXxpr/B50K7LvKVg=

23:00:00.639 [Forwarding get on session 931bb0522ee057017f4116371d90477c to remote] DEBUG org.asynchttpclient.netty.request.NettyRequestSender - Using pooled Channel '[id: 0xe4f1366d, L:/127.0.0.1:54459 - R:localhost/127.0.0.1:47697]' for 'POST' to 'http://localhost:47697/session/931bb0522ee057017f4116371d90477c/url'
23:00:00.639 [Forwarding get on session 931bb0522ee057017f4116371d90477c to remote] DEBUG org.asynchttpclient.netty.request.NettyRequestSender - Using open Channel [id: 0xe4f1366d, L:/127.0.0.1:54459 - R:localhost/127.0.0.1:47697] for POST '/session/931bb0522ee057017f4116371d90477c/url'
23:00:01.498 [AsyncHttpClient-1-1] DEBUG org.asynchttpclient.netty.channel.DefaultChannelPool - Entry count for : http://localhost:54460 : 1
23:00:01.749 [AsyncHttpClient-1-11] DEBUG org.asynchttpclient.netty.handler.HttpHandler - 

Request DefaultHttpRequest(decodeResult: success, version: HTTP/1.1)
POST /session/931bb0522ee057017f4116371d90477c/url HTTP/1.1
User-Agent: selenium/4.8.1 (java windows)
Content-Length: 74
Content-Type: application/json; charset=utf-8
host: localhost:47697
accept: */*

Response DefaultHttpResponse(decodeResult: success, version: HTTP/1.1)
HTTP/1.1 200 OK
Content-Length: 14
Content-Type: application/json; charset=utf-8
cache-control: no-cache

23:00:01.749 [AsyncHttpClient-1-11] DEBUG org.asynchttpclient.netty.channel.ChannelManager - Adding key: http://localhost:47697 for channel [id: 0xe4f1366d, L:/127.0.0.1:54459 - R:localhost/127.0.0.1:47697]
23:00:01.750 [Forwarding setTimeout on session 931bb0522ee057017f4116371d90477c to remote] DEBUG org.asynchttpclient.netty.request.NettyRequestSender - Using pooled Channel '[id: 0xe4f1366d, L:/127.0.0.1:54459 - R:localhost/127.0.0.1:47697]' for 'POST' to 'http://localhost:47697/session/931bb0522ee057017f4116371d90477c/timeouts'
23:00:01.750 [Forwarding setTimeout on session 931bb0522ee057017f4116371d90477c to remote] DEBUG org.asynchttpclient.netty.request.NettyRequestSender - Using open Channel [id: 0xe4f1366d, L:/127.0.0.1:54459 - R:localhost/127.0.0.1:47697] for POST '/session/931bb0522ee057017f4116371d90477c/timeouts'
23:00:01.751 [AsyncHttpClient-1-11] DEBUG org.asynchttpclient.netty.handler.HttpHandler - 

Request DefaultHttpRequest(decodeResult: success, version: HTTP/1.1)
POST /session/931bb0522ee057017f4116371d90477c/timeouts HTTP/1.1
User-Agent: selenium/4.8.1 (java windows)
Content-Length: 22
Content-Type: application/json; charset=utf-8
host: localhost:47697
accept: */*

Response DefaultHttpResponse(decodeResult: success, version: HTTP/1.1)
HTTP/1.1 200 OK
Content-Length: 14
Content-Type: application/json; charset=utf-8
cache-control: no-cache

23:00:01.751 [AsyncHttpClient-1-11] DEBUG org.asynchttpclient.netty.channel.ChannelManager - Adding key: http://localhost:47697 for channel [id: 0xe4f1366d, L:/127.0.0.1:54459 - R:localhost/127.0.0.1:47697]
  &amp#27;[32mGiven &amp#27;[0m&amp#27;[32mI am on the login page&amp#27;[0m               &amp#27;[90m# starter.stepdefinitions.LoginSteps.onTheLoginPage()&amp#27;[0m
23:00:01.757 [Forwarding getAlertText on session 931bb0522ee057017f4116371d90477c to remote] DEBUG org.asynchttpclient.netty.request.NettyRequestSender - Using pooled Channel '[id: 0xe4f1366d, L:/127.0.0.1:54459 - R:localhost/127.0.0.1:47697]' for 'GET' to 'http://localhost:47697/session/931bb0522ee057017f4116371d90477c/alert/text'
23:00:01.757 [Forwarding getAlertText on session 931bb0522ee057017f4116371d90477c to remote] DEBUG org.asynchttpclient.netty.request.NettyRequestSender - Using open Channel [id: 0xe4f1366d, L:/127.0.0.1:54459 - R:localhost/127.0.0.1:47697] for GET '/session/931bb0522ee057017f4116371d90477c/alert/text'
23:00:01.759 [AsyncHttpClient-1-11] DEBUG org.asynchttpclient.netty.handler.HttpHandler - 

Request DefaultFullHttpRequest(decodeResult: success, version: HTTP/1.1, content: EmptyByteBufBE)
GET /session/931bb0522ee057017f4116371d90477c/alert/text HTTP/1.1
User-Agent: selenium/4.8.1 (java windows)
Cache-Control: no-cache
Content-Type: application/json; charset=utf-8
host: localhost:47697
accept: */*

Response DefaultHttpResponse(decodeResult: success, version: HTTP/1.1)
HTTP/1.1 404 Not Found
Content-Length: 820
Content-Type: application/json; charset=utf-8
cache-control: no-cache

23:00:01.759 [AsyncHttpClient-1-11] DEBUG org.asynchttpclient.netty.channel.ChannelManager - Adding key: http://localhost:47697 for channel [id: 0xe4f1366d, L:/127.0.0.1:54459 - R:localhost/127.0.0.1:47697]
23:00:01.760 [Forwarding getCurrentUrl on session 931bb0522ee057017f4116371d90477c to remote] DEBUG org.asynchttpclient.netty.request.NettyRequestSender - Using pooled Channel '[id: 0xe4f1366d, L:/127.0.0.1:54459 - R:localhost/127.0.0.1:47697]' for 'GET' to 'http://localhost:47697/session/931bb0522ee057017f4116371d90477c/url'
23:00:01.760 [Forwarding getCurrentUrl on session 931bb0522ee057017f4116371d90477c to remote] DEBUG org.asynchttpclient.netty.request.NettyRequestSender - Using open Channel [id: 0xe4f1366d, L:/127.0.0.1:54459 - R:localhost/127.0.0.1:47697] for GET '/session/931bb0522ee057017f4116371d90477c/url'
23:00:01.768 [AsyncHttpClient-1-11] DEBUG org.asynchttpclient.netty.handler.HttpHandler - 

Request DefaultFullHttpRequest(decodeResult: success, version: HTTP/1.1, content: EmptyByteBufBE)
GET /session/931bb0522ee057017f4116371d90477c/url HTTP/1.1
User-Agent: selenium/4.8.1 (java windows)
Cache-Control: no-cache
Content-Type: application/json; charset=utf-8
host: localhost:47697
accept: */*

Response DefaultHttpResponse(decodeResult: success, version: HTTP/1.1)
HTTP/1.1 200 OK
Content-Length: 51
Content-Type: application/json; charset=utf-8
cache-control: no-cache

23:00:01.768 [AsyncHttpClient-1-11] DEBUG org.asynchttpclient.netty.channel.ChannelManager - Adding key: http://localhost:47697 for channel [id: 0xe4f1366d, L:/127.0.0.1:54459 - R:localhost/127.0.0.1:47697]
23:00:01.768 [Forwarding screenshot on session 931bb0522ee057017f4116371d90477c to remote] DEBUG org.asynchttpclient.netty.request.NettyRequestSender - Using pooled Channel '[id: 0xe4f1366d, L:/127.0.0.1:54459 - R:localhost/127.0.0.1:47697]' for 'GET' to 'http://localhost:47697/session/931bb0522ee057017f4116371d90477c/screenshot'
23:00:01.768 [Forwarding screenshot on session 931bb0522ee057017f4116371d90477c to remote] DEBUG org.asynchttpclient.netty.request.NettyRequestSender - Using open Channel [id: 0xe4f1366d, L:/127.0.0.1:54459 - R:localhost/127.0.0.1:47697] for GET '/session/931bb0522ee057017f4116371d90477c/screenshot'
23:00:01.889 [AsyncHttpClient-1-11] DEBUG org.asynchttpclient.netty.handler.HttpHandler - 

Request DefaultFullHttpRequest(decodeResult: success, version: HTTP/1.1, content: EmptyByteBufBE)
GET /session/931bb0522ee057017f4116371d90477c/screenshot HTTP/1.1
User-Agent: selenium/4.8.1 (java windows)
Cache-Control: no-cache
Content-Type: application/json; charset=utf-8
host: localhost:47697
accept: */*

Response DefaultHttpResponse(decodeResult: success, version: HTTP/1.1)
HTTP/1.1 200 OK
Content-Length: 32068
Content-Type: application/json; charset=utf-8
cache-control: no-cache

23:00:01.889 [AsyncHttpClient-1-11] DEBUG org.asynchttpclient.netty.channel.ChannelManager - Adding key: http://localhost:47697 for channel [id: 0xe4f1366d, L:/127.0.0.1:54459 - R:localhost/127.0.0.1:47697]
23:00:01.891 [main] DEBUG net.serenitybdd.core.photography.Darkroom - Send negative for processing for target\site\serenity\66a72f9453c991b458ef56bcffc716efaac5c1af3eeac64411e4b666f4758793.png
23:00:01.894 [Forwarding getPageSource on session 931bb0522ee057017f4116371d90477c to remote] DEBUG org.asynchttpclient.netty.request.NettyRequestSender - Using pooled Channel '[id: 0xe4f1366d, L:/127.0.0.1:54459 - R:localhost/127.0.0.1:47697]' for 'POST' to 'http://localhost:47697/session/931bb0522ee057017f4116371d90477c/execute/sync'
23:00:01.895 [Forwarding getPageSource on session 931bb0522ee057017f4116371d90477c to remote] DEBUG org.asynchttpclient.netty.request.NettyRequestSender - Using open Channel [id: 0xe4f1366d, L:/127.0.0.1:54459 - R:localhost/127.0.0.1:47697] for POST '/session/931bb0522ee057017f4116371d90477c/execute/sync'
23:00:01.903 [AsyncHttpClient-1-11] DEBUG org.asynchttpclient.netty.handler.HttpHandler - 

Request DefaultHttpRequest(decodeResult: success, version: HTTP/1.1)
POST /session/931bb0522ee057017f4116371d90477c/execute/sync HTTP/1.1
User-Agent: selenium/4.8.1 (java windows)
Content-Length: 176
Content-Type: application/json; charset=utf-8
host: localhost:47697
accept: */*

Response DefaultHttpResponse(decodeResult: success, version: HTTP/1.1)
HTTP/1.1 200 OK
Content-Length: 21659
Content-Type: application/json; charset=utf-8
cache-control: no-cache

23:00:01.903 [AsyncHttpClient-1-11] DEBUG org.asynchttpclient.netty.channel.ChannelManager - Adding key: http://localhost:47697 for channel [id: 0xe4f1366d, L:/127.0.0.1:54459 - R:localhost/127.0.0.1:47697]
23:00:01.905 [Forwarding getCurrentUrl on session 931bb0522ee057017f4116371d90477c to remote] DEBUG org.asynchttpclient.netty.request.NettyRequestSender - Using pooled Channel '[id: 0xe4f1366d, L:/127.0.0.1:54459 - R:localhost/127.0.0.1:47697]' for 'GET' to 'http://localhost:47697/session/931bb0522ee057017f4116371d90477c/url'
23:00:01.905 [Forwarding getCurrentUrl on session 931bb0522ee057017f4116371d90477c to remote] DEBUG org.asynchttpclient.netty.request.NettyRequestSender - Using open Channel [id: 0xe4f1366d, L:/127.0.0.1:54459 - R:localhost/127.0.0.1:47697] for GET '/session/931bb0522ee057017f4116371d90477c/url'
23:00:01.912 [AsyncHttpClient-1-11] DEBUG org.asynchttpclient.netty.handler.HttpHandler - 

Request DefaultFullHttpRequest(decodeResult: success, version: HTTP/1.1, content: EmptyByteBufBE)
GET /session/931bb0522ee057017f4116371d90477c/url HTTP/1.1
User-Agent: selenium/4.8.1 (java windows)
Cache-Control: no-cache
Content-Type: application/json; charset=utf-8
host: localhost:47697
accept: */*

Response DefaultHttpResponse(decodeResult: success, version: HTTP/1.1)
HTTP/1.1 200 OK
Content-Length: 51
Content-Type: application/json; charset=utf-8
cache-control: no-cache

23:00:01.912 [AsyncHttpClient-1-11] DEBUG org.asynchttpclient.netty.channel.ChannelManager - Adding key: http://localhost:47697 for channel [id: 0xe4f1366d, L:/127.0.0.1:54459 - R:localhost/127.0.0.1:47697]
23:00:01.922 [Forwarding getPageSource on session 931bb0522ee057017f4116371d90477c to remote] DEBUG org.asynchttpclient.netty.request.NettyRequestSender - Using pooled Channel '[id: 0xe4f1366d, L:/127.0.0.1:54459 - R:localhost/127.0.0.1:47697]' for 'POST' to 'http://localhost:47697/session/931bb0522ee057017f4116371d90477c/execute/sync'
23:00:01.922 [Forwarding getPageSource on session 931bb0522ee057017f4116371d90477c to remote] DEBUG org.asynchttpclient.netty.request.NettyRequestSender - Using open Channel [id: 0xe4f1366d, L:/127.0.0.1:54459 - R:localhost/127.0.0.1:47697] for POST '/session/931bb0522ee057017f4116371d90477c/execute/sync'
23:00:01.930 [AsyncHttpClient-1-11] DEBUG org.asynchttpclient.netty.handler.HttpHandler - 

Request DefaultHttpRequest(decodeResult: success, version: HTTP/1.1)
POST /session/931bb0522ee057017f4116371d90477c/execute/sync HTTP/1.1
User-Agent: selenium/4.8.1 (java windows)
Content-Length: 176
Content-Type: application/json; charset=utf-8
host: localhost:47697
accept: */*

Response DefaultHttpResponse(decodeResult: success, version: HTTP/1.1)
HTTP/1.1 200 OK
Content-Length: 21659
Content-Type: application/json; charset=utf-8
cache-control: no-cache

23:00:01.930 [AsyncHttpClient-1-11] DEBUG org.asynchttpclient.netty.channel.ChannelManager - Adding key: http://localhost:47697 for channel [id: 0xe4f1366d, L:/127.0.0.1:54459 - R:localhost/127.0.0.1:47697]
23:00:01.933 [Forwarding getCurrentUrl on session 931bb0522ee057017f4116371d90477c to remote] DEBUG org.asynchttpclient.netty.request.NettyRequestSender - Using pooled Channel '[id: 0xe4f1366d, L:/127.0.0.1:54459 - R:localhost/127.0.0.1:47697]' for 'GET' to 'http://localhost:47697/session/931bb0522ee057017f4116371d90477c/url'
23:00:01.933 [Forwarding getCurrentUrl on session 931bb0522ee057017f4116371d90477c to remote] DEBUG org.asynchttpclient.netty.request.NettyRequestSender - Using open Channel [id: 0xe4f1366d, L:/127.0.0.1:54459 - R:localhost/127.0.0.1:47697] for GET '/session/931bb0522ee057017f4116371d90477c/url'
23:00:01.940 [AsyncHttpClient-1-11] DEBUG org.asynchttpclient.netty.handler.HttpHandler - 

Request DefaultFullHttpRequest(decodeResult: success, version: HTTP/1.1, content: EmptyByteBufBE)
GET /session/931bb0522ee057017f4116371d90477c/url HTTP/1.1
User-Agent: selenium/4.8.1 (java windows)
Cache-Control: no-cache
Content-Type: application/json; charset=utf-8
host: localhost:47697
accept: */*

Response DefaultHttpResponse(decodeResult: success, version: HTTP/1.1)
HTTP/1.1 200 OK
Content-Length: 51
Content-Type: application/json; charset=utf-8
cache-control: no-cache

23:00:01.940 [AsyncHttpClient-1-11] DEBUG org.asynchttpclient.netty.channel.ChannelManager - Adding key: http://localhost:47697 for channel [id: 0xe4f1366d, L:/127.0.0.1:54459 - R:localhost/127.0.0.1:47697]
23:00:01.942 [main] DEBUG net.thucydides.core.steps.StepInterceptor - STARTING STEP: LoginSteps.enterValidEmailLogin - inputEmailLogin
23:00:01.944 [Forwarding findElement on session 931bb0522ee057017f4116371d90477c to remote] DEBUG org.asynchttpclient.netty.request.NettyRequestSender - Using pooled Channel '[id: 0xe4f1366d, L:/127.0.0.1:54459 - R:localhost/127.0.0.1:47697]' for 'POST' to 'http://localhost:47697/session/931bb0522ee057017f4116371d90477c/element'
23:00:01.944 [Forwarding findElement on session 931bb0522ee057017f4116371d90477c to remote] DEBUG org.asynchttpclient.netty.request.NettyRequestSender - Using open Channel [id: 0xe4f1366d, L:/127.0.0.1:54459 - R:localhost/127.0.0.1:47697] for POST '/session/931bb0522ee057017f4116371d90477c/element'
23:00:01.962 [AsyncHttpClient-1-11] DEBUG org.asynchttpclient.netty.handler.HttpHandler - 

Request DefaultHttpRequest(decodeResult: success, version: HTTP/1.1)
POST /session/931bb0522ee057017f4116371d90477c/element HTTP/1.1
User-Agent: selenium/4.8.1 (java windows)
Content-Length: 55
Content-Type: application/json; charset=utf-8
host: localhost:47697
accept: */*

Response DefaultHttpResponse(decodeResult: success, version: HTTP/1.1)
HTTP/1.1 200 OK
Content-Length: 94
Content-Type: application/json; charset=utf-8
cache-control: no-cache

23:00:01.962 [AsyncHttpClient-1-11] DEBUG org.asynchttpclient.netty.channel.ChannelManager - Adding key: http://localhost:47697 for channel [id: 0xe4f1366d, L:/127.0.0.1:54459 - R:localhost/127.0.0.1:47697]
23:00:01.964 [Forwarding clearElement on session 931bb0522ee057017f4116371d90477c to remote] DEBUG org.asynchttpclient.netty.request.NettyRequestSender - Using pooled Channel '[id: 0xe4f1366d, L:/127.0.0.1:54459 - R:localhost/127.0.0.1:47697]' for 'POST' to 'http://localhost:47697/session/931bb0522ee057017f4116371d90477c/element/2E9B81E36DEC30675A0FE4999123A7A9_element_5/clear'
23:00:01.964 [Forwarding clearElement on session 931bb0522ee057017f4116371d90477c to remote] DEBUG org.asynchttpclient.netty.request.NettyRequestSender - Using open Channel [id: 0xe4f1366d, L:/127.0.0.1:54459 - R:localhost/127.0.0.1:47697] for POST '/session/931bb0522ee057017f4116371d90477c/element/2E9B81E36DEC30675A0FE4999123A7A9_element_5/clear'
23:00:02.019 [AsyncHttpClient-1-11] DEBUG org.asynchttpclient.netty.handler.HttpHandler - 

Request DefaultHttpRequest(decodeResult: success, version: HTTP/1.1)
POST /session/931bb0522ee057017f4116371d90477c/element/2E9B81E36DEC30675A0FE4999123A7A9_element_5/clear HTTP/1.1
User-Agent: selenium/4.8.1 (java windows)
Content-Length: 56
Content-Type: application/json; charset=utf-8
host: localhost:47697
accept: */*

Response DefaultHttpResponse(decodeResult: success, version: HTTP/1.1)
HTTP/1.1 200 OK
Content-Length: 14
Content-Type: application/json; charset=utf-8
cache-control: no-cache

23:00:02.019 [AsyncHttpClient-1-11] DEBUG org.asynchttpclient.netty.channel.ChannelManager - Adding key: http://localhost:47697 for channel [id: 0xe4f1366d, L:/127.0.0.1:54459 - R:localhost/127.0.0.1:47697]
23:00:02.020 [Forwarding sendKeysToElement on session 931bb0522ee057017f4116371d90477c to remote] DEBUG org.asynchttpclient.netty.request.NettyRequestSender - Using pooled Channel '[id: 0xe4f1366d, L:/127.0.0.1:54459 - R:localhost/127.0.0.1:47697]' for 'POST' to 'http://localhost:47697/session/931bb0522ee057017f4116371d90477c/element/2E9B81E36DEC30675A0FE4999123A7A9_element_5/value'
23:00:02.020 [Forwarding sendKeysToElement on session 931bb0522ee057017f4116371d90477c to remote] DEBUG org.asynchttpclient.netty.request.NettyRequestSender - Using open Channel [id: 0xe4f1366d, L:/127.0.0.1:54459 - R:localhost/127.0.0.1:47697] for POST '/session/931bb0522ee057017f4116371d90477c/element/2E9B81E36DEC30675A0FE4999123A7A9_element_5/value'
23:00:02.426 [AsyncHttpClient-1-11] DEBUG org.asynchttpclient.netty.handler.HttpHandler - 

Request DefaultHttpRequest(decodeResult: success, version: HTTP/1.1)
POST /session/931bb0522ee057017f4116371d90477c/element/2E9B81E36DEC30675A0FE4999123A7A9_element_5/value HTTP/1.1
User-Agent: selenium/4.8.1 (java windows)
Content-Length: 357
Content-Type: application/json; charset=utf-8
host: localhost:47697
accept: */*

Response DefaultHttpResponse(decodeResult: success, version: HTTP/1.1)
HTTP/1.1 200 OK
Content-Length: 14
Content-Type: application/json; charset=utf-8
cache-control: no-cache

23:00:02.426 [AsyncHttpClient-1-11] DEBUG org.asynchttpclient.netty.channel.ChannelManager - Adding key: http://localhost:47697 for channel [id: 0xe4f1366d, L:/127.0.0.1:54459 - R:localhost/127.0.0.1:47697]
23:00:02.441 [Forwarding getAlertText on session 931bb0522ee057017f4116371d90477c to remote] DEBUG org.asynchttpclient.netty.request.NettyRequestSender - Using pooled Channel '[id: 0xe4f1366d, L:/127.0.0.1:54459 - R:localhost/127.0.0.1:47697]' for 'GET' to 'http://localhost:47697/session/931bb0522ee057017f4116371d90477c/alert/text'
23:00:02.441 [Forwarding getAlertText on session 931bb0522ee057017f4116371d90477c to remote] DEBUG org.asynchttpclient.netty.request.NettyRequestSender - Using open Channel [id: 0xe4f1366d, L:/127.0.0.1:54459 - R:localhost/127.0.0.1:47697] for GET '/session/931bb0522ee057017f4116371d90477c/alert/text'
23:00:02.445 [AsyncHttpClient-1-11] DEBUG org.asynchttpclient.netty.handler.HttpHandler - 

Request DefaultFullHttpRequest(decodeResult: success, version: HTTP/1.1, content: EmptyByteBufBE)
GET /session/931bb0522ee057017f4116371d90477c/alert/text HTTP/1.1
User-Agent: selenium/4.8.1 (java windows)
Cache-Control: no-cache
Content-Type: application/json; charset=utf-8
host: localhost:47697
accept: */*

Response DefaultHttpResponse(decodeResult: success, version: HTTP/1.1)
HTTP/1.1 404 Not Found
Content-Length: 820
Content-Type: application/json; charset=utf-8
cache-control: no-cache

23:00:02.445 [AsyncHttpClient-1-11] DEBUG org.asynchttpclient.netty.channel.ChannelManager - Adding key: http://localhost:47697 for channel [id: 0xe4f1366d, L:/127.0.0.1:54459 - R:localhost/127.0.0.1:47697]
23:00:02.447 [Forwarding getCurrentUrl on session 931bb0522ee057017f4116371d90477c to remote] DEBUG org.asynchttpclient.netty.request.NettyRequestSender - Using pooled Channel '[id: 0xe4f1366d, L:/127.0.0.1:54459 - R:localhost/127.0.0.1:47697]' for 'GET' to 'http://localhost:47697/session/931bb0522ee057017f4116371d90477c/url'
23:00:02.447 [Forwarding getCurrentUrl on session 931bb0522ee057017f4116371d90477c to remote] DEBUG org.asynchttpclient.netty.request.NettyRequestSender - Using open Channel [id: 0xe4f1366d, L:/127.0.0.1:54459 - R:localhost/127.0.0.1:47697] for GET '/session/931bb0522ee057017f4116371d90477c/url'
23:00:02.459 [AsyncHttpClient-1-11] DEBUG org.asynchttpclient.netty.handler.HttpHandler - 

Request DefaultFullHttpRequest(decodeResult: success, version: HTTP/1.1, content: EmptyByteBufBE)
GET /session/931bb0522ee057017f4116371d90477c/url HTTP/1.1
User-Agent: selenium/4.8.1 (java windows)
Cache-Control: no-cache
Content-Type: application/json; charset=utf-8
host: localhost:47697
accept: */*

Response DefaultHttpResponse(decodeResult: success, version: HTTP/1.1)
HTTP/1.1 200 OK
Content-Length: 51
Content-Type: application/json; charset=utf-8
cache-control: no-cache

23:00:02.460 [AsyncHttpClient-1-11] DEBUG org.asynchttpclient.netty.channel.ChannelManager - Adding key: http://localhost:47697 for channel [id: 0xe4f1366d, L:/127.0.0.1:54459 - R:localhost/127.0.0.1:47697]
23:00:02.461 [Forwarding screenshot on session 931bb0522ee057017f4116371d90477c to remote] DEBUG org.asynchttpclient.netty.request.NettyRequestSender - Using pooled Channel '[id: 0xe4f1366d, L:/127.0.0.1:54459 - R:localhost/127.0.0.1:47697]' for 'GET' to 'http://localhost:47697/session/931bb0522ee057017f4116371d90477c/screenshot'
23:00:02.461 [Forwarding screenshot on session 931bb0522ee057017f4116371d90477c to remote] DEBUG org.asynchttpclient.netty.request.NettyRequestSender - Using open Channel [id: 0xe4f1366d, L:/127.0.0.1:54459 - R:localhost/127.0.0.1:47697] for GET '/session/931bb0522ee057017f4116371d90477c/screenshot'
23:00:02.600 [AsyncHttpClient-1-1] DEBUG org.asynchttpclient.netty.channel.DefaultChannelPool - Entry count for : http://localhost:54460 : 1
23:00:02.767 [AsyncHttpClient-1-11] DEBUG org.asynchttpclient.netty.handler.HttpHandler - 

Request DefaultFullHttpRequest(decodeResult: success, version: HTTP/1.1, content: EmptyByteBufBE)
GET /session/931bb0522ee057017f4116371d90477c/screenshot HTTP/1.1
User-Agent: selenium/4.8.1 (java windows)
Cache-Control: no-cache
Content-Type: application/json; charset=utf-8
host: localhost:47697
accept: */*

Response DefaultHttpResponse(decodeResult: success, version: HTTP/1.1)
HTTP/1.1 200 OK
Content-Length: 39656
Content-Type: application/json; charset=utf-8
cache-control: no-cache

23:00:02.767 [AsyncHttpClient-1-11] DEBUG org.asynchttpclient.netty.channel.ChannelManager - Adding key: http://localhost:47697 for channel [id: 0xe4f1366d, L:/127.0.0.1:54459 - R:localhost/127.0.0.1:47697]
23:00:02.773 [main] DEBUG net.serenitybdd.core.photography.Darkroom - Send negative for processing for target\site\serenity\73cac2fde7f1b89cd7a0ad27249fb149e1e8a44f1eae5e5fcc26023ab49dfb5f.png
23:00:02.774 [main] DEBUG net.thucydides.core.steps.StepInterceptor - STEP DONE: inputEmailLogin
23:00:02.774 [Darkroom Processing Line] DEBUG net.serenitybdd.core.photography.DarkroomProcessingLine - Processing screenshot image in /var/screenshots/screenshot-860190258261339539
  &amp#27;[32mWhen &amp#27;[0m&amp#27;[32mI enter valid email login&amp#27;[0m             &amp#27;[90m# starter.stepdefinitions.LoginSteps.enterValidEmailLogin()&amp#27;[0m
23:00:02.774 [Darkroom Processing Line] DEBUG net.serenitybdd.core.photography.DarkroomProcessingLine - Saving screenshot to target\site\serenity\73cac2fde7f1b89cd7a0ad27249fb149e1e8a44f1eae5e5fcc26023ab49dfb5f.png
23:00:02.793 [Forwarding getPageSource on session 931bb0522ee057017f4116371d90477c to remote] DEBUG org.asynchttpclient.netty.request.NettyRequestSender - Using pooled Channel '[id: 0xe4f1366d, L:/127.0.0.1:54459 - R:localhost/127.0.0.1:47697]' for 'POST' to 'http://localhost:47697/session/931bb0522ee057017f4116371d90477c/execute/sync'
23:00:02.793 [Forwarding getPageSource on session 931bb0522ee057017f4116371d90477c to remote] DEBUG org.asynchttpclient.netty.request.NettyRequestSender - Using open Channel [id: 0xe4f1366d, L:/127.0.0.1:54459 - R:localhost/127.0.0.1:47697] for POST '/session/931bb0522ee057017f4116371d90477c/execute/sync'
23:00:02.810 [AsyncHttpClient-1-11] DEBUG org.asynchttpclient.netty.handler.HttpHandler - 

Request DefaultHttpRequest(decodeResult: success, version: HTTP/1.1)
POST /session/931bb0522ee057017f4116371d90477c/execute/sync HTTP/1.1
User-Agent: selenium/4.8.1 (java windows)
Content-Length: 176
Content-Type: application/json; charset=utf-8
host: localhost:47697
accept: */*

Response DefaultHttpResponse(decodeResult: success, version: HTTP/1.1)
HTTP/1.1 200 OK
Content-Length: 21780
Content-Type: application/json; charset=utf-8
cache-control: no-cache

23:00:02.810 [AsyncHttpClient-1-11] DEBUG org.asynchttpclient.netty.channel.ChannelManager - Adding key: http://localhost:47697 for channel [id: 0xe4f1366d, L:/127.0.0.1:54459 - R:localhost/127.0.0.1:47697]
23:00:02.815 [Forwarding getCurrentUrl on session 931bb0522ee057017f4116371d90477c to remote] DEBUG org.asynchttpclient.netty.request.NettyRequestSender - Using pooled Channel '[id: 0xe4f1366d, L:/127.0.0.1:54459 - R:localhost/127.0.0.1:47697]' for 'GET' to 'http://localhost:47697/session/931bb0522ee057017f4116371d90477c/url'
23:00:02.815 [Forwarding getCurrentUrl on session 931bb0522ee057017f4116371d90477c to remote] DEBUG org.asynchttpclient.netty.request.NettyRequestSender - Using open Channel [id: 0xe4f1366d, L:/127.0.0.1:54459 - R:localhost/127.0.0.1:47697] for GET '/session/931bb0522ee057017f4116371d90477c/url'
23:00:02.828 [AsyncHttpClient-1-11] DEBUG org.asynchttpclient.netty.handler.HttpHandler - 

Request DefaultFullHttpRequest(decodeResult: success, version: HTTP/1.1, content: EmptyByteBufBE)
GET /session/931bb0522ee057017f4116371d90477c/url HTTP/1.1
User-Agent: selenium/4.8.1 (java windows)
Cache-Control: no-cache
Content-Type: application/json; charset=utf-8
host: localhost:47697
accept: */*

Response DefaultHttpResponse(decodeResult: success, version: HTTP/1.1)
HTTP/1.1 200 OK
Content-Length: 51
Content-Type: application/json; charset=utf-8
cache-control: no-cache

23:00:02.828 [AsyncHttpClient-1-11] DEBUG org.asynchttpclient.netty.channel.ChannelManager - Adding key: http://localhost:47697 for channel [id: 0xe4f1366d, L:/127.0.0.1:54459 - R:localhost/127.0.0.1:47697]
23:00:02.848 [Forwarding getAlertText on session 931bb0522ee057017f4116371d90477c to remote] DEBUG org.asynchttpclient.netty.request.NettyRequestSender - Using pooled Channel '[id: 0xe4f1366d, L:/127.0.0.1:54459 - R:localhost/127.0.0.1:47697]' for 'GET' to 'http://localhost:47697/session/931bb0522ee057017f4116371d90477c/alert/text'
23:00:02.848 [Forwarding getAlertText on session 931bb0522ee057017f4116371d90477c to remote] DEBUG org.asynchttpclient.netty.request.NettyRequestSender - Using open Channel [id: 0xe4f1366d, L:/127.0.0.1:54459 - R:localhost/127.0.0.1:47697] for GET '/session/931bb0522ee057017f4116371d90477c/alert/text'
23:00:02.852 [AsyncHttpClient-1-11] DEBUG org.asynchttpclient.netty.handler.HttpHandler - 

Request DefaultFullHttpRequest(decodeResult: success, version: HTTP/1.1, content: EmptyByteBufBE)
GET /session/931bb0522ee057017f4116371d90477c/alert/text HTTP/1.1
User-Agent: selenium/4.8.1 (java windows)
Cache-Control: no-cache
Content-Type: application/json; charset=utf-8
host: localhost:47697
accept: */*

Response DefaultHttpResponse(decodeResult: success, version: HTTP/1.1)
HTTP/1.1 404 Not Found
Content-Length: 820
Content-Type: application/json; charset=utf-8
cache-control: no-cache

23:00:02.853 [AsyncHttpClient-1-11] DEBUG org.asynchttpclient.netty.channel.ChannelManager - Adding key: http://localhost:47697 for channel [id: 0xe4f1366d, L:/127.0.0.1:54459 - R:localhost/127.0.0.1:47697]
23:00:02.854 [Forwarding getCurrentUrl on session 931bb0522ee057017f4116371d90477c to remote] DEBUG org.asynchttpclient.netty.request.NettyRequestSender - Using pooled Channel '[id: 0xe4f1366d, L:/127.0.0.1:54459 - R:localhost/127.0.0.1:47697]' for 'GET' to 'http://localhost:47697/session/931bb0522ee057017f4116371d90477c/url'
23:00:02.854 [Forwarding getCurrentUrl on session 931bb0522ee057017f4116371d90477c to remote] DEBUG org.asynchttpclient.netty.request.NettyRequestSender - Using open Channel [id: 0xe4f1366d, L:/127.0.0.1:54459 - R:localhost/127.0.0.1:47697] for GET '/session/931bb0522ee057017f4116371d90477c/url'
23:00:02.867 [AsyncHttpClient-1-11] DEBUG org.asynchttpclient.netty.handler.HttpHandler - 

Request DefaultFullHttpRequest(decodeResult: success, version: HTTP/1.1, content: EmptyByteBufBE)
GET /session/931bb0522ee057017f4116371d90477c/url HTTP/1.1
User-Agent: selenium/4.8.1 (java windows)
Cache-Control: no-cache
Content-Type: application/json; charset=utf-8
host: localhost:47697
accept: */*

Response DefaultHttpResponse(decodeResult: success, version: HTTP/1.1)
HTTP/1.1 200 OK
Content-Length: 51
Content-Type: application/json; charset=utf-8
cache-control: no-cache

23:00:02.867 [AsyncHttpClient-1-11] DEBUG org.asynchttpclient.netty.channel.ChannelManager - Adding key: http://localhost:47697 for channel [id: 0xe4f1366d, L:/127.0.0.1:54459 - R:localhost/127.0.0.1:47697]
23:00:02.868 [Forwarding screenshot on session 931bb0522ee057017f4116371d90477c to remote] DEBUG org.asynchttpclient.netty.request.NettyRequestSender - Using pooled Channel '[id: 0xe4f1366d, L:/127.0.0.1:54459 - R:localhost/127.0.0.1:47697]' for 'GET' to 'http://localhost:47697/session/931bb0522ee057017f4116371d90477c/screenshot'
23:00:02.868 [Forwarding screenshot on session 931bb0522ee057017f4116371d90477c to remote] DEBUG org.asynchttpclient.netty.request.NettyRequestSender - Using open Channel [id: 0xe4f1366d, L:/127.0.0.1:54459 - R:localhost/127.0.0.1:47697] for GET '/session/931bb0522ee057017f4116371d90477c/screenshot'
23:00:03.036 [AsyncHttpClient-1-11] DEBUG org.asynchttpclient.netty.handler.HttpHandler - 

Request DefaultFullHttpRequest(decodeResult: success, version: HTTP/1.1, content: EmptyByteBufBE)
GET /session/931bb0522ee057017f4116371d90477c/screenshot HTTP/1.1
User-Agent: selenium/4.8.1 (java windows)
Cache-Control: no-cache
Content-Type: application/json; charset=utf-8
host: localhost:47697
accept: */*

Response DefaultHttpResponse(decodeResult: success, version: HTTP/1.1)
HTTP/1.1 200 OK
Content-Length: 39656
Content-Type: application/json; charset=utf-8
cache-control: no-cache

23:00:03.036 [AsyncHttpClient-1-11] DEBUG org.asynchttpclient.netty.channel.ChannelManager - Adding key: http://localhost:47697 for channel [id: 0xe4f1366d, L:/127.0.0.1:54459 - R:localhost/127.0.0.1:47697]
23:00:03.038 [main] DEBUG net.serenitybdd.core.photography.Darkroom - Send negative for processing for target\site\serenity\74d03a8a380ee641a3944091f03832370e5e140460583a3adc63bedb009e781f.png
23:00:03.038 [Darkroom Processing Line] DEBUG net.serenitybdd.core.photography.DarkroomProcessingLine - Processing screenshot image in /var/screenshots/screenshot-491514861197271116
23:00:03.038 [Darkroom Processing Line] DEBUG net.serenitybdd.core.photography.DarkroomProcessingLine - Saving screenshot to target\site\serenity\74d03a8a380ee641a3944091f03832370e5e140460583a3adc63bedb009e781f.png
23:00:03.039 [Forwarding getPageSource on session 931bb0522ee057017f4116371d90477c to remote] DEBUG org.asynchttpclient.netty.request.NettyRequestSender - Using pooled Channel '[id: 0xe4f1366d, L:/127.0.0.1:54459 - R:localhost/127.0.0.1:47697]' for 'POST' to 'http://localhost:47697/session/931bb0522ee057017f4116371d90477c/execute/sync'
23:00:03.039 [Forwarding getPageSource on session 931bb0522ee057017f4116371d90477c to remote] DEBUG org.asynchttpclient.netty.request.NettyRequestSender - Using open Channel [id: 0xe4f1366d, L:/127.0.0.1:54459 - R:localhost/127.0.0.1:47697] for POST '/session/931bb0522ee057017f4116371d90477c/execute/sync'
23:00:03.046 [AsyncHttpClient-1-11] DEBUG org.asynchttpclient.netty.handler.HttpHandler - 

Request DefaultHttpRequest(decodeResult: success, version: HTTP/1.1)
POST /session/931bb0522ee057017f4116371d90477c/execute/sync HTTP/1.1
User-Agent: selenium/4.8.1 (java windows)
Content-Length: 176
Content-Type: application/json; charset=utf-8
host: localhost:47697
accept: */*

Response DefaultHttpResponse(decodeResult: success, version: HTTP/1.1)
HTTP/1.1 200 OK
Content-Length: 21780
Content-Type: application/json; charset=utf-8
cache-control: no-cache

23:00:03.046 [AsyncHttpClient-1-11] DEBUG org.asynchttpclient.netty.channel.ChannelManager - Adding key: http://localhost:47697 for channel [id: 0xe4f1366d, L:/127.0.0.1:54459 - R:localhost/127.0.0.1:47697]
23:00:03.049 [Forwarding getCurrentUrl on session 931bb0522ee057017f4116371d90477c to remote] DEBUG org.asynchttpclient.netty.request.NettyRequestSender - Using pooled Channel '[id: 0xe4f1366d, L:/127.0.0.1:54459 - R:localhost/127.0.0.1:47697]' for 'GET' to 'http://localhost:47697/session/931bb0522ee057017f4116371d90477c/url'
23:00:03.049 [Forwarding getCurrentUrl on session 931bb0522ee057017f4116371d90477c to remote] DEBUG org.asynchttpclient.netty.request.NettyRequestSender - Using open Channel [id: 0xe4f1366d, L:/127.0.0.1:54459 - R:localhost/127.0.0.1:47697] for GET '/session/931bb0522ee057017f4116371d90477c/url'
23:00:03.055 [AsyncHttpClient-1-11] DEBUG org.asynchttpclient.netty.handler.HttpHandler - 

Request DefaultFullHttpRequest(decodeResult: success, version: HTTP/1.1, content: EmptyByteBufBE)
GET /session/931bb0522ee057017f4116371d90477c/url HTTP/1.1
User-Agent: selenium/4.8.1 (java windows)
Cache-Control: no-cache
Content-Type: application/json; charset=utf-8
host: localhost:47697
accept: */*

Response DefaultHttpResponse(decodeResult: success, version: HTTP/1.1)
HTTP/1.1 200 OK
Content-Length: 51
Content-Type: application/json; charset=utf-8
cache-control: no-cache

23:00:03.055 [AsyncHttpClient-1-11] DEBUG org.asynchttpclient.netty.channel.ChannelManager - Adding key: http://localhost:47697 for channel [id: 0xe4f1366d, L:/127.0.0.1:54459 - R:localhost/127.0.0.1:47697]
23:00:03.057 [main] DEBUG net.thucydides.core.steps.StepInterceptor - STARTING STEP: LoginSteps.enterInvalidPasswordLogin - inputInvalidPasswordLogin
23:00:03.060 [Forwarding findElement on session 931bb0522ee057017f4116371d90477c to remote] DEBUG org.asynchttpclient.netty.request.NettyRequestSender - Using pooled Channel '[id: 0xe4f1366d, L:/127.0.0.1:54459 - R:localhost/127.0.0.1:47697]' for 'POST' to 'http://localhost:47697/session/931bb0522ee057017f4116371d90477c/element'
23:00:03.060 [Forwarding findElement on session 931bb0522ee057017f4116371d90477c to remote] DEBUG org.asynchttpclient.netty.request.NettyRequestSender - Using open Channel [id: 0xe4f1366d, L:/127.0.0.1:54459 - R:localhost/127.0.0.1:47697] for POST '/session/931bb0522ee057017f4116371d90477c/element'
23:00:03.074 [AsyncHttpClient-1-11] DEBUG org.asynchttpclient.netty.handler.HttpHandler - 

Request DefaultHttpRequest(decodeResult: success, version: HTTP/1.1)
POST /session/931bb0522ee057017f4116371d90477c/element HTTP/1.1
User-Agent: selenium/4.8.1 (java windows)
Content-Length: 55
Content-Type: application/json; charset=utf-8
host: localhost:47697
accept: */*

Response DefaultHttpResponse(decodeResult: success, version: HTTP/1.1)
HTTP/1.1 200 OK
Content-Length: 94
Content-Type: application/json; charset=utf-8
cache-control: no-cache

23:00:03.074 [AsyncHttpClient-1-11] DEBUG org.asynchttpclient.netty.channel.ChannelManager - Adding key: http://localhost:47697 for channel [id: 0xe4f1366d, L:/127.0.0.1:54459 - R:localhost/127.0.0.1:47697]
23:00:03.075 [Forwarding clearElement on session 931bb0522ee057017f4116371d90477c to remote] DEBUG org.asynchttpclient.netty.request.NettyRequestSender - Using pooled Channel '[id: 0xe4f1366d, L:/127.0.0.1:54459 - R:localhost/127.0.0.1:47697]' for 'POST' to 'http://localhost:47697/session/931bb0522ee057017f4116371d90477c/element/2E9B81E36DEC30675A0FE4999123A7A9_element_7/clear'
23:00:03.075 [Forwarding clearElement on session 931bb0522ee057017f4116371d90477c to remote] DEBUG org.asynchttpclient.netty.request.NettyRequestSender - Using open Channel [id: 0xe4f1366d, L:/127.0.0.1:54459 - R:localhost/127.0.0.1:47697] for POST '/session/931bb0522ee057017f4116371d90477c/element/2E9B81E36DEC30675A0FE4999123A7A9_element_7/clear'
23:00:03.111 [AsyncHttpClient-1-11] DEBUG org.asynchttpclient.netty.handler.HttpHandler - 

Request DefaultHttpRequest(decodeResult: success, version: HTTP/1.1)
POST /session/931bb0522ee057017f4116371d90477c/element/2E9B81E36DEC30675A0FE4999123A7A9_element_7/clear HTTP/1.1
User-Agent: selenium/4.8.1 (java windows)
Content-Length: 56
Content-Type: application/json; charset=utf-8
host: localhost:47697
accept: */*

Response DefaultHttpResponse(decodeResult: success, version: HTTP/1.1)
HTTP/1.1 200 OK
Content-Length: 14
Content-Type: application/json; charset=utf-8
cache-control: no-cache

23:00:03.111 [AsyncHttpClient-1-11] DEBUG org.asynchttpclient.netty.channel.ChannelManager - Adding key: http://localhost:47697 for channel [id: 0xe4f1366d, L:/127.0.0.1:54459 - R:localhost/127.0.0.1:47697]
23:00:03.112 [Forwarding sendKeysToElement on session 931bb0522ee057017f4116371d90477c to remote] DEBUG org.asynchttpclient.netty.request.NettyRequestSender - Using pooled Channel '[id: 0xe4f1366d, L:/127.0.0.1:54459 - R:localhost/127.0.0.1:47697]' for 'POST' to 'http://localhost:47697/session/931bb0522ee057017f4116371d90477c/element/2E9B81E36DEC30675A0FE4999123A7A9_element_7/value'
23:00:03.112 [Forwarding sendKeysToElement on session 931bb0522ee057017f4116371d90477c to remote] DEBUG org.asynchttpclient.netty.request.NettyRequestSender - Using open Channel [id: 0xe4f1366d, L:/127.0.0.1:54459 - R:localhost/127.0.0.1:47697] for POST '/session/931bb0522ee057017f4116371d90477c/element/2E9B81E36DEC30675A0FE4999123A7A9_element_7/value'
23:00:03.191 [AsyncHttpClient-1-11] DEBUG org.asynchttpclient.netty.handler.HttpHandler - 

Request DefaultHttpRequest(decodeResult: success, version: HTTP/1.1)
POST /session/931bb0522ee057017f4116371d90477c/element/2E9B81E36DEC30675A0FE4999123A7A9_element_7/value HTTP/1.1
User-Agent: selenium/4.8.1 (java windows)
Content-Length: 127
Content-Type: application/json; charset=utf-8
host: localhost:47697
accept: */*

Response DefaultHttpResponse(decodeResult: success, version: HTTP/1.1)
HTTP/1.1 200 OK
Content-Length: 14
Content-Type: application/json; charset=utf-8
cache-control: no-cache

23:00:03.191 [AsyncHttpClient-1-11] DEBUG org.asynchttpclient.netty.channel.ChannelManager - Adding key: http://localhost:47697 for channel [id: 0xe4f1366d, L:/127.0.0.1:54459 - R:localhost/127.0.0.1:47697]
23:00:03.196 [Forwarding getAlertText on session 931bb0522ee057017f4116371d90477c to remote] DEBUG org.asynchttpclient.netty.request.NettyRequestSender - Using pooled Channel '[id: 0xe4f1366d, L:/127.0.0.1:54459 - R:localhost/127.0.0.1:47697]' for 'GET' to 'http://localhost:47697/session/931bb0522ee057017f4116371d90477c/alert/text'
23:00:03.196 [Forwarding getAlertText on session 931bb0522ee057017f4116371d90477c to remote] DEBUG org.asynchttpclient.netty.request.NettyRequestSender - Using open Channel [id: 0xe4f1366d, L:/127.0.0.1:54459 - R:localhost/127.0.0.1:47697] for GET '/session/931bb0522ee057017f4116371d90477c/alert/text'
23:00:03.199 [AsyncHttpClient-1-11] DEBUG org.asynchttpclient.netty.handler.HttpHandler - 

Request DefaultFullHttpRequest(decodeResult: success, version: HTTP/1.1, content: EmptyByteBufBE)
GET /session/931bb0522ee057017f4116371d90477c/alert/text HTTP/1.1
User-Agent: selenium/4.8.1 (java windows)
Cache-Control: no-cache
Content-Type: application/json; charset=utf-8
host: localhost:47697
accept: */*

Response DefaultHttpResponse(decodeResult: success, version: HTTP/1.1)
HTTP/1.1 404 Not Found
Content-Length: 820
Content-Type: application/json; charset=utf-8
cache-control: no-cache

23:00:03.199 [AsyncHttpClient-1-11] DEBUG org.asynchttpclient.netty.channel.ChannelManager - Adding key: http://localhost:47697 for channel [id: 0xe4f1366d, L:/127.0.0.1:54459 - R:localhost/127.0.0.1:47697]
23:00:03.200 [Forwarding getCurrentUrl on session 931bb0522ee057017f4116371d90477c to remote] DEBUG org.asynchttpclient.netty.request.NettyRequestSender - Using pooled Channel '[id: 0xe4f1366d, L:/127.0.0.1:54459 - R:localhost/127.0.0.1:47697]' for 'GET' to 'http://localhost:47697/session/931bb0522ee057017f4116371d90477c/url'
23:00:03.200 [Forwarding getCurrentUrl on session 931bb0522ee057017f4116371d90477c to remote] DEBUG org.asynchttpclient.netty.request.NettyRequestSender - Using open Channel [id: 0xe4f1366d, L:/127.0.0.1:54459 - R:localhost/127.0.0.1:47697] for GET '/session/931bb0522ee057017f4116371d90477c/url'
23:00:03.209 [AsyncHttpClient-1-11] DEBUG org.asynchttpclient.netty.handler.HttpHandler - 

Request DefaultFullHttpRequest(decodeResult: success, version: HTTP/1.1, content: EmptyByteBufBE)
GET /session/931bb0522ee057017f4116371d90477c/url HTTP/1.1
User-Agent: selenium/4.8.1 (java windows)
Cache-Control: no-cache
Content-Type: application/json; charset=utf-8
host: localhost:47697
accept: */*

Response DefaultHttpResponse(decodeResult: success, version: HTTP/1.1)
HTTP/1.1 200 OK
Content-Length: 51
Content-Type: application/json; charset=utf-8
cache-control: no-cache

23:00:03.209 [AsyncHttpClient-1-11] DEBUG org.asynchttpclient.netty.channel.ChannelManager - Adding key: http://localhost:47697 for channel [id: 0xe4f1366d, L:/127.0.0.1:54459 - R:localhost/127.0.0.1:47697]
23:00:03.209 [Forwarding screenshot on session 931bb0522ee057017f4116371d90477c to remote] DEBUG org.asynchttpclient.netty.request.NettyRequestSender - Using pooled Channel '[id: 0xe4f1366d, L:/127.0.0.1:54459 - R:localhost/127.0.0.1:47697]' for 'GET' to 'http://localhost:47697/session/931bb0522ee057017f4116371d90477c/screenshot'
23:00:03.209 [Forwarding screenshot on session 931bb0522ee057017f4116371d90477c to remote] DEBUG org.asynchttpclient.netty.request.NettyRequestSender - Using open Channel [id: 0xe4f1366d, L:/127.0.0.1:54459 - R:localhost/127.0.0.1:47697] for GET '/session/931bb0522ee057017f4116371d90477c/screenshot'
23:00:03.461 [AsyncHttpClient-1-11] DEBUG org.asynchttpclient.netty.handler.HttpHandler - 

Request DefaultFullHttpRequest(decodeResult: success, version: HTTP/1.1, content: EmptyByteBufBE)
GET /session/931bb0522ee057017f4116371d90477c/screenshot HTTP/1.1
User-Agent: selenium/4.8.1 (java windows)
Cache-Control: no-cache
Content-Type: application/json; charset=utf-8
host: localhost:47697
accept: */*

Response DefaultHttpResponse(decodeResult: success, version: HTTP/1.1)
HTTP/1.1 200 OK
Content-Length: 41228
Content-Type: application/json; charset=utf-8
cache-control: no-cache

23:00:03.462 [AsyncHttpClient-1-11] DEBUG org.asynchttpclient.netty.channel.ChannelManager - Adding key: http://localhost:47697 for channel [id: 0xe4f1366d, L:/127.0.0.1:54459 - R:localhost/127.0.0.1:47697]
23:00:03.465 [main] DEBUG net.serenitybdd.core.photography.Darkroom - Send negative for processing for target\site\serenity\aac941e52d7478c3bb6b6367b77a1174f8c7bdb58771ff5007df88f6f344835a.png
23:00:03.466 [main] DEBUG net.thucydides.core.steps.StepInterceptor - STEP DONE: inputInvalidPasswordLogin
23:00:03.466 [Darkroom Processing Line] DEBUG net.serenitybdd.core.photography.DarkroomProcessingLine - Processing screenshot image in /var/screenshots/screenshot-2535728546816910195
  &amp#27;[32mAnd &amp#27;[0m&amp#27;[32mI enter invalid password login&amp#27;[0m         &amp#27;[90m# starter.stepdefinitions.LoginSteps.enterInvalidPasswordLogin()&amp#27;[0m
23:00:03.466 [Darkroom Processing Line] DEBUG net.serenitybdd.core.photography.DarkroomProcessingLine - Saving screenshot to target\site\serenity\aac941e52d7478c3bb6b6367b77a1174f8c7bdb58771ff5007df88f6f344835a.png
23:00:03.483 [Forwarding getPageSource on session 931bb0522ee057017f4116371d90477c to remote] DEBUG org.asynchttpclient.netty.request.NettyRequestSender - Using pooled Channel '[id: 0xe4f1366d, L:/127.0.0.1:54459 - R:localhost/127.0.0.1:47697]' for 'POST' to 'http://localhost:47697/session/931bb0522ee057017f4116371d90477c/execute/sync'
23:00:03.483 [Forwarding getPageSource on session 931bb0522ee057017f4116371d90477c to remote] DEBUG org.asynchttpclient.netty.request.NettyRequestSender - Using open Channel [id: 0xe4f1366d, L:/127.0.0.1:54459 - R:localhost/127.0.0.1:47697] for POST '/session/931bb0522ee057017f4116371d90477c/execute/sync'
23:00:03.500 [AsyncHttpClient-1-11] DEBUG org.asynchttpclient.netty.handler.HttpHandler - 

Request DefaultHttpRequest(decodeResult: success, version: HTTP/1.1)
POST /session/931bb0522ee057017f4116371d90477c/execute/sync HTTP/1.1
User-Agent: selenium/4.8.1 (java windows)
Content-Length: 176
Content-Type: application/json; charset=utf-8
host: localhost:47697
accept: */*

Response DefaultHttpResponse(decodeResult: success, version: HTTP/1.1)
HTTP/1.1 200 OK
Content-Length: 21839
Content-Type: application/json; charset=utf-8
cache-control: no-cache

23:00:03.500 [AsyncHttpClient-1-11] DEBUG org.asynchttpclient.netty.channel.ChannelManager - Adding key: http://localhost:47697 for channel [id: 0xe4f1366d, L:/127.0.0.1:54459 - R:localhost/127.0.0.1:47697]
23:00:03.505 [Forwarding getCurrentUrl on session 931bb0522ee057017f4116371d90477c to remote] DEBUG org.asynchttpclient.netty.request.NettyRequestSender - Using pooled Channel '[id: 0xe4f1366d, L:/127.0.0.1:54459 - R:localhost/127.0.0.1:47697]' for 'GET' to 'http://localhost:47697/session/931bb0522ee057017f4116371d90477c/url'
23:00:03.505 [Forwarding getCurrentUrl on session 931bb0522ee057017f4116371d90477c to remote] DEBUG org.asynchttpclient.netty.request.NettyRequestSender - Using open Channel [id: 0xe4f1366d, L:/127.0.0.1:54459 - R:localhost/127.0.0.1:47697] for GET '/session/931bb0522ee057017f4116371d90477c/url'
23:00:03.518 [AsyncHttpClient-1-11] DEBUG org.asynchttpclient.netty.handler.HttpHandler - 

Request DefaultFullHttpRequest(decodeResult: success, version: HTTP/1.1, content: EmptyByteBufBE)
GET /session/931bb0522ee057017f4116371d90477c/url HTTP/1.1
User-Agent: selenium/4.8.1 (java windows)
Cache-Control: no-cache
Content-Type: application/json; charset=utf-8
host: localhost:47697
accept: */*

Response DefaultHttpResponse(decodeResult: success, version: HTTP/1.1)
HTTP/1.1 200 OK
Content-Length: 51
Content-Type: application/json; charset=utf-8
cache-control: no-cache

23:00:03.518 [AsyncHttpClient-1-11] DEBUG org.asynchttpclient.netty.channel.ChannelManager - Adding key: http://localhost:47697 for channel [id: 0xe4f1366d, L:/127.0.0.1:54459 - R:localhost/127.0.0.1:47697]
23:00:03.534 [Forwarding getAlertText on session 931bb0522ee057017f4116371d90477c to remote] DEBUG org.asynchttpclient.netty.request.NettyRequestSender - Using pooled Channel '[id: 0xe4f1366d, L:/127.0.0.1:54459 - R:localhost/127.0.0.1:47697]' for 'GET' to 'http://localhost:47697/session/931bb0522ee057017f4116371d90477c/alert/text'
23:00:03.534 [Forwarding getAlertText on session 931bb0522ee057017f4116371d90477c to remote] DEBUG org.asynchttpclient.netty.request.NettyRequestSender - Using open Channel [id: 0xe4f1366d, L:/127.0.0.1:54459 - R:localhost/127.0.0.1:47697] for GET '/session/931bb0522ee057017f4116371d90477c/alert/text'
23:00:03.537 [AsyncHttpClient-1-11] DEBUG org.asynchttpclient.netty.handler.HttpHandler - 

Request DefaultFullHttpRequest(decodeResult: success, version: HTTP/1.1, content: EmptyByteBufBE)
GET /session/931bb0522ee057017f4116371d90477c/alert/text HTTP/1.1
User-Agent: selenium/4.8.1 (java windows)
Cache-Control: no-cache
Content-Type: application/json; charset=utf-8
host: localhost:47697
accept: */*

Response DefaultHttpResponse(decodeResult: success, version: HTTP/1.1)
HTTP/1.1 404 Not Found
Content-Length: 820
Content-Type: application/json; charset=utf-8
cache-control: no-cache

23:00:03.537 [AsyncHttpClient-1-11] DEBUG org.asynchttpclient.netty.channel.ChannelManager - Adding key: http://localhost:47697 for channel [id: 0xe4f1366d, L:/127.0.0.1:54459 - R:localhost/127.0.0.1:47697]
23:00:03.539 [Forwarding getCurrentUrl on session 931bb0522ee057017f4116371d90477c to remote] DEBUG org.asynchttpclient.netty.request.NettyRequestSender - Using pooled Channel '[id: 0xe4f1366d, L:/127.0.0.1:54459 - R:localhost/127.0.0.1:47697]' for 'GET' to 'http://localhost:47697/session/931bb0522ee057017f4116371d90477c/url'
23:00:03.539 [Forwarding getCurrentUrl on session 931bb0522ee057017f4116371d90477c to remote] DEBUG org.asynchttpclient.netty.request.NettyRequestSender - Using open Channel [id: 0xe4f1366d, L:/127.0.0.1:54459 - R:localhost/127.0.0.1:47697] for GET '/session/931bb0522ee057017f4116371d90477c/url'
23:00:03.552 [AsyncHttpClient-1-11] DEBUG org.asynchttpclient.netty.handler.HttpHandler - 

Request DefaultFullHttpRequest(decodeResult: success, version: HTTP/1.1, content: EmptyByteBufBE)
GET /session/931bb0522ee057017f4116371d90477c/url HTTP/1.1
User-Agent: selenium/4.8.1 (java windows)
Cache-Control: no-cache
Content-Type: application/json; charset=utf-8
host: localhost:47697
accept: */*

Response DefaultHttpResponse(decodeResult: success, version: HTTP/1.1)
HTTP/1.1 200 OK
Content-Length: 51
Content-Type: application/json; charset=utf-8
cache-control: no-cache

23:00:03.553 [AsyncHttpClient-1-11] DEBUG org.asynchttpclient.netty.channel.ChannelManager - Adding key: http://localhost:47697 for channel [id: 0xe4f1366d, L:/127.0.0.1:54459 - R:localhost/127.0.0.1:47697]
23:00:03.554 [Forwarding screenshot on session 931bb0522ee057017f4116371d90477c to remote] DEBUG org.asynchttpclient.netty.request.NettyRequestSender - Using pooled Channel '[id: 0xe4f1366d, L:/127.0.0.1:54459 - R:localhost/127.0.0.1:47697]' for 'GET' to 'http://localhost:47697/session/931bb0522ee057017f4116371d90477c/screenshot'
23:00:03.554 [Forwarding screenshot on session 931bb0522ee057017f4116371d90477c to remote] DEBUG org.asynchttpclient.netty.request.NettyRequestSender - Using open Channel [id: 0xe4f1366d, L:/127.0.0.1:54459 - R:localhost/127.0.0.1:47697] for GET '/session/931bb0522ee057017f4116371d90477c/screenshot'
23:00:03.703 [AsyncHttpClient-1-1] DEBUG org.asynchttpclient.netty.channel.DefaultChannelPool - Entry count for : http://localhost:54460 : 1
23:00:03.773 [AsyncHttpClient-1-11] DEBUG org.asynchttpclient.netty.handler.HttpHandler - 

Request DefaultFullHttpRequest(decodeResult: success, version: HTTP/1.1, content: EmptyByteBufBE)
GET /session/931bb0522ee057017f4116371d90477c/screenshot HTTP/1.1
User-Agent: selenium/4.8.1 (java windows)
Cache-Control: no-cache
Content-Type: application/json; charset=utf-8
host: localhost:47697
accept: */*

Response DefaultHttpResponse(decodeResult: success, version: HTTP/1.1)
HTTP/1.1 200 OK
Content-Length: 40088
Content-Type: application/json; charset=utf-8
cache-control: no-cache

23:00:03.773 [AsyncHttpClient-1-11] DEBUG org.asynchttpclient.netty.channel.ChannelManager - Adding key: http://localhost:47697 for channel [id: 0xe4f1366d, L:/127.0.0.1:54459 - R:localhost/127.0.0.1:47697]
23:00:03.774 [main] DEBUG net.serenitybdd.core.photography.Darkroom - Send negative for processing for target\site\serenity\6b14396882fe3291e7ed27073f58da1e04fdb21fb9c81bfed3231aebb585d5f4.png
23:00:03.775 [Darkroom Processing Line] DEBUG net.serenitybdd.core.photography.DarkroomProcessingLine - Processing screenshot image in /var/screenshots/screenshot-1392735832139619470
23:00:03.775 [Darkroom Processing Line] DEBUG net.serenitybdd.core.photography.DarkroomProcessingLine - Saving screenshot to target\site\serenity\6b14396882fe3291e7ed27073f58da1e04fdb21fb9c81bfed3231aebb585d5f4.png
23:00:03.775 [Forwarding getPageSource on session 931bb0522ee057017f4116371d90477c to remote] DEBUG org.asynchttpclient.netty.request.NettyRequestSender - Using pooled Channel '[id: 0xe4f1366d, L:/127.0.0.1:54459 - R:localhost/127.0.0.1:47697]' for 'POST' to 'http://localhost:47697/session/931bb0522ee057017f4116371d90477c/execute/sync'
23:00:03.775 [Forwarding getPageSource on session 931bb0522ee057017f4116371d90477c to remote] DEBUG org.asynchttpclient.netty.request.NettyRequestSender - Using open Channel [id: 0xe4f1366d, L:/127.0.0.1:54459 - R:localhost/127.0.0.1:47697] for POST '/session/931bb0522ee057017f4116371d90477c/execute/sync'
23:00:03.784 [AsyncHttpClient-1-11] DEBUG org.asynchttpclient.netty.handler.HttpHandler - 

Request DefaultHttpRequest(decodeResult: success, version: HTTP/1.1)
POST /session/931bb0522ee057017f4116371d90477c/execute/sync HTTP/1.1
User-Agent: selenium/4.8.1 (java windows)
Content-Length: 176
Content-Type: application/json; charset=utf-8
host: localhost:47697
accept: */*

Response DefaultHttpResponse(decodeResult: success, version: HTTP/1.1)
HTTP/1.1 200 OK
Content-Length: 21839
Content-Type: application/json; charset=utf-8
cache-control: no-cache

23:00:03.784 [AsyncHttpClient-1-11] DEBUG org.asynchttpclient.netty.channel.ChannelManager - Adding key: http://localhost:47697 for channel [id: 0xe4f1366d, L:/127.0.0.1:54459 - R:localhost/127.0.0.1:47697]
23:00:03.785 [Forwarding getCurrentUrl on session 931bb0522ee057017f4116371d90477c to remote] DEBUG org.asynchttpclient.netty.request.NettyRequestSender - Using pooled Channel '[id: 0xe4f1366d, L:/127.0.0.1:54459 - R:localhost/127.0.0.1:47697]' for 'GET' to 'http://localhost:47697/session/931bb0522ee057017f4116371d90477c/url'
23:00:03.785 [Forwarding getCurrentUrl on session 931bb0522ee057017f4116371d90477c to remote] DEBUG org.asynchttpclient.netty.request.NettyRequestSender - Using open Channel [id: 0xe4f1366d, L:/127.0.0.1:54459 - R:localhost/127.0.0.1:47697] for GET '/session/931bb0522ee057017f4116371d90477c/url'
23:00:03.792 [AsyncHttpClient-1-11] DEBUG org.asynchttpclient.netty.handler.HttpHandler - 

Request DefaultFullHttpRequest(decodeResult: success, version: HTTP/1.1, content: EmptyByteBufBE)
GET /session/931bb0522ee057017f4116371d90477c/url HTTP/1.1
User-Agent: selenium/4.8.1 (java windows)
Cache-Control: no-cache
Content-Type: application/json; charset=utf-8
host: localhost:47697
accept: */*

Response DefaultHttpResponse(decodeResult: success, version: HTTP/1.1)
HTTP/1.1 200 OK
Content-Length: 51
Content-Type: application/json; charset=utf-8
cache-control: no-cache

23:00:03.792 [AsyncHttpClient-1-11] DEBUG org.asynchttpclient.netty.channel.ChannelManager - Adding key: http://localhost:47697 for channel [id: 0xe4f1366d, L:/127.0.0.1:54459 - R:localhost/127.0.0.1:47697]
23:00:03.794 [main] DEBUG net.thucydides.core.steps.StepInterceptor - STARTING STEP: LoginSteps.clickLoginButton - clickLogButton
23:00:03.795 [Forwarding findElement on session 931bb0522ee057017f4116371d90477c to remote] DEBUG org.asynchttpclient.netty.request.NettyRequestSender - Using pooled Channel '[id: 0xe4f1366d, L:/127.0.0.1:54459 - R:localhost/127.0.0.1:47697]' for 'POST' to 'http://localhost:47697/session/931bb0522ee057017f4116371d90477c/element'
23:00:03.795 [Forwarding findElement on session 931bb0522ee057017f4116371d90477c to remote] DEBUG org.asynchttpclient.netty.request.NettyRequestSender - Using open Channel [id: 0xe4f1366d, L:/127.0.0.1:54459 - R:localhost/127.0.0.1:47697] for POST '/session/931bb0522ee057017f4116371d90477c/element'
23:00:03.811 [AsyncHttpClient-1-11] DEBUG org.asynchttpclient.netty.handler.HttpHandler - 

Request DefaultHttpRequest(decodeResult: success, version: HTTP/1.1)
POST /session/931bb0522ee057017f4116371d90477c/element HTTP/1.1
User-Agent: selenium/4.8.1 (java windows)
Content-Length: 142
Content-Type: application/json; charset=utf-8
host: localhost:47697
accept: */*

Response DefaultHttpResponse(decodeResult: success, version: HTTP/1.1)
HTTP/1.1 200 OK
Content-Length: 94
Content-Type: application/json; charset=utf-8
cache-control: no-cache

23:00:03.811 [AsyncHttpClient-1-11] DEBUG org.asynchttpclient.netty.channel.ChannelManager - Adding key: http://localhost:47697 for channel [id: 0xe4f1366d, L:/127.0.0.1:54459 - R:localhost/127.0.0.1:47697]
23:00:03.811 [Forwarding getElementTagName on session 931bb0522ee057017f4116371d90477c to remote] DEBUG org.asynchttpclient.netty.request.NettyRequestSender - Using pooled Channel '[id: 0xe4f1366d, L:/127.0.0.1:54459 - R:localhost/127.0.0.1:47697]' for 'GET' to 'http://localhost:47697/session/931bb0522ee057017f4116371d90477c/element/2E9B81E36DEC30675A0FE4999123A7A9_element_8/name'
23:00:03.811 [Forwarding getElementTagName on session 931bb0522ee057017f4116371d90477c to remote] DEBUG org.asynchttpclient.netty.request.NettyRequestSender - Using open Channel [id: 0xe4f1366d, L:/127.0.0.1:54459 - R:localhost/127.0.0.1:47697] for GET '/session/931bb0522ee057017f4116371d90477c/element/2E9B81E36DEC30675A0FE4999123A7A9_element_8/name'
23:00:03.818 [AsyncHttpClient-1-11] DEBUG org.asynchttpclient.netty.handler.HttpHandler - 

Request DefaultFullHttpRequest(decodeResult: success, version: HTTP/1.1, content: EmptyByteBufBE)
GET /session/931bb0522ee057017f4116371d90477c/element/2E9B81E36DEC30675A0FE4999123A7A9_element_8/name HTTP/1.1
User-Agent: selenium/4.8.1 (java windows)
Cache-Control: no-cache
Content-Type: application/json; charset=utf-8
host: localhost:47697
accept: */*

Response DefaultHttpResponse(decodeResult: success, version: HTTP/1.1)
HTTP/1.1 200 OK
Content-Length: 18
Content-Type: application/json; charset=utf-8
cache-control: no-cache

23:00:03.819 [AsyncHttpClient-1-11] DEBUG org.asynchttpclient.netty.channel.ChannelManager - Adding key: http://localhost:47697 for channel [id: 0xe4f1366d, L:/127.0.0.1:54459 - R:localhost/127.0.0.1:47697]
23:00:03.820 [Forwarding getElementTagName on session 931bb0522ee057017f4116371d90477c to remote] DEBUG org.asynchttpclient.netty.request.NettyRequestSender - Using pooled Channel '[id: 0xe4f1366d, L:/127.0.0.1:54459 - R:localhost/127.0.0.1:47697]' for 'GET' to 'http://localhost:47697/session/931bb0522ee057017f4116371d90477c/element/2E9B81E36DEC30675A0FE4999123A7A9_element_8/name'
23:00:03.820 [Forwarding getElementTagName on session 931bb0522ee057017f4116371d90477c to remote] DEBUG org.asynchttpclient.netty.request.NettyRequestSender - Using open Channel [id: 0xe4f1366d, L:/127.0.0.1:54459 - R:localhost/127.0.0.1:47697] for GET '/session/931bb0522ee057017f4116371d90477c/element/2E9B81E36DEC30675A0FE4999123A7A9_element_8/name'
23:00:03.826 [AsyncHttpClient-1-11] DEBUG org.asynchttpclient.netty.handler.HttpHandler - 

Request DefaultFullHttpRequest(decodeResult: success, version: HTTP/1.1, content: EmptyByteBufBE)
GET /session/931bb0522ee057017f4116371d90477c/element/2E9B81E36DEC30675A0FE4999123A7A9_element_8/name HTTP/1.1
User-Agent: selenium/4.8.1 (java windows)
Cache-Control: no-cache
Content-Type: application/json; charset=utf-8
host: localhost:47697
accept: */*

Response DefaultHttpResponse(decodeResult: success, version: HTTP/1.1)
HTTP/1.1 200 OK
Content-Length: 18
Content-Type: application/json; charset=utf-8
cache-control: no-cache

23:00:03.827 [AsyncHttpClient-1-11] DEBUG org.asynchttpclient.netty.channel.ChannelManager - Adding key: http://localhost:47697 for channel [id: 0xe4f1366d, L:/127.0.0.1:54459 - R:localhost/127.0.0.1:47697]
23:00:03.829 [Forwarding isElementEnabled on session 931bb0522ee057017f4116371d90477c to remote] DEBUG org.asynchttpclient.netty.request.NettyRequestSender - Using pooled Channel '[id: 0xe4f1366d, L:/127.0.0.1:54459 - R:localhost/127.0.0.1:47697]' for 'GET' to 'http://localhost:47697/session/931bb0522ee057017f4116371d90477c/element/2E9B81E36DEC30675A0FE4999123A7A9_element_8/enabled'
23:00:03.829 [Forwarding isElementEnabled on session 931bb0522ee057017f4116371d90477c to remote] DEBUG org.asynchttpclient.netty.request.NettyRequestSender - Using open Channel [id: 0xe4f1366d, L:/127.0.0.1:54459 - R:localhost/127.0.0.1:47697] for GET '/session/931bb0522ee057017f4116371d90477c/element/2E9B81E36DEC30675A0FE4999123A7A9_element_8/enabled'
23:00:03.840 [AsyncHttpClient-1-11] DEBUG org.asynchttpclient.netty.handler.HttpHandler - 

Request DefaultFullHttpRequest(decodeResult: success, version: HTTP/1.1, content: EmptyByteBufBE)
GET /session/931bb0522ee057017f4116371d90477c/element/2E9B81E36DEC30675A0FE4999123A7A9_element_8/enabled HTTP/1.1
User-Agent: selenium/4.8.1 (java windows)
Cache-Control: no-cache
Content-Type: application/json; charset=utf-8
host: localhost:47697
accept: */*

Response DefaultHttpResponse(decodeResult: success, version: HTTP/1.1)
HTTP/1.1 200 OK
Content-Length: 14
Content-Type: application/json; charset=utf-8
cache-control: no-cache

23:00:03.840 [AsyncHttpClient-1-11] DEBUG org.asynchttpclient.netty.channel.ChannelManager - Adding key: http://localhost:47697 for channel [id: 0xe4f1366d, L:/127.0.0.1:54459 - R:localhost/127.0.0.1:47697]
23:00:03.840 [Forwarding isElementEnabled on session 931bb0522ee057017f4116371d90477c to remote] DEBUG org.asynchttpclient.netty.request.NettyRequestSender - Using pooled Channel '[id: 0xe4f1366d, L:/127.0.0.1:54459 - R:localhost/127.0.0.1:47697]' for 'GET' to 'http://localhost:47697/session/931bb0522ee057017f4116371d90477c/element/2E9B81E36DEC30675A0FE4999123A7A9_element_8/enabled'
23:00:03.841 [Forwarding isElementEnabled on session 931bb0522ee057017f4116371d90477c to remote] DEBUG org.asynchttpclient.netty.request.NettyRequestSender - Using open Channel [id: 0xe4f1366d, L:/127.0.0.1:54459 - R:localhost/127.0.0.1:47697] for GET '/session/931bb0522ee057017f4116371d90477c/element/2E9B81E36DEC30675A0FE4999123A7A9_element_8/enabled'
23:00:03.850 [AsyncHttpClient-1-11] DEBUG org.asynchttpclient.netty.handler.HttpHandler - 

Request DefaultFullHttpRequest(decodeResult: success, version: HTTP/1.1, content: EmptyByteBufBE)
GET /session/931bb0522ee057017f4116371d90477c/element/2E9B81E36DEC30675A0FE4999123A7A9_element_8/enabled HTTP/1.1
User-Agent: selenium/4.8.1 (java windows)
Cache-Control: no-cache
Content-Type: application/json; charset=utf-8
host: localhost:47697
accept: */*

Response DefaultHttpResponse(decodeResult: success, version: HTTP/1.1)
HTTP/1.1 200 OK
Content-Length: 14
Content-Type: application/json; charset=utf-8
cache-control: no-cache

23:00:03.850 [AsyncHttpClient-1-11] DEBUG org.asynchttpclient.netty.channel.ChannelManager - Adding key: http://localhost:47697 for channel [id: 0xe4f1366d, L:/127.0.0.1:54459 - R:localhost/127.0.0.1:47697]
23:00:03.851 [Forwarding findElement on session 931bb0522ee057017f4116371d90477c to remote] DEBUG org.asynchttpclient.netty.request.NettyRequestSender - Using pooled Channel '[id: 0xe4f1366d, L:/127.0.0.1:54459 - R:localhost/127.0.0.1:47697]' for 'POST' to 'http://localhost:47697/session/931bb0522ee057017f4116371d90477c/element'
23:00:03.851 [Forwarding findElement on session 931bb0522ee057017f4116371d90477c to remote] DEBUG org.asynchttpclient.netty.request.NettyRequestSender - Using open Channel [id: 0xe4f1366d, L:/127.0.0.1:54459 - R:localhost/127.0.0.1:47697] for POST '/session/931bb0522ee057017f4116371d90477c/element'
23:00:03.859 [AsyncHttpClient-1-11] DEBUG org.asynchttpclient.netty.handler.HttpHandler - 

Request DefaultHttpRequest(decodeResult: success, version: HTTP/1.1)
POST /session/931bb0522ee057017f4116371d90477c/element HTTP/1.1
User-Agent: selenium/4.8.1 (java windows)
Content-Length: 142
Content-Type: application/json; charset=utf-8
host: localhost:47697
accept: */*

Response DefaultHttpResponse(decodeResult: success, version: HTTP/1.1)
HTTP/1.1 200 OK
Content-Length: 94
Content-Type: application/json; charset=utf-8
cache-control: no-cache

23:00:03.859 [AsyncHttpClient-1-11] DEBUG org.asynchttpclient.netty.channel.ChannelManager - Adding key: http://localhost:47697 for channel [id: 0xe4f1366d, L:/127.0.0.1:54459 - R:localhost/127.0.0.1:47697]
23:00:03.861 [Forwarding clickElement on session 931bb0522ee057017f4116371d90477c to remote] DEBUG org.asynchttpclient.netty.request.NettyRequestSender - Using pooled Channel '[id: 0xe4f1366d, L:/127.0.0.1:54459 - R:localhost/127.0.0.1:47697]' for 'POST' to 'http://localhost:47697/session/931bb0522ee057017f4116371d90477c/element/2E9B81E36DEC30675A0FE4999123A7A9_element_8/click'
23:00:03.861 [Forwarding clickElement on session 931bb0522ee057017f4116371d90477c to remote] DEBUG org.asynchttpclient.netty.request.NettyRequestSender - Using open Channel [id: 0xe4f1366d, L:/127.0.0.1:54459 - R:localhost/127.0.0.1:47697] for POST '/session/931bb0522ee057017f4116371d90477c/element/2E9B81E36DEC30675A0FE4999123A7A9_element_8/click'
23:00:03.925 [AsyncHttpClient-1-11] DEBUG org.asynchttpclient.netty.handler.HttpHandler - 

Request DefaultHttpRequest(decodeResult: success, version: HTTP/1.1)
POST /session/931bb0522ee057017f4116371d90477c/element/2E9B81E36DEC30675A0FE4999123A7A9_element_8/click HTTP/1.1
User-Agent: selenium/4.8.1 (java windows)
Content-Length: 56
Content-Type: application/json; charset=utf-8
host: localhost:47697
accept: */*

Response DefaultHttpResponse(decodeResult: success, version: HTTP/1.1)
HTTP/1.1 200 OK
Content-Length: 14
Content-Type: application/json; charset=utf-8
cache-control: no-cache

23:00:03.925 [AsyncHttpClient-1-11] DEBUG org.asynchttpclient.netty.channel.ChannelManager - Adding key: http://localhost:47697 for channel [id: 0xe4f1366d, L:/127.0.0.1:54459 - R:localhost/127.0.0.1:47697]
23:00:03.932 [Forwarding getAlertText on session 931bb0522ee057017f4116371d90477c to remote] DEBUG org.asynchttpclient.netty.request.NettyRequestSender - Using pooled Channel '[id: 0xe4f1366d, L:/127.0.0.1:54459 - R:localhost/127.0.0.1:47697]' for 'GET' to 'http://localhost:47697/session/931bb0522ee057017f4116371d90477c/alert/text'
23:00:03.932 [Forwarding getAlertText on session 931bb0522ee057017f4116371d90477c to remote] DEBUG org.asynchttpclient.netty.request.NettyRequestSender - Using open Channel [id: 0xe4f1366d, L:/127.0.0.1:54459 - R:localhost/127.0.0.1:47697] for GET '/session/931bb0522ee057017f4116371d90477c/alert/text'
23:00:03.934 [AsyncHttpClient-1-11] DEBUG org.asynchttpclient.netty.handler.HttpHandler - 

Request DefaultFullHttpRequest(decodeResult: success, version: HTTP/1.1, content: EmptyByteBufBE)
GET /session/931bb0522ee057017f4116371d90477c/alert/text HTTP/1.1
User-Agent: selenium/4.8.1 (java windows)
Cache-Control: no-cache
Content-Type: application/json; charset=utf-8
host: localhost:47697
accept: */*

Response DefaultHttpResponse(decodeResult: success, version: HTTP/1.1)
HTTP/1.1 404 Not Found
Content-Length: 820
Content-Type: application/json; charset=utf-8
cache-control: no-cache

23:00:03.934 [AsyncHttpClient-1-11] DEBUG org.asynchttpclient.netty.channel.ChannelManager - Adding key: http://localhost:47697 for channel [id: 0xe4f1366d, L:/127.0.0.1:54459 - R:localhost/127.0.0.1:47697]
23:00:03.935 [Forwarding getCurrentUrl on session 931bb0522ee057017f4116371d90477c to remote] DEBUG org.asynchttpclient.netty.request.NettyRequestSender - Using pooled Channel '[id: 0xe4f1366d, L:/127.0.0.1:54459 - R:localhost/127.0.0.1:47697]' for 'GET' to 'http://localhost:47697/session/931bb0522ee057017f4116371d90477c/url'
23:00:03.935 [Forwarding getCurrentUrl on session 931bb0522ee057017f4116371d90477c to remote] DEBUG org.asynchttpclient.netty.request.NettyRequestSender - Using open Channel [id: 0xe4f1366d, L:/127.0.0.1:54459 - R:localhost/127.0.0.1:47697] for GET '/session/931bb0522ee057017f4116371d90477c/url'
23:00:03.945 [AsyncHttpClient-1-11] DEBUG org.asynchttpclient.netty.handler.HttpHandler - 

Request DefaultFullHttpRequest(decodeResult: success, version: HTTP/1.1, content: EmptyByteBufBE)
GET /session/931bb0522ee057017f4116371d90477c/url HTTP/1.1
User-Agent: selenium/4.8.1 (java windows)
Cache-Control: no-cache
Content-Type: application/json; charset=utf-8
host: localhost:47697
accept: */*

Response DefaultHttpResponse(decodeResult: success, version: HTTP/1.1)
HTTP/1.1 200 OK
Content-Length: 51
Content-Type: application/json; charset=utf-8
cache-control: no-cache

23:00:03.945 [AsyncHttpClient-1-11] DEBUG org.asynchttpclient.netty.channel.ChannelManager - Adding key: http://localhost:47697 for channel [id: 0xe4f1366d, L:/127.0.0.1:54459 - R:localhost/127.0.0.1:47697]
23:00:03.945 [Forwarding screenshot on session 931bb0522ee057017f4116371d90477c to remote] DEBUG org.asynchttpclient.netty.request.NettyRequestSender - Using pooled Channel '[id: 0xe4f1366d, L:/127.0.0.1:54459 - R:localhost/127.0.0.1:47697]' for 'GET' to 'http://localhost:47697/session/931bb0522ee057017f4116371d90477c/screenshot'
23:00:03.945 [Forwarding screenshot on session 931bb0522ee057017f4116371d90477c to remote] DEBUG org.asynchttpclient.netty.request.NettyRequestSender - Using open Channel [id: 0xe4f1366d, L:/127.0.0.1:54459 - R:localhost/127.0.0.1:47697] for GET '/session/931bb0522ee057017f4116371d90477c/screenshot'
23:00:04.109 [AsyncHttpClient-1-11] DEBUG org.asynchttpclient.netty.handler.HttpHandler - 

Request DefaultFullHttpRequest(decodeResult: success, version: HTTP/1.1, content: EmptyByteBufBE)
GET /session/931bb0522ee057017f4116371d90477c/screenshot HTTP/1.1
User-Agent: selenium/4.8.1 (java windows)
Cache-Control: no-cache
Content-Type: application/json; charset=utf-8
host: localhost:47697
accept: */*

Response DefaultHttpResponse(decodeResult: success, version: HTTP/1.1)
HTTP/1.1 200 OK
Content-Length: 40640
Content-Type: application/json; charset=utf-8
cache-control: no-cache

23:00:04.110 [AsyncHttpClient-1-11] DEBUG org.asynchttpclient.netty.channel.ChannelManager - Adding key: http://localhost:47697 for channel [id: 0xe4f1366d, L:/127.0.0.1:54459 - R:localhost/127.0.0.1:47697]
23:00:04.112 [main] DEBUG net.serenitybdd.core.photography.Darkroom - Send negative for processing for target\site\serenity\bff375d004c0c21278aa53f2ad3d6bc8154f5d5c5d7befa549f9560495a41b7f.png
23:00:04.113 [Darkroom Processing Line] DEBUG net.serenitybdd.core.photography.DarkroomProcessingLine - Processing screenshot image in /var/screenshots/screenshot-3520587574992173596
23:00:04.113 [main] DEBUG net.thucydides.core.steps.StepInterceptor - STEP DONE: clickLogButton
23:00:04.113 [Darkroom Processing Line] DEBUG net.serenitybdd.core.photography.DarkroomProcessingLine - Saving screenshot to target\site\serenity\bff375d004c0c21278aa53f2ad3d6bc8154f5d5c5d7befa549f9560495a41b7f.png
  &amp#27;[32mAnd &amp#27;[0m&amp#27;[32mI click login button&amp#27;[0m                   &amp#27;[90m# starter.stepdefinitions.LoginSteps.clickLoginButton()&amp#27;[0m
23:00:04.121 [Forwarding getPageSource on session 931bb0522ee057017f4116371d90477c to remote] DEBUG org.asynchttpclient.netty.request.NettyRequestSender - Using pooled Channel '[id: 0xe4f1366d, L:/127.0.0.1:54459 - R:localhost/127.0.0.1:47697]' for 'POST' to 'http://localhost:47697/session/931bb0522ee057017f4116371d90477c/execute/sync'
23:00:04.121 [Forwarding getPageSource on session 931bb0522ee057017f4116371d90477c to remote] DEBUG org.asynchttpclient.netty.request.NettyRequestSender - Using open Channel [id: 0xe4f1366d, L:/127.0.0.1:54459 - R:localhost/127.0.0.1:47697] for POST '/session/931bb0522ee057017f4116371d90477c/execute/sync'
23:00:04.130 [AsyncHttpClient-1-11] DEBUG org.asynchttpclient.netty.handler.HttpHandler - 

Request DefaultHttpRequest(decodeResult: success, version: HTTP/1.1)
POST /session/931bb0522ee057017f4116371d90477c/execute/sync HTTP/1.1
User-Agent: selenium/4.8.1 (java windows)
Content-Length: 176
Content-Type: application/json; charset=utf-8
host: localhost:47697
accept: */*

Response DefaultHttpResponse(decodeResult: success, version: HTTP/1.1)
HTTP/1.1 200 OK
Content-Length: 22118
Content-Type: application/json; charset=utf-8
cache-control: no-cache

23:00:04.130 [AsyncHttpClient-1-11] DEBUG org.asynchttpclient.netty.channel.ChannelManager - Adding key: http://localhost:47697 for channel [id: 0xe4f1366d, L:/127.0.0.1:54459 - R:localhost/127.0.0.1:47697]
23:00:04.133 [Forwarding getCurrentUrl on session 931bb0522ee057017f4116371d90477c to remote] DEBUG org.asynchttpclient.netty.request.NettyRequestSender - Using pooled Channel '[id: 0xe4f1366d, L:/127.0.0.1:54459 - R:localhost/127.0.0.1:47697]' for 'GET' to 'http://localhost:47697/session/931bb0522ee057017f4116371d90477c/url'
23:00:04.133 [Forwarding getCurrentUrl on session 931bb0522ee057017f4116371d90477c to remote] DEBUG org.asynchttpclient.netty.request.NettyRequestSender - Using open Channel [id: 0xe4f1366d, L:/127.0.0.1:54459 - R:localhost/127.0.0.1:47697] for GET '/session/931bb0522ee057017f4116371d90477c/url'
23:00:04.140 [AsyncHttpClient-1-11] DEBUG org.asynchttpclient.netty.handler.HttpHandler - 

Request DefaultFullHttpRequest(decodeResult: success, version: HTTP/1.1, content: EmptyByteBufBE)
GET /session/931bb0522ee057017f4116371d90477c/url HTTP/1.1
User-Agent: selenium/4.8.1 (java windows)
Cache-Control: no-cache
Content-Type: application/json; charset=utf-8
host: localhost:47697
accept: */*

Response DefaultHttpResponse(decodeResult: success, version: HTTP/1.1)
HTTP/1.1 200 OK
Content-Length: 51
Content-Type: application/json; charset=utf-8
cache-control: no-cache

23:00:04.141 [AsyncHttpClient-1-11] DEBUG org.asynchttpclient.netty.channel.ChannelManager - Adding key: http://localhost:47697 for channel [id: 0xe4f1366d, L:/127.0.0.1:54459 - R:localhost/127.0.0.1:47697]
23:00:04.148 [Forwarding getPageSource on session 931bb0522ee057017f4116371d90477c to remote] DEBUG org.asynchttpclient.netty.request.NettyRequestSender - Using pooled Channel '[id: 0xe4f1366d, L:/127.0.0.1:54459 - R:localhost/127.0.0.1:47697]' for 'POST' to 'http://localhost:47697/session/931bb0522ee057017f4116371d90477c/execute/sync'
23:00:04.148 [Forwarding getPageSource on session 931bb0522ee057017f4116371d90477c to remote] DEBUG org.asynchttpclient.netty.request.NettyRequestSender - Using open Channel [id: 0xe4f1366d, L:/127.0.0.1:54459 - R:localhost/127.0.0.1:47697] for POST '/session/931bb0522ee057017f4116371d90477c/execute/sync'
23:00:04.159 [AsyncHttpClient-1-11] DEBUG org.asynchttpclient.netty.handler.HttpHandler - 

Request DefaultHttpRequest(decodeResult: success, version: HTTP/1.1)
POST /session/931bb0522ee057017f4116371d90477c/execute/sync HTTP/1.1
User-Agent: selenium/4.8.1 (java windows)
Content-Length: 176
Content-Type: application/json; charset=utf-8
host: localhost:47697
accept: */*

Response DefaultHttpResponse(decodeResult: success, version: HTTP/1.1)
HTTP/1.1 200 OK
Content-Length: 22118
Content-Type: application/json; charset=utf-8
cache-control: no-cache

23:00:04.159 [AsyncHttpClient-1-11] DEBUG org.asynchttpclient.netty.channel.ChannelManager - Adding key: http://localhost:47697 for channel [id: 0xe4f1366d, L:/127.0.0.1:54459 - R:localhost/127.0.0.1:47697]
23:00:04.162 [Forwarding getCurrentUrl on session 931bb0522ee057017f4116371d90477c to remote] DEBUG org.asynchttpclient.netty.request.NettyRequestSender - Using pooled Channel '[id: 0xe4f1366d, L:/127.0.0.1:54459 - R:localhost/127.0.0.1:47697]' for 'GET' to 'http://localhost:47697/session/931bb0522ee057017f4116371d90477c/url'
23:00:04.162 [Forwarding getCurrentUrl on session 931bb0522ee057017f4116371d90477c to remote] DEBUG org.asynchttpclient.netty.request.NettyRequestSender - Using open Channel [id: 0xe4f1366d, L:/127.0.0.1:54459 - R:localhost/127.0.0.1:47697] for GET '/session/931bb0522ee057017f4116371d90477c/url'
23:00:04.169 [AsyncHttpClient-1-11] DEBUG org.asynchttpclient.netty.handler.HttpHandler - 

Request DefaultFullHttpRequest(decodeResult: success, version: HTTP/1.1, content: EmptyByteBufBE)
GET /session/931bb0522ee057017f4116371d90477c/url HTTP/1.1
User-Agent: selenium/4.8.1 (java windows)
Cache-Control: no-cache
Content-Type: application/json; charset=utf-8
host: localhost:47697
accept: */*

Response DefaultHttpResponse(decodeResult: success, version: HTTP/1.1)
HTTP/1.1 200 OK
Content-Length: 51
Content-Type: application/json; charset=utf-8
cache-control: no-cache

23:00:04.169 [AsyncHttpClient-1-11] DEBUG org.asynchttpclient.netty.channel.ChannelManager - Adding key: http://localhost:47697 for channel [id: 0xe4f1366d, L:/127.0.0.1:54459 - R:localhost/127.0.0.1:47697]
23:00:04.171 [main] DEBUG net.thucydides.core.steps.StepInterceptor - STARTING STEP: LoginSteps.seeErrorMessage - validateMessageError
23:00:04.174 [Forwarding findElement on session 931bb0522ee057017f4116371d90477c to remote] DEBUG org.asynchttpclient.netty.request.NettyRequestSender - Using pooled Channel '[id: 0xe4f1366d, L:/127.0.0.1:54459 - R:localhost/127.0.0.1:47697]' for 'POST' to 'http://localhost:47697/session/931bb0522ee057017f4116371d90477c/element'
23:00:04.174 [Forwarding findElement on session 931bb0522ee057017f4116371d90477c to remote] DEBUG org.asynchttpclient.netty.request.NettyRequestSender - Using open Channel [id: 0xe4f1366d, L:/127.0.0.1:54459 - R:localhost/127.0.0.1:47697] for POST '/session/931bb0522ee057017f4116371d90477c/element'
23:00:04.262 [AsyncHttpClient-1-11] DEBUG org.asynchttpclient.netty.handler.HttpHandler - 

Request DefaultHttpRequest(decodeResult: success, version: HTTP/1.1)
POST /session/931bb0522ee057017f4116371d90477c/element HTTP/1.1
User-Agent: selenium/4.8.1 (java windows)
Content-Length: 80
Content-Type: application/json; charset=utf-8
host: localhost:47697
accept: */*

Response DefaultHttpResponse(decodeResult: success, version: HTTP/1.1)
HTTP/1.1 200 OK
Content-Length: 95
Content-Type: application/json; charset=utf-8
cache-control: no-cache

23:00:04.262 [AsyncHttpClient-1-11] DEBUG org.asynchttpclient.netty.channel.ChannelManager - Adding key: http://localhost:47697 for channel [id: 0xe4f1366d, L:/127.0.0.1:54459 - R:localhost/127.0.0.1:47697]
23:00:04.266 [Forwarding isElementDisplayed on session 931bb0522ee057017f4116371d90477c to remote] DEBUG org.asynchttpclient.netty.request.NettyRequestSender - Using pooled Channel '[id: 0xe4f1366d, L:/127.0.0.1:54459 - R:localhost/127.0.0.1:47697]' for 'POST' to 'http://localhost:47697/session/931bb0522ee057017f4116371d90477c/execute/sync'
23:00:04.266 [Forwarding isElementDisplayed on session 931bb0522ee057017f4116371d90477c to remote] DEBUG org.asynchttpclient.netty.request.NettyRequestSender - Using open Channel [id: 0xe4f1366d, L:/127.0.0.1:54459 - R:localhost/127.0.0.1:47697] for POST '/session/931bb0522ee057017f4116371d90477c/execute/sync'
23:00:04.298 [AsyncHttpClient-1-11] DEBUG org.asynchttpclient.netty.handler.HttpHandler - 

Request DefaultHttpRequest(decodeResult: success, version: HTTP/1.1)
POST /session/931bb0522ee057017f4116371d90477c/execute/sync HTTP/1.1
User-Agent: selenium/4.8.1 (java windows)
Content-Length: 48814
Content-Type: application/json; charset=utf-8
host: localhost:47697
accept: */*

Response DefaultHttpResponse(decodeResult: success, version: HTTP/1.1)
HTTP/1.1 200 OK
Content-Length: 14
Content-Type: application/json; charset=utf-8
cache-control: no-cache

23:00:04.298 [AsyncHttpClient-1-11] DEBUG org.asynchttpclient.netty.channel.ChannelManager - Adding key: http://localhost:47697 for channel [id: 0xe4f1366d, L:/127.0.0.1:54459 - R:localhost/127.0.0.1:47697]
23:00:04.306 [Forwarding getAlertText on session 931bb0522ee057017f4116371d90477c to remote] DEBUG org.asynchttpclient.netty.request.NettyRequestSender - Using pooled Channel '[id: 0xe4f1366d, L:/127.0.0.1:54459 - R:localhost/127.0.0.1:47697]' for 'GET' to 'http://localhost:47697/session/931bb0522ee057017f4116371d90477c/alert/text'
23:00:04.306 [Forwarding getAlertText on session 931bb0522ee057017f4116371d90477c to remote] DEBUG org.asynchttpclient.netty.request.NettyRequestSender - Using open Channel [id: 0xe4f1366d, L:/127.0.0.1:54459 - R:localhost/127.0.0.1:47697] for GET '/session/931bb0522ee057017f4116371d90477c/alert/text'
23:00:04.309 [AsyncHttpClient-1-11] DEBUG org.asynchttpclient.netty.handler.HttpHandler - 

Request DefaultFullHttpRequest(decodeResult: success, version: HTTP/1.1, content: EmptyByteBufBE)
GET /session/931bb0522ee057017f4116371d90477c/alert/text HTTP/1.1
User-Agent: selenium/4.8.1 (java windows)
Cache-Control: no-cache
Content-Type: application/json; charset=utf-8
host: localhost:47697
accept: */*

Response DefaultHttpResponse(decodeResult: success, version: HTTP/1.1)
HTTP/1.1 404 Not Found
Content-Length: 820
Content-Type: application/json; charset=utf-8
cache-control: no-cache

23:00:04.309 [AsyncHttpClient-1-11] DEBUG org.asynchttpclient.netty.channel.ChannelManager - Adding key: http://localhost:47697 for channel [id: 0xe4f1366d, L:/127.0.0.1:54459 - R:localhost/127.0.0.1:47697]
23:00:04.310 [Forwarding getCurrentUrl on session 931bb0522ee057017f4116371d90477c to remote] DEBUG org.asynchttpclient.netty.request.NettyRequestSender - Using pooled Channel '[id: 0xe4f1366d, L:/127.0.0.1:54459 - R:localhost/127.0.0.1:47697]' for 'GET' to 'http://localhost:47697/session/931bb0522ee057017f4116371d90477c/url'
23:00:04.310 [Forwarding getCurrentUrl on session 931bb0522ee057017f4116371d90477c to remote] DEBUG org.asynchttpclient.netty.request.NettyRequestSender - Using open Channel [id: 0xe4f1366d, L:/127.0.0.1:54459 - R:localhost/127.0.0.1:47697] for GET '/session/931bb0522ee057017f4116371d90477c/url'
23:00:04.321 [AsyncHttpClient-1-11] DEBUG org.asynchttpclient.netty.handler.HttpHandler - 

Request DefaultFullHttpRequest(decodeResult: success, version: HTTP/1.1, content: EmptyByteBufBE)
GET /session/931bb0522ee057017f4116371d90477c/url HTTP/1.1
User-Agent: selenium/4.8.1 (java windows)
Cache-Control: no-cache
Content-Type: application/json; charset=utf-8
host: localhost:47697
accept: */*

Response DefaultHttpResponse(decodeResult: success, version: HTTP/1.1)
HTTP/1.1 200 OK
Content-Length: 51
Content-Type: application/json; charset=utf-8
cache-control: no-cache

23:00:04.321 [AsyncHttpClient-1-11] DEBUG org.asynchttpclient.netty.channel.ChannelManager - Adding key: http://localhost:47697 for channel [id: 0xe4f1366d, L:/127.0.0.1:54459 - R:localhost/127.0.0.1:47697]
23:00:04.322 [Forwarding screenshot on session 931bb0522ee057017f4116371d90477c to remote] DEBUG org.asynchttpclient.netty.request.NettyRequestSender - Using pooled Channel '[id: 0xe4f1366d, L:/127.0.0.1:54459 - R:localhost/127.0.0.1:47697]' for 'GET' to 'http://localhost:47697/session/931bb0522ee057017f4116371d90477c/screenshot'
23:00:04.322 [Forwarding screenshot on session 931bb0522ee057017f4116371d90477c to remote] DEBUG org.asynchttpclient.netty.request.NettyRequestSender - Using open Channel [id: 0xe4f1366d, L:/127.0.0.1:54459 - R:localhost/127.0.0.1:47697] for GET '/session/931bb0522ee057017f4116371d90477c/screenshot'
23:00:04.639 [AsyncHttpClient-1-11] DEBUG org.asynchttpclient.netty.handler.HttpHandler - 

Request DefaultFullHttpRequest(decodeResult: success, version: HTTP/1.1, content: EmptyByteBufBE)
GET /session/931bb0522ee057017f4116371d90477c/screenshot HTTP/1.1
User-Agent: selenium/4.8.1 (java windows)
Cache-Control: no-cache
Content-Type: application/json; charset=utf-8
host: localhost:47697
accept: */*

Response DefaultHttpResponse(decodeResult: success, version: HTTP/1.1)
HTTP/1.1 200 OK
Content-Length: 48840
Content-Type: application/json; charset=utf-8
cache-control: no-cache

23:00:04.640 [AsyncHttpClient-1-11] DEBUG org.asynchttpclient.netty.channel.ChannelManager - Adding key: http://localhost:47697 for channel [id: 0xe4f1366d, L:/127.0.0.1:54459 - R:localhost/127.0.0.1:47697]
23:00:04.643 [main] DEBUG net.serenitybdd.core.photography.Darkroom - Send negative for processing for target\site\serenity\93219004d39bb290da500c70dff2ad87443931ba3def569ac9ff964b04fb05af.png
23:00:04.643 [main] DEBUG net.thucydides.core.steps.StepInterceptor - STEP DONE: validateMessageError
23:00:04.643 [Darkroom Processing Line] DEBUG net.serenitybdd.core.photography.DarkroomProcessingLine - Processing screenshot image in /var/screenshots/screenshot-6658211735072185379
23:00:04.643 [Darkroom Processing Line] DEBUG net.serenitybdd.core.photography.DarkroomProcessingLine - Saving screenshot to target\site\serenity\93219004d39bb290da500c70dff2ad87443931ba3def569ac9ff964b04fb05af.png
  &amp#27;[32mThen &amp#27;[0m&amp#27;[32mI see error message&amp#27;[0m                   &amp#27;[90m# starter.stepdefinitions.LoginSteps.seeErrorMessage()&amp#27;[0m
23:00:04.648 [main] INFO  - 
  _____   ___   ___   _____     ___     _     ___   ___   ___   ___  
 |_   _| | __| / __| |_   _|   | _ \   /_\   / __| / __| | __| |   \ 
   | |   | _|  \__ \   | |     |  _/  / _ \  \__ \ \__ \ | _|  | |) |
   |_|   |___| |___/   |_|     |_|   /_/ \_\ |___/ |___/ |___| |___/ 

Failed login with invalid password
----------------------------------------------------------------------
23:00:04.649 [Driver Command Executor] DEBUG org.asynchttpclient.netty.request.NettyRequestSender - Using pooled Channel '[id: 0xe4f1366d, L:/127.0.0.1:54459 - R:localhost/127.0.0.1:47697]' for 'DELETE' to 'http://localhost:47697/session/931bb0522ee057017f4116371d90477c'
23:00:04.649 [AsyncHttpClient-1-13] DEBUG org.asynchttpclient.netty.handler.WebSocketHandler - Channel Closed: [id: 0x8e0f6360, L:/127.0.0.1:54467 ! R:localhost/127.0.0.1:54460] with attribute NettyResponseFuture{currentRetry=0,
	isDone=1,
	isCancelled=0,
	asyncHandler=org.asynchttpclient.ws.WebSocketUpgradeHandler@19cde039,
	nettyRequest=org.asynchttpclient.netty.request.NettyRequest@32d7f08b,
	future=java.util.concurrent.CompletableFuture@7159708f[Completed normally],
	uri=ws://localhost:54460/devtools/browser/95260dd5-c9c5-4f18-b42f-4c23ab475b1b,
	keepAlive=true,
	redirectCount=0,
	timeoutsHolder=null,
	inAuth=0,
	touch=1683561600636}
23:00:04.650 [Driver Command Executor] DEBUG org.asynchttpclient.netty.request.NettyRequestSender - Using open Channel [id: 0xe4f1366d, L:/127.0.0.1:54459 - R:localhost/127.0.0.1:47697] for DELETE '/session/931bb0522ee057017f4116371d90477c'
23:00:04.650 [AsyncHttpClient-1-13] DEBUG org.asynchttpclient.netty.channel.ChannelManager - Closing Channel [id: 0x8e0f6360, L:/127.0.0.1:54467 ! R:localhost/127.0.0.1:54460] 
23:00:04.797 [AsyncHttpClient-1-1] DEBUG org.asynchttpclient.netty.channel.DefaultChannelPool - Entry count for : http://localhost:54460 : 1
23:00:04.833 [AsyncHttpClient-1-12] DEBUG org.asynchttpclient.netty.handler.HttpHandler - Unexpected I/O exception on channel [id: 0x52673242, L:/127.0.0.1:54466 - R:localhost/127.0.0.1:54460]
java.io.IOException: An existing connection was forcibly closed by the remote host
	at sun.nio.ch.SocketDispatcher.read0(Native Method)
	at sun.nio.ch.SocketDispatcher.read(SocketDispatcher.java:43)
	at sun.nio.ch.IOUtil.readIntoNativeBuffer(IOUtil.java:223)
	at sun.nio.ch.IOUtil.read(IOUtil.java:192)
	at sun.nio.ch.SocketChannelImpl.read(SocketChannelImpl.java:378)
	at io.netty.buffer.PooledByteBuf.setBytes(PooledByteBuf.java:259)
	at io.netty.buffer.AbstractByteBuf.writeBytes(AbstractByteBuf.java:1132)
	at io.netty.channel.socket.nio.NioSocketChannel.doReadBytes(NioSocketChannel.java:357)
	at io.netty.channel.nio.AbstractNioByteChannel$NioByteUnsafe.read(AbstractNioByteChannel.java:151)
	at io.netty.channel.nio.NioEventLoop.processSelectedKey(NioEventLoop.java:788)
	at io.netty.channel.nio.NioEventLoop.processSelectedKeysOptimized(NioEventLoop.java:724)
	at io.netty.channel.nio.NioEventLoop.processSelectedKeys(NioEventLoop.java:650)
	at io.netty.channel.nio.NioEventLoop.run(NioEventLoop.java:562)
	at io.netty.util.concurrent.SingleThreadEventExecutor$4.run(SingleThreadEventExecutor.java:997)
	at io.netty.util.internal.ThreadExecutorMap$2.run(ThreadExecutorMap.java:74)
	at io.netty.util.concurrent.FastThreadLocalRunnable.run(FastThreadLocalRunnable.java:30)
	at java.lang.Thread.run(Thread.java:750)
23:00:04.833 [AsyncHttpClient-1-12] DEBUG org.asynchttpclient.netty.channel.ChannelManager - Closing Channel [id: 0x52673242, L:/127.0.0.1:54466 - R:localhost/127.0.0.1:54460] 
23:00:04.833 [AsyncHttpClient-1-12] DEBUG org.asynchttpclient.netty.handler.HttpHandler - Channel Closed: [id: 0x52673242, L:/127.0.0.1:54466 ! R:localhost/127.0.0.1:54460] with attribute DISCARD
23:00:04.853 [AsyncHttpClient-1-11] DEBUG org.asynchttpclient.netty.handler.HttpHandler - 

Request DefaultFullHttpRequest(decodeResult: success, version: HTTP/1.1, content: EmptyByteBufBE)
DELETE /session/931bb0522ee057017f4116371d90477c HTTP/1.1
User-Agent: selenium/4.8.1 (java windows)
Content-Type: application/json; charset=utf-8
host: localhost:47697
accept: */*

Response DefaultHttpResponse(decodeResult: success, version: HTTP/1.1)
HTTP/1.1 200 OK
Content-Length: 14
Content-Type: application/json; charset=utf-8
cache-control: no-cache

23:00:04.853 [AsyncHttpClient-1-11] DEBUG org.asynchttpclient.netty.channel.ChannelManager - Adding key: http://localhost:47697 for channel [id: 0xe4f1366d, L:/127.0.0.1:54459 - R:localhost/127.0.0.1:47697]
23:00:04.907 [AsyncHttpClient-1-11] DEBUG org.asynchttpclient.netty.handler.HttpHandler - Channel Closed: [id: 0xe4f1366d, L:/127.0.0.1:54459 ! R:localhost/127.0.0.1:47697] with attribute DISCARD
]]></system-out>
    <system-err><![CDATA[Starting ChromeDriver 113.0.5672.63 (0e1a4471d5ae5bf128b1bd8f4d627c8cbd55f70c-refs/branch-heads/5672@{#912}) on port 47697
Only local connections are allowed.
Please see https://chromedriver.chromium.org/security-considerations for suggestions on keeping ChromeDriver safe.
ChromeDriver was started successfully.
May 08, 2023 11:00:00 PM org.openqa.selenium.devtools.CdpVersionFinder findNearestMatch
WARNING: Unable to find an exact match for CDP version 113, so returning the closest version found: 110
]]></system-err>
  </testcase>
  <testcase name="Failed login with uppercase password" classname="Login" time="6.176">
    <system-out><![CDATA[
@Login(-)
Scenario: Failed login with uppercase password &amp#27;[90m# src/test/resources/features/2.Login.feature:39&amp#27;[0m
23:00:05.511 [main] DEBUG io.cucumber.core.plugin.SerenityReporter - Running feature from file:///D:/1.%20QA%20ALTERRA%20ACADEMY/MobileTesting/MiniProjectWEB/src/test/resources/features/2.Login.feature
23:00:05.515 [main] INFO  - 
  _____   ___   ___   _____     ___   _____     _     ___   _____   ___   ___  
 |_   _| | __| / __| |_   _|   / __| |_   _|   /_\   | _ \ |_   _| | __| |   \ 
   | |   | _|  \__ \   | |     \__ \   | |    / _ \  |   /   | |   | _|  | |) |
   |_|   |___| |___/   |_|     |___/   |_|   /_/ \_\ |_|_\   |_|   |___| |___/ 

Failed login with uppercase password(login;failed-login-with-uppercase-password)
--------------------------------------------------------------------------------
23:00:05.640 [main] INFO net.serenitybdd.core.webdriver.driverproviders.ChromeDriverProvider - Starting Chrome driver instance with capabilities:
23:00:05.640 [main] INFO net.serenitybdd.core.webdriver.driverproviders.ChromeDriverProvider - Capabilities {acceptInsecureCerts: false, browserName: chrome, goog:chromeOptions: {args: [remote-allow-origins=*], extensions: []}}
23:00:05.898 [AsyncHttpClient-1-1] DEBUG org.asynchttpclient.netty.channel.DefaultChannelPool - Entry count for : http://localhost:54460 : 1
23:00:05.898 [AsyncHttpClient-1-1] DEBUG org.asynchttpclient.netty.channel.DefaultChannelPool - Entry count for : http://localhost:47697 : 1
23:00:05.898 [AsyncHttpClient-1-1] DEBUG org.asynchttpclient.netty.channel.DefaultChannelPool - Adding Candidate expired Channel [id: 0x52673242, L:/127.0.0.1:54466 ! R:localhost/127.0.0.1:54460] isIdleTimeoutExpired=false isRemotelyClosed=true isTtlExpired=false
23:00:05.898 [AsyncHttpClient-1-1] DEBUG org.asynchttpclient.netty.channel.DefaultChannelPool - Closing Idle Channel [id: 0x52673242, L:/127.0.0.1:54466 ! R:localhost/127.0.0.1:54460]
23:00:05.898 [AsyncHttpClient-1-1] DEBUG org.asynchttpclient.netty.channel.DefaultChannelPool - Adding Candidate expired Channel [id: 0xe4f1366d, L:/127.0.0.1:54459 ! R:localhost/127.0.0.1:47697] isIdleTimeoutExpired=false isRemotelyClosed=true isTtlExpired=false
23:00:05.898 [AsyncHttpClient-1-1] DEBUG org.asynchttpclient.netty.channel.DefaultChannelPool - Closing Idle Channel [id: 0xe4f1366d, L:/127.0.0.1:54459 ! R:localhost/127.0.0.1:47697]
23:00:05.898 [AsyncHttpClient-1-1] DEBUG org.asynchttpclient.netty.channel.DefaultChannelPool - Closed 2 connections out of 2 in 0 ms
23:00:06.092 [AsyncHttpClient-1-14] DEBUG org.asynchttpclient.netty.channel.NettyConnectListener - Using new Channel '[id: 0x86962c29, L:/127.0.0.1:54484 - R:localhost/127.0.0.1:30659]' for 'POST' to '/session'
23:00:06.771 [AsyncHttpClient-1-14] DEBUG org.asynchttpclient.netty.handler.HttpHandler - 

Request DefaultHttpRequest(decodeResult: success, version: HTTP/1.1)
POST /session HTTP/1.1
User-Agent: selenium/4.8.1 (java windows)
Content-Length: 507
Content-Type: application/json; charset=utf-8
host: localhost:30659
accept: */*

Response DefaultHttpResponse(decodeResult: success, version: HTTP/1.1)
HTTP/1.1 200 OK
Content-Length: 861
Content-Type: application/json; charset=utf-8
cache-control: no-cache

23:00:06.771 [AsyncHttpClient-1-14] DEBUG org.asynchttpclient.netty.channel.ChannelManager - Adding key: http://localhost:30659 for channel [id: 0x86962c29, L:/127.0.0.1:54484 - R:localhost/127.0.0.1:30659]
23:00:06.776 [AsyncHttpClient-1-15] DEBUG org.asynchttpclient.netty.channel.NettyConnectListener - Using new Channel '[id: 0x6871021d, L:/127.0.0.1:54492 - R:localhost/127.0.0.1:54485]' for 'GET' to '/json/version'
23:00:06.776 [AsyncHttpClient-1-15] DEBUG org.asynchttpclient.netty.handler.HttpHandler - 

Request DefaultFullHttpRequest(decodeResult: success, version: HTTP/1.1, content: EmptyByteBufBE)
GET /json/version HTTP/1.1
User-Agent: selenium/4.8.1 (java windows)
host: localhost:54485
accept: */*

Response DefaultHttpResponse(decodeResult: success, version: HTTP/1.1)
HTTP/1.1 200 OK
Content-Security-Policy: frame-ancestors 'none'
Content-Length: 422
Content-Type: application/json; charset=UTF-8

23:00:06.776 [AsyncHttpClient-1-15] DEBUG org.asynchttpclient.netty.channel.ChannelManager - Adding key: http://localhost:54485 for channel [id: 0x6871021d, L:/127.0.0.1:54492 - R:localhost/127.0.0.1:54485]
23:00:06.778 [AsyncHttpClient-1-16] DEBUG org.asynchttpclient.netty.channel.NettyConnectListener - Using new Channel '[id: 0x7f575963, L:/127.0.0.1:54493 - R:localhost/127.0.0.1:54485]' for 'GET' to '/devtools/browser/fa8cb2ad-eca2-41fb-ba16-56a491ef3b1b'
23:00:06.779 [AsyncHttpClient-1-16] DEBUG org.asynchttpclient.netty.handler.WebSocketHandler - 

Request DefaultFullHttpRequest(decodeResult: success, version: HTTP/1.1, content: EmptyByteBufBE)
GET /devtools/browser/fa8cb2ad-eca2-41fb-ba16-56a491ef3b1b HTTP/1.1
upgrade: websocket
connection: upgrade
sec-websocket-key: bERuA9hY/WLRO+GSw7T81w==
sec-websocket-version: 13
origin: http://localhost:54485
host: localhost:54485
accept: */*
user-agent: AHC/2.1

Response DefaultHttpResponse(decodeResult: success, version: HTTP/1.1)
HTTP/1.1 101 WebSocket Protocol Handshake
Upgrade: WebSocket
Connection: Upgrade
Sec-WebSocket-Accept: Euwnid6Yscsb4OPXOqZu+5NwXA0=

23:00:06.781 [Forwarding get on session 830a23dcc96cc4cc42074d0bdf71d706 to remote] DEBUG org.asynchttpclient.netty.request.NettyRequestSender - Using pooled Channel '[id: 0x86962c29, L:/127.0.0.1:54484 - R:localhost/127.0.0.1:30659]' for 'POST' to 'http://localhost:30659/session/830a23dcc96cc4cc42074d0bdf71d706/url'
23:00:06.781 [Forwarding get on session 830a23dcc96cc4cc42074d0bdf71d706 to remote] DEBUG org.asynchttpclient.netty.request.NettyRequestSender - Using open Channel [id: 0x86962c29, L:/127.0.0.1:54484 - R:localhost/127.0.0.1:30659] for POST '/session/830a23dcc96cc4cc42074d0bdf71d706/url'
23:00:07.006 [AsyncHttpClient-1-1] DEBUG org.asynchttpclient.netty.channel.DefaultChannelPool - Entry count for : http://localhost:54485 : 1
23:00:08.097 [AsyncHttpClient-1-1] DEBUG org.asynchttpclient.netty.channel.DefaultChannelPool - Entry count for : http://localhost:54485 : 1
23:00:08.231 [AsyncHttpClient-1-14] DEBUG org.asynchttpclient.netty.handler.HttpHandler - 

Request DefaultHttpRequest(decodeResult: success, version: HTTP/1.1)
POST /session/830a23dcc96cc4cc42074d0bdf71d706/url HTTP/1.1
User-Agent: selenium/4.8.1 (java windows)
Content-Length: 74
Content-Type: application/json; charset=utf-8
host: localhost:30659
accept: */*

Response DefaultHttpResponse(decodeResult: success, version: HTTP/1.1)
HTTP/1.1 200 OK
Content-Length: 14
Content-Type: application/json; charset=utf-8
cache-control: no-cache

23:00:08.231 [AsyncHttpClient-1-14] DEBUG org.asynchttpclient.netty.channel.ChannelManager - Adding key: http://localhost:30659 for channel [id: 0x86962c29, L:/127.0.0.1:54484 - R:localhost/127.0.0.1:30659]
23:00:08.232 [Forwarding setTimeout on session 830a23dcc96cc4cc42074d0bdf71d706 to remote] DEBUG org.asynchttpclient.netty.request.NettyRequestSender - Using pooled Channel '[id: 0x86962c29, L:/127.0.0.1:54484 - R:localhost/127.0.0.1:30659]' for 'POST' to 'http://localhost:30659/session/830a23dcc96cc4cc42074d0bdf71d706/timeouts'
23:00:08.232 [Forwarding setTimeout on session 830a23dcc96cc4cc42074d0bdf71d706 to remote] DEBUG org.asynchttpclient.netty.request.NettyRequestSender - Using open Channel [id: 0x86962c29, L:/127.0.0.1:54484 - R:localhost/127.0.0.1:30659] for POST '/session/830a23dcc96cc4cc42074d0bdf71d706/timeouts'
23:00:08.234 [AsyncHttpClient-1-14] DEBUG org.asynchttpclient.netty.handler.HttpHandler - 

Request DefaultHttpRequest(decodeResult: success, version: HTTP/1.1)
POST /session/830a23dcc96cc4cc42074d0bdf71d706/timeouts HTTP/1.1
User-Agent: selenium/4.8.1 (java windows)
Content-Length: 22
Content-Type: application/json; charset=utf-8
host: localhost:30659
accept: */*

Response DefaultHttpResponse(decodeResult: success, version: HTTP/1.1)
HTTP/1.1 200 OK
Content-Length: 14
Content-Type: application/json; charset=utf-8
cache-control: no-cache

23:00:08.234 [AsyncHttpClient-1-14] DEBUG org.asynchttpclient.netty.channel.ChannelManager - Adding key: http://localhost:30659 for channel [id: 0x86962c29, L:/127.0.0.1:54484 - R:localhost/127.0.0.1:30659]
  &amp#27;[32mGiven &amp#27;[0m&amp#27;[32mI am on the login page&amp#27;[0m                 &amp#27;[90m# starter.stepdefinitions.LoginSteps.onTheLoginPage()&amp#27;[0m
23:00:08.247 [Forwarding getAlertText on session 830a23dcc96cc4cc42074d0bdf71d706 to remote] DEBUG org.asynchttpclient.netty.request.NettyRequestSender - Using pooled Channel '[id: 0x86962c29, L:/127.0.0.1:54484 - R:localhost/127.0.0.1:30659]' for 'GET' to 'http://localhost:30659/session/830a23dcc96cc4cc42074d0bdf71d706/alert/text'
23:00:08.247 [Forwarding getAlertText on session 830a23dcc96cc4cc42074d0bdf71d706 to remote] DEBUG org.asynchttpclient.netty.request.NettyRequestSender - Using open Channel [id: 0x86962c29, L:/127.0.0.1:54484 - R:localhost/127.0.0.1:30659] for GET '/session/830a23dcc96cc4cc42074d0bdf71d706/alert/text'
23:00:08.250 [AsyncHttpClient-1-14] DEBUG org.asynchttpclient.netty.handler.HttpHandler - 

Request DefaultFullHttpRequest(decodeResult: success, version: HTTP/1.1, content: EmptyByteBufBE)
GET /session/830a23dcc96cc4cc42074d0bdf71d706/alert/text HTTP/1.1
User-Agent: selenium/4.8.1 (java windows)
Cache-Control: no-cache
Content-Type: application/json; charset=utf-8
host: localhost:30659
accept: */*

Response DefaultHttpResponse(decodeResult: success, version: HTTP/1.1)
HTTP/1.1 404 Not Found
Content-Length: 820
Content-Type: application/json; charset=utf-8
cache-control: no-cache

23:00:08.251 [AsyncHttpClient-1-14] DEBUG org.asynchttpclient.netty.channel.ChannelManager - Adding key: http://localhost:30659 for channel [id: 0x86962c29, L:/127.0.0.1:54484 - R:localhost/127.0.0.1:30659]
23:00:08.252 [Forwarding getCurrentUrl on session 830a23dcc96cc4cc42074d0bdf71d706 to remote] DEBUG org.asynchttpclient.netty.request.NettyRequestSender - Using pooled Channel '[id: 0x86962c29, L:/127.0.0.1:54484 - R:localhost/127.0.0.1:30659]' for 'GET' to 'http://localhost:30659/session/830a23dcc96cc4cc42074d0bdf71d706/url'
23:00:08.252 [Forwarding getCurrentUrl on session 830a23dcc96cc4cc42074d0bdf71d706 to remote] DEBUG org.asynchttpclient.netty.request.NettyRequestSender - Using open Channel [id: 0x86962c29, L:/127.0.0.1:54484 - R:localhost/127.0.0.1:30659] for GET '/session/830a23dcc96cc4cc42074d0bdf71d706/url'
23:00:08.269 [AsyncHttpClient-1-14] DEBUG org.asynchttpclient.netty.handler.HttpHandler - 

Request DefaultFullHttpRequest(decodeResult: success, version: HTTP/1.1, content: EmptyByteBufBE)
GET /session/830a23dcc96cc4cc42074d0bdf71d706/url HTTP/1.1
User-Agent: selenium/4.8.1 (java windows)
Cache-Control: no-cache
Content-Type: application/json; charset=utf-8
host: localhost:30659
accept: */*

Response DefaultHttpResponse(decodeResult: success, version: HTTP/1.1)
HTTP/1.1 200 OK
Content-Length: 51
Content-Type: application/json; charset=utf-8
cache-control: no-cache

23:00:08.269 [AsyncHttpClient-1-14] DEBUG org.asynchttpclient.netty.channel.ChannelManager - Adding key: http://localhost:30659 for channel [id: 0x86962c29, L:/127.0.0.1:54484 - R:localhost/127.0.0.1:30659]
23:00:08.270 [Forwarding screenshot on session 830a23dcc96cc4cc42074d0bdf71d706 to remote] DEBUG org.asynchttpclient.netty.request.NettyRequestSender - Using pooled Channel '[id: 0x86962c29, L:/127.0.0.1:54484 - R:localhost/127.0.0.1:30659]' for 'GET' to 'http://localhost:30659/session/830a23dcc96cc4cc42074d0bdf71d706/screenshot'
23:00:08.270 [Forwarding screenshot on session 830a23dcc96cc4cc42074d0bdf71d706 to remote] DEBUG org.asynchttpclient.netty.request.NettyRequestSender - Using open Channel [id: 0x86962c29, L:/127.0.0.1:54484 - R:localhost/127.0.0.1:30659] for GET '/session/830a23dcc96cc4cc42074d0bdf71d706/screenshot'
23:00:08.456 [AsyncHttpClient-1-14] DEBUG org.asynchttpclient.netty.handler.HttpHandler - 

Request DefaultFullHttpRequest(decodeResult: success, version: HTTP/1.1, content: EmptyByteBufBE)
GET /session/830a23dcc96cc4cc42074d0bdf71d706/screenshot HTTP/1.1
User-Agent: selenium/4.8.1 (java windows)
Cache-Control: no-cache
Content-Type: application/json; charset=utf-8
host: localhost:30659
accept: */*

Response DefaultHttpResponse(decodeResult: success, version: HTTP/1.1)
HTTP/1.1 200 OK
Content-Length: 32068
Content-Type: application/json; charset=utf-8
cache-control: no-cache

23:00:08.457 [AsyncHttpClient-1-14] DEBUG org.asynchttpclient.netty.channel.ChannelManager - Adding key: http://localhost:30659 for channel [id: 0x86962c29, L:/127.0.0.1:54484 - R:localhost/127.0.0.1:30659]
23:00:08.460 [main] DEBUG net.serenitybdd.core.photography.Darkroom - Send negative for processing for target\site\serenity\66a72f9453c991b458ef56bcffc716efaac5c1af3eeac64411e4b666f4758793.png
23:00:08.468 [Forwarding getPageSource on session 830a23dcc96cc4cc42074d0bdf71d706 to remote] DEBUG org.asynchttpclient.netty.request.NettyRequestSender - Using pooled Channel '[id: 0x86962c29, L:/127.0.0.1:54484 - R:localhost/127.0.0.1:30659]' for 'POST' to 'http://localhost:30659/session/830a23dcc96cc4cc42074d0bdf71d706/execute/sync'
23:00:08.468 [Forwarding getPageSource on session 830a23dcc96cc4cc42074d0bdf71d706 to remote] DEBUG org.asynchttpclient.netty.request.NettyRequestSender - Using open Channel [id: 0x86962c29, L:/127.0.0.1:54484 - R:localhost/127.0.0.1:30659] for POST '/session/830a23dcc96cc4cc42074d0bdf71d706/execute/sync'
23:00:08.481 [AsyncHttpClient-1-14] DEBUG org.asynchttpclient.netty.handler.HttpHandler - 

Request DefaultHttpRequest(decodeResult: success, version: HTTP/1.1)
POST /session/830a23dcc96cc4cc42074d0bdf71d706/execute/sync HTTP/1.1
User-Agent: selenium/4.8.1 (java windows)
Content-Length: 176
Content-Type: application/json; charset=utf-8
host: localhost:30659
accept: */*

Response DefaultHttpResponse(decodeResult: success, version: HTTP/1.1)
HTTP/1.1 200 OK
Content-Length: 21659
Content-Type: application/json; charset=utf-8
cache-control: no-cache

23:00:08.482 [AsyncHttpClient-1-14] DEBUG org.asynchttpclient.netty.channel.ChannelManager - Adding key: http://localhost:30659 for channel [id: 0x86962c29, L:/127.0.0.1:54484 - R:localhost/127.0.0.1:30659]
23:00:08.486 [Forwarding getCurrentUrl on session 830a23dcc96cc4cc42074d0bdf71d706 to remote] DEBUG org.asynchttpclient.netty.request.NettyRequestSender - Using pooled Channel '[id: 0x86962c29, L:/127.0.0.1:54484 - R:localhost/127.0.0.1:30659]' for 'GET' to 'http://localhost:30659/session/830a23dcc96cc4cc42074d0bdf71d706/url'
23:00:08.486 [Forwarding getCurrentUrl on session 830a23dcc96cc4cc42074d0bdf71d706 to remote] DEBUG org.asynchttpclient.netty.request.NettyRequestSender - Using open Channel [id: 0x86962c29, L:/127.0.0.1:54484 - R:localhost/127.0.0.1:30659] for GET '/session/830a23dcc96cc4cc42074d0bdf71d706/url'
23:00:08.494 [AsyncHttpClient-1-14] DEBUG org.asynchttpclient.netty.handler.HttpHandler - 

Request DefaultFullHttpRequest(decodeResult: success, version: HTTP/1.1, content: EmptyByteBufBE)
GET /session/830a23dcc96cc4cc42074d0bdf71d706/url HTTP/1.1
User-Agent: selenium/4.8.1 (java windows)
Cache-Control: no-cache
Content-Type: application/json; charset=utf-8
host: localhost:30659
accept: */*

Response DefaultHttpResponse(decodeResult: success, version: HTTP/1.1)
HTTP/1.1 200 OK
Content-Length: 51
Content-Type: application/json; charset=utf-8
cache-control: no-cache

23:00:08.494 [AsyncHttpClient-1-14] DEBUG org.asynchttpclient.netty.channel.ChannelManager - Adding key: http://localhost:30659 for channel [id: 0x86962c29, L:/127.0.0.1:54484 - R:localhost/127.0.0.1:30659]
23:00:08.508 [Forwarding getPageSource on session 830a23dcc96cc4cc42074d0bdf71d706 to remote] DEBUG org.asynchttpclient.netty.request.NettyRequestSender - Using pooled Channel '[id: 0x86962c29, L:/127.0.0.1:54484 - R:localhost/127.0.0.1:30659]' for 'POST' to 'http://localhost:30659/session/830a23dcc96cc4cc42074d0bdf71d706/execute/sync'
23:00:08.508 [Forwarding getPageSource on session 830a23dcc96cc4cc42074d0bdf71d706 to remote] DEBUG org.asynchttpclient.netty.request.NettyRequestSender - Using open Channel [id: 0x86962c29, L:/127.0.0.1:54484 - R:localhost/127.0.0.1:30659] for POST '/session/830a23dcc96cc4cc42074d0bdf71d706/execute/sync'
23:00:08.520 [AsyncHttpClient-1-14] DEBUG org.asynchttpclient.netty.handler.HttpHandler - 

Request DefaultHttpRequest(decodeResult: success, version: HTTP/1.1)
POST /session/830a23dcc96cc4cc42074d0bdf71d706/execute/sync HTTP/1.1
User-Agent: selenium/4.8.1 (java windows)
Content-Length: 176
Content-Type: application/json; charset=utf-8
host: localhost:30659
accept: */*

Response DefaultHttpResponse(decodeResult: success, version: HTTP/1.1)
HTTP/1.1 200 OK
Content-Length: 21659
Content-Type: application/json; charset=utf-8
cache-control: no-cache

23:00:08.520 [AsyncHttpClient-1-14] DEBUG org.asynchttpclient.netty.channel.ChannelManager - Adding key: http://localhost:30659 for channel [id: 0x86962c29, L:/127.0.0.1:54484 - R:localhost/127.0.0.1:30659]
23:00:08.523 [Forwarding getCurrentUrl on session 830a23dcc96cc4cc42074d0bdf71d706 to remote] DEBUG org.asynchttpclient.netty.request.NettyRequestSender - Using pooled Channel '[id: 0x86962c29, L:/127.0.0.1:54484 - R:localhost/127.0.0.1:30659]' for 'GET' to 'http://localhost:30659/session/830a23dcc96cc4cc42074d0bdf71d706/url'
23:00:08.523 [Forwarding getCurrentUrl on session 830a23dcc96cc4cc42074d0bdf71d706 to remote] DEBUG org.asynchttpclient.netty.request.NettyRequestSender - Using open Channel [id: 0x86962c29, L:/127.0.0.1:54484 - R:localhost/127.0.0.1:30659] for GET '/session/830a23dcc96cc4cc42074d0bdf71d706/url'
23:00:08.530 [AsyncHttpClient-1-14] DEBUG org.asynchttpclient.netty.handler.HttpHandler - 

Request DefaultFullHttpRequest(decodeResult: success, version: HTTP/1.1, content: EmptyByteBufBE)
GET /session/830a23dcc96cc4cc42074d0bdf71d706/url HTTP/1.1
User-Agent: selenium/4.8.1 (java windows)
Cache-Control: no-cache
Content-Type: application/json; charset=utf-8
host: localhost:30659
accept: */*

Response DefaultHttpResponse(decodeResult: success, version: HTTP/1.1)
HTTP/1.1 200 OK
Content-Length: 51
Content-Type: application/json; charset=utf-8
cache-control: no-cache

23:00:08.530 [AsyncHttpClient-1-14] DEBUG org.asynchttpclient.netty.channel.ChannelManager - Adding key: http://localhost:30659 for channel [id: 0x86962c29, L:/127.0.0.1:54484 - R:localhost/127.0.0.1:30659]
23:00:08.532 [main] DEBUG net.thucydides.core.steps.StepInterceptor - STARTING STEP: LoginSteps.enterValidEmailLogin - inputEmailLogin
23:00:08.535 [Forwarding findElement on session 830a23dcc96cc4cc42074d0bdf71d706 to remote] DEBUG org.asynchttpclient.netty.request.NettyRequestSender - Using pooled Channel '[id: 0x86962c29, L:/127.0.0.1:54484 - R:localhost/127.0.0.1:30659]' for 'POST' to 'http://localhost:30659/session/830a23dcc96cc4cc42074d0bdf71d706/element'
23:00:08.535 [Forwarding findElement on session 830a23dcc96cc4cc42074d0bdf71d706 to remote] DEBUG org.asynchttpclient.netty.request.NettyRequestSender - Using open Channel [id: 0x86962c29, L:/127.0.0.1:54484 - R:localhost/127.0.0.1:30659] for POST '/session/830a23dcc96cc4cc42074d0bdf71d706/element'
23:00:08.548 [AsyncHttpClient-1-14] DEBUG org.asynchttpclient.netty.handler.HttpHandler - 

Request DefaultHttpRequest(decodeResult: success, version: HTTP/1.1)
POST /session/830a23dcc96cc4cc42074d0bdf71d706/element HTTP/1.1
User-Agent: selenium/4.8.1 (java windows)
Content-Length: 55
Content-Type: application/json; charset=utf-8
host: localhost:30659
accept: */*

Response DefaultHttpResponse(decodeResult: success, version: HTTP/1.1)
HTTP/1.1 200 OK
Content-Length: 94
Content-Type: application/json; charset=utf-8
cache-control: no-cache

23:00:08.548 [AsyncHttpClient-1-14] DEBUG org.asynchttpclient.netty.channel.ChannelManager - Adding key: http://localhost:30659 for channel [id: 0x86962c29, L:/127.0.0.1:54484 - R:localhost/127.0.0.1:30659]
23:00:08.549 [Forwarding clearElement on session 830a23dcc96cc4cc42074d0bdf71d706 to remote] DEBUG org.asynchttpclient.netty.request.NettyRequestSender - Using pooled Channel '[id: 0x86962c29, L:/127.0.0.1:54484 - R:localhost/127.0.0.1:30659]' for 'POST' to 'http://localhost:30659/session/830a23dcc96cc4cc42074d0bdf71d706/element/AF6876B17AEACD90C8DC6559C6ED8A48_element_5/clear'
23:00:08.549 [Forwarding clearElement on session 830a23dcc96cc4cc42074d0bdf71d706 to remote] DEBUG org.asynchttpclient.netty.request.NettyRequestSender - Using open Channel [id: 0x86962c29, L:/127.0.0.1:54484 - R:localhost/127.0.0.1:30659] for POST '/session/830a23dcc96cc4cc42074d0bdf71d706/element/AF6876B17AEACD90C8DC6559C6ED8A48_element_5/clear'
23:00:08.598 [AsyncHttpClient-1-14] DEBUG org.asynchttpclient.netty.handler.HttpHandler - 

Request DefaultHttpRequest(decodeResult: success, version: HTTP/1.1)
POST /session/830a23dcc96cc4cc42074d0bdf71d706/element/AF6876B17AEACD90C8DC6559C6ED8A48_element_5/clear HTTP/1.1
User-Agent: selenium/4.8.1 (java windows)
Content-Length: 56
Content-Type: application/json; charset=utf-8
host: localhost:30659
accept: */*

Response DefaultHttpResponse(decodeResult: success, version: HTTP/1.1)
HTTP/1.1 200 OK
Content-Length: 14
Content-Type: application/json; charset=utf-8
cache-control: no-cache

23:00:08.598 [AsyncHttpClient-1-14] DEBUG org.asynchttpclient.netty.channel.ChannelManager - Adding key: http://localhost:30659 for channel [id: 0x86962c29, L:/127.0.0.1:54484 - R:localhost/127.0.0.1:30659]
23:00:08.599 [Forwarding sendKeysToElement on session 830a23dcc96cc4cc42074d0bdf71d706 to remote] DEBUG org.asynchttpclient.netty.request.NettyRequestSender - Using pooled Channel '[id: 0x86962c29, L:/127.0.0.1:54484 - R:localhost/127.0.0.1:30659]' for 'POST' to 'http://localhost:30659/session/830a23dcc96cc4cc42074d0bdf71d706/element/AF6876B17AEACD90C8DC6559C6ED8A48_element_5/value'
23:00:08.599 [Forwarding sendKeysToElement on session 830a23dcc96cc4cc42074d0bdf71d706 to remote] DEBUG org.asynchttpclient.netty.request.NettyRequestSender - Using open Channel [id: 0x86962c29, L:/127.0.0.1:54484 - R:localhost/127.0.0.1:30659] for POST '/session/830a23dcc96cc4cc42074d0bdf71d706/element/AF6876B17AEACD90C8DC6559C6ED8A48_element_5/value'
23:00:08.990 [AsyncHttpClient-1-14] DEBUG org.asynchttpclient.netty.handler.HttpHandler - 

Request DefaultHttpRequest(decodeResult: success, version: HTTP/1.1)
POST /session/830a23dcc96cc4cc42074d0bdf71d706/element/AF6876B17AEACD90C8DC6559C6ED8A48_element_5/value HTTP/1.1
User-Agent: selenium/4.8.1 (java windows)
Content-Length: 357
Content-Type: application/json; charset=utf-8
host: localhost:30659
accept: */*

Response DefaultHttpResponse(decodeResult: success, version: HTTP/1.1)
HTTP/1.1 200 OK
Content-Length: 14
Content-Type: application/json; charset=utf-8
cache-control: no-cache

23:00:08.991 [AsyncHttpClient-1-14] DEBUG org.asynchttpclient.netty.channel.ChannelManager - Adding key: http://localhost:30659 for channel [id: 0x86962c29, L:/127.0.0.1:54484 - R:localhost/127.0.0.1:30659]
23:00:09.005 [Forwarding getAlertText on session 830a23dcc96cc4cc42074d0bdf71d706 to remote] DEBUG org.asynchttpclient.netty.request.NettyRequestSender - Using pooled Channel '[id: 0x86962c29, L:/127.0.0.1:54484 - R:localhost/127.0.0.1:30659]' for 'GET' to 'http://localhost:30659/session/830a23dcc96cc4cc42074d0bdf71d706/alert/text'
23:00:09.005 [Forwarding getAlertText on session 830a23dcc96cc4cc42074d0bdf71d706 to remote] DEBUG org.asynchttpclient.netty.request.NettyRequestSender - Using open Channel [id: 0x86962c29, L:/127.0.0.1:54484 - R:localhost/127.0.0.1:30659] for GET '/session/830a23dcc96cc4cc42074d0bdf71d706/alert/text'
23:00:09.011 [AsyncHttpClient-1-14] DEBUG org.asynchttpclient.netty.handler.HttpHandler - 

Request DefaultFullHttpRequest(decodeResult: success, version: HTTP/1.1, content: EmptyByteBufBE)
GET /session/830a23dcc96cc4cc42074d0bdf71d706/alert/text HTTP/1.1
User-Agent: selenium/4.8.1 (java windows)
Cache-Control: no-cache
Content-Type: application/json; charset=utf-8
host: localhost:30659
accept: */*

Response DefaultHttpResponse(decodeResult: success, version: HTTP/1.1)
HTTP/1.1 404 Not Found
Content-Length: 820
Content-Type: application/json; charset=utf-8
cache-control: no-cache

23:00:09.011 [AsyncHttpClient-1-14] DEBUG org.asynchttpclient.netty.channel.ChannelManager - Adding key: http://localhost:30659 for channel [id: 0x86962c29, L:/127.0.0.1:54484 - R:localhost/127.0.0.1:30659]
23:00:09.012 [Forwarding getCurrentUrl on session 830a23dcc96cc4cc42074d0bdf71d706 to remote] DEBUG org.asynchttpclient.netty.request.NettyRequestSender - Using pooled Channel '[id: 0x86962c29, L:/127.0.0.1:54484 - R:localhost/127.0.0.1:30659]' for 'GET' to 'http://localhost:30659/session/830a23dcc96cc4cc42074d0bdf71d706/url'
23:00:09.012 [Forwarding getCurrentUrl on session 830a23dcc96cc4cc42074d0bdf71d706 to remote] DEBUG org.asynchttpclient.netty.request.NettyRequestSender - Using open Channel [id: 0x86962c29, L:/127.0.0.1:54484 - R:localhost/127.0.0.1:30659] for GET '/session/830a23dcc96cc4cc42074d0bdf71d706/url'
23:00:09.037 [AsyncHttpClient-1-14] DEBUG org.asynchttpclient.netty.handler.HttpHandler - 

Request DefaultFullHttpRequest(decodeResult: success, version: HTTP/1.1, content: EmptyByteBufBE)
GET /session/830a23dcc96cc4cc42074d0bdf71d706/url HTTP/1.1
User-Agent: selenium/4.8.1 (java windows)
Cache-Control: no-cache
Content-Type: application/json; charset=utf-8
host: localhost:30659
accept: */*

Response DefaultHttpResponse(decodeResult: success, version: HTTP/1.1)
HTTP/1.1 200 OK
Content-Length: 51
Content-Type: application/json; charset=utf-8
cache-control: no-cache

23:00:09.038 [AsyncHttpClient-1-14] DEBUG org.asynchttpclient.netty.channel.ChannelManager - Adding key: http://localhost:30659 for channel [id: 0x86962c29, L:/127.0.0.1:54484 - R:localhost/127.0.0.1:30659]
23:00:09.042 [Forwarding screenshot on session 830a23dcc96cc4cc42074d0bdf71d706 to remote] DEBUG org.asynchttpclient.netty.request.NettyRequestSender - Using pooled Channel '[id: 0x86962c29, L:/127.0.0.1:54484 - R:localhost/127.0.0.1:30659]' for 'GET' to 'http://localhost:30659/session/830a23dcc96cc4cc42074d0bdf71d706/screenshot'
23:00:09.042 [Forwarding screenshot on session 830a23dcc96cc4cc42074d0bdf71d706 to remote] DEBUG org.asynchttpclient.netty.request.NettyRequestSender - Using open Channel [id: 0x86962c29, L:/127.0.0.1:54484 - R:localhost/127.0.0.1:30659] for GET '/session/830a23dcc96cc4cc42074d0bdf71d706/screenshot'
23:00:09.199 [AsyncHttpClient-1-1] DEBUG org.asynchttpclient.netty.channel.DefaultChannelPool - Entry count for : http://localhost:54485 : 1
23:00:09.323 [AsyncHttpClient-1-14] DEBUG org.asynchttpclient.netty.handler.HttpHandler - 

Request DefaultFullHttpRequest(decodeResult: success, version: HTTP/1.1, content: EmptyByteBufBE)
GET /session/830a23dcc96cc4cc42074d0bdf71d706/screenshot HTTP/1.1
User-Agent: selenium/4.8.1 (java windows)
Cache-Control: no-cache
Content-Type: application/json; charset=utf-8
host: localhost:30659
accept: */*

Response DefaultHttpResponse(decodeResult: success, version: HTTP/1.1)
HTTP/1.1 200 OK
Content-Length: 39656
Content-Type: application/json; charset=utf-8
cache-control: no-cache

23:00:09.324 [AsyncHttpClient-1-14] DEBUG org.asynchttpclient.netty.channel.ChannelManager - Adding key: http://localhost:30659 for channel [id: 0x86962c29, L:/127.0.0.1:54484 - R:localhost/127.0.0.1:30659]
23:00:09.330 [main] DEBUG net.serenitybdd.core.photography.Darkroom - Send negative for processing for target\site\serenity\ca8656d371343b53d7c0de24154256619bb4ccec0c810fbf0a7cc49f1b30fc1e.png
23:00:09.331 [main] DEBUG net.thucydides.core.steps.StepInterceptor - STEP DONE: inputEmailLogin
23:00:09.331 [Darkroom Processing Line] DEBUG net.serenitybdd.core.photography.DarkroomProcessingLine - Processing screenshot image in /var/screenshots/screenshot-8479494184361124867
23:00:09.331 [Darkroom Processing Line] DEBUG net.serenitybdd.core.photography.DarkroomProcessingLine - Saving screenshot to target\site\serenity\ca8656d371343b53d7c0de24154256619bb4ccec0c810fbf0a7cc49f1b30fc1e.png
  &amp#27;[32mWhen &amp#27;[0m&amp#27;[32mI enter valid email login&amp#27;[0m               &amp#27;[90m# starter.stepdefinitions.LoginSteps.enterValidEmailLogin()&amp#27;[0m
23:00:09.347 [Forwarding getPageSource on session 830a23dcc96cc4cc42074d0bdf71d706 to remote] DEBUG org.asynchttpclient.netty.request.NettyRequestSender - Using pooled Channel '[id: 0x86962c29, L:/127.0.0.1:54484 - R:localhost/127.0.0.1:30659]' for 'POST' to 'http://localhost:30659/session/830a23dcc96cc4cc42074d0bdf71d706/execute/sync'
23:00:09.347 [Forwarding getPageSource on session 830a23dcc96cc4cc42074d0bdf71d706 to remote] DEBUG org.asynchttpclient.netty.request.NettyRequestSender - Using open Channel [id: 0x86962c29, L:/127.0.0.1:54484 - R:localhost/127.0.0.1:30659] for POST '/session/830a23dcc96cc4cc42074d0bdf71d706/execute/sync'
23:00:09.363 [AsyncHttpClient-1-14] DEBUG org.asynchttpclient.netty.handler.HttpHandler - 

Request DefaultHttpRequest(decodeResult: success, version: HTTP/1.1)
POST /session/830a23dcc96cc4cc42074d0bdf71d706/execute/sync HTTP/1.1
User-Agent: selenium/4.8.1 (java windows)
Content-Length: 176
Content-Type: application/json; charset=utf-8
host: localhost:30659
accept: */*

Response DefaultHttpResponse(decodeResult: success, version: HTTP/1.1)
HTTP/1.1 200 OK
Content-Length: 21780
Content-Type: application/json; charset=utf-8
cache-control: no-cache

23:00:09.363 [AsyncHttpClient-1-14] DEBUG org.asynchttpclient.netty.channel.ChannelManager - Adding key: http://localhost:30659 for channel [id: 0x86962c29, L:/127.0.0.1:54484 - R:localhost/127.0.0.1:30659]
23:00:09.369 [Forwarding getCurrentUrl on session 830a23dcc96cc4cc42074d0bdf71d706 to remote] DEBUG org.asynchttpclient.netty.request.NettyRequestSender - Using pooled Channel '[id: 0x86962c29, L:/127.0.0.1:54484 - R:localhost/127.0.0.1:30659]' for 'GET' to 'http://localhost:30659/session/830a23dcc96cc4cc42074d0bdf71d706/url'
23:00:09.369 [Forwarding getCurrentUrl on session 830a23dcc96cc4cc42074d0bdf71d706 to remote] DEBUG org.asynchttpclient.netty.request.NettyRequestSender - Using open Channel [id: 0x86962c29, L:/127.0.0.1:54484 - R:localhost/127.0.0.1:30659] for GET '/session/830a23dcc96cc4cc42074d0bdf71d706/url'
23:00:09.380 [AsyncHttpClient-1-14] DEBUG org.asynchttpclient.netty.handler.HttpHandler - 

Request DefaultFullHttpRequest(decodeResult: success, version: HTTP/1.1, content: EmptyByteBufBE)
GET /session/830a23dcc96cc4cc42074d0bdf71d706/url HTTP/1.1
User-Agent: selenium/4.8.1 (java windows)
Cache-Control: no-cache
Content-Type: application/json; charset=utf-8
host: localhost:30659
accept: */*

Response DefaultHttpResponse(decodeResult: success, version: HTTP/1.1)
HTTP/1.1 200 OK
Content-Length: 51
Content-Type: application/json; charset=utf-8
cache-control: no-cache

23:00:09.380 [AsyncHttpClient-1-14] DEBUG org.asynchttpclient.netty.channel.ChannelManager - Adding key: http://localhost:30659 for channel [id: 0x86962c29, L:/127.0.0.1:54484 - R:localhost/127.0.0.1:30659]
23:00:09.397 [Forwarding getAlertText on session 830a23dcc96cc4cc42074d0bdf71d706 to remote] DEBUG org.asynchttpclient.netty.request.NettyRequestSender - Using pooled Channel '[id: 0x86962c29, L:/127.0.0.1:54484 - R:localhost/127.0.0.1:30659]' for 'GET' to 'http://localhost:30659/session/830a23dcc96cc4cc42074d0bdf71d706/alert/text'
23:00:09.397 [Forwarding getAlertText on session 830a23dcc96cc4cc42074d0bdf71d706 to remote] DEBUG org.asynchttpclient.netty.request.NettyRequestSender - Using open Channel [id: 0x86962c29, L:/127.0.0.1:54484 - R:localhost/127.0.0.1:30659] for GET '/session/830a23dcc96cc4cc42074d0bdf71d706/alert/text'
23:00:09.401 [AsyncHttpClient-1-14] DEBUG org.asynchttpclient.netty.handler.HttpHandler - 

Request DefaultFullHttpRequest(decodeResult: success, version: HTTP/1.1, content: EmptyByteBufBE)
GET /session/830a23dcc96cc4cc42074d0bdf71d706/alert/text HTTP/1.1
User-Agent: selenium/4.8.1 (java windows)
Cache-Control: no-cache
Content-Type: application/json; charset=utf-8
host: localhost:30659
accept: */*

Response DefaultHttpResponse(decodeResult: success, version: HTTP/1.1)
HTTP/1.1 404 Not Found
Content-Length: 820
Content-Type: application/json; charset=utf-8
cache-control: no-cache

23:00:09.401 [AsyncHttpClient-1-14] DEBUG org.asynchttpclient.netty.channel.ChannelManager - Adding key: http://localhost:30659 for channel [id: 0x86962c29, L:/127.0.0.1:54484 - R:localhost/127.0.0.1:30659]
23:00:09.402 [Forwarding getCurrentUrl on session 830a23dcc96cc4cc42074d0bdf71d706 to remote] DEBUG org.asynchttpclient.netty.request.NettyRequestSender - Using pooled Channel '[id: 0x86962c29, L:/127.0.0.1:54484 - R:localhost/127.0.0.1:30659]' for 'GET' to 'http://localhost:30659/session/830a23dcc96cc4cc42074d0bdf71d706/url'
23:00:09.402 [Forwarding getCurrentUrl on session 830a23dcc96cc4cc42074d0bdf71d706 to remote] DEBUG org.asynchttpclient.netty.request.NettyRequestSender - Using open Channel [id: 0x86962c29, L:/127.0.0.1:54484 - R:localhost/127.0.0.1:30659] for GET '/session/830a23dcc96cc4cc42074d0bdf71d706/url'
23:00:09.414 [AsyncHttpClient-1-14] DEBUG org.asynchttpclient.netty.handler.HttpHandler - 

Request DefaultFullHttpRequest(decodeResult: success, version: HTTP/1.1, content: EmptyByteBufBE)
GET /session/830a23dcc96cc4cc42074d0bdf71d706/url HTTP/1.1
User-Agent: selenium/4.8.1 (java windows)
Cache-Control: no-cache
Content-Type: application/json; charset=utf-8
host: localhost:30659
accept: */*

Response DefaultHttpResponse(decodeResult: success, version: HTTP/1.1)
HTTP/1.1 200 OK
Content-Length: 51
Content-Type: application/json; charset=utf-8
cache-control: no-cache

23:00:09.414 [AsyncHttpClient-1-14] DEBUG org.asynchttpclient.netty.channel.ChannelManager - Adding key: http://localhost:30659 for channel [id: 0x86962c29, L:/127.0.0.1:54484 - R:localhost/127.0.0.1:30659]
23:00:09.414 [Forwarding screenshot on session 830a23dcc96cc4cc42074d0bdf71d706 to remote] DEBUG org.asynchttpclient.netty.request.NettyRequestSender - Using pooled Channel '[id: 0x86962c29, L:/127.0.0.1:54484 - R:localhost/127.0.0.1:30659]' for 'GET' to 'http://localhost:30659/session/830a23dcc96cc4cc42074d0bdf71d706/screenshot'
23:00:09.414 [Forwarding screenshot on session 830a23dcc96cc4cc42074d0bdf71d706 to remote] DEBUG org.asynchttpclient.netty.request.NettyRequestSender - Using open Channel [id: 0x86962c29, L:/127.0.0.1:54484 - R:localhost/127.0.0.1:30659] for GET '/session/830a23dcc96cc4cc42074d0bdf71d706/screenshot'
23:00:09.569 [AsyncHttpClient-1-14] DEBUG org.asynchttpclient.netty.handler.HttpHandler - 

Request DefaultFullHttpRequest(decodeResult: success, version: HTTP/1.1, content: EmptyByteBufBE)
GET /session/830a23dcc96cc4cc42074d0bdf71d706/screenshot HTTP/1.1
User-Agent: selenium/4.8.1 (java windows)
Cache-Control: no-cache
Content-Type: application/json; charset=utf-8
host: localhost:30659
accept: */*

Response DefaultHttpResponse(decodeResult: success, version: HTTP/1.1)
HTTP/1.1 200 OK
Content-Length: 39656
Content-Type: application/json; charset=utf-8
cache-control: no-cache

23:00:09.569 [AsyncHttpClient-1-14] DEBUG org.asynchttpclient.netty.channel.ChannelManager - Adding key: http://localhost:30659 for channel [id: 0x86962c29, L:/127.0.0.1:54484 - R:localhost/127.0.0.1:30659]
23:00:09.571 [main] DEBUG net.serenitybdd.core.photography.Darkroom - Send negative for processing for target\site\serenity\74d03a8a380ee641a3944091f03832370e5e140460583a3adc63bedb009e781f.png
23:00:09.572 [Forwarding getPageSource on session 830a23dcc96cc4cc42074d0bdf71d706 to remote] DEBUG org.asynchttpclient.netty.request.NettyRequestSender - Using pooled Channel '[id: 0x86962c29, L:/127.0.0.1:54484 - R:localhost/127.0.0.1:30659]' for 'POST' to 'http://localhost:30659/session/830a23dcc96cc4cc42074d0bdf71d706/execute/sync'
23:00:09.572 [Forwarding getPageSource on session 830a23dcc96cc4cc42074d0bdf71d706 to remote] DEBUG org.asynchttpclient.netty.request.NettyRequestSender - Using open Channel [id: 0x86962c29, L:/127.0.0.1:54484 - R:localhost/127.0.0.1:30659] for POST '/session/830a23dcc96cc4cc42074d0bdf71d706/execute/sync'
23:00:09.581 [AsyncHttpClient-1-14] DEBUG org.asynchttpclient.netty.handler.HttpHandler - 

Request DefaultHttpRequest(decodeResult: success, version: HTTP/1.1)
POST /session/830a23dcc96cc4cc42074d0bdf71d706/execute/sync HTTP/1.1
User-Agent: selenium/4.8.1 (java windows)
Content-Length: 176
Content-Type: application/json; charset=utf-8
host: localhost:30659
accept: */*

Response DefaultHttpResponse(decodeResult: success, version: HTTP/1.1)
HTTP/1.1 200 OK
Content-Length: 21780
Content-Type: application/json; charset=utf-8
cache-control: no-cache

23:00:09.581 [AsyncHttpClient-1-14] DEBUG org.asynchttpclient.netty.channel.ChannelManager - Adding key: http://localhost:30659 for channel [id: 0x86962c29, L:/127.0.0.1:54484 - R:localhost/127.0.0.1:30659]
23:00:09.584 [Forwarding getCurrentUrl on session 830a23dcc96cc4cc42074d0bdf71d706 to remote] DEBUG org.asynchttpclient.netty.request.NettyRequestSender - Using pooled Channel '[id: 0x86962c29, L:/127.0.0.1:54484 - R:localhost/127.0.0.1:30659]' for 'GET' to 'http://localhost:30659/session/830a23dcc96cc4cc42074d0bdf71d706/url'
23:00:09.584 [Forwarding getCurrentUrl on session 830a23dcc96cc4cc42074d0bdf71d706 to remote] DEBUG org.asynchttpclient.netty.request.NettyRequestSender - Using open Channel [id: 0x86962c29, L:/127.0.0.1:54484 - R:localhost/127.0.0.1:30659] for GET '/session/830a23dcc96cc4cc42074d0bdf71d706/url'
23:00:09.589 [AsyncHttpClient-1-14] DEBUG org.asynchttpclient.netty.handler.HttpHandler - 

Request DefaultFullHttpRequest(decodeResult: success, version: HTTP/1.1, content: EmptyByteBufBE)
GET /session/830a23dcc96cc4cc42074d0bdf71d706/url HTTP/1.1
User-Agent: selenium/4.8.1 (java windows)
Cache-Control: no-cache
Content-Type: application/json; charset=utf-8
host: localhost:30659
accept: */*

Response DefaultHttpResponse(decodeResult: success, version: HTTP/1.1)
HTTP/1.1 200 OK
Content-Length: 51
Content-Type: application/json; charset=utf-8
cache-control: no-cache

23:00:09.590 [AsyncHttpClient-1-14] DEBUG org.asynchttpclient.netty.channel.ChannelManager - Adding key: http://localhost:30659 for channel [id: 0x86962c29, L:/127.0.0.1:54484 - R:localhost/127.0.0.1:30659]
23:00:09.591 [main] DEBUG net.thucydides.core.steps.StepInterceptor - STARTING STEP: LoginSteps.enterUppercasePassword - inputUppercasePasswordLogin
23:00:09.594 [Forwarding findElement on session 830a23dcc96cc4cc42074d0bdf71d706 to remote] DEBUG org.asynchttpclient.netty.request.NettyRequestSender - Using pooled Channel '[id: 0x86962c29, L:/127.0.0.1:54484 - R:localhost/127.0.0.1:30659]' for 'POST' to 'http://localhost:30659/session/830a23dcc96cc4cc42074d0bdf71d706/element'
23:00:09.594 [Forwarding findElement on session 830a23dcc96cc4cc42074d0bdf71d706 to remote] DEBUG org.asynchttpclient.netty.request.NettyRequestSender - Using open Channel [id: 0x86962c29, L:/127.0.0.1:54484 - R:localhost/127.0.0.1:30659] for POST '/session/830a23dcc96cc4cc42074d0bdf71d706/element'
23:00:09.613 [AsyncHttpClient-1-14] DEBUG org.asynchttpclient.netty.handler.HttpHandler - 

Request DefaultHttpRequest(decodeResult: success, version: HTTP/1.1)
POST /session/830a23dcc96cc4cc42074d0bdf71d706/element HTTP/1.1
User-Agent: selenium/4.8.1 (java windows)
Content-Length: 55
Content-Type: application/json; charset=utf-8
host: localhost:30659
accept: */*

Response DefaultHttpResponse(decodeResult: success, version: HTTP/1.1)
HTTP/1.1 200 OK
Content-Length: 94
Content-Type: application/json; charset=utf-8
cache-control: no-cache

23:00:09.613 [AsyncHttpClient-1-14] DEBUG org.asynchttpclient.netty.channel.ChannelManager - Adding key: http://localhost:30659 for channel [id: 0x86962c29, L:/127.0.0.1:54484 - R:localhost/127.0.0.1:30659]
23:00:09.614 [Forwarding clearElement on session 830a23dcc96cc4cc42074d0bdf71d706 to remote] DEBUG org.asynchttpclient.netty.request.NettyRequestSender - Using pooled Channel '[id: 0x86962c29, L:/127.0.0.1:54484 - R:localhost/127.0.0.1:30659]' for 'POST' to 'http://localhost:30659/session/830a23dcc96cc4cc42074d0bdf71d706/element/AF6876B17AEACD90C8DC6559C6ED8A48_element_7/clear'
23:00:09.614 [Forwarding clearElement on session 830a23dcc96cc4cc42074d0bdf71d706 to remote] DEBUG org.asynchttpclient.netty.request.NettyRequestSender - Using open Channel [id: 0x86962c29, L:/127.0.0.1:54484 - R:localhost/127.0.0.1:30659] for POST '/session/830a23dcc96cc4cc42074d0bdf71d706/element/AF6876B17AEACD90C8DC6559C6ED8A48_element_7/clear'
23:00:09.657 [AsyncHttpClient-1-14] DEBUG org.asynchttpclient.netty.handler.HttpHandler - 

Request DefaultHttpRequest(decodeResult: success, version: HTTP/1.1)
POST /session/830a23dcc96cc4cc42074d0bdf71d706/element/AF6876B17AEACD90C8DC6559C6ED8A48_element_7/clear HTTP/1.1
User-Agent: selenium/4.8.1 (java windows)
Content-Length: 56
Content-Type: application/json; charset=utf-8
host: localhost:30659
accept: */*

Response DefaultHttpResponse(decodeResult: success, version: HTTP/1.1)
HTTP/1.1 200 OK
Content-Length: 14
Content-Type: application/json; charset=utf-8
cache-control: no-cache

23:00:09.657 [AsyncHttpClient-1-14] DEBUG org.asynchttpclient.netty.channel.ChannelManager - Adding key: http://localhost:30659 for channel [id: 0x86962c29, L:/127.0.0.1:54484 - R:localhost/127.0.0.1:30659]
23:00:09.659 [Forwarding sendKeysToElement on session 830a23dcc96cc4cc42074d0bdf71d706 to remote] DEBUG org.asynchttpclient.netty.request.NettyRequestSender - Using pooled Channel '[id: 0x86962c29, L:/127.0.0.1:54484 - R:localhost/127.0.0.1:30659]' for 'POST' to 'http://localhost:30659/session/830a23dcc96cc4cc42074d0bdf71d706/element/AF6876B17AEACD90C8DC6559C6ED8A48_element_7/value'
23:00:09.659 [Forwarding sendKeysToElement on session 830a23dcc96cc4cc42074d0bdf71d706 to remote] DEBUG org.asynchttpclient.netty.request.NettyRequestSender - Using open Channel [id: 0x86962c29, L:/127.0.0.1:54484 - R:localhost/127.0.0.1:30659] for POST '/session/830a23dcc96cc4cc42074d0bdf71d706/element/AF6876B17AEACD90C8DC6559C6ED8A48_element_7/value'
23:00:09.764 [AsyncHttpClient-1-14] DEBUG org.asynchttpclient.netty.handler.HttpHandler - 

Request DefaultHttpRequest(decodeResult: success, version: HTTP/1.1)
POST /session/830a23dcc96cc4cc42074d0bdf71d706/element/AF6876B17AEACD90C8DC6559C6ED8A48_element_7/value HTTP/1.1
User-Agent: selenium/4.8.1 (java windows)
Content-Length: 147
Content-Type: application/json; charset=utf-8
host: localhost:30659
accept: */*

Response DefaultHttpResponse(decodeResult: success, version: HTTP/1.1)
HTTP/1.1 200 OK
Content-Length: 14
Content-Type: application/json; charset=utf-8
cache-control: no-cache

23:00:09.764 [AsyncHttpClient-1-14] DEBUG org.asynchttpclient.netty.channel.ChannelManager - Adding key: http://localhost:30659 for channel [id: 0x86962c29, L:/127.0.0.1:54484 - R:localhost/127.0.0.1:30659]
23:00:09.771 [Forwarding getAlertText on session 830a23dcc96cc4cc42074d0bdf71d706 to remote] DEBUG org.asynchttpclient.netty.request.NettyRequestSender - Using pooled Channel '[id: 0x86962c29, L:/127.0.0.1:54484 - R:localhost/127.0.0.1:30659]' for 'GET' to 'http://localhost:30659/session/830a23dcc96cc4cc42074d0bdf71d706/alert/text'
23:00:09.771 [Forwarding getAlertText on session 830a23dcc96cc4cc42074d0bdf71d706 to remote] DEBUG org.asynchttpclient.netty.request.NettyRequestSender - Using open Channel [id: 0x86962c29, L:/127.0.0.1:54484 - R:localhost/127.0.0.1:30659] for GET '/session/830a23dcc96cc4cc42074d0bdf71d706/alert/text'
23:00:09.773 [AsyncHttpClient-1-14] DEBUG org.asynchttpclient.netty.handler.HttpHandler - 

Request DefaultFullHttpRequest(decodeResult: success, version: HTTP/1.1, content: EmptyByteBufBE)
GET /session/830a23dcc96cc4cc42074d0bdf71d706/alert/text HTTP/1.1
User-Agent: selenium/4.8.1 (java windows)
Cache-Control: no-cache
Content-Type: application/json; charset=utf-8
host: localhost:30659
accept: */*

Response DefaultHttpResponse(decodeResult: success, version: HTTP/1.1)
HTTP/1.1 404 Not Found
Content-Length: 820
Content-Type: application/json; charset=utf-8
cache-control: no-cache

23:00:09.773 [AsyncHttpClient-1-14] DEBUG org.asynchttpclient.netty.channel.ChannelManager - Adding key: http://localhost:30659 for channel [id: 0x86962c29, L:/127.0.0.1:54484 - R:localhost/127.0.0.1:30659]
23:00:09.774 [Forwarding getCurrentUrl on session 830a23dcc96cc4cc42074d0bdf71d706 to remote] DEBUG org.asynchttpclient.netty.request.NettyRequestSender - Using pooled Channel '[id: 0x86962c29, L:/127.0.0.1:54484 - R:localhost/127.0.0.1:30659]' for 'GET' to 'http://localhost:30659/session/830a23dcc96cc4cc42074d0bdf71d706/url'
23:00:09.774 [Forwarding getCurrentUrl on session 830a23dcc96cc4cc42074d0bdf71d706 to remote] DEBUG org.asynchttpclient.netty.request.NettyRequestSender - Using open Channel [id: 0x86962c29, L:/127.0.0.1:54484 - R:localhost/127.0.0.1:30659] for GET '/session/830a23dcc96cc4cc42074d0bdf71d706/url'
23:00:09.781 [AsyncHttpClient-1-14] DEBUG org.asynchttpclient.netty.handler.HttpHandler - 

Request DefaultFullHttpRequest(decodeResult: success, version: HTTP/1.1, content: EmptyByteBufBE)
GET /session/830a23dcc96cc4cc42074d0bdf71d706/url HTTP/1.1
User-Agent: selenium/4.8.1 (java windows)
Cache-Control: no-cache
Content-Type: application/json; charset=utf-8
host: localhost:30659
accept: */*

Response DefaultHttpResponse(decodeResult: success, version: HTTP/1.1)
HTTP/1.1 200 OK
Content-Length: 51
Content-Type: application/json; charset=utf-8
cache-control: no-cache

23:00:09.781 [AsyncHttpClient-1-14] DEBUG org.asynchttpclient.netty.channel.ChannelManager - Adding key: http://localhost:30659 for channel [id: 0x86962c29, L:/127.0.0.1:54484 - R:localhost/127.0.0.1:30659]
23:00:09.782 [Forwarding screenshot on session 830a23dcc96cc4cc42074d0bdf71d706 to remote] DEBUG org.asynchttpclient.netty.request.NettyRequestSender - Using pooled Channel '[id: 0x86962c29, L:/127.0.0.1:54484 - R:localhost/127.0.0.1:30659]' for 'GET' to 'http://localhost:30659/session/830a23dcc96cc4cc42074d0bdf71d706/screenshot'
23:00:09.782 [Forwarding screenshot on session 830a23dcc96cc4cc42074d0bdf71d706 to remote] DEBUG org.asynchttpclient.netty.request.NettyRequestSender - Using open Channel [id: 0x86962c29, L:/127.0.0.1:54484 - R:localhost/127.0.0.1:30659] for GET '/session/830a23dcc96cc4cc42074d0bdf71d706/screenshot'
23:00:10.001 [AsyncHttpClient-1-14] DEBUG org.asynchttpclient.netty.handler.HttpHandler - 

Request DefaultFullHttpRequest(decodeResult: success, version: HTTP/1.1, content: EmptyByteBufBE)
GET /session/830a23dcc96cc4cc42074d0bdf71d706/screenshot HTTP/1.1
User-Agent: selenium/4.8.1 (java windows)
Cache-Control: no-cache
Content-Type: application/json; charset=utf-8
host: localhost:30659
accept: */*

Response DefaultHttpResponse(decodeResult: success, version: HTTP/1.1)
HTTP/1.1 200 OK
Content-Length: 41596
Content-Type: application/json; charset=utf-8
cache-control: no-cache

23:00:10.002 [AsyncHttpClient-1-14] DEBUG org.asynchttpclient.netty.channel.ChannelManager - Adding key: http://localhost:30659 for channel [id: 0x86962c29, L:/127.0.0.1:54484 - R:localhost/127.0.0.1:30659]
23:00:10.005 [main] DEBUG net.serenitybdd.core.photography.Darkroom - Send negative for processing for target\site\serenity\123f4a874d07b2676707fadcd5bd44630386728a3243698834a3173d5140e44c.png
23:00:10.005 [main] DEBUG net.thucydides.core.steps.StepInterceptor - STEP DONE: inputUppercasePasswordLogin
  &amp#27;[32mAnd &amp#27;[0m&amp#27;[32mI enter valid password but uppercase&amp#27;[0m     &amp#27;[90m# starter.stepdefinitions.LoginSteps.enterUppercasePassword()&amp#27;[0m
23:00:10.005 [Darkroom Processing Line] DEBUG net.serenitybdd.core.photography.DarkroomProcessingLine - Processing screenshot image in /var/screenshots/screenshot-5284255679591961052
23:00:10.005 [Darkroom Processing Line] DEBUG net.serenitybdd.core.photography.DarkroomProcessingLine - Saving screenshot to target\site\serenity\123f4a874d07b2676707fadcd5bd44630386728a3243698834a3173d5140e44c.png
23:00:10.016 [Forwarding getPageSource on session 830a23dcc96cc4cc42074d0bdf71d706 to remote] DEBUG org.asynchttpclient.netty.request.NettyRequestSender - Using pooled Channel '[id: 0x86962c29, L:/127.0.0.1:54484 - R:localhost/127.0.0.1:30659]' for 'POST' to 'http://localhost:30659/session/830a23dcc96cc4cc42074d0bdf71d706/execute/sync'
23:00:10.016 [Forwarding getPageSource on session 830a23dcc96cc4cc42074d0bdf71d706 to remote] DEBUG org.asynchttpclient.netty.request.NettyRequestSender - Using open Channel [id: 0x86962c29, L:/127.0.0.1:54484 - R:localhost/127.0.0.1:30659] for POST '/session/830a23dcc96cc4cc42074d0bdf71d706/execute/sync'
23:00:10.026 [AsyncHttpClient-1-14] DEBUG org.asynchttpclient.netty.handler.HttpHandler - 

Request DefaultHttpRequest(decodeResult: success, version: HTTP/1.1)
POST /session/830a23dcc96cc4cc42074d0bdf71d706/execute/sync HTTP/1.1
User-Agent: selenium/4.8.1 (java windows)
Content-Length: 176
Content-Type: application/json; charset=utf-8
host: localhost:30659
accept: */*

Response DefaultHttpResponse(decodeResult: success, version: HTTP/1.1)
HTTP/1.1 200 OK
Content-Length: 21839
Content-Type: application/json; charset=utf-8
cache-control: no-cache

23:00:10.027 [AsyncHttpClient-1-14] DEBUG org.asynchttpclient.netty.channel.ChannelManager - Adding key: http://localhost:30659 for channel [id: 0x86962c29, L:/127.0.0.1:54484 - R:localhost/127.0.0.1:30659]
23:00:10.031 [Forwarding getCurrentUrl on session 830a23dcc96cc4cc42074d0bdf71d706 to remote] DEBUG org.asynchttpclient.netty.request.NettyRequestSender - Using pooled Channel '[id: 0x86962c29, L:/127.0.0.1:54484 - R:localhost/127.0.0.1:30659]' for 'GET' to 'http://localhost:30659/session/830a23dcc96cc4cc42074d0bdf71d706/url'
23:00:10.031 [Forwarding getCurrentUrl on session 830a23dcc96cc4cc42074d0bdf71d706 to remote] DEBUG org.asynchttpclient.netty.request.NettyRequestSender - Using open Channel [id: 0x86962c29, L:/127.0.0.1:54484 - R:localhost/127.0.0.1:30659] for GET '/session/830a23dcc96cc4cc42074d0bdf71d706/url'
23:00:10.039 [AsyncHttpClient-1-14] DEBUG org.asynchttpclient.netty.handler.HttpHandler - 

Request DefaultFullHttpRequest(decodeResult: success, version: HTTP/1.1, content: EmptyByteBufBE)
GET /session/830a23dcc96cc4cc42074d0bdf71d706/url HTTP/1.1
User-Agent: selenium/4.8.1 (java windows)
Cache-Control: no-cache
Content-Type: application/json; charset=utf-8
host: localhost:30659
accept: */*

Response DefaultHttpResponse(decodeResult: success, version: HTTP/1.1)
HTTP/1.1 200 OK
Content-Length: 51
Content-Type: application/json; charset=utf-8
cache-control: no-cache

23:00:10.040 [AsyncHttpClient-1-14] DEBUG org.asynchttpclient.netty.channel.ChannelManager - Adding key: http://localhost:30659 for channel [id: 0x86962c29, L:/127.0.0.1:54484 - R:localhost/127.0.0.1:30659]
23:00:10.051 [Forwarding getPageSource on session 830a23dcc96cc4cc42074d0bdf71d706 to remote] DEBUG org.asynchttpclient.netty.request.NettyRequestSender - Using pooled Channel '[id: 0x86962c29, L:/127.0.0.1:54484 - R:localhost/127.0.0.1:30659]' for 'POST' to 'http://localhost:30659/session/830a23dcc96cc4cc42074d0bdf71d706/execute/sync'
23:00:10.051 [Forwarding getPageSource on session 830a23dcc96cc4cc42074d0bdf71d706 to remote] DEBUG org.asynchttpclient.netty.request.NettyRequestSender - Using open Channel [id: 0x86962c29, L:/127.0.0.1:54484 - R:localhost/127.0.0.1:30659] for POST '/session/830a23dcc96cc4cc42074d0bdf71d706/execute/sync'
23:00:10.062 [AsyncHttpClient-1-14] DEBUG org.asynchttpclient.netty.handler.HttpHandler - 

Request DefaultHttpRequest(decodeResult: success, version: HTTP/1.1)
POST /session/830a23dcc96cc4cc42074d0bdf71d706/execute/sync HTTP/1.1
User-Agent: selenium/4.8.1 (java windows)
Content-Length: 176
Content-Type: application/json; charset=utf-8
host: localhost:30659
accept: */*

Response DefaultHttpResponse(decodeResult: success, version: HTTP/1.1)
HTTP/1.1 200 OK
Content-Length: 21839
Content-Type: application/json; charset=utf-8
cache-control: no-cache

23:00:10.062 [AsyncHttpClient-1-14] DEBUG org.asynchttpclient.netty.channel.ChannelManager - Adding key: http://localhost:30659 for channel [id: 0x86962c29, L:/127.0.0.1:54484 - R:localhost/127.0.0.1:30659]
23:00:10.065 [Forwarding getCurrentUrl on session 830a23dcc96cc4cc42074d0bdf71d706 to remote] DEBUG org.asynchttpclient.netty.request.NettyRequestSender - Using pooled Channel '[id: 0x86962c29, L:/127.0.0.1:54484 - R:localhost/127.0.0.1:30659]' for 'GET' to 'http://localhost:30659/session/830a23dcc96cc4cc42074d0bdf71d706/url'
23:00:10.065 [Forwarding getCurrentUrl on session 830a23dcc96cc4cc42074d0bdf71d706 to remote] DEBUG org.asynchttpclient.netty.request.NettyRequestSender - Using open Channel [id: 0x86962c29, L:/127.0.0.1:54484 - R:localhost/127.0.0.1:30659] for GET '/session/830a23dcc96cc4cc42074d0bdf71d706/url'
23:00:10.073 [AsyncHttpClient-1-14] DEBUG org.asynchttpclient.netty.handler.HttpHandler - 

Request DefaultFullHttpRequest(decodeResult: success, version: HTTP/1.1, content: EmptyByteBufBE)
GET /session/830a23dcc96cc4cc42074d0bdf71d706/url HTTP/1.1
User-Agent: selenium/4.8.1 (java windows)
Cache-Control: no-cache
Content-Type: application/json; charset=utf-8
host: localhost:30659
accept: */*

Response DefaultHttpResponse(decodeResult: success, version: HTTP/1.1)
HTTP/1.1 200 OK
Content-Length: 51
Content-Type: application/json; charset=utf-8
cache-control: no-cache

23:00:10.074 [AsyncHttpClient-1-14] DEBUG org.asynchttpclient.netty.channel.ChannelManager - Adding key: http://localhost:30659 for channel [id: 0x86962c29, L:/127.0.0.1:54484 - R:localhost/127.0.0.1:30659]
23:00:10.075 [main] DEBUG net.thucydides.core.steps.StepInterceptor - STARTING STEP: LoginSteps.clickLoginButton - clickLogButton
23:00:10.080 [Forwarding findElement on session 830a23dcc96cc4cc42074d0bdf71d706 to remote] DEBUG org.asynchttpclient.netty.request.NettyRequestSender - Using pooled Channel '[id: 0x86962c29, L:/127.0.0.1:54484 - R:localhost/127.0.0.1:30659]' for 'POST' to 'http://localhost:30659/session/830a23dcc96cc4cc42074d0bdf71d706/element'
23:00:10.080 [Forwarding findElement on session 830a23dcc96cc4cc42074d0bdf71d706 to remote] DEBUG org.asynchttpclient.netty.request.NettyRequestSender - Using open Channel [id: 0x86962c29, L:/127.0.0.1:54484 - R:localhost/127.0.0.1:30659] for POST '/session/830a23dcc96cc4cc42074d0bdf71d706/element'
23:00:10.099 [AsyncHttpClient-1-14] DEBUG org.asynchttpclient.netty.handler.HttpHandler - 

Request DefaultHttpRequest(decodeResult: success, version: HTTP/1.1)
POST /session/830a23dcc96cc4cc42074d0bdf71d706/element HTTP/1.1
User-Agent: selenium/4.8.1 (java windows)
Content-Length: 142
Content-Type: application/json; charset=utf-8
host: localhost:30659
accept: */*

Response DefaultHttpResponse(decodeResult: success, version: HTTP/1.1)
HTTP/1.1 200 OK
Content-Length: 94
Content-Type: application/json; charset=utf-8
cache-control: no-cache

23:00:10.099 [AsyncHttpClient-1-14] DEBUG org.asynchttpclient.netty.channel.ChannelManager - Adding key: http://localhost:30659 for channel [id: 0x86962c29, L:/127.0.0.1:54484 - R:localhost/127.0.0.1:30659]
23:00:10.100 [Forwarding getElementTagName on session 830a23dcc96cc4cc42074d0bdf71d706 to remote] DEBUG org.asynchttpclient.netty.request.NettyRequestSender - Using pooled Channel '[id: 0x86962c29, L:/127.0.0.1:54484 - R:localhost/127.0.0.1:30659]' for 'GET' to 'http://localhost:30659/session/830a23dcc96cc4cc42074d0bdf71d706/element/AF6876B17AEACD90C8DC6559C6ED8A48_element_8/name'
23:00:10.100 [Forwarding getElementTagName on session 830a23dcc96cc4cc42074d0bdf71d706 to remote] DEBUG org.asynchttpclient.netty.request.NettyRequestSender - Using open Channel [id: 0x86962c29, L:/127.0.0.1:54484 - R:localhost/127.0.0.1:30659] for GET '/session/830a23dcc96cc4cc42074d0bdf71d706/element/AF6876B17AEACD90C8DC6559C6ED8A48_element_8/name'
23:00:10.112 [AsyncHttpClient-1-14] DEBUG org.asynchttpclient.netty.handler.HttpHandler - 

Request DefaultFullHttpRequest(decodeResult: success, version: HTTP/1.1, content: EmptyByteBufBE)
GET /session/830a23dcc96cc4cc42074d0bdf71d706/element/AF6876B17AEACD90C8DC6559C6ED8A48_element_8/name HTTP/1.1
User-Agent: selenium/4.8.1 (java windows)
Cache-Control: no-cache
Content-Type: application/json; charset=utf-8
host: localhost:30659
accept: */*

Response DefaultHttpResponse(decodeResult: success, version: HTTP/1.1)
HTTP/1.1 200 OK
Content-Length: 18
Content-Type: application/json; charset=utf-8
cache-control: no-cache

23:00:10.112 [AsyncHttpClient-1-14] DEBUG org.asynchttpclient.netty.channel.ChannelManager - Adding key: http://localhost:30659 for channel [id: 0x86962c29, L:/127.0.0.1:54484 - R:localhost/127.0.0.1:30659]
23:00:10.113 [Forwarding getElementTagName on session 830a23dcc96cc4cc42074d0bdf71d706 to remote] DEBUG org.asynchttpclient.netty.request.NettyRequestSender - Using pooled Channel '[id: 0x86962c29, L:/127.0.0.1:54484 - R:localhost/127.0.0.1:30659]' for 'GET' to 'http://localhost:30659/session/830a23dcc96cc4cc42074d0bdf71d706/element/AF6876B17AEACD90C8DC6559C6ED8A48_element_8/name'
23:00:10.113 [Forwarding getElementTagName on session 830a23dcc96cc4cc42074d0bdf71d706 to remote] DEBUG org.asynchttpclient.netty.request.NettyRequestSender - Using open Channel [id: 0x86962c29, L:/127.0.0.1:54484 - R:localhost/127.0.0.1:30659] for GET '/session/830a23dcc96cc4cc42074d0bdf71d706/element/AF6876B17AEACD90C8DC6559C6ED8A48_element_8/name'
23:00:10.121 [AsyncHttpClient-1-14] DEBUG org.asynchttpclient.netty.handler.HttpHandler - 

Request DefaultFullHttpRequest(decodeResult: success, version: HTTP/1.1, content: EmptyByteBufBE)
GET /session/830a23dcc96cc4cc42074d0bdf71d706/element/AF6876B17AEACD90C8DC6559C6ED8A48_element_8/name HTTP/1.1
User-Agent: selenium/4.8.1 (java windows)
Cache-Control: no-cache
Content-Type: application/json; charset=utf-8
host: localhost:30659
accept: */*

Response DefaultHttpResponse(decodeResult: success, version: HTTP/1.1)
HTTP/1.1 200 OK
Content-Length: 18
Content-Type: application/json; charset=utf-8
cache-control: no-cache

23:00:10.121 [AsyncHttpClient-1-14] DEBUG org.asynchttpclient.netty.channel.ChannelManager - Adding key: http://localhost:30659 for channel [id: 0x86962c29, L:/127.0.0.1:54484 - R:localhost/127.0.0.1:30659]
23:00:10.124 [Forwarding isElementEnabled on session 830a23dcc96cc4cc42074d0bdf71d706 to remote] DEBUG org.asynchttpclient.netty.request.NettyRequestSender - Using pooled Channel '[id: 0x86962c29, L:/127.0.0.1:54484 - R:localhost/127.0.0.1:30659]' for 'GET' to 'http://localhost:30659/session/830a23dcc96cc4cc42074d0bdf71d706/element/AF6876B17AEACD90C8DC6559C6ED8A48_element_8/enabled'
23:00:10.124 [Forwarding isElementEnabled on session 830a23dcc96cc4cc42074d0bdf71d706 to remote] DEBUG org.asynchttpclient.netty.request.NettyRequestSender - Using open Channel [id: 0x86962c29, L:/127.0.0.1:54484 - R:localhost/127.0.0.1:30659] for GET '/session/830a23dcc96cc4cc42074d0bdf71d706/element/AF6876B17AEACD90C8DC6559C6ED8A48_element_8/enabled'
23:00:10.137 [AsyncHttpClient-1-14] DEBUG org.asynchttpclient.netty.handler.HttpHandler - 

Request DefaultFullHttpRequest(decodeResult: success, version: HTTP/1.1, content: EmptyByteBufBE)
GET /session/830a23dcc96cc4cc42074d0bdf71d706/element/AF6876B17AEACD90C8DC6559C6ED8A48_element_8/enabled HTTP/1.1
User-Agent: selenium/4.8.1 (java windows)
Cache-Control: no-cache
Content-Type: application/json; charset=utf-8
host: localhost:30659
accept: */*

Response DefaultHttpResponse(decodeResult: success, version: HTTP/1.1)
HTTP/1.1 200 OK
Content-Length: 14
Content-Type: application/json; charset=utf-8
cache-control: no-cache

23:00:10.137 [AsyncHttpClient-1-14] DEBUG org.asynchttpclient.netty.channel.ChannelManager - Adding key: http://localhost:30659 for channel [id: 0x86962c29, L:/127.0.0.1:54484 - R:localhost/127.0.0.1:30659]
23:00:10.138 [Forwarding isElementEnabled on session 830a23dcc96cc4cc42074d0bdf71d706 to remote] DEBUG org.asynchttpclient.netty.request.NettyRequestSender - Using pooled Channel '[id: 0x86962c29, L:/127.0.0.1:54484 - R:localhost/127.0.0.1:30659]' for 'GET' to 'http://localhost:30659/session/830a23dcc96cc4cc42074d0bdf71d706/element/AF6876B17AEACD90C8DC6559C6ED8A48_element_8/enabled'
23:00:10.138 [Forwarding isElementEnabled on session 830a23dcc96cc4cc42074d0bdf71d706 to remote] DEBUG org.asynchttpclient.netty.request.NettyRequestSender - Using open Channel [id: 0x86962c29, L:/127.0.0.1:54484 - R:localhost/127.0.0.1:30659] for GET '/session/830a23dcc96cc4cc42074d0bdf71d706/element/AF6876B17AEACD90C8DC6559C6ED8A48_element_8/enabled'
23:00:10.152 [AsyncHttpClient-1-14] DEBUG org.asynchttpclient.netty.handler.HttpHandler - 

Request DefaultFullHttpRequest(decodeResult: success, version: HTTP/1.1, content: EmptyByteBufBE)
GET /session/830a23dcc96cc4cc42074d0bdf71d706/element/AF6876B17AEACD90C8DC6559C6ED8A48_element_8/enabled HTTP/1.1
User-Agent: selenium/4.8.1 (java windows)
Cache-Control: no-cache
Content-Type: application/json; charset=utf-8
host: localhost:30659
accept: */*

Response DefaultHttpResponse(decodeResult: success, version: HTTP/1.1)
HTTP/1.1 200 OK
Content-Length: 14
Content-Type: application/json; charset=utf-8
cache-control: no-cache

23:00:10.152 [AsyncHttpClient-1-14] DEBUG org.asynchttpclient.netty.channel.ChannelManager - Adding key: http://localhost:30659 for channel [id: 0x86962c29, L:/127.0.0.1:54484 - R:localhost/127.0.0.1:30659]
23:00:10.153 [Forwarding findElement on session 830a23dcc96cc4cc42074d0bdf71d706 to remote] DEBUG org.asynchttpclient.netty.request.NettyRequestSender - Using pooled Channel '[id: 0x86962c29, L:/127.0.0.1:54484 - R:localhost/127.0.0.1:30659]' for 'POST' to 'http://localhost:30659/session/830a23dcc96cc4cc42074d0bdf71d706/element'
23:00:10.153 [Forwarding findElement on session 830a23dcc96cc4cc42074d0bdf71d706 to remote] DEBUG org.asynchttpclient.netty.request.NettyRequestSender - Using open Channel [id: 0x86962c29, L:/127.0.0.1:54484 - R:localhost/127.0.0.1:30659] for POST '/session/830a23dcc96cc4cc42074d0bdf71d706/element'
23:00:10.167 [AsyncHttpClient-1-14] DEBUG org.asynchttpclient.netty.handler.HttpHandler - 

Request DefaultHttpRequest(decodeResult: success, version: HTTP/1.1)
POST /session/830a23dcc96cc4cc42074d0bdf71d706/element HTTP/1.1
User-Agent: selenium/4.8.1 (java windows)
Content-Length: 142
Content-Type: application/json; charset=utf-8
host: localhost:30659
accept: */*

Response DefaultHttpResponse(decodeResult: success, version: HTTP/1.1)
HTTP/1.1 200 OK
Content-Length: 94
Content-Type: application/json; charset=utf-8
cache-control: no-cache

23:00:10.167 [AsyncHttpClient-1-14] DEBUG org.asynchttpclient.netty.channel.ChannelManager - Adding key: http://localhost:30659 for channel [id: 0x86962c29, L:/127.0.0.1:54484 - R:localhost/127.0.0.1:30659]
23:00:10.168 [Forwarding clickElement on session 830a23dcc96cc4cc42074d0bdf71d706 to remote] DEBUG org.asynchttpclient.netty.request.NettyRequestSender - Using pooled Channel '[id: 0x86962c29, L:/127.0.0.1:54484 - R:localhost/127.0.0.1:30659]' for 'POST' to 'http://localhost:30659/session/830a23dcc96cc4cc42074d0bdf71d706/element/AF6876B17AEACD90C8DC6559C6ED8A48_element_8/click'
23:00:10.168 [Forwarding clickElement on session 830a23dcc96cc4cc42074d0bdf71d706 to remote] DEBUG org.asynchttpclient.netty.request.NettyRequestSender - Using open Channel [id: 0x86962c29, L:/127.0.0.1:54484 - R:localhost/127.0.0.1:30659] for POST '/session/830a23dcc96cc4cc42074d0bdf71d706/element/AF6876B17AEACD90C8DC6559C6ED8A48_element_8/click'
23:00:10.252 [AsyncHttpClient-1-14] DEBUG org.asynchttpclient.netty.handler.HttpHandler - 

Request DefaultHttpRequest(decodeResult: success, version: HTTP/1.1)
POST /session/830a23dcc96cc4cc42074d0bdf71d706/element/AF6876B17AEACD90C8DC6559C6ED8A48_element_8/click HTTP/1.1
User-Agent: selenium/4.8.1 (java windows)
Content-Length: 56
Content-Type: application/json; charset=utf-8
host: localhost:30659
accept: */*

Response DefaultHttpResponse(decodeResult: success, version: HTTP/1.1)
HTTP/1.1 200 OK
Content-Length: 14
Content-Type: application/json; charset=utf-8
cache-control: no-cache

23:00:10.252 [AsyncHttpClient-1-14] DEBUG org.asynchttpclient.netty.channel.ChannelManager - Adding key: http://localhost:30659 for channel [id: 0x86962c29, L:/127.0.0.1:54484 - R:localhost/127.0.0.1:30659]
23:00:10.263 [Forwarding getAlertText on session 830a23dcc96cc4cc42074d0bdf71d706 to remote] DEBUG org.asynchttpclient.netty.request.NettyRequestSender - Using pooled Channel '[id: 0x86962c29, L:/127.0.0.1:54484 - R:localhost/127.0.0.1:30659]' for 'GET' to 'http://localhost:30659/session/830a23dcc96cc4cc42074d0bdf71d706/alert/text'
23:00:10.263 [Forwarding getAlertText on session 830a23dcc96cc4cc42074d0bdf71d706 to remote] DEBUG org.asynchttpclient.netty.request.NettyRequestSender - Using open Channel [id: 0x86962c29, L:/127.0.0.1:54484 - R:localhost/127.0.0.1:30659] for GET '/session/830a23dcc96cc4cc42074d0bdf71d706/alert/text'
23:00:10.266 [AsyncHttpClient-1-14] DEBUG org.asynchttpclient.netty.handler.HttpHandler - 

Request DefaultFullHttpRequest(decodeResult: success, version: HTTP/1.1, content: EmptyByteBufBE)
GET /session/830a23dcc96cc4cc42074d0bdf71d706/alert/text HTTP/1.1
User-Agent: selenium/4.8.1 (java windows)
Cache-Control: no-cache
Content-Type: application/json; charset=utf-8
host: localhost:30659
accept: */*

Response DefaultHttpResponse(decodeResult: success, version: HTTP/1.1)
HTTP/1.1 404 Not Found
Content-Length: 820
Content-Type: application/json; charset=utf-8
cache-control: no-cache

23:00:10.266 [AsyncHttpClient-1-14] DEBUG org.asynchttpclient.netty.channel.ChannelManager - Adding key: http://localhost:30659 for channel [id: 0x86962c29, L:/127.0.0.1:54484 - R:localhost/127.0.0.1:30659]
23:00:10.267 [Forwarding getCurrentUrl on session 830a23dcc96cc4cc42074d0bdf71d706 to remote] DEBUG org.asynchttpclient.netty.request.NettyRequestSender - Using pooled Channel '[id: 0x86962c29, L:/127.0.0.1:54484 - R:localhost/127.0.0.1:30659]' for 'GET' to 'http://localhost:30659/session/830a23dcc96cc4cc42074d0bdf71d706/url'
23:00:10.267 [Forwarding getCurrentUrl on session 830a23dcc96cc4cc42074d0bdf71d706 to remote] DEBUG org.asynchttpclient.netty.request.NettyRequestSender - Using open Channel [id: 0x86962c29, L:/127.0.0.1:54484 - R:localhost/127.0.0.1:30659] for GET '/session/830a23dcc96cc4cc42074d0bdf71d706/url'
23:00:10.279 [AsyncHttpClient-1-14] DEBUG org.asynchttpclient.netty.handler.HttpHandler - 

Request DefaultFullHttpRequest(decodeResult: success, version: HTTP/1.1, content: EmptyByteBufBE)
GET /session/830a23dcc96cc4cc42074d0bdf71d706/url HTTP/1.1
User-Agent: selenium/4.8.1 (java windows)
Cache-Control: no-cache
Content-Type: application/json; charset=utf-8
host: localhost:30659
accept: */*

Response DefaultHttpResponse(decodeResult: success, version: HTTP/1.1)
HTTP/1.1 200 OK
Content-Length: 51
Content-Type: application/json; charset=utf-8
cache-control: no-cache

23:00:10.279 [AsyncHttpClient-1-14] DEBUG org.asynchttpclient.netty.channel.ChannelManager - Adding key: http://localhost:30659 for channel [id: 0x86962c29, L:/127.0.0.1:54484 - R:localhost/127.0.0.1:30659]
23:00:10.280 [Forwarding screenshot on session 830a23dcc96cc4cc42074d0bdf71d706 to remote] DEBUG org.asynchttpclient.netty.request.NettyRequestSender - Using pooled Channel '[id: 0x86962c29, L:/127.0.0.1:54484 - R:localhost/127.0.0.1:30659]' for 'GET' to 'http://localhost:30659/session/830a23dcc96cc4cc42074d0bdf71d706/screenshot'
23:00:10.280 [Forwarding screenshot on session 830a23dcc96cc4cc42074d0bdf71d706 to remote] DEBUG org.asynchttpclient.netty.request.NettyRequestSender - Using open Channel [id: 0x86962c29, L:/127.0.0.1:54484 - R:localhost/127.0.0.1:30659] for GET '/session/830a23dcc96cc4cc42074d0bdf71d706/screenshot'
23:00:10.297 [AsyncHttpClient-1-1] DEBUG org.asynchttpclient.netty.channel.DefaultChannelPool - Entry count for : http://localhost:54485 : 1
23:00:10.515 [AsyncHttpClient-1-14] DEBUG org.asynchttpclient.netty.handler.HttpHandler - 

Request DefaultFullHttpRequest(decodeResult: success, version: HTTP/1.1, content: EmptyByteBufBE)
GET /session/830a23dcc96cc4cc42074d0bdf71d706/screenshot HTTP/1.1
User-Agent: selenium/4.8.1 (java windows)
Cache-Control: no-cache
Content-Type: application/json; charset=utf-8
host: localhost:30659
accept: */*

Response DefaultHttpResponse(decodeResult: success, version: HTTP/1.1)
HTTP/1.1 200 OK
Content-Length: 40484
Content-Type: application/json; charset=utf-8
cache-control: no-cache

23:00:10.515 [AsyncHttpClient-1-14] DEBUG org.asynchttpclient.netty.channel.ChannelManager - Adding key: http://localhost:30659 for channel [id: 0x86962c29, L:/127.0.0.1:54484 - R:localhost/127.0.0.1:30659]
23:00:10.517 [main] DEBUG net.serenitybdd.core.photography.Darkroom - Send negative for processing for target\site\serenity\8f354e3cef204b3d2d3b1b3d09b98d38d3f486dd0a12d10d52870b7fb34fcb38.png
23:00:10.517 [main] DEBUG net.thucydides.core.steps.StepInterceptor - STEP DONE: clickLogButton
23:00:10.517 [Darkroom Processing Line] DEBUG net.serenitybdd.core.photography.DarkroomProcessingLine - Processing screenshot image in /var/screenshots/screenshot-2592565976422730476
23:00:10.517 [Darkroom Processing Line] DEBUG net.serenitybdd.core.photography.DarkroomProcessingLine - Saving screenshot to target\site\serenity\8f354e3cef204b3d2d3b1b3d09b98d38d3f486dd0a12d10d52870b7fb34fcb38.png
  &amp#27;[32mAnd &amp#27;[0m&amp#27;[32mI click login button&amp#27;[0m                     &amp#27;[90m# starter.stepdefinitions.LoginSteps.clickLoginButton()&amp#27;[0m
23:00:10.527 [Forwarding getPageSource on session 830a23dcc96cc4cc42074d0bdf71d706 to remote] DEBUG org.asynchttpclient.netty.request.NettyRequestSender - Using pooled Channel '[id: 0x86962c29, L:/127.0.0.1:54484 - R:localhost/127.0.0.1:30659]' for 'POST' to 'http://localhost:30659/session/830a23dcc96cc4cc42074d0bdf71d706/execute/sync'
23:00:10.527 [Forwarding getPageSource on session 830a23dcc96cc4cc42074d0bdf71d706 to remote] DEBUG org.asynchttpclient.netty.request.NettyRequestSender - Using open Channel [id: 0x86962c29, L:/127.0.0.1:54484 - R:localhost/127.0.0.1:30659] for POST '/session/830a23dcc96cc4cc42074d0bdf71d706/execute/sync'
23:00:10.535 [AsyncHttpClient-1-14] DEBUG org.asynchttpclient.netty.handler.HttpHandler - 

Request DefaultHttpRequest(decodeResult: success, version: HTTP/1.1)
POST /session/830a23dcc96cc4cc42074d0bdf71d706/execute/sync HTTP/1.1
User-Agent: selenium/4.8.1 (java windows)
Content-Length: 176
Content-Type: application/json; charset=utf-8
host: localhost:30659
accept: */*

Response DefaultHttpResponse(decodeResult: success, version: HTTP/1.1)
HTTP/1.1 200 OK
Content-Length: 22580
Content-Type: application/json; charset=utf-8
cache-control: no-cache

23:00:10.535 [AsyncHttpClient-1-14] DEBUG org.asynchttpclient.netty.channel.ChannelManager - Adding key: http://localhost:30659 for channel [id: 0x86962c29, L:/127.0.0.1:54484 - R:localhost/127.0.0.1:30659]
23:00:10.538 [Forwarding getCurrentUrl on session 830a23dcc96cc4cc42074d0bdf71d706 to remote] DEBUG org.asynchttpclient.netty.request.NettyRequestSender - Using pooled Channel '[id: 0x86962c29, L:/127.0.0.1:54484 - R:localhost/127.0.0.1:30659]' for 'GET' to 'http://localhost:30659/session/830a23dcc96cc4cc42074d0bdf71d706/url'
23:00:10.538 [Forwarding getCurrentUrl on session 830a23dcc96cc4cc42074d0bdf71d706 to remote] DEBUG org.asynchttpclient.netty.request.NettyRequestSender - Using open Channel [id: 0x86962c29, L:/127.0.0.1:54484 - R:localhost/127.0.0.1:30659] for GET '/session/830a23dcc96cc4cc42074d0bdf71d706/url'
23:00:10.544 [AsyncHttpClient-1-14] DEBUG org.asynchttpclient.netty.handler.HttpHandler - 

Request DefaultFullHttpRequest(decodeResult: success, version: HTTP/1.1, content: EmptyByteBufBE)
GET /session/830a23dcc96cc4cc42074d0bdf71d706/url HTTP/1.1
User-Agent: selenium/4.8.1 (java windows)
Cache-Control: no-cache
Content-Type: application/json; charset=utf-8
host: localhost:30659
accept: */*

Response DefaultHttpResponse(decodeResult: success, version: HTTP/1.1)
HTTP/1.1 200 OK
Content-Length: 51
Content-Type: application/json; charset=utf-8
cache-control: no-cache

23:00:10.544 [AsyncHttpClient-1-14] DEBUG org.asynchttpclient.netty.channel.ChannelManager - Adding key: http://localhost:30659 for channel [id: 0x86962c29, L:/127.0.0.1:54484 - R:localhost/127.0.0.1:30659]
23:00:10.550 [Forwarding getPageSource on session 830a23dcc96cc4cc42074d0bdf71d706 to remote] DEBUG org.asynchttpclient.netty.request.NettyRequestSender - Using pooled Channel '[id: 0x86962c29, L:/127.0.0.1:54484 - R:localhost/127.0.0.1:30659]' for 'POST' to 'http://localhost:30659/session/830a23dcc96cc4cc42074d0bdf71d706/execute/sync'
23:00:10.550 [Forwarding getPageSource on session 830a23dcc96cc4cc42074d0bdf71d706 to remote] DEBUG org.asynchttpclient.netty.request.NettyRequestSender - Using open Channel [id: 0x86962c29, L:/127.0.0.1:54484 - R:localhost/127.0.0.1:30659] for POST '/session/830a23dcc96cc4cc42074d0bdf71d706/execute/sync'
23:00:10.561 [AsyncHttpClient-1-14] DEBUG org.asynchttpclient.netty.handler.HttpHandler - 

Request DefaultHttpRequest(decodeResult: success, version: HTTP/1.1)
POST /session/830a23dcc96cc4cc42074d0bdf71d706/execute/sync HTTP/1.1
User-Agent: selenium/4.8.1 (java windows)
Content-Length: 176
Content-Type: application/json; charset=utf-8
host: localhost:30659
accept: */*

Response DefaultHttpResponse(decodeResult: success, version: HTTP/1.1)
HTTP/1.1 200 OK
Content-Length: 22580
Content-Type: application/json; charset=utf-8
cache-control: no-cache

23:00:10.561 [AsyncHttpClient-1-14] DEBUG org.asynchttpclient.netty.channel.ChannelManager - Adding key: http://localhost:30659 for channel [id: 0x86962c29, L:/127.0.0.1:54484 - R:localhost/127.0.0.1:30659]
23:00:10.564 [Forwarding getCurrentUrl on session 830a23dcc96cc4cc42074d0bdf71d706 to remote] DEBUG org.asynchttpclient.netty.request.NettyRequestSender - Using pooled Channel '[id: 0x86962c29, L:/127.0.0.1:54484 - R:localhost/127.0.0.1:30659]' for 'GET' to 'http://localhost:30659/session/830a23dcc96cc4cc42074d0bdf71d706/url'
23:00:10.564 [Forwarding getCurrentUrl on session 830a23dcc96cc4cc42074d0bdf71d706 to remote] DEBUG org.asynchttpclient.netty.request.NettyRequestSender - Using open Channel [id: 0x86962c29, L:/127.0.0.1:54484 - R:localhost/127.0.0.1:30659] for GET '/session/830a23dcc96cc4cc42074d0bdf71d706/url'
23:00:10.570 [AsyncHttpClient-1-14] DEBUG org.asynchttpclient.netty.handler.HttpHandler - 

Request DefaultFullHttpRequest(decodeResult: success, version: HTTP/1.1, content: EmptyByteBufBE)
GET /session/830a23dcc96cc4cc42074d0bdf71d706/url HTTP/1.1
User-Agent: selenium/4.8.1 (java windows)
Cache-Control: no-cache
Content-Type: application/json; charset=utf-8
host: localhost:30659
accept: */*

Response DefaultHttpResponse(decodeResult: success, version: HTTP/1.1)
HTTP/1.1 200 OK
Content-Length: 51
Content-Type: application/json; charset=utf-8
cache-control: no-cache

23:00:10.570 [AsyncHttpClient-1-14] DEBUG org.asynchttpclient.netty.channel.ChannelManager - Adding key: http://localhost:30659 for channel [id: 0x86962c29, L:/127.0.0.1:54484 - R:localhost/127.0.0.1:30659]
23:00:10.572 [main] DEBUG net.thucydides.core.steps.StepInterceptor - STARTING STEP: LoginSteps.seeErrorMessage - validateMessageError
23:00:10.574 [Forwarding findElement on session 830a23dcc96cc4cc42074d0bdf71d706 to remote] DEBUG org.asynchttpclient.netty.request.NettyRequestSender - Using pooled Channel '[id: 0x86962c29, L:/127.0.0.1:54484 - R:localhost/127.0.0.1:30659]' for 'POST' to 'http://localhost:30659/session/830a23dcc96cc4cc42074d0bdf71d706/element'
23:00:10.574 [Forwarding findElement on session 830a23dcc96cc4cc42074d0bdf71d706 to remote] DEBUG org.asynchttpclient.netty.request.NettyRequestSender - Using open Channel [id: 0x86962c29, L:/127.0.0.1:54484 - R:localhost/127.0.0.1:30659] for POST '/session/830a23dcc96cc4cc42074d0bdf71d706/element'
23:00:10.590 [AsyncHttpClient-1-14] DEBUG org.asynchttpclient.netty.handler.HttpHandler - 

Request DefaultHttpRequest(decodeResult: success, version: HTTP/1.1)
POST /session/830a23dcc96cc4cc42074d0bdf71d706/element HTTP/1.1
User-Agent: selenium/4.8.1 (java windows)
Content-Length: 80
Content-Type: application/json; charset=utf-8
host: localhost:30659
accept: */*

Response DefaultHttpResponse(decodeResult: success, version: HTTP/1.1)
HTTP/1.1 200 OK
Content-Length: 95
Content-Type: application/json; charset=utf-8
cache-control: no-cache

23:00:10.590 [AsyncHttpClient-1-14] DEBUG org.asynchttpclient.netty.channel.ChannelManager - Adding key: http://localhost:30659 for channel [id: 0x86962c29, L:/127.0.0.1:54484 - R:localhost/127.0.0.1:30659]
23:00:10.593 [Forwarding isElementDisplayed on session 830a23dcc96cc4cc42074d0bdf71d706 to remote] DEBUG org.asynchttpclient.netty.request.NettyRequestSender - Using pooled Channel '[id: 0x86962c29, L:/127.0.0.1:54484 - R:localhost/127.0.0.1:30659]' for 'POST' to 'http://localhost:30659/session/830a23dcc96cc4cc42074d0bdf71d706/execute/sync'
23:00:10.593 [Forwarding isElementDisplayed on session 830a23dcc96cc4cc42074d0bdf71d706 to remote] DEBUG org.asynchttpclient.netty.request.NettyRequestSender - Using open Channel [id: 0x86962c29, L:/127.0.0.1:54484 - R:localhost/127.0.0.1:30659] for POST '/session/830a23dcc96cc4cc42074d0bdf71d706/execute/sync'
23:00:10.615 [AsyncHttpClient-1-14] DEBUG org.asynchttpclient.netty.handler.HttpHandler - 

Request DefaultHttpRequest(decodeResult: success, version: HTTP/1.1)
POST /session/830a23dcc96cc4cc42074d0bdf71d706/execute/sync HTTP/1.1
User-Agent: selenium/4.8.1 (java windows)
Content-Length: 48814
Content-Type: application/json; charset=utf-8
host: localhost:30659
accept: */*

Response DefaultHttpResponse(decodeResult: success, version: HTTP/1.1)
HTTP/1.1 200 OK
Content-Length: 14
Content-Type: application/json; charset=utf-8
cache-control: no-cache

23:00:10.615 [AsyncHttpClient-1-14] DEBUG org.asynchttpclient.netty.channel.ChannelManager - Adding key: http://localhost:30659 for channel [id: 0x86962c29, L:/127.0.0.1:54484 - R:localhost/127.0.0.1:30659]
23:00:10.621 [Forwarding getAlertText on session 830a23dcc96cc4cc42074d0bdf71d706 to remote] DEBUG org.asynchttpclient.netty.request.NettyRequestSender - Using pooled Channel '[id: 0x86962c29, L:/127.0.0.1:54484 - R:localhost/127.0.0.1:30659]' for 'GET' to 'http://localhost:30659/session/830a23dcc96cc4cc42074d0bdf71d706/alert/text'
23:00:10.621 [Forwarding getAlertText on session 830a23dcc96cc4cc42074d0bdf71d706 to remote] DEBUG org.asynchttpclient.netty.request.NettyRequestSender - Using open Channel [id: 0x86962c29, L:/127.0.0.1:54484 - R:localhost/127.0.0.1:30659] for GET '/session/830a23dcc96cc4cc42074d0bdf71d706/alert/text'
23:00:10.623 [AsyncHttpClient-1-14] DEBUG org.asynchttpclient.netty.handler.HttpHandler - 

Request DefaultFullHttpRequest(decodeResult: success, version: HTTP/1.1, content: EmptyByteBufBE)
GET /session/830a23dcc96cc4cc42074d0bdf71d706/alert/text HTTP/1.1
User-Agent: selenium/4.8.1 (java windows)
Cache-Control: no-cache
Content-Type: application/json; charset=utf-8
host: localhost:30659
accept: */*

Response DefaultHttpResponse(decodeResult: success, version: HTTP/1.1)
HTTP/1.1 404 Not Found
Content-Length: 820
Content-Type: application/json; charset=utf-8
cache-control: no-cache

23:00:10.623 [AsyncHttpClient-1-14] DEBUG org.asynchttpclient.netty.channel.ChannelManager - Adding key: http://localhost:30659 for channel [id: 0x86962c29, L:/127.0.0.1:54484 - R:localhost/127.0.0.1:30659]
23:00:10.624 [Forwarding getCurrentUrl on session 830a23dcc96cc4cc42074d0bdf71d706 to remote] DEBUG org.asynchttpclient.netty.request.NettyRequestSender - Using pooled Channel '[id: 0x86962c29, L:/127.0.0.1:54484 - R:localhost/127.0.0.1:30659]' for 'GET' to 'http://localhost:30659/session/830a23dcc96cc4cc42074d0bdf71d706/url'
23:00:10.624 [Forwarding getCurrentUrl on session 830a23dcc96cc4cc42074d0bdf71d706 to remote] DEBUG org.asynchttpclient.netty.request.NettyRequestSender - Using open Channel [id: 0x86962c29, L:/127.0.0.1:54484 - R:localhost/127.0.0.1:30659] for GET '/session/830a23dcc96cc4cc42074d0bdf71d706/url'
23:00:10.631 [AsyncHttpClient-1-14] DEBUG org.asynchttpclient.netty.handler.HttpHandler - 

Request DefaultFullHttpRequest(decodeResult: success, version: HTTP/1.1, content: EmptyByteBufBE)
GET /session/830a23dcc96cc4cc42074d0bdf71d706/url HTTP/1.1
User-Agent: selenium/4.8.1 (java windows)
Cache-Control: no-cache
Content-Type: application/json; charset=utf-8
host: localhost:30659
accept: */*

Response DefaultHttpResponse(decodeResult: success, version: HTTP/1.1)
HTTP/1.1 200 OK
Content-Length: 51
Content-Type: application/json; charset=utf-8
cache-control: no-cache

23:00:10.631 [AsyncHttpClient-1-14] DEBUG org.asynchttpclient.netty.channel.ChannelManager - Adding key: http://localhost:30659 for channel [id: 0x86962c29, L:/127.0.0.1:54484 - R:localhost/127.0.0.1:30659]
23:00:10.632 [Forwarding screenshot on session 830a23dcc96cc4cc42074d0bdf71d706 to remote] DEBUG org.asynchttpclient.netty.request.NettyRequestSender - Using pooled Channel '[id: 0x86962c29, L:/127.0.0.1:54484 - R:localhost/127.0.0.1:30659]' for 'GET' to 'http://localhost:30659/session/830a23dcc96cc4cc42074d0bdf71d706/screenshot'
23:00:10.632 [Forwarding screenshot on session 830a23dcc96cc4cc42074d0bdf71d706 to remote] DEBUG org.asynchttpclient.netty.request.NettyRequestSender - Using open Channel [id: 0x86962c29, L:/127.0.0.1:54484 - R:localhost/127.0.0.1:30659] for GET '/session/830a23dcc96cc4cc42074d0bdf71d706/screenshot'
23:00:10.869 [AsyncHttpClient-1-14] DEBUG org.asynchttpclient.netty.handler.HttpHandler - 

Request DefaultFullHttpRequest(decodeResult: success, version: HTTP/1.1, content: EmptyByteBufBE)
GET /session/830a23dcc96cc4cc42074d0bdf71d706/screenshot HTTP/1.1
User-Agent: selenium/4.8.1 (java windows)
Cache-Control: no-cache
Content-Type: application/json; charset=utf-8
host: localhost:30659
accept: */*

Response DefaultHttpResponse(decodeResult: success, version: HTTP/1.1)
HTTP/1.1 200 OK
Content-Length: 49064
Content-Type: application/json; charset=utf-8
cache-control: no-cache

23:00:10.870 [AsyncHttpClient-1-14] DEBUG org.asynchttpclient.netty.channel.ChannelManager - Adding key: http://localhost:30659 for channel [id: 0x86962c29, L:/127.0.0.1:54484 - R:localhost/127.0.0.1:30659]
23:00:10.873 [main] DEBUG net.serenitybdd.core.photography.Darkroom - Send negative for processing for target\site\serenity\485848218f4d39aa18dc11f913e5fee34422813ce5bbaa9a7a49f6066b42baa0.png
23:00:10.874 [main] DEBUG net.thucydides.core.steps.StepInterceptor - STEP DONE: validateMessageError
23:00:10.874 [Darkroom Processing Line] DEBUG net.serenitybdd.core.photography.DarkroomProcessingLine - Processing screenshot image in /var/screenshots/screenshot-5171566238292192682
23:00:10.874 [Darkroom Processing Line] DEBUG net.serenitybdd.core.photography.DarkroomProcessingLine - Saving screenshot to target\site\serenity\485848218f4d39aa18dc11f913e5fee34422813ce5bbaa9a7a49f6066b42baa0.png
  &amp#27;[32mThen &amp#27;[0m&amp#27;[32mI see error message&amp#27;[0m                     &amp#27;[90m# starter.stepdefinitions.LoginSteps.seeErrorMessage()&amp#27;[0m
23:00:10.879 [main] INFO  - 
  _____   ___   ___   _____     ___     _     ___   ___   ___   ___  
 |_   _| | __| / __| |_   _|   | _ \   /_\   / __| / __| | __| |   \ 
   | |   | _|  \__ \   | |     |  _/  / _ \  \__ \ \__ \ | _|  | |) |
   |_|   |___| |___/   |_|     |_|   /_/ \_\ |___/ |___/ |___| |___/ 

Failed login with uppercase password
----------------------------------------------------------------------
23:00:10.880 [Driver Command Executor] DEBUG org.asynchttpclient.netty.request.NettyRequestSender - Using pooled Channel '[id: 0x86962c29, L:/127.0.0.1:54484 - R:localhost/127.0.0.1:30659]' for 'DELETE' to 'http://localhost:30659/session/830a23dcc96cc4cc42074d0bdf71d706'
23:00:10.880 [AsyncHttpClient-1-16] DEBUG org.asynchttpclient.netty.handler.WebSocketHandler - Channel Closed: [id: 0x7f575963, L:/127.0.0.1:54493 ! R:localhost/127.0.0.1:54485] with attribute NettyResponseFuture{currentRetry=0,
	isDone=1,
	isCancelled=0,
	asyncHandler=org.asynchttpclient.ws.WebSocketUpgradeHandler@1cb35aa3,
	nettyRequest=org.asynchttpclient.netty.request.NettyRequest@4e49d42b,
	future=java.util.concurrent.CompletableFuture@52a98303[Completed normally],
	uri=ws://localhost:54485/devtools/browser/fa8cb2ad-eca2-41fb-ba16-56a491ef3b1b,
	keepAlive=true,
	redirectCount=0,
	timeoutsHolder=null,
	inAuth=0,
	touch=1683561606779}
23:00:10.880 [Driver Command Executor] DEBUG org.asynchttpclient.netty.request.NettyRequestSender - Using open Channel [id: 0x86962c29, L:/127.0.0.1:54484 - R:localhost/127.0.0.1:30659] for DELETE '/session/830a23dcc96cc4cc42074d0bdf71d706'
23:00:10.880 [AsyncHttpClient-1-16] DEBUG org.asynchttpclient.netty.channel.ChannelManager - Closing Channel [id: 0x7f575963, L:/127.0.0.1:54493 ! R:localhost/127.0.0.1:54485] 
23:00:11.052 [AsyncHttpClient-1-15] DEBUG org.asynchttpclient.netty.handler.HttpHandler - Unexpected I/O exception on channel [id: 0x6871021d, L:/127.0.0.1:54492 - R:localhost/127.0.0.1:54485]
java.io.IOException: An existing connection was forcibly closed by the remote host
	at sun.nio.ch.SocketDispatcher.read0(Native Method)
	at sun.nio.ch.SocketDispatcher.read(SocketDispatcher.java:43)
	at sun.nio.ch.IOUtil.readIntoNativeBuffer(IOUtil.java:223)
	at sun.nio.ch.IOUtil.read(IOUtil.java:192)
	at sun.nio.ch.SocketChannelImpl.read(SocketChannelImpl.java:378)
	at io.netty.buffer.PooledByteBuf.setBytes(PooledByteBuf.java:259)
	at io.netty.buffer.AbstractByteBuf.writeBytes(AbstractByteBuf.java:1132)
	at io.netty.channel.socket.nio.NioSocketChannel.doReadBytes(NioSocketChannel.java:357)
	at io.netty.channel.nio.AbstractNioByteChannel$NioByteUnsafe.read(AbstractNioByteChannel.java:151)
	at io.netty.channel.nio.NioEventLoop.processSelectedKey(NioEventLoop.java:788)
	at io.netty.channel.nio.NioEventLoop.processSelectedKeysOptimized(NioEventLoop.java:724)
	at io.netty.channel.nio.NioEventLoop.processSelectedKeys(NioEventLoop.java:650)
	at io.netty.channel.nio.NioEventLoop.run(NioEventLoop.java:562)
	at io.netty.util.concurrent.SingleThreadEventExecutor$4.run(SingleThreadEventExecutor.java:997)
	at io.netty.util.internal.ThreadExecutorMap$2.run(ThreadExecutorMap.java:74)
	at io.netty.util.concurrent.FastThreadLocalRunnable.run(FastThreadLocalRunnable.java:30)
	at java.lang.Thread.run(Thread.java:750)
23:00:11.052 [AsyncHttpClient-1-15] DEBUG org.asynchttpclient.netty.channel.ChannelManager - Closing Channel [id: 0x6871021d, L:/127.0.0.1:54492 - R:localhost/127.0.0.1:54485] 
23:00:11.052 [AsyncHttpClient-1-15] DEBUG org.asynchttpclient.netty.handler.HttpHandler - Channel Closed: [id: 0x6871021d, L:/127.0.0.1:54492 ! R:localhost/127.0.0.1:54485] with attribute DISCARD
23:00:11.073 [AsyncHttpClient-1-14] DEBUG org.asynchttpclient.netty.handler.HttpHandler - 

Request DefaultFullHttpRequest(decodeResult: success, version: HTTP/1.1, content: EmptyByteBufBE)
DELETE /session/830a23dcc96cc4cc42074d0bdf71d706 HTTP/1.1
User-Agent: selenium/4.8.1 (java windows)
Content-Type: application/json; charset=utf-8
host: localhost:30659
accept: */*

Response DefaultHttpResponse(decodeResult: success, version: HTTP/1.1)
HTTP/1.1 200 OK
Content-Length: 14
Content-Type: application/json; charset=utf-8
cache-control: no-cache

23:00:11.073 [AsyncHttpClient-1-14] DEBUG org.asynchttpclient.netty.channel.ChannelManager - Adding key: http://localhost:30659 for channel [id: 0x86962c29, L:/127.0.0.1:54484 - R:localhost/127.0.0.1:30659]
23:00:11.140 [AsyncHttpClient-1-14] DEBUG org.asynchttpclient.netty.handler.HttpHandler - Channel Closed: [id: 0x86962c29, L:/127.0.0.1:54484 ! R:localhost/127.0.0.1:30659] with attribute DISCARD
23:00:11.397 [AsyncHttpClient-1-1] DEBUG org.asynchttpclient.netty.channel.DefaultChannelPool - Entry count for : http://localhost:54485 : 1
23:00:11.397 [AsyncHttpClient-1-1] DEBUG org.asynchttpclient.netty.channel.DefaultChannelPool - Entry count for : http://localhost:30659 : 1
23:00:11.397 [AsyncHttpClient-1-1] DEBUG org.asynchttpclient.netty.channel.DefaultChannelPool - Adding Candidate expired Channel [id: 0x6871021d, L:/127.0.0.1:54492 ! R:localhost/127.0.0.1:54485] isIdleTimeoutExpired=false isRemotelyClosed=true isTtlExpired=false
23:00:11.397 [AsyncHttpClient-1-1] DEBUG org.asynchttpclient.netty.channel.DefaultChannelPool - Closing Idle Channel [id: 0x6871021d, L:/127.0.0.1:54492 ! R:localhost/127.0.0.1:54485]
23:00:11.397 [AsyncHttpClient-1-1] DEBUG org.asynchttpclient.netty.channel.DefaultChannelPool - Adding Candidate expired Channel [id: 0x86962c29, L:/127.0.0.1:54484 ! R:localhost/127.0.0.1:30659] isIdleTimeoutExpired=false isRemotelyClosed=true isTtlExpired=false
23:00:11.397 [AsyncHttpClient-1-1] DEBUG org.asynchttpclient.netty.channel.DefaultChannelPool - Closing Idle Channel [id: 0x86962c29, L:/127.0.0.1:54484 ! R:localhost/127.0.0.1:30659]
23:00:11.397 [AsyncHttpClient-1-1] DEBUG org.asynchttpclient.netty.channel.DefaultChannelPool - Closed 2 connections out of 2 in 0 ms
]]></system-out>
    <system-err><![CDATA[Starting ChromeDriver 113.0.5672.63 (0e1a4471d5ae5bf128b1bd8f4d627c8cbd55f70c-refs/branch-heads/5672@{#912}) on port 30659
Only local connections are allowed.
Please see https://chromedriver.chromium.org/security-considerations for suggestions on keeping ChromeDriver safe.
ChromeDriver was started successfully.
May 08, 2023 11:00:06 PM org.openqa.selenium.devtools.CdpVersionFinder findNearestMatch
WARNING: Unable to find an exact match for CDP version 113, so returning the closest version found: 110
]]></system-err>
  </testcase>
  <testcase name="Add one product in cart" classname="HomePage" time="10.529">
    <system-out><![CDATA[23:00:11.677 [main] DEBUG io.cucumber.core.plugin.SerenityReporter - Running feature from file:///D:/1.%20QA%20ALTERRA%20ACADEMY/MobileTesting/MiniProjectWEB/src/test/resources/features/3.Homepage.feature
23:00:11.682 [main] DEBUG net.thucydides.core.steps.StepEventBus - Test suite started for story net.thucydides.core.model.Story@d40cef43
23:00:11.682 [main] INFO  - Test Suite Started: Home page

@AddProduct(+)
Scenario: Add one product in cart           &amp#27;[90m# src/test/resources/features/3.Homepage.feature:7&amp#27;[0m
23:00:11.691 [main] DEBUG io.cucumber.core.plugin.SerenityReporter - Running feature from file:///D:/1.%20QA%20ALTERRA%20ACADEMY/MobileTesting/MiniProjectWEB/src/test/resources/features/3.Homepage.feature
23:00:11.695 [main] INFO  - 
  _____   ___   ___   _____     ___   _____     _     ___   _____   ___   ___  
 |_   _| | __| / __| |_   _|   / __| |_   _|   /_\   | _ \ |_   _| | __| |   \ 
   | |   | _|  \__ \   | |     \__ \   | |    / _ \  |   /   | |   | _|  | |) |
   |_|   |___| |___/   |_|     |___/   |_|   /_/ \_\ |_|_\   |_|   |___| |___/ 

Add one product in cart(homepage;add-one-product-in-cart)
--------------------------------------------------------------------------------
23:00:11.997 [main] INFO net.serenitybdd.core.webdriver.driverproviders.ChromeDriverProvider - Starting Chrome driver instance with capabilities:
23:00:11.997 [main] INFO net.serenitybdd.core.webdriver.driverproviders.ChromeDriverProvider - Capabilities {acceptInsecureCerts: false, browserName: chrome, goog:chromeOptions: {args: [remote-allow-origins=*], extensions: []}}
23:00:12.991 [AsyncHttpClient-1-17] DEBUG org.asynchttpclient.netty.channel.NettyConnectListener - Using new Channel '[id: 0xde526a3a, L:/127.0.0.1:54508 - R:localhost/127.0.0.1:7285]' for 'POST' to '/session'
23:00:13.530 [AsyncHttpClient-1-17] DEBUG org.asynchttpclient.netty.handler.HttpHandler - 

Request DefaultHttpRequest(decodeResult: success, version: HTTP/1.1)
POST /session HTTP/1.1
User-Agent: selenium/4.8.1 (java windows)
Content-Length: 507
Content-Type: application/json; charset=utf-8
host: localhost:7285
accept: */*

Response DefaultHttpResponse(decodeResult: success, version: HTTP/1.1)
HTTP/1.1 200 OK
Content-Length: 861
Content-Type: application/json; charset=utf-8
cache-control: no-cache

23:00:13.530 [AsyncHttpClient-1-17] DEBUG org.asynchttpclient.netty.channel.ChannelManager - Adding key: http://localhost:7285 for channel [id: 0xde526a3a, L:/127.0.0.1:54508 - R:localhost/127.0.0.1:7285]
23:00:13.534 [AsyncHttpClient-1-18] DEBUG org.asynchttpclient.netty.channel.NettyConnectListener - Using new Channel '[id: 0x3b0bc880, L:/127.0.0.1:54515 - R:localhost/127.0.0.1:54509]' for 'GET' to '/json/version'
23:00:13.535 [AsyncHttpClient-1-18] DEBUG org.asynchttpclient.netty.handler.HttpHandler - 

Request DefaultFullHttpRequest(decodeResult: success, version: HTTP/1.1, content: EmptyByteBufBE)
GET /json/version HTTP/1.1
User-Agent: selenium/4.8.1 (java windows)
host: localhost:54509
accept: */*

Response DefaultHttpResponse(decodeResult: success, version: HTTP/1.1)
HTTP/1.1 200 OK
Content-Security-Policy: frame-ancestors 'none'
Content-Length: 422
Content-Type: application/json; charset=UTF-8

23:00:13.535 [AsyncHttpClient-1-18] DEBUG org.asynchttpclient.netty.channel.ChannelManager - Adding key: http://localhost:54509 for channel [id: 0x3b0bc880, L:/127.0.0.1:54515 - R:localhost/127.0.0.1:54509]
23:00:13.537 [AsyncHttpClient-1-19] DEBUG org.asynchttpclient.netty.channel.NettyConnectListener - Using new Channel '[id: 0x894f3ea8, L:/127.0.0.1:54516 - R:localhost/127.0.0.1:54509]' for 'GET' to '/devtools/browser/200ee62d-9cd9-460c-8e2a-4298b0841bca'
23:00:13.538 [AsyncHttpClient-1-19] DEBUG org.asynchttpclient.netty.handler.WebSocketHandler - 

Request DefaultFullHttpRequest(decodeResult: success, version: HTTP/1.1, content: EmptyByteBufBE)
GET /devtools/browser/200ee62d-9cd9-460c-8e2a-4298b0841bca HTTP/1.1
upgrade: websocket
connection: upgrade
sec-websocket-key: yKtZ1rTHpVPjy4RdBUlikg==
sec-websocket-version: 13
origin: http://localhost:54509
host: localhost:54509
accept: */*
user-agent: AHC/2.1

Response DefaultHttpResponse(decodeResult: success, version: HTTP/1.1)
HTTP/1.1 101 WebSocket Protocol Handshake
Upgrade: WebSocket
Connection: Upgrade
Sec-WebSocket-Accept: 7vJHfHAXXNEAvggx3UY6J8G9YME=

23:00:13.540 [Forwarding get on session 0056328376bf1e67880b31bffc8879cb to remote] DEBUG org.asynchttpclient.netty.request.NettyRequestSender - Using pooled Channel '[id: 0xde526a3a, L:/127.0.0.1:54508 - R:localhost/127.0.0.1:7285]' for 'POST' to 'http://localhost:7285/session/0056328376bf1e67880b31bffc8879cb/url'
23:00:13.540 [Forwarding get on session 0056328376bf1e67880b31bffc8879cb to remote] DEBUG org.asynchttpclient.netty.request.NettyRequestSender - Using open Channel [id: 0xde526a3a, L:/127.0.0.1:54508 - R:localhost/127.0.0.1:7285] for POST '/session/0056328376bf1e67880b31bffc8879cb/url'
23:00:13.600 [AsyncHttpClient-1-1] DEBUG org.asynchttpclient.netty.channel.DefaultChannelPool - Entry count for : http://localhost:54509 : 1
23:00:14.705 [AsyncHttpClient-1-1] DEBUG org.asynchttpclient.netty.channel.DefaultChannelPool - Entry count for : http://localhost:54509 : 1
23:00:15.797 [AsyncHttpClient-1-1] DEBUG org.asynchttpclient.netty.channel.DefaultChannelPool - Entry count for : http://localhost:54509 : 1
23:00:16.900 [AsyncHttpClient-1-1] DEBUG org.asynchttpclient.netty.channel.DefaultChannelPool - Entry count for : http://localhost:54509 : 1
23:00:18.005 [AsyncHttpClient-1-1] DEBUG org.asynchttpclient.netty.channel.DefaultChannelPool - Entry count for : http://localhost:54509 : 1
23:00:18.656 [AsyncHttpClient-1-17] DEBUG org.asynchttpclient.netty.handler.HttpHandler - 

Request DefaultHttpRequest(decodeResult: success, version: HTTP/1.1)
POST /session/0056328376bf1e67880b31bffc8879cb/url HTTP/1.1
User-Agent: selenium/4.8.1 (java windows)
Content-Length: 53
Content-Type: application/json; charset=utf-8
host: localhost:7285
accept: */*

Response DefaultHttpResponse(decodeResult: success, version: HTTP/1.1)
HTTP/1.1 200 OK
Content-Length: 14
Content-Type: application/json; charset=utf-8
cache-control: no-cache

23:00:18.656 [AsyncHttpClient-1-17] DEBUG org.asynchttpclient.netty.channel.ChannelManager - Adding key: http://localhost:7285 for channel [id: 0xde526a3a, L:/127.0.0.1:54508 - R:localhost/127.0.0.1:7285]
23:00:18.657 [Forwarding setTimeout on session 0056328376bf1e67880b31bffc8879cb to remote] DEBUG org.asynchttpclient.netty.request.NettyRequestSender - Using pooled Channel '[id: 0xde526a3a, L:/127.0.0.1:54508 - R:localhost/127.0.0.1:7285]' for 'POST' to 'http://localhost:7285/session/0056328376bf1e67880b31bffc8879cb/timeouts'
23:00:18.657 [Forwarding setTimeout on session 0056328376bf1e67880b31bffc8879cb to remote] DEBUG org.asynchttpclient.netty.request.NettyRequestSender - Using open Channel [id: 0xde526a3a, L:/127.0.0.1:54508 - R:localhost/127.0.0.1:7285] for POST '/session/0056328376bf1e67880b31bffc8879cb/timeouts'
23:00:18.658 [AsyncHttpClient-1-17] DEBUG org.asynchttpclient.netty.handler.HttpHandler - 

Request DefaultHttpRequest(decodeResult: success, version: HTTP/1.1)
POST /session/0056328376bf1e67880b31bffc8879cb/timeouts HTTP/1.1
User-Agent: selenium/4.8.1 (java windows)
Content-Length: 22
Content-Type: application/json; charset=utf-8
host: localhost:7285
accept: */*

Response DefaultHttpResponse(decodeResult: success, version: HTTP/1.1)
HTTP/1.1 200 OK
Content-Length: 14
Content-Type: application/json; charset=utf-8
cache-control: no-cache

23:00:18.659 [AsyncHttpClient-1-17] DEBUG org.asynchttpclient.netty.channel.ChannelManager - Adding key: http://localhost:7285 for channel [id: 0xde526a3a, L:/127.0.0.1:54508 - R:localhost/127.0.0.1:7285]
  &amp#27;[32mGiven &amp#27;[0m&amp#27;[32mI am on the home page&amp#27;[0m               &amp#27;[90m# starter.stepdefinitions.HomepageSteps.onTheHomePage()&amp#27;[0m
23:00:18.667 [main] DEBUG net.serenitybdd.core.photography.Darkroom - Opening darkroom
23:00:18.668 [Darkroom Processing Line] DEBUG net.serenitybdd.core.photography.DarkroomProcessingLine - Darkroom processing line starting up
23:00:18.668 [Forwarding getAlertText on session 0056328376bf1e67880b31bffc8879cb to remote] DEBUG org.asynchttpclient.netty.request.NettyRequestSender - Using pooled Channel '[id: 0xde526a3a, L:/127.0.0.1:54508 - R:localhost/127.0.0.1:7285]' for 'GET' to 'http://localhost:7285/session/0056328376bf1e67880b31bffc8879cb/alert/text'
23:00:18.669 [Forwarding getAlertText on session 0056328376bf1e67880b31bffc8879cb to remote] DEBUG org.asynchttpclient.netty.request.NettyRequestSender - Using open Channel [id: 0xde526a3a, L:/127.0.0.1:54508 - R:localhost/127.0.0.1:7285] for GET '/session/0056328376bf1e67880b31bffc8879cb/alert/text'
23:00:18.671 [AsyncHttpClient-1-17] DEBUG org.asynchttpclient.netty.handler.HttpHandler - 

Request DefaultFullHttpRequest(decodeResult: success, version: HTTP/1.1, content: EmptyByteBufBE)
GET /session/0056328376bf1e67880b31bffc8879cb/alert/text HTTP/1.1
User-Agent: selenium/4.8.1 (java windows)
Cache-Control: no-cache
Content-Type: application/json; charset=utf-8
host: localhost:7285
accept: */*

Response DefaultHttpResponse(decodeResult: success, version: HTTP/1.1)
HTTP/1.1 404 Not Found
Content-Length: 820
Content-Type: application/json; charset=utf-8
cache-control: no-cache

23:00:18.671 [AsyncHttpClient-1-17] DEBUG org.asynchttpclient.netty.channel.ChannelManager - Adding key: http://localhost:7285 for channel [id: 0xde526a3a, L:/127.0.0.1:54508 - R:localhost/127.0.0.1:7285]
23:00:18.673 [Forwarding getCurrentUrl on session 0056328376bf1e67880b31bffc8879cb to remote] DEBUG org.asynchttpclient.netty.request.NettyRequestSender - Using pooled Channel '[id: 0xde526a3a, L:/127.0.0.1:54508 - R:localhost/127.0.0.1:7285]' for 'GET' to 'http://localhost:7285/session/0056328376bf1e67880b31bffc8879cb/url'
23:00:18.673 [Forwarding getCurrentUrl on session 0056328376bf1e67880b31bffc8879cb to remote] DEBUG org.asynchttpclient.netty.request.NettyRequestSender - Using open Channel [id: 0xde526a3a, L:/127.0.0.1:54508 - R:localhost/127.0.0.1:7285] for GET '/session/0056328376bf1e67880b31bffc8879cb/url'
23:00:18.684 [AsyncHttpClient-1-17] DEBUG org.asynchttpclient.netty.handler.HttpHandler - 

Request DefaultFullHttpRequest(decodeResult: success, version: HTTP/1.1, content: EmptyByteBufBE)
GET /session/0056328376bf1e67880b31bffc8879cb/url HTTP/1.1
User-Agent: selenium/4.8.1 (java windows)
Cache-Control: no-cache
Content-Type: application/json; charset=utf-8
host: localhost:7285
accept: */*

Response DefaultHttpResponse(decodeResult: success, version: HTTP/1.1)
HTTP/1.1 200 OK
Content-Length: 41
Content-Type: application/json; charset=utf-8
cache-control: no-cache

23:00:18.684 [AsyncHttpClient-1-17] DEBUG org.asynchttpclient.netty.channel.ChannelManager - Adding key: http://localhost:7285 for channel [id: 0xde526a3a, L:/127.0.0.1:54508 - R:localhost/127.0.0.1:7285]
23:00:18.684 [Forwarding screenshot on session 0056328376bf1e67880b31bffc8879cb to remote] DEBUG org.asynchttpclient.netty.request.NettyRequestSender - Using pooled Channel '[id: 0xde526a3a, L:/127.0.0.1:54508 - R:localhost/127.0.0.1:7285]' for 'GET' to 'http://localhost:7285/session/0056328376bf1e67880b31bffc8879cb/screenshot'
23:00:18.684 [Forwarding screenshot on session 0056328376bf1e67880b31bffc8879cb to remote] DEBUG org.asynchttpclient.netty.request.NettyRequestSender - Using open Channel [id: 0xde526a3a, L:/127.0.0.1:54508 - R:localhost/127.0.0.1:7285] for GET '/session/0056328376bf1e67880b31bffc8879cb/screenshot'
23:00:18.841 [AsyncHttpClient-1-17] DEBUG org.asynchttpclient.netty.handler.HttpHandler - 

Request DefaultFullHttpRequest(decodeResult: success, version: HTTP/1.1, content: EmptyByteBufBE)
GET /session/0056328376bf1e67880b31bffc8879cb/screenshot HTTP/1.1
User-Agent: selenium/4.8.1 (java windows)
Cache-Control: no-cache
Content-Type: application/json; charset=utf-8
host: localhost:7285
accept: */*

Response DefaultHttpResponse(decodeResult: success, version: HTTP/1.1)
HTTP/1.1 200 OK
Content-Length: 93224
Content-Type: application/json; charset=utf-8
cache-control: no-cache

23:00:18.841 [AsyncHttpClient-1-17] DEBUG org.asynchttpclient.netty.channel.ChannelManager - Adding key: http://localhost:7285 for channel [id: 0xde526a3a, L:/127.0.0.1:54508 - R:localhost/127.0.0.1:7285]
23:00:18.844 [main] DEBUG net.serenitybdd.core.photography.Darkroom - Send negative for processing for target\site\serenity\eae70e0d31e8e8b85ce659fe0365ca28c24246a1bf9d3b50a76ae0889116b9f5.png
23:00:18.845 [Darkroom Processing Line] DEBUG net.serenitybdd.core.photography.DarkroomProcessingLine - Processing screenshot image in /var/screenshots/screenshot-2114072244145728180
23:00:18.845 [Darkroom Processing Line] DEBUG net.serenitybdd.core.photography.DarkroomProcessingLine - Saving screenshot to target\site\serenity\eae70e0d31e8e8b85ce659fe0365ca28c24246a1bf9d3b50a76ae0889116b9f5.png
23:00:18.849 [Forwarding getPageSource on session 0056328376bf1e67880b31bffc8879cb to remote] DEBUG org.asynchttpclient.netty.request.NettyRequestSender - Using pooled Channel '[id: 0xde526a3a, L:/127.0.0.1:54508 - R:localhost/127.0.0.1:7285]' for 'POST' to 'http://localhost:7285/session/0056328376bf1e67880b31bffc8879cb/execute/sync'
23:00:18.849 [Forwarding getPageSource on session 0056328376bf1e67880b31bffc8879cb to remote] DEBUG org.asynchttpclient.netty.request.NettyRequestSender - Using open Channel [id: 0xde526a3a, L:/127.0.0.1:54508 - R:localhost/127.0.0.1:7285] for POST '/session/0056328376bf1e67880b31bffc8879cb/execute/sync'
23:00:18.901 [AsyncHttpClient-1-17] DEBUG org.asynchttpclient.netty.handler.HttpHandler - 

Request DefaultHttpRequest(decodeResult: success, version: HTTP/1.1)
POST /session/0056328376bf1e67880b31bffc8879cb/execute/sync HTTP/1.1
User-Agent: selenium/4.8.1 (java windows)
Content-Length: 176
Content-Type: application/json; charset=utf-8
host: localhost:7285
accept: */*

Response DefaultHttpResponse(decodeResult: success, version: HTTP/1.1)
HTTP/1.1 200 OK
Content-Length: 816995
Content-Type: application/json; charset=utf-8
cache-control: no-cache

23:00:18.902 [AsyncHttpClient-1-17] DEBUG org.asynchttpclient.netty.channel.ChannelManager - Adding key: http://localhost:7285 for channel [id: 0xde526a3a, L:/127.0.0.1:54508 - R:localhost/127.0.0.1:7285]
23:00:18.998 [Forwarding getCurrentUrl on session 0056328376bf1e67880b31bffc8879cb to remote] DEBUG org.asynchttpclient.netty.request.NettyRequestSender - Using pooled Channel '[id: 0xde526a3a, L:/127.0.0.1:54508 - R:localhost/127.0.0.1:7285]' for 'GET' to 'http://localhost:7285/session/0056328376bf1e67880b31bffc8879cb/url'
23:00:18.998 [Forwarding getCurrentUrl on session 0056328376bf1e67880b31bffc8879cb to remote] DEBUG org.asynchttpclient.netty.request.NettyRequestSender - Using open Channel [id: 0xde526a3a, L:/127.0.0.1:54508 - R:localhost/127.0.0.1:7285] for GET '/session/0056328376bf1e67880b31bffc8879cb/url'
23:00:19.005 [AsyncHttpClient-1-17] DEBUG org.asynchttpclient.netty.handler.HttpHandler - 

Request DefaultFullHttpRequest(decodeResult: success, version: HTTP/1.1, content: EmptyByteBufBE)
GET /session/0056328376bf1e67880b31bffc8879cb/url HTTP/1.1
User-Agent: selenium/4.8.1 (java windows)
Cache-Control: no-cache
Content-Type: application/json; charset=utf-8
host: localhost:7285
accept: */*

Response DefaultHttpResponse(decodeResult: success, version: HTTP/1.1)
HTTP/1.1 200 OK
Content-Length: 41
Content-Type: application/json; charset=utf-8
cache-control: no-cache

23:00:19.005 [AsyncHttpClient-1-17] DEBUG org.asynchttpclient.netty.channel.ChannelManager - Adding key: http://localhost:7285 for channel [id: 0xde526a3a, L:/127.0.0.1:54508 - R:localhost/127.0.0.1:7285]
23:00:19.012 [Forwarding getAlertText on session 0056328376bf1e67880b31bffc8879cb to remote] DEBUG org.asynchttpclient.netty.request.NettyRequestSender - Using pooled Channel '[id: 0xde526a3a, L:/127.0.0.1:54508 - R:localhost/127.0.0.1:7285]' for 'GET' to 'http://localhost:7285/session/0056328376bf1e67880b31bffc8879cb/alert/text'
23:00:19.012 [Forwarding getAlertText on session 0056328376bf1e67880b31bffc8879cb to remote] DEBUG org.asynchttpclient.netty.request.NettyRequestSender - Using open Channel [id: 0xde526a3a, L:/127.0.0.1:54508 - R:localhost/127.0.0.1:7285] for GET '/session/0056328376bf1e67880b31bffc8879cb/alert/text'
23:00:19.014 [AsyncHttpClient-1-17] DEBUG org.asynchttpclient.netty.handler.HttpHandler - 

Request DefaultFullHttpRequest(decodeResult: success, version: HTTP/1.1, content: EmptyByteBufBE)
GET /session/0056328376bf1e67880b31bffc8879cb/alert/text HTTP/1.1
User-Agent: selenium/4.8.1 (java windows)
Cache-Control: no-cache
Content-Type: application/json; charset=utf-8
host: localhost:7285
accept: */*

Response DefaultHttpResponse(decodeResult: success, version: HTTP/1.1)
HTTP/1.1 404 Not Found
Content-Length: 820
Content-Type: application/json; charset=utf-8
cache-control: no-cache

23:00:19.014 [AsyncHttpClient-1-17] DEBUG org.asynchttpclient.netty.channel.ChannelManager - Adding key: http://localhost:7285 for channel [id: 0xde526a3a, L:/127.0.0.1:54508 - R:localhost/127.0.0.1:7285]
23:00:19.014 [Forwarding getCurrentUrl on session 0056328376bf1e67880b31bffc8879cb to remote] DEBUG org.asynchttpclient.netty.request.NettyRequestSender - Using pooled Channel '[id: 0xde526a3a, L:/127.0.0.1:54508 - R:localhost/127.0.0.1:7285]' for 'GET' to 'http://localhost:7285/session/0056328376bf1e67880b31bffc8879cb/url'
23:00:19.014 [Forwarding getCurrentUrl on session 0056328376bf1e67880b31bffc8879cb to remote] DEBUG org.asynchttpclient.netty.request.NettyRequestSender - Using open Channel [id: 0xde526a3a, L:/127.0.0.1:54508 - R:localhost/127.0.0.1:7285] for GET '/session/0056328376bf1e67880b31bffc8879cb/url'
23:00:19.023 [AsyncHttpClient-1-17] DEBUG org.asynchttpclient.netty.handler.HttpHandler - 

Request DefaultFullHttpRequest(decodeResult: success, version: HTTP/1.1, content: EmptyByteBufBE)
GET /session/0056328376bf1e67880b31bffc8879cb/url HTTP/1.1
User-Agent: selenium/4.8.1 (java windows)
Cache-Control: no-cache
Content-Type: application/json; charset=utf-8
host: localhost:7285
accept: */*

Response DefaultHttpResponse(decodeResult: success, version: HTTP/1.1)
HTTP/1.1 200 OK
Content-Length: 41
Content-Type: application/json; charset=utf-8
cache-control: no-cache

23:00:19.023 [AsyncHttpClient-1-17] DEBUG org.asynchttpclient.netty.channel.ChannelManager - Adding key: http://localhost:7285 for channel [id: 0xde526a3a, L:/127.0.0.1:54508 - R:localhost/127.0.0.1:7285]
23:00:19.024 [Forwarding screenshot on session 0056328376bf1e67880b31bffc8879cb to remote] DEBUG org.asynchttpclient.netty.request.NettyRequestSender - Using pooled Channel '[id: 0xde526a3a, L:/127.0.0.1:54508 - R:localhost/127.0.0.1:7285]' for 'GET' to 'http://localhost:7285/session/0056328376bf1e67880b31bffc8879cb/screenshot'
23:00:19.024 [Forwarding screenshot on session 0056328376bf1e67880b31bffc8879cb to remote] DEBUG org.asynchttpclient.netty.request.NettyRequestSender - Using open Channel [id: 0xde526a3a, L:/127.0.0.1:54508 - R:localhost/127.0.0.1:7285] for GET '/session/0056328376bf1e67880b31bffc8879cb/screenshot'
23:00:19.097 [AsyncHttpClient-1-1] DEBUG org.asynchttpclient.netty.channel.DefaultChannelPool - Entry count for : http://localhost:54509 : 1
23:00:19.184 [AsyncHttpClient-1-17] DEBUG org.asynchttpclient.netty.handler.HttpHandler - 

Request DefaultFullHttpRequest(decodeResult: success, version: HTTP/1.1, content: EmptyByteBufBE)
GET /session/0056328376bf1e67880b31bffc8879cb/screenshot HTTP/1.1
User-Agent: selenium/4.8.1 (java windows)
Cache-Control: no-cache
Content-Type: application/json; charset=utf-8
host: localhost:7285
accept: */*

Response DefaultHttpResponse(decodeResult: success, version: HTTP/1.1)
HTTP/1.1 200 OK
Content-Length: 93224
Content-Type: application/json; charset=utf-8
cache-control: no-cache

23:00:19.184 [AsyncHttpClient-1-17] DEBUG org.asynchttpclient.netty.channel.ChannelManager - Adding key: http://localhost:7285 for channel [id: 0xde526a3a, L:/127.0.0.1:54508 - R:localhost/127.0.0.1:7285]
23:00:19.188 [main] DEBUG net.serenitybdd.core.photography.Darkroom - Send negative for processing for target\site\serenity\eae70e0d31e8e8b85ce659fe0365ca28c24246a1bf9d3b50a76ae0889116b9f5.png
23:00:19.189 [Forwarding getPageSource on session 0056328376bf1e67880b31bffc8879cb to remote] DEBUG org.asynchttpclient.netty.request.NettyRequestSender - Using pooled Channel '[id: 0xde526a3a, L:/127.0.0.1:54508 - R:localhost/127.0.0.1:7285]' for 'POST' to 'http://localhost:7285/session/0056328376bf1e67880b31bffc8879cb/execute/sync'
23:00:19.189 [Forwarding getPageSource on session 0056328376bf1e67880b31bffc8879cb to remote] DEBUG org.asynchttpclient.netty.request.NettyRequestSender - Using open Channel [id: 0xde526a3a, L:/127.0.0.1:54508 - R:localhost/127.0.0.1:7285] for POST '/session/0056328376bf1e67880b31bffc8879cb/execute/sync'
23:00:19.244 [AsyncHttpClient-1-17] DEBUG org.asynchttpclient.netty.handler.HttpHandler - 

Request DefaultHttpRequest(decodeResult: success, version: HTTP/1.1)
POST /session/0056328376bf1e67880b31bffc8879cb/execute/sync HTTP/1.1
User-Agent: selenium/4.8.1 (java windows)
Content-Length: 176
Content-Type: application/json; charset=utf-8
host: localhost:7285
accept: */*

Response DefaultHttpResponse(decodeResult: success, version: HTTP/1.1)
HTTP/1.1 200 OK
Content-Length: 816995
Content-Type: application/json; charset=utf-8
cache-control: no-cache

23:00:19.245 [AsyncHttpClient-1-17] DEBUG org.asynchttpclient.netty.channel.ChannelManager - Adding key: http://localhost:7285 for channel [id: 0xde526a3a, L:/127.0.0.1:54508 - R:localhost/127.0.0.1:7285]
23:00:19.339 [Forwarding getCurrentUrl on session 0056328376bf1e67880b31bffc8879cb to remote] DEBUG org.asynchttpclient.netty.request.NettyRequestSender - Using pooled Channel '[id: 0xde526a3a, L:/127.0.0.1:54508 - R:localhost/127.0.0.1:7285]' for 'GET' to 'http://localhost:7285/session/0056328376bf1e67880b31bffc8879cb/url'
23:00:19.339 [Forwarding getCurrentUrl on session 0056328376bf1e67880b31bffc8879cb to remote] DEBUG org.asynchttpclient.netty.request.NettyRequestSender - Using open Channel [id: 0xde526a3a, L:/127.0.0.1:54508 - R:localhost/127.0.0.1:7285] for GET '/session/0056328376bf1e67880b31bffc8879cb/url'
23:00:19.345 [AsyncHttpClient-1-17] DEBUG org.asynchttpclient.netty.handler.HttpHandler - 

Request DefaultFullHttpRequest(decodeResult: success, version: HTTP/1.1, content: EmptyByteBufBE)
GET /session/0056328376bf1e67880b31bffc8879cb/url HTTP/1.1
User-Agent: selenium/4.8.1 (java windows)
Cache-Control: no-cache
Content-Type: application/json; charset=utf-8
host: localhost:7285
accept: */*

Response DefaultHttpResponse(decodeResult: success, version: HTTP/1.1)
HTTP/1.1 200 OK
Content-Length: 41
Content-Type: application/json; charset=utf-8
cache-control: no-cache

23:00:19.345 [AsyncHttpClient-1-17] DEBUG org.asynchttpclient.netty.channel.ChannelManager - Adding key: http://localhost:7285 for channel [id: 0xde526a3a, L:/127.0.0.1:54508 - R:localhost/127.0.0.1:7285]
23:00:19.349 [main] DEBUG net.thucydides.core.steps.StepInterceptor - STARTING STEP: HomepageSteps.chooseTheProduct - chooseProduct
23:00:19.351 [Forwarding findElement on session 0056328376bf1e67880b31bffc8879cb to remote] DEBUG org.asynchttpclient.netty.request.NettyRequestSender - Using pooled Channel '[id: 0xde526a3a, L:/127.0.0.1:54508 - R:localhost/127.0.0.1:7285]' for 'POST' to 'http://localhost:7285/session/0056328376bf1e67880b31bffc8879cb/element'
23:00:19.351 [Forwarding findElement on session 0056328376bf1e67880b31bffc8879cb to remote] DEBUG org.asynchttpclient.netty.request.NettyRequestSender - Using open Channel [id: 0xde526a3a, L:/127.0.0.1:54508 - R:localhost/127.0.0.1:7285] for POST '/session/0056328376bf1e67880b31bffc8879cb/element'
23:00:19.366 [AsyncHttpClient-1-17] DEBUG org.asynchttpclient.netty.handler.HttpHandler - 

Request DefaultHttpRequest(decodeResult: success, version: HTTP/1.1)
POST /session/0056328376bf1e67880b31bffc8879cb/element HTTP/1.1
User-Agent: selenium/4.8.1 (java windows)
Content-Length: 54
Content-Type: application/json; charset=utf-8
host: localhost:7285
accept: */*

Response DefaultHttpResponse(decodeResult: success, version: HTTP/1.1)
HTTP/1.1 200 OK
Content-Length: 94
Content-Type: application/json; charset=utf-8
cache-control: no-cache

23:00:19.366 [AsyncHttpClient-1-17] DEBUG org.asynchttpclient.netty.channel.ChannelManager - Adding key: http://localhost:7285 for channel [id: 0xde526a3a, L:/127.0.0.1:54508 - R:localhost/127.0.0.1:7285]
23:00:19.368 [Forwarding isElementDisplayed on session 0056328376bf1e67880b31bffc8879cb to remote] DEBUG org.asynchttpclient.netty.request.NettyRequestSender - Using pooled Channel '[id: 0xde526a3a, L:/127.0.0.1:54508 - R:localhost/127.0.0.1:7285]' for 'POST' to 'http://localhost:7285/session/0056328376bf1e67880b31bffc8879cb/execute/sync'
23:00:19.368 [Forwarding isElementDisplayed on session 0056328376bf1e67880b31bffc8879cb to remote] DEBUG org.asynchttpclient.netty.request.NettyRequestSender - Using open Channel [id: 0xde526a3a, L:/127.0.0.1:54508 - R:localhost/127.0.0.1:7285] for POST '/session/0056328376bf1e67880b31bffc8879cb/execute/sync'
23:00:19.384 [AsyncHttpClient-1-17] DEBUG org.asynchttpclient.netty.handler.HttpHandler - 

Request DefaultHttpRequest(decodeResult: success, version: HTTP/1.1)
POST /session/0056328376bf1e67880b31bffc8879cb/execute/sync HTTP/1.1
User-Agent: selenium/4.8.1 (java windows)
Content-Length: 48813
Content-Type: application/json; charset=utf-8
host: localhost:7285
accept: */*

Response DefaultHttpResponse(decodeResult: success, version: HTTP/1.1)
HTTP/1.1 200 OK
Content-Length: 14
Content-Type: application/json; charset=utf-8
cache-control: no-cache

23:00:19.384 [AsyncHttpClient-1-17] DEBUG org.asynchttpclient.netty.channel.ChannelManager - Adding key: http://localhost:7285 for channel [id: 0xde526a3a, L:/127.0.0.1:54508 - R:localhost/127.0.0.1:7285]
23:00:19.389 [Forwarding getAlertText on session 0056328376bf1e67880b31bffc8879cb to remote] DEBUG org.asynchttpclient.netty.request.NettyRequestSender - Using pooled Channel '[id: 0xde526a3a, L:/127.0.0.1:54508 - R:localhost/127.0.0.1:7285]' for 'GET' to 'http://localhost:7285/session/0056328376bf1e67880b31bffc8879cb/alert/text'
23:00:19.389 [Forwarding getAlertText on session 0056328376bf1e67880b31bffc8879cb to remote] DEBUG org.asynchttpclient.netty.request.NettyRequestSender - Using open Channel [id: 0xde526a3a, L:/127.0.0.1:54508 - R:localhost/127.0.0.1:7285] for GET '/session/0056328376bf1e67880b31bffc8879cb/alert/text'
23:00:19.391 [AsyncHttpClient-1-17] DEBUG org.asynchttpclient.netty.handler.HttpHandler - 

Request DefaultFullHttpRequest(decodeResult: success, version: HTTP/1.1, content: EmptyByteBufBE)
GET /session/0056328376bf1e67880b31bffc8879cb/alert/text HTTP/1.1
User-Agent: selenium/4.8.1 (java windows)
Cache-Control: no-cache
Content-Type: application/json; charset=utf-8
host: localhost:7285
accept: */*

Response DefaultHttpResponse(decodeResult: success, version: HTTP/1.1)
HTTP/1.1 404 Not Found
Content-Length: 820
Content-Type: application/json; charset=utf-8
cache-control: no-cache

23:00:19.391 [AsyncHttpClient-1-17] DEBUG org.asynchttpclient.netty.channel.ChannelManager - Adding key: http://localhost:7285 for channel [id: 0xde526a3a, L:/127.0.0.1:54508 - R:localhost/127.0.0.1:7285]
23:00:19.391 [Forwarding getCurrentUrl on session 0056328376bf1e67880b31bffc8879cb to remote] DEBUG org.asynchttpclient.netty.request.NettyRequestSender - Using pooled Channel '[id: 0xde526a3a, L:/127.0.0.1:54508 - R:localhost/127.0.0.1:7285]' for 'GET' to 'http://localhost:7285/session/0056328376bf1e67880b31bffc8879cb/url'
23:00:19.391 [Forwarding getCurrentUrl on session 0056328376bf1e67880b31bffc8879cb to remote] DEBUG org.asynchttpclient.netty.request.NettyRequestSender - Using open Channel [id: 0xde526a3a, L:/127.0.0.1:54508 - R:localhost/127.0.0.1:7285] for GET '/session/0056328376bf1e67880b31bffc8879cb/url'
23:00:19.399 [AsyncHttpClient-1-17] DEBUG org.asynchttpclient.netty.handler.HttpHandler - 

Request DefaultFullHttpRequest(decodeResult: success, version: HTTP/1.1, content: EmptyByteBufBE)
GET /session/0056328376bf1e67880b31bffc8879cb/url HTTP/1.1
User-Agent: selenium/4.8.1 (java windows)
Cache-Control: no-cache
Content-Type: application/json; charset=utf-8
host: localhost:7285
accept: */*

Response DefaultHttpResponse(decodeResult: success, version: HTTP/1.1)
HTTP/1.1 200 OK
Content-Length: 41
Content-Type: application/json; charset=utf-8
cache-control: no-cache

23:00:19.404 [AsyncHttpClient-1-17] DEBUG org.asynchttpclient.netty.channel.ChannelManager - Adding key: http://localhost:7285 for channel [id: 0xde526a3a, L:/127.0.0.1:54508 - R:localhost/127.0.0.1:7285]
23:00:19.405 [Forwarding screenshot on session 0056328376bf1e67880b31bffc8879cb to remote] DEBUG org.asynchttpclient.netty.request.NettyRequestSender - Using pooled Channel '[id: 0xde526a3a, L:/127.0.0.1:54508 - R:localhost/127.0.0.1:7285]' for 'GET' to 'http://localhost:7285/session/0056328376bf1e67880b31bffc8879cb/screenshot'
23:00:19.405 [Forwarding screenshot on session 0056328376bf1e67880b31bffc8879cb to remote] DEBUG org.asynchttpclient.netty.request.NettyRequestSender - Using open Channel [id: 0xde526a3a, L:/127.0.0.1:54508 - R:localhost/127.0.0.1:7285] for GET '/session/0056328376bf1e67880b31bffc8879cb/screenshot'
23:00:19.567 [AsyncHttpClient-1-17] DEBUG org.asynchttpclient.netty.handler.HttpHandler - 

Request DefaultFullHttpRequest(decodeResult: success, version: HTTP/1.1, content: EmptyByteBufBE)
GET /session/0056328376bf1e67880b31bffc8879cb/screenshot HTTP/1.1
User-Agent: selenium/4.8.1 (java windows)
Cache-Control: no-cache
Content-Type: application/json; charset=utf-8
host: localhost:7285
accept: */*

Response DefaultHttpResponse(decodeResult: success, version: HTTP/1.1)
HTTP/1.1 200 OK
Content-Length: 93224
Content-Type: application/json; charset=utf-8
cache-control: no-cache

23:00:19.567 [AsyncHttpClient-1-17] DEBUG org.asynchttpclient.netty.channel.ChannelManager - Adding key: http://localhost:7285 for channel [id: 0xde526a3a, L:/127.0.0.1:54508 - R:localhost/127.0.0.1:7285]
23:00:19.571 [main] DEBUG net.serenitybdd.core.photography.Darkroom - Send negative for processing for target\site\serenity\eae70e0d31e8e8b85ce659fe0365ca28c24246a1bf9d3b50a76ae0889116b9f5.png
23:00:19.571 [main] DEBUG net.thucydides.core.steps.StepInterceptor - STEP DONE: chooseProduct
  &amp#27;[32mWhen &amp#27;[0m&amp#27;[32mI choose the product&amp#27;[0m                 &amp#27;[90m# starter.stepdefinitions.HomepageSteps.chooseTheProduct()&amp#27;[0m
23:00:19.577 [Forwarding getPageSource on session 0056328376bf1e67880b31bffc8879cb to remote] DEBUG org.asynchttpclient.netty.request.NettyRequestSender - Using pooled Channel '[id: 0xde526a3a, L:/127.0.0.1:54508 - R:localhost/127.0.0.1:7285]' for 'POST' to 'http://localhost:7285/session/0056328376bf1e67880b31bffc8879cb/execute/sync'
23:00:19.577 [Forwarding getPageSource on session 0056328376bf1e67880b31bffc8879cb to remote] DEBUG org.asynchttpclient.netty.request.NettyRequestSender - Using open Channel [id: 0xde526a3a, L:/127.0.0.1:54508 - R:localhost/127.0.0.1:7285] for POST '/session/0056328376bf1e67880b31bffc8879cb/execute/sync'
23:00:19.648 [AsyncHttpClient-1-17] DEBUG org.asynchttpclient.netty.handler.HttpHandler - 

Request DefaultHttpRequest(decodeResult: success, version: HTTP/1.1)
POST /session/0056328376bf1e67880b31bffc8879cb/execute/sync HTTP/1.1
User-Agent: selenium/4.8.1 (java windows)
Content-Length: 176
Content-Type: application/json; charset=utf-8
host: localhost:7285
accept: */*

Response DefaultHttpResponse(decodeResult: success, version: HTTP/1.1)
HTTP/1.1 200 OK
Content-Length: 816995
Content-Type: application/json; charset=utf-8
cache-control: no-cache

23:00:19.649 [AsyncHttpClient-1-17] DEBUG org.asynchttpclient.netty.channel.ChannelManager - Adding key: http://localhost:7285 for channel [id: 0xde526a3a, L:/127.0.0.1:54508 - R:localhost/127.0.0.1:7285]
23:00:19.723 [Forwarding getCurrentUrl on session 0056328376bf1e67880b31bffc8879cb to remote] DEBUG org.asynchttpclient.netty.request.NettyRequestSender - Using pooled Channel '[id: 0xde526a3a, L:/127.0.0.1:54508 - R:localhost/127.0.0.1:7285]' for 'GET' to 'http://localhost:7285/session/0056328376bf1e67880b31bffc8879cb/url'
23:00:19.723 [Forwarding getCurrentUrl on session 0056328376bf1e67880b31bffc8879cb to remote] DEBUG org.asynchttpclient.netty.request.NettyRequestSender - Using open Channel [id: 0xde526a3a, L:/127.0.0.1:54508 - R:localhost/127.0.0.1:7285] for GET '/session/0056328376bf1e67880b31bffc8879cb/url'
23:00:19.731 [AsyncHttpClient-1-17] DEBUG org.asynchttpclient.netty.handler.HttpHandler - 

Request DefaultFullHttpRequest(decodeResult: success, version: HTTP/1.1, content: EmptyByteBufBE)
GET /session/0056328376bf1e67880b31bffc8879cb/url HTTP/1.1
User-Agent: selenium/4.8.1 (java windows)
Cache-Control: no-cache
Content-Type: application/json; charset=utf-8
host: localhost:7285
accept: */*

Response DefaultHttpResponse(decodeResult: success, version: HTTP/1.1)
HTTP/1.1 200 OK
Content-Length: 41
Content-Type: application/json; charset=utf-8
cache-control: no-cache

23:00:19.731 [AsyncHttpClient-1-17] DEBUG org.asynchttpclient.netty.channel.ChannelManager - Adding key: http://localhost:7285 for channel [id: 0xde526a3a, L:/127.0.0.1:54508 - R:localhost/127.0.0.1:7285]
23:00:19.738 [Forwarding getAlertText on session 0056328376bf1e67880b31bffc8879cb to remote] DEBUG org.asynchttpclient.netty.request.NettyRequestSender - Using pooled Channel '[id: 0xde526a3a, L:/127.0.0.1:54508 - R:localhost/127.0.0.1:7285]' for 'GET' to 'http://localhost:7285/session/0056328376bf1e67880b31bffc8879cb/alert/text'
23:00:19.738 [Forwarding getAlertText on session 0056328376bf1e67880b31bffc8879cb to remote] DEBUG org.asynchttpclient.netty.request.NettyRequestSender - Using open Channel [id: 0xde526a3a, L:/127.0.0.1:54508 - R:localhost/127.0.0.1:7285] for GET '/session/0056328376bf1e67880b31bffc8879cb/alert/text'
23:00:19.740 [AsyncHttpClient-1-17] DEBUG org.asynchttpclient.netty.handler.HttpHandler - 

Request DefaultFullHttpRequest(decodeResult: success, version: HTTP/1.1, content: EmptyByteBufBE)
GET /session/0056328376bf1e67880b31bffc8879cb/alert/text HTTP/1.1
User-Agent: selenium/4.8.1 (java windows)
Cache-Control: no-cache
Content-Type: application/json; charset=utf-8
host: localhost:7285
accept: */*

Response DefaultHttpResponse(decodeResult: success, version: HTTP/1.1)
HTTP/1.1 404 Not Found
Content-Length: 820
Content-Type: application/json; charset=utf-8
cache-control: no-cache

23:00:19.740 [AsyncHttpClient-1-17] DEBUG org.asynchttpclient.netty.channel.ChannelManager - Adding key: http://localhost:7285 for channel [id: 0xde526a3a, L:/127.0.0.1:54508 - R:localhost/127.0.0.1:7285]
23:00:19.741 [Forwarding getCurrentUrl on session 0056328376bf1e67880b31bffc8879cb to remote] DEBUG org.asynchttpclient.netty.request.NettyRequestSender - Using pooled Channel '[id: 0xde526a3a, L:/127.0.0.1:54508 - R:localhost/127.0.0.1:7285]' for 'GET' to 'http://localhost:7285/session/0056328376bf1e67880b31bffc8879cb/url'
23:00:19.741 [Forwarding getCurrentUrl on session 0056328376bf1e67880b31bffc8879cb to remote] DEBUG org.asynchttpclient.netty.request.NettyRequestSender - Using open Channel [id: 0xde526a3a, L:/127.0.0.1:54508 - R:localhost/127.0.0.1:7285] for GET '/session/0056328376bf1e67880b31bffc8879cb/url'
23:00:19.747 [AsyncHttpClient-1-17] DEBUG org.asynchttpclient.netty.handler.HttpHandler - 

Request DefaultFullHttpRequest(decodeResult: success, version: HTTP/1.1, content: EmptyByteBufBE)
GET /session/0056328376bf1e67880b31bffc8879cb/url HTTP/1.1
User-Agent: selenium/4.8.1 (java windows)
Cache-Control: no-cache
Content-Type: application/json; charset=utf-8
host: localhost:7285
accept: */*

Response DefaultHttpResponse(decodeResult: success, version: HTTP/1.1)
HTTP/1.1 200 OK
Content-Length: 41
Content-Type: application/json; charset=utf-8
cache-control: no-cache

23:00:19.748 [AsyncHttpClient-1-17] DEBUG org.asynchttpclient.netty.channel.ChannelManager - Adding key: http://localhost:7285 for channel [id: 0xde526a3a, L:/127.0.0.1:54508 - R:localhost/127.0.0.1:7285]
23:00:19.748 [Forwarding screenshot on session 0056328376bf1e67880b31bffc8879cb to remote] DEBUG org.asynchttpclient.netty.request.NettyRequestSender - Using pooled Channel '[id: 0xde526a3a, L:/127.0.0.1:54508 - R:localhost/127.0.0.1:7285]' for 'GET' to 'http://localhost:7285/session/0056328376bf1e67880b31bffc8879cb/screenshot'
23:00:19.748 [Forwarding screenshot on session 0056328376bf1e67880b31bffc8879cb to remote] DEBUG org.asynchttpclient.netty.request.NettyRequestSender - Using open Channel [id: 0xde526a3a, L:/127.0.0.1:54508 - R:localhost/127.0.0.1:7285] for GET '/session/0056328376bf1e67880b31bffc8879cb/screenshot'
23:00:19.916 [AsyncHttpClient-1-17] DEBUG org.asynchttpclient.netty.handler.HttpHandler - 

Request DefaultFullHttpRequest(decodeResult: success, version: HTTP/1.1, content: EmptyByteBufBE)
GET /session/0056328376bf1e67880b31bffc8879cb/screenshot HTTP/1.1
User-Agent: selenium/4.8.1 (java windows)
Cache-Control: no-cache
Content-Type: application/json; charset=utf-8
host: localhost:7285
accept: */*

Response DefaultHttpResponse(decodeResult: success, version: HTTP/1.1)
HTTP/1.1 200 OK
Content-Length: 93224
Content-Type: application/json; charset=utf-8
cache-control: no-cache

23:00:19.916 [AsyncHttpClient-1-17] DEBUG org.asynchttpclient.netty.channel.ChannelManager - Adding key: http://localhost:7285 for channel [id: 0xde526a3a, L:/127.0.0.1:54508 - R:localhost/127.0.0.1:7285]
23:00:19.920 [main] DEBUG net.serenitybdd.core.photography.Darkroom - Send negative for processing for target\site\serenity\eae70e0d31e8e8b85ce659fe0365ca28c24246a1bf9d3b50a76ae0889116b9f5.png
23:00:19.921 [Forwarding getPageSource on session 0056328376bf1e67880b31bffc8879cb to remote] DEBUG org.asynchttpclient.netty.request.NettyRequestSender - Using pooled Channel '[id: 0xde526a3a, L:/127.0.0.1:54508 - R:localhost/127.0.0.1:7285]' for 'POST' to 'http://localhost:7285/session/0056328376bf1e67880b31bffc8879cb/execute/sync'
23:00:19.921 [Forwarding getPageSource on session 0056328376bf1e67880b31bffc8879cb to remote] DEBUG org.asynchttpclient.netty.request.NettyRequestSender - Using open Channel [id: 0xde526a3a, L:/127.0.0.1:54508 - R:localhost/127.0.0.1:7285] for POST '/session/0056328376bf1e67880b31bffc8879cb/execute/sync'
23:00:19.990 [AsyncHttpClient-1-17] DEBUG org.asynchttpclient.netty.handler.HttpHandler - 

Request DefaultHttpRequest(decodeResult: success, version: HTTP/1.1)
POST /session/0056328376bf1e67880b31bffc8879cb/execute/sync HTTP/1.1
User-Agent: selenium/4.8.1 (java windows)
Content-Length: 176
Content-Type: application/json; charset=utf-8
host: localhost:7285
accept: */*

Response DefaultHttpResponse(decodeResult: success, version: HTTP/1.1)
HTTP/1.1 200 OK
Content-Length: 816995
Content-Type: application/json; charset=utf-8
cache-control: no-cache

23:00:19.991 [AsyncHttpClient-1-17] DEBUG org.asynchttpclient.netty.channel.ChannelManager - Adding key: http://localhost:7285 for channel [id: 0xde526a3a, L:/127.0.0.1:54508 - R:localhost/127.0.0.1:7285]
23:00:20.071 [Forwarding getCurrentUrl on session 0056328376bf1e67880b31bffc8879cb to remote] DEBUG org.asynchttpclient.netty.request.NettyRequestSender - Using pooled Channel '[id: 0xde526a3a, L:/127.0.0.1:54508 - R:localhost/127.0.0.1:7285]' for 'GET' to 'http://localhost:7285/session/0056328376bf1e67880b31bffc8879cb/url'
23:00:20.071 [Forwarding getCurrentUrl on session 0056328376bf1e67880b31bffc8879cb to remote] DEBUG org.asynchttpclient.netty.request.NettyRequestSender - Using open Channel [id: 0xde526a3a, L:/127.0.0.1:54508 - R:localhost/127.0.0.1:7285] for GET '/session/0056328376bf1e67880b31bffc8879cb/url'
23:00:20.077 [AsyncHttpClient-1-17] DEBUG org.asynchttpclient.netty.handler.HttpHandler - 

Request DefaultFullHttpRequest(decodeResult: success, version: HTTP/1.1, content: EmptyByteBufBE)
GET /session/0056328376bf1e67880b31bffc8879cb/url HTTP/1.1
User-Agent: selenium/4.8.1 (java windows)
Cache-Control: no-cache
Content-Type: application/json; charset=utf-8
host: localhost:7285
accept: */*

Response DefaultHttpResponse(decodeResult: success, version: HTTP/1.1)
HTTP/1.1 200 OK
Content-Length: 41
Content-Type: application/json; charset=utf-8
cache-control: no-cache

23:00:20.077 [AsyncHttpClient-1-17] DEBUG org.asynchttpclient.netty.channel.ChannelManager - Adding key: http://localhost:7285 for channel [id: 0xde526a3a, L:/127.0.0.1:54508 - R:localhost/127.0.0.1:7285]
23:00:20.080 [main] DEBUG net.thucydides.core.steps.StepInterceptor - STARTING STEP: HomepageSteps.clickBuyButton - clickBeliProduk1
23:00:20.082 [Forwarding findElement on session 0056328376bf1e67880b31bffc8879cb to remote] DEBUG org.asynchttpclient.netty.request.NettyRequestSender - Using pooled Channel '[id: 0xde526a3a, L:/127.0.0.1:54508 - R:localhost/127.0.0.1:7285]' for 'POST' to 'http://localhost:7285/session/0056328376bf1e67880b31bffc8879cb/element'
23:00:20.082 [Forwarding findElement on session 0056328376bf1e67880b31bffc8879cb to remote] DEBUG org.asynchttpclient.netty.request.NettyRequestSender - Using open Channel [id: 0xde526a3a, L:/127.0.0.1:54508 - R:localhost/127.0.0.1:7285] for POST '/session/0056328376bf1e67880b31bffc8879cb/element'
23:00:20.104 [AsyncHttpClient-1-17] DEBUG org.asynchttpclient.netty.handler.HttpHandler - 

Request DefaultHttpRequest(decodeResult: success, version: HTTP/1.1)
POST /session/0056328376bf1e67880b31bffc8879cb/element HTTP/1.1
User-Agent: selenium/4.8.1 (java windows)
Content-Length: 113
Content-Type: application/json; charset=utf-8
host: localhost:7285
accept: */*

Response DefaultHttpResponse(decodeResult: success, version: HTTP/1.1)
HTTP/1.1 200 OK
Content-Length: 94
Content-Type: application/json; charset=utf-8
cache-control: no-cache

23:00:20.104 [AsyncHttpClient-1-17] DEBUG org.asynchttpclient.netty.channel.ChannelManager - Adding key: http://localhost:7285 for channel [id: 0xde526a3a, L:/127.0.0.1:54508 - R:localhost/127.0.0.1:7285]
23:00:20.105 [Forwarding getElementTagName on session 0056328376bf1e67880b31bffc8879cb to remote] DEBUG org.asynchttpclient.netty.request.NettyRequestSender - Using pooled Channel '[id: 0xde526a3a, L:/127.0.0.1:54508 - R:localhost/127.0.0.1:7285]' for 'GET' to 'http://localhost:7285/session/0056328376bf1e67880b31bffc8879cb/element/981676988C74B6115090D468218D224F_element_9/name'
23:00:20.105 [Forwarding getElementTagName on session 0056328376bf1e67880b31bffc8879cb to remote] DEBUG org.asynchttpclient.netty.request.NettyRequestSender - Using open Channel [id: 0xde526a3a, L:/127.0.0.1:54508 - R:localhost/127.0.0.1:7285] for GET '/session/0056328376bf1e67880b31bffc8879cb/element/981676988C74B6115090D468218D224F_element_9/name'
23:00:20.113 [AsyncHttpClient-1-17] DEBUG org.asynchttpclient.netty.handler.HttpHandler - 

Request DefaultFullHttpRequest(decodeResult: success, version: HTTP/1.1, content: EmptyByteBufBE)
GET /session/0056328376bf1e67880b31bffc8879cb/element/981676988C74B6115090D468218D224F_element_9/name HTTP/1.1
User-Agent: selenium/4.8.1 (java windows)
Cache-Control: no-cache
Content-Type: application/json; charset=utf-8
host: localhost:7285
accept: */*

Response DefaultHttpResponse(decodeResult: success, version: HTTP/1.1)
HTTP/1.1 200 OK
Content-Length: 18
Content-Type: application/json; charset=utf-8
cache-control: no-cache

23:00:20.113 [AsyncHttpClient-1-17] DEBUG org.asynchttpclient.netty.channel.ChannelManager - Adding key: http://localhost:7285 for channel [id: 0xde526a3a, L:/127.0.0.1:54508 - R:localhost/127.0.0.1:7285]
23:00:20.114 [Forwarding getElementTagName on session 0056328376bf1e67880b31bffc8879cb to remote] DEBUG org.asynchttpclient.netty.request.NettyRequestSender - Using pooled Channel '[id: 0xde526a3a, L:/127.0.0.1:54508 - R:localhost/127.0.0.1:7285]' for 'GET' to 'http://localhost:7285/session/0056328376bf1e67880b31bffc8879cb/element/981676988C74B6115090D468218D224F_element_9/name'
23:00:20.114 [Forwarding getElementTagName on session 0056328376bf1e67880b31bffc8879cb to remote] DEBUG org.asynchttpclient.netty.request.NettyRequestSender - Using open Channel [id: 0xde526a3a, L:/127.0.0.1:54508 - R:localhost/127.0.0.1:7285] for GET '/session/0056328376bf1e67880b31bffc8879cb/element/981676988C74B6115090D468218D224F_element_9/name'
23:00:20.121 [AsyncHttpClient-1-17] DEBUG org.asynchttpclient.netty.handler.HttpHandler - 

Request DefaultFullHttpRequest(decodeResult: success, version: HTTP/1.1, content: EmptyByteBufBE)
GET /session/0056328376bf1e67880b31bffc8879cb/element/981676988C74B6115090D468218D224F_element_9/name HTTP/1.1
User-Agent: selenium/4.8.1 (java windows)
Cache-Control: no-cache
Content-Type: application/json; charset=utf-8
host: localhost:7285
accept: */*

Response DefaultHttpResponse(decodeResult: success, version: HTTP/1.1)
HTTP/1.1 200 OK
Content-Length: 18
Content-Type: application/json; charset=utf-8
cache-control: no-cache

23:00:20.121 [AsyncHttpClient-1-17] DEBUG org.asynchttpclient.netty.channel.ChannelManager - Adding key: http://localhost:7285 for channel [id: 0xde526a3a, L:/127.0.0.1:54508 - R:localhost/127.0.0.1:7285]
23:00:20.122 [Forwarding isElementEnabled on session 0056328376bf1e67880b31bffc8879cb to remote] DEBUG org.asynchttpclient.netty.request.NettyRequestSender - Using pooled Channel '[id: 0xde526a3a, L:/127.0.0.1:54508 - R:localhost/127.0.0.1:7285]' for 'GET' to 'http://localhost:7285/session/0056328376bf1e67880b31bffc8879cb/element/981676988C74B6115090D468218D224F_element_9/enabled'
23:00:20.122 [Forwarding isElementEnabled on session 0056328376bf1e67880b31bffc8879cb to remote] DEBUG org.asynchttpclient.netty.request.NettyRequestSender - Using open Channel [id: 0xde526a3a, L:/127.0.0.1:54508 - R:localhost/127.0.0.1:7285] for GET '/session/0056328376bf1e67880b31bffc8879cb/element/981676988C74B6115090D468218D224F_element_9/enabled'
23:00:20.137 [AsyncHttpClient-1-17] DEBUG org.asynchttpclient.netty.handler.HttpHandler - 

Request DefaultFullHttpRequest(decodeResult: success, version: HTTP/1.1, content: EmptyByteBufBE)
GET /session/0056328376bf1e67880b31bffc8879cb/element/981676988C74B6115090D468218D224F_element_9/enabled HTTP/1.1
User-Agent: selenium/4.8.1 (java windows)
Cache-Control: no-cache
Content-Type: application/json; charset=utf-8
host: localhost:7285
accept: */*

Response DefaultHttpResponse(decodeResult: success, version: HTTP/1.1)
HTTP/1.1 200 OK
Content-Length: 14
Content-Type: application/json; charset=utf-8
cache-control: no-cache

23:00:20.137 [AsyncHttpClient-1-17] DEBUG org.asynchttpclient.netty.channel.ChannelManager - Adding key: http://localhost:7285 for channel [id: 0xde526a3a, L:/127.0.0.1:54508 - R:localhost/127.0.0.1:7285]
23:00:20.137 [Forwarding isElementEnabled on session 0056328376bf1e67880b31bffc8879cb to remote] DEBUG org.asynchttpclient.netty.request.NettyRequestSender - Using pooled Channel '[id: 0xde526a3a, L:/127.0.0.1:54508 - R:localhost/127.0.0.1:7285]' for 'GET' to 'http://localhost:7285/session/0056328376bf1e67880b31bffc8879cb/element/981676988C74B6115090D468218D224F_element_9/enabled'
23:00:20.137 [Forwarding isElementEnabled on session 0056328376bf1e67880b31bffc8879cb to remote] DEBUG org.asynchttpclient.netty.request.NettyRequestSender - Using open Channel [id: 0xde526a3a, L:/127.0.0.1:54508 - R:localhost/127.0.0.1:7285] for GET '/session/0056328376bf1e67880b31bffc8879cb/element/981676988C74B6115090D468218D224F_element_9/enabled'
23:00:20.148 [AsyncHttpClient-1-17] DEBUG org.asynchttpclient.netty.handler.HttpHandler - 

Request DefaultFullHttpRequest(decodeResult: success, version: HTTP/1.1, content: EmptyByteBufBE)
GET /session/0056328376bf1e67880b31bffc8879cb/element/981676988C74B6115090D468218D224F_element_9/enabled HTTP/1.1
User-Agent: selenium/4.8.1 (java windows)
Cache-Control: no-cache
Content-Type: application/json; charset=utf-8
host: localhost:7285
accept: */*

Response DefaultHttpResponse(decodeResult: success, version: HTTP/1.1)
HTTP/1.1 200 OK
Content-Length: 14
Content-Type: application/json; charset=utf-8
cache-control: no-cache

23:00:20.148 [AsyncHttpClient-1-17] DEBUG org.asynchttpclient.netty.channel.ChannelManager - Adding key: http://localhost:7285 for channel [id: 0xde526a3a, L:/127.0.0.1:54508 - R:localhost/127.0.0.1:7285]
23:00:20.150 [Forwarding findElement on session 0056328376bf1e67880b31bffc8879cb to remote] DEBUG org.asynchttpclient.netty.request.NettyRequestSender - Using pooled Channel '[id: 0xde526a3a, L:/127.0.0.1:54508 - R:localhost/127.0.0.1:7285]' for 'POST' to 'http://localhost:7285/session/0056328376bf1e67880b31bffc8879cb/element'
23:00:20.150 [Forwarding findElement on session 0056328376bf1e67880b31bffc8879cb to remote] DEBUG org.asynchttpclient.netty.request.NettyRequestSender - Using open Channel [id: 0xde526a3a, L:/127.0.0.1:54508 - R:localhost/127.0.0.1:7285] for POST '/session/0056328376bf1e67880b31bffc8879cb/element'
23:00:20.167 [AsyncHttpClient-1-17] DEBUG org.asynchttpclient.netty.handler.HttpHandler - 

Request DefaultHttpRequest(decodeResult: success, version: HTTP/1.1)
POST /session/0056328376bf1e67880b31bffc8879cb/element HTTP/1.1
User-Agent: selenium/4.8.1 (java windows)
Content-Length: 113
Content-Type: application/json; charset=utf-8
host: localhost:7285
accept: */*

Response DefaultHttpResponse(decodeResult: success, version: HTTP/1.1)
HTTP/1.1 200 OK
Content-Length: 94
Content-Type: application/json; charset=utf-8
cache-control: no-cache

23:00:20.167 [AsyncHttpClient-1-17] DEBUG org.asynchttpclient.netty.channel.ChannelManager - Adding key: http://localhost:7285 for channel [id: 0xde526a3a, L:/127.0.0.1:54508 - R:localhost/127.0.0.1:7285]
23:00:20.168 [Forwarding clickElement on session 0056328376bf1e67880b31bffc8879cb to remote] DEBUG org.asynchttpclient.netty.request.NettyRequestSender - Using pooled Channel '[id: 0xde526a3a, L:/127.0.0.1:54508 - R:localhost/127.0.0.1:7285]' for 'POST' to 'http://localhost:7285/session/0056328376bf1e67880b31bffc8879cb/element/981676988C74B6115090D468218D224F_element_9/click'
23:00:20.168 [Forwarding clickElement on session 0056328376bf1e67880b31bffc8879cb to remote] DEBUG org.asynchttpclient.netty.request.NettyRequestSender - Using open Channel [id: 0xde526a3a, L:/127.0.0.1:54508 - R:localhost/127.0.0.1:7285] for POST '/session/0056328376bf1e67880b31bffc8879cb/element/981676988C74B6115090D468218D224F_element_9/click'
23:00:20.202 [AsyncHttpClient-1-1] DEBUG org.asynchttpclient.netty.channel.DefaultChannelPool - Entry count for : http://localhost:54509 : 1
23:00:20.328 [AsyncHttpClient-1-17] DEBUG org.asynchttpclient.netty.handler.HttpHandler - 

Request DefaultHttpRequest(decodeResult: success, version: HTTP/1.1)
POST /session/0056328376bf1e67880b31bffc8879cb/element/981676988C74B6115090D468218D224F_element_9/click HTTP/1.1
User-Agent: selenium/4.8.1 (java windows)
Content-Length: 56
Content-Type: application/json; charset=utf-8
host: localhost:7285
accept: */*

Response DefaultHttpResponse(decodeResult: success, version: HTTP/1.1)
HTTP/1.1 200 OK
Content-Length: 14
Content-Type: application/json; charset=utf-8
cache-control: no-cache

23:00:20.328 [AsyncHttpClient-1-17] DEBUG org.asynchttpclient.netty.channel.ChannelManager - Adding key: http://localhost:7285 for channel [id: 0xde526a3a, L:/127.0.0.1:54508 - R:localhost/127.0.0.1:7285]
23:00:20.337 [Forwarding getAlertText on session 0056328376bf1e67880b31bffc8879cb to remote] DEBUG org.asynchttpclient.netty.request.NettyRequestSender - Using pooled Channel '[id: 0xde526a3a, L:/127.0.0.1:54508 - R:localhost/127.0.0.1:7285]' for 'GET' to 'http://localhost:7285/session/0056328376bf1e67880b31bffc8879cb/alert/text'
23:00:20.337 [Forwarding getAlertText on session 0056328376bf1e67880b31bffc8879cb to remote] DEBUG org.asynchttpclient.netty.request.NettyRequestSender - Using open Channel [id: 0xde526a3a, L:/127.0.0.1:54508 - R:localhost/127.0.0.1:7285] for GET '/session/0056328376bf1e67880b31bffc8879cb/alert/text'
23:00:20.340 [AsyncHttpClient-1-17] DEBUG org.asynchttpclient.netty.handler.HttpHandler - 

Request DefaultFullHttpRequest(decodeResult: success, version: HTTP/1.1, content: EmptyByteBufBE)
GET /session/0056328376bf1e67880b31bffc8879cb/alert/text HTTP/1.1
User-Agent: selenium/4.8.1 (java windows)
Cache-Control: no-cache
Content-Type: application/json; charset=utf-8
host: localhost:7285
accept: */*

Response DefaultHttpResponse(decodeResult: success, version: HTTP/1.1)
HTTP/1.1 404 Not Found
Content-Length: 820
Content-Type: application/json; charset=utf-8
cache-control: no-cache

23:00:20.340 [AsyncHttpClient-1-17] DEBUG org.asynchttpclient.netty.channel.ChannelManager - Adding key: http://localhost:7285 for channel [id: 0xde526a3a, L:/127.0.0.1:54508 - R:localhost/127.0.0.1:7285]
23:00:20.341 [Forwarding getCurrentUrl on session 0056328376bf1e67880b31bffc8879cb to remote] DEBUG org.asynchttpclient.netty.request.NettyRequestSender - Using pooled Channel '[id: 0xde526a3a, L:/127.0.0.1:54508 - R:localhost/127.0.0.1:7285]' for 'GET' to 'http://localhost:7285/session/0056328376bf1e67880b31bffc8879cb/url'
23:00:20.341 [Forwarding getCurrentUrl on session 0056328376bf1e67880b31bffc8879cb to remote] DEBUG org.asynchttpclient.netty.request.NettyRequestSender - Using open Channel [id: 0xde526a3a, L:/127.0.0.1:54508 - R:localhost/127.0.0.1:7285] for GET '/session/0056328376bf1e67880b31bffc8879cb/url'
23:00:20.352 [AsyncHttpClient-1-17] DEBUG org.asynchttpclient.netty.handler.HttpHandler - 

Request DefaultFullHttpRequest(decodeResult: success, version: HTTP/1.1, content: EmptyByteBufBE)
GET /session/0056328376bf1e67880b31bffc8879cb/url HTTP/1.1
User-Agent: selenium/4.8.1 (java windows)
Cache-Control: no-cache
Content-Type: application/json; charset=utf-8
host: localhost:7285
accept: */*

Response DefaultHttpResponse(decodeResult: success, version: HTTP/1.1)
HTTP/1.1 200 OK
Content-Length: 41
Content-Type: application/json; charset=utf-8
cache-control: no-cache

23:00:20.352 [AsyncHttpClient-1-17] DEBUG org.asynchttpclient.netty.channel.ChannelManager - Adding key: http://localhost:7285 for channel [id: 0xde526a3a, L:/127.0.0.1:54508 - R:localhost/127.0.0.1:7285]
23:00:20.353 [Forwarding screenshot on session 0056328376bf1e67880b31bffc8879cb to remote] DEBUG org.asynchttpclient.netty.request.NettyRequestSender - Using pooled Channel '[id: 0xde526a3a, L:/127.0.0.1:54508 - R:localhost/127.0.0.1:7285]' for 'GET' to 'http://localhost:7285/session/0056328376bf1e67880b31bffc8879cb/screenshot'
23:00:20.353 [Forwarding screenshot on session 0056328376bf1e67880b31bffc8879cb to remote] DEBUG org.asynchttpclient.netty.request.NettyRequestSender - Using open Channel [id: 0xde526a3a, L:/127.0.0.1:54508 - R:localhost/127.0.0.1:7285] for GET '/session/0056328376bf1e67880b31bffc8879cb/screenshot'
23:00:20.584 [AsyncHttpClient-1-17] DEBUG org.asynchttpclient.netty.handler.HttpHandler - 

Request DefaultFullHttpRequest(decodeResult: success, version: HTTP/1.1, content: EmptyByteBufBE)
GET /session/0056328376bf1e67880b31bffc8879cb/screenshot HTTP/1.1
User-Agent: selenium/4.8.1 (java windows)
Cache-Control: no-cache
Content-Type: application/json; charset=utf-8
host: localhost:7285
accept: */*

Response DefaultHttpResponse(decodeResult: success, version: HTTP/1.1)
HTTP/1.1 200 OK
Content-Length: 87708
Content-Type: application/json; charset=utf-8
cache-control: no-cache

23:00:20.584 [AsyncHttpClient-1-17] DEBUG org.asynchttpclient.netty.channel.ChannelManager - Adding key: http://localhost:7285 for channel [id: 0xde526a3a, L:/127.0.0.1:54508 - R:localhost/127.0.0.1:7285]
23:00:20.589 [main] DEBUG net.serenitybdd.core.photography.Darkroom - Send negative for processing for target\site\serenity\503f6a44b04e616ea1f0663879732d06b10078753b116031881c3a3ce4cb6930.png
23:00:20.590 [main] DEBUG net.thucydides.core.steps.StepInterceptor - STEP DONE: clickBeliProduk1
  &amp#27;[32mAnd &amp#27;[0m&amp#27;[32mI click buy button&amp#27;[0m                    &amp#27;[90m# starter.stepdefinitions.HomepageSteps.clickBuyButton()&amp#27;[0m
23:00:20.590 [Darkroom Processing Line] DEBUG net.serenitybdd.core.photography.DarkroomProcessingLine - Processing screenshot image in /var/screenshots/screenshot-8222389408117375307
23:00:20.590 [Darkroom Processing Line] DEBUG net.serenitybdd.core.photography.DarkroomProcessingLine - Saving screenshot to target\site\serenity\503f6a44b04e616ea1f0663879732d06b10078753b116031881c3a3ce4cb6930.png
23:00:20.602 [Forwarding getPageSource on session 0056328376bf1e67880b31bffc8879cb to remote] DEBUG org.asynchttpclient.netty.request.NettyRequestSender - Using pooled Channel '[id: 0xde526a3a, L:/127.0.0.1:54508 - R:localhost/127.0.0.1:7285]' for 'POST' to 'http://localhost:7285/session/0056328376bf1e67880b31bffc8879cb/execute/sync'
23:00:20.602 [Forwarding getPageSource on session 0056328376bf1e67880b31bffc8879cb to remote] DEBUG org.asynchttpclient.netty.request.NettyRequestSender - Using open Channel [id: 0xde526a3a, L:/127.0.0.1:54508 - R:localhost/127.0.0.1:7285] for POST '/session/0056328376bf1e67880b31bffc8879cb/execute/sync'
23:00:20.707 [AsyncHttpClient-1-17] DEBUG org.asynchttpclient.netty.handler.HttpHandler - 

Request DefaultHttpRequest(decodeResult: success, version: HTTP/1.1)
POST /session/0056328376bf1e67880b31bffc8879cb/execute/sync HTTP/1.1
User-Agent: selenium/4.8.1 (java windows)
Content-Length: 176
Content-Type: application/json; charset=utf-8
host: localhost:7285
accept: */*

Response DefaultHttpResponse(decodeResult: success, version: HTTP/1.1)
HTTP/1.1 200 OK
Content-Length: 817404
Content-Type: application/json; charset=utf-8
cache-control: no-cache

23:00:20.709 [AsyncHttpClient-1-17] DEBUG org.asynchttpclient.netty.channel.ChannelManager - Adding key: http://localhost:7285 for channel [id: 0xde526a3a, L:/127.0.0.1:54508 - R:localhost/127.0.0.1:7285]
23:00:20.854 [Forwarding getCurrentUrl on session 0056328376bf1e67880b31bffc8879cb to remote] DEBUG org.asynchttpclient.netty.request.NettyRequestSender - Using pooled Channel '[id: 0xde526a3a, L:/127.0.0.1:54508 - R:localhost/127.0.0.1:7285]' for 'GET' to 'http://localhost:7285/session/0056328376bf1e67880b31bffc8879cb/url'
23:00:20.854 [Forwarding getCurrentUrl on session 0056328376bf1e67880b31bffc8879cb to remote] DEBUG org.asynchttpclient.netty.request.NettyRequestSender - Using open Channel [id: 0xde526a3a, L:/127.0.0.1:54508 - R:localhost/127.0.0.1:7285] for GET '/session/0056328376bf1e67880b31bffc8879cb/url'
23:00:20.869 [AsyncHttpClient-1-17] DEBUG org.asynchttpclient.netty.handler.HttpHandler - 

Request DefaultFullHttpRequest(decodeResult: success, version: HTTP/1.1, content: EmptyByteBufBE)
GET /session/0056328376bf1e67880b31bffc8879cb/url HTTP/1.1
User-Agent: selenium/4.8.1 (java windows)
Cache-Control: no-cache
Content-Type: application/json; charset=utf-8
host: localhost:7285
accept: */*

Response DefaultHttpResponse(decodeResult: success, version: HTTP/1.1)
HTTP/1.1 200 OK
Content-Length: 41
Content-Type: application/json; charset=utf-8
cache-control: no-cache

23:00:20.869 [AsyncHttpClient-1-17] DEBUG org.asynchttpclient.netty.channel.ChannelManager - Adding key: http://localhost:7285 for channel [id: 0xde526a3a, L:/127.0.0.1:54508 - R:localhost/127.0.0.1:7285]
23:00:20.882 [Forwarding getAlertText on session 0056328376bf1e67880b31bffc8879cb to remote] DEBUG org.asynchttpclient.netty.request.NettyRequestSender - Using pooled Channel '[id: 0xde526a3a, L:/127.0.0.1:54508 - R:localhost/127.0.0.1:7285]' for 'GET' to 'http://localhost:7285/session/0056328376bf1e67880b31bffc8879cb/alert/text'
23:00:20.882 [Forwarding getAlertText on session 0056328376bf1e67880b31bffc8879cb to remote] DEBUG org.asynchttpclient.netty.request.NettyRequestSender - Using open Channel [id: 0xde526a3a, L:/127.0.0.1:54508 - R:localhost/127.0.0.1:7285] for GET '/session/0056328376bf1e67880b31bffc8879cb/alert/text'
23:00:20.885 [AsyncHttpClient-1-17] DEBUG org.asynchttpclient.netty.handler.HttpHandler - 

Request DefaultFullHttpRequest(decodeResult: success, version: HTTP/1.1, content: EmptyByteBufBE)
GET /session/0056328376bf1e67880b31bffc8879cb/alert/text HTTP/1.1
User-Agent: selenium/4.8.1 (java windows)
Cache-Control: no-cache
Content-Type: application/json; charset=utf-8
host: localhost:7285
accept: */*

Response DefaultHttpResponse(decodeResult: success, version: HTTP/1.1)
HTTP/1.1 404 Not Found
Content-Length: 820
Content-Type: application/json; charset=utf-8
cache-control: no-cache

23:00:20.885 [AsyncHttpClient-1-17] DEBUG org.asynchttpclient.netty.channel.ChannelManager - Adding key: http://localhost:7285 for channel [id: 0xde526a3a, L:/127.0.0.1:54508 - R:localhost/127.0.0.1:7285]
23:00:20.886 [Forwarding getCurrentUrl on session 0056328376bf1e67880b31bffc8879cb to remote] DEBUG org.asynchttpclient.netty.request.NettyRequestSender - Using pooled Channel '[id: 0xde526a3a, L:/127.0.0.1:54508 - R:localhost/127.0.0.1:7285]' for 'GET' to 'http://localhost:7285/session/0056328376bf1e67880b31bffc8879cb/url'
23:00:20.886 [Forwarding getCurrentUrl on session 0056328376bf1e67880b31bffc8879cb to remote] DEBUG org.asynchttpclient.netty.request.NettyRequestSender - Using open Channel [id: 0xde526a3a, L:/127.0.0.1:54508 - R:localhost/127.0.0.1:7285] for GET '/session/0056328376bf1e67880b31bffc8879cb/url'
23:00:20.895 [AsyncHttpClient-1-17] DEBUG org.asynchttpclient.netty.handler.HttpHandler - 

Request DefaultFullHttpRequest(decodeResult: success, version: HTTP/1.1, content: EmptyByteBufBE)
GET /session/0056328376bf1e67880b31bffc8879cb/url HTTP/1.1
User-Agent: selenium/4.8.1 (java windows)
Cache-Control: no-cache
Content-Type: application/json; charset=utf-8
host: localhost:7285
accept: */*

Response DefaultHttpResponse(decodeResult: success, version: HTTP/1.1)
HTTP/1.1 200 OK
Content-Length: 41
Content-Type: application/json; charset=utf-8
cache-control: no-cache

23:00:20.895 [AsyncHttpClient-1-17] DEBUG org.asynchttpclient.netty.channel.ChannelManager - Adding key: http://localhost:7285 for channel [id: 0xde526a3a, L:/127.0.0.1:54508 - R:localhost/127.0.0.1:7285]
23:00:20.896 [Forwarding screenshot on session 0056328376bf1e67880b31bffc8879cb to remote] DEBUG org.asynchttpclient.netty.request.NettyRequestSender - Using pooled Channel '[id: 0xde526a3a, L:/127.0.0.1:54508 - R:localhost/127.0.0.1:7285]' for 'GET' to 'http://localhost:7285/session/0056328376bf1e67880b31bffc8879cb/screenshot'
23:00:20.896 [Forwarding screenshot on session 0056328376bf1e67880b31bffc8879cb to remote] DEBUG org.asynchttpclient.netty.request.NettyRequestSender - Using open Channel [id: 0xde526a3a, L:/127.0.0.1:54508 - R:localhost/127.0.0.1:7285] for GET '/session/0056328376bf1e67880b31bffc8879cb/screenshot'
23:00:21.062 [AsyncHttpClient-1-17] DEBUG org.asynchttpclient.netty.handler.HttpHandler - 

Request DefaultFullHttpRequest(decodeResult: success, version: HTTP/1.1, content: EmptyByteBufBE)
GET /session/0056328376bf1e67880b31bffc8879cb/screenshot HTTP/1.1
User-Agent: selenium/4.8.1 (java windows)
Cache-Control: no-cache
Content-Type: application/json; charset=utf-8
host: localhost:7285
accept: */*

Response DefaultHttpResponse(decodeResult: success, version: HTTP/1.1)
HTTP/1.1 200 OK
Content-Length: 86752
Content-Type: application/json; charset=utf-8
cache-control: no-cache

23:00:21.062 [AsyncHttpClient-1-17] DEBUG org.asynchttpclient.netty.channel.ChannelManager - Adding key: http://localhost:7285 for channel [id: 0xde526a3a, L:/127.0.0.1:54508 - R:localhost/127.0.0.1:7285]
23:00:21.068 [main] DEBUG net.serenitybdd.core.photography.Darkroom - Send negative for processing for target\site\serenity\acdb85324b05ed0031f159074a1f8a61ef072aad95489d72e4cd86a0da2c3148.png
23:00:21.068 [Darkroom Processing Line] DEBUG net.serenitybdd.core.photography.DarkroomProcessingLine - Processing screenshot image in /var/screenshots/screenshot-3491091790846179691
23:00:21.068 [Darkroom Processing Line] DEBUG net.serenitybdd.core.photography.DarkroomProcessingLine - Saving screenshot to target\site\serenity\acdb85324b05ed0031f159074a1f8a61ef072aad95489d72e4cd86a0da2c3148.png
23:00:21.069 [Forwarding getPageSource on session 0056328376bf1e67880b31bffc8879cb to remote] DEBUG org.asynchttpclient.netty.request.NettyRequestSender - Using pooled Channel '[id: 0xde526a3a, L:/127.0.0.1:54508 - R:localhost/127.0.0.1:7285]' for 'POST' to 'http://localhost:7285/session/0056328376bf1e67880b31bffc8879cb/execute/sync'
23:00:21.069 [Forwarding getPageSource on session 0056328376bf1e67880b31bffc8879cb to remote] DEBUG org.asynchttpclient.netty.request.NettyRequestSender - Using open Channel [id: 0xde526a3a, L:/127.0.0.1:54508 - R:localhost/127.0.0.1:7285] for POST '/session/0056328376bf1e67880b31bffc8879cb/execute/sync'
23:00:21.133 [AsyncHttpClient-1-17] DEBUG org.asynchttpclient.netty.handler.HttpHandler - 

Request DefaultHttpRequest(decodeResult: success, version: HTTP/1.1)
POST /session/0056328376bf1e67880b31bffc8879cb/execute/sync HTTP/1.1
User-Agent: selenium/4.8.1 (java windows)
Content-Length: 176
Content-Type: application/json; charset=utf-8
host: localhost:7285
accept: */*

Response DefaultHttpResponse(decodeResult: success, version: HTTP/1.1)
HTTP/1.1 200 OK
Content-Length: 817003
Content-Type: application/json; charset=utf-8
cache-control: no-cache

23:00:21.133 [AsyncHttpClient-1-17] DEBUG org.asynchttpclient.netty.channel.ChannelManager - Adding key: http://localhost:7285 for channel [id: 0xde526a3a, L:/127.0.0.1:54508 - R:localhost/127.0.0.1:7285]
23:00:21.240 [Forwarding getCurrentUrl on session 0056328376bf1e67880b31bffc8879cb to remote] DEBUG org.asynchttpclient.netty.request.NettyRequestSender - Using pooled Channel '[id: 0xde526a3a, L:/127.0.0.1:54508 - R:localhost/127.0.0.1:7285]' for 'GET' to 'http://localhost:7285/session/0056328376bf1e67880b31bffc8879cb/url'
23:00:21.240 [Forwarding getCurrentUrl on session 0056328376bf1e67880b31bffc8879cb to remote] DEBUG org.asynchttpclient.netty.request.NettyRequestSender - Using open Channel [id: 0xde526a3a, L:/127.0.0.1:54508 - R:localhost/127.0.0.1:7285] for GET '/session/0056328376bf1e67880b31bffc8879cb/url'
23:00:21.247 [AsyncHttpClient-1-17] DEBUG org.asynchttpclient.netty.handler.HttpHandler - 

Request DefaultFullHttpRequest(decodeResult: success, version: HTTP/1.1, content: EmptyByteBufBE)
GET /session/0056328376bf1e67880b31bffc8879cb/url HTTP/1.1
User-Agent: selenium/4.8.1 (java windows)
Cache-Control: no-cache
Content-Type: application/json; charset=utf-8
host: localhost:7285
accept: */*

Response DefaultHttpResponse(decodeResult: success, version: HTTP/1.1)
HTTP/1.1 200 OK
Content-Length: 41
Content-Type: application/json; charset=utf-8
cache-control: no-cache

23:00:21.247 [AsyncHttpClient-1-17] DEBUG org.asynchttpclient.netty.channel.ChannelManager - Adding key: http://localhost:7285 for channel [id: 0xde526a3a, L:/127.0.0.1:54508 - R:localhost/127.0.0.1:7285]
23:00:21.250 [main] DEBUG net.thucydides.core.steps.StepInterceptor - STARTING STEP: HomepageSteps.seeProductToCart - validatePopUp
23:00:21.252 [Forwarding findElement on session 0056328376bf1e67880b31bffc8879cb to remote] DEBUG org.asynchttpclient.netty.request.NettyRequestSender - Using pooled Channel '[id: 0xde526a3a, L:/127.0.0.1:54508 - R:localhost/127.0.0.1:7285]' for 'POST' to 'http://localhost:7285/session/0056328376bf1e67880b31bffc8879cb/element'
23:00:21.252 [Forwarding findElement on session 0056328376bf1e67880b31bffc8879cb to remote] DEBUG org.asynchttpclient.netty.request.NettyRequestSender - Using open Channel [id: 0xde526a3a, L:/127.0.0.1:54508 - R:localhost/127.0.0.1:7285] for POST '/session/0056328376bf1e67880b31bffc8879cb/element'
23:00:21.277 [AsyncHttpClient-1-17] DEBUG org.asynchttpclient.netty.handler.HttpHandler - 

Request DefaultHttpRequest(decodeResult: success, version: HTTP/1.1)
POST /session/0056328376bf1e67880b31bffc8879cb/element HTTP/1.1
User-Agent: selenium/4.8.1 (java windows)
Content-Length: 148
Content-Type: application/json; charset=utf-8
host: localhost:7285
accept: */*

Response DefaultHttpResponse(decodeResult: success, version: HTTP/1.1)
HTTP/1.1 200 OK
Content-Length: 95
Content-Type: application/json; charset=utf-8
cache-control: no-cache

23:00:21.277 [AsyncHttpClient-1-17] DEBUG org.asynchttpclient.netty.channel.ChannelManager - Adding key: http://localhost:7285 for channel [id: 0xde526a3a, L:/127.0.0.1:54508 - R:localhost/127.0.0.1:7285]
23:00:21.279 [Forwarding isElementDisplayed on session 0056328376bf1e67880b31bffc8879cb to remote] DEBUG org.asynchttpclient.netty.request.NettyRequestSender - Using pooled Channel '[id: 0xde526a3a, L:/127.0.0.1:54508 - R:localhost/127.0.0.1:7285]' for 'POST' to 'http://localhost:7285/session/0056328376bf1e67880b31bffc8879cb/execute/sync'
23:00:21.279 [Forwarding isElementDisplayed on session 0056328376bf1e67880b31bffc8879cb to remote] DEBUG org.asynchttpclient.netty.request.NettyRequestSender - Using open Channel [id: 0xde526a3a, L:/127.0.0.1:54508 - R:localhost/127.0.0.1:7285] for POST '/session/0056328376bf1e67880b31bffc8879cb/execute/sync'
23:00:21.294 [AsyncHttpClient-1-17] DEBUG org.asynchttpclient.netty.handler.HttpHandler - 

Request DefaultHttpRequest(decodeResult: success, version: HTTP/1.1)
POST /session/0056328376bf1e67880b31bffc8879cb/execute/sync HTTP/1.1
User-Agent: selenium/4.8.1 (java windows)
Content-Length: 48814
Content-Type: application/json; charset=utf-8
host: localhost:7285
accept: */*

Response DefaultHttpResponse(decodeResult: success, version: HTTP/1.1)
HTTP/1.1 200 OK
Content-Length: 14
Content-Type: application/json; charset=utf-8
cache-control: no-cache

23:00:21.294 [AsyncHttpClient-1-17] DEBUG org.asynchttpclient.netty.channel.ChannelManager - Adding key: http://localhost:7285 for channel [id: 0xde526a3a, L:/127.0.0.1:54508 - R:localhost/127.0.0.1:7285]
23:00:21.297 [Forwarding getAlertText on session 0056328376bf1e67880b31bffc8879cb to remote] DEBUG org.asynchttpclient.netty.request.NettyRequestSender - Using pooled Channel '[id: 0xde526a3a, L:/127.0.0.1:54508 - R:localhost/127.0.0.1:7285]' for 'GET' to 'http://localhost:7285/session/0056328376bf1e67880b31bffc8879cb/alert/text'
23:00:21.297 [Forwarding getAlertText on session 0056328376bf1e67880b31bffc8879cb to remote] DEBUG org.asynchttpclient.netty.request.NettyRequestSender - Using open Channel [id: 0xde526a3a, L:/127.0.0.1:54508 - R:localhost/127.0.0.1:7285] for GET '/session/0056328376bf1e67880b31bffc8879cb/alert/text'
23:00:21.299 [AsyncHttpClient-1-17] DEBUG org.asynchttpclient.netty.handler.HttpHandler - 

Request DefaultFullHttpRequest(decodeResult: success, version: HTTP/1.1, content: EmptyByteBufBE)
GET /session/0056328376bf1e67880b31bffc8879cb/alert/text HTTP/1.1
User-Agent: selenium/4.8.1 (java windows)
Cache-Control: no-cache
Content-Type: application/json; charset=utf-8
host: localhost:7285
accept: */*

Response DefaultHttpResponse(decodeResult: success, version: HTTP/1.1)
HTTP/1.1 404 Not Found
Content-Length: 820
Content-Type: application/json; charset=utf-8
cache-control: no-cache

23:00:21.299 [AsyncHttpClient-1-17] DEBUG org.asynchttpclient.netty.channel.ChannelManager - Adding key: http://localhost:7285 for channel [id: 0xde526a3a, L:/127.0.0.1:54508 - R:localhost/127.0.0.1:7285]
23:00:21.299 [Forwarding getCurrentUrl on session 0056328376bf1e67880b31bffc8879cb to remote] DEBUG org.asynchttpclient.netty.request.NettyRequestSender - Using pooled Channel '[id: 0xde526a3a, L:/127.0.0.1:54508 - R:localhost/127.0.0.1:7285]' for 'GET' to 'http://localhost:7285/session/0056328376bf1e67880b31bffc8879cb/url'
23:00:21.299 [Forwarding getCurrentUrl on session 0056328376bf1e67880b31bffc8879cb to remote] DEBUG org.asynchttpclient.netty.request.NettyRequestSender - Using open Channel [id: 0xde526a3a, L:/127.0.0.1:54508 - R:localhost/127.0.0.1:7285] for GET '/session/0056328376bf1e67880b31bffc8879cb/url'
23:00:21.306 [AsyncHttpClient-1-17] DEBUG org.asynchttpclient.netty.handler.HttpHandler - 

Request DefaultFullHttpRequest(decodeResult: success, version: HTTP/1.1, content: EmptyByteBufBE)
GET /session/0056328376bf1e67880b31bffc8879cb/url HTTP/1.1
User-Agent: selenium/4.8.1 (java windows)
Cache-Control: no-cache
Content-Type: application/json; charset=utf-8
host: localhost:7285
accept: */*

Response DefaultHttpResponse(decodeResult: success, version: HTTP/1.1)
HTTP/1.1 200 OK
Content-Length: 41
Content-Type: application/json; charset=utf-8
cache-control: no-cache

23:00:21.306 [AsyncHttpClient-1-17] DEBUG org.asynchttpclient.netty.channel.ChannelManager - Adding key: http://localhost:7285 for channel [id: 0xde526a3a, L:/127.0.0.1:54508 - R:localhost/127.0.0.1:7285]
23:00:21.306 [Forwarding screenshot on session 0056328376bf1e67880b31bffc8879cb to remote] DEBUG org.asynchttpclient.netty.request.NettyRequestSender - Using pooled Channel '[id: 0xde526a3a, L:/127.0.0.1:54508 - R:localhost/127.0.0.1:7285]' for 'GET' to 'http://localhost:7285/session/0056328376bf1e67880b31bffc8879cb/screenshot'
23:00:21.306 [Forwarding screenshot on session 0056328376bf1e67880b31bffc8879cb to remote] DEBUG org.asynchttpclient.netty.request.NettyRequestSender - Using open Channel [id: 0xde526a3a, L:/127.0.0.1:54508 - R:localhost/127.0.0.1:7285] for GET '/session/0056328376bf1e67880b31bffc8879cb/screenshot'
23:00:21.308 [AsyncHttpClient-1-1] DEBUG org.asynchttpclient.netty.channel.DefaultChannelPool - Entry count for : http://localhost:54509 : 1
23:00:21.419 [AsyncHttpClient-1-17] DEBUG org.asynchttpclient.netty.handler.HttpHandler - 

Request DefaultFullHttpRequest(decodeResult: success, version: HTTP/1.1, content: EmptyByteBufBE)
GET /session/0056328376bf1e67880b31bffc8879cb/screenshot HTTP/1.1
User-Agent: selenium/4.8.1 (java windows)
Cache-Control: no-cache
Content-Type: application/json; charset=utf-8
host: localhost:7285
accept: */*

Response DefaultHttpResponse(decodeResult: success, version: HTTP/1.1)
HTTP/1.1 200 OK
Content-Length: 86752
Content-Type: application/json; charset=utf-8
cache-control: no-cache

23:00:21.419 [AsyncHttpClient-1-17] DEBUG org.asynchttpclient.netty.channel.ChannelManager - Adding key: http://localhost:7285 for channel [id: 0xde526a3a, L:/127.0.0.1:54508 - R:localhost/127.0.0.1:7285]
23:00:21.424 [main] DEBUG net.serenitybdd.core.photography.Darkroom - Send negative for processing for target\site\serenity\acdb85324b05ed0031f159074a1f8a61ef072aad95489d72e4cd86a0da2c3148.png
23:00:21.424 [main] DEBUG net.thucydides.core.steps.StepInterceptor - STEP DONE: validatePopUp
  &amp#27;[32mThen &amp#27;[0m&amp#27;[32mI see the pop up product add to cart&amp#27;[0m &amp#27;[90m# starter.stepdefinitions.HomepageSteps.seeProductToCart()&amp#27;[0m
23:00:21.430 [main] INFO  - 
  _____   ___   ___   _____     ___     _     ___   ___   ___   ___  
 |_   _| | __| / __| |_   _|   | _ \   /_\   / __| / __| | __| |   \ 
   | |   | _|  \__ \   | |     |  _/  / _ \  \__ \ \__ \ | _|  | |) |
   |_|   |___| |___/   |_|     |_|   /_/ \_\ |___/ |___/ |___| |___/ 

Add one product in cart
----------------------------------------------------------------------
23:00:21.430 [Driver Command Executor] DEBUG org.asynchttpclient.netty.request.NettyRequestSender - Using pooled Channel '[id: 0xde526a3a, L:/127.0.0.1:54508 - R:localhost/127.0.0.1:7285]' for 'DELETE' to 'http://localhost:7285/session/0056328376bf1e67880b31bffc8879cb'
23:00:21.430 [Driver Command Executor] DEBUG org.asynchttpclient.netty.request.NettyRequestSender - Using open Channel [id: 0xde526a3a, L:/127.0.0.1:54508 - R:localhost/127.0.0.1:7285] for DELETE '/session/0056328376bf1e67880b31bffc8879cb'
23:00:21.430 [AsyncHttpClient-1-19] DEBUG org.asynchttpclient.netty.handler.WebSocketHandler - Channel Closed: [id: 0x894f3ea8, L:/127.0.0.1:54516 ! R:localhost/127.0.0.1:54509] with attribute NettyResponseFuture{currentRetry=0,
	isDone=1,
	isCancelled=0,
	asyncHandler=org.asynchttpclient.ws.WebSocketUpgradeHandler@590c392c,
	nettyRequest=org.asynchttpclient.netty.request.NettyRequest@4de203d6,
	future=java.util.concurrent.CompletableFuture@4467bd41[Completed normally],
	uri=ws://localhost:54509/devtools/browser/200ee62d-9cd9-460c-8e2a-4298b0841bca,
	keepAlive=true,
	redirectCount=0,
	timeoutsHolder=null,
	inAuth=0,
	touch=1683561613538}
23:00:21.431 [AsyncHttpClient-1-19] DEBUG org.asynchttpclient.netty.channel.ChannelManager - Closing Channel [id: 0x894f3ea8, L:/127.0.0.1:54516 ! R:localhost/127.0.0.1:54509] 
23:00:21.606 [AsyncHttpClient-1-18] DEBUG org.asynchttpclient.netty.handler.HttpHandler - Unexpected I/O exception on channel [id: 0x3b0bc880, L:/127.0.0.1:54515 - R:localhost/127.0.0.1:54509]
java.io.IOException: An existing connection was forcibly closed by the remote host
	at sun.nio.ch.SocketDispatcher.read0(Native Method)
	at sun.nio.ch.SocketDispatcher.read(SocketDispatcher.java:43)
	at sun.nio.ch.IOUtil.readIntoNativeBuffer(IOUtil.java:223)
	at sun.nio.ch.IOUtil.read(IOUtil.java:192)
	at sun.nio.ch.SocketChannelImpl.read(SocketChannelImpl.java:378)
	at io.netty.buffer.PooledByteBuf.setBytes(PooledByteBuf.java:259)
	at io.netty.buffer.AbstractByteBuf.writeBytes(AbstractByteBuf.java:1132)
	at io.netty.channel.socket.nio.NioSocketChannel.doReadBytes(NioSocketChannel.java:357)
	at io.netty.channel.nio.AbstractNioByteChannel$NioByteUnsafe.read(AbstractNioByteChannel.java:151)
	at io.netty.channel.nio.NioEventLoop.processSelectedKey(NioEventLoop.java:788)
	at io.netty.channel.nio.NioEventLoop.processSelectedKeysOptimized(NioEventLoop.java:724)
	at io.netty.channel.nio.NioEventLoop.processSelectedKeys(NioEventLoop.java:650)
	at io.netty.channel.nio.NioEventLoop.run(NioEventLoop.java:562)
	at io.netty.util.concurrent.SingleThreadEventExecutor$4.run(SingleThreadEventExecutor.java:997)
	at io.netty.util.internal.ThreadExecutorMap$2.run(ThreadExecutorMap.java:74)
	at io.netty.util.concurrent.FastThreadLocalRunnable.run(FastThreadLocalRunnable.java:30)
	at java.lang.Thread.run(Thread.java:750)
23:00:21.606 [AsyncHttpClient-1-18] DEBUG org.asynchttpclient.netty.channel.ChannelManager - Closing Channel [id: 0x3b0bc880, L:/127.0.0.1:54515 - R:localhost/127.0.0.1:54509] 
23:00:21.607 [AsyncHttpClient-1-18] DEBUG org.asynchttpclient.netty.handler.HttpHandler - Channel Closed: [id: 0x3b0bc880, L:/127.0.0.1:54515 ! R:localhost/127.0.0.1:54509] with attribute DISCARD
23:00:21.626 [AsyncHttpClient-1-17] DEBUG org.asynchttpclient.netty.handler.HttpHandler - 

Request DefaultFullHttpRequest(decodeResult: success, version: HTTP/1.1, content: EmptyByteBufBE)
DELETE /session/0056328376bf1e67880b31bffc8879cb HTTP/1.1
User-Agent: selenium/4.8.1 (java windows)
Content-Type: application/json; charset=utf-8
host: localhost:7285
accept: */*

Response DefaultHttpResponse(decodeResult: success, version: HTTP/1.1)
HTTP/1.1 200 OK
Content-Length: 14
Content-Type: application/json; charset=utf-8
cache-control: no-cache

23:00:21.626 [AsyncHttpClient-1-17] DEBUG org.asynchttpclient.netty.channel.ChannelManager - Adding key: http://localhost:7285 for channel [id: 0xde526a3a, L:/127.0.0.1:54508 - R:localhost/127.0.0.1:7285]
23:00:21.673 [AsyncHttpClient-1-17] DEBUG org.asynchttpclient.netty.handler.HttpHandler - Channel Closed: [id: 0xde526a3a, L:/127.0.0.1:54508 ! R:localhost/127.0.0.1:7285] with attribute DISCARD
]]></system-out>
    <system-err><![CDATA[Starting ChromeDriver 113.0.5672.63 (0e1a4471d5ae5bf128b1bd8f4d627c8cbd55f70c-refs/branch-heads/5672@{#912}) on port 7285
Only local connections are allowed.
Please see https://chromedriver.chromium.org/security-considerations for suggestions on keeping ChromeDriver safe.
ChromeDriver was started successfully.
May 08, 2023 11:00:13 PM org.openqa.selenium.devtools.CdpVersionFinder findNearestMatch
WARNING: Unable to find an exact match for CDP version 113, so returning the closest version found: 110
]]></system-err>
  </testcase>
  <testcase name="Add two identical in cart" classname="HomePage" time="11.449">
    <system-out><![CDATA[
Scenario: Add two identical in cart         &amp#27;[90m# src/test/resources/features/3.Homepage.feature:13&amp#27;[0m
23:00:22.223 [main] DEBUG io.cucumber.core.plugin.SerenityReporter - Running feature from file:///D:/1.%20QA%20ALTERRA%20ACADEMY/MobileTesting/MiniProjectWEB/src/test/resources/features/3.Homepage.feature
23:00:22.228 [main] INFO  - 
  _____   ___   ___   _____     ___   _____     _     ___   _____   ___   ___  
 |_   _| | __| / __| |_   _|   / __| |_   _|   /_\   | _ \ |_   _| | __| |   \ 
   | |   | _|  \__ \   | |     \__ \   | |    / _ \  |   /   | |   | _|  | |) |
   |_|   |___| |___/   |_|     |___/   |_|   /_/ \_\ |_|_\   |_|   |___| |___/ 

Add two identical in cart(homepage;add-two-identical-in-cart)
--------------------------------------------------------------------------------
23:00:22.387 [main] INFO net.serenitybdd.core.webdriver.driverproviders.ChromeDriverProvider - Starting Chrome driver instance with capabilities:
23:00:22.387 [main] INFO net.serenitybdd.core.webdriver.driverproviders.ChromeDriverProvider - Capabilities {acceptInsecureCerts: false, browserName: chrome, goog:chromeOptions: {args: [remote-allow-origins=*], extensions: []}}
23:00:22.398 [AsyncHttpClient-1-1] DEBUG org.asynchttpclient.netty.channel.DefaultChannelPool - Entry count for : http://localhost:7285 : 1
23:00:22.398 [AsyncHttpClient-1-1] DEBUG org.asynchttpclient.netty.channel.DefaultChannelPool - Entry count for : http://localhost:54509 : 1
23:00:22.398 [AsyncHttpClient-1-1] DEBUG org.asynchttpclient.netty.channel.DefaultChannelPool - Adding Candidate expired Channel [id: 0xde526a3a, L:/127.0.0.1:54508 ! R:localhost/127.0.0.1:7285] isIdleTimeoutExpired=false isRemotelyClosed=true isTtlExpired=false
23:00:22.398 [AsyncHttpClient-1-1] DEBUG org.asynchttpclient.netty.channel.DefaultChannelPool - Closing Idle Channel [id: 0xde526a3a, L:/127.0.0.1:54508 ! R:localhost/127.0.0.1:7285]
23:00:22.398 [AsyncHttpClient-1-1] DEBUG org.asynchttpclient.netty.channel.DefaultChannelPool - Adding Candidate expired Channel [id: 0x3b0bc880, L:/127.0.0.1:54515 ! R:localhost/127.0.0.1:54509] isIdleTimeoutExpired=false isRemotelyClosed=true isTtlExpired=false
23:00:22.398 [AsyncHttpClient-1-1] DEBUG org.asynchttpclient.netty.channel.DefaultChannelPool - Closing Idle Channel [id: 0x3b0bc880, L:/127.0.0.1:54515 ! R:localhost/127.0.0.1:54509]
23:00:22.398 [AsyncHttpClient-1-1] DEBUG org.asynchttpclient.netty.channel.DefaultChannelPool - Closed 2 connections out of 2 in 0 ms
23:00:23.423 [AsyncHttpClient-1-20] DEBUG org.asynchttpclient.netty.channel.NettyConnectListener - Using new Channel '[id: 0x3a5f2269, L:/127.0.0.1:54535 - R:localhost/127.0.0.1:26723]' for 'POST' to '/session'
23:00:24.026 [AsyncHttpClient-1-20] DEBUG org.asynchttpclient.netty.handler.HttpHandler - 

Request DefaultHttpRequest(decodeResult: success, version: HTTP/1.1)
POST /session HTTP/1.1
User-Agent: selenium/4.8.1 (java windows)
Content-Length: 507
Content-Type: application/json; charset=utf-8
host: localhost:26723
accept: */*

Response DefaultHttpResponse(decodeResult: success, version: HTTP/1.1)
HTTP/1.1 200 OK
Content-Length: 862
Content-Type: application/json; charset=utf-8
cache-control: no-cache

23:00:24.026 [AsyncHttpClient-1-20] DEBUG org.asynchttpclient.netty.channel.ChannelManager - Adding key: http://localhost:26723 for channel [id: 0x3a5f2269, L:/127.0.0.1:54535 - R:localhost/127.0.0.1:26723]
23:00:24.031 [AsyncHttpClient-1-21] DEBUG org.asynchttpclient.netty.channel.NettyConnectListener - Using new Channel '[id: 0xc2887eeb, L:/127.0.0.1:54542 - R:localhost/127.0.0.1:54536]' for 'GET' to '/json/version'
23:00:24.032 [AsyncHttpClient-1-21] DEBUG org.asynchttpclient.netty.handler.HttpHandler - 

Request DefaultFullHttpRequest(decodeResult: success, version: HTTP/1.1, content: EmptyByteBufBE)
GET /json/version HTTP/1.1
User-Agent: selenium/4.8.1 (java windows)
host: localhost:54536
accept: */*

Response DefaultHttpResponse(decodeResult: success, version: HTTP/1.1)
HTTP/1.1 200 OK
Content-Security-Policy: frame-ancestors 'none'
Content-Length: 422
Content-Type: application/json; charset=UTF-8

23:00:24.032 [AsyncHttpClient-1-21] DEBUG org.asynchttpclient.netty.channel.ChannelManager - Adding key: http://localhost:54536 for channel [id: 0xc2887eeb, L:/127.0.0.1:54542 - R:localhost/127.0.0.1:54536]
23:00:24.033 [AsyncHttpClient-1-22] DEBUG org.asynchttpclient.netty.channel.NettyConnectListener - Using new Channel '[id: 0x15bc80e0, L:/127.0.0.1:54543 - R:localhost/127.0.0.1:54536]' for 'GET' to '/devtools/browser/071017c8-8c60-41c2-8cc9-0663463ed049'
23:00:24.034 [AsyncHttpClient-1-22] DEBUG org.asynchttpclient.netty.handler.WebSocketHandler - 

Request DefaultFullHttpRequest(decodeResult: success, version: HTTP/1.1, content: EmptyByteBufBE)
GET /devtools/browser/071017c8-8c60-41c2-8cc9-0663463ed049 HTTP/1.1
upgrade: websocket
connection: upgrade
sec-websocket-key: BQ7mnnAg5n6i3ZsR0lRn7Q==
sec-websocket-version: 13
origin: http://localhost:54536
host: localhost:54536
accept: */*
user-agent: AHC/2.1

Response DefaultHttpResponse(decodeResult: success, version: HTTP/1.1)
HTTP/1.1 101 WebSocket Protocol Handshake
Upgrade: WebSocket
Connection: Upgrade
Sec-WebSocket-Accept: 86vFACcP8ZdnvLMG6UAhLr5PWOY=

23:00:24.036 [Forwarding get on session a0c28f50fee961165a86e94522937681 to remote] DEBUG org.asynchttpclient.netty.request.NettyRequestSender - Using pooled Channel '[id: 0x3a5f2269, L:/127.0.0.1:54535 - R:localhost/127.0.0.1:26723]' for 'POST' to 'http://localhost:26723/session/a0c28f50fee961165a86e94522937681/url'
23:00:24.036 [Forwarding get on session a0c28f50fee961165a86e94522937681 to remote] DEBUG org.asynchttpclient.netty.request.NettyRequestSender - Using open Channel [id: 0x3a5f2269, L:/127.0.0.1:54535 - R:localhost/127.0.0.1:26723] for POST '/session/a0c28f50fee961165a86e94522937681/url'
23:00:24.599 [AsyncHttpClient-1-1] DEBUG org.asynchttpclient.netty.channel.DefaultChannelPool - Entry count for : http://localhost:54536 : 1
23:00:25.701 [AsyncHttpClient-1-1] DEBUG org.asynchttpclient.netty.channel.DefaultChannelPool - Entry count for : http://localhost:54536 : 1
23:00:26.798 [AsyncHttpClient-1-1] DEBUG org.asynchttpclient.netty.channel.DefaultChannelPool - Entry count for : http://localhost:54536 : 1
23:00:27.903 [AsyncHttpClient-1-1] DEBUG org.asynchttpclient.netty.channel.DefaultChannelPool - Entry count for : http://localhost:54536 : 1
23:00:28.461 [AsyncHttpClient-1-20] DEBUG org.asynchttpclient.netty.handler.HttpHandler - 

Request DefaultHttpRequest(decodeResult: success, version: HTTP/1.1)
POST /session/a0c28f50fee961165a86e94522937681/url HTTP/1.1
User-Agent: selenium/4.8.1 (java windows)
Content-Length: 53
Content-Type: application/json; charset=utf-8
host: localhost:26723
accept: */*

Response DefaultHttpResponse(decodeResult: success, version: HTTP/1.1)
HTTP/1.1 200 OK
Content-Length: 14
Content-Type: application/json; charset=utf-8
cache-control: no-cache

23:00:28.461 [AsyncHttpClient-1-20] DEBUG org.asynchttpclient.netty.channel.ChannelManager - Adding key: http://localhost:26723 for channel [id: 0x3a5f2269, L:/127.0.0.1:54535 - R:localhost/127.0.0.1:26723]
23:00:28.462 [Forwarding setTimeout on session a0c28f50fee961165a86e94522937681 to remote] DEBUG org.asynchttpclient.netty.request.NettyRequestSender - Using pooled Channel '[id: 0x3a5f2269, L:/127.0.0.1:54535 - R:localhost/127.0.0.1:26723]' for 'POST' to 'http://localhost:26723/session/a0c28f50fee961165a86e94522937681/timeouts'
23:00:28.462 [Forwarding setTimeout on session a0c28f50fee961165a86e94522937681 to remote] DEBUG org.asynchttpclient.netty.request.NettyRequestSender - Using open Channel [id: 0x3a5f2269, L:/127.0.0.1:54535 - R:localhost/127.0.0.1:26723] for POST '/session/a0c28f50fee961165a86e94522937681/timeouts'
23:00:28.464 [AsyncHttpClient-1-20] DEBUG org.asynchttpclient.netty.handler.HttpHandler - 

Request DefaultHttpRequest(decodeResult: success, version: HTTP/1.1)
POST /session/a0c28f50fee961165a86e94522937681/timeouts HTTP/1.1
User-Agent: selenium/4.8.1 (java windows)
Content-Length: 22
Content-Type: application/json; charset=utf-8
host: localhost:26723
accept: */*

Response DefaultHttpResponse(decodeResult: success, version: HTTP/1.1)
HTTP/1.1 200 OK
Content-Length: 14
Content-Type: application/json; charset=utf-8
cache-control: no-cache

23:00:28.464 [AsyncHttpClient-1-20] DEBUG org.asynchttpclient.netty.channel.ChannelManager - Adding key: http://localhost:26723 for channel [id: 0x3a5f2269, L:/127.0.0.1:54535 - R:localhost/127.0.0.1:26723]
  &amp#27;[32mGiven &amp#27;[0m&amp#27;[32mI am on the home page&amp#27;[0m               &amp#27;[90m# starter.stepdefinitions.HomepageSteps.onTheHomePage()&amp#27;[0m
23:00:28.475 [Forwarding getAlertText on session a0c28f50fee961165a86e94522937681 to remote] DEBUG org.asynchttpclient.netty.request.NettyRequestSender - Using pooled Channel '[id: 0x3a5f2269, L:/127.0.0.1:54535 - R:localhost/127.0.0.1:26723]' for 'GET' to 'http://localhost:26723/session/a0c28f50fee961165a86e94522937681/alert/text'
23:00:28.475 [Forwarding getAlertText on session a0c28f50fee961165a86e94522937681 to remote] DEBUG org.asynchttpclient.netty.request.NettyRequestSender - Using open Channel [id: 0x3a5f2269, L:/127.0.0.1:54535 - R:localhost/127.0.0.1:26723] for GET '/session/a0c28f50fee961165a86e94522937681/alert/text'
23:00:28.479 [AsyncHttpClient-1-20] DEBUG org.asynchttpclient.netty.handler.HttpHandler - 

Request DefaultFullHttpRequest(decodeResult: success, version: HTTP/1.1, content: EmptyByteBufBE)
GET /session/a0c28f50fee961165a86e94522937681/alert/text HTTP/1.1
User-Agent: selenium/4.8.1 (java windows)
Cache-Control: no-cache
Content-Type: application/json; charset=utf-8
host: localhost:26723
accept: */*

Response DefaultHttpResponse(decodeResult: success, version: HTTP/1.1)
HTTP/1.1 404 Not Found
Content-Length: 820
Content-Type: application/json; charset=utf-8
cache-control: no-cache

23:00:28.479 [AsyncHttpClient-1-20] DEBUG org.asynchttpclient.netty.channel.ChannelManager - Adding key: http://localhost:26723 for channel [id: 0x3a5f2269, L:/127.0.0.1:54535 - R:localhost/127.0.0.1:26723]
23:00:28.480 [Forwarding getCurrentUrl on session a0c28f50fee961165a86e94522937681 to remote] DEBUG org.asynchttpclient.netty.request.NettyRequestSender - Using pooled Channel '[id: 0x3a5f2269, L:/127.0.0.1:54535 - R:localhost/127.0.0.1:26723]' for 'GET' to 'http://localhost:26723/session/a0c28f50fee961165a86e94522937681/url'
23:00:28.480 [Forwarding getCurrentUrl on session a0c28f50fee961165a86e94522937681 to remote] DEBUG org.asynchttpclient.netty.request.NettyRequestSender - Using open Channel [id: 0x3a5f2269, L:/127.0.0.1:54535 - R:localhost/127.0.0.1:26723] for GET '/session/a0c28f50fee961165a86e94522937681/url'
23:00:28.494 [AsyncHttpClient-1-20] DEBUG org.asynchttpclient.netty.handler.HttpHandler - 

Request DefaultFullHttpRequest(decodeResult: success, version: HTTP/1.1, content: EmptyByteBufBE)
GET /session/a0c28f50fee961165a86e94522937681/url HTTP/1.1
User-Agent: selenium/4.8.1 (java windows)
Cache-Control: no-cache
Content-Type: application/json; charset=utf-8
host: localhost:26723
accept: */*

Response DefaultHttpResponse(decodeResult: success, version: HTTP/1.1)
HTTP/1.1 200 OK
Content-Length: 41
Content-Type: application/json; charset=utf-8
cache-control: no-cache

23:00:28.494 [AsyncHttpClient-1-20] DEBUG org.asynchttpclient.netty.channel.ChannelManager - Adding key: http://localhost:26723 for channel [id: 0x3a5f2269, L:/127.0.0.1:54535 - R:localhost/127.0.0.1:26723]
23:00:28.495 [Forwarding screenshot on session a0c28f50fee961165a86e94522937681 to remote] DEBUG org.asynchttpclient.netty.request.NettyRequestSender - Using pooled Channel '[id: 0x3a5f2269, L:/127.0.0.1:54535 - R:localhost/127.0.0.1:26723]' for 'GET' to 'http://localhost:26723/session/a0c28f50fee961165a86e94522937681/screenshot'
23:00:28.495 [Forwarding screenshot on session a0c28f50fee961165a86e94522937681 to remote] DEBUG org.asynchttpclient.netty.request.NettyRequestSender - Using open Channel [id: 0x3a5f2269, L:/127.0.0.1:54535 - R:localhost/127.0.0.1:26723] for GET '/session/a0c28f50fee961165a86e94522937681/screenshot'
23:00:28.645 [AsyncHttpClient-1-20] DEBUG org.asynchttpclient.netty.handler.HttpHandler - 

Request DefaultFullHttpRequest(decodeResult: success, version: HTTP/1.1, content: EmptyByteBufBE)
GET /session/a0c28f50fee961165a86e94522937681/screenshot HTTP/1.1
User-Agent: selenium/4.8.1 (java windows)
Cache-Control: no-cache
Content-Type: application/json; charset=utf-8
host: localhost:26723
accept: */*

Response DefaultHttpResponse(decodeResult: success, version: HTTP/1.1)
HTTP/1.1 200 OK
Content-Length: 93224
Content-Type: application/json; charset=utf-8
cache-control: no-cache

23:00:28.645 [AsyncHttpClient-1-20] DEBUG org.asynchttpclient.netty.channel.ChannelManager - Adding key: http://localhost:26723 for channel [id: 0x3a5f2269, L:/127.0.0.1:54535 - R:localhost/127.0.0.1:26723]
23:00:28.648 [main] DEBUG net.serenitybdd.core.photography.Darkroom - Send negative for processing for target\site\serenity\eae70e0d31e8e8b85ce659fe0365ca28c24246a1bf9d3b50a76ae0889116b9f5.png
23:00:28.653 [Forwarding getPageSource on session a0c28f50fee961165a86e94522937681 to remote] DEBUG org.asynchttpclient.netty.request.NettyRequestSender - Using pooled Channel '[id: 0x3a5f2269, L:/127.0.0.1:54535 - R:localhost/127.0.0.1:26723]' for 'POST' to 'http://localhost:26723/session/a0c28f50fee961165a86e94522937681/execute/sync'
23:00:28.653 [Forwarding getPageSource on session a0c28f50fee961165a86e94522937681 to remote] DEBUG org.asynchttpclient.netty.request.NettyRequestSender - Using open Channel [id: 0x3a5f2269, L:/127.0.0.1:54535 - R:localhost/127.0.0.1:26723] for POST '/session/a0c28f50fee961165a86e94522937681/execute/sync'
23:00:28.719 [AsyncHttpClient-1-20] DEBUG org.asynchttpclient.netty.handler.HttpHandler - 

Request DefaultHttpRequest(decodeResult: success, version: HTTP/1.1)
POST /session/a0c28f50fee961165a86e94522937681/execute/sync HTTP/1.1
User-Agent: selenium/4.8.1 (java windows)
Content-Length: 176
Content-Type: application/json; charset=utf-8
host: localhost:26723
accept: */*

Response DefaultHttpResponse(decodeResult: success, version: HTTP/1.1)
HTTP/1.1 200 OK
Content-Length: 816995
Content-Type: application/json; charset=utf-8
cache-control: no-cache

23:00:28.720 [AsyncHttpClient-1-20] DEBUG org.asynchttpclient.netty.channel.ChannelManager - Adding key: http://localhost:26723 for channel [id: 0x3a5f2269, L:/127.0.0.1:54535 - R:localhost/127.0.0.1:26723]
23:00:28.888 [Forwarding getCurrentUrl on session a0c28f50fee961165a86e94522937681 to remote] DEBUG org.asynchttpclient.netty.request.NettyRequestSender - Using pooled Channel '[id: 0x3a5f2269, L:/127.0.0.1:54535 - R:localhost/127.0.0.1:26723]' for 'GET' to 'http://localhost:26723/session/a0c28f50fee961165a86e94522937681/url'
23:00:28.888 [Forwarding getCurrentUrl on session a0c28f50fee961165a86e94522937681 to remote] DEBUG org.asynchttpclient.netty.request.NettyRequestSender - Using open Channel [id: 0x3a5f2269, L:/127.0.0.1:54535 - R:localhost/127.0.0.1:26723] for GET '/session/a0c28f50fee961165a86e94522937681/url'
23:00:28.897 [AsyncHttpClient-1-20] DEBUG org.asynchttpclient.netty.handler.HttpHandler - 

Request DefaultFullHttpRequest(decodeResult: success, version: HTTP/1.1, content: EmptyByteBufBE)
GET /session/a0c28f50fee961165a86e94522937681/url HTTP/1.1
User-Agent: selenium/4.8.1 (java windows)
Cache-Control: no-cache
Content-Type: application/json; charset=utf-8
host: localhost:26723
accept: */*

Response DefaultHttpResponse(decodeResult: success, version: HTTP/1.1)
HTTP/1.1 200 OK
Content-Length: 41
Content-Type: application/json; charset=utf-8
cache-control: no-cache

23:00:28.897 [AsyncHttpClient-1-20] DEBUG org.asynchttpclient.netty.channel.ChannelManager - Adding key: http://localhost:26723 for channel [id: 0x3a5f2269, L:/127.0.0.1:54535 - R:localhost/127.0.0.1:26723]
23:00:28.909 [Forwarding getAlertText on session a0c28f50fee961165a86e94522937681 to remote] DEBUG org.asynchttpclient.netty.request.NettyRequestSender - Using pooled Channel '[id: 0x3a5f2269, L:/127.0.0.1:54535 - R:localhost/127.0.0.1:26723]' for 'GET' to 'http://localhost:26723/session/a0c28f50fee961165a86e94522937681/alert/text'
23:00:28.909 [Forwarding getAlertText on session a0c28f50fee961165a86e94522937681 to remote] DEBUG org.asynchttpclient.netty.request.NettyRequestSender - Using open Channel [id: 0x3a5f2269, L:/127.0.0.1:54535 - R:localhost/127.0.0.1:26723] for GET '/session/a0c28f50fee961165a86e94522937681/alert/text'
23:00:28.912 [AsyncHttpClient-1-20] DEBUG org.asynchttpclient.netty.handler.HttpHandler - 

Request DefaultFullHttpRequest(decodeResult: success, version: HTTP/1.1, content: EmptyByteBufBE)
GET /session/a0c28f50fee961165a86e94522937681/alert/text HTTP/1.1
User-Agent: selenium/4.8.1 (java windows)
Cache-Control: no-cache
Content-Type: application/json; charset=utf-8
host: localhost:26723
accept: */*

Response DefaultHttpResponse(decodeResult: success, version: HTTP/1.1)
HTTP/1.1 404 Not Found
Content-Length: 820
Content-Type: application/json; charset=utf-8
cache-control: no-cache

23:00:28.912 [AsyncHttpClient-1-20] DEBUG org.asynchttpclient.netty.channel.ChannelManager - Adding key: http://localhost:26723 for channel [id: 0x3a5f2269, L:/127.0.0.1:54535 - R:localhost/127.0.0.1:26723]
23:00:28.913 [Forwarding getCurrentUrl on session a0c28f50fee961165a86e94522937681 to remote] DEBUG org.asynchttpclient.netty.request.NettyRequestSender - Using pooled Channel '[id: 0x3a5f2269, L:/127.0.0.1:54535 - R:localhost/127.0.0.1:26723]' for 'GET' to 'http://localhost:26723/session/a0c28f50fee961165a86e94522937681/url'
23:00:28.913 [Forwarding getCurrentUrl on session a0c28f50fee961165a86e94522937681 to remote] DEBUG org.asynchttpclient.netty.request.NettyRequestSender - Using open Channel [id: 0x3a5f2269, L:/127.0.0.1:54535 - R:localhost/127.0.0.1:26723] for GET '/session/a0c28f50fee961165a86e94522937681/url'
23:00:28.921 [AsyncHttpClient-1-20] DEBUG org.asynchttpclient.netty.handler.HttpHandler - 

Request DefaultFullHttpRequest(decodeResult: success, version: HTTP/1.1, content: EmptyByteBufBE)
GET /session/a0c28f50fee961165a86e94522937681/url HTTP/1.1
User-Agent: selenium/4.8.1 (java windows)
Cache-Control: no-cache
Content-Type: application/json; charset=utf-8
host: localhost:26723
accept: */*

Response DefaultHttpResponse(decodeResult: success, version: HTTP/1.1)
HTTP/1.1 200 OK
Content-Length: 41
Content-Type: application/json; charset=utf-8
cache-control: no-cache

23:00:28.921 [AsyncHttpClient-1-20] DEBUG org.asynchttpclient.netty.channel.ChannelManager - Adding key: http://localhost:26723 for channel [id: 0x3a5f2269, L:/127.0.0.1:54535 - R:localhost/127.0.0.1:26723]
23:00:28.922 [Forwarding screenshot on session a0c28f50fee961165a86e94522937681 to remote] DEBUG org.asynchttpclient.netty.request.NettyRequestSender - Using pooled Channel '[id: 0x3a5f2269, L:/127.0.0.1:54535 - R:localhost/127.0.0.1:26723]' for 'GET' to 'http://localhost:26723/session/a0c28f50fee961165a86e94522937681/screenshot'
23:00:28.922 [Forwarding screenshot on session a0c28f50fee961165a86e94522937681 to remote] DEBUG org.asynchttpclient.netty.request.NettyRequestSender - Using open Channel [id: 0x3a5f2269, L:/127.0.0.1:54535 - R:localhost/127.0.0.1:26723] for GET '/session/a0c28f50fee961165a86e94522937681/screenshot'
23:00:28.997 [AsyncHttpClient-1-1] DEBUG org.asynchttpclient.netty.channel.DefaultChannelPool - Entry count for : http://localhost:54536 : 1
23:00:29.074 [AsyncHttpClient-1-20] DEBUG org.asynchttpclient.netty.handler.HttpHandler - 

Request DefaultFullHttpRequest(decodeResult: success, version: HTTP/1.1, content: EmptyByteBufBE)
GET /session/a0c28f50fee961165a86e94522937681/screenshot HTTP/1.1
User-Agent: selenium/4.8.1 (java windows)
Cache-Control: no-cache
Content-Type: application/json; charset=utf-8
host: localhost:26723
accept: */*

Response DefaultHttpResponse(decodeResult: success, version: HTTP/1.1)
HTTP/1.1 200 OK
Content-Length: 93224
Content-Type: application/json; charset=utf-8
cache-control: no-cache

23:00:29.074 [AsyncHttpClient-1-20] DEBUG org.asynchttpclient.netty.channel.ChannelManager - Adding key: http://localhost:26723 for channel [id: 0x3a5f2269, L:/127.0.0.1:54535 - R:localhost/127.0.0.1:26723]
23:00:29.081 [main] DEBUG net.serenitybdd.core.photography.Darkroom - Send negative for processing for target\site\serenity\eae70e0d31e8e8b85ce659fe0365ca28c24246a1bf9d3b50a76ae0889116b9f5.png
23:00:29.082 [Forwarding getPageSource on session a0c28f50fee961165a86e94522937681 to remote] DEBUG org.asynchttpclient.netty.request.NettyRequestSender - Using pooled Channel '[id: 0x3a5f2269, L:/127.0.0.1:54535 - R:localhost/127.0.0.1:26723]' for 'POST' to 'http://localhost:26723/session/a0c28f50fee961165a86e94522937681/execute/sync'
23:00:29.082 [Forwarding getPageSource on session a0c28f50fee961165a86e94522937681 to remote] DEBUG org.asynchttpclient.netty.request.NettyRequestSender - Using open Channel [id: 0x3a5f2269, L:/127.0.0.1:54535 - R:localhost/127.0.0.1:26723] for POST '/session/a0c28f50fee961165a86e94522937681/execute/sync'
23:00:29.164 [AsyncHttpClient-1-20] DEBUG org.asynchttpclient.netty.handler.HttpHandler - 

Request DefaultHttpRequest(decodeResult: success, version: HTTP/1.1)
POST /session/a0c28f50fee961165a86e94522937681/execute/sync HTTP/1.1
User-Agent: selenium/4.8.1 (java windows)
Content-Length: 176
Content-Type: application/json; charset=utf-8
host: localhost:26723
accept: */*

Response DefaultHttpResponse(decodeResult: success, version: HTTP/1.1)
HTTP/1.1 200 OK
Content-Length: 816995
Content-Type: application/json; charset=utf-8
cache-control: no-cache

23:00:29.173 [AsyncHttpClient-1-20] DEBUG org.asynchttpclient.netty.channel.ChannelManager - Adding key: http://localhost:26723 for channel [id: 0x3a5f2269, L:/127.0.0.1:54535 - R:localhost/127.0.0.1:26723]
23:00:29.266 [Forwarding getCurrentUrl on session a0c28f50fee961165a86e94522937681 to remote] DEBUG org.asynchttpclient.netty.request.NettyRequestSender - Using pooled Channel '[id: 0x3a5f2269, L:/127.0.0.1:54535 - R:localhost/127.0.0.1:26723]' for 'GET' to 'http://localhost:26723/session/a0c28f50fee961165a86e94522937681/url'
23:00:29.266 [Forwarding getCurrentUrl on session a0c28f50fee961165a86e94522937681 to remote] DEBUG org.asynchttpclient.netty.request.NettyRequestSender - Using open Channel [id: 0x3a5f2269, L:/127.0.0.1:54535 - R:localhost/127.0.0.1:26723] for GET '/session/a0c28f50fee961165a86e94522937681/url'
23:00:29.274 [AsyncHttpClient-1-20] DEBUG org.asynchttpclient.netty.handler.HttpHandler - 

Request DefaultFullHttpRequest(decodeResult: success, version: HTTP/1.1, content: EmptyByteBufBE)
GET /session/a0c28f50fee961165a86e94522937681/url HTTP/1.1
User-Agent: selenium/4.8.1 (java windows)
Cache-Control: no-cache
Content-Type: application/json; charset=utf-8
host: localhost:26723
accept: */*

Response DefaultHttpResponse(decodeResult: success, version: HTTP/1.1)
HTTP/1.1 200 OK
Content-Length: 41
Content-Type: application/json; charset=utf-8
cache-control: no-cache

23:00:29.274 [AsyncHttpClient-1-20] DEBUG org.asynchttpclient.netty.channel.ChannelManager - Adding key: http://localhost:26723 for channel [id: 0x3a5f2269, L:/127.0.0.1:54535 - R:localhost/127.0.0.1:26723]
23:00:29.278 [main] DEBUG net.thucydides.core.steps.StepInterceptor - STARTING STEP: HomepageSteps.chooseTheProduct - chooseProduct
23:00:29.280 [Forwarding findElement on session a0c28f50fee961165a86e94522937681 to remote] DEBUG org.asynchttpclient.netty.request.NettyRequestSender - Using pooled Channel '[id: 0x3a5f2269, L:/127.0.0.1:54535 - R:localhost/127.0.0.1:26723]' for 'POST' to 'http://localhost:26723/session/a0c28f50fee961165a86e94522937681/element'
23:00:29.280 [Forwarding findElement on session a0c28f50fee961165a86e94522937681 to remote] DEBUG org.asynchttpclient.netty.request.NettyRequestSender - Using open Channel [id: 0x3a5f2269, L:/127.0.0.1:54535 - R:localhost/127.0.0.1:26723] for POST '/session/a0c28f50fee961165a86e94522937681/element'
23:00:29.295 [AsyncHttpClient-1-20] DEBUG org.asynchttpclient.netty.handler.HttpHandler - 

Request DefaultHttpRequest(decodeResult: success, version: HTTP/1.1)
POST /session/a0c28f50fee961165a86e94522937681/element HTTP/1.1
User-Agent: selenium/4.8.1 (java windows)
Content-Length: 54
Content-Type: application/json; charset=utf-8
host: localhost:26723
accept: */*

Response DefaultHttpResponse(decodeResult: success, version: HTTP/1.1)
HTTP/1.1 200 OK
Content-Length: 94
Content-Type: application/json; charset=utf-8
cache-control: no-cache

23:00:29.295 [AsyncHttpClient-1-20] DEBUG org.asynchttpclient.netty.channel.ChannelManager - Adding key: http://localhost:26723 for channel [id: 0x3a5f2269, L:/127.0.0.1:54535 - R:localhost/127.0.0.1:26723]
23:00:29.298 [Forwarding isElementDisplayed on session a0c28f50fee961165a86e94522937681 to remote] DEBUG org.asynchttpclient.netty.request.NettyRequestSender - Using pooled Channel '[id: 0x3a5f2269, L:/127.0.0.1:54535 - R:localhost/127.0.0.1:26723]' for 'POST' to 'http://localhost:26723/session/a0c28f50fee961165a86e94522937681/execute/sync'
23:00:29.298 [Forwarding isElementDisplayed on session a0c28f50fee961165a86e94522937681 to remote] DEBUG org.asynchttpclient.netty.request.NettyRequestSender - Using open Channel [id: 0x3a5f2269, L:/127.0.0.1:54535 - R:localhost/127.0.0.1:26723] for POST '/session/a0c28f50fee961165a86e94522937681/execute/sync'
23:00:29.314 [AsyncHttpClient-1-20] DEBUG org.asynchttpclient.netty.handler.HttpHandler - 

Request DefaultHttpRequest(decodeResult: success, version: HTTP/1.1)
POST /session/a0c28f50fee961165a86e94522937681/execute/sync HTTP/1.1
User-Agent: selenium/4.8.1 (java windows)
Content-Length: 48813
Content-Type: application/json; charset=utf-8
host: localhost:26723
accept: */*

Response DefaultHttpResponse(decodeResult: success, version: HTTP/1.1)
HTTP/1.1 200 OK
Content-Length: 14
Content-Type: application/json; charset=utf-8
cache-control: no-cache

23:00:29.314 [AsyncHttpClient-1-20] DEBUG org.asynchttpclient.netty.channel.ChannelManager - Adding key: http://localhost:26723 for channel [id: 0x3a5f2269, L:/127.0.0.1:54535 - R:localhost/127.0.0.1:26723]
23:00:29.319 [Forwarding getAlertText on session a0c28f50fee961165a86e94522937681 to remote] DEBUG org.asynchttpclient.netty.request.NettyRequestSender - Using pooled Channel '[id: 0x3a5f2269, L:/127.0.0.1:54535 - R:localhost/127.0.0.1:26723]' for 'GET' to 'http://localhost:26723/session/a0c28f50fee961165a86e94522937681/alert/text'
23:00:29.319 [Forwarding getAlertText on session a0c28f50fee961165a86e94522937681 to remote] DEBUG org.asynchttpclient.netty.request.NettyRequestSender - Using open Channel [id: 0x3a5f2269, L:/127.0.0.1:54535 - R:localhost/127.0.0.1:26723] for GET '/session/a0c28f50fee961165a86e94522937681/alert/text'
23:00:29.321 [AsyncHttpClient-1-20] DEBUG org.asynchttpclient.netty.handler.HttpHandler - 

Request DefaultFullHttpRequest(decodeResult: success, version: HTTP/1.1, content: EmptyByteBufBE)
GET /session/a0c28f50fee961165a86e94522937681/alert/text HTTP/1.1
User-Agent: selenium/4.8.1 (java windows)
Cache-Control: no-cache
Content-Type: application/json; charset=utf-8
host: localhost:26723
accept: */*

Response DefaultHttpResponse(decodeResult: success, version: HTTP/1.1)
HTTP/1.1 404 Not Found
Content-Length: 820
Content-Type: application/json; charset=utf-8
cache-control: no-cache

23:00:29.322 [AsyncHttpClient-1-20] DEBUG org.asynchttpclient.netty.channel.ChannelManager - Adding key: http://localhost:26723 for channel [id: 0x3a5f2269, L:/127.0.0.1:54535 - R:localhost/127.0.0.1:26723]
23:00:29.322 [Forwarding getCurrentUrl on session a0c28f50fee961165a86e94522937681 to remote] DEBUG org.asynchttpclient.netty.request.NettyRequestSender - Using pooled Channel '[id: 0x3a5f2269, L:/127.0.0.1:54535 - R:localhost/127.0.0.1:26723]' for 'GET' to 'http://localhost:26723/session/a0c28f50fee961165a86e94522937681/url'
23:00:29.322 [Forwarding getCurrentUrl on session a0c28f50fee961165a86e94522937681 to remote] DEBUG org.asynchttpclient.netty.request.NettyRequestSender - Using open Channel [id: 0x3a5f2269, L:/127.0.0.1:54535 - R:localhost/127.0.0.1:26723] for GET '/session/a0c28f50fee961165a86e94522937681/url'
23:00:29.331 [AsyncHttpClient-1-20] DEBUG org.asynchttpclient.netty.handler.HttpHandler - 

Request DefaultFullHttpRequest(decodeResult: success, version: HTTP/1.1, content: EmptyByteBufBE)
GET /session/a0c28f50fee961165a86e94522937681/url HTTP/1.1
User-Agent: selenium/4.8.1 (java windows)
Cache-Control: no-cache
Content-Type: application/json; charset=utf-8
host: localhost:26723
accept: */*

Response DefaultHttpResponse(decodeResult: success, version: HTTP/1.1)
HTTP/1.1 200 OK
Content-Length: 41
Content-Type: application/json; charset=utf-8
cache-control: no-cache

23:00:29.331 [AsyncHttpClient-1-20] DEBUG org.asynchttpclient.netty.channel.ChannelManager - Adding key: http://localhost:26723 for channel [id: 0x3a5f2269, L:/127.0.0.1:54535 - R:localhost/127.0.0.1:26723]
23:00:29.331 [Forwarding screenshot on session a0c28f50fee961165a86e94522937681 to remote] DEBUG org.asynchttpclient.netty.request.NettyRequestSender - Using pooled Channel '[id: 0x3a5f2269, L:/127.0.0.1:54535 - R:localhost/127.0.0.1:26723]' for 'GET' to 'http://localhost:26723/session/a0c28f50fee961165a86e94522937681/screenshot'
23:00:29.331 [Forwarding screenshot on session a0c28f50fee961165a86e94522937681 to remote] DEBUG org.asynchttpclient.netty.request.NettyRequestSender - Using open Channel [id: 0x3a5f2269, L:/127.0.0.1:54535 - R:localhost/127.0.0.1:26723] for GET '/session/a0c28f50fee961165a86e94522937681/screenshot'
23:00:29.527 [AsyncHttpClient-1-20] DEBUG org.asynchttpclient.netty.handler.HttpHandler - 

Request DefaultFullHttpRequest(decodeResult: success, version: HTTP/1.1, content: EmptyByteBufBE)
GET /session/a0c28f50fee961165a86e94522937681/screenshot HTTP/1.1
User-Agent: selenium/4.8.1 (java windows)
Cache-Control: no-cache
Content-Type: application/json; charset=utf-8
host: localhost:26723
accept: */*

Response DefaultHttpResponse(decodeResult: success, version: HTTP/1.1)
HTTP/1.1 200 OK
Content-Length: 93224
Content-Type: application/json; charset=utf-8
cache-control: no-cache

23:00:29.528 [AsyncHttpClient-1-20] DEBUG org.asynchttpclient.netty.channel.ChannelManager - Adding key: http://localhost:26723 for channel [id: 0x3a5f2269, L:/127.0.0.1:54535 - R:localhost/127.0.0.1:26723]
23:00:29.531 [main] DEBUG net.serenitybdd.core.photography.Darkroom - Send negative for processing for target\site\serenity\eae70e0d31e8e8b85ce659fe0365ca28c24246a1bf9d3b50a76ae0889116b9f5.png
23:00:29.531 [main] DEBUG net.thucydides.core.steps.StepInterceptor - STEP DONE: chooseProduct
  &amp#27;[32mWhen &amp#27;[0m&amp#27;[32mI choose the product&amp#27;[0m                 &amp#27;[90m# starter.stepdefinitions.HomepageSteps.chooseTheProduct()&amp#27;[0m
23:00:29.539 [Forwarding getPageSource on session a0c28f50fee961165a86e94522937681 to remote] DEBUG org.asynchttpclient.netty.request.NettyRequestSender - Using pooled Channel '[id: 0x3a5f2269, L:/127.0.0.1:54535 - R:localhost/127.0.0.1:26723]' for 'POST' to 'http://localhost:26723/session/a0c28f50fee961165a86e94522937681/execute/sync'
23:00:29.539 [Forwarding getPageSource on session a0c28f50fee961165a86e94522937681 to remote] DEBUG org.asynchttpclient.netty.request.NettyRequestSender - Using open Channel [id: 0x3a5f2269, L:/127.0.0.1:54535 - R:localhost/127.0.0.1:26723] for POST '/session/a0c28f50fee961165a86e94522937681/execute/sync'
23:00:29.604 [AsyncHttpClient-1-20] DEBUG org.asynchttpclient.netty.handler.HttpHandler - 

Request DefaultHttpRequest(decodeResult: success, version: HTTP/1.1)
POST /session/a0c28f50fee961165a86e94522937681/execute/sync HTTP/1.1
User-Agent: selenium/4.8.1 (java windows)
Content-Length: 176
Content-Type: application/json; charset=utf-8
host: localhost:26723
accept: */*

Response DefaultHttpResponse(decodeResult: success, version: HTTP/1.1)
HTTP/1.1 200 OK
Content-Length: 816995
Content-Type: application/json; charset=utf-8
cache-control: no-cache

23:00:29.606 [AsyncHttpClient-1-20] DEBUG org.asynchttpclient.netty.channel.ChannelManager - Adding key: http://localhost:26723 for channel [id: 0x3a5f2269, L:/127.0.0.1:54535 - R:localhost/127.0.0.1:26723]
23:00:29.682 [Forwarding getCurrentUrl on session a0c28f50fee961165a86e94522937681 to remote] DEBUG org.asynchttpclient.netty.request.NettyRequestSender - Using pooled Channel '[id: 0x3a5f2269, L:/127.0.0.1:54535 - R:localhost/127.0.0.1:26723]' for 'GET' to 'http://localhost:26723/session/a0c28f50fee961165a86e94522937681/url'
23:00:29.682 [Forwarding getCurrentUrl on session a0c28f50fee961165a86e94522937681 to remote] DEBUG org.asynchttpclient.netty.request.NettyRequestSender - Using open Channel [id: 0x3a5f2269, L:/127.0.0.1:54535 - R:localhost/127.0.0.1:26723] for GET '/session/a0c28f50fee961165a86e94522937681/url'
23:00:29.688 [AsyncHttpClient-1-20] DEBUG org.asynchttpclient.netty.handler.HttpHandler - 

Request DefaultFullHttpRequest(decodeResult: success, version: HTTP/1.1, content: EmptyByteBufBE)
GET /session/a0c28f50fee961165a86e94522937681/url HTTP/1.1
User-Agent: selenium/4.8.1 (java windows)
Cache-Control: no-cache
Content-Type: application/json; charset=utf-8
host: localhost:26723
accept: */*

Response DefaultHttpResponse(decodeResult: success, version: HTTP/1.1)
HTTP/1.1 200 OK
Content-Length: 41
Content-Type: application/json; charset=utf-8
cache-control: no-cache

23:00:29.688 [AsyncHttpClient-1-20] DEBUG org.asynchttpclient.netty.channel.ChannelManager - Adding key: http://localhost:26723 for channel [id: 0x3a5f2269, L:/127.0.0.1:54535 - R:localhost/127.0.0.1:26723]
23:00:29.695 [Forwarding getAlertText on session a0c28f50fee961165a86e94522937681 to remote] DEBUG org.asynchttpclient.netty.request.NettyRequestSender - Using pooled Channel '[id: 0x3a5f2269, L:/127.0.0.1:54535 - R:localhost/127.0.0.1:26723]' for 'GET' to 'http://localhost:26723/session/a0c28f50fee961165a86e94522937681/alert/text'
23:00:29.696 [Forwarding getAlertText on session a0c28f50fee961165a86e94522937681 to remote] DEBUG org.asynchttpclient.netty.request.NettyRequestSender - Using open Channel [id: 0x3a5f2269, L:/127.0.0.1:54535 - R:localhost/127.0.0.1:26723] for GET '/session/a0c28f50fee961165a86e94522937681/alert/text'
23:00:29.698 [AsyncHttpClient-1-20] DEBUG org.asynchttpclient.netty.handler.HttpHandler - 

Request DefaultFullHttpRequest(decodeResult: success, version: HTTP/1.1, content: EmptyByteBufBE)
GET /session/a0c28f50fee961165a86e94522937681/alert/text HTTP/1.1
User-Agent: selenium/4.8.1 (java windows)
Cache-Control: no-cache
Content-Type: application/json; charset=utf-8
host: localhost:26723
accept: */*

Response DefaultHttpResponse(decodeResult: success, version: HTTP/1.1)
HTTP/1.1 404 Not Found
Content-Length: 820
Content-Type: application/json; charset=utf-8
cache-control: no-cache

23:00:29.698 [AsyncHttpClient-1-20] DEBUG org.asynchttpclient.netty.channel.ChannelManager - Adding key: http://localhost:26723 for channel [id: 0x3a5f2269, L:/127.0.0.1:54535 - R:localhost/127.0.0.1:26723]
23:00:29.699 [Forwarding getCurrentUrl on session a0c28f50fee961165a86e94522937681 to remote] DEBUG org.asynchttpclient.netty.request.NettyRequestSender - Using pooled Channel '[id: 0x3a5f2269, L:/127.0.0.1:54535 - R:localhost/127.0.0.1:26723]' for 'GET' to 'http://localhost:26723/session/a0c28f50fee961165a86e94522937681/url'
23:00:29.699 [Forwarding getCurrentUrl on session a0c28f50fee961165a86e94522937681 to remote] DEBUG org.asynchttpclient.netty.request.NettyRequestSender - Using open Channel [id: 0x3a5f2269, L:/127.0.0.1:54535 - R:localhost/127.0.0.1:26723] for GET '/session/a0c28f50fee961165a86e94522937681/url'
23:00:29.704 [AsyncHttpClient-1-20] DEBUG org.asynchttpclient.netty.handler.HttpHandler - 

Request DefaultFullHttpRequest(decodeResult: success, version: HTTP/1.1, content: EmptyByteBufBE)
GET /session/a0c28f50fee961165a86e94522937681/url HTTP/1.1
User-Agent: selenium/4.8.1 (java windows)
Cache-Control: no-cache
Content-Type: application/json; charset=utf-8
host: localhost:26723
accept: */*

Response DefaultHttpResponse(decodeResult: success, version: HTTP/1.1)
HTTP/1.1 200 OK
Content-Length: 41
Content-Type: application/json; charset=utf-8
cache-control: no-cache

23:00:29.705 [AsyncHttpClient-1-20] DEBUG org.asynchttpclient.netty.channel.ChannelManager - Adding key: http://localhost:26723 for channel [id: 0x3a5f2269, L:/127.0.0.1:54535 - R:localhost/127.0.0.1:26723]
23:00:29.705 [Forwarding screenshot on session a0c28f50fee961165a86e94522937681 to remote] DEBUG org.asynchttpclient.netty.request.NettyRequestSender - Using pooled Channel '[id: 0x3a5f2269, L:/127.0.0.1:54535 - R:localhost/127.0.0.1:26723]' for 'GET' to 'http://localhost:26723/session/a0c28f50fee961165a86e94522937681/screenshot'
23:00:29.705 [Forwarding screenshot on session a0c28f50fee961165a86e94522937681 to remote] DEBUG org.asynchttpclient.netty.request.NettyRequestSender - Using open Channel [id: 0x3a5f2269, L:/127.0.0.1:54535 - R:localhost/127.0.0.1:26723] for GET '/session/a0c28f50fee961165a86e94522937681/screenshot'
23:00:29.866 [AsyncHttpClient-1-20] DEBUG org.asynchttpclient.netty.handler.HttpHandler - 

Request DefaultFullHttpRequest(decodeResult: success, version: HTTP/1.1, content: EmptyByteBufBE)
GET /session/a0c28f50fee961165a86e94522937681/screenshot HTTP/1.1
User-Agent: selenium/4.8.1 (java windows)
Cache-Control: no-cache
Content-Type: application/json; charset=utf-8
host: localhost:26723
accept: */*

Response DefaultHttpResponse(decodeResult: success, version: HTTP/1.1)
HTTP/1.1 200 OK
Content-Length: 93224
Content-Type: application/json; charset=utf-8
cache-control: no-cache

23:00:29.867 [AsyncHttpClient-1-20] DEBUG org.asynchttpclient.netty.channel.ChannelManager - Adding key: http://localhost:26723 for channel [id: 0x3a5f2269, L:/127.0.0.1:54535 - R:localhost/127.0.0.1:26723]
23:00:29.870 [main] DEBUG net.serenitybdd.core.photography.Darkroom - Send negative for processing for target\site\serenity\eae70e0d31e8e8b85ce659fe0365ca28c24246a1bf9d3b50a76ae0889116b9f5.png
23:00:29.871 [Forwarding getPageSource on session a0c28f50fee961165a86e94522937681 to remote] DEBUG org.asynchttpclient.netty.request.NettyRequestSender - Using pooled Channel '[id: 0x3a5f2269, L:/127.0.0.1:54535 - R:localhost/127.0.0.1:26723]' for 'POST' to 'http://localhost:26723/session/a0c28f50fee961165a86e94522937681/execute/sync'
23:00:29.871 [Forwarding getPageSource on session a0c28f50fee961165a86e94522937681 to remote] DEBUG org.asynchttpclient.netty.request.NettyRequestSender - Using open Channel [id: 0x3a5f2269, L:/127.0.0.1:54535 - R:localhost/127.0.0.1:26723] for POST '/session/a0c28f50fee961165a86e94522937681/execute/sync'
23:00:29.926 [AsyncHttpClient-1-20] DEBUG org.asynchttpclient.netty.handler.HttpHandler - 

Request DefaultHttpRequest(decodeResult: success, version: HTTP/1.1)
POST /session/a0c28f50fee961165a86e94522937681/execute/sync HTTP/1.1
User-Agent: selenium/4.8.1 (java windows)
Content-Length: 176
Content-Type: application/json; charset=utf-8
host: localhost:26723
accept: */*

Response DefaultHttpResponse(decodeResult: success, version: HTTP/1.1)
HTTP/1.1 200 OK
Content-Length: 816995
Content-Type: application/json; charset=utf-8
cache-control: no-cache

23:00:29.927 [AsyncHttpClient-1-20] DEBUG org.asynchttpclient.netty.channel.ChannelManager - Adding key: http://localhost:26723 for channel [id: 0x3a5f2269, L:/127.0.0.1:54535 - R:localhost/127.0.0.1:26723]
23:00:30.015 [Forwarding getCurrentUrl on session a0c28f50fee961165a86e94522937681 to remote] DEBUG org.asynchttpclient.netty.request.NettyRequestSender - Using pooled Channel '[id: 0x3a5f2269, L:/127.0.0.1:54535 - R:localhost/127.0.0.1:26723]' for 'GET' to 'http://localhost:26723/session/a0c28f50fee961165a86e94522937681/url'
23:00:30.015 [Forwarding getCurrentUrl on session a0c28f50fee961165a86e94522937681 to remote] DEBUG org.asynchttpclient.netty.request.NettyRequestSender - Using open Channel [id: 0x3a5f2269, L:/127.0.0.1:54535 - R:localhost/127.0.0.1:26723] for GET '/session/a0c28f50fee961165a86e94522937681/url'
23:00:30.021 [AsyncHttpClient-1-20] DEBUG org.asynchttpclient.netty.handler.HttpHandler - 

Request DefaultFullHttpRequest(decodeResult: success, version: HTTP/1.1, content: EmptyByteBufBE)
GET /session/a0c28f50fee961165a86e94522937681/url HTTP/1.1
User-Agent: selenium/4.8.1 (java windows)
Cache-Control: no-cache
Content-Type: application/json; charset=utf-8
host: localhost:26723
accept: */*

Response DefaultHttpResponse(decodeResult: success, version: HTTP/1.1)
HTTP/1.1 200 OK
Content-Length: 41
Content-Type: application/json; charset=utf-8
cache-control: no-cache

23:00:30.022 [AsyncHttpClient-1-20] DEBUG org.asynchttpclient.netty.channel.ChannelManager - Adding key: http://localhost:26723 for channel [id: 0x3a5f2269, L:/127.0.0.1:54535 - R:localhost/127.0.0.1:26723]
23:00:30.025 [main] DEBUG net.thucydides.core.steps.StepInterceptor - STARTING STEP: HomepageSteps.clickBuyButton - clickBeliProduk1
23:00:30.028 [Forwarding findElement on session a0c28f50fee961165a86e94522937681 to remote] DEBUG org.asynchttpclient.netty.request.NettyRequestSender - Using pooled Channel '[id: 0x3a5f2269, L:/127.0.0.1:54535 - R:localhost/127.0.0.1:26723]' for 'POST' to 'http://localhost:26723/session/a0c28f50fee961165a86e94522937681/element'
23:00:30.028 [Forwarding findElement on session a0c28f50fee961165a86e94522937681 to remote] DEBUG org.asynchttpclient.netty.request.NettyRequestSender - Using open Channel [id: 0x3a5f2269, L:/127.0.0.1:54535 - R:localhost/127.0.0.1:26723] for POST '/session/a0c28f50fee961165a86e94522937681/element'
23:00:30.048 [AsyncHttpClient-1-20] DEBUG org.asynchttpclient.netty.handler.HttpHandler - 

Request DefaultHttpRequest(decodeResult: success, version: HTTP/1.1)
POST /session/a0c28f50fee961165a86e94522937681/element HTTP/1.1
User-Agent: selenium/4.8.1 (java windows)
Content-Length: 113
Content-Type: application/json; charset=utf-8
host: localhost:26723
accept: */*

Response DefaultHttpResponse(decodeResult: success, version: HTTP/1.1)
HTTP/1.1 200 OK
Content-Length: 94
Content-Type: application/json; charset=utf-8
cache-control: no-cache

23:00:30.048 [AsyncHttpClient-1-20] DEBUG org.asynchttpclient.netty.channel.ChannelManager - Adding key: http://localhost:26723 for channel [id: 0x3a5f2269, L:/127.0.0.1:54535 - R:localhost/127.0.0.1:26723]
23:00:30.049 [Forwarding getElementTagName on session a0c28f50fee961165a86e94522937681 to remote] DEBUG org.asynchttpclient.netty.request.NettyRequestSender - Using pooled Channel '[id: 0x3a5f2269, L:/127.0.0.1:54535 - R:localhost/127.0.0.1:26723]' for 'GET' to 'http://localhost:26723/session/a0c28f50fee961165a86e94522937681/element/F8D3A45ECC582C33D514C4F2CACF2A13_element_9/name'
23:00:30.049 [Forwarding getElementTagName on session a0c28f50fee961165a86e94522937681 to remote] DEBUG org.asynchttpclient.netty.request.NettyRequestSender - Using open Channel [id: 0x3a5f2269, L:/127.0.0.1:54535 - R:localhost/127.0.0.1:26723] for GET '/session/a0c28f50fee961165a86e94522937681/element/F8D3A45ECC582C33D514C4F2CACF2A13_element_9/name'
23:00:30.058 [AsyncHttpClient-1-20] DEBUG org.asynchttpclient.netty.handler.HttpHandler - 

Request DefaultFullHttpRequest(decodeResult: success, version: HTTP/1.1, content: EmptyByteBufBE)
GET /session/a0c28f50fee961165a86e94522937681/element/F8D3A45ECC582C33D514C4F2CACF2A13_element_9/name HTTP/1.1
User-Agent: selenium/4.8.1 (java windows)
Cache-Control: no-cache
Content-Type: application/json; charset=utf-8
host: localhost:26723
accept: */*

Response DefaultHttpResponse(decodeResult: success, version: HTTP/1.1)
HTTP/1.1 200 OK
Content-Length: 18
Content-Type: application/json; charset=utf-8
cache-control: no-cache

23:00:30.058 [AsyncHttpClient-1-20] DEBUG org.asynchttpclient.netty.channel.ChannelManager - Adding key: http://localhost:26723 for channel [id: 0x3a5f2269, L:/127.0.0.1:54535 - R:localhost/127.0.0.1:26723]
23:00:30.059 [Forwarding getElementTagName on session a0c28f50fee961165a86e94522937681 to remote] DEBUG org.asynchttpclient.netty.request.NettyRequestSender - Using pooled Channel '[id: 0x3a5f2269, L:/127.0.0.1:54535 - R:localhost/127.0.0.1:26723]' for 'GET' to 'http://localhost:26723/session/a0c28f50fee961165a86e94522937681/element/F8D3A45ECC582C33D514C4F2CACF2A13_element_9/name'
23:00:30.059 [Forwarding getElementTagName on session a0c28f50fee961165a86e94522937681 to remote] DEBUG org.asynchttpclient.netty.request.NettyRequestSender - Using open Channel [id: 0x3a5f2269, L:/127.0.0.1:54535 - R:localhost/127.0.0.1:26723] for GET '/session/a0c28f50fee961165a86e94522937681/element/F8D3A45ECC582C33D514C4F2CACF2A13_element_9/name'
23:00:30.066 [AsyncHttpClient-1-20] DEBUG org.asynchttpclient.netty.handler.HttpHandler - 

Request DefaultFullHttpRequest(decodeResult: success, version: HTTP/1.1, content: EmptyByteBufBE)
GET /session/a0c28f50fee961165a86e94522937681/element/F8D3A45ECC582C33D514C4F2CACF2A13_element_9/name HTTP/1.1
User-Agent: selenium/4.8.1 (java windows)
Cache-Control: no-cache
Content-Type: application/json; charset=utf-8
host: localhost:26723
accept: */*

Response DefaultHttpResponse(decodeResult: success, version: HTTP/1.1)
HTTP/1.1 200 OK
Content-Length: 18
Content-Type: application/json; charset=utf-8
cache-control: no-cache

23:00:30.066 [AsyncHttpClient-1-20] DEBUG org.asynchttpclient.netty.channel.ChannelManager - Adding key: http://localhost:26723 for channel [id: 0x3a5f2269, L:/127.0.0.1:54535 - R:localhost/127.0.0.1:26723]
23:00:30.068 [Forwarding isElementEnabled on session a0c28f50fee961165a86e94522937681 to remote] DEBUG org.asynchttpclient.netty.request.NettyRequestSender - Using pooled Channel '[id: 0x3a5f2269, L:/127.0.0.1:54535 - R:localhost/127.0.0.1:26723]' for 'GET' to 'http://localhost:26723/session/a0c28f50fee961165a86e94522937681/element/F8D3A45ECC582C33D514C4F2CACF2A13_element_9/enabled'
23:00:30.068 [Forwarding isElementEnabled on session a0c28f50fee961165a86e94522937681 to remote] DEBUG org.asynchttpclient.netty.request.NettyRequestSender - Using open Channel [id: 0x3a5f2269, L:/127.0.0.1:54535 - R:localhost/127.0.0.1:26723] for GET '/session/a0c28f50fee961165a86e94522937681/element/F8D3A45ECC582C33D514C4F2CACF2A13_element_9/enabled'
23:00:30.080 [AsyncHttpClient-1-20] DEBUG org.asynchttpclient.netty.handler.HttpHandler - 

Request DefaultFullHttpRequest(decodeResult: success, version: HTTP/1.1, content: EmptyByteBufBE)
GET /session/a0c28f50fee961165a86e94522937681/element/F8D3A45ECC582C33D514C4F2CACF2A13_element_9/enabled HTTP/1.1
User-Agent: selenium/4.8.1 (java windows)
Cache-Control: no-cache
Content-Type: application/json; charset=utf-8
host: localhost:26723
accept: */*

Response DefaultHttpResponse(decodeResult: success, version: HTTP/1.1)
HTTP/1.1 200 OK
Content-Length: 14
Content-Type: application/json; charset=utf-8
cache-control: no-cache

23:00:30.080 [AsyncHttpClient-1-20] DEBUG org.asynchttpclient.netty.channel.ChannelManager - Adding key: http://localhost:26723 for channel [id: 0x3a5f2269, L:/127.0.0.1:54535 - R:localhost/127.0.0.1:26723]
23:00:30.081 [Forwarding isElementEnabled on session a0c28f50fee961165a86e94522937681 to remote] DEBUG org.asynchttpclient.netty.request.NettyRequestSender - Using pooled Channel '[id: 0x3a5f2269, L:/127.0.0.1:54535 - R:localhost/127.0.0.1:26723]' for 'GET' to 'http://localhost:26723/session/a0c28f50fee961165a86e94522937681/element/F8D3A45ECC582C33D514C4F2CACF2A13_element_9/enabled'
23:00:30.081 [Forwarding isElementEnabled on session a0c28f50fee961165a86e94522937681 to remote] DEBUG org.asynchttpclient.netty.request.NettyRequestSender - Using open Channel [id: 0x3a5f2269, L:/127.0.0.1:54535 - R:localhost/127.0.0.1:26723] for GET '/session/a0c28f50fee961165a86e94522937681/element/F8D3A45ECC582C33D514C4F2CACF2A13_element_9/enabled'
23:00:30.091 [AsyncHttpClient-1-20] DEBUG org.asynchttpclient.netty.handler.HttpHandler - 

Request DefaultFullHttpRequest(decodeResult: success, version: HTTP/1.1, content: EmptyByteBufBE)
GET /session/a0c28f50fee961165a86e94522937681/element/F8D3A45ECC582C33D514C4F2CACF2A13_element_9/enabled HTTP/1.1
User-Agent: selenium/4.8.1 (java windows)
Cache-Control: no-cache
Content-Type: application/json; charset=utf-8
host: localhost:26723
accept: */*

Response DefaultHttpResponse(decodeResult: success, version: HTTP/1.1)
HTTP/1.1 200 OK
Content-Length: 14
Content-Type: application/json; charset=utf-8
cache-control: no-cache

23:00:30.091 [AsyncHttpClient-1-20] DEBUG org.asynchttpclient.netty.channel.ChannelManager - Adding key: http://localhost:26723 for channel [id: 0x3a5f2269, L:/127.0.0.1:54535 - R:localhost/127.0.0.1:26723]
23:00:30.092 [Forwarding findElement on session a0c28f50fee961165a86e94522937681 to remote] DEBUG org.asynchttpclient.netty.request.NettyRequestSender - Using pooled Channel '[id: 0x3a5f2269, L:/127.0.0.1:54535 - R:localhost/127.0.0.1:26723]' for 'POST' to 'http://localhost:26723/session/a0c28f50fee961165a86e94522937681/element'
23:00:30.092 [Forwarding findElement on session a0c28f50fee961165a86e94522937681 to remote] DEBUG org.asynchttpclient.netty.request.NettyRequestSender - Using open Channel [id: 0x3a5f2269, L:/127.0.0.1:54535 - R:localhost/127.0.0.1:26723] for POST '/session/a0c28f50fee961165a86e94522937681/element'
23:00:30.102 [AsyncHttpClient-1-1] DEBUG org.asynchttpclient.netty.channel.DefaultChannelPool - Entry count for : http://localhost:54536 : 1
23:00:30.107 [AsyncHttpClient-1-20] DEBUG org.asynchttpclient.netty.handler.HttpHandler - 

Request DefaultHttpRequest(decodeResult: success, version: HTTP/1.1)
POST /session/a0c28f50fee961165a86e94522937681/element HTTP/1.1
User-Agent: selenium/4.8.1 (java windows)
Content-Length: 113
Content-Type: application/json; charset=utf-8
host: localhost:26723
accept: */*

Response DefaultHttpResponse(decodeResult: success, version: HTTP/1.1)
HTTP/1.1 200 OK
Content-Length: 94
Content-Type: application/json; charset=utf-8
cache-control: no-cache

23:00:30.107 [AsyncHttpClient-1-20] DEBUG org.asynchttpclient.netty.channel.ChannelManager - Adding key: http://localhost:26723 for channel [id: 0x3a5f2269, L:/127.0.0.1:54535 - R:localhost/127.0.0.1:26723]
23:00:30.108 [Forwarding clickElement on session a0c28f50fee961165a86e94522937681 to remote] DEBUG org.asynchttpclient.netty.request.NettyRequestSender - Using pooled Channel '[id: 0x3a5f2269, L:/127.0.0.1:54535 - R:localhost/127.0.0.1:26723]' for 'POST' to 'http://localhost:26723/session/a0c28f50fee961165a86e94522937681/element/F8D3A45ECC582C33D514C4F2CACF2A13_element_9/click'
23:00:30.108 [Forwarding clickElement on session a0c28f50fee961165a86e94522937681 to remote] DEBUG org.asynchttpclient.netty.request.NettyRequestSender - Using open Channel [id: 0x3a5f2269, L:/127.0.0.1:54535 - R:localhost/127.0.0.1:26723] for POST '/session/a0c28f50fee961165a86e94522937681/element/F8D3A45ECC582C33D514C4F2CACF2A13_element_9/click'
23:00:30.391 [AsyncHttpClient-1-20] DEBUG org.asynchttpclient.netty.handler.HttpHandler - 

Request DefaultHttpRequest(decodeResult: success, version: HTTP/1.1)
POST /session/a0c28f50fee961165a86e94522937681/element/F8D3A45ECC582C33D514C4F2CACF2A13_element_9/click HTTP/1.1
User-Agent: selenium/4.8.1 (java windows)
Content-Length: 56
Content-Type: application/json; charset=utf-8
host: localhost:26723
accept: */*

Response DefaultHttpResponse(decodeResult: success, version: HTTP/1.1)
HTTP/1.1 200 OK
Content-Length: 14
Content-Type: application/json; charset=utf-8
cache-control: no-cache

23:00:30.392 [AsyncHttpClient-1-20] DEBUG org.asynchttpclient.netty.channel.ChannelManager - Adding key: http://localhost:26723 for channel [id: 0x3a5f2269, L:/127.0.0.1:54535 - R:localhost/127.0.0.1:26723]
23:00:30.407 [Forwarding getAlertText on session a0c28f50fee961165a86e94522937681 to remote] DEBUG org.asynchttpclient.netty.request.NettyRequestSender - Using pooled Channel '[id: 0x3a5f2269, L:/127.0.0.1:54535 - R:localhost/127.0.0.1:26723]' for 'GET' to 'http://localhost:26723/session/a0c28f50fee961165a86e94522937681/alert/text'
23:00:30.407 [Forwarding getAlertText on session a0c28f50fee961165a86e94522937681 to remote] DEBUG org.asynchttpclient.netty.request.NettyRequestSender - Using open Channel [id: 0x3a5f2269, L:/127.0.0.1:54535 - R:localhost/127.0.0.1:26723] for GET '/session/a0c28f50fee961165a86e94522937681/alert/text'
23:00:30.410 [AsyncHttpClient-1-20] DEBUG org.asynchttpclient.netty.handler.HttpHandler - 

Request DefaultFullHttpRequest(decodeResult: success, version: HTTP/1.1, content: EmptyByteBufBE)
GET /session/a0c28f50fee961165a86e94522937681/alert/text HTTP/1.1
User-Agent: selenium/4.8.1 (java windows)
Cache-Control: no-cache
Content-Type: application/json; charset=utf-8
host: localhost:26723
accept: */*

Response DefaultHttpResponse(decodeResult: success, version: HTTP/1.1)
HTTP/1.1 404 Not Found
Content-Length: 820
Content-Type: application/json; charset=utf-8
cache-control: no-cache

23:00:30.411 [AsyncHttpClient-1-20] DEBUG org.asynchttpclient.netty.channel.ChannelManager - Adding key: http://localhost:26723 for channel [id: 0x3a5f2269, L:/127.0.0.1:54535 - R:localhost/127.0.0.1:26723]
23:00:30.413 [Forwarding getCurrentUrl on session a0c28f50fee961165a86e94522937681 to remote] DEBUG org.asynchttpclient.netty.request.NettyRequestSender - Using pooled Channel '[id: 0x3a5f2269, L:/127.0.0.1:54535 - R:localhost/127.0.0.1:26723]' for 'GET' to 'http://localhost:26723/session/a0c28f50fee961165a86e94522937681/url'
23:00:30.414 [Forwarding getCurrentUrl on session a0c28f50fee961165a86e94522937681 to remote] DEBUG org.asynchttpclient.netty.request.NettyRequestSender - Using open Channel [id: 0x3a5f2269, L:/127.0.0.1:54535 - R:localhost/127.0.0.1:26723] for GET '/session/a0c28f50fee961165a86e94522937681/url'
23:00:30.439 [AsyncHttpClient-1-20] DEBUG org.asynchttpclient.netty.handler.HttpHandler - 

Request DefaultFullHttpRequest(decodeResult: success, version: HTTP/1.1, content: EmptyByteBufBE)
GET /session/a0c28f50fee961165a86e94522937681/url HTTP/1.1
User-Agent: selenium/4.8.1 (java windows)
Cache-Control: no-cache
Content-Type: application/json; charset=utf-8
host: localhost:26723
accept: */*

Response DefaultHttpResponse(decodeResult: success, version: HTTP/1.1)
HTTP/1.1 200 OK
Content-Length: 41
Content-Type: application/json; charset=utf-8
cache-control: no-cache

23:00:30.439 [AsyncHttpClient-1-20] DEBUG org.asynchttpclient.netty.channel.ChannelManager - Adding key: http://localhost:26723 for channel [id: 0x3a5f2269, L:/127.0.0.1:54535 - R:localhost/127.0.0.1:26723]
23:00:30.440 [Forwarding screenshot on session a0c28f50fee961165a86e94522937681 to remote] DEBUG org.asynchttpclient.netty.request.NettyRequestSender - Using pooled Channel '[id: 0x3a5f2269, L:/127.0.0.1:54535 - R:localhost/127.0.0.1:26723]' for 'GET' to 'http://localhost:26723/session/a0c28f50fee961165a86e94522937681/screenshot'
23:00:30.440 [Forwarding screenshot on session a0c28f50fee961165a86e94522937681 to remote] DEBUG org.asynchttpclient.netty.request.NettyRequestSender - Using open Channel [id: 0x3a5f2269, L:/127.0.0.1:54535 - R:localhost/127.0.0.1:26723] for GET '/session/a0c28f50fee961165a86e94522937681/screenshot'
23:00:30.732 [AsyncHttpClient-1-20] DEBUG org.asynchttpclient.netty.handler.HttpHandler - 

Request DefaultFullHttpRequest(decodeResult: success, version: HTTP/1.1, content: EmptyByteBufBE)
GET /session/a0c28f50fee961165a86e94522937681/screenshot HTTP/1.1
User-Agent: selenium/4.8.1 (java windows)
Cache-Control: no-cache
Content-Type: application/json; charset=utf-8
host: localhost:26723
accept: */*

Response DefaultHttpResponse(decodeResult: success, version: HTTP/1.1)
HTTP/1.1 200 OK
Content-Length: 87768
Content-Type: application/json; charset=utf-8
cache-control: no-cache

23:00:30.733 [AsyncHttpClient-1-20] DEBUG org.asynchttpclient.netty.channel.ChannelManager - Adding key: http://localhost:26723 for channel [id: 0x3a5f2269, L:/127.0.0.1:54535 - R:localhost/127.0.0.1:26723]
23:00:30.742 [main] DEBUG net.serenitybdd.core.photography.Darkroom - Send negative for processing for target\site\serenity\d0939621baa42ebaeb7b14b9706d2f8584c267db55d53abca279fcf9f8a0ede6.png
23:00:30.743 [main] DEBUG net.thucydides.core.steps.StepInterceptor - STEP DONE: clickBeliProduk1
  &amp#27;[32mAnd &amp#27;[0m&amp#27;[32mI click buy button&amp#27;[0m                    &amp#27;[90m# starter.stepdefinitions.HomepageSteps.clickBuyButton()&amp#27;[0m
23:00:30.743 [Darkroom Processing Line] DEBUG net.serenitybdd.core.photography.DarkroomProcessingLine - Processing screenshot image in /var/screenshots/screenshot-2526848466095107868
23:00:30.743 [Darkroom Processing Line] DEBUG net.serenitybdd.core.photography.DarkroomProcessingLine - Saving screenshot to target\site\serenity\d0939621baa42ebaeb7b14b9706d2f8584c267db55d53abca279fcf9f8a0ede6.png
23:00:30.760 [Forwarding getPageSource on session a0c28f50fee961165a86e94522937681 to remote] DEBUG org.asynchttpclient.netty.request.NettyRequestSender - Using pooled Channel '[id: 0x3a5f2269, L:/127.0.0.1:54535 - R:localhost/127.0.0.1:26723]' for 'POST' to 'http://localhost:26723/session/a0c28f50fee961165a86e94522937681/execute/sync'
23:00:30.761 [Forwarding getPageSource on session a0c28f50fee961165a86e94522937681 to remote] DEBUG org.asynchttpclient.netty.request.NettyRequestSender - Using open Channel [id: 0x3a5f2269, L:/127.0.0.1:54535 - R:localhost/127.0.0.1:26723] for POST '/session/a0c28f50fee961165a86e94522937681/execute/sync'
23:00:30.917 [AsyncHttpClient-1-20] DEBUG org.asynchttpclient.netty.handler.HttpHandler - 

Request DefaultHttpRequest(decodeResult: success, version: HTTP/1.1)
POST /session/a0c28f50fee961165a86e94522937681/execute/sync HTTP/1.1
User-Agent: selenium/4.8.1 (java windows)
Content-Length: 176
Content-Type: application/json; charset=utf-8
host: localhost:26723
accept: */*

Response DefaultHttpResponse(decodeResult: success, version: HTTP/1.1)
HTTP/1.1 200 OK
Content-Length: 817334
Content-Type: application/json; charset=utf-8
cache-control: no-cache

23:00:30.919 [AsyncHttpClient-1-20] DEBUG org.asynchttpclient.netty.channel.ChannelManager - Adding key: http://localhost:26723 for channel [id: 0x3a5f2269, L:/127.0.0.1:54535 - R:localhost/127.0.0.1:26723]
23:00:31.150 [Forwarding getCurrentUrl on session a0c28f50fee961165a86e94522937681 to remote] DEBUG org.asynchttpclient.netty.request.NettyRequestSender - Using pooled Channel '[id: 0x3a5f2269, L:/127.0.0.1:54535 - R:localhost/127.0.0.1:26723]' for 'GET' to 'http://localhost:26723/session/a0c28f50fee961165a86e94522937681/url'
23:00:31.150 [Forwarding getCurrentUrl on session a0c28f50fee961165a86e94522937681 to remote] DEBUG org.asynchttpclient.netty.request.NettyRequestSender - Using open Channel [id: 0x3a5f2269, L:/127.0.0.1:54535 - R:localhost/127.0.0.1:26723] for GET '/session/a0c28f50fee961165a86e94522937681/url'
23:00:31.163 [AsyncHttpClient-1-20] DEBUG org.asynchttpclient.netty.handler.HttpHandler - 

Request DefaultFullHttpRequest(decodeResult: success, version: HTTP/1.1, content: EmptyByteBufBE)
GET /session/a0c28f50fee961165a86e94522937681/url HTTP/1.1
User-Agent: selenium/4.8.1 (java windows)
Cache-Control: no-cache
Content-Type: application/json; charset=utf-8
host: localhost:26723
accept: */*

Response DefaultHttpResponse(decodeResult: success, version: HTTP/1.1)
HTTP/1.1 200 OK
Content-Length: 41
Content-Type: application/json; charset=utf-8
cache-control: no-cache

23:00:31.163 [AsyncHttpClient-1-20] DEBUG org.asynchttpclient.netty.channel.ChannelManager - Adding key: http://localhost:26723 for channel [id: 0x3a5f2269, L:/127.0.0.1:54535 - R:localhost/127.0.0.1:26723]
23:00:31.183 [Forwarding getAlertText on session a0c28f50fee961165a86e94522937681 to remote] DEBUG org.asynchttpclient.netty.request.NettyRequestSender - Using pooled Channel '[id: 0x3a5f2269, L:/127.0.0.1:54535 - R:localhost/127.0.0.1:26723]' for 'GET' to 'http://localhost:26723/session/a0c28f50fee961165a86e94522937681/alert/text'
23:00:31.183 [Forwarding getAlertText on session a0c28f50fee961165a86e94522937681 to remote] DEBUG org.asynchttpclient.netty.request.NettyRequestSender - Using open Channel [id: 0x3a5f2269, L:/127.0.0.1:54535 - R:localhost/127.0.0.1:26723] for GET '/session/a0c28f50fee961165a86e94522937681/alert/text'
23:00:31.187 [AsyncHttpClient-1-20] DEBUG org.asynchttpclient.netty.handler.HttpHandler - 

Request DefaultFullHttpRequest(decodeResult: success, version: HTTP/1.1, content: EmptyByteBufBE)
GET /session/a0c28f50fee961165a86e94522937681/alert/text HTTP/1.1
User-Agent: selenium/4.8.1 (java windows)
Cache-Control: no-cache
Content-Type: application/json; charset=utf-8
host: localhost:26723
accept: */*

Response DefaultHttpResponse(decodeResult: success, version: HTTP/1.1)
HTTP/1.1 404 Not Found
Content-Length: 820
Content-Type: application/json; charset=utf-8
cache-control: no-cache

23:00:31.187 [AsyncHttpClient-1-20] DEBUG org.asynchttpclient.netty.channel.ChannelManager - Adding key: http://localhost:26723 for channel [id: 0x3a5f2269, L:/127.0.0.1:54535 - R:localhost/127.0.0.1:26723]
23:00:31.188 [Forwarding getCurrentUrl on session a0c28f50fee961165a86e94522937681 to remote] DEBUG org.asynchttpclient.netty.request.NettyRequestSender - Using pooled Channel '[id: 0x3a5f2269, L:/127.0.0.1:54535 - R:localhost/127.0.0.1:26723]' for 'GET' to 'http://localhost:26723/session/a0c28f50fee961165a86e94522937681/url'
23:00:31.188 [Forwarding getCurrentUrl on session a0c28f50fee961165a86e94522937681 to remote] DEBUG org.asynchttpclient.netty.request.NettyRequestSender - Using open Channel [id: 0x3a5f2269, L:/127.0.0.1:54535 - R:localhost/127.0.0.1:26723] for GET '/session/a0c28f50fee961165a86e94522937681/url'
23:00:31.202 [AsyncHttpClient-1-20] DEBUG org.asynchttpclient.netty.handler.HttpHandler - 

Request DefaultFullHttpRequest(decodeResult: success, version: HTTP/1.1, content: EmptyByteBufBE)
GET /session/a0c28f50fee961165a86e94522937681/url HTTP/1.1
User-Agent: selenium/4.8.1 (java windows)
Cache-Control: no-cache
Content-Type: application/json; charset=utf-8
host: localhost:26723
accept: */*

Response DefaultHttpResponse(decodeResult: success, version: HTTP/1.1)
HTTP/1.1 200 OK
Content-Length: 41
Content-Type: application/json; charset=utf-8
cache-control: no-cache

23:00:31.202 [AsyncHttpClient-1-20] DEBUG org.asynchttpclient.netty.channel.ChannelManager - Adding key: http://localhost:26723 for channel [id: 0x3a5f2269, L:/127.0.0.1:54535 - R:localhost/127.0.0.1:26723]
23:00:31.202 [AsyncHttpClient-1-1] DEBUG org.asynchttpclient.netty.channel.DefaultChannelPool - Entry count for : http://localhost:54536 : 1
23:00:31.202 [AsyncHttpClient-1-1] DEBUG org.asynchttpclient.netty.channel.DefaultChannelPool - Entry count for : http://localhost:26723 : 1
23:00:31.203 [Forwarding screenshot on session a0c28f50fee961165a86e94522937681 to remote] DEBUG org.asynchttpclient.netty.request.NettyRequestSender - Using pooled Channel '[id: 0x3a5f2269, L:/127.0.0.1:54535 - R:localhost/127.0.0.1:26723]' for 'GET' to 'http://localhost:26723/session/a0c28f50fee961165a86e94522937681/screenshot'
23:00:31.203 [Forwarding screenshot on session a0c28f50fee961165a86e94522937681 to remote] DEBUG org.asynchttpclient.netty.request.NettyRequestSender - Using open Channel [id: 0x3a5f2269, L:/127.0.0.1:54535 - R:localhost/127.0.0.1:26723] for GET '/session/a0c28f50fee961165a86e94522937681/screenshot'
23:00:31.435 [AsyncHttpClient-1-20] DEBUG org.asynchttpclient.netty.handler.HttpHandler - 

Request DefaultFullHttpRequest(decodeResult: success, version: HTTP/1.1, content: EmptyByteBufBE)
GET /session/a0c28f50fee961165a86e94522937681/screenshot HTTP/1.1
User-Agent: selenium/4.8.1 (java windows)
Cache-Control: no-cache
Content-Type: application/json; charset=utf-8
host: localhost:26723
accept: */*

Response DefaultHttpResponse(decodeResult: success, version: HTTP/1.1)
HTTP/1.1 200 OK
Content-Length: 86752
Content-Type: application/json; charset=utf-8
cache-control: no-cache

23:00:31.435 [AsyncHttpClient-1-20] DEBUG org.asynchttpclient.netty.channel.ChannelManager - Adding key: http://localhost:26723 for channel [id: 0x3a5f2269, L:/127.0.0.1:54535 - R:localhost/127.0.0.1:26723]
23:00:31.444 [main] DEBUG net.serenitybdd.core.photography.Darkroom - Send negative for processing for target\site\serenity\acdb85324b05ed0031f159074a1f8a61ef072aad95489d72e4cd86a0da2c3148.png
23:00:31.446 [Forwarding getPageSource on session a0c28f50fee961165a86e94522937681 to remote] DEBUG org.asynchttpclient.netty.request.NettyRequestSender - Using pooled Channel '[id: 0x3a5f2269, L:/127.0.0.1:54535 - R:localhost/127.0.0.1:26723]' for 'POST' to 'http://localhost:26723/session/a0c28f50fee961165a86e94522937681/execute/sync'
23:00:31.446 [Forwarding getPageSource on session a0c28f50fee961165a86e94522937681 to remote] DEBUG org.asynchttpclient.netty.request.NettyRequestSender - Using open Channel [id: 0x3a5f2269, L:/127.0.0.1:54535 - R:localhost/127.0.0.1:26723] for POST '/session/a0c28f50fee961165a86e94522937681/execute/sync'
23:00:31.618 [AsyncHttpClient-1-20] DEBUG org.asynchttpclient.netty.handler.HttpHandler - 

Request DefaultHttpRequest(decodeResult: success, version: HTTP/1.1)
POST /session/a0c28f50fee961165a86e94522937681/execute/sync HTTP/1.1
User-Agent: selenium/4.8.1 (java windows)
Content-Length: 176
Content-Type: application/json; charset=utf-8
host: localhost:26723
accept: */*

Response DefaultHttpResponse(decodeResult: success, version: HTTP/1.1)
HTTP/1.1 200 OK
Content-Length: 817003
Content-Type: application/json; charset=utf-8
cache-control: no-cache

23:00:31.620 [AsyncHttpClient-1-20] DEBUG org.asynchttpclient.netty.channel.ChannelManager - Adding key: http://localhost:26723 for channel [id: 0x3a5f2269, L:/127.0.0.1:54535 - R:localhost/127.0.0.1:26723]
23:00:31.756 [Forwarding getCurrentUrl on session a0c28f50fee961165a86e94522937681 to remote] DEBUG org.asynchttpclient.netty.request.NettyRequestSender - Using pooled Channel '[id: 0x3a5f2269, L:/127.0.0.1:54535 - R:localhost/127.0.0.1:26723]' for 'GET' to 'http://localhost:26723/session/a0c28f50fee961165a86e94522937681/url'
23:00:31.756 [Forwarding getCurrentUrl on session a0c28f50fee961165a86e94522937681 to remote] DEBUG org.asynchttpclient.netty.request.NettyRequestSender - Using open Channel [id: 0x3a5f2269, L:/127.0.0.1:54535 - R:localhost/127.0.0.1:26723] for GET '/session/a0c28f50fee961165a86e94522937681/url'
23:00:31.763 [AsyncHttpClient-1-20] DEBUG org.asynchttpclient.netty.handler.HttpHandler - 

Request DefaultFullHttpRequest(decodeResult: success, version: HTTP/1.1, content: EmptyByteBufBE)
GET /session/a0c28f50fee961165a86e94522937681/url HTTP/1.1
User-Agent: selenium/4.8.1 (java windows)
Cache-Control: no-cache
Content-Type: application/json; charset=utf-8
host: localhost:26723
accept: */*

Response DefaultHttpResponse(decodeResult: success, version: HTTP/1.1)
HTTP/1.1 200 OK
Content-Length: 41
Content-Type: application/json; charset=utf-8
cache-control: no-cache

23:00:31.763 [AsyncHttpClient-1-20] DEBUG org.asynchttpclient.netty.channel.ChannelManager - Adding key: http://localhost:26723 for channel [id: 0x3a5f2269, L:/127.0.0.1:54535 - R:localhost/127.0.0.1:26723]
23:00:31.766 [main] DEBUG net.thucydides.core.steps.StepInterceptor - STARTING STEP: HomepageSteps.clickBuyButtonAgain - clickBeliProduk1
23:00:31.769 [Forwarding findElement on session a0c28f50fee961165a86e94522937681 to remote] DEBUG org.asynchttpclient.netty.request.NettyRequestSender - Using pooled Channel '[id: 0x3a5f2269, L:/127.0.0.1:54535 - R:localhost/127.0.0.1:26723]' for 'POST' to 'http://localhost:26723/session/a0c28f50fee961165a86e94522937681/element'
23:00:31.769 [Forwarding findElement on session a0c28f50fee961165a86e94522937681 to remote] DEBUG org.asynchttpclient.netty.request.NettyRequestSender - Using open Channel [id: 0x3a5f2269, L:/127.0.0.1:54535 - R:localhost/127.0.0.1:26723] for POST '/session/a0c28f50fee961165a86e94522937681/element'
23:00:31.786 [AsyncHttpClient-1-20] DEBUG org.asynchttpclient.netty.handler.HttpHandler - 

Request DefaultHttpRequest(decodeResult: success, version: HTTP/1.1)
POST /session/a0c28f50fee961165a86e94522937681/element HTTP/1.1
User-Agent: selenium/4.8.1 (java windows)
Content-Length: 113
Content-Type: application/json; charset=utf-8
host: localhost:26723
accept: */*

Response DefaultHttpResponse(decodeResult: success, version: HTTP/1.1)
HTTP/1.1 200 OK
Content-Length: 94
Content-Type: application/json; charset=utf-8
cache-control: no-cache

23:00:31.786 [AsyncHttpClient-1-20] DEBUG org.asynchttpclient.netty.channel.ChannelManager - Adding key: http://localhost:26723 for channel [id: 0x3a5f2269, L:/127.0.0.1:54535 - R:localhost/127.0.0.1:26723]
23:00:31.787 [Forwarding getElementTagName on session a0c28f50fee961165a86e94522937681 to remote] DEBUG org.asynchttpclient.netty.request.NettyRequestSender - Using pooled Channel '[id: 0x3a5f2269, L:/127.0.0.1:54535 - R:localhost/127.0.0.1:26723]' for 'GET' to 'http://localhost:26723/session/a0c28f50fee961165a86e94522937681/element/F8D3A45ECC582C33D514C4F2CACF2A13_element_9/name'
23:00:31.787 [Forwarding getElementTagName on session a0c28f50fee961165a86e94522937681 to remote] DEBUG org.asynchttpclient.netty.request.NettyRequestSender - Using open Channel [id: 0x3a5f2269, L:/127.0.0.1:54535 - R:localhost/127.0.0.1:26723] for GET '/session/a0c28f50fee961165a86e94522937681/element/F8D3A45ECC582C33D514C4F2CACF2A13_element_9/name'
23:00:31.797 [AsyncHttpClient-1-20] DEBUG org.asynchttpclient.netty.handler.HttpHandler - 

Request DefaultFullHttpRequest(decodeResult: success, version: HTTP/1.1, content: EmptyByteBufBE)
GET /session/a0c28f50fee961165a86e94522937681/element/F8D3A45ECC582C33D514C4F2CACF2A13_element_9/name HTTP/1.1
User-Agent: selenium/4.8.1 (java windows)
Cache-Control: no-cache
Content-Type: application/json; charset=utf-8
host: localhost:26723
accept: */*

Response DefaultHttpResponse(decodeResult: success, version: HTTP/1.1)
HTTP/1.1 200 OK
Content-Length: 18
Content-Type: application/json; charset=utf-8
cache-control: no-cache

23:00:31.797 [AsyncHttpClient-1-20] DEBUG org.asynchttpclient.netty.channel.ChannelManager - Adding key: http://localhost:26723 for channel [id: 0x3a5f2269, L:/127.0.0.1:54535 - R:localhost/127.0.0.1:26723]
23:00:31.799 [Forwarding getElementTagName on session a0c28f50fee961165a86e94522937681 to remote] DEBUG org.asynchttpclient.netty.request.NettyRequestSender - Using pooled Channel '[id: 0x3a5f2269, L:/127.0.0.1:54535 - R:localhost/127.0.0.1:26723]' for 'GET' to 'http://localhost:26723/session/a0c28f50fee961165a86e94522937681/element/F8D3A45ECC582C33D514C4F2CACF2A13_element_9/name'
23:00:31.799 [Forwarding getElementTagName on session a0c28f50fee961165a86e94522937681 to remote] DEBUG org.asynchttpclient.netty.request.NettyRequestSender - Using open Channel [id: 0x3a5f2269, L:/127.0.0.1:54535 - R:localhost/127.0.0.1:26723] for GET '/session/a0c28f50fee961165a86e94522937681/element/F8D3A45ECC582C33D514C4F2CACF2A13_element_9/name'
23:00:31.806 [AsyncHttpClient-1-20] DEBUG org.asynchttpclient.netty.handler.HttpHandler - 

Request DefaultFullHttpRequest(decodeResult: success, version: HTTP/1.1, content: EmptyByteBufBE)
GET /session/a0c28f50fee961165a86e94522937681/element/F8D3A45ECC582C33D514C4F2CACF2A13_element_9/name HTTP/1.1
User-Agent: selenium/4.8.1 (java windows)
Cache-Control: no-cache
Content-Type: application/json; charset=utf-8
host: localhost:26723
accept: */*

Response DefaultHttpResponse(decodeResult: success, version: HTTP/1.1)
HTTP/1.1 200 OK
Content-Length: 18
Content-Type: application/json; charset=utf-8
cache-control: no-cache

23:00:31.806 [AsyncHttpClient-1-20] DEBUG org.asynchttpclient.netty.channel.ChannelManager - Adding key: http://localhost:26723 for channel [id: 0x3a5f2269, L:/127.0.0.1:54535 - R:localhost/127.0.0.1:26723]
23:00:31.809 [Forwarding isElementEnabled on session a0c28f50fee961165a86e94522937681 to remote] DEBUG org.asynchttpclient.netty.request.NettyRequestSender - Using pooled Channel '[id: 0x3a5f2269, L:/127.0.0.1:54535 - R:localhost/127.0.0.1:26723]' for 'GET' to 'http://localhost:26723/session/a0c28f50fee961165a86e94522937681/element/F8D3A45ECC582C33D514C4F2CACF2A13_element_9/enabled'
23:00:31.809 [Forwarding isElementEnabled on session a0c28f50fee961165a86e94522937681 to remote] DEBUG org.asynchttpclient.netty.request.NettyRequestSender - Using open Channel [id: 0x3a5f2269, L:/127.0.0.1:54535 - R:localhost/127.0.0.1:26723] for GET '/session/a0c28f50fee961165a86e94522937681/element/F8D3A45ECC582C33D514C4F2CACF2A13_element_9/enabled'
23:00:31.819 [AsyncHttpClient-1-20] DEBUG org.asynchttpclient.netty.handler.HttpHandler - 

Request DefaultFullHttpRequest(decodeResult: success, version: HTTP/1.1, content: EmptyByteBufBE)
GET /session/a0c28f50fee961165a86e94522937681/element/F8D3A45ECC582C33D514C4F2CACF2A13_element_9/enabled HTTP/1.1
User-Agent: selenium/4.8.1 (java windows)
Cache-Control: no-cache
Content-Type: application/json; charset=utf-8
host: localhost:26723
accept: */*

Response DefaultHttpResponse(decodeResult: success, version: HTTP/1.1)
HTTP/1.1 200 OK
Content-Length: 14
Content-Type: application/json; charset=utf-8
cache-control: no-cache

23:00:31.819 [AsyncHttpClient-1-20] DEBUG org.asynchttpclient.netty.channel.ChannelManager - Adding key: http://localhost:26723 for channel [id: 0x3a5f2269, L:/127.0.0.1:54535 - R:localhost/127.0.0.1:26723]
23:00:31.821 [Forwarding isElementEnabled on session a0c28f50fee961165a86e94522937681 to remote] DEBUG org.asynchttpclient.netty.request.NettyRequestSender - Using pooled Channel '[id: 0x3a5f2269, L:/127.0.0.1:54535 - R:localhost/127.0.0.1:26723]' for 'GET' to 'http://localhost:26723/session/a0c28f50fee961165a86e94522937681/element/F8D3A45ECC582C33D514C4F2CACF2A13_element_9/enabled'
23:00:31.821 [Forwarding isElementEnabled on session a0c28f50fee961165a86e94522937681 to remote] DEBUG org.asynchttpclient.netty.request.NettyRequestSender - Using open Channel [id: 0x3a5f2269, L:/127.0.0.1:54535 - R:localhost/127.0.0.1:26723] for GET '/session/a0c28f50fee961165a86e94522937681/element/F8D3A45ECC582C33D514C4F2CACF2A13_element_9/enabled'
23:00:31.832 [AsyncHttpClient-1-20] DEBUG org.asynchttpclient.netty.handler.HttpHandler - 

Request DefaultFullHttpRequest(decodeResult: success, version: HTTP/1.1, content: EmptyByteBufBE)
GET /session/a0c28f50fee961165a86e94522937681/element/F8D3A45ECC582C33D514C4F2CACF2A13_element_9/enabled HTTP/1.1
User-Agent: selenium/4.8.1 (java windows)
Cache-Control: no-cache
Content-Type: application/json; charset=utf-8
host: localhost:26723
accept: */*

Response DefaultHttpResponse(decodeResult: success, version: HTTP/1.1)
HTTP/1.1 200 OK
Content-Length: 14
Content-Type: application/json; charset=utf-8
cache-control: no-cache

23:00:31.832 [AsyncHttpClient-1-20] DEBUG org.asynchttpclient.netty.channel.ChannelManager - Adding key: http://localhost:26723 for channel [id: 0x3a5f2269, L:/127.0.0.1:54535 - R:localhost/127.0.0.1:26723]
23:00:31.833 [Forwarding findElement on session a0c28f50fee961165a86e94522937681 to remote] DEBUG org.asynchttpclient.netty.request.NettyRequestSender - Using pooled Channel '[id: 0x3a5f2269, L:/127.0.0.1:54535 - R:localhost/127.0.0.1:26723]' for 'POST' to 'http://localhost:26723/session/a0c28f50fee961165a86e94522937681/element'
23:00:31.833 [Forwarding findElement on session a0c28f50fee961165a86e94522937681 to remote] DEBUG org.asynchttpclient.netty.request.NettyRequestSender - Using open Channel [id: 0x3a5f2269, L:/127.0.0.1:54535 - R:localhost/127.0.0.1:26723] for POST '/session/a0c28f50fee961165a86e94522937681/element'
23:00:31.851 [AsyncHttpClient-1-20] DEBUG org.asynchttpclient.netty.handler.HttpHandler - 

Request DefaultHttpRequest(decodeResult: success, version: HTTP/1.1)
POST /session/a0c28f50fee961165a86e94522937681/element HTTP/1.1
User-Agent: selenium/4.8.1 (java windows)
Content-Length: 113
Content-Type: application/json; charset=utf-8
host: localhost:26723
accept: */*

Response DefaultHttpResponse(decodeResult: success, version: HTTP/1.1)
HTTP/1.1 200 OK
Content-Length: 94
Content-Type: application/json; charset=utf-8
cache-control: no-cache

23:00:31.851 [AsyncHttpClient-1-20] DEBUG org.asynchttpclient.netty.channel.ChannelManager - Adding key: http://localhost:26723 for channel [id: 0x3a5f2269, L:/127.0.0.1:54535 - R:localhost/127.0.0.1:26723]
23:00:31.852 [Forwarding clickElement on session a0c28f50fee961165a86e94522937681 to remote] DEBUG org.asynchttpclient.netty.request.NettyRequestSender - Using pooled Channel '[id: 0x3a5f2269, L:/127.0.0.1:54535 - R:localhost/127.0.0.1:26723]' for 'POST' to 'http://localhost:26723/session/a0c28f50fee961165a86e94522937681/element/F8D3A45ECC582C33D514C4F2CACF2A13_element_9/click'
23:00:31.852 [Forwarding clickElement on session a0c28f50fee961165a86e94522937681 to remote] DEBUG org.asynchttpclient.netty.request.NettyRequestSender - Using open Channel [id: 0x3a5f2269, L:/127.0.0.1:54535 - R:localhost/127.0.0.1:26723] for POST '/session/a0c28f50fee961165a86e94522937681/element/F8D3A45ECC582C33D514C4F2CACF2A13_element_9/click'
23:00:31.953 [AsyncHttpClient-1-20] DEBUG org.asynchttpclient.netty.handler.HttpHandler - 

Request DefaultHttpRequest(decodeResult: success, version: HTTP/1.1)
POST /session/a0c28f50fee961165a86e94522937681/element/F8D3A45ECC582C33D514C4F2CACF2A13_element_9/click HTTP/1.1
User-Agent: selenium/4.8.1 (java windows)
Content-Length: 56
Content-Type: application/json; charset=utf-8
host: localhost:26723
accept: */*

Response DefaultHttpResponse(decodeResult: success, version: HTTP/1.1)
HTTP/1.1 200 OK
Content-Length: 14
Content-Type: application/json; charset=utf-8
cache-control: no-cache

23:00:31.953 [AsyncHttpClient-1-20] DEBUG org.asynchttpclient.netty.channel.ChannelManager - Adding key: http://localhost:26723 for channel [id: 0x3a5f2269, L:/127.0.0.1:54535 - R:localhost/127.0.0.1:26723]
23:00:31.959 [Forwarding getAlertText on session a0c28f50fee961165a86e94522937681 to remote] DEBUG org.asynchttpclient.netty.request.NettyRequestSender - Using pooled Channel '[id: 0x3a5f2269, L:/127.0.0.1:54535 - R:localhost/127.0.0.1:26723]' for 'GET' to 'http://localhost:26723/session/a0c28f50fee961165a86e94522937681/alert/text'
23:00:31.959 [Forwarding getAlertText on session a0c28f50fee961165a86e94522937681 to remote] DEBUG org.asynchttpclient.netty.request.NettyRequestSender - Using open Channel [id: 0x3a5f2269, L:/127.0.0.1:54535 - R:localhost/127.0.0.1:26723] for GET '/session/a0c28f50fee961165a86e94522937681/alert/text'
23:00:31.961 [AsyncHttpClient-1-20] DEBUG org.asynchttpclient.netty.handler.HttpHandler - 

Request DefaultFullHttpRequest(decodeResult: success, version: HTTP/1.1, content: EmptyByteBufBE)
GET /session/a0c28f50fee961165a86e94522937681/alert/text HTTP/1.1
User-Agent: selenium/4.8.1 (java windows)
Cache-Control: no-cache
Content-Type: application/json; charset=utf-8
host: localhost:26723
accept: */*

Response DefaultHttpResponse(decodeResult: success, version: HTTP/1.1)
HTTP/1.1 404 Not Found
Content-Length: 820
Content-Type: application/json; charset=utf-8
cache-control: no-cache

23:00:31.961 [AsyncHttpClient-1-20] DEBUG org.asynchttpclient.netty.channel.ChannelManager - Adding key: http://localhost:26723 for channel [id: 0x3a5f2269, L:/127.0.0.1:54535 - R:localhost/127.0.0.1:26723]
23:00:31.961 [Forwarding getCurrentUrl on session a0c28f50fee961165a86e94522937681 to remote] DEBUG org.asynchttpclient.netty.request.NettyRequestSender - Using pooled Channel '[id: 0x3a5f2269, L:/127.0.0.1:54535 - R:localhost/127.0.0.1:26723]' for 'GET' to 'http://localhost:26723/session/a0c28f50fee961165a86e94522937681/url'
23:00:31.961 [Forwarding getCurrentUrl on session a0c28f50fee961165a86e94522937681 to remote] DEBUG org.asynchttpclient.netty.request.NettyRequestSender - Using open Channel [id: 0x3a5f2269, L:/127.0.0.1:54535 - R:localhost/127.0.0.1:26723] for GET '/session/a0c28f50fee961165a86e94522937681/url'
23:00:31.969 [AsyncHttpClient-1-20] DEBUG org.asynchttpclient.netty.handler.HttpHandler - 

Request DefaultFullHttpRequest(decodeResult: success, version: HTTP/1.1, content: EmptyByteBufBE)
GET /session/a0c28f50fee961165a86e94522937681/url HTTP/1.1
User-Agent: selenium/4.8.1 (java windows)
Cache-Control: no-cache
Content-Type: application/json; charset=utf-8
host: localhost:26723
accept: */*

Response DefaultHttpResponse(decodeResult: success, version: HTTP/1.1)
HTTP/1.1 200 OK
Content-Length: 41
Content-Type: application/json; charset=utf-8
cache-control: no-cache

23:00:31.969 [AsyncHttpClient-1-20] DEBUG org.asynchttpclient.netty.channel.ChannelManager - Adding key: http://localhost:26723 for channel [id: 0x3a5f2269, L:/127.0.0.1:54535 - R:localhost/127.0.0.1:26723]
23:00:31.970 [Forwarding screenshot on session a0c28f50fee961165a86e94522937681 to remote] DEBUG org.asynchttpclient.netty.request.NettyRequestSender - Using pooled Channel '[id: 0x3a5f2269, L:/127.0.0.1:54535 - R:localhost/127.0.0.1:26723]' for 'GET' to 'http://localhost:26723/session/a0c28f50fee961165a86e94522937681/screenshot'
23:00:31.970 [Forwarding screenshot on session a0c28f50fee961165a86e94522937681 to remote] DEBUG org.asynchttpclient.netty.request.NettyRequestSender - Using open Channel [id: 0x3a5f2269, L:/127.0.0.1:54535 - R:localhost/127.0.0.1:26723] for GET '/session/a0c28f50fee961165a86e94522937681/screenshot'
23:00:32.120 [AsyncHttpClient-1-20] DEBUG org.asynchttpclient.netty.handler.HttpHandler - 

Request DefaultFullHttpRequest(decodeResult: success, version: HTTP/1.1, content: EmptyByteBufBE)
GET /session/a0c28f50fee961165a86e94522937681/screenshot HTTP/1.1
User-Agent: selenium/4.8.1 (java windows)
Cache-Control: no-cache
Content-Type: application/json; charset=utf-8
host: localhost:26723
accept: */*

Response DefaultHttpResponse(decodeResult: success, version: HTTP/1.1)
HTTP/1.1 200 OK
Content-Length: 87416
Content-Type: application/json; charset=utf-8
cache-control: no-cache

23:00:32.120 [AsyncHttpClient-1-20] DEBUG org.asynchttpclient.netty.channel.ChannelManager - Adding key: http://localhost:26723 for channel [id: 0x3a5f2269, L:/127.0.0.1:54535 - R:localhost/127.0.0.1:26723]
23:00:32.124 [main] DEBUG net.serenitybdd.core.photography.Darkroom - Send negative for processing for target\site\serenity\931718c1af8e6756c1401556f60d6fc2c83dafee4495504b81e2fbc39e007df4.png
23:00:32.126 [main] DEBUG net.thucydides.core.steps.StepInterceptor - STEP DONE: clickBeliProduk1
  &amp#27;[32mAnd &amp#27;[0m&amp#27;[32mI click buy button again&amp#27;[0m              &amp#27;[90m# starter.stepdefinitions.HomepageSteps.clickBuyButtonAgain()&amp#27;[0m
23:00:32.126 [Darkroom Processing Line] DEBUG net.serenitybdd.core.photography.DarkroomProcessingLine - Processing screenshot image in /var/screenshots/screenshot-4524689094895383114
23:00:32.126 [Darkroom Processing Line] DEBUG net.serenitybdd.core.photography.DarkroomProcessingLine - Saving screenshot to target\site\serenity\931718c1af8e6756c1401556f60d6fc2c83dafee4495504b81e2fbc39e007df4.png
23:00:32.135 [Forwarding getPageSource on session a0c28f50fee961165a86e94522937681 to remote] DEBUG org.asynchttpclient.netty.request.NettyRequestSender - Using pooled Channel '[id: 0x3a5f2269, L:/127.0.0.1:54535 - R:localhost/127.0.0.1:26723]' for 'POST' to 'http://localhost:26723/session/a0c28f50fee961165a86e94522937681/execute/sync'
23:00:32.135 [Forwarding getPageSource on session a0c28f50fee961165a86e94522937681 to remote] DEBUG org.asynchttpclient.netty.request.NettyRequestSender - Using open Channel [id: 0x3a5f2269, L:/127.0.0.1:54535 - R:localhost/127.0.0.1:26723] for POST '/session/a0c28f50fee961165a86e94522937681/execute/sync'
23:00:32.220 [AsyncHttpClient-1-20] DEBUG org.asynchttpclient.netty.handler.HttpHandler - 

Request DefaultHttpRequest(decodeResult: success, version: HTTP/1.1)
POST /session/a0c28f50fee961165a86e94522937681/execute/sync HTTP/1.1
User-Agent: selenium/4.8.1 (java windows)
Content-Length: 176
Content-Type: application/json; charset=utf-8
host: localhost:26723
accept: */*

Response DefaultHttpResponse(decodeResult: success, version: HTTP/1.1)
HTTP/1.1 200 OK
Content-Length: 817322
Content-Type: application/json; charset=utf-8
cache-control: no-cache

23:00:32.221 [AsyncHttpClient-1-20] DEBUG org.asynchttpclient.netty.channel.ChannelManager - Adding key: http://localhost:26723 for channel [id: 0x3a5f2269, L:/127.0.0.1:54535 - R:localhost/127.0.0.1:26723]
23:00:32.306 [AsyncHttpClient-1-1] DEBUG org.asynchttpclient.netty.channel.DefaultChannelPool - Entry count for : http://localhost:54536 : 1
23:00:32.306 [AsyncHttpClient-1-1] DEBUG org.asynchttpclient.netty.channel.DefaultChannelPool - Entry count for : http://localhost:26723 : 1
23:00:32.335 [Forwarding getCurrentUrl on session a0c28f50fee961165a86e94522937681 to remote] DEBUG org.asynchttpclient.netty.request.NettyRequestSender - Using pooled Channel '[id: 0x3a5f2269, L:/127.0.0.1:54535 - R:localhost/127.0.0.1:26723]' for 'GET' to 'http://localhost:26723/session/a0c28f50fee961165a86e94522937681/url'
23:00:32.335 [Forwarding getCurrentUrl on session a0c28f50fee961165a86e94522937681 to remote] DEBUG org.asynchttpclient.netty.request.NettyRequestSender - Using open Channel [id: 0x3a5f2269, L:/127.0.0.1:54535 - R:localhost/127.0.0.1:26723] for GET '/session/a0c28f50fee961165a86e94522937681/url'
23:00:32.344 [AsyncHttpClient-1-20] DEBUG org.asynchttpclient.netty.handler.HttpHandler - 

Request DefaultFullHttpRequest(decodeResult: success, version: HTTP/1.1, content: EmptyByteBufBE)
GET /session/a0c28f50fee961165a86e94522937681/url HTTP/1.1
User-Agent: selenium/4.8.1 (java windows)
Cache-Control: no-cache
Content-Type: application/json; charset=utf-8
host: localhost:26723
accept: */*

Response DefaultHttpResponse(decodeResult: success, version: HTTP/1.1)
HTTP/1.1 200 OK
Content-Length: 41
Content-Type: application/json; charset=utf-8
cache-control: no-cache

23:00:32.344 [AsyncHttpClient-1-20] DEBUG org.asynchttpclient.netty.channel.ChannelManager - Adding key: http://localhost:26723 for channel [id: 0x3a5f2269, L:/127.0.0.1:54535 - R:localhost/127.0.0.1:26723]
23:00:32.356 [Forwarding getAlertText on session a0c28f50fee961165a86e94522937681 to remote] DEBUG org.asynchttpclient.netty.request.NettyRequestSender - Using pooled Channel '[id: 0x3a5f2269, L:/127.0.0.1:54535 - R:localhost/127.0.0.1:26723]' for 'GET' to 'http://localhost:26723/session/a0c28f50fee961165a86e94522937681/alert/text'
23:00:32.356 [Forwarding getAlertText on session a0c28f50fee961165a86e94522937681 to remote] DEBUG org.asynchttpclient.netty.request.NettyRequestSender - Using open Channel [id: 0x3a5f2269, L:/127.0.0.1:54535 - R:localhost/127.0.0.1:26723] for GET '/session/a0c28f50fee961165a86e94522937681/alert/text'
23:00:32.358 [AsyncHttpClient-1-20] DEBUG org.asynchttpclient.netty.handler.HttpHandler - 

Request DefaultFullHttpRequest(decodeResult: success, version: HTTP/1.1, content: EmptyByteBufBE)
GET /session/a0c28f50fee961165a86e94522937681/alert/text HTTP/1.1
User-Agent: selenium/4.8.1 (java windows)
Cache-Control: no-cache
Content-Type: application/json; charset=utf-8
host: localhost:26723
accept: */*

Response DefaultHttpResponse(decodeResult: success, version: HTTP/1.1)
HTTP/1.1 404 Not Found
Content-Length: 820
Content-Type: application/json; charset=utf-8
cache-control: no-cache

23:00:32.358 [AsyncHttpClient-1-20] DEBUG org.asynchttpclient.netty.channel.ChannelManager - Adding key: http://localhost:26723 for channel [id: 0x3a5f2269, L:/127.0.0.1:54535 - R:localhost/127.0.0.1:26723]
23:00:32.359 [Forwarding getCurrentUrl on session a0c28f50fee961165a86e94522937681 to remote] DEBUG org.asynchttpclient.netty.request.NettyRequestSender - Using pooled Channel '[id: 0x3a5f2269, L:/127.0.0.1:54535 - R:localhost/127.0.0.1:26723]' for 'GET' to 'http://localhost:26723/session/a0c28f50fee961165a86e94522937681/url'
23:00:32.359 [Forwarding getCurrentUrl on session a0c28f50fee961165a86e94522937681 to remote] DEBUG org.asynchttpclient.netty.request.NettyRequestSender - Using open Channel [id: 0x3a5f2269, L:/127.0.0.1:54535 - R:localhost/127.0.0.1:26723] for GET '/session/a0c28f50fee961165a86e94522937681/url'
23:00:32.367 [AsyncHttpClient-1-20] DEBUG org.asynchttpclient.netty.handler.HttpHandler - 

Request DefaultFullHttpRequest(decodeResult: success, version: HTTP/1.1, content: EmptyByteBufBE)
GET /session/a0c28f50fee961165a86e94522937681/url HTTP/1.1
User-Agent: selenium/4.8.1 (java windows)
Cache-Control: no-cache
Content-Type: application/json; charset=utf-8
host: localhost:26723
accept: */*

Response DefaultHttpResponse(decodeResult: success, version: HTTP/1.1)
HTTP/1.1 200 OK
Content-Length: 41
Content-Type: application/json; charset=utf-8
cache-control: no-cache

23:00:32.367 [AsyncHttpClient-1-20] DEBUG org.asynchttpclient.netty.channel.ChannelManager - Adding key: http://localhost:26723 for channel [id: 0x3a5f2269, L:/127.0.0.1:54535 - R:localhost/127.0.0.1:26723]
23:00:32.368 [Forwarding screenshot on session a0c28f50fee961165a86e94522937681 to remote] DEBUG org.asynchttpclient.netty.request.NettyRequestSender - Using pooled Channel '[id: 0x3a5f2269, L:/127.0.0.1:54535 - R:localhost/127.0.0.1:26723]' for 'GET' to 'http://localhost:26723/session/a0c28f50fee961165a86e94522937681/screenshot'
23:00:32.368 [Forwarding screenshot on session a0c28f50fee961165a86e94522937681 to remote] DEBUG org.asynchttpclient.netty.request.NettyRequestSender - Using open Channel [id: 0x3a5f2269, L:/127.0.0.1:54535 - R:localhost/127.0.0.1:26723] for GET '/session/a0c28f50fee961165a86e94522937681/screenshot'
23:00:32.536 [AsyncHttpClient-1-20] DEBUG org.asynchttpclient.netty.handler.HttpHandler - 

Request DefaultFullHttpRequest(decodeResult: success, version: HTTP/1.1, content: EmptyByteBufBE)
GET /session/a0c28f50fee961165a86e94522937681/screenshot HTTP/1.1
User-Agent: selenium/4.8.1 (java windows)
Cache-Control: no-cache
Content-Type: application/json; charset=utf-8
host: localhost:26723
accept: */*

Response DefaultHttpResponse(decodeResult: success, version: HTTP/1.1)
HTTP/1.1 200 OK
Content-Length: 86756
Content-Type: application/json; charset=utf-8
cache-control: no-cache

23:00:32.536 [AsyncHttpClient-1-20] DEBUG org.asynchttpclient.netty.channel.ChannelManager - Adding key: http://localhost:26723 for channel [id: 0x3a5f2269, L:/127.0.0.1:54535 - R:localhost/127.0.0.1:26723]
23:00:32.541 [main] DEBUG net.serenitybdd.core.photography.Darkroom - Send negative for processing for target\site\serenity\0af0bd8676c8b420ac89605dab53ce4a762eb057a27b0c93403260e8d0fb8bfe.png
23:00:32.541 [Darkroom Processing Line] DEBUG net.serenitybdd.core.photography.DarkroomProcessingLine - Processing screenshot image in /var/screenshots/screenshot-8745488934650983042
23:00:32.542 [Darkroom Processing Line] DEBUG net.serenitybdd.core.photography.DarkroomProcessingLine - Saving screenshot to target\site\serenity\0af0bd8676c8b420ac89605dab53ce4a762eb057a27b0c93403260e8d0fb8bfe.png
23:00:32.542 [Forwarding getPageSource on session a0c28f50fee961165a86e94522937681 to remote] DEBUG org.asynchttpclient.netty.request.NettyRequestSender - Using pooled Channel '[id: 0x3a5f2269, L:/127.0.0.1:54535 - R:localhost/127.0.0.1:26723]' for 'POST' to 'http://localhost:26723/session/a0c28f50fee961165a86e94522937681/execute/sync'
23:00:32.542 [Forwarding getPageSource on session a0c28f50fee961165a86e94522937681 to remote] DEBUG org.asynchttpclient.netty.request.NettyRequestSender - Using open Channel [id: 0x3a5f2269, L:/127.0.0.1:54535 - R:localhost/127.0.0.1:26723] for POST '/session/a0c28f50fee961165a86e94522937681/execute/sync'
23:00:32.603 [AsyncHttpClient-1-20] DEBUG org.asynchttpclient.netty.handler.HttpHandler - 

Request DefaultHttpRequest(decodeResult: success, version: HTTP/1.1)
POST /session/a0c28f50fee961165a86e94522937681/execute/sync HTTP/1.1
User-Agent: selenium/4.8.1 (java windows)
Content-Length: 176
Content-Type: application/json; charset=utf-8
host: localhost:26723
accept: */*

Response DefaultHttpResponse(decodeResult: success, version: HTTP/1.1)
HTTP/1.1 200 OK
Content-Length: 817003
Content-Type: application/json; charset=utf-8
cache-control: no-cache

23:00:32.604 [AsyncHttpClient-1-20] DEBUG org.asynchttpclient.netty.channel.ChannelManager - Adding key: http://localhost:26723 for channel [id: 0x3a5f2269, L:/127.0.0.1:54535 - R:localhost/127.0.0.1:26723]
23:00:32.687 [Forwarding getCurrentUrl on session a0c28f50fee961165a86e94522937681 to remote] DEBUG org.asynchttpclient.netty.request.NettyRequestSender - Using pooled Channel '[id: 0x3a5f2269, L:/127.0.0.1:54535 - R:localhost/127.0.0.1:26723]' for 'GET' to 'http://localhost:26723/session/a0c28f50fee961165a86e94522937681/url'
23:00:32.687 [Forwarding getCurrentUrl on session a0c28f50fee961165a86e94522937681 to remote] DEBUG org.asynchttpclient.netty.request.NettyRequestSender - Using open Channel [id: 0x3a5f2269, L:/127.0.0.1:54535 - R:localhost/127.0.0.1:26723] for GET '/session/a0c28f50fee961165a86e94522937681/url'
23:00:32.694 [AsyncHttpClient-1-20] DEBUG org.asynchttpclient.netty.handler.HttpHandler - 

Request DefaultFullHttpRequest(decodeResult: success, version: HTTP/1.1, content: EmptyByteBufBE)
GET /session/a0c28f50fee961165a86e94522937681/url HTTP/1.1
User-Agent: selenium/4.8.1 (java windows)
Cache-Control: no-cache
Content-Type: application/json; charset=utf-8
host: localhost:26723
accept: */*

Response DefaultHttpResponse(decodeResult: success, version: HTTP/1.1)
HTTP/1.1 200 OK
Content-Length: 41
Content-Type: application/json; charset=utf-8
cache-control: no-cache

23:00:32.694 [AsyncHttpClient-1-20] DEBUG org.asynchttpclient.netty.channel.ChannelManager - Adding key: http://localhost:26723 for channel [id: 0x3a5f2269, L:/127.0.0.1:54535 - R:localhost/127.0.0.1:26723]
23:00:32.696 [main] DEBUG net.thucydides.core.steps.StepInterceptor - STARTING STEP: HomepageSteps.seeProductToCart - validatePopUp
23:00:32.698 [Forwarding findElement on session a0c28f50fee961165a86e94522937681 to remote] DEBUG org.asynchttpclient.netty.request.NettyRequestSender - Using pooled Channel '[id: 0x3a5f2269, L:/127.0.0.1:54535 - R:localhost/127.0.0.1:26723]' for 'POST' to 'http://localhost:26723/session/a0c28f50fee961165a86e94522937681/element'
23:00:32.698 [Forwarding findElement on session a0c28f50fee961165a86e94522937681 to remote] DEBUG org.asynchttpclient.netty.request.NettyRequestSender - Using open Channel [id: 0x3a5f2269, L:/127.0.0.1:54535 - R:localhost/127.0.0.1:26723] for POST '/session/a0c28f50fee961165a86e94522937681/element'
23:00:32.719 [AsyncHttpClient-1-20] DEBUG org.asynchttpclient.netty.handler.HttpHandler - 

Request DefaultHttpRequest(decodeResult: success, version: HTTP/1.1)
POST /session/a0c28f50fee961165a86e94522937681/element HTTP/1.1
User-Agent: selenium/4.8.1 (java windows)
Content-Length: 148
Content-Type: application/json; charset=utf-8
host: localhost:26723
accept: */*

Response DefaultHttpResponse(decodeResult: success, version: HTTP/1.1)
HTTP/1.1 200 OK
Content-Length: 95
Content-Type: application/json; charset=utf-8
cache-control: no-cache

23:00:32.719 [AsyncHttpClient-1-20] DEBUG org.asynchttpclient.netty.channel.ChannelManager - Adding key: http://localhost:26723 for channel [id: 0x3a5f2269, L:/127.0.0.1:54535 - R:localhost/127.0.0.1:26723]
23:00:32.721 [Forwarding isElementDisplayed on session a0c28f50fee961165a86e94522937681 to remote] DEBUG org.asynchttpclient.netty.request.NettyRequestSender - Using pooled Channel '[id: 0x3a5f2269, L:/127.0.0.1:54535 - R:localhost/127.0.0.1:26723]' for 'POST' to 'http://localhost:26723/session/a0c28f50fee961165a86e94522937681/execute/sync'
23:00:32.721 [Forwarding isElementDisplayed on session a0c28f50fee961165a86e94522937681 to remote] DEBUG org.asynchttpclient.netty.request.NettyRequestSender - Using open Channel [id: 0x3a5f2269, L:/127.0.0.1:54535 - R:localhost/127.0.0.1:26723] for POST '/session/a0c28f50fee961165a86e94522937681/execute/sync'
23:00:32.737 [AsyncHttpClient-1-20] DEBUG org.asynchttpclient.netty.handler.HttpHandler - 

Request DefaultHttpRequest(decodeResult: success, version: HTTP/1.1)
POST /session/a0c28f50fee961165a86e94522937681/execute/sync HTTP/1.1
User-Agent: selenium/4.8.1 (java windows)
Content-Length: 48814
Content-Type: application/json; charset=utf-8
host: localhost:26723
accept: */*

Response DefaultHttpResponse(decodeResult: success, version: HTTP/1.1)
HTTP/1.1 200 OK
Content-Length: 14
Content-Type: application/json; charset=utf-8
cache-control: no-cache

23:00:32.737 [AsyncHttpClient-1-20] DEBUG org.asynchttpclient.netty.channel.ChannelManager - Adding key: http://localhost:26723 for channel [id: 0x3a5f2269, L:/127.0.0.1:54535 - R:localhost/127.0.0.1:26723]
23:00:32.740 [Forwarding getAlertText on session a0c28f50fee961165a86e94522937681 to remote] DEBUG org.asynchttpclient.netty.request.NettyRequestSender - Using pooled Channel '[id: 0x3a5f2269, L:/127.0.0.1:54535 - R:localhost/127.0.0.1:26723]' for 'GET' to 'http://localhost:26723/session/a0c28f50fee961165a86e94522937681/alert/text'
23:00:32.740 [Forwarding getAlertText on session a0c28f50fee961165a86e94522937681 to remote] DEBUG org.asynchttpclient.netty.request.NettyRequestSender - Using open Channel [id: 0x3a5f2269, L:/127.0.0.1:54535 - R:localhost/127.0.0.1:26723] for GET '/session/a0c28f50fee961165a86e94522937681/alert/text'
23:00:32.743 [AsyncHttpClient-1-20] DEBUG org.asynchttpclient.netty.handler.HttpHandler - 

Request DefaultFullHttpRequest(decodeResult: success, version: HTTP/1.1, content: EmptyByteBufBE)
GET /session/a0c28f50fee961165a86e94522937681/alert/text HTTP/1.1
User-Agent: selenium/4.8.1 (java windows)
Cache-Control: no-cache
Content-Type: application/json; charset=utf-8
host: localhost:26723
accept: */*

Response DefaultHttpResponse(decodeResult: success, version: HTTP/1.1)
HTTP/1.1 404 Not Found
Content-Length: 820
Content-Type: application/json; charset=utf-8
cache-control: no-cache

23:00:32.743 [AsyncHttpClient-1-20] DEBUG org.asynchttpclient.netty.channel.ChannelManager - Adding key: http://localhost:26723 for channel [id: 0x3a5f2269, L:/127.0.0.1:54535 - R:localhost/127.0.0.1:26723]
23:00:32.743 [Forwarding getCurrentUrl on session a0c28f50fee961165a86e94522937681 to remote] DEBUG org.asynchttpclient.netty.request.NettyRequestSender - Using pooled Channel '[id: 0x3a5f2269, L:/127.0.0.1:54535 - R:localhost/127.0.0.1:26723]' for 'GET' to 'http://localhost:26723/session/a0c28f50fee961165a86e94522937681/url'
23:00:32.743 [Forwarding getCurrentUrl on session a0c28f50fee961165a86e94522937681 to remote] DEBUG org.asynchttpclient.netty.request.NettyRequestSender - Using open Channel [id: 0x3a5f2269, L:/127.0.0.1:54535 - R:localhost/127.0.0.1:26723] for GET '/session/a0c28f50fee961165a86e94522937681/url'
23:00:32.750 [AsyncHttpClient-1-20] DEBUG org.asynchttpclient.netty.handler.HttpHandler - 

Request DefaultFullHttpRequest(decodeResult: success, version: HTTP/1.1, content: EmptyByteBufBE)
GET /session/a0c28f50fee961165a86e94522937681/url HTTP/1.1
User-Agent: selenium/4.8.1 (java windows)
Cache-Control: no-cache
Content-Type: application/json; charset=utf-8
host: localhost:26723
accept: */*

Response DefaultHttpResponse(decodeResult: success, version: HTTP/1.1)
HTTP/1.1 200 OK
Content-Length: 41
Content-Type: application/json; charset=utf-8
cache-control: no-cache

23:00:32.750 [AsyncHttpClient-1-20] DEBUG org.asynchttpclient.netty.channel.ChannelManager - Adding key: http://localhost:26723 for channel [id: 0x3a5f2269, L:/127.0.0.1:54535 - R:localhost/127.0.0.1:26723]
23:00:32.751 [Forwarding screenshot on session a0c28f50fee961165a86e94522937681 to remote] DEBUG org.asynchttpclient.netty.request.NettyRequestSender - Using pooled Channel '[id: 0x3a5f2269, L:/127.0.0.1:54535 - R:localhost/127.0.0.1:26723]' for 'GET' to 'http://localhost:26723/session/a0c28f50fee961165a86e94522937681/screenshot'
23:00:32.751 [Forwarding screenshot on session a0c28f50fee961165a86e94522937681 to remote] DEBUG org.asynchttpclient.netty.request.NettyRequestSender - Using open Channel [id: 0x3a5f2269, L:/127.0.0.1:54535 - R:localhost/127.0.0.1:26723] for GET '/session/a0c28f50fee961165a86e94522937681/screenshot'
23:00:32.863 [AsyncHttpClient-1-20] DEBUG org.asynchttpclient.netty.handler.HttpHandler - 

Request DefaultFullHttpRequest(decodeResult: success, version: HTTP/1.1, content: EmptyByteBufBE)
GET /session/a0c28f50fee961165a86e94522937681/screenshot HTTP/1.1
User-Agent: selenium/4.8.1 (java windows)
Cache-Control: no-cache
Content-Type: application/json; charset=utf-8
host: localhost:26723
accept: */*

Response DefaultHttpResponse(decodeResult: success, version: HTTP/1.1)
HTTP/1.1 200 OK
Content-Length: 86752
Content-Type: application/json; charset=utf-8
cache-control: no-cache

23:00:32.863 [AsyncHttpClient-1-20] DEBUG org.asynchttpclient.netty.channel.ChannelManager - Adding key: http://localhost:26723 for channel [id: 0x3a5f2269, L:/127.0.0.1:54535 - R:localhost/127.0.0.1:26723]
23:00:32.866 [main] DEBUG net.serenitybdd.core.photography.Darkroom - Send negative for processing for target\site\serenity\acdb85324b05ed0031f159074a1f8a61ef072aad95489d72e4cd86a0da2c3148.png
23:00:32.867 [main] DEBUG net.thucydides.core.steps.StepInterceptor - STEP DONE: validatePopUp
  &amp#27;[32mThen &amp#27;[0m&amp#27;[32mI see the pop up product add to cart&amp#27;[0m &amp#27;[90m# starter.stepdefinitions.HomepageSteps.seeProductToCart()&amp#27;[0m
23:00:32.870 [main] INFO  - 
  _____   ___   ___   _____     ___     _     ___   ___   ___   ___  
 |_   _| | __| / __| |_   _|   | _ \   /_\   / __| / __| | __| |   \ 
   | |   | _|  \__ \   | |     |  _/  / _ \  \__ \ \__ \ | _|  | |) |
   |_|   |___| |___/   |_|     |_|   /_/ \_\ |___/ |___/ |___| |___/ 

Add two identical in cart
----------------------------------------------------------------------
23:00:32.871 [AsyncHttpClient-1-22] DEBUG org.asynchttpclient.netty.handler.WebSocketHandler - Channel Closed: [id: 0x15bc80e0, L:/127.0.0.1:54543 ! R:localhost/127.0.0.1:54536] with attribute NettyResponseFuture{currentRetry=0,
	isDone=1,
	isCancelled=0,
	asyncHandler=org.asynchttpclient.ws.WebSocketUpgradeHandler@ae69e2,
	nettyRequest=org.asynchttpclient.netty.request.NettyRequest@270b4542,
	future=java.util.concurrent.CompletableFuture@2eacc7bc[Completed normally],
	uri=ws://localhost:54536/devtools/browser/071017c8-8c60-41c2-8cc9-0663463ed049,
	keepAlive=true,
	redirectCount=0,
	timeoutsHolder=null,
	inAuth=0,
	touch=1683561624034}
23:00:32.871 [Driver Command Executor] DEBUG org.asynchttpclient.netty.request.NettyRequestSender - Using pooled Channel '[id: 0x3a5f2269, L:/127.0.0.1:54535 - R:localhost/127.0.0.1:26723]' for 'DELETE' to 'http://localhost:26723/session/a0c28f50fee961165a86e94522937681'
23:00:32.871 [AsyncHttpClient-1-22] DEBUG org.asynchttpclient.netty.channel.ChannelManager - Closing Channel [id: 0x15bc80e0, L:/127.0.0.1:54543 ! R:localhost/127.0.0.1:54536] 
23:00:32.871 [Driver Command Executor] DEBUG org.asynchttpclient.netty.request.NettyRequestSender - Using open Channel [id: 0x3a5f2269, L:/127.0.0.1:54535 - R:localhost/127.0.0.1:26723] for DELETE '/session/a0c28f50fee961165a86e94522937681'
23:00:33.042 [AsyncHttpClient-1-21] DEBUG org.asynchttpclient.netty.handler.HttpHandler - Unexpected I/O exception on channel [id: 0xc2887eeb, L:/127.0.0.1:54542 - R:localhost/127.0.0.1:54536]
java.io.IOException: An existing connection was forcibly closed by the remote host
	at sun.nio.ch.SocketDispatcher.read0(Native Method)
	at sun.nio.ch.SocketDispatcher.read(SocketDispatcher.java:43)
	at sun.nio.ch.IOUtil.readIntoNativeBuffer(IOUtil.java:223)
	at sun.nio.ch.IOUtil.read(IOUtil.java:192)
	at sun.nio.ch.SocketChannelImpl.read(SocketChannelImpl.java:378)
	at io.netty.buffer.PooledByteBuf.setBytes(PooledByteBuf.java:259)
	at io.netty.buffer.AbstractByteBuf.writeBytes(AbstractByteBuf.java:1132)
	at io.netty.channel.socket.nio.NioSocketChannel.doReadBytes(NioSocketChannel.java:357)
	at io.netty.channel.nio.AbstractNioByteChannel$NioByteUnsafe.read(AbstractNioByteChannel.java:151)
	at io.netty.channel.nio.NioEventLoop.processSelectedKey(NioEventLoop.java:788)
	at io.netty.channel.nio.NioEventLoop.processSelectedKeysOptimized(NioEventLoop.java:724)
	at io.netty.channel.nio.NioEventLoop.processSelectedKeys(NioEventLoop.java:650)
	at io.netty.channel.nio.NioEventLoop.run(NioEventLoop.java:562)
	at io.netty.util.concurrent.SingleThreadEventExecutor$4.run(SingleThreadEventExecutor.java:997)
	at io.netty.util.internal.ThreadExecutorMap$2.run(ThreadExecutorMap.java:74)
	at io.netty.util.concurrent.FastThreadLocalRunnable.run(FastThreadLocalRunnable.java:30)
	at java.lang.Thread.run(Thread.java:750)
23:00:33.042 [AsyncHttpClient-1-21] DEBUG org.asynchttpclient.netty.channel.ChannelManager - Closing Channel [id: 0xc2887eeb, L:/127.0.0.1:54542 - R:localhost/127.0.0.1:54536] 
23:00:33.042 [AsyncHttpClient-1-21] DEBUG org.asynchttpclient.netty.handler.HttpHandler - Channel Closed: [id: 0xc2887eeb, L:/127.0.0.1:54542 ! R:localhost/127.0.0.1:54536] with attribute DISCARD
23:00:33.067 [AsyncHttpClient-1-20] DEBUG org.asynchttpclient.netty.handler.HttpHandler - 

Request DefaultFullHttpRequest(decodeResult: success, version: HTTP/1.1, content: EmptyByteBufBE)
DELETE /session/a0c28f50fee961165a86e94522937681 HTTP/1.1
User-Agent: selenium/4.8.1 (java windows)
Content-Type: application/json; charset=utf-8
host: localhost:26723
accept: */*

Response DefaultHttpResponse(decodeResult: success, version: HTTP/1.1)
HTTP/1.1 200 OK
Content-Length: 14
Content-Type: application/json; charset=utf-8
cache-control: no-cache

23:00:33.067 [AsyncHttpClient-1-20] DEBUG org.asynchttpclient.netty.channel.ChannelManager - Adding key: http://localhost:26723 for channel [id: 0x3a5f2269, L:/127.0.0.1:54535 - R:localhost/127.0.0.1:26723]
23:00:33.126 [AsyncHttpClient-1-20] DEBUG org.asynchttpclient.netty.handler.HttpHandler - Channel Closed: [id: 0x3a5f2269, L:/127.0.0.1:54535 ! R:localhost/127.0.0.1:26723] with attribute DISCARD
23:00:33.398 [AsyncHttpClient-1-1] DEBUG org.asynchttpclient.netty.channel.DefaultChannelPool - Entry count for : http://localhost:54536 : 1
23:00:33.398 [AsyncHttpClient-1-1] DEBUG org.asynchttpclient.netty.channel.DefaultChannelPool - Entry count for : http://localhost:26723 : 1
23:00:33.398 [AsyncHttpClient-1-1] DEBUG org.asynchttpclient.netty.channel.DefaultChannelPool - Adding Candidate expired Channel [id: 0xc2887eeb, L:/127.0.0.1:54542 ! R:localhost/127.0.0.1:54536] isIdleTimeoutExpired=false isRemotelyClosed=true isTtlExpired=false
23:00:33.398 [AsyncHttpClient-1-1] DEBUG org.asynchttpclient.netty.channel.DefaultChannelPool - Closing Idle Channel [id: 0xc2887eeb, L:/127.0.0.1:54542 ! R:localhost/127.0.0.1:54536]
23:00:33.398 [AsyncHttpClient-1-1] DEBUG org.asynchttpclient.netty.channel.DefaultChannelPool - Adding Candidate expired Channel [id: 0x3a5f2269, L:/127.0.0.1:54535 ! R:localhost/127.0.0.1:26723] isIdleTimeoutExpired=false isRemotelyClosed=true isTtlExpired=false
23:00:33.398 [AsyncHttpClient-1-1] DEBUG org.asynchttpclient.netty.channel.DefaultChannelPool - Closing Idle Channel [id: 0x3a5f2269, L:/127.0.0.1:54535 ! R:localhost/127.0.0.1:26723]
23:00:33.398 [AsyncHttpClient-1-1] DEBUG org.asynchttpclient.netty.channel.DefaultChannelPool - Closed 2 connections out of 2 in 0 ms
]]></system-out>
    <system-err><![CDATA[Starting ChromeDriver 113.0.5672.63 (0e1a4471d5ae5bf128b1bd8f4d627c8cbd55f70c-refs/branch-heads/5672@{#912}) on port 26723
Only local connections are allowed.
Please see https://chromedriver.chromium.org/security-considerations for suggestions on keeping ChromeDriver safe.
ChromeDriver was started successfully.
May 08, 2023 11:00:24 PM org.openqa.selenium.devtools.CdpVersionFinder findNearestMatch
WARNING: Unable to find an exact match for CDP version 113, so returning the closest version found: 110
]]></system-err>
  </testcase>
  <testcase name="Add two different in cart" classname="HomePage" time="9.286">
    <system-out><![CDATA[
Scenario: Add two different in cart         &amp#27;[90m# src/test/resources/features/3.Homepage.feature:20&amp#27;[0m
23:00:33.670 [main] DEBUG io.cucumber.core.plugin.SerenityReporter - Running feature from file:///D:/1.%20QA%20ALTERRA%20ACADEMY/MobileTesting/MiniProjectWEB/src/test/resources/features/3.Homepage.feature
23:00:33.674 [main] INFO  - 
  _____   ___   ___   _____     ___   _____     _     ___   _____   ___   ___  
 |_   _| | __| / __| |_   _|   / __| |_   _|   /_\   | _ \ |_   _| | __| |   \ 
   | |   | _|  \__ \   | |     \__ \   | |    / _ \  |   /   | |   | _|  | |) |
   |_|   |___| |___/   |_|     |___/   |_|   /_/ \_\ |_|_\   |_|   |___| |___/ 

Add two different in cart(homepage;add-two-different-in-cart)
--------------------------------------------------------------------------------
23:00:33.881 [main] INFO net.serenitybdd.core.webdriver.driverproviders.ChromeDriverProvider - Starting Chrome driver instance with capabilities:
23:00:33.882 [main] INFO net.serenitybdd.core.webdriver.driverproviders.ChromeDriverProvider - Capabilities {acceptInsecureCerts: false, browserName: chrome, goog:chromeOptions: {args: [remote-allow-origins=*], extensions: []}}
23:00:34.905 [AsyncHttpClient-1-23] DEBUG org.asynchttpclient.netty.channel.NettyConnectListener - Using new Channel '[id: 0x300c7eef, L:/127.0.0.1:54565 - R:localhost/127.0.0.1:1574]' for 'POST' to '/session'
23:00:35.512 [AsyncHttpClient-1-23] DEBUG org.asynchttpclient.netty.handler.HttpHandler - 

Request DefaultHttpRequest(decodeResult: success, version: HTTP/1.1)
POST /session HTTP/1.1
User-Agent: selenium/4.8.1 (java windows)
Content-Length: 507
Content-Type: application/json; charset=utf-8
host: localhost:1574
accept: */*

Response DefaultHttpResponse(decodeResult: success, version: HTTP/1.1)
HTTP/1.1 200 OK
Content-Length: 862
Content-Type: application/json; charset=utf-8
cache-control: no-cache

23:00:35.512 [AsyncHttpClient-1-23] DEBUG org.asynchttpclient.netty.channel.ChannelManager - Adding key: http://localhost:1574 for channel [id: 0x300c7eef, L:/127.0.0.1:54565 - R:localhost/127.0.0.1:1574]
23:00:35.520 [AsyncHttpClient-1-24] DEBUG org.asynchttpclient.netty.channel.NettyConnectListener - Using new Channel '[id: 0xec72dc47, L:/127.0.0.1:54572 - R:localhost/127.0.0.1:54566]' for 'GET' to '/json/version'
23:00:35.521 [AsyncHttpClient-1-24] DEBUG org.asynchttpclient.netty.handler.HttpHandler - 

Request DefaultFullHttpRequest(decodeResult: success, version: HTTP/1.1, content: EmptyByteBufBE)
GET /json/version HTTP/1.1
User-Agent: selenium/4.8.1 (java windows)
host: localhost:54566
accept: */*

Response DefaultHttpResponse(decodeResult: success, version: HTTP/1.1)
HTTP/1.1 200 OK
Content-Security-Policy: frame-ancestors 'none'
Content-Length: 422
Content-Type: application/json; charset=UTF-8

23:00:35.521 [AsyncHttpClient-1-24] DEBUG org.asynchttpclient.netty.channel.ChannelManager - Adding key: http://localhost:54566 for channel [id: 0xec72dc47, L:/127.0.0.1:54572 - R:localhost/127.0.0.1:54566]
23:00:35.523 [AsyncHttpClient-1-25] DEBUG org.asynchttpclient.netty.channel.NettyConnectListener - Using new Channel '[id: 0x7a4798f3, L:/127.0.0.1:54573 - R:localhost/127.0.0.1:54566]' for 'GET' to '/devtools/browser/e3a48e57-5e9a-4d86-b5b6-f9ed80ac702e'
23:00:35.524 [AsyncHttpClient-1-25] DEBUG org.asynchttpclient.netty.handler.WebSocketHandler - 

Request DefaultFullHttpRequest(decodeResult: success, version: HTTP/1.1, content: EmptyByteBufBE)
GET /devtools/browser/e3a48e57-5e9a-4d86-b5b6-f9ed80ac702e HTTP/1.1
upgrade: websocket
connection: upgrade
sec-websocket-key: Wwlr2EfTm/PRnEWkwzoCcA==
sec-websocket-version: 13
origin: http://localhost:54566
host: localhost:54566
accept: */*
user-agent: AHC/2.1

Response DefaultHttpResponse(decodeResult: success, version: HTTP/1.1)
HTTP/1.1 101 WebSocket Protocol Handshake
Upgrade: WebSocket
Connection: Upgrade
Sec-WebSocket-Accept: Qrck9uvN5fPH+eyZ+xkHWz9oDs4=

23:00:35.528 [Forwarding get on session 23fa3fe567da674f9c5dc2ce5588ed74 to remote] DEBUG org.asynchttpclient.netty.request.NettyRequestSender - Using pooled Channel '[id: 0x300c7eef, L:/127.0.0.1:54565 - R:localhost/127.0.0.1:1574]' for 'POST' to 'http://localhost:1574/session/23fa3fe567da674f9c5dc2ce5588ed74/url'
23:00:35.528 [Forwarding get on session 23fa3fe567da674f9c5dc2ce5588ed74 to remote] DEBUG org.asynchttpclient.netty.request.NettyRequestSender - Using open Channel [id: 0x300c7eef, L:/127.0.0.1:54565 - R:localhost/127.0.0.1:1574] for POST '/session/23fa3fe567da674f9c5dc2ce5588ed74/url'
23:00:35.603 [AsyncHttpClient-1-1] DEBUG org.asynchttpclient.netty.channel.DefaultChannelPool - Entry count for : http://localhost:54566 : 1
23:00:36.657 [AsyncHttpClient-1-23] DEBUG org.asynchttpclient.netty.handler.HttpHandler - 

Request DefaultHttpRequest(decodeResult: success, version: HTTP/1.1)
POST /session/23fa3fe567da674f9c5dc2ce5588ed74/url HTTP/1.1
User-Agent: selenium/4.8.1 (java windows)
Content-Length: 53
Content-Type: application/json; charset=utf-8
host: localhost:1574
accept: */*

Response DefaultHttpResponse(decodeResult: success, version: HTTP/1.1)
HTTP/1.1 200 OK
Content-Length: 14
Content-Type: application/json; charset=utf-8
cache-control: no-cache

23:00:36.657 [AsyncHttpClient-1-23] DEBUG org.asynchttpclient.netty.channel.ChannelManager - Adding key: http://localhost:1574 for channel [id: 0x300c7eef, L:/127.0.0.1:54565 - R:localhost/127.0.0.1:1574]
23:00:36.658 [Forwarding setTimeout on session 23fa3fe567da674f9c5dc2ce5588ed74 to remote] DEBUG org.asynchttpclient.netty.request.NettyRequestSender - Using pooled Channel '[id: 0x300c7eef, L:/127.0.0.1:54565 - R:localhost/127.0.0.1:1574]' for 'POST' to 'http://localhost:1574/session/23fa3fe567da674f9c5dc2ce5588ed74/timeouts'
23:00:36.658 [Forwarding setTimeout on session 23fa3fe567da674f9c5dc2ce5588ed74 to remote] DEBUG org.asynchttpclient.netty.request.NettyRequestSender - Using open Channel [id: 0x300c7eef, L:/127.0.0.1:54565 - R:localhost/127.0.0.1:1574] for POST '/session/23fa3fe567da674f9c5dc2ce5588ed74/timeouts'
23:00:36.658 [AsyncHttpClient-1-23] DEBUG org.asynchttpclient.netty.handler.HttpHandler - 

Request DefaultHttpRequest(decodeResult: success, version: HTTP/1.1)
POST /session/23fa3fe567da674f9c5dc2ce5588ed74/timeouts HTTP/1.1
User-Agent: selenium/4.8.1 (java windows)
Content-Length: 22
Content-Type: application/json; charset=utf-8
host: localhost:1574
accept: */*

Response DefaultHttpResponse(decodeResult: success, version: HTTP/1.1)
HTTP/1.1 200 OK
Content-Length: 14
Content-Type: application/json; charset=utf-8
cache-control: no-cache

23:00:36.658 [AsyncHttpClient-1-23] DEBUG org.asynchttpclient.netty.channel.ChannelManager - Adding key: http://localhost:1574 for channel [id: 0x300c7eef, L:/127.0.0.1:54565 - R:localhost/127.0.0.1:1574]
  &amp#27;[32mGiven &amp#27;[0m&amp#27;[32mI am on the home page&amp#27;[0m               &amp#27;[90m# starter.stepdefinitions.HomepageSteps.onTheHomePage()&amp#27;[0m
23:00:36.664 [Forwarding getAlertText on session 23fa3fe567da674f9c5dc2ce5588ed74 to remote] DEBUG org.asynchttpclient.netty.request.NettyRequestSender - Using pooled Channel '[id: 0x300c7eef, L:/127.0.0.1:54565 - R:localhost/127.0.0.1:1574]' for 'GET' to 'http://localhost:1574/session/23fa3fe567da674f9c5dc2ce5588ed74/alert/text'
23:00:36.664 [Forwarding getAlertText on session 23fa3fe567da674f9c5dc2ce5588ed74 to remote] DEBUG org.asynchttpclient.netty.request.NettyRequestSender - Using open Channel [id: 0x300c7eef, L:/127.0.0.1:54565 - R:localhost/127.0.0.1:1574] for GET '/session/23fa3fe567da674f9c5dc2ce5588ed74/alert/text'
23:00:36.666 [AsyncHttpClient-1-23] DEBUG org.asynchttpclient.netty.handler.HttpHandler - 

Request DefaultFullHttpRequest(decodeResult: success, version: HTTP/1.1, content: EmptyByteBufBE)
GET /session/23fa3fe567da674f9c5dc2ce5588ed74/alert/text HTTP/1.1
User-Agent: selenium/4.8.1 (java windows)
Cache-Control: no-cache
Content-Type: application/json; charset=utf-8
host: localhost:1574
accept: */*

Response DefaultHttpResponse(decodeResult: success, version: HTTP/1.1)
HTTP/1.1 404 Not Found
Content-Length: 820
Content-Type: application/json; charset=utf-8
cache-control: no-cache

23:00:36.666 [AsyncHttpClient-1-23] DEBUG org.asynchttpclient.netty.channel.ChannelManager - Adding key: http://localhost:1574 for channel [id: 0x300c7eef, L:/127.0.0.1:54565 - R:localhost/127.0.0.1:1574]
23:00:36.667 [Forwarding getCurrentUrl on session 23fa3fe567da674f9c5dc2ce5588ed74 to remote] DEBUG org.asynchttpclient.netty.request.NettyRequestSender - Using pooled Channel '[id: 0x300c7eef, L:/127.0.0.1:54565 - R:localhost/127.0.0.1:1574]' for 'GET' to 'http://localhost:1574/session/23fa3fe567da674f9c5dc2ce5588ed74/url'
23:00:36.667 [Forwarding getCurrentUrl on session 23fa3fe567da674f9c5dc2ce5588ed74 to remote] DEBUG org.asynchttpclient.netty.request.NettyRequestSender - Using open Channel [id: 0x300c7eef, L:/127.0.0.1:54565 - R:localhost/127.0.0.1:1574] for GET '/session/23fa3fe567da674f9c5dc2ce5588ed74/url'
23:00:36.673 [AsyncHttpClient-1-23] DEBUG org.asynchttpclient.netty.handler.HttpHandler - 

Request DefaultFullHttpRequest(decodeResult: success, version: HTTP/1.1, content: EmptyByteBufBE)
GET /session/23fa3fe567da674f9c5dc2ce5588ed74/url HTTP/1.1
User-Agent: selenium/4.8.1 (java windows)
Cache-Control: no-cache
Content-Type: application/json; charset=utf-8
host: localhost:1574
accept: */*

Response DefaultHttpResponse(decodeResult: success, version: HTTP/1.1)
HTTP/1.1 200 OK
Content-Length: 41
Content-Type: application/json; charset=utf-8
cache-control: no-cache

23:00:36.673 [AsyncHttpClient-1-23] DEBUG org.asynchttpclient.netty.channel.ChannelManager - Adding key: http://localhost:1574 for channel [id: 0x300c7eef, L:/127.0.0.1:54565 - R:localhost/127.0.0.1:1574]
23:00:36.674 [Forwarding screenshot on session 23fa3fe567da674f9c5dc2ce5588ed74 to remote] DEBUG org.asynchttpclient.netty.request.NettyRequestSender - Using pooled Channel '[id: 0x300c7eef, L:/127.0.0.1:54565 - R:localhost/127.0.0.1:1574]' for 'GET' to 'http://localhost:1574/session/23fa3fe567da674f9c5dc2ce5588ed74/screenshot'
23:00:36.674 [Forwarding screenshot on session 23fa3fe567da674f9c5dc2ce5588ed74 to remote] DEBUG org.asynchttpclient.netty.request.NettyRequestSender - Using open Channel [id: 0x300c7eef, L:/127.0.0.1:54565 - R:localhost/127.0.0.1:1574] for GET '/session/23fa3fe567da674f9c5dc2ce5588ed74/screenshot'
23:00:36.706 [AsyncHttpClient-1-1] DEBUG org.asynchttpclient.netty.channel.DefaultChannelPool - Entry count for : http://localhost:54566 : 1
23:00:37.797 [AsyncHttpClient-1-1] DEBUG org.asynchttpclient.netty.channel.DefaultChannelPool - Entry count for : http://localhost:54566 : 1
23:00:38.715 [AsyncHttpClient-1-23] DEBUG org.asynchttpclient.netty.handler.HttpHandler - 

Request DefaultFullHttpRequest(decodeResult: success, version: HTTP/1.1, content: EmptyByteBufBE)
GET /session/23fa3fe567da674f9c5dc2ce5588ed74/screenshot HTTP/1.1
User-Agent: selenium/4.8.1 (java windows)
Cache-Control: no-cache
Content-Type: application/json; charset=utf-8
host: localhost:1574
accept: */*

Response DefaultHttpResponse(decodeResult: success, version: HTTP/1.1)
HTTP/1.1 200 OK
Content-Length: 38780
Content-Type: application/json; charset=utf-8
cache-control: no-cache

23:00:38.715 [AsyncHttpClient-1-23] DEBUG org.asynchttpclient.netty.channel.ChannelManager - Adding key: http://localhost:1574 for channel [id: 0x300c7eef, L:/127.0.0.1:54565 - R:localhost/127.0.0.1:1574]
23:00:38.717 [main] DEBUG net.serenitybdd.core.photography.Darkroom - Send negative for processing for target\site\serenity\811d943c8872626491068bfc083f1179bb86f431c2fae507a0d6dc3575a27217.png
23:00:38.719 [Darkroom Processing Line] DEBUG net.serenitybdd.core.photography.DarkroomProcessingLine - Processing screenshot image in /var/screenshots/screenshot-7668390502308770123
23:00:38.719 [Darkroom Processing Line] DEBUG net.serenitybdd.core.photography.DarkroomProcessingLine - Saving screenshot to target\site\serenity\811d943c8872626491068bfc083f1179bb86f431c2fae507a0d6dc3575a27217.png
23:00:38.722 [Forwarding getPageSource on session 23fa3fe567da674f9c5dc2ce5588ed74 to remote] DEBUG org.asynchttpclient.netty.request.NettyRequestSender - Using pooled Channel '[id: 0x300c7eef, L:/127.0.0.1:54565 - R:localhost/127.0.0.1:1574]' for 'POST' to 'http://localhost:1574/session/23fa3fe567da674f9c5dc2ce5588ed74/execute/sync'
23:00:38.722 [Forwarding getPageSource on session 23fa3fe567da674f9c5dc2ce5588ed74 to remote] DEBUG org.asynchttpclient.netty.request.NettyRequestSender - Using open Channel [id: 0x300c7eef, L:/127.0.0.1:54565 - R:localhost/127.0.0.1:1574] for POST '/session/23fa3fe567da674f9c5dc2ce5588ed74/execute/sync'
23:00:38.774 [AsyncHttpClient-1-23] DEBUG org.asynchttpclient.netty.handler.HttpHandler - 

Request DefaultHttpRequest(decodeResult: success, version: HTTP/1.1)
POST /session/23fa3fe567da674f9c5dc2ce5588ed74/execute/sync HTTP/1.1
User-Agent: selenium/4.8.1 (java windows)
Content-Length: 176
Content-Type: application/json; charset=utf-8
host: localhost:1574
accept: */*

Response DefaultHttpResponse(decodeResult: success, version: HTTP/1.1)
HTTP/1.1 200 OK
Content-Length: 816995
Content-Type: application/json; charset=utf-8
cache-control: no-cache

23:00:38.774 [AsyncHttpClient-1-23] DEBUG org.asynchttpclient.netty.channel.ChannelManager - Adding key: http://localhost:1574 for channel [id: 0x300c7eef, L:/127.0.0.1:54565 - R:localhost/127.0.0.1:1574]
23:00:38.855 [Forwarding getCurrentUrl on session 23fa3fe567da674f9c5dc2ce5588ed74 to remote] DEBUG org.asynchttpclient.netty.request.NettyRequestSender - Using pooled Channel '[id: 0x300c7eef, L:/127.0.0.1:54565 - R:localhost/127.0.0.1:1574]' for 'GET' to 'http://localhost:1574/session/23fa3fe567da674f9c5dc2ce5588ed74/url'
23:00:38.855 [Forwarding getCurrentUrl on session 23fa3fe567da674f9c5dc2ce5588ed74 to remote] DEBUG org.asynchttpclient.netty.request.NettyRequestSender - Using open Channel [id: 0x300c7eef, L:/127.0.0.1:54565 - R:localhost/127.0.0.1:1574] for GET '/session/23fa3fe567da674f9c5dc2ce5588ed74/url'
23:00:38.862 [AsyncHttpClient-1-23] DEBUG org.asynchttpclient.netty.handler.HttpHandler - 

Request DefaultFullHttpRequest(decodeResult: success, version: HTTP/1.1, content: EmptyByteBufBE)
GET /session/23fa3fe567da674f9c5dc2ce5588ed74/url HTTP/1.1
User-Agent: selenium/4.8.1 (java windows)
Cache-Control: no-cache
Content-Type: application/json; charset=utf-8
host: localhost:1574
accept: */*

Response DefaultHttpResponse(decodeResult: success, version: HTTP/1.1)
HTTP/1.1 200 OK
Content-Length: 41
Content-Type: application/json; charset=utf-8
cache-control: no-cache

23:00:38.862 [AsyncHttpClient-1-23] DEBUG org.asynchttpclient.netty.channel.ChannelManager - Adding key: http://localhost:1574 for channel [id: 0x300c7eef, L:/127.0.0.1:54565 - R:localhost/127.0.0.1:1574]
23:00:38.886 [Forwarding getAlertText on session 23fa3fe567da674f9c5dc2ce5588ed74 to remote] DEBUG org.asynchttpclient.netty.request.NettyRequestSender - Using pooled Channel '[id: 0x300c7eef, L:/127.0.0.1:54565 - R:localhost/127.0.0.1:1574]' for 'GET' to 'http://localhost:1574/session/23fa3fe567da674f9c5dc2ce5588ed74/alert/text'
23:00:38.887 [Forwarding getAlertText on session 23fa3fe567da674f9c5dc2ce5588ed74 to remote] DEBUG org.asynchttpclient.netty.request.NettyRequestSender - Using open Channel [id: 0x300c7eef, L:/127.0.0.1:54565 - R:localhost/127.0.0.1:1574] for GET '/session/23fa3fe567da674f9c5dc2ce5588ed74/alert/text'
23:00:38.888 [AsyncHttpClient-1-23] DEBUG org.asynchttpclient.netty.handler.HttpHandler - 

Request DefaultFullHttpRequest(decodeResult: success, version: HTTP/1.1, content: EmptyByteBufBE)
GET /session/23fa3fe567da674f9c5dc2ce5588ed74/alert/text HTTP/1.1
User-Agent: selenium/4.8.1 (java windows)
Cache-Control: no-cache
Content-Type: application/json; charset=utf-8
host: localhost:1574
accept: */*

Response DefaultHttpResponse(decodeResult: success, version: HTTP/1.1)
HTTP/1.1 404 Not Found
Content-Length: 820
Content-Type: application/json; charset=utf-8
cache-control: no-cache

23:00:38.888 [AsyncHttpClient-1-23] DEBUG org.asynchttpclient.netty.channel.ChannelManager - Adding key: http://localhost:1574 for channel [id: 0x300c7eef, L:/127.0.0.1:54565 - R:localhost/127.0.0.1:1574]
23:00:38.889 [Forwarding getCurrentUrl on session 23fa3fe567da674f9c5dc2ce5588ed74 to remote] DEBUG org.asynchttpclient.netty.request.NettyRequestSender - Using pooled Channel '[id: 0x300c7eef, L:/127.0.0.1:54565 - R:localhost/127.0.0.1:1574]' for 'GET' to 'http://localhost:1574/session/23fa3fe567da674f9c5dc2ce5588ed74/url'
23:00:38.889 [Forwarding getCurrentUrl on session 23fa3fe567da674f9c5dc2ce5588ed74 to remote] DEBUG org.asynchttpclient.netty.request.NettyRequestSender - Using open Channel [id: 0x300c7eef, L:/127.0.0.1:54565 - R:localhost/127.0.0.1:1574] for GET '/session/23fa3fe567da674f9c5dc2ce5588ed74/url'
23:00:38.893 [AsyncHttpClient-1-23] DEBUG org.asynchttpclient.netty.handler.HttpHandler - 

Request DefaultFullHttpRequest(decodeResult: success, version: HTTP/1.1, content: EmptyByteBufBE)
GET /session/23fa3fe567da674f9c5dc2ce5588ed74/url HTTP/1.1
User-Agent: selenium/4.8.1 (java windows)
Cache-Control: no-cache
Content-Type: application/json; charset=utf-8
host: localhost:1574
accept: */*

Response DefaultHttpResponse(decodeResult: success, version: HTTP/1.1)
HTTP/1.1 200 OK
Content-Length: 41
Content-Type: application/json; charset=utf-8
cache-control: no-cache

23:00:38.893 [AsyncHttpClient-1-23] DEBUG org.asynchttpclient.netty.channel.ChannelManager - Adding key: http://localhost:1574 for channel [id: 0x300c7eef, L:/127.0.0.1:54565 - R:localhost/127.0.0.1:1574]
23:00:38.893 [Forwarding screenshot on session 23fa3fe567da674f9c5dc2ce5588ed74 to remote] DEBUG org.asynchttpclient.netty.request.NettyRequestSender - Using pooled Channel '[id: 0x300c7eef, L:/127.0.0.1:54565 - R:localhost/127.0.0.1:1574]' for 'GET' to 'http://localhost:1574/session/23fa3fe567da674f9c5dc2ce5588ed74/screenshot'
23:00:38.893 [Forwarding screenshot on session 23fa3fe567da674f9c5dc2ce5588ed74 to remote] DEBUG org.asynchttpclient.netty.request.NettyRequestSender - Using open Channel [id: 0x300c7eef, L:/127.0.0.1:54565 - R:localhost/127.0.0.1:1574] for GET '/session/23fa3fe567da674f9c5dc2ce5588ed74/screenshot'
23:00:38.901 [AsyncHttpClient-1-1] DEBUG org.asynchttpclient.netty.channel.DefaultChannelPool - Entry count for : http://localhost:54566 : 1
23:00:39.031 [AsyncHttpClient-1-23] DEBUG org.asynchttpclient.netty.handler.HttpHandler - 

Request DefaultFullHttpRequest(decodeResult: success, version: HTTP/1.1, content: EmptyByteBufBE)
GET /session/23fa3fe567da674f9c5dc2ce5588ed74/screenshot HTTP/1.1
User-Agent: selenium/4.8.1 (java windows)
Cache-Control: no-cache
Content-Type: application/json; charset=utf-8
host: localhost:1574
accept: */*

Response DefaultHttpResponse(decodeResult: success, version: HTTP/1.1)
HTTP/1.1 200 OK
Content-Length: 93224
Content-Type: application/json; charset=utf-8
cache-control: no-cache

23:00:39.032 [AsyncHttpClient-1-23] DEBUG org.asynchttpclient.netty.channel.ChannelManager - Adding key: http://localhost:1574 for channel [id: 0x300c7eef, L:/127.0.0.1:54565 - R:localhost/127.0.0.1:1574]
23:00:39.036 [main] DEBUG net.serenitybdd.core.photography.Darkroom - Send negative for processing for target\site\serenity\eae70e0d31e8e8b85ce659fe0365ca28c24246a1bf9d3b50a76ae0889116b9f5.png
23:00:39.037 [Forwarding getPageSource on session 23fa3fe567da674f9c5dc2ce5588ed74 to remote] DEBUG org.asynchttpclient.netty.request.NettyRequestSender - Using pooled Channel '[id: 0x300c7eef, L:/127.0.0.1:54565 - R:localhost/127.0.0.1:1574]' for 'POST' to 'http://localhost:1574/session/23fa3fe567da674f9c5dc2ce5588ed74/execute/sync'
23:00:39.037 [Forwarding getPageSource on session 23fa3fe567da674f9c5dc2ce5588ed74 to remote] DEBUG org.asynchttpclient.netty.request.NettyRequestSender - Using open Channel [id: 0x300c7eef, L:/127.0.0.1:54565 - R:localhost/127.0.0.1:1574] for POST '/session/23fa3fe567da674f9c5dc2ce5588ed74/execute/sync'
23:00:39.100 [AsyncHttpClient-1-23] DEBUG org.asynchttpclient.netty.handler.HttpHandler - 

Request DefaultHttpRequest(decodeResult: success, version: HTTP/1.1)
POST /session/23fa3fe567da674f9c5dc2ce5588ed74/execute/sync HTTP/1.1
User-Agent: selenium/4.8.1 (java windows)
Content-Length: 176
Content-Type: application/json; charset=utf-8
host: localhost:1574
accept: */*

Response DefaultHttpResponse(decodeResult: success, version: HTTP/1.1)
HTTP/1.1 200 OK
Content-Length: 816995
Content-Type: application/json; charset=utf-8
cache-control: no-cache

23:00:39.101 [AsyncHttpClient-1-23] DEBUG org.asynchttpclient.netty.channel.ChannelManager - Adding key: http://localhost:1574 for channel [id: 0x300c7eef, L:/127.0.0.1:54565 - R:localhost/127.0.0.1:1574]
23:00:39.182 [Forwarding getCurrentUrl on session 23fa3fe567da674f9c5dc2ce5588ed74 to remote] DEBUG org.asynchttpclient.netty.request.NettyRequestSender - Using pooled Channel '[id: 0x300c7eef, L:/127.0.0.1:54565 - R:localhost/127.0.0.1:1574]' for 'GET' to 'http://localhost:1574/session/23fa3fe567da674f9c5dc2ce5588ed74/url'
23:00:39.182 [Forwarding getCurrentUrl on session 23fa3fe567da674f9c5dc2ce5588ed74 to remote] DEBUG org.asynchttpclient.netty.request.NettyRequestSender - Using open Channel [id: 0x300c7eef, L:/127.0.0.1:54565 - R:localhost/127.0.0.1:1574] for GET '/session/23fa3fe567da674f9c5dc2ce5588ed74/url'
23:00:39.188 [AsyncHttpClient-1-23] DEBUG org.asynchttpclient.netty.handler.HttpHandler - 

Request DefaultFullHttpRequest(decodeResult: success, version: HTTP/1.1, content: EmptyByteBufBE)
GET /session/23fa3fe567da674f9c5dc2ce5588ed74/url HTTP/1.1
User-Agent: selenium/4.8.1 (java windows)
Cache-Control: no-cache
Content-Type: application/json; charset=utf-8
host: localhost:1574
accept: */*

Response DefaultHttpResponse(decodeResult: success, version: HTTP/1.1)
HTTP/1.1 200 OK
Content-Length: 41
Content-Type: application/json; charset=utf-8
cache-control: no-cache

23:00:39.188 [AsyncHttpClient-1-23] DEBUG org.asynchttpclient.netty.channel.ChannelManager - Adding key: http://localhost:1574 for channel [id: 0x300c7eef, L:/127.0.0.1:54565 - R:localhost/127.0.0.1:1574]
23:00:39.191 [main] DEBUG net.thucydides.core.steps.StepInterceptor - STARTING STEP: HomepageSteps.chooseTheProduct - chooseProduct
23:00:39.193 [Forwarding findElement on session 23fa3fe567da674f9c5dc2ce5588ed74 to remote] DEBUG org.asynchttpclient.netty.request.NettyRequestSender - Using pooled Channel '[id: 0x300c7eef, L:/127.0.0.1:54565 - R:localhost/127.0.0.1:1574]' for 'POST' to 'http://localhost:1574/session/23fa3fe567da674f9c5dc2ce5588ed74/element'
23:00:39.193 [Forwarding findElement on session 23fa3fe567da674f9c5dc2ce5588ed74 to remote] DEBUG org.asynchttpclient.netty.request.NettyRequestSender - Using open Channel [id: 0x300c7eef, L:/127.0.0.1:54565 - R:localhost/127.0.0.1:1574] for POST '/session/23fa3fe567da674f9c5dc2ce5588ed74/element'
23:00:39.206 [AsyncHttpClient-1-23] DEBUG org.asynchttpclient.netty.handler.HttpHandler - 

Request DefaultHttpRequest(decodeResult: success, version: HTTP/1.1)
POST /session/23fa3fe567da674f9c5dc2ce5588ed74/element HTTP/1.1
User-Agent: selenium/4.8.1 (java windows)
Content-Length: 54
Content-Type: application/json; charset=utf-8
host: localhost:1574
accept: */*

Response DefaultHttpResponse(decodeResult: success, version: HTTP/1.1)
HTTP/1.1 200 OK
Content-Length: 94
Content-Type: application/json; charset=utf-8
cache-control: no-cache

23:00:39.206 [AsyncHttpClient-1-23] DEBUG org.asynchttpclient.netty.channel.ChannelManager - Adding key: http://localhost:1574 for channel [id: 0x300c7eef, L:/127.0.0.1:54565 - R:localhost/127.0.0.1:1574]
23:00:39.208 [Forwarding isElementDisplayed on session 23fa3fe567da674f9c5dc2ce5588ed74 to remote] DEBUG org.asynchttpclient.netty.request.NettyRequestSender - Using pooled Channel '[id: 0x300c7eef, L:/127.0.0.1:54565 - R:localhost/127.0.0.1:1574]' for 'POST' to 'http://localhost:1574/session/23fa3fe567da674f9c5dc2ce5588ed74/execute/sync'
23:00:39.208 [Forwarding isElementDisplayed on session 23fa3fe567da674f9c5dc2ce5588ed74 to remote] DEBUG org.asynchttpclient.netty.request.NettyRequestSender - Using open Channel [id: 0x300c7eef, L:/127.0.0.1:54565 - R:localhost/127.0.0.1:1574] for POST '/session/23fa3fe567da674f9c5dc2ce5588ed74/execute/sync'
23:00:39.225 [AsyncHttpClient-1-23] DEBUG org.asynchttpclient.netty.handler.HttpHandler - 

Request DefaultHttpRequest(decodeResult: success, version: HTTP/1.1)
POST /session/23fa3fe567da674f9c5dc2ce5588ed74/execute/sync HTTP/1.1
User-Agent: selenium/4.8.1 (java windows)
Content-Length: 48813
Content-Type: application/json; charset=utf-8
host: localhost:1574
accept: */*

Response DefaultHttpResponse(decodeResult: success, version: HTTP/1.1)
HTTP/1.1 200 OK
Content-Length: 14
Content-Type: application/json; charset=utf-8
cache-control: no-cache

23:00:39.225 [AsyncHttpClient-1-23] DEBUG org.asynchttpclient.netty.channel.ChannelManager - Adding key: http://localhost:1574 for channel [id: 0x300c7eef, L:/127.0.0.1:54565 - R:localhost/127.0.0.1:1574]
23:00:39.230 [Forwarding getAlertText on session 23fa3fe567da674f9c5dc2ce5588ed74 to remote] DEBUG org.asynchttpclient.netty.request.NettyRequestSender - Using pooled Channel '[id: 0x300c7eef, L:/127.0.0.1:54565 - R:localhost/127.0.0.1:1574]' for 'GET' to 'http://localhost:1574/session/23fa3fe567da674f9c5dc2ce5588ed74/alert/text'
23:00:39.230 [Forwarding getAlertText on session 23fa3fe567da674f9c5dc2ce5588ed74 to remote] DEBUG org.asynchttpclient.netty.request.NettyRequestSender - Using open Channel [id: 0x300c7eef, L:/127.0.0.1:54565 - R:localhost/127.0.0.1:1574] for GET '/session/23fa3fe567da674f9c5dc2ce5588ed74/alert/text'
23:00:39.232 [AsyncHttpClient-1-23] DEBUG org.asynchttpclient.netty.handler.HttpHandler - 

Request DefaultFullHttpRequest(decodeResult: success, version: HTTP/1.1, content: EmptyByteBufBE)
GET /session/23fa3fe567da674f9c5dc2ce5588ed74/alert/text HTTP/1.1
User-Agent: selenium/4.8.1 (java windows)
Cache-Control: no-cache
Content-Type: application/json; charset=utf-8
host: localhost:1574
accept: */*

Response DefaultHttpResponse(decodeResult: success, version: HTTP/1.1)
HTTP/1.1 404 Not Found
Content-Length: 820
Content-Type: application/json; charset=utf-8
cache-control: no-cache

23:00:39.232 [AsyncHttpClient-1-23] DEBUG org.asynchttpclient.netty.channel.ChannelManager - Adding key: http://localhost:1574 for channel [id: 0x300c7eef, L:/127.0.0.1:54565 - R:localhost/127.0.0.1:1574]
23:00:39.233 [Forwarding getCurrentUrl on session 23fa3fe567da674f9c5dc2ce5588ed74 to remote] DEBUG org.asynchttpclient.netty.request.NettyRequestSender - Using pooled Channel '[id: 0x300c7eef, L:/127.0.0.1:54565 - R:localhost/127.0.0.1:1574]' for 'GET' to 'http://localhost:1574/session/23fa3fe567da674f9c5dc2ce5588ed74/url'
23:00:39.233 [Forwarding getCurrentUrl on session 23fa3fe567da674f9c5dc2ce5588ed74 to remote] DEBUG org.asynchttpclient.netty.request.NettyRequestSender - Using open Channel [id: 0x300c7eef, L:/127.0.0.1:54565 - R:localhost/127.0.0.1:1574] for GET '/session/23fa3fe567da674f9c5dc2ce5588ed74/url'
23:00:39.240 [AsyncHttpClient-1-23] DEBUG org.asynchttpclient.netty.handler.HttpHandler - 

Request DefaultFullHttpRequest(decodeResult: success, version: HTTP/1.1, content: EmptyByteBufBE)
GET /session/23fa3fe567da674f9c5dc2ce5588ed74/url HTTP/1.1
User-Agent: selenium/4.8.1 (java windows)
Cache-Control: no-cache
Content-Type: application/json; charset=utf-8
host: localhost:1574
accept: */*

Response DefaultHttpResponse(decodeResult: success, version: HTTP/1.1)
HTTP/1.1 200 OK
Content-Length: 41
Content-Type: application/json; charset=utf-8
cache-control: no-cache

23:00:39.240 [AsyncHttpClient-1-23] DEBUG org.asynchttpclient.netty.channel.ChannelManager - Adding key: http://localhost:1574 for channel [id: 0x300c7eef, L:/127.0.0.1:54565 - R:localhost/127.0.0.1:1574]
23:00:39.241 [Forwarding screenshot on session 23fa3fe567da674f9c5dc2ce5588ed74 to remote] DEBUG org.asynchttpclient.netty.request.NettyRequestSender - Using pooled Channel '[id: 0x300c7eef, L:/127.0.0.1:54565 - R:localhost/127.0.0.1:1574]' for 'GET' to 'http://localhost:1574/session/23fa3fe567da674f9c5dc2ce5588ed74/screenshot'
23:00:39.241 [Forwarding screenshot on session 23fa3fe567da674f9c5dc2ce5588ed74 to remote] DEBUG org.asynchttpclient.netty.request.NettyRequestSender - Using open Channel [id: 0x300c7eef, L:/127.0.0.1:54565 - R:localhost/127.0.0.1:1574] for GET '/session/23fa3fe567da674f9c5dc2ce5588ed74/screenshot'
23:00:39.404 [AsyncHttpClient-1-23] DEBUG org.asynchttpclient.netty.handler.HttpHandler - 

Request DefaultFullHttpRequest(decodeResult: success, version: HTTP/1.1, content: EmptyByteBufBE)
GET /session/23fa3fe567da674f9c5dc2ce5588ed74/screenshot HTTP/1.1
User-Agent: selenium/4.8.1 (java windows)
Cache-Control: no-cache
Content-Type: application/json; charset=utf-8
host: localhost:1574
accept: */*

Response DefaultHttpResponse(decodeResult: success, version: HTTP/1.1)
HTTP/1.1 200 OK
Content-Length: 93224
Content-Type: application/json; charset=utf-8
cache-control: no-cache

23:00:39.404 [AsyncHttpClient-1-23] DEBUG org.asynchttpclient.netty.channel.ChannelManager - Adding key: http://localhost:1574 for channel [id: 0x300c7eef, L:/127.0.0.1:54565 - R:localhost/127.0.0.1:1574]
23:00:39.407 [main] DEBUG net.serenitybdd.core.photography.Darkroom - Send negative for processing for target\site\serenity\eae70e0d31e8e8b85ce659fe0365ca28c24246a1bf9d3b50a76ae0889116b9f5.png
23:00:39.407 [main] DEBUG net.thucydides.core.steps.StepInterceptor - STEP DONE: chooseProduct
  &amp#27;[32mWhen &amp#27;[0m&amp#27;[32mI choose the product&amp#27;[0m                 &amp#27;[90m# starter.stepdefinitions.HomepageSteps.chooseTheProduct()&amp#27;[0m
23:00:39.413 [Forwarding getPageSource on session 23fa3fe567da674f9c5dc2ce5588ed74 to remote] DEBUG org.asynchttpclient.netty.request.NettyRequestSender - Using pooled Channel '[id: 0x300c7eef, L:/127.0.0.1:54565 - R:localhost/127.0.0.1:1574]' for 'POST' to 'http://localhost:1574/session/23fa3fe567da674f9c5dc2ce5588ed74/execute/sync'
23:00:39.413 [Forwarding getPageSource on session 23fa3fe567da674f9c5dc2ce5588ed74 to remote] DEBUG org.asynchttpclient.netty.request.NettyRequestSender - Using open Channel [id: 0x300c7eef, L:/127.0.0.1:54565 - R:localhost/127.0.0.1:1574] for POST '/session/23fa3fe567da674f9c5dc2ce5588ed74/execute/sync'
23:00:39.488 [AsyncHttpClient-1-23] DEBUG org.asynchttpclient.netty.handler.HttpHandler - 

Request DefaultHttpRequest(decodeResult: success, version: HTTP/1.1)
POST /session/23fa3fe567da674f9c5dc2ce5588ed74/execute/sync HTTP/1.1
User-Agent: selenium/4.8.1 (java windows)
Content-Length: 176
Content-Type: application/json; charset=utf-8
host: localhost:1574
accept: */*

Response DefaultHttpResponse(decodeResult: success, version: HTTP/1.1)
HTTP/1.1 200 OK
Content-Length: 816995
Content-Type: application/json; charset=utf-8
cache-control: no-cache

23:00:39.489 [AsyncHttpClient-1-23] DEBUG org.asynchttpclient.netty.channel.ChannelManager - Adding key: http://localhost:1574 for channel [id: 0x300c7eef, L:/127.0.0.1:54565 - R:localhost/127.0.0.1:1574]
23:00:39.611 [Forwarding getCurrentUrl on session 23fa3fe567da674f9c5dc2ce5588ed74 to remote] DEBUG org.asynchttpclient.netty.request.NettyRequestSender - Using pooled Channel '[id: 0x300c7eef, L:/127.0.0.1:54565 - R:localhost/127.0.0.1:1574]' for 'GET' to 'http://localhost:1574/session/23fa3fe567da674f9c5dc2ce5588ed74/url'
23:00:39.611 [Forwarding getCurrentUrl on session 23fa3fe567da674f9c5dc2ce5588ed74 to remote] DEBUG org.asynchttpclient.netty.request.NettyRequestSender - Using open Channel [id: 0x300c7eef, L:/127.0.0.1:54565 - R:localhost/127.0.0.1:1574] for GET '/session/23fa3fe567da674f9c5dc2ce5588ed74/url'
23:00:39.617 [AsyncHttpClient-1-23] DEBUG org.asynchttpclient.netty.handler.HttpHandler - 

Request DefaultFullHttpRequest(decodeResult: success, version: HTTP/1.1, content: EmptyByteBufBE)
GET /session/23fa3fe567da674f9c5dc2ce5588ed74/url HTTP/1.1
User-Agent: selenium/4.8.1 (java windows)
Cache-Control: no-cache
Content-Type: application/json; charset=utf-8
host: localhost:1574
accept: */*

Response DefaultHttpResponse(decodeResult: success, version: HTTP/1.1)
HTTP/1.1 200 OK
Content-Length: 41
Content-Type: application/json; charset=utf-8
cache-control: no-cache

23:00:39.617 [AsyncHttpClient-1-23] DEBUG org.asynchttpclient.netty.channel.ChannelManager - Adding key: http://localhost:1574 for channel [id: 0x300c7eef, L:/127.0.0.1:54565 - R:localhost/127.0.0.1:1574]
23:00:39.625 [Forwarding getAlertText on session 23fa3fe567da674f9c5dc2ce5588ed74 to remote] DEBUG org.asynchttpclient.netty.request.NettyRequestSender - Using pooled Channel '[id: 0x300c7eef, L:/127.0.0.1:54565 - R:localhost/127.0.0.1:1574]' for 'GET' to 'http://localhost:1574/session/23fa3fe567da674f9c5dc2ce5588ed74/alert/text'
23:00:39.625 [Forwarding getAlertText on session 23fa3fe567da674f9c5dc2ce5588ed74 to remote] DEBUG org.asynchttpclient.netty.request.NettyRequestSender - Using open Channel [id: 0x300c7eef, L:/127.0.0.1:54565 - R:localhost/127.0.0.1:1574] for GET '/session/23fa3fe567da674f9c5dc2ce5588ed74/alert/text'
23:00:39.628 [AsyncHttpClient-1-23] DEBUG org.asynchttpclient.netty.handler.HttpHandler - 

Request DefaultFullHttpRequest(decodeResult: success, version: HTTP/1.1, content: EmptyByteBufBE)
GET /session/23fa3fe567da674f9c5dc2ce5588ed74/alert/text HTTP/1.1
User-Agent: selenium/4.8.1 (java windows)
Cache-Control: no-cache
Content-Type: application/json; charset=utf-8
host: localhost:1574
accept: */*

Response DefaultHttpResponse(decodeResult: success, version: HTTP/1.1)
HTTP/1.1 404 Not Found
Content-Length: 820
Content-Type: application/json; charset=utf-8
cache-control: no-cache

23:00:39.628 [AsyncHttpClient-1-23] DEBUG org.asynchttpclient.netty.channel.ChannelManager - Adding key: http://localhost:1574 for channel [id: 0x300c7eef, L:/127.0.0.1:54565 - R:localhost/127.0.0.1:1574]
23:00:39.628 [Forwarding getCurrentUrl on session 23fa3fe567da674f9c5dc2ce5588ed74 to remote] DEBUG org.asynchttpclient.netty.request.NettyRequestSender - Using pooled Channel '[id: 0x300c7eef, L:/127.0.0.1:54565 - R:localhost/127.0.0.1:1574]' for 'GET' to 'http://localhost:1574/session/23fa3fe567da674f9c5dc2ce5588ed74/url'
23:00:39.628 [Forwarding getCurrentUrl on session 23fa3fe567da674f9c5dc2ce5588ed74 to remote] DEBUG org.asynchttpclient.netty.request.NettyRequestSender - Using open Channel [id: 0x300c7eef, L:/127.0.0.1:54565 - R:localhost/127.0.0.1:1574] for GET '/session/23fa3fe567da674f9c5dc2ce5588ed74/url'
23:00:39.635 [AsyncHttpClient-1-23] DEBUG org.asynchttpclient.netty.handler.HttpHandler - 

Request DefaultFullHttpRequest(decodeResult: success, version: HTTP/1.1, content: EmptyByteBufBE)
GET /session/23fa3fe567da674f9c5dc2ce5588ed74/url HTTP/1.1
User-Agent: selenium/4.8.1 (java windows)
Cache-Control: no-cache
Content-Type: application/json; charset=utf-8
host: localhost:1574
accept: */*

Response DefaultHttpResponse(decodeResult: success, version: HTTP/1.1)
HTTP/1.1 200 OK
Content-Length: 41
Content-Type: application/json; charset=utf-8
cache-control: no-cache

23:00:39.635 [AsyncHttpClient-1-23] DEBUG org.asynchttpclient.netty.channel.ChannelManager - Adding key: http://localhost:1574 for channel [id: 0x300c7eef, L:/127.0.0.1:54565 - R:localhost/127.0.0.1:1574]
23:00:39.635 [Forwarding screenshot on session 23fa3fe567da674f9c5dc2ce5588ed74 to remote] DEBUG org.asynchttpclient.netty.request.NettyRequestSender - Using pooled Channel '[id: 0x300c7eef, L:/127.0.0.1:54565 - R:localhost/127.0.0.1:1574]' for 'GET' to 'http://localhost:1574/session/23fa3fe567da674f9c5dc2ce5588ed74/screenshot'
23:00:39.635 [Forwarding screenshot on session 23fa3fe567da674f9c5dc2ce5588ed74 to remote] DEBUG org.asynchttpclient.netty.request.NettyRequestSender - Using open Channel [id: 0x300c7eef, L:/127.0.0.1:54565 - R:localhost/127.0.0.1:1574] for GET '/session/23fa3fe567da674f9c5dc2ce5588ed74/screenshot'
23:00:39.754 [AsyncHttpClient-1-23] DEBUG org.asynchttpclient.netty.handler.HttpHandler - 

Request DefaultFullHttpRequest(decodeResult: success, version: HTTP/1.1, content: EmptyByteBufBE)
GET /session/23fa3fe567da674f9c5dc2ce5588ed74/screenshot HTTP/1.1
User-Agent: selenium/4.8.1 (java windows)
Cache-Control: no-cache
Content-Type: application/json; charset=utf-8
host: localhost:1574
accept: */*

Response DefaultHttpResponse(decodeResult: success, version: HTTP/1.1)
HTTP/1.1 200 OK
Content-Length: 93224
Content-Type: application/json; charset=utf-8
cache-control: no-cache

23:00:39.754 [AsyncHttpClient-1-23] DEBUG org.asynchttpclient.netty.channel.ChannelManager - Adding key: http://localhost:1574 for channel [id: 0x300c7eef, L:/127.0.0.1:54565 - R:localhost/127.0.0.1:1574]
23:00:39.758 [main] DEBUG net.serenitybdd.core.photography.Darkroom - Send negative for processing for target\site\serenity\eae70e0d31e8e8b85ce659fe0365ca28c24246a1bf9d3b50a76ae0889116b9f5.png
23:00:39.759 [Forwarding getPageSource on session 23fa3fe567da674f9c5dc2ce5588ed74 to remote] DEBUG org.asynchttpclient.netty.request.NettyRequestSender - Using pooled Channel '[id: 0x300c7eef, L:/127.0.0.1:54565 - R:localhost/127.0.0.1:1574]' for 'POST' to 'http://localhost:1574/session/23fa3fe567da674f9c5dc2ce5588ed74/execute/sync'
23:00:39.759 [Forwarding getPageSource on session 23fa3fe567da674f9c5dc2ce5588ed74 to remote] DEBUG org.asynchttpclient.netty.request.NettyRequestSender - Using open Channel [id: 0x300c7eef, L:/127.0.0.1:54565 - R:localhost/127.0.0.1:1574] for POST '/session/23fa3fe567da674f9c5dc2ce5588ed74/execute/sync'
23:00:39.808 [AsyncHttpClient-1-23] DEBUG org.asynchttpclient.netty.handler.HttpHandler - 

Request DefaultHttpRequest(decodeResult: success, version: HTTP/1.1)
POST /session/23fa3fe567da674f9c5dc2ce5588ed74/execute/sync HTTP/1.1
User-Agent: selenium/4.8.1 (java windows)
Content-Length: 176
Content-Type: application/json; charset=utf-8
host: localhost:1574
accept: */*

Response DefaultHttpResponse(decodeResult: success, version: HTTP/1.1)
HTTP/1.1 200 OK
Content-Length: 816995
Content-Type: application/json; charset=utf-8
cache-control: no-cache

23:00:39.808 [AsyncHttpClient-1-23] DEBUG org.asynchttpclient.netty.channel.ChannelManager - Adding key: http://localhost:1574 for channel [id: 0x300c7eef, L:/127.0.0.1:54565 - R:localhost/127.0.0.1:1574]
23:00:39.878 [Forwarding getCurrentUrl on session 23fa3fe567da674f9c5dc2ce5588ed74 to remote] DEBUG org.asynchttpclient.netty.request.NettyRequestSender - Using pooled Channel '[id: 0x300c7eef, L:/127.0.0.1:54565 - R:localhost/127.0.0.1:1574]' for 'GET' to 'http://localhost:1574/session/23fa3fe567da674f9c5dc2ce5588ed74/url'
23:00:39.878 [Forwarding getCurrentUrl on session 23fa3fe567da674f9c5dc2ce5588ed74 to remote] DEBUG org.asynchttpclient.netty.request.NettyRequestSender - Using open Channel [id: 0x300c7eef, L:/127.0.0.1:54565 - R:localhost/127.0.0.1:1574] for GET '/session/23fa3fe567da674f9c5dc2ce5588ed74/url'
23:00:39.886 [AsyncHttpClient-1-23] DEBUG org.asynchttpclient.netty.handler.HttpHandler - 

Request DefaultFullHttpRequest(decodeResult: success, version: HTTP/1.1, content: EmptyByteBufBE)
GET /session/23fa3fe567da674f9c5dc2ce5588ed74/url HTTP/1.1
User-Agent: selenium/4.8.1 (java windows)
Cache-Control: no-cache
Content-Type: application/json; charset=utf-8
host: localhost:1574
accept: */*

Response DefaultHttpResponse(decodeResult: success, version: HTTP/1.1)
HTTP/1.1 200 OK
Content-Length: 41
Content-Type: application/json; charset=utf-8
cache-control: no-cache

23:00:39.886 [AsyncHttpClient-1-23] DEBUG org.asynchttpclient.netty.channel.ChannelManager - Adding key: http://localhost:1574 for channel [id: 0x300c7eef, L:/127.0.0.1:54565 - R:localhost/127.0.0.1:1574]
23:00:39.890 [main] DEBUG net.thucydides.core.steps.StepInterceptor - STARTING STEP: HomepageSteps.clickBuyButton - clickBeliProduk1
23:00:39.893 [Forwarding findElement on session 23fa3fe567da674f9c5dc2ce5588ed74 to remote] DEBUG org.asynchttpclient.netty.request.NettyRequestSender - Using pooled Channel '[id: 0x300c7eef, L:/127.0.0.1:54565 - R:localhost/127.0.0.1:1574]' for 'POST' to 'http://localhost:1574/session/23fa3fe567da674f9c5dc2ce5588ed74/element'
23:00:39.893 [Forwarding findElement on session 23fa3fe567da674f9c5dc2ce5588ed74 to remote] DEBUG org.asynchttpclient.netty.request.NettyRequestSender - Using open Channel [id: 0x300c7eef, L:/127.0.0.1:54565 - R:localhost/127.0.0.1:1574] for POST '/session/23fa3fe567da674f9c5dc2ce5588ed74/element'
23:00:39.916 [AsyncHttpClient-1-23] DEBUG org.asynchttpclient.netty.handler.HttpHandler - 

Request DefaultHttpRequest(decodeResult: success, version: HTTP/1.1)
POST /session/23fa3fe567da674f9c5dc2ce5588ed74/element HTTP/1.1
User-Agent: selenium/4.8.1 (java windows)
Content-Length: 113
Content-Type: application/json; charset=utf-8
host: localhost:1574
accept: */*

Response DefaultHttpResponse(decodeResult: success, version: HTTP/1.1)
HTTP/1.1 200 OK
Content-Length: 94
Content-Type: application/json; charset=utf-8
cache-control: no-cache

23:00:39.916 [AsyncHttpClient-1-23] DEBUG org.asynchttpclient.netty.channel.ChannelManager - Adding key: http://localhost:1574 for channel [id: 0x300c7eef, L:/127.0.0.1:54565 - R:localhost/127.0.0.1:1574]
23:00:39.917 [Forwarding getElementTagName on session 23fa3fe567da674f9c5dc2ce5588ed74 to remote] DEBUG org.asynchttpclient.netty.request.NettyRequestSender - Using pooled Channel '[id: 0x300c7eef, L:/127.0.0.1:54565 - R:localhost/127.0.0.1:1574]' for 'GET' to 'http://localhost:1574/session/23fa3fe567da674f9c5dc2ce5588ed74/element/27F13218C9DA61B6882E689A845AECE8_element_8/name'
23:00:39.917 [Forwarding getElementTagName on session 23fa3fe567da674f9c5dc2ce5588ed74 to remote] DEBUG org.asynchttpclient.netty.request.NettyRequestSender - Using open Channel [id: 0x300c7eef, L:/127.0.0.1:54565 - R:localhost/127.0.0.1:1574] for GET '/session/23fa3fe567da674f9c5dc2ce5588ed74/element/27F13218C9DA61B6882E689A845AECE8_element_8/name'
23:00:39.926 [AsyncHttpClient-1-23] DEBUG org.asynchttpclient.netty.handler.HttpHandler - 

Request DefaultFullHttpRequest(decodeResult: success, version: HTTP/1.1, content: EmptyByteBufBE)
GET /session/23fa3fe567da674f9c5dc2ce5588ed74/element/27F13218C9DA61B6882E689A845AECE8_element_8/name HTTP/1.1
User-Agent: selenium/4.8.1 (java windows)
Cache-Control: no-cache
Content-Type: application/json; charset=utf-8
host: localhost:1574
accept: */*

Response DefaultHttpResponse(decodeResult: success, version: HTTP/1.1)
HTTP/1.1 200 OK
Content-Length: 18
Content-Type: application/json; charset=utf-8
cache-control: no-cache

23:00:39.926 [AsyncHttpClient-1-23] DEBUG org.asynchttpclient.netty.channel.ChannelManager - Adding key: http://localhost:1574 for channel [id: 0x300c7eef, L:/127.0.0.1:54565 - R:localhost/127.0.0.1:1574]
23:00:39.927 [Forwarding getElementTagName on session 23fa3fe567da674f9c5dc2ce5588ed74 to remote] DEBUG org.asynchttpclient.netty.request.NettyRequestSender - Using pooled Channel '[id: 0x300c7eef, L:/127.0.0.1:54565 - R:localhost/127.0.0.1:1574]' for 'GET' to 'http://localhost:1574/session/23fa3fe567da674f9c5dc2ce5588ed74/element/27F13218C9DA61B6882E689A845AECE8_element_8/name'
23:00:39.927 [Forwarding getElementTagName on session 23fa3fe567da674f9c5dc2ce5588ed74 to remote] DEBUG org.asynchttpclient.netty.request.NettyRequestSender - Using open Channel [id: 0x300c7eef, L:/127.0.0.1:54565 - R:localhost/127.0.0.1:1574] for GET '/session/23fa3fe567da674f9c5dc2ce5588ed74/element/27F13218C9DA61B6882E689A845AECE8_element_8/name'
23:00:39.934 [AsyncHttpClient-1-23] DEBUG org.asynchttpclient.netty.handler.HttpHandler - 

Request DefaultFullHttpRequest(decodeResult: success, version: HTTP/1.1, content: EmptyByteBufBE)
GET /session/23fa3fe567da674f9c5dc2ce5588ed74/element/27F13218C9DA61B6882E689A845AECE8_element_8/name HTTP/1.1
User-Agent: selenium/4.8.1 (java windows)
Cache-Control: no-cache
Content-Type: application/json; charset=utf-8
host: localhost:1574
accept: */*

Response DefaultHttpResponse(decodeResult: success, version: HTTP/1.1)
HTTP/1.1 200 OK
Content-Length: 18
Content-Type: application/json; charset=utf-8
cache-control: no-cache

23:00:39.934 [AsyncHttpClient-1-23] DEBUG org.asynchttpclient.netty.channel.ChannelManager - Adding key: http://localhost:1574 for channel [id: 0x300c7eef, L:/127.0.0.1:54565 - R:localhost/127.0.0.1:1574]
23:00:39.935 [Forwarding isElementEnabled on session 23fa3fe567da674f9c5dc2ce5588ed74 to remote] DEBUG org.asynchttpclient.netty.request.NettyRequestSender - Using pooled Channel '[id: 0x300c7eef, L:/127.0.0.1:54565 - R:localhost/127.0.0.1:1574]' for 'GET' to 'http://localhost:1574/session/23fa3fe567da674f9c5dc2ce5588ed74/element/27F13218C9DA61B6882E689A845AECE8_element_8/enabled'
23:00:39.935 [Forwarding isElementEnabled on session 23fa3fe567da674f9c5dc2ce5588ed74 to remote] DEBUG org.asynchttpclient.netty.request.NettyRequestSender - Using open Channel [id: 0x300c7eef, L:/127.0.0.1:54565 - R:localhost/127.0.0.1:1574] for GET '/session/23fa3fe567da674f9c5dc2ce5588ed74/element/27F13218C9DA61B6882E689A845AECE8_element_8/enabled'
23:00:39.949 [AsyncHttpClient-1-23] DEBUG org.asynchttpclient.netty.handler.HttpHandler - 

Request DefaultFullHttpRequest(decodeResult: success, version: HTTP/1.1, content: EmptyByteBufBE)
GET /session/23fa3fe567da674f9c5dc2ce5588ed74/element/27F13218C9DA61B6882E689A845AECE8_element_8/enabled HTTP/1.1
User-Agent: selenium/4.8.1 (java windows)
Cache-Control: no-cache
Content-Type: application/json; charset=utf-8
host: localhost:1574
accept: */*

Response DefaultHttpResponse(decodeResult: success, version: HTTP/1.1)
HTTP/1.1 200 OK
Content-Length: 14
Content-Type: application/json; charset=utf-8
cache-control: no-cache

23:00:39.949 [AsyncHttpClient-1-23] DEBUG org.asynchttpclient.netty.channel.ChannelManager - Adding key: http://localhost:1574 for channel [id: 0x300c7eef, L:/127.0.0.1:54565 - R:localhost/127.0.0.1:1574]
23:00:39.950 [Forwarding isElementEnabled on session 23fa3fe567da674f9c5dc2ce5588ed74 to remote] DEBUG org.asynchttpclient.netty.request.NettyRequestSender - Using pooled Channel '[id: 0x300c7eef, L:/127.0.0.1:54565 - R:localhost/127.0.0.1:1574]' for 'GET' to 'http://localhost:1574/session/23fa3fe567da674f9c5dc2ce5588ed74/element/27F13218C9DA61B6882E689A845AECE8_element_8/enabled'
23:00:39.950 [Forwarding isElementEnabled on session 23fa3fe567da674f9c5dc2ce5588ed74 to remote] DEBUG org.asynchttpclient.netty.request.NettyRequestSender - Using open Channel [id: 0x300c7eef, L:/127.0.0.1:54565 - R:localhost/127.0.0.1:1574] for GET '/session/23fa3fe567da674f9c5dc2ce5588ed74/element/27F13218C9DA61B6882E689A845AECE8_element_8/enabled'
23:00:39.960 [AsyncHttpClient-1-23] DEBUG org.asynchttpclient.netty.handler.HttpHandler - 

Request DefaultFullHttpRequest(decodeResult: success, version: HTTP/1.1, content: EmptyByteBufBE)
GET /session/23fa3fe567da674f9c5dc2ce5588ed74/element/27F13218C9DA61B6882E689A845AECE8_element_8/enabled HTTP/1.1
User-Agent: selenium/4.8.1 (java windows)
Cache-Control: no-cache
Content-Type: application/json; charset=utf-8
host: localhost:1574
accept: */*

Response DefaultHttpResponse(decodeResult: success, version: HTTP/1.1)
HTTP/1.1 200 OK
Content-Length: 14
Content-Type: application/json; charset=utf-8
cache-control: no-cache

23:00:39.960 [AsyncHttpClient-1-23] DEBUG org.asynchttpclient.netty.channel.ChannelManager - Adding key: http://localhost:1574 for channel [id: 0x300c7eef, L:/127.0.0.1:54565 - R:localhost/127.0.0.1:1574]
23:00:39.961 [Forwarding findElement on session 23fa3fe567da674f9c5dc2ce5588ed74 to remote] DEBUG org.asynchttpclient.netty.request.NettyRequestSender - Using pooled Channel '[id: 0x300c7eef, L:/127.0.0.1:54565 - R:localhost/127.0.0.1:1574]' for 'POST' to 'http://localhost:1574/session/23fa3fe567da674f9c5dc2ce5588ed74/element'
23:00:39.961 [Forwarding findElement on session 23fa3fe567da674f9c5dc2ce5588ed74 to remote] DEBUG org.asynchttpclient.netty.request.NettyRequestSender - Using open Channel [id: 0x300c7eef, L:/127.0.0.1:54565 - R:localhost/127.0.0.1:1574] for POST '/session/23fa3fe567da674f9c5dc2ce5588ed74/element'
23:00:39.977 [AsyncHttpClient-1-23] DEBUG org.asynchttpclient.netty.handler.HttpHandler - 

Request DefaultHttpRequest(decodeResult: success, version: HTTP/1.1)
POST /session/23fa3fe567da674f9c5dc2ce5588ed74/element HTTP/1.1
User-Agent: selenium/4.8.1 (java windows)
Content-Length: 113
Content-Type: application/json; charset=utf-8
host: localhost:1574
accept: */*

Response DefaultHttpResponse(decodeResult: success, version: HTTP/1.1)
HTTP/1.1 200 OK
Content-Length: 94
Content-Type: application/json; charset=utf-8
cache-control: no-cache

23:00:39.977 [AsyncHttpClient-1-23] DEBUG org.asynchttpclient.netty.channel.ChannelManager - Adding key: http://localhost:1574 for channel [id: 0x300c7eef, L:/127.0.0.1:54565 - R:localhost/127.0.0.1:1574]
23:00:39.978 [Forwarding clickElement on session 23fa3fe567da674f9c5dc2ce5588ed74 to remote] DEBUG org.asynchttpclient.netty.request.NettyRequestSender - Using pooled Channel '[id: 0x300c7eef, L:/127.0.0.1:54565 - R:localhost/127.0.0.1:1574]' for 'POST' to 'http://localhost:1574/session/23fa3fe567da674f9c5dc2ce5588ed74/element/27F13218C9DA61B6882E689A845AECE8_element_8/click'
23:00:39.978 [Forwarding clickElement on session 23fa3fe567da674f9c5dc2ce5588ed74 to remote] DEBUG org.asynchttpclient.netty.request.NettyRequestSender - Using open Channel [id: 0x300c7eef, L:/127.0.0.1:54565 - R:localhost/127.0.0.1:1574] for POST '/session/23fa3fe567da674f9c5dc2ce5588ed74/element/27F13218C9DA61B6882E689A845AECE8_element_8/click'
23:00:40.005 [AsyncHttpClient-1-1] DEBUG org.asynchttpclient.netty.channel.DefaultChannelPool - Entry count for : http://localhost:54566 : 1
23:00:40.135 [AsyncHttpClient-1-23] DEBUG org.asynchttpclient.netty.handler.HttpHandler - 

Request DefaultHttpRequest(decodeResult: success, version: HTTP/1.1)
POST /session/23fa3fe567da674f9c5dc2ce5588ed74/element/27F13218C9DA61B6882E689A845AECE8_element_8/click HTTP/1.1
User-Agent: selenium/4.8.1 (java windows)
Content-Length: 56
Content-Type: application/json; charset=utf-8
host: localhost:1574
accept: */*

Response DefaultHttpResponse(decodeResult: success, version: HTTP/1.1)
HTTP/1.1 200 OK
Content-Length: 14
Content-Type: application/json; charset=utf-8
cache-control: no-cache

23:00:40.135 [AsyncHttpClient-1-23] DEBUG org.asynchttpclient.netty.channel.ChannelManager - Adding key: http://localhost:1574 for channel [id: 0x300c7eef, L:/127.0.0.1:54565 - R:localhost/127.0.0.1:1574]
23:00:40.142 [Forwarding getAlertText on session 23fa3fe567da674f9c5dc2ce5588ed74 to remote] DEBUG org.asynchttpclient.netty.request.NettyRequestSender - Using pooled Channel '[id: 0x300c7eef, L:/127.0.0.1:54565 - R:localhost/127.0.0.1:1574]' for 'GET' to 'http://localhost:1574/session/23fa3fe567da674f9c5dc2ce5588ed74/alert/text'
23:00:40.142 [Forwarding getAlertText on session 23fa3fe567da674f9c5dc2ce5588ed74 to remote] DEBUG org.asynchttpclient.netty.request.NettyRequestSender - Using open Channel [id: 0x300c7eef, L:/127.0.0.1:54565 - R:localhost/127.0.0.1:1574] for GET '/session/23fa3fe567da674f9c5dc2ce5588ed74/alert/text'
23:00:40.145 [AsyncHttpClient-1-23] DEBUG org.asynchttpclient.netty.handler.HttpHandler - 

Request DefaultFullHttpRequest(decodeResult: success, version: HTTP/1.1, content: EmptyByteBufBE)
GET /session/23fa3fe567da674f9c5dc2ce5588ed74/alert/text HTTP/1.1
User-Agent: selenium/4.8.1 (java windows)
Cache-Control: no-cache
Content-Type: application/json; charset=utf-8
host: localhost:1574
accept: */*

Response DefaultHttpResponse(decodeResult: success, version: HTTP/1.1)
HTTP/1.1 404 Not Found
Content-Length: 820
Content-Type: application/json; charset=utf-8
cache-control: no-cache

23:00:40.145 [AsyncHttpClient-1-23] DEBUG org.asynchttpclient.netty.channel.ChannelManager - Adding key: http://localhost:1574 for channel [id: 0x300c7eef, L:/127.0.0.1:54565 - R:localhost/127.0.0.1:1574]
23:00:40.145 [Forwarding getCurrentUrl on session 23fa3fe567da674f9c5dc2ce5588ed74 to remote] DEBUG org.asynchttpclient.netty.request.NettyRequestSender - Using pooled Channel '[id: 0x300c7eef, L:/127.0.0.1:54565 - R:localhost/127.0.0.1:1574]' for 'GET' to 'http://localhost:1574/session/23fa3fe567da674f9c5dc2ce5588ed74/url'
23:00:40.145 [Forwarding getCurrentUrl on session 23fa3fe567da674f9c5dc2ce5588ed74 to remote] DEBUG org.asynchttpclient.netty.request.NettyRequestSender - Using open Channel [id: 0x300c7eef, L:/127.0.0.1:54565 - R:localhost/127.0.0.1:1574] for GET '/session/23fa3fe567da674f9c5dc2ce5588ed74/url'
23:00:40.153 [AsyncHttpClient-1-23] DEBUG org.asynchttpclient.netty.handler.HttpHandler - 

Request DefaultFullHttpRequest(decodeResult: success, version: HTTP/1.1, content: EmptyByteBufBE)
GET /session/23fa3fe567da674f9c5dc2ce5588ed74/url HTTP/1.1
User-Agent: selenium/4.8.1 (java windows)
Cache-Control: no-cache
Content-Type: application/json; charset=utf-8
host: localhost:1574
accept: */*

Response DefaultHttpResponse(decodeResult: success, version: HTTP/1.1)
HTTP/1.1 200 OK
Content-Length: 41
Content-Type: application/json; charset=utf-8
cache-control: no-cache

23:00:40.153 [AsyncHttpClient-1-23] DEBUG org.asynchttpclient.netty.channel.ChannelManager - Adding key: http://localhost:1574 for channel [id: 0x300c7eef, L:/127.0.0.1:54565 - R:localhost/127.0.0.1:1574]
23:00:40.153 [Forwarding screenshot on session 23fa3fe567da674f9c5dc2ce5588ed74 to remote] DEBUG org.asynchttpclient.netty.request.NettyRequestSender - Using pooled Channel '[id: 0x300c7eef, L:/127.0.0.1:54565 - R:localhost/127.0.0.1:1574]' for 'GET' to 'http://localhost:1574/session/23fa3fe567da674f9c5dc2ce5588ed74/screenshot'
23:00:40.153 [Forwarding screenshot on session 23fa3fe567da674f9c5dc2ce5588ed74 to remote] DEBUG org.asynchttpclient.netty.request.NettyRequestSender - Using open Channel [id: 0x300c7eef, L:/127.0.0.1:54565 - R:localhost/127.0.0.1:1574] for GET '/session/23fa3fe567da674f9c5dc2ce5588ed74/screenshot'
23:00:40.367 [AsyncHttpClient-1-23] DEBUG org.asynchttpclient.netty.handler.HttpHandler - 

Request DefaultFullHttpRequest(decodeResult: success, version: HTTP/1.1, content: EmptyByteBufBE)
GET /session/23fa3fe567da674f9c5dc2ce5588ed74/screenshot HTTP/1.1
User-Agent: selenium/4.8.1 (java windows)
Cache-Control: no-cache
Content-Type: application/json; charset=utf-8
host: localhost:1574
accept: */*

Response DefaultHttpResponse(decodeResult: success, version: HTTP/1.1)
HTTP/1.1 200 OK
Content-Length: 87524
Content-Type: application/json; charset=utf-8
cache-control: no-cache

23:00:40.367 [AsyncHttpClient-1-23] DEBUG org.asynchttpclient.netty.channel.ChannelManager - Adding key: http://localhost:1574 for channel [id: 0x300c7eef, L:/127.0.0.1:54565 - R:localhost/127.0.0.1:1574]
23:00:40.371 [main] DEBUG net.serenitybdd.core.photography.Darkroom - Send negative for processing for target\site\serenity\c2fd1f4d751bb79ff6bb35046591985233270fa6540dce17ef8052d42ee9e38f.png
23:00:40.372 [main] DEBUG net.thucydides.core.steps.StepInterceptor - STEP DONE: clickBeliProduk1
  &amp#27;[32mAnd &amp#27;[0m&amp#27;[32mI click buy button&amp#27;[0m                    &amp#27;[90m# starter.stepdefinitions.HomepageSteps.clickBuyButton()&amp#27;[0m
23:00:40.372 [Darkroom Processing Line] DEBUG net.serenitybdd.core.photography.DarkroomProcessingLine - Processing screenshot image in /var/screenshots/screenshot-5744250517052864389
23:00:40.372 [Darkroom Processing Line] DEBUG net.serenitybdd.core.photography.DarkroomProcessingLine - Saving screenshot to target\site\serenity\c2fd1f4d751bb79ff6bb35046591985233270fa6540dce17ef8052d42ee9e38f.png
23:00:40.379 [Forwarding getPageSource on session 23fa3fe567da674f9c5dc2ce5588ed74 to remote] DEBUG org.asynchttpclient.netty.request.NettyRequestSender - Using pooled Channel '[id: 0x300c7eef, L:/127.0.0.1:54565 - R:localhost/127.0.0.1:1574]' for 'POST' to 'http://localhost:1574/session/23fa3fe567da674f9c5dc2ce5588ed74/execute/sync'
23:00:40.379 [Forwarding getPageSource on session 23fa3fe567da674f9c5dc2ce5588ed74 to remote] DEBUG org.asynchttpclient.netty.request.NettyRequestSender - Using open Channel [id: 0x300c7eef, L:/127.0.0.1:54565 - R:localhost/127.0.0.1:1574] for POST '/session/23fa3fe567da674f9c5dc2ce5588ed74/execute/sync'
23:00:40.440 [AsyncHttpClient-1-23] DEBUG org.asynchttpclient.netty.handler.HttpHandler - 

Request DefaultHttpRequest(decodeResult: success, version: HTTP/1.1)
POST /session/23fa3fe567da674f9c5dc2ce5588ed74/execute/sync HTTP/1.1
User-Agent: selenium/4.8.1 (java windows)
Content-Length: 176
Content-Type: application/json; charset=utf-8
host: localhost:1574
accept: */*

Response DefaultHttpResponse(decodeResult: success, version: HTTP/1.1)
HTTP/1.1 200 OK
Content-Length: 817391
Content-Type: application/json; charset=utf-8
cache-control: no-cache

23:00:40.441 [AsyncHttpClient-1-23] DEBUG org.asynchttpclient.netty.channel.ChannelManager - Adding key: http://localhost:1574 for channel [id: 0x300c7eef, L:/127.0.0.1:54565 - R:localhost/127.0.0.1:1574]
23:00:40.526 [Forwarding getCurrentUrl on session 23fa3fe567da674f9c5dc2ce5588ed74 to remote] DEBUG org.asynchttpclient.netty.request.NettyRequestSender - Using pooled Channel '[id: 0x300c7eef, L:/127.0.0.1:54565 - R:localhost/127.0.0.1:1574]' for 'GET' to 'http://localhost:1574/session/23fa3fe567da674f9c5dc2ce5588ed74/url'
23:00:40.526 [Forwarding getCurrentUrl on session 23fa3fe567da674f9c5dc2ce5588ed74 to remote] DEBUG org.asynchttpclient.netty.request.NettyRequestSender - Using open Channel [id: 0x300c7eef, L:/127.0.0.1:54565 - R:localhost/127.0.0.1:1574] for GET '/session/23fa3fe567da674f9c5dc2ce5588ed74/url'
23:00:40.533 [AsyncHttpClient-1-23] DEBUG org.asynchttpclient.netty.handler.HttpHandler - 

Request DefaultFullHttpRequest(decodeResult: success, version: HTTP/1.1, content: EmptyByteBufBE)
GET /session/23fa3fe567da674f9c5dc2ce5588ed74/url HTTP/1.1
User-Agent: selenium/4.8.1 (java windows)
Cache-Control: no-cache
Content-Type: application/json; charset=utf-8
host: localhost:1574
accept: */*

Response DefaultHttpResponse(decodeResult: success, version: HTTP/1.1)
HTTP/1.1 200 OK
Content-Length: 41
Content-Type: application/json; charset=utf-8
cache-control: no-cache

23:00:40.533 [AsyncHttpClient-1-23] DEBUG org.asynchttpclient.netty.channel.ChannelManager - Adding key: http://localhost:1574 for channel [id: 0x300c7eef, L:/127.0.0.1:54565 - R:localhost/127.0.0.1:1574]
23:00:40.541 [Forwarding getAlertText on session 23fa3fe567da674f9c5dc2ce5588ed74 to remote] DEBUG org.asynchttpclient.netty.request.NettyRequestSender - Using pooled Channel '[id: 0x300c7eef, L:/127.0.0.1:54565 - R:localhost/127.0.0.1:1574]' for 'GET' to 'http://localhost:1574/session/23fa3fe567da674f9c5dc2ce5588ed74/alert/text'
23:00:40.541 [Forwarding getAlertText on session 23fa3fe567da674f9c5dc2ce5588ed74 to remote] DEBUG org.asynchttpclient.netty.request.NettyRequestSender - Using open Channel [id: 0x300c7eef, L:/127.0.0.1:54565 - R:localhost/127.0.0.1:1574] for GET '/session/23fa3fe567da674f9c5dc2ce5588ed74/alert/text'
23:00:40.543 [AsyncHttpClient-1-23] DEBUG org.asynchttpclient.netty.handler.HttpHandler - 

Request DefaultFullHttpRequest(decodeResult: success, version: HTTP/1.1, content: EmptyByteBufBE)
GET /session/23fa3fe567da674f9c5dc2ce5588ed74/alert/text HTTP/1.1
User-Agent: selenium/4.8.1 (java windows)
Cache-Control: no-cache
Content-Type: application/json; charset=utf-8
host: localhost:1574
accept: */*

Response DefaultHttpResponse(decodeResult: success, version: HTTP/1.1)
HTTP/1.1 404 Not Found
Content-Length: 820
Content-Type: application/json; charset=utf-8
cache-control: no-cache

23:00:40.544 [AsyncHttpClient-1-23] DEBUG org.asynchttpclient.netty.channel.ChannelManager - Adding key: http://localhost:1574 for channel [id: 0x300c7eef, L:/127.0.0.1:54565 - R:localhost/127.0.0.1:1574]
23:00:40.544 [Forwarding getCurrentUrl on session 23fa3fe567da674f9c5dc2ce5588ed74 to remote] DEBUG org.asynchttpclient.netty.request.NettyRequestSender - Using pooled Channel '[id: 0x300c7eef, L:/127.0.0.1:54565 - R:localhost/127.0.0.1:1574]' for 'GET' to 'http://localhost:1574/session/23fa3fe567da674f9c5dc2ce5588ed74/url'
23:00:40.544 [Forwarding getCurrentUrl on session 23fa3fe567da674f9c5dc2ce5588ed74 to remote] DEBUG org.asynchttpclient.netty.request.NettyRequestSender - Using open Channel [id: 0x300c7eef, L:/127.0.0.1:54565 - R:localhost/127.0.0.1:1574] for GET '/session/23fa3fe567da674f9c5dc2ce5588ed74/url'
23:00:40.550 [AsyncHttpClient-1-23] DEBUG org.asynchttpclient.netty.handler.HttpHandler - 

Request DefaultFullHttpRequest(decodeResult: success, version: HTTP/1.1, content: EmptyByteBufBE)
GET /session/23fa3fe567da674f9c5dc2ce5588ed74/url HTTP/1.1
User-Agent: selenium/4.8.1 (java windows)
Cache-Control: no-cache
Content-Type: application/json; charset=utf-8
host: localhost:1574
accept: */*

Response DefaultHttpResponse(decodeResult: success, version: HTTP/1.1)
HTTP/1.1 200 OK
Content-Length: 41
Content-Type: application/json; charset=utf-8
cache-control: no-cache

23:00:40.550 [AsyncHttpClient-1-23] DEBUG org.asynchttpclient.netty.channel.ChannelManager - Adding key: http://localhost:1574 for channel [id: 0x300c7eef, L:/127.0.0.1:54565 - R:localhost/127.0.0.1:1574]
23:00:40.550 [Forwarding screenshot on session 23fa3fe567da674f9c5dc2ce5588ed74 to remote] DEBUG org.asynchttpclient.netty.request.NettyRequestSender - Using pooled Channel '[id: 0x300c7eef, L:/127.0.0.1:54565 - R:localhost/127.0.0.1:1574]' for 'GET' to 'http://localhost:1574/session/23fa3fe567da674f9c5dc2ce5588ed74/screenshot'
23:00:40.550 [Forwarding screenshot on session 23fa3fe567da674f9c5dc2ce5588ed74 to remote] DEBUG org.asynchttpclient.netty.request.NettyRequestSender - Using open Channel [id: 0x300c7eef, L:/127.0.0.1:54565 - R:localhost/127.0.0.1:1574] for GET '/session/23fa3fe567da674f9c5dc2ce5588ed74/screenshot'
23:00:40.811 [AsyncHttpClient-1-23] DEBUG org.asynchttpclient.netty.handler.HttpHandler - 

Request DefaultFullHttpRequest(decodeResult: success, version: HTTP/1.1, content: EmptyByteBufBE)
GET /session/23fa3fe567da674f9c5dc2ce5588ed74/screenshot HTTP/1.1
User-Agent: selenium/4.8.1 (java windows)
Cache-Control: no-cache
Content-Type: application/json; charset=utf-8
host: localhost:1574
accept: */*

Response DefaultHttpResponse(decodeResult: success, version: HTTP/1.1)
HTTP/1.1 200 OK
Content-Length: 86760
Content-Type: application/json; charset=utf-8
cache-control: no-cache

23:00:40.812 [AsyncHttpClient-1-23] DEBUG org.asynchttpclient.netty.channel.ChannelManager - Adding key: http://localhost:1574 for channel [id: 0x300c7eef, L:/127.0.0.1:54565 - R:localhost/127.0.0.1:1574]
23:00:40.816 [main] DEBUG net.serenitybdd.core.photography.Darkroom - Send negative for processing for target\site\serenity\3c64228fced8420947de70d2a1206d7a9fe0435a5f82c0b8f178bf0db0cc54c8.png
23:00:40.816 [Darkroom Processing Line] DEBUG net.serenitybdd.core.photography.DarkroomProcessingLine - Processing screenshot image in /var/screenshots/screenshot-6921661144324611455
23:00:40.816 [Darkroom Processing Line] DEBUG net.serenitybdd.core.photography.DarkroomProcessingLine - Saving screenshot to target\site\serenity\3c64228fced8420947de70d2a1206d7a9fe0435a5f82c0b8f178bf0db0cc54c8.png
23:00:40.817 [Forwarding getPageSource on session 23fa3fe567da674f9c5dc2ce5588ed74 to remote] DEBUG org.asynchttpclient.netty.request.NettyRequestSender - Using pooled Channel '[id: 0x300c7eef, L:/127.0.0.1:54565 - R:localhost/127.0.0.1:1574]' for 'POST' to 'http://localhost:1574/session/23fa3fe567da674f9c5dc2ce5588ed74/execute/sync'
23:00:40.817 [Forwarding getPageSource on session 23fa3fe567da674f9c5dc2ce5588ed74 to remote] DEBUG org.asynchttpclient.netty.request.NettyRequestSender - Using open Channel [id: 0x300c7eef, L:/127.0.0.1:54565 - R:localhost/127.0.0.1:1574] for POST '/session/23fa3fe567da674f9c5dc2ce5588ed74/execute/sync'
23:00:40.870 [AsyncHttpClient-1-23] DEBUG org.asynchttpclient.netty.handler.HttpHandler - 

Request DefaultHttpRequest(decodeResult: success, version: HTTP/1.1)
POST /session/23fa3fe567da674f9c5dc2ce5588ed74/execute/sync HTTP/1.1
User-Agent: selenium/4.8.1 (java windows)
Content-Length: 176
Content-Type: application/json; charset=utf-8
host: localhost:1574
accept: */*

Response DefaultHttpResponse(decodeResult: success, version: HTTP/1.1)
HTTP/1.1 200 OK
Content-Length: 817003
Content-Type: application/json; charset=utf-8
cache-control: no-cache

23:00:40.870 [AsyncHttpClient-1-23] DEBUG org.asynchttpclient.netty.channel.ChannelManager - Adding key: http://localhost:1574 for channel [id: 0x300c7eef, L:/127.0.0.1:54565 - R:localhost/127.0.0.1:1574]
23:00:40.945 [Forwarding getCurrentUrl on session 23fa3fe567da674f9c5dc2ce5588ed74 to remote] DEBUG org.asynchttpclient.netty.request.NettyRequestSender - Using pooled Channel '[id: 0x300c7eef, L:/127.0.0.1:54565 - R:localhost/127.0.0.1:1574]' for 'GET' to 'http://localhost:1574/session/23fa3fe567da674f9c5dc2ce5588ed74/url'
23:00:40.945 [Forwarding getCurrentUrl on session 23fa3fe567da674f9c5dc2ce5588ed74 to remote] DEBUG org.asynchttpclient.netty.request.NettyRequestSender - Using open Channel [id: 0x300c7eef, L:/127.0.0.1:54565 - R:localhost/127.0.0.1:1574] for GET '/session/23fa3fe567da674f9c5dc2ce5588ed74/url'
23:00:40.952 [AsyncHttpClient-1-23] DEBUG org.asynchttpclient.netty.handler.HttpHandler - 

Request DefaultFullHttpRequest(decodeResult: success, version: HTTP/1.1, content: EmptyByteBufBE)
GET /session/23fa3fe567da674f9c5dc2ce5588ed74/url HTTP/1.1
User-Agent: selenium/4.8.1 (java windows)
Cache-Control: no-cache
Content-Type: application/json; charset=utf-8
host: localhost:1574
accept: */*

Response DefaultHttpResponse(decodeResult: success, version: HTTP/1.1)
HTTP/1.1 200 OK
Content-Length: 41
Content-Type: application/json; charset=utf-8
cache-control: no-cache

23:00:40.952 [AsyncHttpClient-1-23] DEBUG org.asynchttpclient.netty.channel.ChannelManager - Adding key: http://localhost:1574 for channel [id: 0x300c7eef, L:/127.0.0.1:54565 - R:localhost/127.0.0.1:1574]
23:00:40.954 [main] DEBUG net.thucydides.core.steps.StepInterceptor - STARTING STEP: HomepageSteps.clickBuyButton2 - clickBeliProduk2
23:00:40.956 [Forwarding findElement on session 23fa3fe567da674f9c5dc2ce5588ed74 to remote] DEBUG org.asynchttpclient.netty.request.NettyRequestSender - Using pooled Channel '[id: 0x300c7eef, L:/127.0.0.1:54565 - R:localhost/127.0.0.1:1574]' for 'POST' to 'http://localhost:1574/session/23fa3fe567da674f9c5dc2ce5588ed74/element'
23:00:40.956 [Forwarding findElement on session 23fa3fe567da674f9c5dc2ce5588ed74 to remote] DEBUG org.asynchttpclient.netty.request.NettyRequestSender - Using open Channel [id: 0x300c7eef, L:/127.0.0.1:54565 - R:localhost/127.0.0.1:1574] for POST '/session/23fa3fe567da674f9c5dc2ce5588ed74/element'
23:00:40.976 [AsyncHttpClient-1-23] DEBUG org.asynchttpclient.netty.handler.HttpHandler - 

Request DefaultHttpRequest(decodeResult: success, version: HTTP/1.1)
POST /session/23fa3fe567da674f9c5dc2ce5588ed74/element HTTP/1.1
User-Agent: selenium/4.8.1 (java windows)
Content-Length: 113
Content-Type: application/json; charset=utf-8
host: localhost:1574
accept: */*

Response DefaultHttpResponse(decodeResult: success, version: HTTP/1.1)
HTTP/1.1 200 OK
Content-Length: 95
Content-Type: application/json; charset=utf-8
cache-control: no-cache

23:00:40.976 [AsyncHttpClient-1-23] DEBUG org.asynchttpclient.netty.channel.ChannelManager - Adding key: http://localhost:1574 for channel [id: 0x300c7eef, L:/127.0.0.1:54565 - R:localhost/127.0.0.1:1574]
23:00:40.976 [Forwarding getElementTagName on session 23fa3fe567da674f9c5dc2ce5588ed74 to remote] DEBUG org.asynchttpclient.netty.request.NettyRequestSender - Using pooled Channel '[id: 0x300c7eef, L:/127.0.0.1:54565 - R:localhost/127.0.0.1:1574]' for 'GET' to 'http://localhost:1574/session/23fa3fe567da674f9c5dc2ce5588ed74/element/27F13218C9DA61B6882E689A845AECE8_element_11/name'
23:00:40.976 [Forwarding getElementTagName on session 23fa3fe567da674f9c5dc2ce5588ed74 to remote] DEBUG org.asynchttpclient.netty.request.NettyRequestSender - Using open Channel [id: 0x300c7eef, L:/127.0.0.1:54565 - R:localhost/127.0.0.1:1574] for GET '/session/23fa3fe567da674f9c5dc2ce5588ed74/element/27F13218C9DA61B6882E689A845AECE8_element_11/name'
23:00:40.984 [AsyncHttpClient-1-23] DEBUG org.asynchttpclient.netty.handler.HttpHandler - 

Request DefaultFullHttpRequest(decodeResult: success, version: HTTP/1.1, content: EmptyByteBufBE)
GET /session/23fa3fe567da674f9c5dc2ce5588ed74/element/27F13218C9DA61B6882E689A845AECE8_element_11/name HTTP/1.1
User-Agent: selenium/4.8.1 (java windows)
Cache-Control: no-cache
Content-Type: application/json; charset=utf-8
host: localhost:1574
accept: */*

Response DefaultHttpResponse(decodeResult: success, version: HTTP/1.1)
HTTP/1.1 200 OK
Content-Length: 18
Content-Type: application/json; charset=utf-8
cache-control: no-cache

23:00:40.984 [AsyncHttpClient-1-23] DEBUG org.asynchttpclient.netty.channel.ChannelManager - Adding key: http://localhost:1574 for channel [id: 0x300c7eef, L:/127.0.0.1:54565 - R:localhost/127.0.0.1:1574]
23:00:40.984 [Forwarding getElementTagName on session 23fa3fe567da674f9c5dc2ce5588ed74 to remote] DEBUG org.asynchttpclient.netty.request.NettyRequestSender - Using pooled Channel '[id: 0x300c7eef, L:/127.0.0.1:54565 - R:localhost/127.0.0.1:1574]' for 'GET' to 'http://localhost:1574/session/23fa3fe567da674f9c5dc2ce5588ed74/element/27F13218C9DA61B6882E689A845AECE8_element_11/name'
23:00:40.984 [Forwarding getElementTagName on session 23fa3fe567da674f9c5dc2ce5588ed74 to remote] DEBUG org.asynchttpclient.netty.request.NettyRequestSender - Using open Channel [id: 0x300c7eef, L:/127.0.0.1:54565 - R:localhost/127.0.0.1:1574] for GET '/session/23fa3fe567da674f9c5dc2ce5588ed74/element/27F13218C9DA61B6882E689A845AECE8_element_11/name'
23:00:40.992 [AsyncHttpClient-1-23] DEBUG org.asynchttpclient.netty.handler.HttpHandler - 

Request DefaultFullHttpRequest(decodeResult: success, version: HTTP/1.1, content: EmptyByteBufBE)
GET /session/23fa3fe567da674f9c5dc2ce5588ed74/element/27F13218C9DA61B6882E689A845AECE8_element_11/name HTTP/1.1
User-Agent: selenium/4.8.1 (java windows)
Cache-Control: no-cache
Content-Type: application/json; charset=utf-8
host: localhost:1574
accept: */*

Response DefaultHttpResponse(decodeResult: success, version: HTTP/1.1)
HTTP/1.1 200 OK
Content-Length: 18
Content-Type: application/json; charset=utf-8
cache-control: no-cache

23:00:40.992 [AsyncHttpClient-1-23] DEBUG org.asynchttpclient.netty.channel.ChannelManager - Adding key: http://localhost:1574 for channel [id: 0x300c7eef, L:/127.0.0.1:54565 - R:localhost/127.0.0.1:1574]
23:00:40.994 [Forwarding isElementEnabled on session 23fa3fe567da674f9c5dc2ce5588ed74 to remote] DEBUG org.asynchttpclient.netty.request.NettyRequestSender - Using pooled Channel '[id: 0x300c7eef, L:/127.0.0.1:54565 - R:localhost/127.0.0.1:1574]' for 'GET' to 'http://localhost:1574/session/23fa3fe567da674f9c5dc2ce5588ed74/element/27F13218C9DA61B6882E689A845AECE8_element_11/enabled'
23:00:40.994 [Forwarding isElementEnabled on session 23fa3fe567da674f9c5dc2ce5588ed74 to remote] DEBUG org.asynchttpclient.netty.request.NettyRequestSender - Using open Channel [id: 0x300c7eef, L:/127.0.0.1:54565 - R:localhost/127.0.0.1:1574] for GET '/session/23fa3fe567da674f9c5dc2ce5588ed74/element/27F13218C9DA61B6882E689A845AECE8_element_11/enabled'
23:00:41.005 [AsyncHttpClient-1-23] DEBUG org.asynchttpclient.netty.handler.HttpHandler - 

Request DefaultFullHttpRequest(decodeResult: success, version: HTTP/1.1, content: EmptyByteBufBE)
GET /session/23fa3fe567da674f9c5dc2ce5588ed74/element/27F13218C9DA61B6882E689A845AECE8_element_11/enabled HTTP/1.1
User-Agent: selenium/4.8.1 (java windows)
Cache-Control: no-cache
Content-Type: application/json; charset=utf-8
host: localhost:1574
accept: */*

Response DefaultHttpResponse(decodeResult: success, version: HTTP/1.1)
HTTP/1.1 200 OK
Content-Length: 14
Content-Type: application/json; charset=utf-8
cache-control: no-cache

23:00:41.005 [AsyncHttpClient-1-23] DEBUG org.asynchttpclient.netty.channel.ChannelManager - Adding key: http://localhost:1574 for channel [id: 0x300c7eef, L:/127.0.0.1:54565 - R:localhost/127.0.0.1:1574]
23:00:41.006 [Forwarding isElementEnabled on session 23fa3fe567da674f9c5dc2ce5588ed74 to remote] DEBUG org.asynchttpclient.netty.request.NettyRequestSender - Using pooled Channel '[id: 0x300c7eef, L:/127.0.0.1:54565 - R:localhost/127.0.0.1:1574]' for 'GET' to 'http://localhost:1574/session/23fa3fe567da674f9c5dc2ce5588ed74/element/27F13218C9DA61B6882E689A845AECE8_element_11/enabled'
23:00:41.006 [Forwarding isElementEnabled on session 23fa3fe567da674f9c5dc2ce5588ed74 to remote] DEBUG org.asynchttpclient.netty.request.NettyRequestSender - Using open Channel [id: 0x300c7eef, L:/127.0.0.1:54565 - R:localhost/127.0.0.1:1574] for GET '/session/23fa3fe567da674f9c5dc2ce5588ed74/element/27F13218C9DA61B6882E689A845AECE8_element_11/enabled'
23:00:41.015 [AsyncHttpClient-1-23] DEBUG org.asynchttpclient.netty.handler.HttpHandler - 

Request DefaultFullHttpRequest(decodeResult: success, version: HTTP/1.1, content: EmptyByteBufBE)
GET /session/23fa3fe567da674f9c5dc2ce5588ed74/element/27F13218C9DA61B6882E689A845AECE8_element_11/enabled HTTP/1.1
User-Agent: selenium/4.8.1 (java windows)
Cache-Control: no-cache
Content-Type: application/json; charset=utf-8
host: localhost:1574
accept: */*

Response DefaultHttpResponse(decodeResult: success, version: HTTP/1.1)
HTTP/1.1 200 OK
Content-Length: 14
Content-Type: application/json; charset=utf-8
cache-control: no-cache

23:00:41.015 [AsyncHttpClient-1-23] DEBUG org.asynchttpclient.netty.channel.ChannelManager - Adding key: http://localhost:1574 for channel [id: 0x300c7eef, L:/127.0.0.1:54565 - R:localhost/127.0.0.1:1574]
23:00:41.017 [Forwarding findElement on session 23fa3fe567da674f9c5dc2ce5588ed74 to remote] DEBUG org.asynchttpclient.netty.request.NettyRequestSender - Using pooled Channel '[id: 0x300c7eef, L:/127.0.0.1:54565 - R:localhost/127.0.0.1:1574]' for 'POST' to 'http://localhost:1574/session/23fa3fe567da674f9c5dc2ce5588ed74/element'
23:00:41.017 [Forwarding findElement on session 23fa3fe567da674f9c5dc2ce5588ed74 to remote] DEBUG org.asynchttpclient.netty.request.NettyRequestSender - Using open Channel [id: 0x300c7eef, L:/127.0.0.1:54565 - R:localhost/127.0.0.1:1574] for POST '/session/23fa3fe567da674f9c5dc2ce5588ed74/element'
23:00:41.035 [AsyncHttpClient-1-23] DEBUG org.asynchttpclient.netty.handler.HttpHandler - 

Request DefaultHttpRequest(decodeResult: success, version: HTTP/1.1)
POST /session/23fa3fe567da674f9c5dc2ce5588ed74/element HTTP/1.1
User-Agent: selenium/4.8.1 (java windows)
Content-Length: 113
Content-Type: application/json; charset=utf-8
host: localhost:1574
accept: */*

Response DefaultHttpResponse(decodeResult: success, version: HTTP/1.1)
HTTP/1.1 200 OK
Content-Length: 95
Content-Type: application/json; charset=utf-8
cache-control: no-cache

23:00:41.035 [AsyncHttpClient-1-23] DEBUG org.asynchttpclient.netty.channel.ChannelManager - Adding key: http://localhost:1574 for channel [id: 0x300c7eef, L:/127.0.0.1:54565 - R:localhost/127.0.0.1:1574]
23:00:41.035 [Forwarding clickElement on session 23fa3fe567da674f9c5dc2ce5588ed74 to remote] DEBUG org.asynchttpclient.netty.request.NettyRequestSender - Using pooled Channel '[id: 0x300c7eef, L:/127.0.0.1:54565 - R:localhost/127.0.0.1:1574]' for 'POST' to 'http://localhost:1574/session/23fa3fe567da674f9c5dc2ce5588ed74/element/27F13218C9DA61B6882E689A845AECE8_element_11/click'
23:00:41.035 [Forwarding clickElement on session 23fa3fe567da674f9c5dc2ce5588ed74 to remote] DEBUG org.asynchttpclient.netty.request.NettyRequestSender - Using open Channel [id: 0x300c7eef, L:/127.0.0.1:54565 - R:localhost/127.0.0.1:1574] for POST '/session/23fa3fe567da674f9c5dc2ce5588ed74/element/27F13218C9DA61B6882E689A845AECE8_element_11/click'
23:00:41.097 [AsyncHttpClient-1-1] DEBUG org.asynchttpclient.netty.channel.DefaultChannelPool - Entry count for : http://localhost:54566 : 1
23:00:41.180 [AsyncHttpClient-1-23] DEBUG org.asynchttpclient.netty.handler.HttpHandler - 

Request DefaultHttpRequest(decodeResult: success, version: HTTP/1.1)
POST /session/23fa3fe567da674f9c5dc2ce5588ed74/element/27F13218C9DA61B6882E689A845AECE8_element_11/click HTTP/1.1
User-Agent: selenium/4.8.1 (java windows)
Content-Length: 57
Content-Type: application/json; charset=utf-8
host: localhost:1574
accept: */*

Response DefaultHttpResponse(decodeResult: success, version: HTTP/1.1)
HTTP/1.1 200 OK
Content-Length: 14
Content-Type: application/json; charset=utf-8
cache-control: no-cache

23:00:41.180 [AsyncHttpClient-1-23] DEBUG org.asynchttpclient.netty.channel.ChannelManager - Adding key: http://localhost:1574 for channel [id: 0x300c7eef, L:/127.0.0.1:54565 - R:localhost/127.0.0.1:1574]
23:00:41.186 [Forwarding getAlertText on session 23fa3fe567da674f9c5dc2ce5588ed74 to remote] DEBUG org.asynchttpclient.netty.request.NettyRequestSender - Using pooled Channel '[id: 0x300c7eef, L:/127.0.0.1:54565 - R:localhost/127.0.0.1:1574]' for 'GET' to 'http://localhost:1574/session/23fa3fe567da674f9c5dc2ce5588ed74/alert/text'
23:00:41.186 [Forwarding getAlertText on session 23fa3fe567da674f9c5dc2ce5588ed74 to remote] DEBUG org.asynchttpclient.netty.request.NettyRequestSender - Using open Channel [id: 0x300c7eef, L:/127.0.0.1:54565 - R:localhost/127.0.0.1:1574] for GET '/session/23fa3fe567da674f9c5dc2ce5588ed74/alert/text'
23:00:41.188 [AsyncHttpClient-1-23] DEBUG org.asynchttpclient.netty.handler.HttpHandler - 

Request DefaultFullHttpRequest(decodeResult: success, version: HTTP/1.1, content: EmptyByteBufBE)
GET /session/23fa3fe567da674f9c5dc2ce5588ed74/alert/text HTTP/1.1
User-Agent: selenium/4.8.1 (java windows)
Cache-Control: no-cache
Content-Type: application/json; charset=utf-8
host: localhost:1574
accept: */*

Response DefaultHttpResponse(decodeResult: success, version: HTTP/1.1)
HTTP/1.1 404 Not Found
Content-Length: 820
Content-Type: application/json; charset=utf-8
cache-control: no-cache

23:00:41.188 [AsyncHttpClient-1-23] DEBUG org.asynchttpclient.netty.channel.ChannelManager - Adding key: http://localhost:1574 for channel [id: 0x300c7eef, L:/127.0.0.1:54565 - R:localhost/127.0.0.1:1574]
23:00:41.189 [Forwarding getCurrentUrl on session 23fa3fe567da674f9c5dc2ce5588ed74 to remote] DEBUG org.asynchttpclient.netty.request.NettyRequestSender - Using pooled Channel '[id: 0x300c7eef, L:/127.0.0.1:54565 - R:localhost/127.0.0.1:1574]' for 'GET' to 'http://localhost:1574/session/23fa3fe567da674f9c5dc2ce5588ed74/url'
23:00:41.189 [Forwarding getCurrentUrl on session 23fa3fe567da674f9c5dc2ce5588ed74 to remote] DEBUG org.asynchttpclient.netty.request.NettyRequestSender - Using open Channel [id: 0x300c7eef, L:/127.0.0.1:54565 - R:localhost/127.0.0.1:1574] for GET '/session/23fa3fe567da674f9c5dc2ce5588ed74/url'
23:00:41.201 [AsyncHttpClient-1-23] DEBUG org.asynchttpclient.netty.handler.HttpHandler - 

Request DefaultFullHttpRequest(decodeResult: success, version: HTTP/1.1, content: EmptyByteBufBE)
GET /session/23fa3fe567da674f9c5dc2ce5588ed74/url HTTP/1.1
User-Agent: selenium/4.8.1 (java windows)
Cache-Control: no-cache
Content-Type: application/json; charset=utf-8
host: localhost:1574
accept: */*

Response DefaultHttpResponse(decodeResult: success, version: HTTP/1.1)
HTTP/1.1 200 OK
Content-Length: 41
Content-Type: application/json; charset=utf-8
cache-control: no-cache

23:00:41.201 [AsyncHttpClient-1-23] DEBUG org.asynchttpclient.netty.channel.ChannelManager - Adding key: http://localhost:1574 for channel [id: 0x300c7eef, L:/127.0.0.1:54565 - R:localhost/127.0.0.1:1574]
23:00:41.202 [Forwarding screenshot on session 23fa3fe567da674f9c5dc2ce5588ed74 to remote] DEBUG org.asynchttpclient.netty.request.NettyRequestSender - Using pooled Channel '[id: 0x300c7eef, L:/127.0.0.1:54565 - R:localhost/127.0.0.1:1574]' for 'GET' to 'http://localhost:1574/session/23fa3fe567da674f9c5dc2ce5588ed74/screenshot'
23:00:41.202 [Forwarding screenshot on session 23fa3fe567da674f9c5dc2ce5588ed74 to remote] DEBUG org.asynchttpclient.netty.request.NettyRequestSender - Using open Channel [id: 0x300c7eef, L:/127.0.0.1:54565 - R:localhost/127.0.0.1:1574] for GET '/session/23fa3fe567da674f9c5dc2ce5588ed74/screenshot'
23:00:41.489 [AsyncHttpClient-1-23] DEBUG org.asynchttpclient.netty.handler.HttpHandler - 

Request DefaultFullHttpRequest(decodeResult: success, version: HTTP/1.1, content: EmptyByteBufBE)
GET /session/23fa3fe567da674f9c5dc2ce5588ed74/screenshot HTTP/1.1
User-Agent: selenium/4.8.1 (java windows)
Cache-Control: no-cache
Content-Type: application/json; charset=utf-8
host: localhost:1574
accept: */*

Response DefaultHttpResponse(decodeResult: success, version: HTTP/1.1)
HTTP/1.1 200 OK
Content-Length: 88196
Content-Type: application/json; charset=utf-8
cache-control: no-cache

23:00:41.490 [AsyncHttpClient-1-23] DEBUG org.asynchttpclient.netty.channel.ChannelManager - Adding key: http://localhost:1574 for channel [id: 0x300c7eef, L:/127.0.0.1:54565 - R:localhost/127.0.0.1:1574]
23:00:41.493 [main] DEBUG net.serenitybdd.core.photography.Darkroom - Send negative for processing for target\site\serenity\372c491b171ebe2d4f3804436de1f7b35c8b983e73bbd6333d6400735b7de80b.png
23:00:41.493 [main] DEBUG net.thucydides.core.steps.StepInterceptor - STEP DONE: clickBeliProduk2
  &amp#27;[32mAnd &amp#27;[0m&amp#27;[32mI click buy button on product 2&amp#27;[0m       &amp#27;[90m# starter.stepdefinitions.HomepageSteps.clickBuyButton2()&amp#27;[0m
23:00:41.494 [Darkroom Processing Line] DEBUG net.serenitybdd.core.photography.DarkroomProcessingLine - Processing screenshot image in /var/screenshots/screenshot-8953209525325657880
23:00:41.494 [Darkroom Processing Line] DEBUG net.serenitybdd.core.photography.DarkroomProcessingLine - Saving screenshot to target\site\serenity\372c491b171ebe2d4f3804436de1f7b35c8b983e73bbd6333d6400735b7de80b.png
23:00:41.500 [Forwarding getPageSource on session 23fa3fe567da674f9c5dc2ce5588ed74 to remote] DEBUG org.asynchttpclient.netty.request.NettyRequestSender - Using pooled Channel '[id: 0x300c7eef, L:/127.0.0.1:54565 - R:localhost/127.0.0.1:1574]' for 'POST' to 'http://localhost:1574/session/23fa3fe567da674f9c5dc2ce5588ed74/execute/sync'
23:00:41.500 [Forwarding getPageSource on session 23fa3fe567da674f9c5dc2ce5588ed74 to remote] DEBUG org.asynchttpclient.netty.request.NettyRequestSender - Using open Channel [id: 0x300c7eef, L:/127.0.0.1:54565 - R:localhost/127.0.0.1:1574] for POST '/session/23fa3fe567da674f9c5dc2ce5588ed74/execute/sync'
23:00:41.564 [AsyncHttpClient-1-23] DEBUG org.asynchttpclient.netty.handler.HttpHandler - 

Request DefaultHttpRequest(decodeResult: success, version: HTTP/1.1)
POST /session/23fa3fe567da674f9c5dc2ce5588ed74/execute/sync HTTP/1.1
User-Agent: selenium/4.8.1 (java windows)
Content-Length: 176
Content-Type: application/json; charset=utf-8
host: localhost:1574
accept: */*

Response DefaultHttpResponse(decodeResult: success, version: HTTP/1.1)
HTTP/1.1 200 OK
Content-Length: 817321
Content-Type: application/json; charset=utf-8
cache-control: no-cache

23:00:41.564 [AsyncHttpClient-1-23] DEBUG org.asynchttpclient.netty.channel.ChannelManager - Adding key: http://localhost:1574 for channel [id: 0x300c7eef, L:/127.0.0.1:54565 - R:localhost/127.0.0.1:1574]
23:00:41.663 [Forwarding getCurrentUrl on session 23fa3fe567da674f9c5dc2ce5588ed74 to remote] DEBUG org.asynchttpclient.netty.request.NettyRequestSender - Using pooled Channel '[id: 0x300c7eef, L:/127.0.0.1:54565 - R:localhost/127.0.0.1:1574]' for 'GET' to 'http://localhost:1574/session/23fa3fe567da674f9c5dc2ce5588ed74/url'
23:00:41.663 [Forwarding getCurrentUrl on session 23fa3fe567da674f9c5dc2ce5588ed74 to remote] DEBUG org.asynchttpclient.netty.request.NettyRequestSender - Using open Channel [id: 0x300c7eef, L:/127.0.0.1:54565 - R:localhost/127.0.0.1:1574] for GET '/session/23fa3fe567da674f9c5dc2ce5588ed74/url'
23:00:41.669 [AsyncHttpClient-1-23] DEBUG org.asynchttpclient.netty.handler.HttpHandler - 

Request DefaultFullHttpRequest(decodeResult: success, version: HTTP/1.1, content: EmptyByteBufBE)
GET /session/23fa3fe567da674f9c5dc2ce5588ed74/url HTTP/1.1
User-Agent: selenium/4.8.1 (java windows)
Cache-Control: no-cache
Content-Type: application/json; charset=utf-8
host: localhost:1574
accept: */*

Response DefaultHttpResponse(decodeResult: success, version: HTTP/1.1)
HTTP/1.1 200 OK
Content-Length: 41
Content-Type: application/json; charset=utf-8
cache-control: no-cache

23:00:41.670 [AsyncHttpClient-1-23] DEBUG org.asynchttpclient.netty.channel.ChannelManager - Adding key: http://localhost:1574 for channel [id: 0x300c7eef, L:/127.0.0.1:54565 - R:localhost/127.0.0.1:1574]
23:00:41.680 [Forwarding getAlertText on session 23fa3fe567da674f9c5dc2ce5588ed74 to remote] DEBUG org.asynchttpclient.netty.request.NettyRequestSender - Using pooled Channel '[id: 0x300c7eef, L:/127.0.0.1:54565 - R:localhost/127.0.0.1:1574]' for 'GET' to 'http://localhost:1574/session/23fa3fe567da674f9c5dc2ce5588ed74/alert/text'
23:00:41.680 [Forwarding getAlertText on session 23fa3fe567da674f9c5dc2ce5588ed74 to remote] DEBUG org.asynchttpclient.netty.request.NettyRequestSender - Using open Channel [id: 0x300c7eef, L:/127.0.0.1:54565 - R:localhost/127.0.0.1:1574] for GET '/session/23fa3fe567da674f9c5dc2ce5588ed74/alert/text'
23:00:41.682 [AsyncHttpClient-1-23] DEBUG org.asynchttpclient.netty.handler.HttpHandler - 

Request DefaultFullHttpRequest(decodeResult: success, version: HTTP/1.1, content: EmptyByteBufBE)
GET /session/23fa3fe567da674f9c5dc2ce5588ed74/alert/text HTTP/1.1
User-Agent: selenium/4.8.1 (java windows)
Cache-Control: no-cache
Content-Type: application/json; charset=utf-8
host: localhost:1574
accept: */*

Response DefaultHttpResponse(decodeResult: success, version: HTTP/1.1)
HTTP/1.1 404 Not Found
Content-Length: 820
Content-Type: application/json; charset=utf-8
cache-control: no-cache

23:00:41.682 [AsyncHttpClient-1-23] DEBUG org.asynchttpclient.netty.channel.ChannelManager - Adding key: http://localhost:1574 for channel [id: 0x300c7eef, L:/127.0.0.1:54565 - R:localhost/127.0.0.1:1574]
23:00:41.683 [Forwarding getCurrentUrl on session 23fa3fe567da674f9c5dc2ce5588ed74 to remote] DEBUG org.asynchttpclient.netty.request.NettyRequestSender - Using pooled Channel '[id: 0x300c7eef, L:/127.0.0.1:54565 - R:localhost/127.0.0.1:1574]' for 'GET' to 'http://localhost:1574/session/23fa3fe567da674f9c5dc2ce5588ed74/url'
23:00:41.683 [Forwarding getCurrentUrl on session 23fa3fe567da674f9c5dc2ce5588ed74 to remote] DEBUG org.asynchttpclient.netty.request.NettyRequestSender - Using open Channel [id: 0x300c7eef, L:/127.0.0.1:54565 - R:localhost/127.0.0.1:1574] for GET '/session/23fa3fe567da674f9c5dc2ce5588ed74/url'
23:00:41.690 [AsyncHttpClient-1-23] DEBUG org.asynchttpclient.netty.handler.HttpHandler - 

Request DefaultFullHttpRequest(decodeResult: success, version: HTTP/1.1, content: EmptyByteBufBE)
GET /session/23fa3fe567da674f9c5dc2ce5588ed74/url HTTP/1.1
User-Agent: selenium/4.8.1 (java windows)
Cache-Control: no-cache
Content-Type: application/json; charset=utf-8
host: localhost:1574
accept: */*

Response DefaultHttpResponse(decodeResult: success, version: HTTP/1.1)
HTTP/1.1 200 OK
Content-Length: 41
Content-Type: application/json; charset=utf-8
cache-control: no-cache

23:00:41.690 [AsyncHttpClient-1-23] DEBUG org.asynchttpclient.netty.channel.ChannelManager - Adding key: http://localhost:1574 for channel [id: 0x300c7eef, L:/127.0.0.1:54565 - R:localhost/127.0.0.1:1574]
23:00:41.691 [Forwarding screenshot on session 23fa3fe567da674f9c5dc2ce5588ed74 to remote] DEBUG org.asynchttpclient.netty.request.NettyRequestSender - Using pooled Channel '[id: 0x300c7eef, L:/127.0.0.1:54565 - R:localhost/127.0.0.1:1574]' for 'GET' to 'http://localhost:1574/session/23fa3fe567da674f9c5dc2ce5588ed74/screenshot'
23:00:41.691 [Forwarding screenshot on session 23fa3fe567da674f9c5dc2ce5588ed74 to remote] DEBUG org.asynchttpclient.netty.request.NettyRequestSender - Using open Channel [id: 0x300c7eef, L:/127.0.0.1:54565 - R:localhost/127.0.0.1:1574] for GET '/session/23fa3fe567da674f9c5dc2ce5588ed74/screenshot'
23:00:41.827 [AsyncHttpClient-1-23] DEBUG org.asynchttpclient.netty.handler.HttpHandler - 

Request DefaultFullHttpRequest(decodeResult: success, version: HTTP/1.1, content: EmptyByteBufBE)
GET /session/23fa3fe567da674f9c5dc2ce5588ed74/screenshot HTTP/1.1
User-Agent: selenium/4.8.1 (java windows)
Cache-Control: no-cache
Content-Type: application/json; charset=utf-8
host: localhost:1574
accept: */*

Response DefaultHttpResponse(decodeResult: success, version: HTTP/1.1)
HTTP/1.1 200 OK
Content-Length: 87460
Content-Type: application/json; charset=utf-8
cache-control: no-cache

23:00:41.827 [AsyncHttpClient-1-23] DEBUG org.asynchttpclient.netty.channel.ChannelManager - Adding key: http://localhost:1574 for channel [id: 0x300c7eef, L:/127.0.0.1:54565 - R:localhost/127.0.0.1:1574]
23:00:41.831 [main] DEBUG net.serenitybdd.core.photography.Darkroom - Send negative for processing for target\site\serenity\f4656e30dfc20a136b73595a8ae6314ffd90ad055c987069eb7c22bd0fe53e6a.png
23:00:41.831 [Darkroom Processing Line] DEBUG net.serenitybdd.core.photography.DarkroomProcessingLine - Processing screenshot image in /var/screenshots/screenshot-161868623813021005
23:00:41.831 [Darkroom Processing Line] DEBUG net.serenitybdd.core.photography.DarkroomProcessingLine - Saving screenshot to target\site\serenity\f4656e30dfc20a136b73595a8ae6314ffd90ad055c987069eb7c22bd0fe53e6a.png
23:00:41.832 [Forwarding getPageSource on session 23fa3fe567da674f9c5dc2ce5588ed74 to remote] DEBUG org.asynchttpclient.netty.request.NettyRequestSender - Using pooled Channel '[id: 0x300c7eef, L:/127.0.0.1:54565 - R:localhost/127.0.0.1:1574]' for 'POST' to 'http://localhost:1574/session/23fa3fe567da674f9c5dc2ce5588ed74/execute/sync'
23:00:41.832 [Forwarding getPageSource on session 23fa3fe567da674f9c5dc2ce5588ed74 to remote] DEBUG org.asynchttpclient.netty.request.NettyRequestSender - Using open Channel [id: 0x300c7eef, L:/127.0.0.1:54565 - R:localhost/127.0.0.1:1574] for POST '/session/23fa3fe567da674f9c5dc2ce5588ed74/execute/sync'
23:00:41.890 [AsyncHttpClient-1-23] DEBUG org.asynchttpclient.netty.handler.HttpHandler - 

Request DefaultHttpRequest(decodeResult: success, version: HTTP/1.1)
POST /session/23fa3fe567da674f9c5dc2ce5588ed74/execute/sync HTTP/1.1
User-Agent: selenium/4.8.1 (java windows)
Content-Length: 176
Content-Type: application/json; charset=utf-8
host: localhost:1574
accept: */*

Response DefaultHttpResponse(decodeResult: success, version: HTTP/1.1)
HTTP/1.1 200 OK
Content-Length: 817003
Content-Type: application/json; charset=utf-8
cache-control: no-cache

23:00:41.891 [AsyncHttpClient-1-23] DEBUG org.asynchttpclient.netty.channel.ChannelManager - Adding key: http://localhost:1574 for channel [id: 0x300c7eef, L:/127.0.0.1:54565 - R:localhost/127.0.0.1:1574]
23:00:41.980 [Forwarding getCurrentUrl on session 23fa3fe567da674f9c5dc2ce5588ed74 to remote] DEBUG org.asynchttpclient.netty.request.NettyRequestSender - Using pooled Channel '[id: 0x300c7eef, L:/127.0.0.1:54565 - R:localhost/127.0.0.1:1574]' for 'GET' to 'http://localhost:1574/session/23fa3fe567da674f9c5dc2ce5588ed74/url'
23:00:41.980 [Forwarding getCurrentUrl on session 23fa3fe567da674f9c5dc2ce5588ed74 to remote] DEBUG org.asynchttpclient.netty.request.NettyRequestSender - Using open Channel [id: 0x300c7eef, L:/127.0.0.1:54565 - R:localhost/127.0.0.1:1574] for GET '/session/23fa3fe567da674f9c5dc2ce5588ed74/url'
23:00:41.986 [AsyncHttpClient-1-23] DEBUG org.asynchttpclient.netty.handler.HttpHandler - 

Request DefaultFullHttpRequest(decodeResult: success, version: HTTP/1.1, content: EmptyByteBufBE)
GET /session/23fa3fe567da674f9c5dc2ce5588ed74/url HTTP/1.1
User-Agent: selenium/4.8.1 (java windows)
Cache-Control: no-cache
Content-Type: application/json; charset=utf-8
host: localhost:1574
accept: */*

Response DefaultHttpResponse(decodeResult: success, version: HTTP/1.1)
HTTP/1.1 200 OK
Content-Length: 41
Content-Type: application/json; charset=utf-8
cache-control: no-cache

23:00:41.986 [AsyncHttpClient-1-23] DEBUG org.asynchttpclient.netty.channel.ChannelManager - Adding key: http://localhost:1574 for channel [id: 0x300c7eef, L:/127.0.0.1:54565 - R:localhost/127.0.0.1:1574]
23:00:41.989 [main] DEBUG net.thucydides.core.steps.StepInterceptor - STARTING STEP: HomepageSteps.seeProductToCart - validatePopUp
23:00:41.991 [Forwarding findElement on session 23fa3fe567da674f9c5dc2ce5588ed74 to remote] DEBUG org.asynchttpclient.netty.request.NettyRequestSender - Using pooled Channel '[id: 0x300c7eef, L:/127.0.0.1:54565 - R:localhost/127.0.0.1:1574]' for 'POST' to 'http://localhost:1574/session/23fa3fe567da674f9c5dc2ce5588ed74/element'
23:00:41.991 [Forwarding findElement on session 23fa3fe567da674f9c5dc2ce5588ed74 to remote] DEBUG org.asynchttpclient.netty.request.NettyRequestSender - Using open Channel [id: 0x300c7eef, L:/127.0.0.1:54565 - R:localhost/127.0.0.1:1574] for POST '/session/23fa3fe567da674f9c5dc2ce5588ed74/element'
23:00:42.010 [AsyncHttpClient-1-23] DEBUG org.asynchttpclient.netty.handler.HttpHandler - 

Request DefaultHttpRequest(decodeResult: success, version: HTTP/1.1)
POST /session/23fa3fe567da674f9c5dc2ce5588ed74/element HTTP/1.1
User-Agent: selenium/4.8.1 (java windows)
Content-Length: 148
Content-Type: application/json; charset=utf-8
host: localhost:1574
accept: */*

Response DefaultHttpResponse(decodeResult: success, version: HTTP/1.1)
HTTP/1.1 200 OK
Content-Length: 95
Content-Type: application/json; charset=utf-8
cache-control: no-cache

23:00:42.010 [AsyncHttpClient-1-23] DEBUG org.asynchttpclient.netty.channel.ChannelManager - Adding key: http://localhost:1574 for channel [id: 0x300c7eef, L:/127.0.0.1:54565 - R:localhost/127.0.0.1:1574]
23:00:42.012 [Forwarding isElementDisplayed on session 23fa3fe567da674f9c5dc2ce5588ed74 to remote] DEBUG org.asynchttpclient.netty.request.NettyRequestSender - Using pooled Channel '[id: 0x300c7eef, L:/127.0.0.1:54565 - R:localhost/127.0.0.1:1574]' for 'POST' to 'http://localhost:1574/session/23fa3fe567da674f9c5dc2ce5588ed74/execute/sync'
23:00:42.012 [Forwarding isElementDisplayed on session 23fa3fe567da674f9c5dc2ce5588ed74 to remote] DEBUG org.asynchttpclient.netty.request.NettyRequestSender - Using open Channel [id: 0x300c7eef, L:/127.0.0.1:54565 - R:localhost/127.0.0.1:1574] for POST '/session/23fa3fe567da674f9c5dc2ce5588ed74/execute/sync'
23:00:42.027 [AsyncHttpClient-1-23] DEBUG org.asynchttpclient.netty.handler.HttpHandler - 

Request DefaultHttpRequest(decodeResult: success, version: HTTP/1.1)
POST /session/23fa3fe567da674f9c5dc2ce5588ed74/execute/sync HTTP/1.1
User-Agent: selenium/4.8.1 (java windows)
Content-Length: 48814
Content-Type: application/json; charset=utf-8
host: localhost:1574
accept: */*

Response DefaultHttpResponse(decodeResult: success, version: HTTP/1.1)
HTTP/1.1 200 OK
Content-Length: 14
Content-Type: application/json; charset=utf-8
cache-control: no-cache

23:00:42.027 [AsyncHttpClient-1-23] DEBUG org.asynchttpclient.netty.channel.ChannelManager - Adding key: http://localhost:1574 for channel [id: 0x300c7eef, L:/127.0.0.1:54565 - R:localhost/127.0.0.1:1574]
23:00:42.030 [Forwarding getAlertText on session 23fa3fe567da674f9c5dc2ce5588ed74 to remote] DEBUG org.asynchttpclient.netty.request.NettyRequestSender - Using pooled Channel '[id: 0x300c7eef, L:/127.0.0.1:54565 - R:localhost/127.0.0.1:1574]' for 'GET' to 'http://localhost:1574/session/23fa3fe567da674f9c5dc2ce5588ed74/alert/text'
23:00:42.030 [Forwarding getAlertText on session 23fa3fe567da674f9c5dc2ce5588ed74 to remote] DEBUG org.asynchttpclient.netty.request.NettyRequestSender - Using open Channel [id: 0x300c7eef, L:/127.0.0.1:54565 - R:localhost/127.0.0.1:1574] for GET '/session/23fa3fe567da674f9c5dc2ce5588ed74/alert/text'
23:00:42.032 [AsyncHttpClient-1-23] DEBUG org.asynchttpclient.netty.handler.HttpHandler - 

Request DefaultFullHttpRequest(decodeResult: success, version: HTTP/1.1, content: EmptyByteBufBE)
GET /session/23fa3fe567da674f9c5dc2ce5588ed74/alert/text HTTP/1.1
User-Agent: selenium/4.8.1 (java windows)
Cache-Control: no-cache
Content-Type: application/json; charset=utf-8
host: localhost:1574
accept: */*

Response DefaultHttpResponse(decodeResult: success, version: HTTP/1.1)
HTTP/1.1 404 Not Found
Content-Length: 820
Content-Type: application/json; charset=utf-8
cache-control: no-cache

23:00:42.032 [AsyncHttpClient-1-23] DEBUG org.asynchttpclient.netty.channel.ChannelManager - Adding key: http://localhost:1574 for channel [id: 0x300c7eef, L:/127.0.0.1:54565 - R:localhost/127.0.0.1:1574]
23:00:42.033 [Forwarding getCurrentUrl on session 23fa3fe567da674f9c5dc2ce5588ed74 to remote] DEBUG org.asynchttpclient.netty.request.NettyRequestSender - Using pooled Channel '[id: 0x300c7eef, L:/127.0.0.1:54565 - R:localhost/127.0.0.1:1574]' for 'GET' to 'http://localhost:1574/session/23fa3fe567da674f9c5dc2ce5588ed74/url'
23:00:42.033 [Forwarding getCurrentUrl on session 23fa3fe567da674f9c5dc2ce5588ed74 to remote] DEBUG org.asynchttpclient.netty.request.NettyRequestSender - Using open Channel [id: 0x300c7eef, L:/127.0.0.1:54565 - R:localhost/127.0.0.1:1574] for GET '/session/23fa3fe567da674f9c5dc2ce5588ed74/url'
23:00:42.040 [AsyncHttpClient-1-23] DEBUG org.asynchttpclient.netty.handler.HttpHandler - 

Request DefaultFullHttpRequest(decodeResult: success, version: HTTP/1.1, content: EmptyByteBufBE)
GET /session/23fa3fe567da674f9c5dc2ce5588ed74/url HTTP/1.1
User-Agent: selenium/4.8.1 (java windows)
Cache-Control: no-cache
Content-Type: application/json; charset=utf-8
host: localhost:1574
accept: */*

Response DefaultHttpResponse(decodeResult: success, version: HTTP/1.1)
HTTP/1.1 200 OK
Content-Length: 41
Content-Type: application/json; charset=utf-8
cache-control: no-cache

23:00:42.040 [AsyncHttpClient-1-23] DEBUG org.asynchttpclient.netty.channel.ChannelManager - Adding key: http://localhost:1574 for channel [id: 0x300c7eef, L:/127.0.0.1:54565 - R:localhost/127.0.0.1:1574]
23:00:42.040 [Forwarding screenshot on session 23fa3fe567da674f9c5dc2ce5588ed74 to remote] DEBUG org.asynchttpclient.netty.request.NettyRequestSender - Using pooled Channel '[id: 0x300c7eef, L:/127.0.0.1:54565 - R:localhost/127.0.0.1:1574]' for 'GET' to 'http://localhost:1574/session/23fa3fe567da674f9c5dc2ce5588ed74/screenshot'
23:00:42.040 [Forwarding screenshot on session 23fa3fe567da674f9c5dc2ce5588ed74 to remote] DEBUG org.asynchttpclient.netty.request.NettyRequestSender - Using open Channel [id: 0x300c7eef, L:/127.0.0.1:54565 - R:localhost/127.0.0.1:1574] for GET '/session/23fa3fe567da674f9c5dc2ce5588ed74/screenshot'
23:00:42.154 [AsyncHttpClient-1-23] DEBUG org.asynchttpclient.netty.handler.HttpHandler - 

Request DefaultFullHttpRequest(decodeResult: success, version: HTTP/1.1, content: EmptyByteBufBE)
GET /session/23fa3fe567da674f9c5dc2ce5588ed74/screenshot HTTP/1.1
User-Agent: selenium/4.8.1 (java windows)
Cache-Control: no-cache
Content-Type: application/json; charset=utf-8
host: localhost:1574
accept: */*

Response DefaultHttpResponse(decodeResult: success, version: HTTP/1.1)
HTTP/1.1 200 OK
Content-Length: 87460
Content-Type: application/json; charset=utf-8
cache-control: no-cache

23:00:42.155 [AsyncHttpClient-1-23] DEBUG org.asynchttpclient.netty.channel.ChannelManager - Adding key: http://localhost:1574 for channel [id: 0x300c7eef, L:/127.0.0.1:54565 - R:localhost/127.0.0.1:1574]
23:00:42.158 [main] DEBUG net.serenitybdd.core.photography.Darkroom - Send negative for processing for target\site\serenity\f4656e30dfc20a136b73595a8ae6314ffd90ad055c987069eb7c22bd0fe53e6a.png
23:00:42.158 [main] DEBUG net.thucydides.core.steps.StepInterceptor - STEP DONE: validatePopUp
  &amp#27;[32mThen &amp#27;[0m&amp#27;[32mI see the pop up product add to cart&amp#27;[0m &amp#27;[90m# starter.stepdefinitions.HomepageSteps.seeProductToCart()&amp#27;[0m
23:00:42.162 [main] INFO  - 
  _____   ___   ___   _____     ___     _     ___   ___   ___   ___  
 |_   _| | __| / __| |_   _|   | _ \   /_\   / __| / __| | __| |   \ 
   | |   | _|  \__ \   | |     |  _/  / _ \  \__ \ \__ \ | _|  | |) |
   |_|   |___| |___/   |_|     |_|   /_/ \_\ |___/ |___/ |___| |___/ 

Add two different in cart
----------------------------------------------------------------------
23:00:42.163 [Driver Command Executor] DEBUG org.asynchttpclient.netty.request.NettyRequestSender - Using pooled Channel '[id: 0x300c7eef, L:/127.0.0.1:54565 - R:localhost/127.0.0.1:1574]' for 'DELETE' to 'http://localhost:1574/session/23fa3fe567da674f9c5dc2ce5588ed74'
23:00:42.163 [Driver Command Executor] DEBUG org.asynchttpclient.netty.request.NettyRequestSender - Using open Channel [id: 0x300c7eef, L:/127.0.0.1:54565 - R:localhost/127.0.0.1:1574] for DELETE '/session/23fa3fe567da674f9c5dc2ce5588ed74'
23:00:42.163 [AsyncHttpClient-1-25] DEBUG org.asynchttpclient.netty.handler.WebSocketHandler - Channel Closed: [id: 0x7a4798f3, L:/127.0.0.1:54573 ! R:localhost/127.0.0.1:54566] with attribute NettyResponseFuture{currentRetry=0,
	isDone=1,
	isCancelled=0,
	asyncHandler=org.asynchttpclient.ws.WebSocketUpgradeHandler@748272b4,
	nettyRequest=org.asynchttpclient.netty.request.NettyRequest@67fd5c7e,
	future=java.util.concurrent.CompletableFuture@5ceb269a[Completed normally],
	uri=ws://localhost:54566/devtools/browser/e3a48e57-5e9a-4d86-b5b6-f9ed80ac702e,
	keepAlive=true,
	redirectCount=0,
	timeoutsHolder=null,
	inAuth=0,
	touch=1683561635524}
23:00:42.164 [AsyncHttpClient-1-25] DEBUG org.asynchttpclient.netty.channel.ChannelManager - Closing Channel [id: 0x7a4798f3, L:/127.0.0.1:54573 ! R:localhost/127.0.0.1:54566] 
23:00:42.202 [AsyncHttpClient-1-1] DEBUG org.asynchttpclient.netty.channel.DefaultChannelPool - Entry count for : http://localhost:54566 : 1
23:00:42.358 [AsyncHttpClient-1-24] DEBUG org.asynchttpclient.netty.handler.HttpHandler - Unexpected I/O exception on channel [id: 0xec72dc47, L:/127.0.0.1:54572 - R:localhost/127.0.0.1:54566]
java.io.IOException: An existing connection was forcibly closed by the remote host
	at sun.nio.ch.SocketDispatcher.read0(Native Method)
	at sun.nio.ch.SocketDispatcher.read(SocketDispatcher.java:43)
	at sun.nio.ch.IOUtil.readIntoNativeBuffer(IOUtil.java:223)
	at sun.nio.ch.IOUtil.read(IOUtil.java:192)
	at sun.nio.ch.SocketChannelImpl.read(SocketChannelImpl.java:378)
	at io.netty.buffer.PooledByteBuf.setBytes(PooledByteBuf.java:259)
	at io.netty.buffer.AbstractByteBuf.writeBytes(AbstractByteBuf.java:1132)
	at io.netty.channel.socket.nio.NioSocketChannel.doReadBytes(NioSocketChannel.java:357)
	at io.netty.channel.nio.AbstractNioByteChannel$NioByteUnsafe.read(AbstractNioByteChannel.java:151)
	at io.netty.channel.nio.NioEventLoop.processSelectedKey(NioEventLoop.java:788)
	at io.netty.channel.nio.NioEventLoop.processSelectedKeysOptimized(NioEventLoop.java:724)
	at io.netty.channel.nio.NioEventLoop.processSelectedKeys(NioEventLoop.java:650)
	at io.netty.channel.nio.NioEventLoop.run(NioEventLoop.java:562)
	at io.netty.util.concurrent.SingleThreadEventExecutor$4.run(SingleThreadEventExecutor.java:997)
	at io.netty.util.internal.ThreadExecutorMap$2.run(ThreadExecutorMap.java:74)
	at io.netty.util.concurrent.FastThreadLocalRunnable.run(FastThreadLocalRunnable.java:30)
	at java.lang.Thread.run(Thread.java:750)
23:00:42.358 [AsyncHttpClient-1-24] DEBUG org.asynchttpclient.netty.channel.ChannelManager - Closing Channel [id: 0xec72dc47, L:/127.0.0.1:54572 - R:localhost/127.0.0.1:54566] 
23:00:42.358 [AsyncHttpClient-1-24] DEBUG org.asynchttpclient.netty.handler.HttpHandler - Channel Closed: [id: 0xec72dc47, L:/127.0.0.1:54572 ! R:localhost/127.0.0.1:54566] with attribute DISCARD
23:00:42.372 [AsyncHttpClient-1-23] DEBUG org.asynchttpclient.netty.handler.HttpHandler - 

Request DefaultFullHttpRequest(decodeResult: success, version: HTTP/1.1, content: EmptyByteBufBE)
DELETE /session/23fa3fe567da674f9c5dc2ce5588ed74 HTTP/1.1
User-Agent: selenium/4.8.1 (java windows)
Content-Type: application/json; charset=utf-8
host: localhost:1574
accept: */*

Response DefaultHttpResponse(decodeResult: success, version: HTTP/1.1)
HTTP/1.1 200 OK
Content-Length: 14
Content-Type: application/json; charset=utf-8
cache-control: no-cache

23:00:42.372 [AsyncHttpClient-1-23] DEBUG org.asynchttpclient.netty.channel.ChannelManager - Adding key: http://localhost:1574 for channel [id: 0x300c7eef, L:/127.0.0.1:54565 - R:localhost/127.0.0.1:1574]
23:00:42.422 [AsyncHttpClient-1-23] DEBUG org.asynchttpclient.netty.handler.HttpHandler - Channel Closed: [id: 0x300c7eef, L:/127.0.0.1:54565 ! R:localhost/127.0.0.1:1574] with attribute DISCARD
]]></system-out>
    <system-err><![CDATA[Starting ChromeDriver 113.0.5672.63 (0e1a4471d5ae5bf128b1bd8f4d627c8cbd55f70c-refs/branch-heads/5672@{#912}) on port 1574
Only local connections are allowed.
Please see https://chromedriver.chromium.org/security-considerations for suggestions on keeping ChromeDriver safe.
ChromeDriver was started successfully.
May 08, 2023 11:00:35 PM org.openqa.selenium.devtools.CdpVersionFinder findNearestMatch
WARNING: Unable to find an exact match for CDP version 113, so returning the closest version found: 110
]]></system-err>
  </testcase>
  <testcase name="Add three identical in cart" classname="HomePage" time="12.103">
    <system-out><![CDATA[
Scenario: Add three identical in cart       &amp#27;[90m# src/test/resources/features/3.Homepage.feature:27&amp#27;[0m
23:00:42.960 [main] DEBUG io.cucumber.core.plugin.SerenityReporter - Running feature from file:///D:/1.%20QA%20ALTERRA%20ACADEMY/MobileTesting/MiniProjectWEB/src/test/resources/features/3.Homepage.feature
23:00:42.967 [main] INFO  - 
  _____   ___   ___   _____     ___   _____     _     ___   _____   ___   ___  
 |_   _| | __| / __| |_   _|   / __| |_   _|   /_\   | _ \ |_   _| | __| |   \ 
   | |   | _|  \__ \   | |     \__ \   | |    / _ \  |   /   | |   | _|  | |) |
   |_|   |___| |___/   |_|     |___/   |_|   /_/ \_\ |_|_\   |_|   |___| |___/ 

Add three identical in cart(homepage;add-three-identical-in-cart)
--------------------------------------------------------------------------------
23:00:43.195 [main] INFO net.serenitybdd.core.webdriver.driverproviders.ChromeDriverProvider - Starting Chrome driver instance with capabilities:
23:00:43.195 [main] INFO net.serenitybdd.core.webdriver.driverproviders.ChromeDriverProvider - Capabilities {acceptInsecureCerts: false, browserName: chrome, goog:chromeOptions: {args: [remote-allow-origins=*], extensions: []}}
23:00:43.305 [AsyncHttpClient-1-1] DEBUG org.asynchttpclient.netty.channel.DefaultChannelPool - Entry count for : http://localhost:1574 : 1
23:00:43.305 [AsyncHttpClient-1-1] DEBUG org.asynchttpclient.netty.channel.DefaultChannelPool - Entry count for : http://localhost:54566 : 1
23:00:43.305 [AsyncHttpClient-1-1] DEBUG org.asynchttpclient.netty.channel.DefaultChannelPool - Adding Candidate expired Channel [id: 0x300c7eef, L:/127.0.0.1:54565 ! R:localhost/127.0.0.1:1574] isIdleTimeoutExpired=false isRemotelyClosed=true isTtlExpired=false
23:00:43.305 [AsyncHttpClient-1-1] DEBUG org.asynchttpclient.netty.channel.DefaultChannelPool - Closing Idle Channel [id: 0x300c7eef, L:/127.0.0.1:54565 ! R:localhost/127.0.0.1:1574]
23:00:43.305 [AsyncHttpClient-1-1] DEBUG org.asynchttpclient.netty.channel.DefaultChannelPool - Adding Candidate expired Channel [id: 0xec72dc47, L:/127.0.0.1:54572 ! R:localhost/127.0.0.1:54566] isIdleTimeoutExpired=false isRemotelyClosed=true isTtlExpired=false
23:00:43.305 [AsyncHttpClient-1-1] DEBUG org.asynchttpclient.netty.channel.DefaultChannelPool - Closing Idle Channel [id: 0xec72dc47, L:/127.0.0.1:54572 ! R:localhost/127.0.0.1:54566]
23:00:43.305 [AsyncHttpClient-1-1] DEBUG org.asynchttpclient.netty.channel.DefaultChannelPool - Closed 2 connections out of 2 in 0 ms
23:00:44.220 [AsyncHttpClient-1-2] DEBUG org.asynchttpclient.netty.channel.NettyConnectListener - Using new Channel '[id: 0xaa75d4bf, L:/127.0.0.1:54591 - R:localhost/127.0.0.1:23560]' for 'POST' to '/session'
23:00:44.823 [AsyncHttpClient-1-2] DEBUG org.asynchttpclient.netty.handler.HttpHandler - 

Request DefaultHttpRequest(decodeResult: success, version: HTTP/1.1)
POST /session HTTP/1.1
User-Agent: selenium/4.8.1 (java windows)
Content-Length: 507
Content-Type: application/json; charset=utf-8
host: localhost:23560
accept: */*

Response DefaultHttpResponse(decodeResult: success, version: HTTP/1.1)
HTTP/1.1 200 OK
Content-Length: 861
Content-Type: application/json; charset=utf-8
cache-control: no-cache

23:00:44.823 [AsyncHttpClient-1-2] DEBUG org.asynchttpclient.netty.channel.ChannelManager - Adding key: http://localhost:23560 for channel [id: 0xaa75d4bf, L:/127.0.0.1:54591 - R:localhost/127.0.0.1:23560]
23:00:44.828 [AsyncHttpClient-1-3] DEBUG org.asynchttpclient.netty.channel.NettyConnectListener - Using new Channel '[id: 0x578e23db, L:/127.0.0.1:54598 - R:localhost/127.0.0.1:54592]' for 'GET' to '/json/version'
23:00:44.829 [AsyncHttpClient-1-3] DEBUG org.asynchttpclient.netty.handler.HttpHandler - 

Request DefaultFullHttpRequest(decodeResult: success, version: HTTP/1.1, content: EmptyByteBufBE)
GET /json/version HTTP/1.1
User-Agent: selenium/4.8.1 (java windows)
host: localhost:54592
accept: */*

Response DefaultHttpResponse(decodeResult: success, version: HTTP/1.1)
HTTP/1.1 200 OK
Content-Security-Policy: frame-ancestors 'none'
Content-Length: 422
Content-Type: application/json; charset=UTF-8

23:00:44.829 [AsyncHttpClient-1-3] DEBUG org.asynchttpclient.netty.channel.ChannelManager - Adding key: http://localhost:54592 for channel [id: 0x578e23db, L:/127.0.0.1:54598 - R:localhost/127.0.0.1:54592]
23:00:44.831 [AsyncHttpClient-1-4] DEBUG org.asynchttpclient.netty.channel.NettyConnectListener - Using new Channel '[id: 0xfda6ab01, L:/127.0.0.1:54599 - R:localhost/127.0.0.1:54592]' for 'GET' to '/devtools/browser/b742d528-6230-4808-9fe3-07b12316f587'
23:00:44.831 [AsyncHttpClient-1-4] DEBUG org.asynchttpclient.netty.handler.WebSocketHandler - 

Request DefaultFullHttpRequest(decodeResult: success, version: HTTP/1.1, content: EmptyByteBufBE)
GET /devtools/browser/b742d528-6230-4808-9fe3-07b12316f587 HTTP/1.1
upgrade: websocket
connection: upgrade
sec-websocket-key: pn2b98sdNynUiKI3rNb5BQ==
sec-websocket-version: 13
origin: http://localhost:54592
host: localhost:54592
accept: */*
user-agent: AHC/2.1

Response DefaultHttpResponse(decodeResult: success, version: HTTP/1.1)
HTTP/1.1 101 WebSocket Protocol Handshake
Upgrade: WebSocket
Connection: Upgrade
Sec-WebSocket-Accept: D5fNpT0A92qTxluAmTa3vTAncnk=

23:00:44.833 [Forwarding get on session 32fcf78cea763cfad60227fe91768df7 to remote] DEBUG org.asynchttpclient.netty.request.NettyRequestSender - Using pooled Channel '[id: 0xaa75d4bf, L:/127.0.0.1:54591 - R:localhost/127.0.0.1:23560]' for 'POST' to 'http://localhost:23560/session/32fcf78cea763cfad60227fe91768df7/url'
23:00:44.833 [Forwarding get on session 32fcf78cea763cfad60227fe91768df7 to remote] DEBUG org.asynchttpclient.netty.request.NettyRequestSender - Using open Channel [id: 0xaa75d4bf, L:/127.0.0.1:54591 - R:localhost/127.0.0.1:23560] for POST '/session/32fcf78cea763cfad60227fe91768df7/url'
23:00:45.506 [AsyncHttpClient-1-1] DEBUG org.asynchttpclient.netty.channel.DefaultChannelPool - Entry count for : http://localhost:54592 : 1
23:00:46.604 [AsyncHttpClient-1-1] DEBUG org.asynchttpclient.netty.channel.DefaultChannelPool - Entry count for : http://localhost:54592 : 1
23:00:47.698 [AsyncHttpClient-1-1] DEBUG org.asynchttpclient.netty.channel.DefaultChannelPool - Entry count for : http://localhost:54592 : 1
23:00:48.800 [AsyncHttpClient-1-1] DEBUG org.asynchttpclient.netty.channel.DefaultChannelPool - Entry count for : http://localhost:54592 : 1
23:00:49.770 [AsyncHttpClient-1-2] DEBUG org.asynchttpclient.netty.handler.HttpHandler - 

Request DefaultHttpRequest(decodeResult: success, version: HTTP/1.1)
POST /session/32fcf78cea763cfad60227fe91768df7/url HTTP/1.1
User-Agent: selenium/4.8.1 (java windows)
Content-Length: 53
Content-Type: application/json; charset=utf-8
host: localhost:23560
accept: */*

Response DefaultHttpResponse(decodeResult: success, version: HTTP/1.1)
HTTP/1.1 200 OK
Content-Length: 14
Content-Type: application/json; charset=utf-8
cache-control: no-cache

23:00:49.770 [AsyncHttpClient-1-2] DEBUG org.asynchttpclient.netty.channel.ChannelManager - Adding key: http://localhost:23560 for channel [id: 0xaa75d4bf, L:/127.0.0.1:54591 - R:localhost/127.0.0.1:23560]
23:00:49.771 [Forwarding setTimeout on session 32fcf78cea763cfad60227fe91768df7 to remote] DEBUG org.asynchttpclient.netty.request.NettyRequestSender - Using pooled Channel '[id: 0xaa75d4bf, L:/127.0.0.1:54591 - R:localhost/127.0.0.1:23560]' for 'POST' to 'http://localhost:23560/session/32fcf78cea763cfad60227fe91768df7/timeouts'
23:00:49.771 [Forwarding setTimeout on session 32fcf78cea763cfad60227fe91768df7 to remote] DEBUG org.asynchttpclient.netty.request.NettyRequestSender - Using open Channel [id: 0xaa75d4bf, L:/127.0.0.1:54591 - R:localhost/127.0.0.1:23560] for POST '/session/32fcf78cea763cfad60227fe91768df7/timeouts'
23:00:49.772 [AsyncHttpClient-1-2] DEBUG org.asynchttpclient.netty.handler.HttpHandler - 

Request DefaultHttpRequest(decodeResult: success, version: HTTP/1.1)
POST /session/32fcf78cea763cfad60227fe91768df7/timeouts HTTP/1.1
User-Agent: selenium/4.8.1 (java windows)
Content-Length: 22
Content-Type: application/json; charset=utf-8
host: localhost:23560
accept: */*

Response DefaultHttpResponse(decodeResult: success, version: HTTP/1.1)
HTTP/1.1 200 OK
Content-Length: 14
Content-Type: application/json; charset=utf-8
cache-control: no-cache

23:00:49.772 [AsyncHttpClient-1-2] DEBUG org.asynchttpclient.netty.channel.ChannelManager - Adding key: http://localhost:23560 for channel [id: 0xaa75d4bf, L:/127.0.0.1:54591 - R:localhost/127.0.0.1:23560]
  &amp#27;[32mGiven &amp#27;[0m&amp#27;[32mI am on the home page&amp#27;[0m               &amp#27;[90m# starter.stepdefinitions.HomepageSteps.onTheHomePage()&amp#27;[0m
23:00:49.779 [Forwarding getAlertText on session 32fcf78cea763cfad60227fe91768df7 to remote] DEBUG org.asynchttpclient.netty.request.NettyRequestSender - Using pooled Channel '[id: 0xaa75d4bf, L:/127.0.0.1:54591 - R:localhost/127.0.0.1:23560]' for 'GET' to 'http://localhost:23560/session/32fcf78cea763cfad60227fe91768df7/alert/text'
23:00:49.779 [Forwarding getAlertText on session 32fcf78cea763cfad60227fe91768df7 to remote] DEBUG org.asynchttpclient.netty.request.NettyRequestSender - Using open Channel [id: 0xaa75d4bf, L:/127.0.0.1:54591 - R:localhost/127.0.0.1:23560] for GET '/session/32fcf78cea763cfad60227fe91768df7/alert/text'
23:00:49.781 [AsyncHttpClient-1-2] DEBUG org.asynchttpclient.netty.handler.HttpHandler - 

Request DefaultFullHttpRequest(decodeResult: success, version: HTTP/1.1, content: EmptyByteBufBE)
GET /session/32fcf78cea763cfad60227fe91768df7/alert/text HTTP/1.1
User-Agent: selenium/4.8.1 (java windows)
Cache-Control: no-cache
Content-Type: application/json; charset=utf-8
host: localhost:23560
accept: */*

Response DefaultHttpResponse(decodeResult: success, version: HTTP/1.1)
HTTP/1.1 404 Not Found
Content-Length: 820
Content-Type: application/json; charset=utf-8
cache-control: no-cache

23:00:49.781 [AsyncHttpClient-1-2] DEBUG org.asynchttpclient.netty.channel.ChannelManager - Adding key: http://localhost:23560 for channel [id: 0xaa75d4bf, L:/127.0.0.1:54591 - R:localhost/127.0.0.1:23560]
23:00:49.782 [Forwarding getCurrentUrl on session 32fcf78cea763cfad60227fe91768df7 to remote] DEBUG org.asynchttpclient.netty.request.NettyRequestSender - Using pooled Channel '[id: 0xaa75d4bf, L:/127.0.0.1:54591 - R:localhost/127.0.0.1:23560]' for 'GET' to 'http://localhost:23560/session/32fcf78cea763cfad60227fe91768df7/url'
23:00:49.782 [Forwarding getCurrentUrl on session 32fcf78cea763cfad60227fe91768df7 to remote] DEBUG org.asynchttpclient.netty.request.NettyRequestSender - Using open Channel [id: 0xaa75d4bf, L:/127.0.0.1:54591 - R:localhost/127.0.0.1:23560] for GET '/session/32fcf78cea763cfad60227fe91768df7/url'
23:00:49.789 [AsyncHttpClient-1-2] DEBUG org.asynchttpclient.netty.handler.HttpHandler - 

Request DefaultFullHttpRequest(decodeResult: success, version: HTTP/1.1, content: EmptyByteBufBE)
GET /session/32fcf78cea763cfad60227fe91768df7/url HTTP/1.1
User-Agent: selenium/4.8.1 (java windows)
Cache-Control: no-cache
Content-Type: application/json; charset=utf-8
host: localhost:23560
accept: */*

Response DefaultHttpResponse(decodeResult: success, version: HTTP/1.1)
HTTP/1.1 200 OK
Content-Length: 41
Content-Type: application/json; charset=utf-8
cache-control: no-cache

23:00:49.789 [AsyncHttpClient-1-2] DEBUG org.asynchttpclient.netty.channel.ChannelManager - Adding key: http://localhost:23560 for channel [id: 0xaa75d4bf, L:/127.0.0.1:54591 - R:localhost/127.0.0.1:23560]
23:00:49.790 [Forwarding screenshot on session 32fcf78cea763cfad60227fe91768df7 to remote] DEBUG org.asynchttpclient.netty.request.NettyRequestSender - Using pooled Channel '[id: 0xaa75d4bf, L:/127.0.0.1:54591 - R:localhost/127.0.0.1:23560]' for 'GET' to 'http://localhost:23560/session/32fcf78cea763cfad60227fe91768df7/screenshot'
23:00:49.790 [Forwarding screenshot on session 32fcf78cea763cfad60227fe91768df7 to remote] DEBUG org.asynchttpclient.netty.request.NettyRequestSender - Using open Channel [id: 0xaa75d4bf, L:/127.0.0.1:54591 - R:localhost/127.0.0.1:23560] for GET '/session/32fcf78cea763cfad60227fe91768df7/screenshot'
23:00:49.897 [AsyncHttpClient-1-1] DEBUG org.asynchttpclient.netty.channel.DefaultChannelPool - Entry count for : http://localhost:54592 : 1
23:00:49.956 [AsyncHttpClient-1-2] DEBUG org.asynchttpclient.netty.handler.HttpHandler - 

Request DefaultFullHttpRequest(decodeResult: success, version: HTTP/1.1, content: EmptyByteBufBE)
GET /session/32fcf78cea763cfad60227fe91768df7/screenshot HTTP/1.1
User-Agent: selenium/4.8.1 (java windows)
Cache-Control: no-cache
Content-Type: application/json; charset=utf-8
host: localhost:23560
accept: */*

Response DefaultHttpResponse(decodeResult: success, version: HTTP/1.1)
HTTP/1.1 200 OK
Content-Length: 93224
Content-Type: application/json; charset=utf-8
cache-control: no-cache

23:00:49.956 [AsyncHttpClient-1-2] DEBUG org.asynchttpclient.netty.channel.ChannelManager - Adding key: http://localhost:23560 for channel [id: 0xaa75d4bf, L:/127.0.0.1:54591 - R:localhost/127.0.0.1:23560]
23:00:49.961 [main] DEBUG net.serenitybdd.core.photography.Darkroom - Send negative for processing for target\site\serenity\eae70e0d31e8e8b85ce659fe0365ca28c24246a1bf9d3b50a76ae0889116b9f5.png
23:00:49.966 [Forwarding getPageSource on session 32fcf78cea763cfad60227fe91768df7 to remote] DEBUG org.asynchttpclient.netty.request.NettyRequestSender - Using pooled Channel '[id: 0xaa75d4bf, L:/127.0.0.1:54591 - R:localhost/127.0.0.1:23560]' for 'POST' to 'http://localhost:23560/session/32fcf78cea763cfad60227fe91768df7/execute/sync'
23:00:49.966 [Forwarding getPageSource on session 32fcf78cea763cfad60227fe91768df7 to remote] DEBUG org.asynchttpclient.netty.request.NettyRequestSender - Using open Channel [id: 0xaa75d4bf, L:/127.0.0.1:54591 - R:localhost/127.0.0.1:23560] for POST '/session/32fcf78cea763cfad60227fe91768df7/execute/sync'
23:00:50.037 [AsyncHttpClient-1-2] DEBUG org.asynchttpclient.netty.handler.HttpHandler - 

Request DefaultHttpRequest(decodeResult: success, version: HTTP/1.1)
POST /session/32fcf78cea763cfad60227fe91768df7/execute/sync HTTP/1.1
User-Agent: selenium/4.8.1 (java windows)
Content-Length: 176
Content-Type: application/json; charset=utf-8
host: localhost:23560
accept: */*

Response DefaultHttpResponse(decodeResult: success, version: HTTP/1.1)
HTTP/1.1 200 OK
Content-Length: 816995
Content-Type: application/json; charset=utf-8
cache-control: no-cache

23:00:50.038 [AsyncHttpClient-1-2] DEBUG org.asynchttpclient.netty.channel.ChannelManager - Adding key: http://localhost:23560 for channel [id: 0xaa75d4bf, L:/127.0.0.1:54591 - R:localhost/127.0.0.1:23560]
23:00:50.156 [Forwarding getCurrentUrl on session 32fcf78cea763cfad60227fe91768df7 to remote] DEBUG org.asynchttpclient.netty.request.NettyRequestSender - Using pooled Channel '[id: 0xaa75d4bf, L:/127.0.0.1:54591 - R:localhost/127.0.0.1:23560]' for 'GET' to 'http://localhost:23560/session/32fcf78cea763cfad60227fe91768df7/url'
23:00:50.156 [Forwarding getCurrentUrl on session 32fcf78cea763cfad60227fe91768df7 to remote] DEBUG org.asynchttpclient.netty.request.NettyRequestSender - Using open Channel [id: 0xaa75d4bf, L:/127.0.0.1:54591 - R:localhost/127.0.0.1:23560] for GET '/session/32fcf78cea763cfad60227fe91768df7/url'
23:00:50.165 [AsyncHttpClient-1-2] DEBUG org.asynchttpclient.netty.handler.HttpHandler - 

Request DefaultFullHttpRequest(decodeResult: success, version: HTTP/1.1, content: EmptyByteBufBE)
GET /session/32fcf78cea763cfad60227fe91768df7/url HTTP/1.1
User-Agent: selenium/4.8.1 (java windows)
Cache-Control: no-cache
Content-Type: application/json; charset=utf-8
host: localhost:23560
accept: */*

Response DefaultHttpResponse(decodeResult: success, version: HTTP/1.1)
HTTP/1.1 200 OK
Content-Length: 41
Content-Type: application/json; charset=utf-8
cache-control: no-cache

23:00:50.165 [AsyncHttpClient-1-2] DEBUG org.asynchttpclient.netty.channel.ChannelManager - Adding key: http://localhost:23560 for channel [id: 0xaa75d4bf, L:/127.0.0.1:54591 - R:localhost/127.0.0.1:23560]
23:00:50.175 [Forwarding getAlertText on session 32fcf78cea763cfad60227fe91768df7 to remote] DEBUG org.asynchttpclient.netty.request.NettyRequestSender - Using pooled Channel '[id: 0xaa75d4bf, L:/127.0.0.1:54591 - R:localhost/127.0.0.1:23560]' for 'GET' to 'http://localhost:23560/session/32fcf78cea763cfad60227fe91768df7/alert/text'
23:00:50.176 [Forwarding getAlertText on session 32fcf78cea763cfad60227fe91768df7 to remote] DEBUG org.asynchttpclient.netty.request.NettyRequestSender - Using open Channel [id: 0xaa75d4bf, L:/127.0.0.1:54591 - R:localhost/127.0.0.1:23560] for GET '/session/32fcf78cea763cfad60227fe91768df7/alert/text'
23:00:50.178 [AsyncHttpClient-1-2] DEBUG org.asynchttpclient.netty.handler.HttpHandler - 

Request DefaultFullHttpRequest(decodeResult: success, version: HTTP/1.1, content: EmptyByteBufBE)
GET /session/32fcf78cea763cfad60227fe91768df7/alert/text HTTP/1.1
User-Agent: selenium/4.8.1 (java windows)
Cache-Control: no-cache
Content-Type: application/json; charset=utf-8
host: localhost:23560
accept: */*

Response DefaultHttpResponse(decodeResult: success, version: HTTP/1.1)
HTTP/1.1 404 Not Found
Content-Length: 820
Content-Type: application/json; charset=utf-8
cache-control: no-cache

23:00:50.178 [AsyncHttpClient-1-2] DEBUG org.asynchttpclient.netty.channel.ChannelManager - Adding key: http://localhost:23560 for channel [id: 0xaa75d4bf, L:/127.0.0.1:54591 - R:localhost/127.0.0.1:23560]
23:00:50.179 [Forwarding getCurrentUrl on session 32fcf78cea763cfad60227fe91768df7 to remote] DEBUG org.asynchttpclient.netty.request.NettyRequestSender - Using pooled Channel '[id: 0xaa75d4bf, L:/127.0.0.1:54591 - R:localhost/127.0.0.1:23560]' for 'GET' to 'http://localhost:23560/session/32fcf78cea763cfad60227fe91768df7/url'
23:00:50.179 [Forwarding getCurrentUrl on session 32fcf78cea763cfad60227fe91768df7 to remote] DEBUG org.asynchttpclient.netty.request.NettyRequestSender - Using open Channel [id: 0xaa75d4bf, L:/127.0.0.1:54591 - R:localhost/127.0.0.1:23560] for GET '/session/32fcf78cea763cfad60227fe91768df7/url'
23:00:50.187 [AsyncHttpClient-1-2] DEBUG org.asynchttpclient.netty.handler.HttpHandler - 

Request DefaultFullHttpRequest(decodeResult: success, version: HTTP/1.1, content: EmptyByteBufBE)
GET /session/32fcf78cea763cfad60227fe91768df7/url HTTP/1.1
User-Agent: selenium/4.8.1 (java windows)
Cache-Control: no-cache
Content-Type: application/json; charset=utf-8
host: localhost:23560
accept: */*

Response DefaultHttpResponse(decodeResult: success, version: HTTP/1.1)
HTTP/1.1 200 OK
Content-Length: 41
Content-Type: application/json; charset=utf-8
cache-control: no-cache

23:00:50.187 [AsyncHttpClient-1-2] DEBUG org.asynchttpclient.netty.channel.ChannelManager - Adding key: http://localhost:23560 for channel [id: 0xaa75d4bf, L:/127.0.0.1:54591 - R:localhost/127.0.0.1:23560]
23:00:50.187 [Forwarding screenshot on session 32fcf78cea763cfad60227fe91768df7 to remote] DEBUG org.asynchttpclient.netty.request.NettyRequestSender - Using pooled Channel '[id: 0xaa75d4bf, L:/127.0.0.1:54591 - R:localhost/127.0.0.1:23560]' for 'GET' to 'http://localhost:23560/session/32fcf78cea763cfad60227fe91768df7/screenshot'
23:00:50.187 [Forwarding screenshot on session 32fcf78cea763cfad60227fe91768df7 to remote] DEBUG org.asynchttpclient.netty.request.NettyRequestSender - Using open Channel [id: 0xaa75d4bf, L:/127.0.0.1:54591 - R:localhost/127.0.0.1:23560] for GET '/session/32fcf78cea763cfad60227fe91768df7/screenshot'
23:00:50.317 [AsyncHttpClient-1-2] DEBUG org.asynchttpclient.netty.handler.HttpHandler - 

Request DefaultFullHttpRequest(decodeResult: success, version: HTTP/1.1, content: EmptyByteBufBE)
GET /session/32fcf78cea763cfad60227fe91768df7/screenshot HTTP/1.1
User-Agent: selenium/4.8.1 (java windows)
Cache-Control: no-cache
Content-Type: application/json; charset=utf-8
host: localhost:23560
accept: */*

Response DefaultHttpResponse(decodeResult: success, version: HTTP/1.1)
HTTP/1.1 200 OK
Content-Length: 93224
Content-Type: application/json; charset=utf-8
cache-control: no-cache

23:00:50.317 [AsyncHttpClient-1-2] DEBUG org.asynchttpclient.netty.channel.ChannelManager - Adding key: http://localhost:23560 for channel [id: 0xaa75d4bf, L:/127.0.0.1:54591 - R:localhost/127.0.0.1:23560]
23:00:50.321 [main] DEBUG net.serenitybdd.core.photography.Darkroom - Send negative for processing for target\site\serenity\eae70e0d31e8e8b85ce659fe0365ca28c24246a1bf9d3b50a76ae0889116b9f5.png
23:00:50.322 [Forwarding getPageSource on session 32fcf78cea763cfad60227fe91768df7 to remote] DEBUG org.asynchttpclient.netty.request.NettyRequestSender - Using pooled Channel '[id: 0xaa75d4bf, L:/127.0.0.1:54591 - R:localhost/127.0.0.1:23560]' for 'POST' to 'http://localhost:23560/session/32fcf78cea763cfad60227fe91768df7/execute/sync'
23:00:50.322 [Forwarding getPageSource on session 32fcf78cea763cfad60227fe91768df7 to remote] DEBUG org.asynchttpclient.netty.request.NettyRequestSender - Using open Channel [id: 0xaa75d4bf, L:/127.0.0.1:54591 - R:localhost/127.0.0.1:23560] for POST '/session/32fcf78cea763cfad60227fe91768df7/execute/sync'
23:00:50.401 [AsyncHttpClient-1-2] DEBUG org.asynchttpclient.netty.handler.HttpHandler - 

Request DefaultHttpRequest(decodeResult: success, version: HTTP/1.1)
POST /session/32fcf78cea763cfad60227fe91768df7/execute/sync HTTP/1.1
User-Agent: selenium/4.8.1 (java windows)
Content-Length: 176
Content-Type: application/json; charset=utf-8
host: localhost:23560
accept: */*

Response DefaultHttpResponse(decodeResult: success, version: HTTP/1.1)
HTTP/1.1 200 OK
Content-Length: 816995
Content-Type: application/json; charset=utf-8
cache-control: no-cache

23:00:50.401 [AsyncHttpClient-1-2] DEBUG org.asynchttpclient.netty.channel.ChannelManager - Adding key: http://localhost:23560 for channel [id: 0xaa75d4bf, L:/127.0.0.1:54591 - R:localhost/127.0.0.1:23560]
23:00:50.495 [Forwarding getCurrentUrl on session 32fcf78cea763cfad60227fe91768df7 to remote] DEBUG org.asynchttpclient.netty.request.NettyRequestSender - Using pooled Channel '[id: 0xaa75d4bf, L:/127.0.0.1:54591 - R:localhost/127.0.0.1:23560]' for 'GET' to 'http://localhost:23560/session/32fcf78cea763cfad60227fe91768df7/url'
23:00:50.495 [Forwarding getCurrentUrl on session 32fcf78cea763cfad60227fe91768df7 to remote] DEBUG org.asynchttpclient.netty.request.NettyRequestSender - Using open Channel [id: 0xaa75d4bf, L:/127.0.0.1:54591 - R:localhost/127.0.0.1:23560] for GET '/session/32fcf78cea763cfad60227fe91768df7/url'
23:00:50.503 [AsyncHttpClient-1-2] DEBUG org.asynchttpclient.netty.handler.HttpHandler - 

Request DefaultFullHttpRequest(decodeResult: success, version: HTTP/1.1, content: EmptyByteBufBE)
GET /session/32fcf78cea763cfad60227fe91768df7/url HTTP/1.1
User-Agent: selenium/4.8.1 (java windows)
Cache-Control: no-cache
Content-Type: application/json; charset=utf-8
host: localhost:23560
accept: */*

Response DefaultHttpResponse(decodeResult: success, version: HTTP/1.1)
HTTP/1.1 200 OK
Content-Length: 41
Content-Type: application/json; charset=utf-8
cache-control: no-cache

23:00:50.503 [AsyncHttpClient-1-2] DEBUG org.asynchttpclient.netty.channel.ChannelManager - Adding key: http://localhost:23560 for channel [id: 0xaa75d4bf, L:/127.0.0.1:54591 - R:localhost/127.0.0.1:23560]
23:00:50.507 [main] DEBUG net.thucydides.core.steps.StepInterceptor - STARTING STEP: HomepageSteps.chooseTheProduct - chooseProduct
23:00:50.509 [Forwarding findElement on session 32fcf78cea763cfad60227fe91768df7 to remote] DEBUG org.asynchttpclient.netty.request.NettyRequestSender - Using pooled Channel '[id: 0xaa75d4bf, L:/127.0.0.1:54591 - R:localhost/127.0.0.1:23560]' for 'POST' to 'http://localhost:23560/session/32fcf78cea763cfad60227fe91768df7/element'
23:00:50.509 [Forwarding findElement on session 32fcf78cea763cfad60227fe91768df7 to remote] DEBUG org.asynchttpclient.netty.request.NettyRequestSender - Using open Channel [id: 0xaa75d4bf, L:/127.0.0.1:54591 - R:localhost/127.0.0.1:23560] for POST '/session/32fcf78cea763cfad60227fe91768df7/element'
23:00:50.527 [AsyncHttpClient-1-2] DEBUG org.asynchttpclient.netty.handler.HttpHandler - 

Request DefaultHttpRequest(decodeResult: success, version: HTTP/1.1)
POST /session/32fcf78cea763cfad60227fe91768df7/element HTTP/1.1
User-Agent: selenium/4.8.1 (java windows)
Content-Length: 54
Content-Type: application/json; charset=utf-8
host: localhost:23560
accept: */*

Response DefaultHttpResponse(decodeResult: success, version: HTTP/1.1)
HTTP/1.1 200 OK
Content-Length: 94
Content-Type: application/json; charset=utf-8
cache-control: no-cache

23:00:50.527 [AsyncHttpClient-1-2] DEBUG org.asynchttpclient.netty.channel.ChannelManager - Adding key: http://localhost:23560 for channel [id: 0xaa75d4bf, L:/127.0.0.1:54591 - R:localhost/127.0.0.1:23560]
23:00:50.530 [Forwarding isElementDisplayed on session 32fcf78cea763cfad60227fe91768df7 to remote] DEBUG org.asynchttpclient.netty.request.NettyRequestSender - Using pooled Channel '[id: 0xaa75d4bf, L:/127.0.0.1:54591 - R:localhost/127.0.0.1:23560]' for 'POST' to 'http://localhost:23560/session/32fcf78cea763cfad60227fe91768df7/execute/sync'
23:00:50.530 [Forwarding isElementDisplayed on session 32fcf78cea763cfad60227fe91768df7 to remote] DEBUG org.asynchttpclient.netty.request.NettyRequestSender - Using open Channel [id: 0xaa75d4bf, L:/127.0.0.1:54591 - R:localhost/127.0.0.1:23560] for POST '/session/32fcf78cea763cfad60227fe91768df7/execute/sync'
23:00:50.549 [AsyncHttpClient-1-2] DEBUG org.asynchttpclient.netty.handler.HttpHandler - 

Request DefaultHttpRequest(decodeResult: success, version: HTTP/1.1)
POST /session/32fcf78cea763cfad60227fe91768df7/execute/sync HTTP/1.1
User-Agent: selenium/4.8.1 (java windows)
Content-Length: 48813
Content-Type: application/json; charset=utf-8
host: localhost:23560
accept: */*

Response DefaultHttpResponse(decodeResult: success, version: HTTP/1.1)
HTTP/1.1 200 OK
Content-Length: 14
Content-Type: application/json; charset=utf-8
cache-control: no-cache

23:00:50.549 [AsyncHttpClient-1-2] DEBUG org.asynchttpclient.netty.channel.ChannelManager - Adding key: http://localhost:23560 for channel [id: 0xaa75d4bf, L:/127.0.0.1:54591 - R:localhost/127.0.0.1:23560]
23:00:50.553 [Forwarding getAlertText on session 32fcf78cea763cfad60227fe91768df7 to remote] DEBUG org.asynchttpclient.netty.request.NettyRequestSender - Using pooled Channel '[id: 0xaa75d4bf, L:/127.0.0.1:54591 - R:localhost/127.0.0.1:23560]' for 'GET' to 'http://localhost:23560/session/32fcf78cea763cfad60227fe91768df7/alert/text'
23:00:50.553 [Forwarding getAlertText on session 32fcf78cea763cfad60227fe91768df7 to remote] DEBUG org.asynchttpclient.netty.request.NettyRequestSender - Using open Channel [id: 0xaa75d4bf, L:/127.0.0.1:54591 - R:localhost/127.0.0.1:23560] for GET '/session/32fcf78cea763cfad60227fe91768df7/alert/text'
23:00:50.555 [AsyncHttpClient-1-2] DEBUG org.asynchttpclient.netty.handler.HttpHandler - 

Request DefaultFullHttpRequest(decodeResult: success, version: HTTP/1.1, content: EmptyByteBufBE)
GET /session/32fcf78cea763cfad60227fe91768df7/alert/text HTTP/1.1
User-Agent: selenium/4.8.1 (java windows)
Cache-Control: no-cache
Content-Type: application/json; charset=utf-8
host: localhost:23560
accept: */*

Response DefaultHttpResponse(decodeResult: success, version: HTTP/1.1)
HTTP/1.1 404 Not Found
Content-Length: 820
Content-Type: application/json; charset=utf-8
cache-control: no-cache

23:00:50.555 [AsyncHttpClient-1-2] DEBUG org.asynchttpclient.netty.channel.ChannelManager - Adding key: http://localhost:23560 for channel [id: 0xaa75d4bf, L:/127.0.0.1:54591 - R:localhost/127.0.0.1:23560]
23:00:50.556 [Forwarding getCurrentUrl on session 32fcf78cea763cfad60227fe91768df7 to remote] DEBUG org.asynchttpclient.netty.request.NettyRequestSender - Using pooled Channel '[id: 0xaa75d4bf, L:/127.0.0.1:54591 - R:localhost/127.0.0.1:23560]' for 'GET' to 'http://localhost:23560/session/32fcf78cea763cfad60227fe91768df7/url'
23:00:50.556 [Forwarding getCurrentUrl on session 32fcf78cea763cfad60227fe91768df7 to remote] DEBUG org.asynchttpclient.netty.request.NettyRequestSender - Using open Channel [id: 0xaa75d4bf, L:/127.0.0.1:54591 - R:localhost/127.0.0.1:23560] for GET '/session/32fcf78cea763cfad60227fe91768df7/url'
23:00:50.564 [AsyncHttpClient-1-2] DEBUG org.asynchttpclient.netty.handler.HttpHandler - 

Request DefaultFullHttpRequest(decodeResult: success, version: HTTP/1.1, content: EmptyByteBufBE)
GET /session/32fcf78cea763cfad60227fe91768df7/url HTTP/1.1
User-Agent: selenium/4.8.1 (java windows)
Cache-Control: no-cache
Content-Type: application/json; charset=utf-8
host: localhost:23560
accept: */*

Response DefaultHttpResponse(decodeResult: success, version: HTTP/1.1)
HTTP/1.1 200 OK
Content-Length: 41
Content-Type: application/json; charset=utf-8
cache-control: no-cache

23:00:50.564 [AsyncHttpClient-1-2] DEBUG org.asynchttpclient.netty.channel.ChannelManager - Adding key: http://localhost:23560 for channel [id: 0xaa75d4bf, L:/127.0.0.1:54591 - R:localhost/127.0.0.1:23560]
23:00:50.565 [Forwarding screenshot on session 32fcf78cea763cfad60227fe91768df7 to remote] DEBUG org.asynchttpclient.netty.request.NettyRequestSender - Using pooled Channel '[id: 0xaa75d4bf, L:/127.0.0.1:54591 - R:localhost/127.0.0.1:23560]' for 'GET' to 'http://localhost:23560/session/32fcf78cea763cfad60227fe91768df7/screenshot'
23:00:50.565 [Forwarding screenshot on session 32fcf78cea763cfad60227fe91768df7 to remote] DEBUG org.asynchttpclient.netty.request.NettyRequestSender - Using open Channel [id: 0xaa75d4bf, L:/127.0.0.1:54591 - R:localhost/127.0.0.1:23560] for GET '/session/32fcf78cea763cfad60227fe91768df7/screenshot'
23:00:50.692 [AsyncHttpClient-1-2] DEBUG org.asynchttpclient.netty.handler.HttpHandler - 

Request DefaultFullHttpRequest(decodeResult: success, version: HTTP/1.1, content: EmptyByteBufBE)
GET /session/32fcf78cea763cfad60227fe91768df7/screenshot HTTP/1.1
User-Agent: selenium/4.8.1 (java windows)
Cache-Control: no-cache
Content-Type: application/json; charset=utf-8
host: localhost:23560
accept: */*

Response DefaultHttpResponse(decodeResult: success, version: HTTP/1.1)
HTTP/1.1 200 OK
Content-Length: 93224
Content-Type: application/json; charset=utf-8
cache-control: no-cache

23:00:50.693 [AsyncHttpClient-1-2] DEBUG org.asynchttpclient.netty.channel.ChannelManager - Adding key: http://localhost:23560 for channel [id: 0xaa75d4bf, L:/127.0.0.1:54591 - R:localhost/127.0.0.1:23560]
23:00:50.696 [main] DEBUG net.serenitybdd.core.photography.Darkroom - Send negative for processing for target\site\serenity\eae70e0d31e8e8b85ce659fe0365ca28c24246a1bf9d3b50a76ae0889116b9f5.png
23:00:50.696 [main] DEBUG net.thucydides.core.steps.StepInterceptor - STEP DONE: chooseProduct
  &amp#27;[32mWhen &amp#27;[0m&amp#27;[32mI choose the product&amp#27;[0m                 &amp#27;[90m# starter.stepdefinitions.HomepageSteps.chooseTheProduct()&amp#27;[0m
23:00:50.706 [Forwarding getPageSource on session 32fcf78cea763cfad60227fe91768df7 to remote] DEBUG org.asynchttpclient.netty.request.NettyRequestSender - Using pooled Channel '[id: 0xaa75d4bf, L:/127.0.0.1:54591 - R:localhost/127.0.0.1:23560]' for 'POST' to 'http://localhost:23560/session/32fcf78cea763cfad60227fe91768df7/execute/sync'
23:00:50.706 [Forwarding getPageSource on session 32fcf78cea763cfad60227fe91768df7 to remote] DEBUG org.asynchttpclient.netty.request.NettyRequestSender - Using open Channel [id: 0xaa75d4bf, L:/127.0.0.1:54591 - R:localhost/127.0.0.1:23560] for POST '/session/32fcf78cea763cfad60227fe91768df7/execute/sync'
23:00:50.773 [AsyncHttpClient-1-2] DEBUG org.asynchttpclient.netty.handler.HttpHandler - 

Request DefaultHttpRequest(decodeResult: success, version: HTTP/1.1)
POST /session/32fcf78cea763cfad60227fe91768df7/execute/sync HTTP/1.1
User-Agent: selenium/4.8.1 (java windows)
Content-Length: 176
Content-Type: application/json; charset=utf-8
host: localhost:23560
accept: */*

Response DefaultHttpResponse(decodeResult: success, version: HTTP/1.1)
HTTP/1.1 200 OK
Content-Length: 816995
Content-Type: application/json; charset=utf-8
cache-control: no-cache

23:00:50.774 [AsyncHttpClient-1-2] DEBUG org.asynchttpclient.netty.channel.ChannelManager - Adding key: http://localhost:23560 for channel [id: 0xaa75d4bf, L:/127.0.0.1:54591 - R:localhost/127.0.0.1:23560]
23:00:50.842 [Forwarding getCurrentUrl on session 32fcf78cea763cfad60227fe91768df7 to remote] DEBUG org.asynchttpclient.netty.request.NettyRequestSender - Using pooled Channel '[id: 0xaa75d4bf, L:/127.0.0.1:54591 - R:localhost/127.0.0.1:23560]' for 'GET' to 'http://localhost:23560/session/32fcf78cea763cfad60227fe91768df7/url'
23:00:50.842 [Forwarding getCurrentUrl on session 32fcf78cea763cfad60227fe91768df7 to remote] DEBUG org.asynchttpclient.netty.request.NettyRequestSender - Using open Channel [id: 0xaa75d4bf, L:/127.0.0.1:54591 - R:localhost/127.0.0.1:23560] for GET '/session/32fcf78cea763cfad60227fe91768df7/url'
23:00:50.848 [AsyncHttpClient-1-2] DEBUG org.asynchttpclient.netty.handler.HttpHandler - 

Request DefaultFullHttpRequest(decodeResult: success, version: HTTP/1.1, content: EmptyByteBufBE)
GET /session/32fcf78cea763cfad60227fe91768df7/url HTTP/1.1
User-Agent: selenium/4.8.1 (java windows)
Cache-Control: no-cache
Content-Type: application/json; charset=utf-8
host: localhost:23560
accept: */*

Response DefaultHttpResponse(decodeResult: success, version: HTTP/1.1)
HTTP/1.1 200 OK
Content-Length: 41
Content-Type: application/json; charset=utf-8
cache-control: no-cache

23:00:50.848 [AsyncHttpClient-1-2] DEBUG org.asynchttpclient.netty.channel.ChannelManager - Adding key: http://localhost:23560 for channel [id: 0xaa75d4bf, L:/127.0.0.1:54591 - R:localhost/127.0.0.1:23560]
23:00:50.855 [Forwarding getAlertText on session 32fcf78cea763cfad60227fe91768df7 to remote] DEBUG org.asynchttpclient.netty.request.NettyRequestSender - Using pooled Channel '[id: 0xaa75d4bf, L:/127.0.0.1:54591 - R:localhost/127.0.0.1:23560]' for 'GET' to 'http://localhost:23560/session/32fcf78cea763cfad60227fe91768df7/alert/text'
23:00:50.855 [Forwarding getAlertText on session 32fcf78cea763cfad60227fe91768df7 to remote] DEBUG org.asynchttpclient.netty.request.NettyRequestSender - Using open Channel [id: 0xaa75d4bf, L:/127.0.0.1:54591 - R:localhost/127.0.0.1:23560] for GET '/session/32fcf78cea763cfad60227fe91768df7/alert/text'
23:00:50.857 [AsyncHttpClient-1-2] DEBUG org.asynchttpclient.netty.handler.HttpHandler - 

Request DefaultFullHttpRequest(decodeResult: success, version: HTTP/1.1, content: EmptyByteBufBE)
GET /session/32fcf78cea763cfad60227fe91768df7/alert/text HTTP/1.1
User-Agent: selenium/4.8.1 (java windows)
Cache-Control: no-cache
Content-Type: application/json; charset=utf-8
host: localhost:23560
accept: */*

Response DefaultHttpResponse(decodeResult: success, version: HTTP/1.1)
HTTP/1.1 404 Not Found
Content-Length: 820
Content-Type: application/json; charset=utf-8
cache-control: no-cache

23:00:50.857 [AsyncHttpClient-1-2] DEBUG org.asynchttpclient.netty.channel.ChannelManager - Adding key: http://localhost:23560 for channel [id: 0xaa75d4bf, L:/127.0.0.1:54591 - R:localhost/127.0.0.1:23560]
23:00:50.857 [Forwarding getCurrentUrl on session 32fcf78cea763cfad60227fe91768df7 to remote] DEBUG org.asynchttpclient.netty.request.NettyRequestSender - Using pooled Channel '[id: 0xaa75d4bf, L:/127.0.0.1:54591 - R:localhost/127.0.0.1:23560]' for 'GET' to 'http://localhost:23560/session/32fcf78cea763cfad60227fe91768df7/url'
23:00:50.857 [Forwarding getCurrentUrl on session 32fcf78cea763cfad60227fe91768df7 to remote] DEBUG org.asynchttpclient.netty.request.NettyRequestSender - Using open Channel [id: 0xaa75d4bf, L:/127.0.0.1:54591 - R:localhost/127.0.0.1:23560] for GET '/session/32fcf78cea763cfad60227fe91768df7/url'
23:00:50.864 [AsyncHttpClient-1-2] DEBUG org.asynchttpclient.netty.handler.HttpHandler - 

Request DefaultFullHttpRequest(decodeResult: success, version: HTTP/1.1, content: EmptyByteBufBE)
GET /session/32fcf78cea763cfad60227fe91768df7/url HTTP/1.1
User-Agent: selenium/4.8.1 (java windows)
Cache-Control: no-cache
Content-Type: application/json; charset=utf-8
host: localhost:23560
accept: */*

Response DefaultHttpResponse(decodeResult: success, version: HTTP/1.1)
HTTP/1.1 200 OK
Content-Length: 41
Content-Type: application/json; charset=utf-8
cache-control: no-cache

23:00:50.864 [AsyncHttpClient-1-2] DEBUG org.asynchttpclient.netty.channel.ChannelManager - Adding key: http://localhost:23560 for channel [id: 0xaa75d4bf, L:/127.0.0.1:54591 - R:localhost/127.0.0.1:23560]
23:00:50.864 [Forwarding screenshot on session 32fcf78cea763cfad60227fe91768df7 to remote] DEBUG org.asynchttpclient.netty.request.NettyRequestSender - Using pooled Channel '[id: 0xaa75d4bf, L:/127.0.0.1:54591 - R:localhost/127.0.0.1:23560]' for 'GET' to 'http://localhost:23560/session/32fcf78cea763cfad60227fe91768df7/screenshot'
23:00:50.864 [Forwarding screenshot on session 32fcf78cea763cfad60227fe91768df7 to remote] DEBUG org.asynchttpclient.netty.request.NettyRequestSender - Using open Channel [id: 0xaa75d4bf, L:/127.0.0.1:54591 - R:localhost/127.0.0.1:23560] for GET '/session/32fcf78cea763cfad60227fe91768df7/screenshot'
23:00:51.002 [AsyncHttpClient-1-1] DEBUG org.asynchttpclient.netty.channel.DefaultChannelPool - Entry count for : http://localhost:54592 : 1
23:00:51.034 [AsyncHttpClient-1-2] DEBUG org.asynchttpclient.netty.handler.HttpHandler - 

Request DefaultFullHttpRequest(decodeResult: success, version: HTTP/1.1, content: EmptyByteBufBE)
GET /session/32fcf78cea763cfad60227fe91768df7/screenshot HTTP/1.1
User-Agent: selenium/4.8.1 (java windows)
Cache-Control: no-cache
Content-Type: application/json; charset=utf-8
host: localhost:23560
accept: */*

Response DefaultHttpResponse(decodeResult: success, version: HTTP/1.1)
HTTP/1.1 200 OK
Content-Length: 93224
Content-Type: application/json; charset=utf-8
cache-control: no-cache

23:00:51.034 [AsyncHttpClient-1-2] DEBUG org.asynchttpclient.netty.channel.ChannelManager - Adding key: http://localhost:23560 for channel [id: 0xaa75d4bf, L:/127.0.0.1:54591 - R:localhost/127.0.0.1:23560]
23:00:51.037 [main] DEBUG net.serenitybdd.core.photography.Darkroom - Send negative for processing for target\site\serenity\eae70e0d31e8e8b85ce659fe0365ca28c24246a1bf9d3b50a76ae0889116b9f5.png
23:00:51.039 [Forwarding getPageSource on session 32fcf78cea763cfad60227fe91768df7 to remote] DEBUG org.asynchttpclient.netty.request.NettyRequestSender - Using pooled Channel '[id: 0xaa75d4bf, L:/127.0.0.1:54591 - R:localhost/127.0.0.1:23560]' for 'POST' to 'http://localhost:23560/session/32fcf78cea763cfad60227fe91768df7/execute/sync'
23:00:51.039 [Forwarding getPageSource on session 32fcf78cea763cfad60227fe91768df7 to remote] DEBUG org.asynchttpclient.netty.request.NettyRequestSender - Using open Channel [id: 0xaa75d4bf, L:/127.0.0.1:54591 - R:localhost/127.0.0.1:23560] for POST '/session/32fcf78cea763cfad60227fe91768df7/execute/sync'
23:00:51.089 [AsyncHttpClient-1-2] DEBUG org.asynchttpclient.netty.handler.HttpHandler - 

Request DefaultHttpRequest(decodeResult: success, version: HTTP/1.1)
POST /session/32fcf78cea763cfad60227fe91768df7/execute/sync HTTP/1.1
User-Agent: selenium/4.8.1 (java windows)
Content-Length: 176
Content-Type: application/json; charset=utf-8
host: localhost:23560
accept: */*

Response DefaultHttpResponse(decodeResult: success, version: HTTP/1.1)
HTTP/1.1 200 OK
Content-Length: 816995
Content-Type: application/json; charset=utf-8
cache-control: no-cache

23:00:51.090 [AsyncHttpClient-1-2] DEBUG org.asynchttpclient.netty.channel.ChannelManager - Adding key: http://localhost:23560 for channel [id: 0xaa75d4bf, L:/127.0.0.1:54591 - R:localhost/127.0.0.1:23560]
23:00:51.161 [Forwarding getCurrentUrl on session 32fcf78cea763cfad60227fe91768df7 to remote] DEBUG org.asynchttpclient.netty.request.NettyRequestSender - Using pooled Channel '[id: 0xaa75d4bf, L:/127.0.0.1:54591 - R:localhost/127.0.0.1:23560]' for 'GET' to 'http://localhost:23560/session/32fcf78cea763cfad60227fe91768df7/url'
23:00:51.161 [Forwarding getCurrentUrl on session 32fcf78cea763cfad60227fe91768df7 to remote] DEBUG org.asynchttpclient.netty.request.NettyRequestSender - Using open Channel [id: 0xaa75d4bf, L:/127.0.0.1:54591 - R:localhost/127.0.0.1:23560] for GET '/session/32fcf78cea763cfad60227fe91768df7/url'
23:00:51.167 [AsyncHttpClient-1-2] DEBUG org.asynchttpclient.netty.handler.HttpHandler - 

Request DefaultFullHttpRequest(decodeResult: success, version: HTTP/1.1, content: EmptyByteBufBE)
GET /session/32fcf78cea763cfad60227fe91768df7/url HTTP/1.1
User-Agent: selenium/4.8.1 (java windows)
Cache-Control: no-cache
Content-Type: application/json; charset=utf-8
host: localhost:23560
accept: */*

Response DefaultHttpResponse(decodeResult: success, version: HTTP/1.1)
HTTP/1.1 200 OK
Content-Length: 41
Content-Type: application/json; charset=utf-8
cache-control: no-cache

23:00:51.167 [AsyncHttpClient-1-2] DEBUG org.asynchttpclient.netty.channel.ChannelManager - Adding key: http://localhost:23560 for channel [id: 0xaa75d4bf, L:/127.0.0.1:54591 - R:localhost/127.0.0.1:23560]
23:00:51.170 [main] DEBUG net.thucydides.core.steps.StepInterceptor - STARTING STEP: HomepageSteps.clickBuyButton - clickBeliProduk1
23:00:51.172 [Forwarding findElement on session 32fcf78cea763cfad60227fe91768df7 to remote] DEBUG org.asynchttpclient.netty.request.NettyRequestSender - Using pooled Channel '[id: 0xaa75d4bf, L:/127.0.0.1:54591 - R:localhost/127.0.0.1:23560]' for 'POST' to 'http://localhost:23560/session/32fcf78cea763cfad60227fe91768df7/element'
23:00:51.172 [Forwarding findElement on session 32fcf78cea763cfad60227fe91768df7 to remote] DEBUG org.asynchttpclient.netty.request.NettyRequestSender - Using open Channel [id: 0xaa75d4bf, L:/127.0.0.1:54591 - R:localhost/127.0.0.1:23560] for POST '/session/32fcf78cea763cfad60227fe91768df7/element'
23:00:51.195 [AsyncHttpClient-1-2] DEBUG org.asynchttpclient.netty.handler.HttpHandler - 

Request DefaultHttpRequest(decodeResult: success, version: HTTP/1.1)
POST /session/32fcf78cea763cfad60227fe91768df7/element HTTP/1.1
User-Agent: selenium/4.8.1 (java windows)
Content-Length: 113
Content-Type: application/json; charset=utf-8
host: localhost:23560
accept: */*

Response DefaultHttpResponse(decodeResult: success, version: HTTP/1.1)
HTTP/1.1 200 OK
Content-Length: 94
Content-Type: application/json; charset=utf-8
cache-control: no-cache

23:00:51.195 [AsyncHttpClient-1-2] DEBUG org.asynchttpclient.netty.channel.ChannelManager - Adding key: http://localhost:23560 for channel [id: 0xaa75d4bf, L:/127.0.0.1:54591 - R:localhost/127.0.0.1:23560]
23:00:51.195 [Forwarding getElementTagName on session 32fcf78cea763cfad60227fe91768df7 to remote] DEBUG org.asynchttpclient.netty.request.NettyRequestSender - Using pooled Channel '[id: 0xaa75d4bf, L:/127.0.0.1:54591 - R:localhost/127.0.0.1:23560]' for 'GET' to 'http://localhost:23560/session/32fcf78cea763cfad60227fe91768df7/element/AF5958F224AAD1FB13F1D1279E3482AE_element_9/name'
23:00:51.195 [Forwarding getElementTagName on session 32fcf78cea763cfad60227fe91768df7 to remote] DEBUG org.asynchttpclient.netty.request.NettyRequestSender - Using open Channel [id: 0xaa75d4bf, L:/127.0.0.1:54591 - R:localhost/127.0.0.1:23560] for GET '/session/32fcf78cea763cfad60227fe91768df7/element/AF5958F224AAD1FB13F1D1279E3482AE_element_9/name'
23:00:51.204 [AsyncHttpClient-1-2] DEBUG org.asynchttpclient.netty.handler.HttpHandler - 

Request DefaultFullHttpRequest(decodeResult: success, version: HTTP/1.1, content: EmptyByteBufBE)
GET /session/32fcf78cea763cfad60227fe91768df7/element/AF5958F224AAD1FB13F1D1279E3482AE_element_9/name HTTP/1.1
User-Agent: selenium/4.8.1 (java windows)
Cache-Control: no-cache
Content-Type: application/json; charset=utf-8
host: localhost:23560
accept: */*

Response DefaultHttpResponse(decodeResult: success, version: HTTP/1.1)
HTTP/1.1 200 OK
Content-Length: 18
Content-Type: application/json; charset=utf-8
cache-control: no-cache

23:00:51.204 [AsyncHttpClient-1-2] DEBUG org.asynchttpclient.netty.channel.ChannelManager - Adding key: http://localhost:23560 for channel [id: 0xaa75d4bf, L:/127.0.0.1:54591 - R:localhost/127.0.0.1:23560]
23:00:51.205 [Forwarding getElementTagName on session 32fcf78cea763cfad60227fe91768df7 to remote] DEBUG org.asynchttpclient.netty.request.NettyRequestSender - Using pooled Channel '[id: 0xaa75d4bf, L:/127.0.0.1:54591 - R:localhost/127.0.0.1:23560]' for 'GET' to 'http://localhost:23560/session/32fcf78cea763cfad60227fe91768df7/element/AF5958F224AAD1FB13F1D1279E3482AE_element_9/name'
23:00:51.205 [Forwarding getElementTagName on session 32fcf78cea763cfad60227fe91768df7 to remote] DEBUG org.asynchttpclient.netty.request.NettyRequestSender - Using open Channel [id: 0xaa75d4bf, L:/127.0.0.1:54591 - R:localhost/127.0.0.1:23560] for GET '/session/32fcf78cea763cfad60227fe91768df7/element/AF5958F224AAD1FB13F1D1279E3482AE_element_9/name'
23:00:51.212 [AsyncHttpClient-1-2] DEBUG org.asynchttpclient.netty.handler.HttpHandler - 

Request DefaultFullHttpRequest(decodeResult: success, version: HTTP/1.1, content: EmptyByteBufBE)
GET /session/32fcf78cea763cfad60227fe91768df7/element/AF5958F224AAD1FB13F1D1279E3482AE_element_9/name HTTP/1.1
User-Agent: selenium/4.8.1 (java windows)
Cache-Control: no-cache
Content-Type: application/json; charset=utf-8
host: localhost:23560
accept: */*

Response DefaultHttpResponse(decodeResult: success, version: HTTP/1.1)
HTTP/1.1 200 OK
Content-Length: 18
Content-Type: application/json; charset=utf-8
cache-control: no-cache

23:00:51.212 [AsyncHttpClient-1-2] DEBUG org.asynchttpclient.netty.channel.ChannelManager - Adding key: http://localhost:23560 for channel [id: 0xaa75d4bf, L:/127.0.0.1:54591 - R:localhost/127.0.0.1:23560]
23:00:51.214 [Forwarding isElementEnabled on session 32fcf78cea763cfad60227fe91768df7 to remote] DEBUG org.asynchttpclient.netty.request.NettyRequestSender - Using pooled Channel '[id: 0xaa75d4bf, L:/127.0.0.1:54591 - R:localhost/127.0.0.1:23560]' for 'GET' to 'http://localhost:23560/session/32fcf78cea763cfad60227fe91768df7/element/AF5958F224AAD1FB13F1D1279E3482AE_element_9/enabled'
23:00:51.214 [Forwarding isElementEnabled on session 32fcf78cea763cfad60227fe91768df7 to remote] DEBUG org.asynchttpclient.netty.request.NettyRequestSender - Using open Channel [id: 0xaa75d4bf, L:/127.0.0.1:54591 - R:localhost/127.0.0.1:23560] for GET '/session/32fcf78cea763cfad60227fe91768df7/element/AF5958F224AAD1FB13F1D1279E3482AE_element_9/enabled'
23:00:51.227 [AsyncHttpClient-1-2] DEBUG org.asynchttpclient.netty.handler.HttpHandler - 

Request DefaultFullHttpRequest(decodeResult: success, version: HTTP/1.1, content: EmptyByteBufBE)
GET /session/32fcf78cea763cfad60227fe91768df7/element/AF5958F224AAD1FB13F1D1279E3482AE_element_9/enabled HTTP/1.1
User-Agent: selenium/4.8.1 (java windows)
Cache-Control: no-cache
Content-Type: application/json; charset=utf-8
host: localhost:23560
accept: */*

Response DefaultHttpResponse(decodeResult: success, version: HTTP/1.1)
HTTP/1.1 200 OK
Content-Length: 14
Content-Type: application/json; charset=utf-8
cache-control: no-cache

23:00:51.227 [AsyncHttpClient-1-2] DEBUG org.asynchttpclient.netty.channel.ChannelManager - Adding key: http://localhost:23560 for channel [id: 0xaa75d4bf, L:/127.0.0.1:54591 - R:localhost/127.0.0.1:23560]
23:00:51.228 [Forwarding isElementEnabled on session 32fcf78cea763cfad60227fe91768df7 to remote] DEBUG org.asynchttpclient.netty.request.NettyRequestSender - Using pooled Channel '[id: 0xaa75d4bf, L:/127.0.0.1:54591 - R:localhost/127.0.0.1:23560]' for 'GET' to 'http://localhost:23560/session/32fcf78cea763cfad60227fe91768df7/element/AF5958F224AAD1FB13F1D1279E3482AE_element_9/enabled'
23:00:51.228 [Forwarding isElementEnabled on session 32fcf78cea763cfad60227fe91768df7 to remote] DEBUG org.asynchttpclient.netty.request.NettyRequestSender - Using open Channel [id: 0xaa75d4bf, L:/127.0.0.1:54591 - R:localhost/127.0.0.1:23560] for GET '/session/32fcf78cea763cfad60227fe91768df7/element/AF5958F224AAD1FB13F1D1279E3482AE_element_9/enabled'
23:00:51.238 [AsyncHttpClient-1-2] DEBUG org.asynchttpclient.netty.handler.HttpHandler - 

Request DefaultFullHttpRequest(decodeResult: success, version: HTTP/1.1, content: EmptyByteBufBE)
GET /session/32fcf78cea763cfad60227fe91768df7/element/AF5958F224AAD1FB13F1D1279E3482AE_element_9/enabled HTTP/1.1
User-Agent: selenium/4.8.1 (java windows)
Cache-Control: no-cache
Content-Type: application/json; charset=utf-8
host: localhost:23560
accept: */*

Response DefaultHttpResponse(decodeResult: success, version: HTTP/1.1)
HTTP/1.1 200 OK
Content-Length: 14
Content-Type: application/json; charset=utf-8
cache-control: no-cache

23:00:51.238 [AsyncHttpClient-1-2] DEBUG org.asynchttpclient.netty.channel.ChannelManager - Adding key: http://localhost:23560 for channel [id: 0xaa75d4bf, L:/127.0.0.1:54591 - R:localhost/127.0.0.1:23560]
23:00:51.241 [Forwarding findElement on session 32fcf78cea763cfad60227fe91768df7 to remote] DEBUG org.asynchttpclient.netty.request.NettyRequestSender - Using pooled Channel '[id: 0xaa75d4bf, L:/127.0.0.1:54591 - R:localhost/127.0.0.1:23560]' for 'POST' to 'http://localhost:23560/session/32fcf78cea763cfad60227fe91768df7/element'
23:00:51.241 [Forwarding findElement on session 32fcf78cea763cfad60227fe91768df7 to remote] DEBUG org.asynchttpclient.netty.request.NettyRequestSender - Using open Channel [id: 0xaa75d4bf, L:/127.0.0.1:54591 - R:localhost/127.0.0.1:23560] for POST '/session/32fcf78cea763cfad60227fe91768df7/element'
23:00:51.258 [AsyncHttpClient-1-2] DEBUG org.asynchttpclient.netty.handler.HttpHandler - 

Request DefaultHttpRequest(decodeResult: success, version: HTTP/1.1)
POST /session/32fcf78cea763cfad60227fe91768df7/element HTTP/1.1
User-Agent: selenium/4.8.1 (java windows)
Content-Length: 113
Content-Type: application/json; charset=utf-8
host: localhost:23560
accept: */*

Response DefaultHttpResponse(decodeResult: success, version: HTTP/1.1)
HTTP/1.1 200 OK
Content-Length: 94
Content-Type: application/json; charset=utf-8
cache-control: no-cache

23:00:51.258 [AsyncHttpClient-1-2] DEBUG org.asynchttpclient.netty.channel.ChannelManager - Adding key: http://localhost:23560 for channel [id: 0xaa75d4bf, L:/127.0.0.1:54591 - R:localhost/127.0.0.1:23560]
23:00:51.259 [Forwarding clickElement on session 32fcf78cea763cfad60227fe91768df7 to remote] DEBUG org.asynchttpclient.netty.request.NettyRequestSender - Using pooled Channel '[id: 0xaa75d4bf, L:/127.0.0.1:54591 - R:localhost/127.0.0.1:23560]' for 'POST' to 'http://localhost:23560/session/32fcf78cea763cfad60227fe91768df7/element/AF5958F224AAD1FB13F1D1279E3482AE_element_9/click'
23:00:51.259 [Forwarding clickElement on session 32fcf78cea763cfad60227fe91768df7 to remote] DEBUG org.asynchttpclient.netty.request.NettyRequestSender - Using open Channel [id: 0xaa75d4bf, L:/127.0.0.1:54591 - R:localhost/127.0.0.1:23560] for POST '/session/32fcf78cea763cfad60227fe91768df7/element/AF5958F224AAD1FB13F1D1279E3482AE_element_9/click'
23:00:51.396 [AsyncHttpClient-1-2] DEBUG org.asynchttpclient.netty.handler.HttpHandler - 

Request DefaultHttpRequest(decodeResult: success, version: HTTP/1.1)
POST /session/32fcf78cea763cfad60227fe91768df7/element/AF5958F224AAD1FB13F1D1279E3482AE_element_9/click HTTP/1.1
User-Agent: selenium/4.8.1 (java windows)
Content-Length: 56
Content-Type: application/json; charset=utf-8
host: localhost:23560
accept: */*

Response DefaultHttpResponse(decodeResult: success, version: HTTP/1.1)
HTTP/1.1 200 OK
Content-Length: 14
Content-Type: application/json; charset=utf-8
cache-control: no-cache

23:00:51.396 [AsyncHttpClient-1-2] DEBUG org.asynchttpclient.netty.channel.ChannelManager - Adding key: http://localhost:23560 for channel [id: 0xaa75d4bf, L:/127.0.0.1:54591 - R:localhost/127.0.0.1:23560]
23:00:51.402 [Forwarding getAlertText on session 32fcf78cea763cfad60227fe91768df7 to remote] DEBUG org.asynchttpclient.netty.request.NettyRequestSender - Using pooled Channel '[id: 0xaa75d4bf, L:/127.0.0.1:54591 - R:localhost/127.0.0.1:23560]' for 'GET' to 'http://localhost:23560/session/32fcf78cea763cfad60227fe91768df7/alert/text'
23:00:51.402 [Forwarding getAlertText on session 32fcf78cea763cfad60227fe91768df7 to remote] DEBUG org.asynchttpclient.netty.request.NettyRequestSender - Using open Channel [id: 0xaa75d4bf, L:/127.0.0.1:54591 - R:localhost/127.0.0.1:23560] for GET '/session/32fcf78cea763cfad60227fe91768df7/alert/text'
23:00:51.404 [AsyncHttpClient-1-2] DEBUG org.asynchttpclient.netty.handler.HttpHandler - 

Request DefaultFullHttpRequest(decodeResult: success, version: HTTP/1.1, content: EmptyByteBufBE)
GET /session/32fcf78cea763cfad60227fe91768df7/alert/text HTTP/1.1
User-Agent: selenium/4.8.1 (java windows)
Cache-Control: no-cache
Content-Type: application/json; charset=utf-8
host: localhost:23560
accept: */*

Response DefaultHttpResponse(decodeResult: success, version: HTTP/1.1)
HTTP/1.1 404 Not Found
Content-Length: 820
Content-Type: application/json; charset=utf-8
cache-control: no-cache

23:00:51.404 [AsyncHttpClient-1-2] DEBUG org.asynchttpclient.netty.channel.ChannelManager - Adding key: http://localhost:23560 for channel [id: 0xaa75d4bf, L:/127.0.0.1:54591 - R:localhost/127.0.0.1:23560]
23:00:51.405 [Forwarding getCurrentUrl on session 32fcf78cea763cfad60227fe91768df7 to remote] DEBUG org.asynchttpclient.netty.request.NettyRequestSender - Using pooled Channel '[id: 0xaa75d4bf, L:/127.0.0.1:54591 - R:localhost/127.0.0.1:23560]' for 'GET' to 'http://localhost:23560/session/32fcf78cea763cfad60227fe91768df7/url'
23:00:51.405 [Forwarding getCurrentUrl on session 32fcf78cea763cfad60227fe91768df7 to remote] DEBUG org.asynchttpclient.netty.request.NettyRequestSender - Using open Channel [id: 0xaa75d4bf, L:/127.0.0.1:54591 - R:localhost/127.0.0.1:23560] for GET '/session/32fcf78cea763cfad60227fe91768df7/url'
23:00:51.419 [AsyncHttpClient-1-2] DEBUG org.asynchttpclient.netty.handler.HttpHandler - 

Request DefaultFullHttpRequest(decodeResult: success, version: HTTP/1.1, content: EmptyByteBufBE)
GET /session/32fcf78cea763cfad60227fe91768df7/url HTTP/1.1
User-Agent: selenium/4.8.1 (java windows)
Cache-Control: no-cache
Content-Type: application/json; charset=utf-8
host: localhost:23560
accept: */*

Response DefaultHttpResponse(decodeResult: success, version: HTTP/1.1)
HTTP/1.1 200 OK
Content-Length: 41
Content-Type: application/json; charset=utf-8
cache-control: no-cache

23:00:51.419 [AsyncHttpClient-1-2] DEBUG org.asynchttpclient.netty.channel.ChannelManager - Adding key: http://localhost:23560 for channel [id: 0xaa75d4bf, L:/127.0.0.1:54591 - R:localhost/127.0.0.1:23560]
23:00:51.420 [Forwarding screenshot on session 32fcf78cea763cfad60227fe91768df7 to remote] DEBUG org.asynchttpclient.netty.request.NettyRequestSender - Using pooled Channel '[id: 0xaa75d4bf, L:/127.0.0.1:54591 - R:localhost/127.0.0.1:23560]' for 'GET' to 'http://localhost:23560/session/32fcf78cea763cfad60227fe91768df7/screenshot'
23:00:51.420 [Forwarding screenshot on session 32fcf78cea763cfad60227fe91768df7 to remote] DEBUG org.asynchttpclient.netty.request.NettyRequestSender - Using open Channel [id: 0xaa75d4bf, L:/127.0.0.1:54591 - R:localhost/127.0.0.1:23560] for GET '/session/32fcf78cea763cfad60227fe91768df7/screenshot'
23:00:51.617 [AsyncHttpClient-1-2] DEBUG org.asynchttpclient.netty.handler.HttpHandler - 

Request DefaultFullHttpRequest(decodeResult: success, version: HTTP/1.1, content: EmptyByteBufBE)
GET /session/32fcf78cea763cfad60227fe91768df7/screenshot HTTP/1.1
User-Agent: selenium/4.8.1 (java windows)
Cache-Control: no-cache
Content-Type: application/json; charset=utf-8
host: localhost:23560
accept: */*

Response DefaultHttpResponse(decodeResult: success, version: HTTP/1.1)
HTTP/1.1 200 OK
Content-Length: 87596
Content-Type: application/json; charset=utf-8
cache-control: no-cache

23:00:51.617 [AsyncHttpClient-1-2] DEBUG org.asynchttpclient.netty.channel.ChannelManager - Adding key: http://localhost:23560 for channel [id: 0xaa75d4bf, L:/127.0.0.1:54591 - R:localhost/127.0.0.1:23560]
23:00:51.620 [main] DEBUG net.serenitybdd.core.photography.Darkroom - Send negative for processing for target\site\serenity\2c525d5a89b9a9200bede87ac3c588679a23a23ef9f9c64ba44ac8b8b1a45acd.png
23:00:51.620 [main] DEBUG net.thucydides.core.steps.StepInterceptor - STEP DONE: clickBeliProduk1
  &amp#27;[32mAnd &amp#27;[0m&amp#27;[32mI click buy button&amp#27;[0m                    &amp#27;[90m# starter.stepdefinitions.HomepageSteps.clickBuyButton()&amp#27;[0m
23:00:51.620 [Darkroom Processing Line] DEBUG net.serenitybdd.core.photography.DarkroomProcessingLine - Processing screenshot image in /var/screenshots/screenshot-6050308152537539028
23:00:51.620 [Darkroom Processing Line] DEBUG net.serenitybdd.core.photography.DarkroomProcessingLine - Saving screenshot to target\site\serenity\2c525d5a89b9a9200bede87ac3c588679a23a23ef9f9c64ba44ac8b8b1a45acd.png
23:00:51.628 [Forwarding getPageSource on session 32fcf78cea763cfad60227fe91768df7 to remote] DEBUG org.asynchttpclient.netty.request.NettyRequestSender - Using pooled Channel '[id: 0xaa75d4bf, L:/127.0.0.1:54591 - R:localhost/127.0.0.1:23560]' for 'POST' to 'http://localhost:23560/session/32fcf78cea763cfad60227fe91768df7/execute/sync'
23:00:51.628 [Forwarding getPageSource on session 32fcf78cea763cfad60227fe91768df7 to remote] DEBUG org.asynchttpclient.netty.request.NettyRequestSender - Using open Channel [id: 0xaa75d4bf, L:/127.0.0.1:54591 - R:localhost/127.0.0.1:23560] for POST '/session/32fcf78cea763cfad60227fe91768df7/execute/sync'
23:00:51.682 [AsyncHttpClient-1-2] DEBUG org.asynchttpclient.netty.handler.HttpHandler - 

Request DefaultHttpRequest(decodeResult: success, version: HTTP/1.1)
POST /session/32fcf78cea763cfad60227fe91768df7/execute/sync HTTP/1.1
User-Agent: selenium/4.8.1 (java windows)
Content-Length: 176
Content-Type: application/json; charset=utf-8
host: localhost:23560
accept: */*

Response DefaultHttpResponse(decodeResult: success, version: HTTP/1.1)
HTTP/1.1 200 OK
Content-Length: 817393
Content-Type: application/json; charset=utf-8
cache-control: no-cache

23:00:51.683 [AsyncHttpClient-1-2] DEBUG org.asynchttpclient.netty.channel.ChannelManager - Adding key: http://localhost:23560 for channel [id: 0xaa75d4bf, L:/127.0.0.1:54591 - R:localhost/127.0.0.1:23560]
23:00:51.755 [Forwarding getCurrentUrl on session 32fcf78cea763cfad60227fe91768df7 to remote] DEBUG org.asynchttpclient.netty.request.NettyRequestSender - Using pooled Channel '[id: 0xaa75d4bf, L:/127.0.0.1:54591 - R:localhost/127.0.0.1:23560]' for 'GET' to 'http://localhost:23560/session/32fcf78cea763cfad60227fe91768df7/url'
23:00:51.755 [Forwarding getCurrentUrl on session 32fcf78cea763cfad60227fe91768df7 to remote] DEBUG org.asynchttpclient.netty.request.NettyRequestSender - Using open Channel [id: 0xaa75d4bf, L:/127.0.0.1:54591 - R:localhost/127.0.0.1:23560] for GET '/session/32fcf78cea763cfad60227fe91768df7/url'
23:00:51.761 [AsyncHttpClient-1-2] DEBUG org.asynchttpclient.netty.handler.HttpHandler - 

Request DefaultFullHttpRequest(decodeResult: success, version: HTTP/1.1, content: EmptyByteBufBE)
GET /session/32fcf78cea763cfad60227fe91768df7/url HTTP/1.1
User-Agent: selenium/4.8.1 (java windows)
Cache-Control: no-cache
Content-Type: application/json; charset=utf-8
host: localhost:23560
accept: */*

Response DefaultHttpResponse(decodeResult: success, version: HTTP/1.1)
HTTP/1.1 200 OK
Content-Length: 41
Content-Type: application/json; charset=utf-8
cache-control: no-cache

23:00:51.762 [AsyncHttpClient-1-2] DEBUG org.asynchttpclient.netty.channel.ChannelManager - Adding key: http://localhost:23560 for channel [id: 0xaa75d4bf, L:/127.0.0.1:54591 - R:localhost/127.0.0.1:23560]
23:00:51.771 [Forwarding getAlertText on session 32fcf78cea763cfad60227fe91768df7 to remote] DEBUG org.asynchttpclient.netty.request.NettyRequestSender - Using pooled Channel '[id: 0xaa75d4bf, L:/127.0.0.1:54591 - R:localhost/127.0.0.1:23560]' for 'GET' to 'http://localhost:23560/session/32fcf78cea763cfad60227fe91768df7/alert/text'
23:00:51.771 [Forwarding getAlertText on session 32fcf78cea763cfad60227fe91768df7 to remote] DEBUG org.asynchttpclient.netty.request.NettyRequestSender - Using open Channel [id: 0xaa75d4bf, L:/127.0.0.1:54591 - R:localhost/127.0.0.1:23560] for GET '/session/32fcf78cea763cfad60227fe91768df7/alert/text'
23:00:51.773 [AsyncHttpClient-1-2] DEBUG org.asynchttpclient.netty.handler.HttpHandler - 

Request DefaultFullHttpRequest(decodeResult: success, version: HTTP/1.1, content: EmptyByteBufBE)
GET /session/32fcf78cea763cfad60227fe91768df7/alert/text HTTP/1.1
User-Agent: selenium/4.8.1 (java windows)
Cache-Control: no-cache
Content-Type: application/json; charset=utf-8
host: localhost:23560
accept: */*

Response DefaultHttpResponse(decodeResult: success, version: HTTP/1.1)
HTTP/1.1 404 Not Found
Content-Length: 820
Content-Type: application/json; charset=utf-8
cache-control: no-cache

23:00:51.773 [AsyncHttpClient-1-2] DEBUG org.asynchttpclient.netty.channel.ChannelManager - Adding key: http://localhost:23560 for channel [id: 0xaa75d4bf, L:/127.0.0.1:54591 - R:localhost/127.0.0.1:23560]
23:00:51.773 [Forwarding getCurrentUrl on session 32fcf78cea763cfad60227fe91768df7 to remote] DEBUG org.asynchttpclient.netty.request.NettyRequestSender - Using pooled Channel '[id: 0xaa75d4bf, L:/127.0.0.1:54591 - R:localhost/127.0.0.1:23560]' for 'GET' to 'http://localhost:23560/session/32fcf78cea763cfad60227fe91768df7/url'
23:00:51.773 [Forwarding getCurrentUrl on session 32fcf78cea763cfad60227fe91768df7 to remote] DEBUG org.asynchttpclient.netty.request.NettyRequestSender - Using open Channel [id: 0xaa75d4bf, L:/127.0.0.1:54591 - R:localhost/127.0.0.1:23560] for GET '/session/32fcf78cea763cfad60227fe91768df7/url'
23:00:51.780 [AsyncHttpClient-1-2] DEBUG org.asynchttpclient.netty.handler.HttpHandler - 

Request DefaultFullHttpRequest(decodeResult: success, version: HTTP/1.1, content: EmptyByteBufBE)
GET /session/32fcf78cea763cfad60227fe91768df7/url HTTP/1.1
User-Agent: selenium/4.8.1 (java windows)
Cache-Control: no-cache
Content-Type: application/json; charset=utf-8
host: localhost:23560
accept: */*

Response DefaultHttpResponse(decodeResult: success, version: HTTP/1.1)
HTTP/1.1 200 OK
Content-Length: 41
Content-Type: application/json; charset=utf-8
cache-control: no-cache

23:00:51.781 [AsyncHttpClient-1-2] DEBUG org.asynchttpclient.netty.channel.ChannelManager - Adding key: http://localhost:23560 for channel [id: 0xaa75d4bf, L:/127.0.0.1:54591 - R:localhost/127.0.0.1:23560]
23:00:51.781 [Forwarding screenshot on session 32fcf78cea763cfad60227fe91768df7 to remote] DEBUG org.asynchttpclient.netty.request.NettyRequestSender - Using pooled Channel '[id: 0xaa75d4bf, L:/127.0.0.1:54591 - R:localhost/127.0.0.1:23560]' for 'GET' to 'http://localhost:23560/session/32fcf78cea763cfad60227fe91768df7/screenshot'
23:00:51.781 [Forwarding screenshot on session 32fcf78cea763cfad60227fe91768df7 to remote] DEBUG org.asynchttpclient.netty.request.NettyRequestSender - Using open Channel [id: 0xaa75d4bf, L:/127.0.0.1:54591 - R:localhost/127.0.0.1:23560] for GET '/session/32fcf78cea763cfad60227fe91768df7/screenshot'
23:00:52.062 [AsyncHttpClient-1-2] DEBUG org.asynchttpclient.netty.handler.HttpHandler - 

Request DefaultFullHttpRequest(decodeResult: success, version: HTTP/1.1, content: EmptyByteBufBE)
GET /session/32fcf78cea763cfad60227fe91768df7/screenshot HTTP/1.1
User-Agent: selenium/4.8.1 (java windows)
Cache-Control: no-cache
Content-Type: application/json; charset=utf-8
host: localhost:23560
accept: */*

Response DefaultHttpResponse(decodeResult: success, version: HTTP/1.1)
HTTP/1.1 200 OK
Content-Length: 86760
Content-Type: application/json; charset=utf-8
cache-control: no-cache

23:00:52.062 [AsyncHttpClient-1-2] DEBUG org.asynchttpclient.netty.channel.ChannelManager - Adding key: http://localhost:23560 for channel [id: 0xaa75d4bf, L:/127.0.0.1:54591 - R:localhost/127.0.0.1:23560]
23:00:52.066 [main] DEBUG net.serenitybdd.core.photography.Darkroom - Send negative for processing for target\site\serenity\3c64228fced8420947de70d2a1206d7a9fe0435a5f82c0b8f178bf0db0cc54c8.png
23:00:52.067 [Forwarding getPageSource on session 32fcf78cea763cfad60227fe91768df7 to remote] DEBUG org.asynchttpclient.netty.request.NettyRequestSender - Using pooled Channel '[id: 0xaa75d4bf, L:/127.0.0.1:54591 - R:localhost/127.0.0.1:23560]' for 'POST' to 'http://localhost:23560/session/32fcf78cea763cfad60227fe91768df7/execute/sync'
23:00:52.067 [Forwarding getPageSource on session 32fcf78cea763cfad60227fe91768df7 to remote] DEBUG org.asynchttpclient.netty.request.NettyRequestSender - Using open Channel [id: 0xaa75d4bf, L:/127.0.0.1:54591 - R:localhost/127.0.0.1:23560] for POST '/session/32fcf78cea763cfad60227fe91768df7/execute/sync'
23:00:52.104 [AsyncHttpClient-1-1] DEBUG org.asynchttpclient.netty.channel.DefaultChannelPool - Entry count for : http://localhost:54592 : 1
23:00:52.135 [AsyncHttpClient-1-2] DEBUG org.asynchttpclient.netty.handler.HttpHandler - 

Request DefaultHttpRequest(decodeResult: success, version: HTTP/1.1)
POST /session/32fcf78cea763cfad60227fe91768df7/execute/sync HTTP/1.1
User-Agent: selenium/4.8.1 (java windows)
Content-Length: 176
Content-Type: application/json; charset=utf-8
host: localhost:23560
accept: */*

Response DefaultHttpResponse(decodeResult: success, version: HTTP/1.1)
HTTP/1.1 200 OK
Content-Length: 817003
Content-Type: application/json; charset=utf-8
cache-control: no-cache

23:00:52.135 [AsyncHttpClient-1-2] DEBUG org.asynchttpclient.netty.channel.ChannelManager - Adding key: http://localhost:23560 for channel [id: 0xaa75d4bf, L:/127.0.0.1:54591 - R:localhost/127.0.0.1:23560]
23:00:52.223 [Forwarding getCurrentUrl on session 32fcf78cea763cfad60227fe91768df7 to remote] DEBUG org.asynchttpclient.netty.request.NettyRequestSender - Using pooled Channel '[id: 0xaa75d4bf, L:/127.0.0.1:54591 - R:localhost/127.0.0.1:23560]' for 'GET' to 'http://localhost:23560/session/32fcf78cea763cfad60227fe91768df7/url'
23:00:52.223 [Forwarding getCurrentUrl on session 32fcf78cea763cfad60227fe91768df7 to remote] DEBUG org.asynchttpclient.netty.request.NettyRequestSender - Using open Channel [id: 0xaa75d4bf, L:/127.0.0.1:54591 - R:localhost/127.0.0.1:23560] for GET '/session/32fcf78cea763cfad60227fe91768df7/url'
23:00:52.231 [AsyncHttpClient-1-2] DEBUG org.asynchttpclient.netty.handler.HttpHandler - 

Request DefaultFullHttpRequest(decodeResult: success, version: HTTP/1.1, content: EmptyByteBufBE)
GET /session/32fcf78cea763cfad60227fe91768df7/url HTTP/1.1
User-Agent: selenium/4.8.1 (java windows)
Cache-Control: no-cache
Content-Type: application/json; charset=utf-8
host: localhost:23560
accept: */*

Response DefaultHttpResponse(decodeResult: success, version: HTTP/1.1)
HTTP/1.1 200 OK
Content-Length: 41
Content-Type: application/json; charset=utf-8
cache-control: no-cache

23:00:52.231 [AsyncHttpClient-1-2] DEBUG org.asynchttpclient.netty.channel.ChannelManager - Adding key: http://localhost:23560 for channel [id: 0xaa75d4bf, L:/127.0.0.1:54591 - R:localhost/127.0.0.1:23560]
23:00:52.235 [main] DEBUG net.thucydides.core.steps.StepInterceptor - STARTING STEP: HomepageSteps.clickBuyButtonAgain - clickBeliProduk1
23:00:52.237 [Forwarding findElement on session 32fcf78cea763cfad60227fe91768df7 to remote] DEBUG org.asynchttpclient.netty.request.NettyRequestSender - Using pooled Channel '[id: 0xaa75d4bf, L:/127.0.0.1:54591 - R:localhost/127.0.0.1:23560]' for 'POST' to 'http://localhost:23560/session/32fcf78cea763cfad60227fe91768df7/element'
23:00:52.237 [Forwarding findElement on session 32fcf78cea763cfad60227fe91768df7 to remote] DEBUG org.asynchttpclient.netty.request.NettyRequestSender - Using open Channel [id: 0xaa75d4bf, L:/127.0.0.1:54591 - R:localhost/127.0.0.1:23560] for POST '/session/32fcf78cea763cfad60227fe91768df7/element'
23:00:52.255 [AsyncHttpClient-1-2] DEBUG org.asynchttpclient.netty.handler.HttpHandler - 

Request DefaultHttpRequest(decodeResult: success, version: HTTP/1.1)
POST /session/32fcf78cea763cfad60227fe91768df7/element HTTP/1.1
User-Agent: selenium/4.8.1 (java windows)
Content-Length: 113
Content-Type: application/json; charset=utf-8
host: localhost:23560
accept: */*

Response DefaultHttpResponse(decodeResult: success, version: HTTP/1.1)
HTTP/1.1 200 OK
Content-Length: 94
Content-Type: application/json; charset=utf-8
cache-control: no-cache

23:00:52.255 [AsyncHttpClient-1-2] DEBUG org.asynchttpclient.netty.channel.ChannelManager - Adding key: http://localhost:23560 for channel [id: 0xaa75d4bf, L:/127.0.0.1:54591 - R:localhost/127.0.0.1:23560]
23:00:52.255 [Forwarding getElementTagName on session 32fcf78cea763cfad60227fe91768df7 to remote] DEBUG org.asynchttpclient.netty.request.NettyRequestSender - Using pooled Channel '[id: 0xaa75d4bf, L:/127.0.0.1:54591 - R:localhost/127.0.0.1:23560]' for 'GET' to 'http://localhost:23560/session/32fcf78cea763cfad60227fe91768df7/element/AF5958F224AAD1FB13F1D1279E3482AE_element_9/name'
23:00:52.255 [Forwarding getElementTagName on session 32fcf78cea763cfad60227fe91768df7 to remote] DEBUG org.asynchttpclient.netty.request.NettyRequestSender - Using open Channel [id: 0xaa75d4bf, L:/127.0.0.1:54591 - R:localhost/127.0.0.1:23560] for GET '/session/32fcf78cea763cfad60227fe91768df7/element/AF5958F224AAD1FB13F1D1279E3482AE_element_9/name'
23:00:52.264 [AsyncHttpClient-1-2] DEBUG org.asynchttpclient.netty.handler.HttpHandler - 

Request DefaultFullHttpRequest(decodeResult: success, version: HTTP/1.1, content: EmptyByteBufBE)
GET /session/32fcf78cea763cfad60227fe91768df7/element/AF5958F224AAD1FB13F1D1279E3482AE_element_9/name HTTP/1.1
User-Agent: selenium/4.8.1 (java windows)
Cache-Control: no-cache
Content-Type: application/json; charset=utf-8
host: localhost:23560
accept: */*

Response DefaultHttpResponse(decodeResult: success, version: HTTP/1.1)
HTTP/1.1 200 OK
Content-Length: 18
Content-Type: application/json; charset=utf-8
cache-control: no-cache

23:00:52.264 [AsyncHttpClient-1-2] DEBUG org.asynchttpclient.netty.channel.ChannelManager - Adding key: http://localhost:23560 for channel [id: 0xaa75d4bf, L:/127.0.0.1:54591 - R:localhost/127.0.0.1:23560]
23:00:52.264 [Forwarding getElementTagName on session 32fcf78cea763cfad60227fe91768df7 to remote] DEBUG org.asynchttpclient.netty.request.NettyRequestSender - Using pooled Channel '[id: 0xaa75d4bf, L:/127.0.0.1:54591 - R:localhost/127.0.0.1:23560]' for 'GET' to 'http://localhost:23560/session/32fcf78cea763cfad60227fe91768df7/element/AF5958F224AAD1FB13F1D1279E3482AE_element_9/name'
23:00:52.264 [Forwarding getElementTagName on session 32fcf78cea763cfad60227fe91768df7 to remote] DEBUG org.asynchttpclient.netty.request.NettyRequestSender - Using open Channel [id: 0xaa75d4bf, L:/127.0.0.1:54591 - R:localhost/127.0.0.1:23560] for GET '/session/32fcf78cea763cfad60227fe91768df7/element/AF5958F224AAD1FB13F1D1279E3482AE_element_9/name'
23:00:52.272 [AsyncHttpClient-1-2] DEBUG org.asynchttpclient.netty.handler.HttpHandler - 

Request DefaultFullHttpRequest(decodeResult: success, version: HTTP/1.1, content: EmptyByteBufBE)
GET /session/32fcf78cea763cfad60227fe91768df7/element/AF5958F224AAD1FB13F1D1279E3482AE_element_9/name HTTP/1.1
User-Agent: selenium/4.8.1 (java windows)
Cache-Control: no-cache
Content-Type: application/json; charset=utf-8
host: localhost:23560
accept: */*

Response DefaultHttpResponse(decodeResult: success, version: HTTP/1.1)
HTTP/1.1 200 OK
Content-Length: 18
Content-Type: application/json; charset=utf-8
cache-control: no-cache

23:00:52.272 [AsyncHttpClient-1-2] DEBUG org.asynchttpclient.netty.channel.ChannelManager - Adding key: http://localhost:23560 for channel [id: 0xaa75d4bf, L:/127.0.0.1:54591 - R:localhost/127.0.0.1:23560]
23:00:52.273 [Forwarding isElementEnabled on session 32fcf78cea763cfad60227fe91768df7 to remote] DEBUG org.asynchttpclient.netty.request.NettyRequestSender - Using pooled Channel '[id: 0xaa75d4bf, L:/127.0.0.1:54591 - R:localhost/127.0.0.1:23560]' for 'GET' to 'http://localhost:23560/session/32fcf78cea763cfad60227fe91768df7/element/AF5958F224AAD1FB13F1D1279E3482AE_element_9/enabled'
23:00:52.273 [Forwarding isElementEnabled on session 32fcf78cea763cfad60227fe91768df7 to remote] DEBUG org.asynchttpclient.netty.request.NettyRequestSender - Using open Channel [id: 0xaa75d4bf, L:/127.0.0.1:54591 - R:localhost/127.0.0.1:23560] for GET '/session/32fcf78cea763cfad60227fe91768df7/element/AF5958F224AAD1FB13F1D1279E3482AE_element_9/enabled'
23:00:52.283 [AsyncHttpClient-1-2] DEBUG org.asynchttpclient.netty.handler.HttpHandler - 

Request DefaultFullHttpRequest(decodeResult: success, version: HTTP/1.1, content: EmptyByteBufBE)
GET /session/32fcf78cea763cfad60227fe91768df7/element/AF5958F224AAD1FB13F1D1279E3482AE_element_9/enabled HTTP/1.1
User-Agent: selenium/4.8.1 (java windows)
Cache-Control: no-cache
Content-Type: application/json; charset=utf-8
host: localhost:23560
accept: */*

Response DefaultHttpResponse(decodeResult: success, version: HTTP/1.1)
HTTP/1.1 200 OK
Content-Length: 14
Content-Type: application/json; charset=utf-8
cache-control: no-cache

23:00:52.283 [AsyncHttpClient-1-2] DEBUG org.asynchttpclient.netty.channel.ChannelManager - Adding key: http://localhost:23560 for channel [id: 0xaa75d4bf, L:/127.0.0.1:54591 - R:localhost/127.0.0.1:23560]
23:00:52.284 [Forwarding isElementEnabled on session 32fcf78cea763cfad60227fe91768df7 to remote] DEBUG org.asynchttpclient.netty.request.NettyRequestSender - Using pooled Channel '[id: 0xaa75d4bf, L:/127.0.0.1:54591 - R:localhost/127.0.0.1:23560]' for 'GET' to 'http://localhost:23560/session/32fcf78cea763cfad60227fe91768df7/element/AF5958F224AAD1FB13F1D1279E3482AE_element_9/enabled'
23:00:52.284 [Forwarding isElementEnabled on session 32fcf78cea763cfad60227fe91768df7 to remote] DEBUG org.asynchttpclient.netty.request.NettyRequestSender - Using open Channel [id: 0xaa75d4bf, L:/127.0.0.1:54591 - R:localhost/127.0.0.1:23560] for GET '/session/32fcf78cea763cfad60227fe91768df7/element/AF5958F224AAD1FB13F1D1279E3482AE_element_9/enabled'
23:00:52.296 [AsyncHttpClient-1-2] DEBUG org.asynchttpclient.netty.handler.HttpHandler - 

Request DefaultFullHttpRequest(decodeResult: success, version: HTTP/1.1, content: EmptyByteBufBE)
GET /session/32fcf78cea763cfad60227fe91768df7/element/AF5958F224AAD1FB13F1D1279E3482AE_element_9/enabled HTTP/1.1
User-Agent: selenium/4.8.1 (java windows)
Cache-Control: no-cache
Content-Type: application/json; charset=utf-8
host: localhost:23560
accept: */*

Response DefaultHttpResponse(decodeResult: success, version: HTTP/1.1)
HTTP/1.1 200 OK
Content-Length: 14
Content-Type: application/json; charset=utf-8
cache-control: no-cache

23:00:52.296 [AsyncHttpClient-1-2] DEBUG org.asynchttpclient.netty.channel.ChannelManager - Adding key: http://localhost:23560 for channel [id: 0xaa75d4bf, L:/127.0.0.1:54591 - R:localhost/127.0.0.1:23560]
23:00:52.297 [Forwarding findElement on session 32fcf78cea763cfad60227fe91768df7 to remote] DEBUG org.asynchttpclient.netty.request.NettyRequestSender - Using pooled Channel '[id: 0xaa75d4bf, L:/127.0.0.1:54591 - R:localhost/127.0.0.1:23560]' for 'POST' to 'http://localhost:23560/session/32fcf78cea763cfad60227fe91768df7/element'
23:00:52.297 [Forwarding findElement on session 32fcf78cea763cfad60227fe91768df7 to remote] DEBUG org.asynchttpclient.netty.request.NettyRequestSender - Using open Channel [id: 0xaa75d4bf, L:/127.0.0.1:54591 - R:localhost/127.0.0.1:23560] for POST '/session/32fcf78cea763cfad60227fe91768df7/element'
23:00:52.315 [AsyncHttpClient-1-2] DEBUG org.asynchttpclient.netty.handler.HttpHandler - 

Request DefaultHttpRequest(decodeResult: success, version: HTTP/1.1)
POST /session/32fcf78cea763cfad60227fe91768df7/element HTTP/1.1
User-Agent: selenium/4.8.1 (java windows)
Content-Length: 113
Content-Type: application/json; charset=utf-8
host: localhost:23560
accept: */*

Response DefaultHttpResponse(decodeResult: success, version: HTTP/1.1)
HTTP/1.1 200 OK
Content-Length: 94
Content-Type: application/json; charset=utf-8
cache-control: no-cache

23:00:52.315 [AsyncHttpClient-1-2] DEBUG org.asynchttpclient.netty.channel.ChannelManager - Adding key: http://localhost:23560 for channel [id: 0xaa75d4bf, L:/127.0.0.1:54591 - R:localhost/127.0.0.1:23560]
23:00:52.315 [Forwarding clickElement on session 32fcf78cea763cfad60227fe91768df7 to remote] DEBUG org.asynchttpclient.netty.request.NettyRequestSender - Using pooled Channel '[id: 0xaa75d4bf, L:/127.0.0.1:54591 - R:localhost/127.0.0.1:23560]' for 'POST' to 'http://localhost:23560/session/32fcf78cea763cfad60227fe91768df7/element/AF5958F224AAD1FB13F1D1279E3482AE_element_9/click'
23:00:52.315 [Forwarding clickElement on session 32fcf78cea763cfad60227fe91768df7 to remote] DEBUG org.asynchttpclient.netty.request.NettyRequestSender - Using open Channel [id: 0xaa75d4bf, L:/127.0.0.1:54591 - R:localhost/127.0.0.1:23560] for POST '/session/32fcf78cea763cfad60227fe91768df7/element/AF5958F224AAD1FB13F1D1279E3482AE_element_9/click'
23:00:52.421 [AsyncHttpClient-1-2] DEBUG org.asynchttpclient.netty.handler.HttpHandler - 

Request DefaultHttpRequest(decodeResult: success, version: HTTP/1.1)
POST /session/32fcf78cea763cfad60227fe91768df7/element/AF5958F224AAD1FB13F1D1279E3482AE_element_9/click HTTP/1.1
User-Agent: selenium/4.8.1 (java windows)
Content-Length: 56
Content-Type: application/json; charset=utf-8
host: localhost:23560
accept: */*

Response DefaultHttpResponse(decodeResult: success, version: HTTP/1.1)
HTTP/1.1 200 OK
Content-Length: 14
Content-Type: application/json; charset=utf-8
cache-control: no-cache

23:00:52.422 [AsyncHttpClient-1-2] DEBUG org.asynchttpclient.netty.channel.ChannelManager - Adding key: http://localhost:23560 for channel [id: 0xaa75d4bf, L:/127.0.0.1:54591 - R:localhost/127.0.0.1:23560]
23:00:52.427 [Forwarding getAlertText on session 32fcf78cea763cfad60227fe91768df7 to remote] DEBUG org.asynchttpclient.netty.request.NettyRequestSender - Using pooled Channel '[id: 0xaa75d4bf, L:/127.0.0.1:54591 - R:localhost/127.0.0.1:23560]' for 'GET' to 'http://localhost:23560/session/32fcf78cea763cfad60227fe91768df7/alert/text'
23:00:52.427 [Forwarding getAlertText on session 32fcf78cea763cfad60227fe91768df7 to remote] DEBUG org.asynchttpclient.netty.request.NettyRequestSender - Using open Channel [id: 0xaa75d4bf, L:/127.0.0.1:54591 - R:localhost/127.0.0.1:23560] for GET '/session/32fcf78cea763cfad60227fe91768df7/alert/text'
23:00:52.429 [AsyncHttpClient-1-2] DEBUG org.asynchttpclient.netty.handler.HttpHandler - 

Request DefaultFullHttpRequest(decodeResult: success, version: HTTP/1.1, content: EmptyByteBufBE)
GET /session/32fcf78cea763cfad60227fe91768df7/alert/text HTTP/1.1
User-Agent: selenium/4.8.1 (java windows)
Cache-Control: no-cache
Content-Type: application/json; charset=utf-8
host: localhost:23560
accept: */*

Response DefaultHttpResponse(decodeResult: success, version: HTTP/1.1)
HTTP/1.1 404 Not Found
Content-Length: 820
Content-Type: application/json; charset=utf-8
cache-control: no-cache

23:00:52.429 [AsyncHttpClient-1-2] DEBUG org.asynchttpclient.netty.channel.ChannelManager - Adding key: http://localhost:23560 for channel [id: 0xaa75d4bf, L:/127.0.0.1:54591 - R:localhost/127.0.0.1:23560]
23:00:52.429 [Forwarding getCurrentUrl on session 32fcf78cea763cfad60227fe91768df7 to remote] DEBUG org.asynchttpclient.netty.request.NettyRequestSender - Using pooled Channel '[id: 0xaa75d4bf, L:/127.0.0.1:54591 - R:localhost/127.0.0.1:23560]' for 'GET' to 'http://localhost:23560/session/32fcf78cea763cfad60227fe91768df7/url'
23:00:52.429 [Forwarding getCurrentUrl on session 32fcf78cea763cfad60227fe91768df7 to remote] DEBUG org.asynchttpclient.netty.request.NettyRequestSender - Using open Channel [id: 0xaa75d4bf, L:/127.0.0.1:54591 - R:localhost/127.0.0.1:23560] for GET '/session/32fcf78cea763cfad60227fe91768df7/url'
23:00:52.434 [AsyncHttpClient-1-2] DEBUG org.asynchttpclient.netty.handler.HttpHandler - 

Request DefaultFullHttpRequest(decodeResult: success, version: HTTP/1.1, content: EmptyByteBufBE)
GET /session/32fcf78cea763cfad60227fe91768df7/url HTTP/1.1
User-Agent: selenium/4.8.1 (java windows)
Cache-Control: no-cache
Content-Type: application/json; charset=utf-8
host: localhost:23560
accept: */*

Response DefaultHttpResponse(decodeResult: success, version: HTTP/1.1)
HTTP/1.1 200 OK
Content-Length: 41
Content-Type: application/json; charset=utf-8
cache-control: no-cache

23:00:52.434 [AsyncHttpClient-1-2] DEBUG org.asynchttpclient.netty.channel.ChannelManager - Adding key: http://localhost:23560 for channel [id: 0xaa75d4bf, L:/127.0.0.1:54591 - R:localhost/127.0.0.1:23560]
23:00:52.436 [Forwarding screenshot on session 32fcf78cea763cfad60227fe91768df7 to remote] DEBUG org.asynchttpclient.netty.request.NettyRequestSender - Using pooled Channel '[id: 0xaa75d4bf, L:/127.0.0.1:54591 - R:localhost/127.0.0.1:23560]' for 'GET' to 'http://localhost:23560/session/32fcf78cea763cfad60227fe91768df7/screenshot'
23:00:52.436 [Forwarding screenshot on session 32fcf78cea763cfad60227fe91768df7 to remote] DEBUG org.asynchttpclient.netty.request.NettyRequestSender - Using open Channel [id: 0xaa75d4bf, L:/127.0.0.1:54591 - R:localhost/127.0.0.1:23560] for GET '/session/32fcf78cea763cfad60227fe91768df7/screenshot'
23:00:52.660 [AsyncHttpClient-1-2] DEBUG org.asynchttpclient.netty.handler.HttpHandler - 

Request DefaultFullHttpRequest(decodeResult: success, version: HTTP/1.1, content: EmptyByteBufBE)
GET /session/32fcf78cea763cfad60227fe91768df7/screenshot HTTP/1.1
User-Agent: selenium/4.8.1 (java windows)
Cache-Control: no-cache
Content-Type: application/json; charset=utf-8
host: localhost:23560
accept: */*

Response DefaultHttpResponse(decodeResult: success, version: HTTP/1.1)
HTTP/1.1 200 OK
Content-Length: 87404
Content-Type: application/json; charset=utf-8
cache-control: no-cache

23:00:52.660 [AsyncHttpClient-1-2] DEBUG org.asynchttpclient.netty.channel.ChannelManager - Adding key: http://localhost:23560 for channel [id: 0xaa75d4bf, L:/127.0.0.1:54591 - R:localhost/127.0.0.1:23560]
23:00:52.663 [main] DEBUG net.serenitybdd.core.photography.Darkroom - Send negative for processing for target\site\serenity\852a53297c45c8db8fd5663d7af6c5772e362536ac376cafefc8e149160e217c.png
23:00:52.664 [main] DEBUG net.thucydides.core.steps.StepInterceptor - STEP DONE: clickBeliProduk1
  &amp#27;[32mAnd &amp#27;[0m&amp#27;[32mI click buy button again&amp#27;[0m              &amp#27;[90m# starter.stepdefinitions.HomepageSteps.clickBuyButtonAgain()&amp#27;[0m
23:00:52.664 [Darkroom Processing Line] DEBUG net.serenitybdd.core.photography.DarkroomProcessingLine - Processing screenshot image in /var/screenshots/screenshot-1122398674532331629
23:00:52.664 [Darkroom Processing Line] DEBUG net.serenitybdd.core.photography.DarkroomProcessingLine - Saving screenshot to target\site\serenity\852a53297c45c8db8fd5663d7af6c5772e362536ac376cafefc8e149160e217c.png
23:00:52.670 [Forwarding getPageSource on session 32fcf78cea763cfad60227fe91768df7 to remote] DEBUG org.asynchttpclient.netty.request.NettyRequestSender - Using pooled Channel '[id: 0xaa75d4bf, L:/127.0.0.1:54591 - R:localhost/127.0.0.1:23560]' for 'POST' to 'http://localhost:23560/session/32fcf78cea763cfad60227fe91768df7/execute/sync'
23:00:52.670 [Forwarding getPageSource on session 32fcf78cea763cfad60227fe91768df7 to remote] DEBUG org.asynchttpclient.netty.request.NettyRequestSender - Using open Channel [id: 0xaa75d4bf, L:/127.0.0.1:54591 - R:localhost/127.0.0.1:23560] for POST '/session/32fcf78cea763cfad60227fe91768df7/execute/sync'
23:00:52.734 [AsyncHttpClient-1-2] DEBUG org.asynchttpclient.netty.handler.HttpHandler - 

Request DefaultHttpRequest(decodeResult: success, version: HTTP/1.1)
POST /session/32fcf78cea763cfad60227fe91768df7/execute/sync HTTP/1.1
User-Agent: selenium/4.8.1 (java windows)
Content-Length: 176
Content-Type: application/json; charset=utf-8
host: localhost:23560
accept: */*

Response DefaultHttpResponse(decodeResult: success, version: HTTP/1.1)
HTTP/1.1 200 OK
Content-Length: 817334
Content-Type: application/json; charset=utf-8
cache-control: no-cache

23:00:52.735 [AsyncHttpClient-1-2] DEBUG org.asynchttpclient.netty.channel.ChannelManager - Adding key: http://localhost:23560 for channel [id: 0xaa75d4bf, L:/127.0.0.1:54591 - R:localhost/127.0.0.1:23560]
23:00:52.827 [Forwarding getCurrentUrl on session 32fcf78cea763cfad60227fe91768df7 to remote] DEBUG org.asynchttpclient.netty.request.NettyRequestSender - Using pooled Channel '[id: 0xaa75d4bf, L:/127.0.0.1:54591 - R:localhost/127.0.0.1:23560]' for 'GET' to 'http://localhost:23560/session/32fcf78cea763cfad60227fe91768df7/url'
23:00:52.827 [Forwarding getCurrentUrl on session 32fcf78cea763cfad60227fe91768df7 to remote] DEBUG org.asynchttpclient.netty.request.NettyRequestSender - Using open Channel [id: 0xaa75d4bf, L:/127.0.0.1:54591 - R:localhost/127.0.0.1:23560] for GET '/session/32fcf78cea763cfad60227fe91768df7/url'
23:00:52.834 [AsyncHttpClient-1-2] DEBUG org.asynchttpclient.netty.handler.HttpHandler - 

Request DefaultFullHttpRequest(decodeResult: success, version: HTTP/1.1, content: EmptyByteBufBE)
GET /session/32fcf78cea763cfad60227fe91768df7/url HTTP/1.1
User-Agent: selenium/4.8.1 (java windows)
Cache-Control: no-cache
Content-Type: application/json; charset=utf-8
host: localhost:23560
accept: */*

Response DefaultHttpResponse(decodeResult: success, version: HTTP/1.1)
HTTP/1.1 200 OK
Content-Length: 41
Content-Type: application/json; charset=utf-8
cache-control: no-cache

23:00:52.834 [AsyncHttpClient-1-2] DEBUG org.asynchttpclient.netty.channel.ChannelManager - Adding key: http://localhost:23560 for channel [id: 0xaa75d4bf, L:/127.0.0.1:54591 - R:localhost/127.0.0.1:23560]
23:00:52.843 [Forwarding getAlertText on session 32fcf78cea763cfad60227fe91768df7 to remote] DEBUG org.asynchttpclient.netty.request.NettyRequestSender - Using pooled Channel '[id: 0xaa75d4bf, L:/127.0.0.1:54591 - R:localhost/127.0.0.1:23560]' for 'GET' to 'http://localhost:23560/session/32fcf78cea763cfad60227fe91768df7/alert/text'
23:00:52.843 [Forwarding getAlertText on session 32fcf78cea763cfad60227fe91768df7 to remote] DEBUG org.asynchttpclient.netty.request.NettyRequestSender - Using open Channel [id: 0xaa75d4bf, L:/127.0.0.1:54591 - R:localhost/127.0.0.1:23560] for GET '/session/32fcf78cea763cfad60227fe91768df7/alert/text'
23:00:52.846 [AsyncHttpClient-1-2] DEBUG org.asynchttpclient.netty.handler.HttpHandler - 

Request DefaultFullHttpRequest(decodeResult: success, version: HTTP/1.1, content: EmptyByteBufBE)
GET /session/32fcf78cea763cfad60227fe91768df7/alert/text HTTP/1.1
User-Agent: selenium/4.8.1 (java windows)
Cache-Control: no-cache
Content-Type: application/json; charset=utf-8
host: localhost:23560
accept: */*

Response DefaultHttpResponse(decodeResult: success, version: HTTP/1.1)
HTTP/1.1 404 Not Found
Content-Length: 820
Content-Type: application/json; charset=utf-8
cache-control: no-cache

23:00:52.846 [AsyncHttpClient-1-2] DEBUG org.asynchttpclient.netty.channel.ChannelManager - Adding key: http://localhost:23560 for channel [id: 0xaa75d4bf, L:/127.0.0.1:54591 - R:localhost/127.0.0.1:23560]
23:00:52.847 [Forwarding getCurrentUrl on session 32fcf78cea763cfad60227fe91768df7 to remote] DEBUG org.asynchttpclient.netty.request.NettyRequestSender - Using pooled Channel '[id: 0xaa75d4bf, L:/127.0.0.1:54591 - R:localhost/127.0.0.1:23560]' for 'GET' to 'http://localhost:23560/session/32fcf78cea763cfad60227fe91768df7/url'
23:00:52.847 [Forwarding getCurrentUrl on session 32fcf78cea763cfad60227fe91768df7 to remote] DEBUG org.asynchttpclient.netty.request.NettyRequestSender - Using open Channel [id: 0xaa75d4bf, L:/127.0.0.1:54591 - R:localhost/127.0.0.1:23560] for GET '/session/32fcf78cea763cfad60227fe91768df7/url'
23:00:52.854 [AsyncHttpClient-1-2] DEBUG org.asynchttpclient.netty.handler.HttpHandler - 

Request DefaultFullHttpRequest(decodeResult: success, version: HTTP/1.1, content: EmptyByteBufBE)
GET /session/32fcf78cea763cfad60227fe91768df7/url HTTP/1.1
User-Agent: selenium/4.8.1 (java windows)
Cache-Control: no-cache
Content-Type: application/json; charset=utf-8
host: localhost:23560
accept: */*

Response DefaultHttpResponse(decodeResult: success, version: HTTP/1.1)
HTTP/1.1 200 OK
Content-Length: 41
Content-Type: application/json; charset=utf-8
cache-control: no-cache

23:00:52.854 [AsyncHttpClient-1-2] DEBUG org.asynchttpclient.netty.channel.ChannelManager - Adding key: http://localhost:23560 for channel [id: 0xaa75d4bf, L:/127.0.0.1:54591 - R:localhost/127.0.0.1:23560]
23:00:52.854 [Forwarding screenshot on session 32fcf78cea763cfad60227fe91768df7 to remote] DEBUG org.asynchttpclient.netty.request.NettyRequestSender - Using pooled Channel '[id: 0xaa75d4bf, L:/127.0.0.1:54591 - R:localhost/127.0.0.1:23560]' for 'GET' to 'http://localhost:23560/session/32fcf78cea763cfad60227fe91768df7/screenshot'
23:00:52.854 [Forwarding screenshot on session 32fcf78cea763cfad60227fe91768df7 to remote] DEBUG org.asynchttpclient.netty.request.NettyRequestSender - Using open Channel [id: 0xaa75d4bf, L:/127.0.0.1:54591 - R:localhost/127.0.0.1:23560] for GET '/session/32fcf78cea763cfad60227fe91768df7/screenshot'
23:00:53.057 [AsyncHttpClient-1-2] DEBUG org.asynchttpclient.netty.handler.HttpHandler - 

Request DefaultFullHttpRequest(decodeResult: success, version: HTTP/1.1, content: EmptyByteBufBE)
GET /session/32fcf78cea763cfad60227fe91768df7/screenshot HTTP/1.1
User-Agent: selenium/4.8.1 (java windows)
Cache-Control: no-cache
Content-Type: application/json; charset=utf-8
host: localhost:23560
accept: */*

Response DefaultHttpResponse(decodeResult: success, version: HTTP/1.1)
HTTP/1.1 200 OK
Content-Length: 86752
Content-Type: application/json; charset=utf-8
cache-control: no-cache

23:00:53.057 [AsyncHttpClient-1-2] DEBUG org.asynchttpclient.netty.channel.ChannelManager - Adding key: http://localhost:23560 for channel [id: 0xaa75d4bf, L:/127.0.0.1:54591 - R:localhost/127.0.0.1:23560]
23:00:53.060 [main] DEBUG net.serenitybdd.core.photography.Darkroom - Send negative for processing for target\site\serenity\acdb85324b05ed0031f159074a1f8a61ef072aad95489d72e4cd86a0da2c3148.png
23:00:53.061 [Forwarding getPageSource on session 32fcf78cea763cfad60227fe91768df7 to remote] DEBUG org.asynchttpclient.netty.request.NettyRequestSender - Using pooled Channel '[id: 0xaa75d4bf, L:/127.0.0.1:54591 - R:localhost/127.0.0.1:23560]' for 'POST' to 'http://localhost:23560/session/32fcf78cea763cfad60227fe91768df7/execute/sync'
23:00:53.061 [Forwarding getPageSource on session 32fcf78cea763cfad60227fe91768df7 to remote] DEBUG org.asynchttpclient.netty.request.NettyRequestSender - Using open Channel [id: 0xaa75d4bf, L:/127.0.0.1:54591 - R:localhost/127.0.0.1:23560] for POST '/session/32fcf78cea763cfad60227fe91768df7/execute/sync'
23:00:53.111 [AsyncHttpClient-1-2] DEBUG org.asynchttpclient.netty.handler.HttpHandler - 

Request DefaultHttpRequest(decodeResult: success, version: HTTP/1.1)
POST /session/32fcf78cea763cfad60227fe91768df7/execute/sync HTTP/1.1
User-Agent: selenium/4.8.1 (java windows)
Content-Length: 176
Content-Type: application/json; charset=utf-8
host: localhost:23560
accept: */*

Response DefaultHttpResponse(decodeResult: success, version: HTTP/1.1)
HTTP/1.1 200 OK
Content-Length: 817003
Content-Type: application/json; charset=utf-8
cache-control: no-cache

23:00:53.111 [AsyncHttpClient-1-2] DEBUG org.asynchttpclient.netty.channel.ChannelManager - Adding key: http://localhost:23560 for channel [id: 0xaa75d4bf, L:/127.0.0.1:54591 - R:localhost/127.0.0.1:23560]
23:00:53.206 [AsyncHttpClient-1-1] DEBUG org.asynchttpclient.netty.channel.DefaultChannelPool - Entry count for : http://localhost:23560 : 1
23:00:53.206 [AsyncHttpClient-1-1] DEBUG org.asynchttpclient.netty.channel.DefaultChannelPool - Entry count for : http://localhost:54592 : 1
23:00:53.210 [Forwarding getCurrentUrl on session 32fcf78cea763cfad60227fe91768df7 to remote] DEBUG org.asynchttpclient.netty.request.NettyRequestSender - Using pooled Channel '[id: 0xaa75d4bf, L:/127.0.0.1:54591 - R:localhost/127.0.0.1:23560]' for 'GET' to 'http://localhost:23560/session/32fcf78cea763cfad60227fe91768df7/url'
23:00:53.210 [Forwarding getCurrentUrl on session 32fcf78cea763cfad60227fe91768df7 to remote] DEBUG org.asynchttpclient.netty.request.NettyRequestSender - Using open Channel [id: 0xaa75d4bf, L:/127.0.0.1:54591 - R:localhost/127.0.0.1:23560] for GET '/session/32fcf78cea763cfad60227fe91768df7/url'
23:00:53.217 [AsyncHttpClient-1-2] DEBUG org.asynchttpclient.netty.handler.HttpHandler - 

Request DefaultFullHttpRequest(decodeResult: success, version: HTTP/1.1, content: EmptyByteBufBE)
GET /session/32fcf78cea763cfad60227fe91768df7/url HTTP/1.1
User-Agent: selenium/4.8.1 (java windows)
Cache-Control: no-cache
Content-Type: application/json; charset=utf-8
host: localhost:23560
accept: */*

Response DefaultHttpResponse(decodeResult: success, version: HTTP/1.1)
HTTP/1.1 200 OK
Content-Length: 41
Content-Type: application/json; charset=utf-8
cache-control: no-cache

23:00:53.217 [AsyncHttpClient-1-2] DEBUG org.asynchttpclient.netty.channel.ChannelManager - Adding key: http://localhost:23560 for channel [id: 0xaa75d4bf, L:/127.0.0.1:54591 - R:localhost/127.0.0.1:23560]
23:00:53.221 [main] DEBUG net.thucydides.core.steps.StepInterceptor - STARTING STEP: HomepageSteps.clickBuyButton3Times - clickBeliProduk1
23:00:53.225 [Forwarding findElement on session 32fcf78cea763cfad60227fe91768df7 to remote] DEBUG org.asynchttpclient.netty.request.NettyRequestSender - Using pooled Channel '[id: 0xaa75d4bf, L:/127.0.0.1:54591 - R:localhost/127.0.0.1:23560]' for 'POST' to 'http://localhost:23560/session/32fcf78cea763cfad60227fe91768df7/element'
23:00:53.225 [Forwarding findElement on session 32fcf78cea763cfad60227fe91768df7 to remote] DEBUG org.asynchttpclient.netty.request.NettyRequestSender - Using open Channel [id: 0xaa75d4bf, L:/127.0.0.1:54591 - R:localhost/127.0.0.1:23560] for POST '/session/32fcf78cea763cfad60227fe91768df7/element'
23:00:53.246 [AsyncHttpClient-1-2] DEBUG org.asynchttpclient.netty.handler.HttpHandler - 

Request DefaultHttpRequest(decodeResult: success, version: HTTP/1.1)
POST /session/32fcf78cea763cfad60227fe91768df7/element HTTP/1.1
User-Agent: selenium/4.8.1 (java windows)
Content-Length: 113
Content-Type: application/json; charset=utf-8
host: localhost:23560
accept: */*

Response DefaultHttpResponse(decodeResult: success, version: HTTP/1.1)
HTTP/1.1 200 OK
Content-Length: 94
Content-Type: application/json; charset=utf-8
cache-control: no-cache

23:00:53.246 [AsyncHttpClient-1-2] DEBUG org.asynchttpclient.netty.channel.ChannelManager - Adding key: http://localhost:23560 for channel [id: 0xaa75d4bf, L:/127.0.0.1:54591 - R:localhost/127.0.0.1:23560]
23:00:53.247 [Forwarding getElementTagName on session 32fcf78cea763cfad60227fe91768df7 to remote] DEBUG org.asynchttpclient.netty.request.NettyRequestSender - Using pooled Channel '[id: 0xaa75d4bf, L:/127.0.0.1:54591 - R:localhost/127.0.0.1:23560]' for 'GET' to 'http://localhost:23560/session/32fcf78cea763cfad60227fe91768df7/element/AF5958F224AAD1FB13F1D1279E3482AE_element_9/name'
23:00:53.247 [Forwarding getElementTagName on session 32fcf78cea763cfad60227fe91768df7 to remote] DEBUG org.asynchttpclient.netty.request.NettyRequestSender - Using open Channel [id: 0xaa75d4bf, L:/127.0.0.1:54591 - R:localhost/127.0.0.1:23560] for GET '/session/32fcf78cea763cfad60227fe91768df7/element/AF5958F224AAD1FB13F1D1279E3482AE_element_9/name'
23:00:53.258 [AsyncHttpClient-1-2] DEBUG org.asynchttpclient.netty.handler.HttpHandler - 

Request DefaultFullHttpRequest(decodeResult: success, version: HTTP/1.1, content: EmptyByteBufBE)
GET /session/32fcf78cea763cfad60227fe91768df7/element/AF5958F224AAD1FB13F1D1279E3482AE_element_9/name HTTP/1.1
User-Agent: selenium/4.8.1 (java windows)
Cache-Control: no-cache
Content-Type: application/json; charset=utf-8
host: localhost:23560
accept: */*

Response DefaultHttpResponse(decodeResult: success, version: HTTP/1.1)
HTTP/1.1 200 OK
Content-Length: 18
Content-Type: application/json; charset=utf-8
cache-control: no-cache

23:00:53.258 [AsyncHttpClient-1-2] DEBUG org.asynchttpclient.netty.channel.ChannelManager - Adding key: http://localhost:23560 for channel [id: 0xaa75d4bf, L:/127.0.0.1:54591 - R:localhost/127.0.0.1:23560]
23:00:53.259 [Forwarding getElementTagName on session 32fcf78cea763cfad60227fe91768df7 to remote] DEBUG org.asynchttpclient.netty.request.NettyRequestSender - Using pooled Channel '[id: 0xaa75d4bf, L:/127.0.0.1:54591 - R:localhost/127.0.0.1:23560]' for 'GET' to 'http://localhost:23560/session/32fcf78cea763cfad60227fe91768df7/element/AF5958F224AAD1FB13F1D1279E3482AE_element_9/name'
23:00:53.259 [Forwarding getElementTagName on session 32fcf78cea763cfad60227fe91768df7 to remote] DEBUG org.asynchttpclient.netty.request.NettyRequestSender - Using open Channel [id: 0xaa75d4bf, L:/127.0.0.1:54591 - R:localhost/127.0.0.1:23560] for GET '/session/32fcf78cea763cfad60227fe91768df7/element/AF5958F224AAD1FB13F1D1279E3482AE_element_9/name'
23:00:53.265 [AsyncHttpClient-1-2] DEBUG org.asynchttpclient.netty.handler.HttpHandler - 

Request DefaultFullHttpRequest(decodeResult: success, version: HTTP/1.1, content: EmptyByteBufBE)
GET /session/32fcf78cea763cfad60227fe91768df7/element/AF5958F224AAD1FB13F1D1279E3482AE_element_9/name HTTP/1.1
User-Agent: selenium/4.8.1 (java windows)
Cache-Control: no-cache
Content-Type: application/json; charset=utf-8
host: localhost:23560
accept: */*

Response DefaultHttpResponse(decodeResult: success, version: HTTP/1.1)
HTTP/1.1 200 OK
Content-Length: 18
Content-Type: application/json; charset=utf-8
cache-control: no-cache

23:00:53.265 [AsyncHttpClient-1-2] DEBUG org.asynchttpclient.netty.channel.ChannelManager - Adding key: http://localhost:23560 for channel [id: 0xaa75d4bf, L:/127.0.0.1:54591 - R:localhost/127.0.0.1:23560]
23:00:53.267 [Forwarding isElementEnabled on session 32fcf78cea763cfad60227fe91768df7 to remote] DEBUG org.asynchttpclient.netty.request.NettyRequestSender - Using pooled Channel '[id: 0xaa75d4bf, L:/127.0.0.1:54591 - R:localhost/127.0.0.1:23560]' for 'GET' to 'http://localhost:23560/session/32fcf78cea763cfad60227fe91768df7/element/AF5958F224AAD1FB13F1D1279E3482AE_element_9/enabled'
23:00:53.267 [Forwarding isElementEnabled on session 32fcf78cea763cfad60227fe91768df7 to remote] DEBUG org.asynchttpclient.netty.request.NettyRequestSender - Using open Channel [id: 0xaa75d4bf, L:/127.0.0.1:54591 - R:localhost/127.0.0.1:23560] for GET '/session/32fcf78cea763cfad60227fe91768df7/element/AF5958F224AAD1FB13F1D1279E3482AE_element_9/enabled'
23:00:53.278 [AsyncHttpClient-1-2] DEBUG org.asynchttpclient.netty.handler.HttpHandler - 

Request DefaultFullHttpRequest(decodeResult: success, version: HTTP/1.1, content: EmptyByteBufBE)
GET /session/32fcf78cea763cfad60227fe91768df7/element/AF5958F224AAD1FB13F1D1279E3482AE_element_9/enabled HTTP/1.1
User-Agent: selenium/4.8.1 (java windows)
Cache-Control: no-cache
Content-Type: application/json; charset=utf-8
host: localhost:23560
accept: */*

Response DefaultHttpResponse(decodeResult: success, version: HTTP/1.1)
HTTP/1.1 200 OK
Content-Length: 14
Content-Type: application/json; charset=utf-8
cache-control: no-cache

23:00:53.278 [AsyncHttpClient-1-2] DEBUG org.asynchttpclient.netty.channel.ChannelManager - Adding key: http://localhost:23560 for channel [id: 0xaa75d4bf, L:/127.0.0.1:54591 - R:localhost/127.0.0.1:23560]
23:00:53.279 [Forwarding isElementEnabled on session 32fcf78cea763cfad60227fe91768df7 to remote] DEBUG org.asynchttpclient.netty.request.NettyRequestSender - Using pooled Channel '[id: 0xaa75d4bf, L:/127.0.0.1:54591 - R:localhost/127.0.0.1:23560]' for 'GET' to 'http://localhost:23560/session/32fcf78cea763cfad60227fe91768df7/element/AF5958F224AAD1FB13F1D1279E3482AE_element_9/enabled'
23:00:53.279 [Forwarding isElementEnabled on session 32fcf78cea763cfad60227fe91768df7 to remote] DEBUG org.asynchttpclient.netty.request.NettyRequestSender - Using open Channel [id: 0xaa75d4bf, L:/127.0.0.1:54591 - R:localhost/127.0.0.1:23560] for GET '/session/32fcf78cea763cfad60227fe91768df7/element/AF5958F224AAD1FB13F1D1279E3482AE_element_9/enabled'
23:00:53.288 [AsyncHttpClient-1-2] DEBUG org.asynchttpclient.netty.handler.HttpHandler - 

Request DefaultFullHttpRequest(decodeResult: success, version: HTTP/1.1, content: EmptyByteBufBE)
GET /session/32fcf78cea763cfad60227fe91768df7/element/AF5958F224AAD1FB13F1D1279E3482AE_element_9/enabled HTTP/1.1
User-Agent: selenium/4.8.1 (java windows)
Cache-Control: no-cache
Content-Type: application/json; charset=utf-8
host: localhost:23560
accept: */*

Response DefaultHttpResponse(decodeResult: success, version: HTTP/1.1)
HTTP/1.1 200 OK
Content-Length: 14
Content-Type: application/json; charset=utf-8
cache-control: no-cache

23:00:53.288 [AsyncHttpClient-1-2] DEBUG org.asynchttpclient.netty.channel.ChannelManager - Adding key: http://localhost:23560 for channel [id: 0xaa75d4bf, L:/127.0.0.1:54591 - R:localhost/127.0.0.1:23560]
23:00:53.289 [Forwarding findElement on session 32fcf78cea763cfad60227fe91768df7 to remote] DEBUG org.asynchttpclient.netty.request.NettyRequestSender - Using pooled Channel '[id: 0xaa75d4bf, L:/127.0.0.1:54591 - R:localhost/127.0.0.1:23560]' for 'POST' to 'http://localhost:23560/session/32fcf78cea763cfad60227fe91768df7/element'
23:00:53.289 [Forwarding findElement on session 32fcf78cea763cfad60227fe91768df7 to remote] DEBUG org.asynchttpclient.netty.request.NettyRequestSender - Using open Channel [id: 0xaa75d4bf, L:/127.0.0.1:54591 - R:localhost/127.0.0.1:23560] for POST '/session/32fcf78cea763cfad60227fe91768df7/element'
23:00:53.303 [AsyncHttpClient-1-2] DEBUG org.asynchttpclient.netty.handler.HttpHandler - 

Request DefaultHttpRequest(decodeResult: success, version: HTTP/1.1)
POST /session/32fcf78cea763cfad60227fe91768df7/element HTTP/1.1
User-Agent: selenium/4.8.1 (java windows)
Content-Length: 113
Content-Type: application/json; charset=utf-8
host: localhost:23560
accept: */*

Response DefaultHttpResponse(decodeResult: success, version: HTTP/1.1)
HTTP/1.1 200 OK
Content-Length: 94
Content-Type: application/json; charset=utf-8
cache-control: no-cache

23:00:53.303 [AsyncHttpClient-1-2] DEBUG org.asynchttpclient.netty.channel.ChannelManager - Adding key: http://localhost:23560 for channel [id: 0xaa75d4bf, L:/127.0.0.1:54591 - R:localhost/127.0.0.1:23560]
23:00:53.303 [Forwarding clickElement on session 32fcf78cea763cfad60227fe91768df7 to remote] DEBUG org.asynchttpclient.netty.request.NettyRequestSender - Using pooled Channel '[id: 0xaa75d4bf, L:/127.0.0.1:54591 - R:localhost/127.0.0.1:23560]' for 'POST' to 'http://localhost:23560/session/32fcf78cea763cfad60227fe91768df7/element/AF5958F224AAD1FB13F1D1279E3482AE_element_9/click'
23:00:53.303 [Forwarding clickElement on session 32fcf78cea763cfad60227fe91768df7 to remote] DEBUG org.asynchttpclient.netty.request.NettyRequestSender - Using open Channel [id: 0xaa75d4bf, L:/127.0.0.1:54591 - R:localhost/127.0.0.1:23560] for POST '/session/32fcf78cea763cfad60227fe91768df7/element/AF5958F224AAD1FB13F1D1279E3482AE_element_9/click'
23:00:53.404 [AsyncHttpClient-1-2] DEBUG org.asynchttpclient.netty.handler.HttpHandler - 

Request DefaultHttpRequest(decodeResult: success, version: HTTP/1.1)
POST /session/32fcf78cea763cfad60227fe91768df7/element/AF5958F224AAD1FB13F1D1279E3482AE_element_9/click HTTP/1.1
User-Agent: selenium/4.8.1 (java windows)
Content-Length: 56
Content-Type: application/json; charset=utf-8
host: localhost:23560
accept: */*

Response DefaultHttpResponse(decodeResult: success, version: HTTP/1.1)
HTTP/1.1 200 OK
Content-Length: 14
Content-Type: application/json; charset=utf-8
cache-control: no-cache

23:00:53.404 [AsyncHttpClient-1-2] DEBUG org.asynchttpclient.netty.channel.ChannelManager - Adding key: http://localhost:23560 for channel [id: 0xaa75d4bf, L:/127.0.0.1:54591 - R:localhost/127.0.0.1:23560]
23:00:53.411 [Forwarding getAlertText on session 32fcf78cea763cfad60227fe91768df7 to remote] DEBUG org.asynchttpclient.netty.request.NettyRequestSender - Using pooled Channel '[id: 0xaa75d4bf, L:/127.0.0.1:54591 - R:localhost/127.0.0.1:23560]' for 'GET' to 'http://localhost:23560/session/32fcf78cea763cfad60227fe91768df7/alert/text'
23:00:53.411 [Forwarding getAlertText on session 32fcf78cea763cfad60227fe91768df7 to remote] DEBUG org.asynchttpclient.netty.request.NettyRequestSender - Using open Channel [id: 0xaa75d4bf, L:/127.0.0.1:54591 - R:localhost/127.0.0.1:23560] for GET '/session/32fcf78cea763cfad60227fe91768df7/alert/text'
23:00:53.413 [AsyncHttpClient-1-2] DEBUG org.asynchttpclient.netty.handler.HttpHandler - 

Request DefaultFullHttpRequest(decodeResult: success, version: HTTP/1.1, content: EmptyByteBufBE)
GET /session/32fcf78cea763cfad60227fe91768df7/alert/text HTTP/1.1
User-Agent: selenium/4.8.1 (java windows)
Cache-Control: no-cache
Content-Type: application/json; charset=utf-8
host: localhost:23560
accept: */*

Response DefaultHttpResponse(decodeResult: success, version: HTTP/1.1)
HTTP/1.1 404 Not Found
Content-Length: 820
Content-Type: application/json; charset=utf-8
cache-control: no-cache

23:00:53.414 [AsyncHttpClient-1-2] DEBUG org.asynchttpclient.netty.channel.ChannelManager - Adding key: http://localhost:23560 for channel [id: 0xaa75d4bf, L:/127.0.0.1:54591 - R:localhost/127.0.0.1:23560]
23:00:53.414 [Forwarding getCurrentUrl on session 32fcf78cea763cfad60227fe91768df7 to remote] DEBUG org.asynchttpclient.netty.request.NettyRequestSender - Using pooled Channel '[id: 0xaa75d4bf, L:/127.0.0.1:54591 - R:localhost/127.0.0.1:23560]' for 'GET' to 'http://localhost:23560/session/32fcf78cea763cfad60227fe91768df7/url'
23:00:53.414 [Forwarding getCurrentUrl on session 32fcf78cea763cfad60227fe91768df7 to remote] DEBUG org.asynchttpclient.netty.request.NettyRequestSender - Using open Channel [id: 0xaa75d4bf, L:/127.0.0.1:54591 - R:localhost/127.0.0.1:23560] for GET '/session/32fcf78cea763cfad60227fe91768df7/url'
23:00:53.423 [AsyncHttpClient-1-2] DEBUG org.asynchttpclient.netty.handler.HttpHandler - 

Request DefaultFullHttpRequest(decodeResult: success, version: HTTP/1.1, content: EmptyByteBufBE)
GET /session/32fcf78cea763cfad60227fe91768df7/url HTTP/1.1
User-Agent: selenium/4.8.1 (java windows)
Cache-Control: no-cache
Content-Type: application/json; charset=utf-8
host: localhost:23560
accept: */*

Response DefaultHttpResponse(decodeResult: success, version: HTTP/1.1)
HTTP/1.1 200 OK
Content-Length: 41
Content-Type: application/json; charset=utf-8
cache-control: no-cache

23:00:53.423 [AsyncHttpClient-1-2] DEBUG org.asynchttpclient.netty.channel.ChannelManager - Adding key: http://localhost:23560 for channel [id: 0xaa75d4bf, L:/127.0.0.1:54591 - R:localhost/127.0.0.1:23560]
23:00:53.424 [Forwarding screenshot on session 32fcf78cea763cfad60227fe91768df7 to remote] DEBUG org.asynchttpclient.netty.request.NettyRequestSender - Using pooled Channel '[id: 0xaa75d4bf, L:/127.0.0.1:54591 - R:localhost/127.0.0.1:23560]' for 'GET' to 'http://localhost:23560/session/32fcf78cea763cfad60227fe91768df7/screenshot'
23:00:53.424 [Forwarding screenshot on session 32fcf78cea763cfad60227fe91768df7 to remote] DEBUG org.asynchttpclient.netty.request.NettyRequestSender - Using open Channel [id: 0xaa75d4bf, L:/127.0.0.1:54591 - R:localhost/127.0.0.1:23560] for GET '/session/32fcf78cea763cfad60227fe91768df7/screenshot'
23:00:53.575 [AsyncHttpClient-1-2] DEBUG org.asynchttpclient.netty.handler.HttpHandler - 

Request DefaultFullHttpRequest(decodeResult: success, version: HTTP/1.1, content: EmptyByteBufBE)
GET /session/32fcf78cea763cfad60227fe91768df7/screenshot HTTP/1.1
User-Agent: selenium/4.8.1 (java windows)
Cache-Control: no-cache
Content-Type: application/json; charset=utf-8
host: localhost:23560
accept: */*

Response DefaultHttpResponse(decodeResult: success, version: HTTP/1.1)
HTTP/1.1 200 OK
Content-Length: 87412
Content-Type: application/json; charset=utf-8
cache-control: no-cache

23:00:53.575 [AsyncHttpClient-1-2] DEBUG org.asynchttpclient.netty.channel.ChannelManager - Adding key: http://localhost:23560 for channel [id: 0xaa75d4bf, L:/127.0.0.1:54591 - R:localhost/127.0.0.1:23560]
23:00:53.579 [main] DEBUG net.serenitybdd.core.photography.Darkroom - Send negative for processing for target\site\serenity\9d9feec29e3e7767a7080f62baefc6d5fd7b26787d584015d89c0260890de2ea.png
23:00:53.579 [main] DEBUG net.thucydides.core.steps.StepInterceptor - STEP DONE: clickBeliProduk1
  &amp#27;[32mAnd &amp#27;[0m&amp#27;[32mI click buy button 3 times&amp#27;[0m            &amp#27;[90m# starter.stepdefinitions.HomepageSteps.clickBuyButton3Times()&amp#27;[0m
23:00:53.579 [Darkroom Processing Line] DEBUG net.serenitybdd.core.photography.DarkroomProcessingLine - Processing screenshot image in /var/screenshots/screenshot-3323423668437286851
23:00:53.579 [Darkroom Processing Line] DEBUG net.serenitybdd.core.photography.DarkroomProcessingLine - Saving screenshot to target\site\serenity\9d9feec29e3e7767a7080f62baefc6d5fd7b26787d584015d89c0260890de2ea.png
23:00:53.587 [Forwarding getPageSource on session 32fcf78cea763cfad60227fe91768df7 to remote] DEBUG org.asynchttpclient.netty.request.NettyRequestSender - Using pooled Channel '[id: 0xaa75d4bf, L:/127.0.0.1:54591 - R:localhost/127.0.0.1:23560]' for 'POST' to 'http://localhost:23560/session/32fcf78cea763cfad60227fe91768df7/execute/sync'
23:00:53.587 [Forwarding getPageSource on session 32fcf78cea763cfad60227fe91768df7 to remote] DEBUG org.asynchttpclient.netty.request.NettyRequestSender - Using open Channel [id: 0xaa75d4bf, L:/127.0.0.1:54591 - R:localhost/127.0.0.1:23560] for POST '/session/32fcf78cea763cfad60227fe91768df7/execute/sync'
23:00:53.644 [AsyncHttpClient-1-2] DEBUG org.asynchttpclient.netty.handler.HttpHandler - 

Request DefaultHttpRequest(decodeResult: success, version: HTTP/1.1)
POST /session/32fcf78cea763cfad60227fe91768df7/execute/sync HTTP/1.1
User-Agent: selenium/4.8.1 (java windows)
Content-Length: 176
Content-Type: application/json; charset=utf-8
host: localhost:23560
accept: */*

Response DefaultHttpResponse(decodeResult: success, version: HTTP/1.1)
HTTP/1.1 200 OK
Content-Length: 817333
Content-Type: application/json; charset=utf-8
cache-control: no-cache

23:00:53.645 [AsyncHttpClient-1-2] DEBUG org.asynchttpclient.netty.channel.ChannelManager - Adding key: http://localhost:23560 for channel [id: 0xaa75d4bf, L:/127.0.0.1:54591 - R:localhost/127.0.0.1:23560]
23:00:53.716 [Forwarding getCurrentUrl on session 32fcf78cea763cfad60227fe91768df7 to remote] DEBUG org.asynchttpclient.netty.request.NettyRequestSender - Using pooled Channel '[id: 0xaa75d4bf, L:/127.0.0.1:54591 - R:localhost/127.0.0.1:23560]' for 'GET' to 'http://localhost:23560/session/32fcf78cea763cfad60227fe91768df7/url'
23:00:53.716 [Forwarding getCurrentUrl on session 32fcf78cea763cfad60227fe91768df7 to remote] DEBUG org.asynchttpclient.netty.request.NettyRequestSender - Using open Channel [id: 0xaa75d4bf, L:/127.0.0.1:54591 - R:localhost/127.0.0.1:23560] for GET '/session/32fcf78cea763cfad60227fe91768df7/url'
23:00:53.723 [AsyncHttpClient-1-2] DEBUG org.asynchttpclient.netty.handler.HttpHandler - 

Request DefaultFullHttpRequest(decodeResult: success, version: HTTP/1.1, content: EmptyByteBufBE)
GET /session/32fcf78cea763cfad60227fe91768df7/url HTTP/1.1
User-Agent: selenium/4.8.1 (java windows)
Cache-Control: no-cache
Content-Type: application/json; charset=utf-8
host: localhost:23560
accept: */*

Response DefaultHttpResponse(decodeResult: success, version: HTTP/1.1)
HTTP/1.1 200 OK
Content-Length: 41
Content-Type: application/json; charset=utf-8
cache-control: no-cache

23:00:53.723 [AsyncHttpClient-1-2] DEBUG org.asynchttpclient.netty.channel.ChannelManager - Adding key: http://localhost:23560 for channel [id: 0xaa75d4bf, L:/127.0.0.1:54591 - R:localhost/127.0.0.1:23560]
23:00:53.732 [Forwarding getAlertText on session 32fcf78cea763cfad60227fe91768df7 to remote] DEBUG org.asynchttpclient.netty.request.NettyRequestSender - Using pooled Channel '[id: 0xaa75d4bf, L:/127.0.0.1:54591 - R:localhost/127.0.0.1:23560]' for 'GET' to 'http://localhost:23560/session/32fcf78cea763cfad60227fe91768df7/alert/text'
23:00:53.732 [Forwarding getAlertText on session 32fcf78cea763cfad60227fe91768df7 to remote] DEBUG org.asynchttpclient.netty.request.NettyRequestSender - Using open Channel [id: 0xaa75d4bf, L:/127.0.0.1:54591 - R:localhost/127.0.0.1:23560] for GET '/session/32fcf78cea763cfad60227fe91768df7/alert/text'
23:00:53.734 [AsyncHttpClient-1-2] DEBUG org.asynchttpclient.netty.handler.HttpHandler - 

Request DefaultFullHttpRequest(decodeResult: success, version: HTTP/1.1, content: EmptyByteBufBE)
GET /session/32fcf78cea763cfad60227fe91768df7/alert/text HTTP/1.1
User-Agent: selenium/4.8.1 (java windows)
Cache-Control: no-cache
Content-Type: application/json; charset=utf-8
host: localhost:23560
accept: */*

Response DefaultHttpResponse(decodeResult: success, version: HTTP/1.1)
HTTP/1.1 404 Not Found
Content-Length: 820
Content-Type: application/json; charset=utf-8
cache-control: no-cache

23:00:53.734 [AsyncHttpClient-1-2] DEBUG org.asynchttpclient.netty.channel.ChannelManager - Adding key: http://localhost:23560 for channel [id: 0xaa75d4bf, L:/127.0.0.1:54591 - R:localhost/127.0.0.1:23560]
23:00:53.734 [Forwarding getCurrentUrl on session 32fcf78cea763cfad60227fe91768df7 to remote] DEBUG org.asynchttpclient.netty.request.NettyRequestSender - Using pooled Channel '[id: 0xaa75d4bf, L:/127.0.0.1:54591 - R:localhost/127.0.0.1:23560]' for 'GET' to 'http://localhost:23560/session/32fcf78cea763cfad60227fe91768df7/url'
23:00:53.734 [Forwarding getCurrentUrl on session 32fcf78cea763cfad60227fe91768df7 to remote] DEBUG org.asynchttpclient.netty.request.NettyRequestSender - Using open Channel [id: 0xaa75d4bf, L:/127.0.0.1:54591 - R:localhost/127.0.0.1:23560] for GET '/session/32fcf78cea763cfad60227fe91768df7/url'
23:00:53.742 [AsyncHttpClient-1-2] DEBUG org.asynchttpclient.netty.handler.HttpHandler - 

Request DefaultFullHttpRequest(decodeResult: success, version: HTTP/1.1, content: EmptyByteBufBE)
GET /session/32fcf78cea763cfad60227fe91768df7/url HTTP/1.1
User-Agent: selenium/4.8.1 (java windows)
Cache-Control: no-cache
Content-Type: application/json; charset=utf-8
host: localhost:23560
accept: */*

Response DefaultHttpResponse(decodeResult: success, version: HTTP/1.1)
HTTP/1.1 200 OK
Content-Length: 41
Content-Type: application/json; charset=utf-8
cache-control: no-cache

23:00:53.742 [AsyncHttpClient-1-2] DEBUG org.asynchttpclient.netty.channel.ChannelManager - Adding key: http://localhost:23560 for channel [id: 0xaa75d4bf, L:/127.0.0.1:54591 - R:localhost/127.0.0.1:23560]
23:00:53.743 [Forwarding screenshot on session 32fcf78cea763cfad60227fe91768df7 to remote] DEBUG org.asynchttpclient.netty.request.NettyRequestSender - Using pooled Channel '[id: 0xaa75d4bf, L:/127.0.0.1:54591 - R:localhost/127.0.0.1:23560]' for 'GET' to 'http://localhost:23560/session/32fcf78cea763cfad60227fe91768df7/screenshot'
23:00:53.743 [Forwarding screenshot on session 32fcf78cea763cfad60227fe91768df7 to remote] DEBUG org.asynchttpclient.netty.request.NettyRequestSender - Using open Channel [id: 0xaa75d4bf, L:/127.0.0.1:54591 - R:localhost/127.0.0.1:23560] for GET '/session/32fcf78cea763cfad60227fe91768df7/screenshot'
23:00:53.891 [AsyncHttpClient-1-2] DEBUG org.asynchttpclient.netty.handler.HttpHandler - 

Request DefaultFullHttpRequest(decodeResult: success, version: HTTP/1.1, content: EmptyByteBufBE)
GET /session/32fcf78cea763cfad60227fe91768df7/screenshot HTTP/1.1
User-Agent: selenium/4.8.1 (java windows)
Cache-Control: no-cache
Content-Type: application/json; charset=utf-8
host: localhost:23560
accept: */*

Response DefaultHttpResponse(decodeResult: success, version: HTTP/1.1)
HTTP/1.1 200 OK
Content-Length: 86764
Content-Type: application/json; charset=utf-8
cache-control: no-cache

23:00:53.892 [AsyncHttpClient-1-2] DEBUG org.asynchttpclient.netty.channel.ChannelManager - Adding key: http://localhost:23560 for channel [id: 0xaa75d4bf, L:/127.0.0.1:54591 - R:localhost/127.0.0.1:23560]
23:00:53.896 [main] DEBUG net.serenitybdd.core.photography.Darkroom - Send negative for processing for target\site\serenity\ceb42b879bddf374a83965651eb961d1cc9e85a56268a762b40cfcded6a3af37.png
23:00:53.896 [Darkroom Processing Line] DEBUG net.serenitybdd.core.photography.DarkroomProcessingLine - Processing screenshot image in /var/screenshots/screenshot-7962749601945025791
23:00:53.896 [Darkroom Processing Line] DEBUG net.serenitybdd.core.photography.DarkroomProcessingLine - Saving screenshot to target\site\serenity\ceb42b879bddf374a83965651eb961d1cc9e85a56268a762b40cfcded6a3af37.png
23:00:53.897 [Forwarding getPageSource on session 32fcf78cea763cfad60227fe91768df7 to remote] DEBUG org.asynchttpclient.netty.request.NettyRequestSender - Using pooled Channel '[id: 0xaa75d4bf, L:/127.0.0.1:54591 - R:localhost/127.0.0.1:23560]' for 'POST' to 'http://localhost:23560/session/32fcf78cea763cfad60227fe91768df7/execute/sync'
23:00:53.897 [Forwarding getPageSource on session 32fcf78cea763cfad60227fe91768df7 to remote] DEBUG org.asynchttpclient.netty.request.NettyRequestSender - Using open Channel [id: 0xaa75d4bf, L:/127.0.0.1:54591 - R:localhost/127.0.0.1:23560] for POST '/session/32fcf78cea763cfad60227fe91768df7/execute/sync'
23:00:53.980 [AsyncHttpClient-1-2] DEBUG org.asynchttpclient.netty.handler.HttpHandler - 

Request DefaultHttpRequest(decodeResult: success, version: HTTP/1.1)
POST /session/32fcf78cea763cfad60227fe91768df7/execute/sync HTTP/1.1
User-Agent: selenium/4.8.1 (java windows)
Content-Length: 176
Content-Type: application/json; charset=utf-8
host: localhost:23560
accept: */*

Response DefaultHttpResponse(decodeResult: success, version: HTTP/1.1)
HTTP/1.1 200 OK
Content-Length: 817334
Content-Type: application/json; charset=utf-8
cache-control: no-cache

23:00:53.981 [AsyncHttpClient-1-2] DEBUG org.asynchttpclient.netty.channel.ChannelManager - Adding key: http://localhost:23560 for channel [id: 0xaa75d4bf, L:/127.0.0.1:54591 - R:localhost/127.0.0.1:23560]
23:00:54.068 [Forwarding getCurrentUrl on session 32fcf78cea763cfad60227fe91768df7 to remote] DEBUG org.asynchttpclient.netty.request.NettyRequestSender - Using pooled Channel '[id: 0xaa75d4bf, L:/127.0.0.1:54591 - R:localhost/127.0.0.1:23560]' for 'GET' to 'http://localhost:23560/session/32fcf78cea763cfad60227fe91768df7/url'
23:00:54.068 [Forwarding getCurrentUrl on session 32fcf78cea763cfad60227fe91768df7 to remote] DEBUG org.asynchttpclient.netty.request.NettyRequestSender - Using open Channel [id: 0xaa75d4bf, L:/127.0.0.1:54591 - R:localhost/127.0.0.1:23560] for GET '/session/32fcf78cea763cfad60227fe91768df7/url'
23:00:54.076 [AsyncHttpClient-1-2] DEBUG org.asynchttpclient.netty.handler.HttpHandler - 

Request DefaultFullHttpRequest(decodeResult: success, version: HTTP/1.1, content: EmptyByteBufBE)
GET /session/32fcf78cea763cfad60227fe91768df7/url HTTP/1.1
User-Agent: selenium/4.8.1 (java windows)
Cache-Control: no-cache
Content-Type: application/json; charset=utf-8
host: localhost:23560
accept: */*

Response DefaultHttpResponse(decodeResult: success, version: HTTP/1.1)
HTTP/1.1 200 OK
Content-Length: 41
Content-Type: application/json; charset=utf-8
cache-control: no-cache

23:00:54.077 [AsyncHttpClient-1-2] DEBUG org.asynchttpclient.netty.channel.ChannelManager - Adding key: http://localhost:23560 for channel [id: 0xaa75d4bf, L:/127.0.0.1:54591 - R:localhost/127.0.0.1:23560]
23:00:54.080 [main] DEBUG net.thucydides.core.steps.StepInterceptor - STARTING STEP: HomepageSteps.seeProductToCart - validatePopUp
23:00:54.083 [Forwarding findElement on session 32fcf78cea763cfad60227fe91768df7 to remote] DEBUG org.asynchttpclient.netty.request.NettyRequestSender - Using pooled Channel '[id: 0xaa75d4bf, L:/127.0.0.1:54591 - R:localhost/127.0.0.1:23560]' for 'POST' to 'http://localhost:23560/session/32fcf78cea763cfad60227fe91768df7/element'
23:00:54.083 [Forwarding findElement on session 32fcf78cea763cfad60227fe91768df7 to remote] DEBUG org.asynchttpclient.netty.request.NettyRequestSender - Using open Channel [id: 0xaa75d4bf, L:/127.0.0.1:54591 - R:localhost/127.0.0.1:23560] for POST '/session/32fcf78cea763cfad60227fe91768df7/element'
23:00:54.107 [AsyncHttpClient-1-2] DEBUG org.asynchttpclient.netty.handler.HttpHandler - 

Request DefaultHttpRequest(decodeResult: success, version: HTTP/1.1)
POST /session/32fcf78cea763cfad60227fe91768df7/element HTTP/1.1
User-Agent: selenium/4.8.1 (java windows)
Content-Length: 148
Content-Type: application/json; charset=utf-8
host: localhost:23560
accept: */*

Response DefaultHttpResponse(decodeResult: success, version: HTTP/1.1)
HTTP/1.1 200 OK
Content-Length: 95
Content-Type: application/json; charset=utf-8
cache-control: no-cache

23:00:54.107 [AsyncHttpClient-1-2] DEBUG org.asynchttpclient.netty.channel.ChannelManager - Adding key: http://localhost:23560 for channel [id: 0xaa75d4bf, L:/127.0.0.1:54591 - R:localhost/127.0.0.1:23560]
23:00:54.109 [Forwarding isElementDisplayed on session 32fcf78cea763cfad60227fe91768df7 to remote] DEBUG org.asynchttpclient.netty.request.NettyRequestSender - Using pooled Channel '[id: 0xaa75d4bf, L:/127.0.0.1:54591 - R:localhost/127.0.0.1:23560]' for 'POST' to 'http://localhost:23560/session/32fcf78cea763cfad60227fe91768df7/execute/sync'
23:00:54.109 [Forwarding isElementDisplayed on session 32fcf78cea763cfad60227fe91768df7 to remote] DEBUG org.asynchttpclient.netty.request.NettyRequestSender - Using open Channel [id: 0xaa75d4bf, L:/127.0.0.1:54591 - R:localhost/127.0.0.1:23560] for POST '/session/32fcf78cea763cfad60227fe91768df7/execute/sync'
23:00:54.126 [AsyncHttpClient-1-2] DEBUG org.asynchttpclient.netty.handler.HttpHandler - 

Request DefaultHttpRequest(decodeResult: success, version: HTTP/1.1)
POST /session/32fcf78cea763cfad60227fe91768df7/execute/sync HTTP/1.1
User-Agent: selenium/4.8.1 (java windows)
Content-Length: 48814
Content-Type: application/json; charset=utf-8
host: localhost:23560
accept: */*

Response DefaultHttpResponse(decodeResult: success, version: HTTP/1.1)
HTTP/1.1 200 OK
Content-Length: 14
Content-Type: application/json; charset=utf-8
cache-control: no-cache

23:00:54.126 [AsyncHttpClient-1-2] DEBUG org.asynchttpclient.netty.channel.ChannelManager - Adding key: http://localhost:23560 for channel [id: 0xaa75d4bf, L:/127.0.0.1:54591 - R:localhost/127.0.0.1:23560]
23:00:54.132 [Forwarding getAlertText on session 32fcf78cea763cfad60227fe91768df7 to remote] DEBUG org.asynchttpclient.netty.request.NettyRequestSender - Using pooled Channel '[id: 0xaa75d4bf, L:/127.0.0.1:54591 - R:localhost/127.0.0.1:23560]' for 'GET' to 'http://localhost:23560/session/32fcf78cea763cfad60227fe91768df7/alert/text'
23:00:54.132 [Forwarding getAlertText on session 32fcf78cea763cfad60227fe91768df7 to remote] DEBUG org.asynchttpclient.netty.request.NettyRequestSender - Using open Channel [id: 0xaa75d4bf, L:/127.0.0.1:54591 - R:localhost/127.0.0.1:23560] for GET '/session/32fcf78cea763cfad60227fe91768df7/alert/text'
23:00:54.135 [AsyncHttpClient-1-2] DEBUG org.asynchttpclient.netty.handler.HttpHandler - 

Request DefaultFullHttpRequest(decodeResult: success, version: HTTP/1.1, content: EmptyByteBufBE)
GET /session/32fcf78cea763cfad60227fe91768df7/alert/text HTTP/1.1
User-Agent: selenium/4.8.1 (java windows)
Cache-Control: no-cache
Content-Type: application/json; charset=utf-8
host: localhost:23560
accept: */*

Response DefaultHttpResponse(decodeResult: success, version: HTTP/1.1)
HTTP/1.1 404 Not Found
Content-Length: 820
Content-Type: application/json; charset=utf-8
cache-control: no-cache

23:00:54.135 [AsyncHttpClient-1-2] DEBUG org.asynchttpclient.netty.channel.ChannelManager - Adding key: http://localhost:23560 for channel [id: 0xaa75d4bf, L:/127.0.0.1:54591 - R:localhost/127.0.0.1:23560]
23:00:54.136 [Forwarding getCurrentUrl on session 32fcf78cea763cfad60227fe91768df7 to remote] DEBUG org.asynchttpclient.netty.request.NettyRequestSender - Using pooled Channel '[id: 0xaa75d4bf, L:/127.0.0.1:54591 - R:localhost/127.0.0.1:23560]' for 'GET' to 'http://localhost:23560/session/32fcf78cea763cfad60227fe91768df7/url'
23:00:54.136 [Forwarding getCurrentUrl on session 32fcf78cea763cfad60227fe91768df7 to remote] DEBUG org.asynchttpclient.netty.request.NettyRequestSender - Using open Channel [id: 0xaa75d4bf, L:/127.0.0.1:54591 - R:localhost/127.0.0.1:23560] for GET '/session/32fcf78cea763cfad60227fe91768df7/url'
23:00:54.141 [AsyncHttpClient-1-2] DEBUG org.asynchttpclient.netty.handler.HttpHandler - 

Request DefaultFullHttpRequest(decodeResult: success, version: HTTP/1.1, content: EmptyByteBufBE)
GET /session/32fcf78cea763cfad60227fe91768df7/url HTTP/1.1
User-Agent: selenium/4.8.1 (java windows)
Cache-Control: no-cache
Content-Type: application/json; charset=utf-8
host: localhost:23560
accept: */*

Response DefaultHttpResponse(decodeResult: success, version: HTTP/1.1)
HTTP/1.1 200 OK
Content-Length: 41
Content-Type: application/json; charset=utf-8
cache-control: no-cache

23:00:54.141 [AsyncHttpClient-1-2] DEBUG org.asynchttpclient.netty.channel.ChannelManager - Adding key: http://localhost:23560 for channel [id: 0xaa75d4bf, L:/127.0.0.1:54591 - R:localhost/127.0.0.1:23560]
23:00:54.142 [Forwarding screenshot on session 32fcf78cea763cfad60227fe91768df7 to remote] DEBUG org.asynchttpclient.netty.request.NettyRequestSender - Using pooled Channel '[id: 0xaa75d4bf, L:/127.0.0.1:54591 - R:localhost/127.0.0.1:23560]' for 'GET' to 'http://localhost:23560/session/32fcf78cea763cfad60227fe91768df7/screenshot'
23:00:54.142 [Forwarding screenshot on session 32fcf78cea763cfad60227fe91768df7 to remote] DEBUG org.asynchttpclient.netty.request.NettyRequestSender - Using open Channel [id: 0xaa75d4bf, L:/127.0.0.1:54591 - R:localhost/127.0.0.1:23560] for GET '/session/32fcf78cea763cfad60227fe91768df7/screenshot'
23:00:54.258 [AsyncHttpClient-1-2] DEBUG org.asynchttpclient.netty.handler.HttpHandler - 

Request DefaultFullHttpRequest(decodeResult: success, version: HTTP/1.1, content: EmptyByteBufBE)
GET /session/32fcf78cea763cfad60227fe91768df7/screenshot HTTP/1.1
User-Agent: selenium/4.8.1 (java windows)
Cache-Control: no-cache
Content-Type: application/json; charset=utf-8
host: localhost:23560
accept: */*

Response DefaultHttpResponse(decodeResult: success, version: HTTP/1.1)
HTTP/1.1 200 OK
Content-Length: 86752
Content-Type: application/json; charset=utf-8
cache-control: no-cache

23:00:54.258 [AsyncHttpClient-1-2] DEBUG org.asynchttpclient.netty.channel.ChannelManager - Adding key: http://localhost:23560 for channel [id: 0xaa75d4bf, L:/127.0.0.1:54591 - R:localhost/127.0.0.1:23560]
23:00:54.262 [main] DEBUG net.serenitybdd.core.photography.Darkroom - Send negative for processing for target\site\serenity\acdb85324b05ed0031f159074a1f8a61ef072aad95489d72e4cd86a0da2c3148.png
23:00:54.262 [main] DEBUG net.thucydides.core.steps.StepInterceptor - STEP DONE: validatePopUp
  &amp#27;[32mThen &amp#27;[0m&amp#27;[32mI see the pop up product add to cart&amp#27;[0m &amp#27;[90m# starter.stepdefinitions.HomepageSteps.seeProductToCart()&amp#27;[0m
23:00:54.267 [main] INFO  - 
  _____   ___   ___   _____     ___     _     ___   ___   ___   ___  
 |_   _| | __| / __| |_   _|   | _ \   /_\   / __| / __| | __| |   \ 
   | |   | _|  \__ \   | |     |  _/  / _ \  \__ \ \__ \ | _|  | |) |
   |_|   |___| |___/   |_|     |_|   /_/ \_\ |___/ |___/ |___| |___/ 

Add three identical in cart
----------------------------------------------------------------------
23:00:54.268 [AsyncHttpClient-1-4] DEBUG org.asynchttpclient.netty.handler.WebSocketHandler - Channel Closed: [id: 0xfda6ab01, L:/127.0.0.1:54599 ! R:localhost/127.0.0.1:54592] with attribute NettyResponseFuture{currentRetry=0,
	isDone=1,
	isCancelled=0,
	asyncHandler=org.asynchttpclient.ws.WebSocketUpgradeHandler@201f337b,
	nettyRequest=org.asynchttpclient.netty.request.NettyRequest@1f1b96c7,
	future=java.util.concurrent.CompletableFuture@33bc5421[Completed normally],
	uri=ws://localhost:54592/devtools/browser/b742d528-6230-4808-9fe3-07b12316f587,
	keepAlive=true,
	redirectCount=0,
	timeoutsHolder=null,
	inAuth=0,
	touch=1683561644831}
23:00:54.268 [Driver Command Executor] DEBUG org.asynchttpclient.netty.request.NettyRequestSender - Using pooled Channel '[id: 0xaa75d4bf, L:/127.0.0.1:54591 - R:localhost/127.0.0.1:23560]' for 'DELETE' to 'http://localhost:23560/session/32fcf78cea763cfad60227fe91768df7'
23:00:54.268 [AsyncHttpClient-1-4] DEBUG org.asynchttpclient.netty.channel.ChannelManager - Closing Channel [id: 0xfda6ab01, L:/127.0.0.1:54599 ! R:localhost/127.0.0.1:54592] 
23:00:54.268 [Driver Command Executor] DEBUG org.asynchttpclient.netty.request.NettyRequestSender - Using open Channel [id: 0xaa75d4bf, L:/127.0.0.1:54591 - R:localhost/127.0.0.1:23560] for DELETE '/session/32fcf78cea763cfad60227fe91768df7'
23:00:54.301 [AsyncHttpClient-1-1] DEBUG org.asynchttpclient.netty.channel.DefaultChannelPool - Entry count for : http://localhost:54592 : 1
23:00:54.444 [AsyncHttpClient-1-3] DEBUG org.asynchttpclient.netty.handler.HttpHandler - Unexpected I/O exception on channel [id: 0x578e23db, L:/127.0.0.1:54598 - R:localhost/127.0.0.1:54592]
java.io.IOException: An existing connection was forcibly closed by the remote host
	at sun.nio.ch.SocketDispatcher.read0(Native Method)
	at sun.nio.ch.SocketDispatcher.read(SocketDispatcher.java:43)
	at sun.nio.ch.IOUtil.readIntoNativeBuffer(IOUtil.java:223)
	at sun.nio.ch.IOUtil.read(IOUtil.java:192)
	at sun.nio.ch.SocketChannelImpl.read(SocketChannelImpl.java:378)
	at io.netty.buffer.PooledByteBuf.setBytes(PooledByteBuf.java:259)
	at io.netty.buffer.AbstractByteBuf.writeBytes(AbstractByteBuf.java:1132)
	at io.netty.channel.socket.nio.NioSocketChannel.doReadBytes(NioSocketChannel.java:357)
	at io.netty.channel.nio.AbstractNioByteChannel$NioByteUnsafe.read(AbstractNioByteChannel.java:151)
	at io.netty.channel.nio.NioEventLoop.processSelectedKey(NioEventLoop.java:788)
	at io.netty.channel.nio.NioEventLoop.processSelectedKeysOptimized(NioEventLoop.java:724)
	at io.netty.channel.nio.NioEventLoop.processSelectedKeys(NioEventLoop.java:650)
	at io.netty.channel.nio.NioEventLoop.run(NioEventLoop.java:562)
	at io.netty.util.concurrent.SingleThreadEventExecutor$4.run(SingleThreadEventExecutor.java:997)
	at io.netty.util.internal.ThreadExecutorMap$2.run(ThreadExecutorMap.java:74)
	at io.netty.util.concurrent.FastThreadLocalRunnable.run(FastThreadLocalRunnable.java:30)
	at java.lang.Thread.run(Thread.java:750)
23:00:54.444 [AsyncHttpClient-1-3] DEBUG org.asynchttpclient.netty.channel.ChannelManager - Closing Channel [id: 0x578e23db, L:/127.0.0.1:54598 - R:localhost/127.0.0.1:54592] 
23:00:54.444 [AsyncHttpClient-1-3] DEBUG org.asynchttpclient.netty.handler.HttpHandler - Channel Closed: [id: 0x578e23db, L:/127.0.0.1:54598 ! R:localhost/127.0.0.1:54592] with attribute DISCARD
23:00:54.466 [AsyncHttpClient-1-2] DEBUG org.asynchttpclient.netty.handler.HttpHandler - 

Request DefaultFullHttpRequest(decodeResult: success, version: HTTP/1.1, content: EmptyByteBufBE)
DELETE /session/32fcf78cea763cfad60227fe91768df7 HTTP/1.1
User-Agent: selenium/4.8.1 (java windows)
Content-Type: application/json; charset=utf-8
host: localhost:23560
accept: */*

Response DefaultHttpResponse(decodeResult: success, version: HTTP/1.1)
HTTP/1.1 200 OK
Content-Length: 14
Content-Type: application/json; charset=utf-8
cache-control: no-cache

23:00:54.466 [AsyncHttpClient-1-2] DEBUG org.asynchttpclient.netty.channel.ChannelManager - Adding key: http://localhost:23560 for channel [id: 0xaa75d4bf, L:/127.0.0.1:54591 - R:localhost/127.0.0.1:23560]
23:00:54.525 [AsyncHttpClient-1-2] DEBUG org.asynchttpclient.netty.handler.HttpHandler - Channel Closed: [id: 0xaa75d4bf, L:/127.0.0.1:54591 ! R:localhost/127.0.0.1:23560] with attribute DISCARD
]]></system-out>
    <system-err><![CDATA[Starting ChromeDriver 113.0.5672.63 (0e1a4471d5ae5bf128b1bd8f4d627c8cbd55f70c-refs/branch-heads/5672@{#912}) on port 23560
Only local connections are allowed.
Please see https://chromedriver.chromium.org/security-considerations for suggestions on keeping ChromeDriver safe.
ChromeDriver was started successfully.
May 08, 2023 11:00:44 PM org.openqa.selenium.devtools.CdpVersionFinder findNearestMatch
WARNING: Unable to find an exact match for CDP version 113, so returning the closest version found: 110
]]></system-err>
  </testcase>
  <testcase name="Add three different in cart" classname="HomePage" time="11.387">
    <system-out><![CDATA[
Scenario: Add three different in cart       &amp#27;[90m# src/test/resources/features/3.Homepage.feature:35&amp#27;[0m
23:00:55.061 [main] DEBUG io.cucumber.core.plugin.SerenityReporter - Running feature from file:///D:/1.%20QA%20ALTERRA%20ACADEMY/MobileTesting/MiniProjectWEB/src/test/resources/features/3.Homepage.feature
23:00:55.063 [main] INFO  - 
  _____   ___   ___   _____     ___   _____     _     ___   _____   ___   ___  
 |_   _| | __| / __| |_   _|   / __| |_   _|   /_\   | _ \ |_   _| | __| |   \ 
   | |   | _|  \__ \   | |     \__ \   | |    / _ \  |   /   | |   | _|  | |) |
   |_|   |___| |___/   |_|     |___/   |_|   /_/ \_\ |_|_\   |_|   |___| |___/ 

Add three different in cart(homepage;add-three-different-in-cart)
--------------------------------------------------------------------------------
23:00:55.252 [main] INFO net.serenitybdd.core.webdriver.driverproviders.ChromeDriverProvider - Starting Chrome driver instance with capabilities:
23:00:55.252 [main] INFO net.serenitybdd.core.webdriver.driverproviders.ChromeDriverProvider - Capabilities {acceptInsecureCerts: false, browserName: chrome, goog:chromeOptions: {args: [remote-allow-origins=*], extensions: []}}
23:00:55.397 [AsyncHttpClient-1-1] DEBUG org.asynchttpclient.netty.channel.DefaultChannelPool - Entry count for : http://localhost:23560 : 1
23:00:55.398 [AsyncHttpClient-1-1] DEBUG org.asynchttpclient.netty.channel.DefaultChannelPool - Entry count for : http://localhost:54592 : 1
23:00:55.398 [AsyncHttpClient-1-1] DEBUG org.asynchttpclient.netty.channel.DefaultChannelPool - Adding Candidate expired Channel [id: 0xaa75d4bf, L:/127.0.0.1:54591 ! R:localhost/127.0.0.1:23560] isIdleTimeoutExpired=false isRemotelyClosed=true isTtlExpired=false
23:00:55.398 [AsyncHttpClient-1-1] DEBUG org.asynchttpclient.netty.channel.DefaultChannelPool - Closing Idle Channel [id: 0xaa75d4bf, L:/127.0.0.1:54591 ! R:localhost/127.0.0.1:23560]
23:00:55.398 [AsyncHttpClient-1-1] DEBUG org.asynchttpclient.netty.channel.DefaultChannelPool - Adding Candidate expired Channel [id: 0x578e23db, L:/127.0.0.1:54598 ! R:localhost/127.0.0.1:54592] isIdleTimeoutExpired=false isRemotelyClosed=true isTtlExpired=false
23:00:55.398 [AsyncHttpClient-1-1] DEBUG org.asynchttpclient.netty.channel.DefaultChannelPool - Closing Idle Channel [id: 0x578e23db, L:/127.0.0.1:54598 ! R:localhost/127.0.0.1:54592]
23:00:55.398 [AsyncHttpClient-1-1] DEBUG org.asynchttpclient.netty.channel.DefaultChannelPool - Closed 2 connections out of 2 in 0 ms
23:00:56.384 [AsyncHttpClient-1-5] DEBUG org.asynchttpclient.netty.channel.NettyConnectListener - Using new Channel '[id: 0xc04452dd, L:/127.0.0.1:54618 - R:localhost/127.0.0.1:25247]' for 'POST' to '/session'
23:00:56.934 [AsyncHttpClient-1-5] DEBUG org.asynchttpclient.netty.handler.HttpHandler - 

Request DefaultHttpRequest(decodeResult: success, version: HTTP/1.1)
POST /session HTTP/1.1
User-Agent: selenium/4.8.1 (java windows)
Content-Length: 507
Content-Type: application/json; charset=utf-8
host: localhost:25247
accept: */*

Response DefaultHttpResponse(decodeResult: success, version: HTTP/1.1)
HTTP/1.1 200 OK
Content-Length: 861
Content-Type: application/json; charset=utf-8
cache-control: no-cache

23:00:56.934 [AsyncHttpClient-1-5] DEBUG org.asynchttpclient.netty.channel.ChannelManager - Adding key: http://localhost:25247 for channel [id: 0xc04452dd, L:/127.0.0.1:54618 - R:localhost/127.0.0.1:25247]
23:00:56.938 [AsyncHttpClient-1-6] DEBUG org.asynchttpclient.netty.channel.NettyConnectListener - Using new Channel '[id: 0xd84cadcf, L:/127.0.0.1:54625 - R:localhost/127.0.0.1:54619]' for 'GET' to '/json/version'
23:00:56.938 [AsyncHttpClient-1-6] DEBUG org.asynchttpclient.netty.handler.HttpHandler - 

Request DefaultFullHttpRequest(decodeResult: success, version: HTTP/1.1, content: EmptyByteBufBE)
GET /json/version HTTP/1.1
User-Agent: selenium/4.8.1 (java windows)
host: localhost:54619
accept: */*

Response DefaultHttpResponse(decodeResult: success, version: HTTP/1.1)
HTTP/1.1 200 OK
Content-Security-Policy: frame-ancestors 'none'
Content-Length: 422
Content-Type: application/json; charset=UTF-8

23:00:56.939 [AsyncHttpClient-1-6] DEBUG org.asynchttpclient.netty.channel.ChannelManager - Adding key: http://localhost:54619 for channel [id: 0xd84cadcf, L:/127.0.0.1:54625 - R:localhost/127.0.0.1:54619]
23:00:56.940 [AsyncHttpClient-1-7] DEBUG org.asynchttpclient.netty.channel.NettyConnectListener - Using new Channel '[id: 0xe772e8a0, L:/127.0.0.1:54626 - R:localhost/127.0.0.1:54619]' for 'GET' to '/devtools/browser/48fd9634-cee6-42b1-8e38-7d10f52ec766'
23:00:56.941 [AsyncHttpClient-1-7] DEBUG org.asynchttpclient.netty.handler.WebSocketHandler - 

Request DefaultFullHttpRequest(decodeResult: success, version: HTTP/1.1, content: EmptyByteBufBE)
GET /devtools/browser/48fd9634-cee6-42b1-8e38-7d10f52ec766 HTTP/1.1
upgrade: websocket
connection: upgrade
sec-websocket-key: 2aezN1E5gDfiuE2P2RVw0g==
sec-websocket-version: 13
origin: http://localhost:54619
host: localhost:54619
accept: */*
user-agent: AHC/2.1

Response DefaultHttpResponse(decodeResult: success, version: HTTP/1.1)
HTTP/1.1 101 WebSocket Protocol Handshake
Upgrade: WebSocket
Connection: Upgrade
Sec-WebSocket-Accept: XfoORNVT/srA6MznfMlHdQEla+o=

23:00:56.943 [Forwarding get on session ac0b2424f223f85e67cfc74f7f6abe3c to remote] DEBUG org.asynchttpclient.netty.request.NettyRequestSender - Using pooled Channel '[id: 0xc04452dd, L:/127.0.0.1:54618 - R:localhost/127.0.0.1:25247]' for 'POST' to 'http://localhost:25247/session/ac0b2424f223f85e67cfc74f7f6abe3c/url'
23:00:56.943 [Forwarding get on session ac0b2424f223f85e67cfc74f7f6abe3c to remote] DEBUG org.asynchttpclient.netty.request.NettyRequestSender - Using open Channel [id: 0xc04452dd, L:/127.0.0.1:54618 - R:localhost/127.0.0.1:25247] for POST '/session/ac0b2424f223f85e67cfc74f7f6abe3c/url'
23:00:57.599 [AsyncHttpClient-1-1] DEBUG org.asynchttpclient.netty.channel.DefaultChannelPool - Entry count for : http://localhost:54619 : 1
23:00:58.698 [AsyncHttpClient-1-1] DEBUG org.asynchttpclient.netty.channel.DefaultChannelPool - Entry count for : http://localhost:54619 : 1
23:00:59.799 [AsyncHttpClient-1-1] DEBUG org.asynchttpclient.netty.channel.DefaultChannelPool - Entry count for : http://localhost:54619 : 1
23:01:00.875 [AsyncHttpClient-1-5] DEBUG org.asynchttpclient.netty.handler.HttpHandler - 

Request DefaultHttpRequest(decodeResult: success, version: HTTP/1.1)
POST /session/ac0b2424f223f85e67cfc74f7f6abe3c/url HTTP/1.1
User-Agent: selenium/4.8.1 (java windows)
Content-Length: 53
Content-Type: application/json; charset=utf-8
host: localhost:25247
accept: */*

Response DefaultHttpResponse(decodeResult: success, version: HTTP/1.1)
HTTP/1.1 200 OK
Content-Length: 14
Content-Type: application/json; charset=utf-8
cache-control: no-cache

23:01:00.875 [AsyncHttpClient-1-5] DEBUG org.asynchttpclient.netty.channel.ChannelManager - Adding key: http://localhost:25247 for channel [id: 0xc04452dd, L:/127.0.0.1:54618 - R:localhost/127.0.0.1:25247]
23:01:00.875 [Forwarding setTimeout on session ac0b2424f223f85e67cfc74f7f6abe3c to remote] DEBUG org.asynchttpclient.netty.request.NettyRequestSender - Using pooled Channel '[id: 0xc04452dd, L:/127.0.0.1:54618 - R:localhost/127.0.0.1:25247]' for 'POST' to 'http://localhost:25247/session/ac0b2424f223f85e67cfc74f7f6abe3c/timeouts'
23:01:00.875 [Forwarding setTimeout on session ac0b2424f223f85e67cfc74f7f6abe3c to remote] DEBUG org.asynchttpclient.netty.request.NettyRequestSender - Using open Channel [id: 0xc04452dd, L:/127.0.0.1:54618 - R:localhost/127.0.0.1:25247] for POST '/session/ac0b2424f223f85e67cfc74f7f6abe3c/timeouts'
23:01:00.876 [AsyncHttpClient-1-5] DEBUG org.asynchttpclient.netty.handler.HttpHandler - 

Request DefaultHttpRequest(decodeResult: success, version: HTTP/1.1)
POST /session/ac0b2424f223f85e67cfc74f7f6abe3c/timeouts HTTP/1.1
User-Agent: selenium/4.8.1 (java windows)
Content-Length: 22
Content-Type: application/json; charset=utf-8
host: localhost:25247
accept: */*

Response DefaultHttpResponse(decodeResult: success, version: HTTP/1.1)
HTTP/1.1 200 OK
Content-Length: 14
Content-Type: application/json; charset=utf-8
cache-control: no-cache

23:01:00.876 [AsyncHttpClient-1-5] DEBUG org.asynchttpclient.netty.channel.ChannelManager - Adding key: http://localhost:25247 for channel [id: 0xc04452dd, L:/127.0.0.1:54618 - R:localhost/127.0.0.1:25247]
  &amp#27;[32mGiven &amp#27;[0m&amp#27;[32mI am on the home page&amp#27;[0m               &amp#27;[90m# starter.stepdefinitions.HomepageSteps.onTheHomePage()&amp#27;[0m
23:01:00.881 [Forwarding getAlertText on session ac0b2424f223f85e67cfc74f7f6abe3c to remote] DEBUG org.asynchttpclient.netty.request.NettyRequestSender - Using pooled Channel '[id: 0xc04452dd, L:/127.0.0.1:54618 - R:localhost/127.0.0.1:25247]' for 'GET' to 'http://localhost:25247/session/ac0b2424f223f85e67cfc74f7f6abe3c/alert/text'
23:01:00.881 [Forwarding getAlertText on session ac0b2424f223f85e67cfc74f7f6abe3c to remote] DEBUG org.asynchttpclient.netty.request.NettyRequestSender - Using open Channel [id: 0xc04452dd, L:/127.0.0.1:54618 - R:localhost/127.0.0.1:25247] for GET '/session/ac0b2424f223f85e67cfc74f7f6abe3c/alert/text'
23:01:00.883 [AsyncHttpClient-1-5] DEBUG org.asynchttpclient.netty.handler.HttpHandler - 

Request DefaultFullHttpRequest(decodeResult: success, version: HTTP/1.1, content: EmptyByteBufBE)
GET /session/ac0b2424f223f85e67cfc74f7f6abe3c/alert/text HTTP/1.1
User-Agent: selenium/4.8.1 (java windows)
Cache-Control: no-cache
Content-Type: application/json; charset=utf-8
host: localhost:25247
accept: */*

Response DefaultHttpResponse(decodeResult: success, version: HTTP/1.1)
HTTP/1.1 404 Not Found
Content-Length: 820
Content-Type: application/json; charset=utf-8
cache-control: no-cache

23:01:00.883 [AsyncHttpClient-1-5] DEBUG org.asynchttpclient.netty.channel.ChannelManager - Adding key: http://localhost:25247 for channel [id: 0xc04452dd, L:/127.0.0.1:54618 - R:localhost/127.0.0.1:25247]
23:01:00.884 [Forwarding getCurrentUrl on session ac0b2424f223f85e67cfc74f7f6abe3c to remote] DEBUG org.asynchttpclient.netty.request.NettyRequestSender - Using pooled Channel '[id: 0xc04452dd, L:/127.0.0.1:54618 - R:localhost/127.0.0.1:25247]' for 'GET' to 'http://localhost:25247/session/ac0b2424f223f85e67cfc74f7f6abe3c/url'
23:01:00.884 [Forwarding getCurrentUrl on session ac0b2424f223f85e67cfc74f7f6abe3c to remote] DEBUG org.asynchttpclient.netty.request.NettyRequestSender - Using open Channel [id: 0xc04452dd, L:/127.0.0.1:54618 - R:localhost/127.0.0.1:25247] for GET '/session/ac0b2424f223f85e67cfc74f7f6abe3c/url'
23:01:00.892 [AsyncHttpClient-1-5] DEBUG org.asynchttpclient.netty.handler.HttpHandler - 

Request DefaultFullHttpRequest(decodeResult: success, version: HTTP/1.1, content: EmptyByteBufBE)
GET /session/ac0b2424f223f85e67cfc74f7f6abe3c/url HTTP/1.1
User-Agent: selenium/4.8.1 (java windows)
Cache-Control: no-cache
Content-Type: application/json; charset=utf-8
host: localhost:25247
accept: */*

Response DefaultHttpResponse(decodeResult: success, version: HTTP/1.1)
HTTP/1.1 200 OK
Content-Length: 41
Content-Type: application/json; charset=utf-8
cache-control: no-cache

23:01:00.892 [AsyncHttpClient-1-5] DEBUG org.asynchttpclient.netty.channel.ChannelManager - Adding key: http://localhost:25247 for channel [id: 0xc04452dd, L:/127.0.0.1:54618 - R:localhost/127.0.0.1:25247]
23:01:00.892 [Forwarding screenshot on session ac0b2424f223f85e67cfc74f7f6abe3c to remote] DEBUG org.asynchttpclient.netty.request.NettyRequestSender - Using pooled Channel '[id: 0xc04452dd, L:/127.0.0.1:54618 - R:localhost/127.0.0.1:25247]' for 'GET' to 'http://localhost:25247/session/ac0b2424f223f85e67cfc74f7f6abe3c/screenshot'
23:01:00.892 [Forwarding screenshot on session ac0b2424f223f85e67cfc74f7f6abe3c to remote] DEBUG org.asynchttpclient.netty.request.NettyRequestSender - Using open Channel [id: 0xc04452dd, L:/127.0.0.1:54618 - R:localhost/127.0.0.1:25247] for GET '/session/ac0b2424f223f85e67cfc74f7f6abe3c/screenshot'
23:01:00.898 [AsyncHttpClient-1-1] DEBUG org.asynchttpclient.netty.channel.DefaultChannelPool - Entry count for : http://localhost:54619 : 1
23:01:01.027 [AsyncHttpClient-1-5] DEBUG org.asynchttpclient.netty.handler.HttpHandler - 

Request DefaultFullHttpRequest(decodeResult: success, version: HTTP/1.1, content: EmptyByteBufBE)
GET /session/ac0b2424f223f85e67cfc74f7f6abe3c/screenshot HTTP/1.1
User-Agent: selenium/4.8.1 (java windows)
Cache-Control: no-cache
Content-Type: application/json; charset=utf-8
host: localhost:25247
accept: */*

Response DefaultHttpResponse(decodeResult: success, version: HTTP/1.1)
HTTP/1.1 200 OK
Content-Length: 93224
Content-Type: application/json; charset=utf-8
cache-control: no-cache

23:01:01.028 [AsyncHttpClient-1-5] DEBUG org.asynchttpclient.netty.channel.ChannelManager - Adding key: http://localhost:25247 for channel [id: 0xc04452dd, L:/127.0.0.1:54618 - R:localhost/127.0.0.1:25247]
23:01:01.032 [main] DEBUG net.serenitybdd.core.photography.Darkroom - Send negative for processing for target\site\serenity\eae70e0d31e8e8b85ce659fe0365ca28c24246a1bf9d3b50a76ae0889116b9f5.png
23:01:01.037 [Forwarding getPageSource on session ac0b2424f223f85e67cfc74f7f6abe3c to remote] DEBUG org.asynchttpclient.netty.request.NettyRequestSender - Using pooled Channel '[id: 0xc04452dd, L:/127.0.0.1:54618 - R:localhost/127.0.0.1:25247]' for 'POST' to 'http://localhost:25247/session/ac0b2424f223f85e67cfc74f7f6abe3c/execute/sync'
23:01:01.037 [Forwarding getPageSource on session ac0b2424f223f85e67cfc74f7f6abe3c to remote] DEBUG org.asynchttpclient.netty.request.NettyRequestSender - Using open Channel [id: 0xc04452dd, L:/127.0.0.1:54618 - R:localhost/127.0.0.1:25247] for POST '/session/ac0b2424f223f85e67cfc74f7f6abe3c/execute/sync'
23:01:01.110 [AsyncHttpClient-1-5] DEBUG org.asynchttpclient.netty.handler.HttpHandler - 

Request DefaultHttpRequest(decodeResult: success, version: HTTP/1.1)
POST /session/ac0b2424f223f85e67cfc74f7f6abe3c/execute/sync HTTP/1.1
User-Agent: selenium/4.8.1 (java windows)
Content-Length: 176
Content-Type: application/json; charset=utf-8
host: localhost:25247
accept: */*

Response DefaultHttpResponse(decodeResult: success, version: HTTP/1.1)
HTTP/1.1 200 OK
Content-Length: 816995
Content-Type: application/json; charset=utf-8
cache-control: no-cache

23:01:01.111 [AsyncHttpClient-1-5] DEBUG org.asynchttpclient.netty.channel.ChannelManager - Adding key: http://localhost:25247 for channel [id: 0xc04452dd, L:/127.0.0.1:54618 - R:localhost/127.0.0.1:25247]
23:01:01.206 [Forwarding getCurrentUrl on session ac0b2424f223f85e67cfc74f7f6abe3c to remote] DEBUG org.asynchttpclient.netty.request.NettyRequestSender - Using pooled Channel '[id: 0xc04452dd, L:/127.0.0.1:54618 - R:localhost/127.0.0.1:25247]' for 'GET' to 'http://localhost:25247/session/ac0b2424f223f85e67cfc74f7f6abe3c/url'
23:01:01.206 [Forwarding getCurrentUrl on session ac0b2424f223f85e67cfc74f7f6abe3c to remote] DEBUG org.asynchttpclient.netty.request.NettyRequestSender - Using open Channel [id: 0xc04452dd, L:/127.0.0.1:54618 - R:localhost/127.0.0.1:25247] for GET '/session/ac0b2424f223f85e67cfc74f7f6abe3c/url'
23:01:01.213 [AsyncHttpClient-1-5] DEBUG org.asynchttpclient.netty.handler.HttpHandler - 

Request DefaultFullHttpRequest(decodeResult: success, version: HTTP/1.1, content: EmptyByteBufBE)
GET /session/ac0b2424f223f85e67cfc74f7f6abe3c/url HTTP/1.1
User-Agent: selenium/4.8.1 (java windows)
Cache-Control: no-cache
Content-Type: application/json; charset=utf-8
host: localhost:25247
accept: */*

Response DefaultHttpResponse(decodeResult: success, version: HTTP/1.1)
HTTP/1.1 200 OK
Content-Length: 41
Content-Type: application/json; charset=utf-8
cache-control: no-cache

23:01:01.214 [AsyncHttpClient-1-5] DEBUG org.asynchttpclient.netty.channel.ChannelManager - Adding key: http://localhost:25247 for channel [id: 0xc04452dd, L:/127.0.0.1:54618 - R:localhost/127.0.0.1:25247]
23:01:01.220 [Forwarding getAlertText on session ac0b2424f223f85e67cfc74f7f6abe3c to remote] DEBUG org.asynchttpclient.netty.request.NettyRequestSender - Using pooled Channel '[id: 0xc04452dd, L:/127.0.0.1:54618 - R:localhost/127.0.0.1:25247]' for 'GET' to 'http://localhost:25247/session/ac0b2424f223f85e67cfc74f7f6abe3c/alert/text'
23:01:01.220 [Forwarding getAlertText on session ac0b2424f223f85e67cfc74f7f6abe3c to remote] DEBUG org.asynchttpclient.netty.request.NettyRequestSender - Using open Channel [id: 0xc04452dd, L:/127.0.0.1:54618 - R:localhost/127.0.0.1:25247] for GET '/session/ac0b2424f223f85e67cfc74f7f6abe3c/alert/text'
23:01:01.223 [AsyncHttpClient-1-5] DEBUG org.asynchttpclient.netty.handler.HttpHandler - 

Request DefaultFullHttpRequest(decodeResult: success, version: HTTP/1.1, content: EmptyByteBufBE)
GET /session/ac0b2424f223f85e67cfc74f7f6abe3c/alert/text HTTP/1.1
User-Agent: selenium/4.8.1 (java windows)
Cache-Control: no-cache
Content-Type: application/json; charset=utf-8
host: localhost:25247
accept: */*

Response DefaultHttpResponse(decodeResult: success, version: HTTP/1.1)
HTTP/1.1 404 Not Found
Content-Length: 820
Content-Type: application/json; charset=utf-8
cache-control: no-cache

23:01:01.227 [AsyncHttpClient-1-5] DEBUG org.asynchttpclient.netty.channel.ChannelManager - Adding key: http://localhost:25247 for channel [id: 0xc04452dd, L:/127.0.0.1:54618 - R:localhost/127.0.0.1:25247]
23:01:01.229 [Forwarding getCurrentUrl on session ac0b2424f223f85e67cfc74f7f6abe3c to remote] DEBUG org.asynchttpclient.netty.request.NettyRequestSender - Using pooled Channel '[id: 0xc04452dd, L:/127.0.0.1:54618 - R:localhost/127.0.0.1:25247]' for 'GET' to 'http://localhost:25247/session/ac0b2424f223f85e67cfc74f7f6abe3c/url'
23:01:01.229 [Forwarding getCurrentUrl on session ac0b2424f223f85e67cfc74f7f6abe3c to remote] DEBUG org.asynchttpclient.netty.request.NettyRequestSender - Using open Channel [id: 0xc04452dd, L:/127.0.0.1:54618 - R:localhost/127.0.0.1:25247] for GET '/session/ac0b2424f223f85e67cfc74f7f6abe3c/url'
23:01:01.235 [AsyncHttpClient-1-5] DEBUG org.asynchttpclient.netty.handler.HttpHandler - 

Request DefaultFullHttpRequest(decodeResult: success, version: HTTP/1.1, content: EmptyByteBufBE)
GET /session/ac0b2424f223f85e67cfc74f7f6abe3c/url HTTP/1.1
User-Agent: selenium/4.8.1 (java windows)
Cache-Control: no-cache
Content-Type: application/json; charset=utf-8
host: localhost:25247
accept: */*

Response DefaultHttpResponse(decodeResult: success, version: HTTP/1.1)
HTTP/1.1 200 OK
Content-Length: 41
Content-Type: application/json; charset=utf-8
cache-control: no-cache

23:01:01.235 [AsyncHttpClient-1-5] DEBUG org.asynchttpclient.netty.channel.ChannelManager - Adding key: http://localhost:25247 for channel [id: 0xc04452dd, L:/127.0.0.1:54618 - R:localhost/127.0.0.1:25247]
23:01:01.236 [Forwarding screenshot on session ac0b2424f223f85e67cfc74f7f6abe3c to remote] DEBUG org.asynchttpclient.netty.request.NettyRequestSender - Using pooled Channel '[id: 0xc04452dd, L:/127.0.0.1:54618 - R:localhost/127.0.0.1:25247]' for 'GET' to 'http://localhost:25247/session/ac0b2424f223f85e67cfc74f7f6abe3c/screenshot'
23:01:01.236 [Forwarding screenshot on session ac0b2424f223f85e67cfc74f7f6abe3c to remote] DEBUG org.asynchttpclient.netty.request.NettyRequestSender - Using open Channel [id: 0xc04452dd, L:/127.0.0.1:54618 - R:localhost/127.0.0.1:25247] for GET '/session/ac0b2424f223f85e67cfc74f7f6abe3c/screenshot'
23:01:01.347 [AsyncHttpClient-1-5] DEBUG org.asynchttpclient.netty.handler.HttpHandler - 

Request DefaultFullHttpRequest(decodeResult: success, version: HTTP/1.1, content: EmptyByteBufBE)
GET /session/ac0b2424f223f85e67cfc74f7f6abe3c/screenshot HTTP/1.1
User-Agent: selenium/4.8.1 (java windows)
Cache-Control: no-cache
Content-Type: application/json; charset=utf-8
host: localhost:25247
accept: */*

Response DefaultHttpResponse(decodeResult: success, version: HTTP/1.1)
HTTP/1.1 200 OK
Content-Length: 93224
Content-Type: application/json; charset=utf-8
cache-control: no-cache

23:01:01.348 [AsyncHttpClient-1-5] DEBUG org.asynchttpclient.netty.channel.ChannelManager - Adding key: http://localhost:25247 for channel [id: 0xc04452dd, L:/127.0.0.1:54618 - R:localhost/127.0.0.1:25247]
23:01:01.351 [main] DEBUG net.serenitybdd.core.photography.Darkroom - Send negative for processing for target\site\serenity\eae70e0d31e8e8b85ce659fe0365ca28c24246a1bf9d3b50a76ae0889116b9f5.png
23:01:01.352 [Forwarding getPageSource on session ac0b2424f223f85e67cfc74f7f6abe3c to remote] DEBUG org.asynchttpclient.netty.request.NettyRequestSender - Using pooled Channel '[id: 0xc04452dd, L:/127.0.0.1:54618 - R:localhost/127.0.0.1:25247]' for 'POST' to 'http://localhost:25247/session/ac0b2424f223f85e67cfc74f7f6abe3c/execute/sync'
23:01:01.352 [Forwarding getPageSource on session ac0b2424f223f85e67cfc74f7f6abe3c to remote] DEBUG org.asynchttpclient.netty.request.NettyRequestSender - Using open Channel [id: 0xc04452dd, L:/127.0.0.1:54618 - R:localhost/127.0.0.1:25247] for POST '/session/ac0b2424f223f85e67cfc74f7f6abe3c/execute/sync'
23:01:01.417 [AsyncHttpClient-1-5] DEBUG org.asynchttpclient.netty.handler.HttpHandler - 

Request DefaultHttpRequest(decodeResult: success, version: HTTP/1.1)
POST /session/ac0b2424f223f85e67cfc74f7f6abe3c/execute/sync HTTP/1.1
User-Agent: selenium/4.8.1 (java windows)
Content-Length: 176
Content-Type: application/json; charset=utf-8
host: localhost:25247
accept: */*

Response DefaultHttpResponse(decodeResult: success, version: HTTP/1.1)
HTTP/1.1 200 OK
Content-Length: 816995
Content-Type: application/json; charset=utf-8
cache-control: no-cache

23:01:01.418 [AsyncHttpClient-1-5] DEBUG org.asynchttpclient.netty.channel.ChannelManager - Adding key: http://localhost:25247 for channel [id: 0xc04452dd, L:/127.0.0.1:54618 - R:localhost/127.0.0.1:25247]
23:01:01.507 [Forwarding getCurrentUrl on session ac0b2424f223f85e67cfc74f7f6abe3c to remote] DEBUG org.asynchttpclient.netty.request.NettyRequestSender - Using pooled Channel '[id: 0xc04452dd, L:/127.0.0.1:54618 - R:localhost/127.0.0.1:25247]' for 'GET' to 'http://localhost:25247/session/ac0b2424f223f85e67cfc74f7f6abe3c/url'
23:01:01.507 [Forwarding getCurrentUrl on session ac0b2424f223f85e67cfc74f7f6abe3c to remote] DEBUG org.asynchttpclient.netty.request.NettyRequestSender - Using open Channel [id: 0xc04452dd, L:/127.0.0.1:54618 - R:localhost/127.0.0.1:25247] for GET '/session/ac0b2424f223f85e67cfc74f7f6abe3c/url'
23:01:01.516 [AsyncHttpClient-1-5] DEBUG org.asynchttpclient.netty.handler.HttpHandler - 

Request DefaultFullHttpRequest(decodeResult: success, version: HTTP/1.1, content: EmptyByteBufBE)
GET /session/ac0b2424f223f85e67cfc74f7f6abe3c/url HTTP/1.1
User-Agent: selenium/4.8.1 (java windows)
Cache-Control: no-cache
Content-Type: application/json; charset=utf-8
host: localhost:25247
accept: */*

Response DefaultHttpResponse(decodeResult: success, version: HTTP/1.1)
HTTP/1.1 200 OK
Content-Length: 41
Content-Type: application/json; charset=utf-8
cache-control: no-cache

23:01:01.516 [AsyncHttpClient-1-5] DEBUG org.asynchttpclient.netty.channel.ChannelManager - Adding key: http://localhost:25247 for channel [id: 0xc04452dd, L:/127.0.0.1:54618 - R:localhost/127.0.0.1:25247]
23:01:01.521 [main] DEBUG net.thucydides.core.steps.StepInterceptor - STARTING STEP: HomepageSteps.chooseTheProduct - chooseProduct
23:01:01.524 [Forwarding findElement on session ac0b2424f223f85e67cfc74f7f6abe3c to remote] DEBUG org.asynchttpclient.netty.request.NettyRequestSender - Using pooled Channel '[id: 0xc04452dd, L:/127.0.0.1:54618 - R:localhost/127.0.0.1:25247]' for 'POST' to 'http://localhost:25247/session/ac0b2424f223f85e67cfc74f7f6abe3c/element'
23:01:01.524 [Forwarding findElement on session ac0b2424f223f85e67cfc74f7f6abe3c to remote] DEBUG org.asynchttpclient.netty.request.NettyRequestSender - Using open Channel [id: 0xc04452dd, L:/127.0.0.1:54618 - R:localhost/127.0.0.1:25247] for POST '/session/ac0b2424f223f85e67cfc74f7f6abe3c/element'
23:01:01.540 [AsyncHttpClient-1-5] DEBUG org.asynchttpclient.netty.handler.HttpHandler - 

Request DefaultHttpRequest(decodeResult: success, version: HTTP/1.1)
POST /session/ac0b2424f223f85e67cfc74f7f6abe3c/element HTTP/1.1
User-Agent: selenium/4.8.1 (java windows)
Content-Length: 54
Content-Type: application/json; charset=utf-8
host: localhost:25247
accept: */*

Response DefaultHttpResponse(decodeResult: success, version: HTTP/1.1)
HTTP/1.1 200 OK
Content-Length: 94
Content-Type: application/json; charset=utf-8
cache-control: no-cache

23:01:01.540 [AsyncHttpClient-1-5] DEBUG org.asynchttpclient.netty.channel.ChannelManager - Adding key: http://localhost:25247 for channel [id: 0xc04452dd, L:/127.0.0.1:54618 - R:localhost/127.0.0.1:25247]
23:01:01.542 [Forwarding isElementDisplayed on session ac0b2424f223f85e67cfc74f7f6abe3c to remote] DEBUG org.asynchttpclient.netty.request.NettyRequestSender - Using pooled Channel '[id: 0xc04452dd, L:/127.0.0.1:54618 - R:localhost/127.0.0.1:25247]' for 'POST' to 'http://localhost:25247/session/ac0b2424f223f85e67cfc74f7f6abe3c/execute/sync'
23:01:01.542 [Forwarding isElementDisplayed on session ac0b2424f223f85e67cfc74f7f6abe3c to remote] DEBUG org.asynchttpclient.netty.request.NettyRequestSender - Using open Channel [id: 0xc04452dd, L:/127.0.0.1:54618 - R:localhost/127.0.0.1:25247] for POST '/session/ac0b2424f223f85e67cfc74f7f6abe3c/execute/sync'
23:01:01.560 [AsyncHttpClient-1-5] DEBUG org.asynchttpclient.netty.handler.HttpHandler - 

Request DefaultHttpRequest(decodeResult: success, version: HTTP/1.1)
POST /session/ac0b2424f223f85e67cfc74f7f6abe3c/execute/sync HTTP/1.1
User-Agent: selenium/4.8.1 (java windows)
Content-Length: 48813
Content-Type: application/json; charset=utf-8
host: localhost:25247
accept: */*

Response DefaultHttpResponse(decodeResult: success, version: HTTP/1.1)
HTTP/1.1 200 OK
Content-Length: 14
Content-Type: application/json; charset=utf-8
cache-control: no-cache

23:01:01.560 [AsyncHttpClient-1-5] DEBUG org.asynchttpclient.netty.channel.ChannelManager - Adding key: http://localhost:25247 for channel [id: 0xc04452dd, L:/127.0.0.1:54618 - R:localhost/127.0.0.1:25247]
23:01:01.565 [Forwarding getAlertText on session ac0b2424f223f85e67cfc74f7f6abe3c to remote] DEBUG org.asynchttpclient.netty.request.NettyRequestSender - Using pooled Channel '[id: 0xc04452dd, L:/127.0.0.1:54618 - R:localhost/127.0.0.1:25247]' for 'GET' to 'http://localhost:25247/session/ac0b2424f223f85e67cfc74f7f6abe3c/alert/text'
23:01:01.565 [Forwarding getAlertText on session ac0b2424f223f85e67cfc74f7f6abe3c to remote] DEBUG org.asynchttpclient.netty.request.NettyRequestSender - Using open Channel [id: 0xc04452dd, L:/127.0.0.1:54618 - R:localhost/127.0.0.1:25247] for GET '/session/ac0b2424f223f85e67cfc74f7f6abe3c/alert/text'
23:01:01.567 [AsyncHttpClient-1-5] DEBUG org.asynchttpclient.netty.handler.HttpHandler - 

Request DefaultFullHttpRequest(decodeResult: success, version: HTTP/1.1, content: EmptyByteBufBE)
GET /session/ac0b2424f223f85e67cfc74f7f6abe3c/alert/text HTTP/1.1
User-Agent: selenium/4.8.1 (java windows)
Cache-Control: no-cache
Content-Type: application/json; charset=utf-8
host: localhost:25247
accept: */*

Response DefaultHttpResponse(decodeResult: success, version: HTTP/1.1)
HTTP/1.1 404 Not Found
Content-Length: 820
Content-Type: application/json; charset=utf-8
cache-control: no-cache

23:01:01.567 [AsyncHttpClient-1-5] DEBUG org.asynchttpclient.netty.channel.ChannelManager - Adding key: http://localhost:25247 for channel [id: 0xc04452dd, L:/127.0.0.1:54618 - R:localhost/127.0.0.1:25247]
23:01:01.568 [Forwarding getCurrentUrl on session ac0b2424f223f85e67cfc74f7f6abe3c to remote] DEBUG org.asynchttpclient.netty.request.NettyRequestSender - Using pooled Channel '[id: 0xc04452dd, L:/127.0.0.1:54618 - R:localhost/127.0.0.1:25247]' for 'GET' to 'http://localhost:25247/session/ac0b2424f223f85e67cfc74f7f6abe3c/url'
23:01:01.568 [Forwarding getCurrentUrl on session ac0b2424f223f85e67cfc74f7f6abe3c to remote] DEBUG org.asynchttpclient.netty.request.NettyRequestSender - Using open Channel [id: 0xc04452dd, L:/127.0.0.1:54618 - R:localhost/127.0.0.1:25247] for GET '/session/ac0b2424f223f85e67cfc74f7f6abe3c/url'
23:01:01.574 [AsyncHttpClient-1-5] DEBUG org.asynchttpclient.netty.handler.HttpHandler - 

Request DefaultFullHttpRequest(decodeResult: success, version: HTTP/1.1, content: EmptyByteBufBE)
GET /session/ac0b2424f223f85e67cfc74f7f6abe3c/url HTTP/1.1
User-Agent: selenium/4.8.1 (java windows)
Cache-Control: no-cache
Content-Type: application/json; charset=utf-8
host: localhost:25247
accept: */*

Response DefaultHttpResponse(decodeResult: success, version: HTTP/1.1)
HTTP/1.1 200 OK
Content-Length: 41
Content-Type: application/json; charset=utf-8
cache-control: no-cache

23:01:01.574 [AsyncHttpClient-1-5] DEBUG org.asynchttpclient.netty.channel.ChannelManager - Adding key: http://localhost:25247 for channel [id: 0xc04452dd, L:/127.0.0.1:54618 - R:localhost/127.0.0.1:25247]
23:01:01.575 [Forwarding screenshot on session ac0b2424f223f85e67cfc74f7f6abe3c to remote] DEBUG org.asynchttpclient.netty.request.NettyRequestSender - Using pooled Channel '[id: 0xc04452dd, L:/127.0.0.1:54618 - R:localhost/127.0.0.1:25247]' for 'GET' to 'http://localhost:25247/session/ac0b2424f223f85e67cfc74f7f6abe3c/screenshot'
23:01:01.575 [Forwarding screenshot on session ac0b2424f223f85e67cfc74f7f6abe3c to remote] DEBUG org.asynchttpclient.netty.request.NettyRequestSender - Using open Channel [id: 0xc04452dd, L:/127.0.0.1:54618 - R:localhost/127.0.0.1:25247] for GET '/session/ac0b2424f223f85e67cfc74f7f6abe3c/screenshot'
23:01:01.754 [AsyncHttpClient-1-5] DEBUG org.asynchttpclient.netty.handler.HttpHandler - 

Request DefaultFullHttpRequest(decodeResult: success, version: HTTP/1.1, content: EmptyByteBufBE)
GET /session/ac0b2424f223f85e67cfc74f7f6abe3c/screenshot HTTP/1.1
User-Agent: selenium/4.8.1 (java windows)
Cache-Control: no-cache
Content-Type: application/json; charset=utf-8
host: localhost:25247
accept: */*

Response DefaultHttpResponse(decodeResult: success, version: HTTP/1.1)
HTTP/1.1 200 OK
Content-Length: 93224
Content-Type: application/json; charset=utf-8
cache-control: no-cache

23:01:01.754 [AsyncHttpClient-1-5] DEBUG org.asynchttpclient.netty.channel.ChannelManager - Adding key: http://localhost:25247 for channel [id: 0xc04452dd, L:/127.0.0.1:54618 - R:localhost/127.0.0.1:25247]
23:01:01.757 [main] DEBUG net.serenitybdd.core.photography.Darkroom - Send negative for processing for target\site\serenity\eae70e0d31e8e8b85ce659fe0365ca28c24246a1bf9d3b50a76ae0889116b9f5.png
23:01:01.757 [main] DEBUG net.thucydides.core.steps.StepInterceptor - STEP DONE: chooseProduct
  &amp#27;[32mWhen &amp#27;[0m&amp#27;[32mI choose the product&amp#27;[0m                 &amp#27;[90m# starter.stepdefinitions.HomepageSteps.chooseTheProduct()&amp#27;[0m
23:01:01.767 [Forwarding getPageSource on session ac0b2424f223f85e67cfc74f7f6abe3c to remote] DEBUG org.asynchttpclient.netty.request.NettyRequestSender - Using pooled Channel '[id: 0xc04452dd, L:/127.0.0.1:54618 - R:localhost/127.0.0.1:25247]' for 'POST' to 'http://localhost:25247/session/ac0b2424f223f85e67cfc74f7f6abe3c/execute/sync'
23:01:01.767 [Forwarding getPageSource on session ac0b2424f223f85e67cfc74f7f6abe3c to remote] DEBUG org.asynchttpclient.netty.request.NettyRequestSender - Using open Channel [id: 0xc04452dd, L:/127.0.0.1:54618 - R:localhost/127.0.0.1:25247] for POST '/session/ac0b2424f223f85e67cfc74f7f6abe3c/execute/sync'
23:01:01.835 [AsyncHttpClient-1-5] DEBUG org.asynchttpclient.netty.handler.HttpHandler - 

Request DefaultHttpRequest(decodeResult: success, version: HTTP/1.1)
POST /session/ac0b2424f223f85e67cfc74f7f6abe3c/execute/sync HTTP/1.1
User-Agent: selenium/4.8.1 (java windows)
Content-Length: 176
Content-Type: application/json; charset=utf-8
host: localhost:25247
accept: */*

Response DefaultHttpResponse(decodeResult: success, version: HTTP/1.1)
HTTP/1.1 200 OK
Content-Length: 816995
Content-Type: application/json; charset=utf-8
cache-control: no-cache

23:01:01.837 [AsyncHttpClient-1-5] DEBUG org.asynchttpclient.netty.channel.ChannelManager - Adding key: http://localhost:25247 for channel [id: 0xc04452dd, L:/127.0.0.1:54618 - R:localhost/127.0.0.1:25247]
23:01:01.923 [Forwarding getCurrentUrl on session ac0b2424f223f85e67cfc74f7f6abe3c to remote] DEBUG org.asynchttpclient.netty.request.NettyRequestSender - Using pooled Channel '[id: 0xc04452dd, L:/127.0.0.1:54618 - R:localhost/127.0.0.1:25247]' for 'GET' to 'http://localhost:25247/session/ac0b2424f223f85e67cfc74f7f6abe3c/url'
23:01:01.923 [Forwarding getCurrentUrl on session ac0b2424f223f85e67cfc74f7f6abe3c to remote] DEBUG org.asynchttpclient.netty.request.NettyRequestSender - Using open Channel [id: 0xc04452dd, L:/127.0.0.1:54618 - R:localhost/127.0.0.1:25247] for GET '/session/ac0b2424f223f85e67cfc74f7f6abe3c/url'
23:01:01.930 [AsyncHttpClient-1-5] DEBUG org.asynchttpclient.netty.handler.HttpHandler - 

Request DefaultFullHttpRequest(decodeResult: success, version: HTTP/1.1, content: EmptyByteBufBE)
GET /session/ac0b2424f223f85e67cfc74f7f6abe3c/url HTTP/1.1
User-Agent: selenium/4.8.1 (java windows)
Cache-Control: no-cache
Content-Type: application/json; charset=utf-8
host: localhost:25247
accept: */*

Response DefaultHttpResponse(decodeResult: success, version: HTTP/1.1)
HTTP/1.1 200 OK
Content-Length: 41
Content-Type: application/json; charset=utf-8
cache-control: no-cache

23:01:01.930 [AsyncHttpClient-1-5] DEBUG org.asynchttpclient.netty.channel.ChannelManager - Adding key: http://localhost:25247 for channel [id: 0xc04452dd, L:/127.0.0.1:54618 - R:localhost/127.0.0.1:25247]
23:01:01.938 [Forwarding getAlertText on session ac0b2424f223f85e67cfc74f7f6abe3c to remote] DEBUG org.asynchttpclient.netty.request.NettyRequestSender - Using pooled Channel '[id: 0xc04452dd, L:/127.0.0.1:54618 - R:localhost/127.0.0.1:25247]' for 'GET' to 'http://localhost:25247/session/ac0b2424f223f85e67cfc74f7f6abe3c/alert/text'
23:01:01.938 [Forwarding getAlertText on session ac0b2424f223f85e67cfc74f7f6abe3c to remote] DEBUG org.asynchttpclient.netty.request.NettyRequestSender - Using open Channel [id: 0xc04452dd, L:/127.0.0.1:54618 - R:localhost/127.0.0.1:25247] for GET '/session/ac0b2424f223f85e67cfc74f7f6abe3c/alert/text'
23:01:01.940 [AsyncHttpClient-1-5] DEBUG org.asynchttpclient.netty.handler.HttpHandler - 

Request DefaultFullHttpRequest(decodeResult: success, version: HTTP/1.1, content: EmptyByteBufBE)
GET /session/ac0b2424f223f85e67cfc74f7f6abe3c/alert/text HTTP/1.1
User-Agent: selenium/4.8.1 (java windows)
Cache-Control: no-cache
Content-Type: application/json; charset=utf-8
host: localhost:25247
accept: */*

Response DefaultHttpResponse(decodeResult: success, version: HTTP/1.1)
HTTP/1.1 404 Not Found
Content-Length: 820
Content-Type: application/json; charset=utf-8
cache-control: no-cache

23:01:01.940 [AsyncHttpClient-1-5] DEBUG org.asynchttpclient.netty.channel.ChannelManager - Adding key: http://localhost:25247 for channel [id: 0xc04452dd, L:/127.0.0.1:54618 - R:localhost/127.0.0.1:25247]
23:01:01.940 [Forwarding getCurrentUrl on session ac0b2424f223f85e67cfc74f7f6abe3c to remote] DEBUG org.asynchttpclient.netty.request.NettyRequestSender - Using pooled Channel '[id: 0xc04452dd, L:/127.0.0.1:54618 - R:localhost/127.0.0.1:25247]' for 'GET' to 'http://localhost:25247/session/ac0b2424f223f85e67cfc74f7f6abe3c/url'
23:01:01.940 [Forwarding getCurrentUrl on session ac0b2424f223f85e67cfc74f7f6abe3c to remote] DEBUG org.asynchttpclient.netty.request.NettyRequestSender - Using open Channel [id: 0xc04452dd, L:/127.0.0.1:54618 - R:localhost/127.0.0.1:25247] for GET '/session/ac0b2424f223f85e67cfc74f7f6abe3c/url'
23:01:01.948 [AsyncHttpClient-1-5] DEBUG org.asynchttpclient.netty.handler.HttpHandler - 

Request DefaultFullHttpRequest(decodeResult: success, version: HTTP/1.1, content: EmptyByteBufBE)
GET /session/ac0b2424f223f85e67cfc74f7f6abe3c/url HTTP/1.1
User-Agent: selenium/4.8.1 (java windows)
Cache-Control: no-cache
Content-Type: application/json; charset=utf-8
host: localhost:25247
accept: */*

Response DefaultHttpResponse(decodeResult: success, version: HTTP/1.1)
HTTP/1.1 200 OK
Content-Length: 41
Content-Type: application/json; charset=utf-8
cache-control: no-cache

23:01:01.948 [AsyncHttpClient-1-5] DEBUG org.asynchttpclient.netty.channel.ChannelManager - Adding key: http://localhost:25247 for channel [id: 0xc04452dd, L:/127.0.0.1:54618 - R:localhost/127.0.0.1:25247]
23:01:01.949 [Forwarding screenshot on session ac0b2424f223f85e67cfc74f7f6abe3c to remote] DEBUG org.asynchttpclient.netty.request.NettyRequestSender - Using pooled Channel '[id: 0xc04452dd, L:/127.0.0.1:54618 - R:localhost/127.0.0.1:25247]' for 'GET' to 'http://localhost:25247/session/ac0b2424f223f85e67cfc74f7f6abe3c/screenshot'
23:01:01.949 [Forwarding screenshot on session ac0b2424f223f85e67cfc74f7f6abe3c to remote] DEBUG org.asynchttpclient.netty.request.NettyRequestSender - Using open Channel [id: 0xc04452dd, L:/127.0.0.1:54618 - R:localhost/127.0.0.1:25247] for GET '/session/ac0b2424f223f85e67cfc74f7f6abe3c/screenshot'
23:01:01.999 [AsyncHttpClient-1-1] DEBUG org.asynchttpclient.netty.channel.DefaultChannelPool - Entry count for : http://localhost:54619 : 1
23:01:02.102 [AsyncHttpClient-1-5] DEBUG org.asynchttpclient.netty.handler.HttpHandler - 

Request DefaultFullHttpRequest(decodeResult: success, version: HTTP/1.1, content: EmptyByteBufBE)
GET /session/ac0b2424f223f85e67cfc74f7f6abe3c/screenshot HTTP/1.1
User-Agent: selenium/4.8.1 (java windows)
Cache-Control: no-cache
Content-Type: application/json; charset=utf-8
host: localhost:25247
accept: */*

Response DefaultHttpResponse(decodeResult: success, version: HTTP/1.1)
HTTP/1.1 200 OK
Content-Length: 93224
Content-Type: application/json; charset=utf-8
cache-control: no-cache

23:01:02.103 [AsyncHttpClient-1-5] DEBUG org.asynchttpclient.netty.channel.ChannelManager - Adding key: http://localhost:25247 for channel [id: 0xc04452dd, L:/127.0.0.1:54618 - R:localhost/127.0.0.1:25247]
23:01:02.106 [main] DEBUG net.serenitybdd.core.photography.Darkroom - Send negative for processing for target\site\serenity\eae70e0d31e8e8b85ce659fe0365ca28c24246a1bf9d3b50a76ae0889116b9f5.png
23:01:02.107 [Forwarding getPageSource on session ac0b2424f223f85e67cfc74f7f6abe3c to remote] DEBUG org.asynchttpclient.netty.request.NettyRequestSender - Using pooled Channel '[id: 0xc04452dd, L:/127.0.0.1:54618 - R:localhost/127.0.0.1:25247]' for 'POST' to 'http://localhost:25247/session/ac0b2424f223f85e67cfc74f7f6abe3c/execute/sync'
23:01:02.107 [Forwarding getPageSource on session ac0b2424f223f85e67cfc74f7f6abe3c to remote] DEBUG org.asynchttpclient.netty.request.NettyRequestSender - Using open Channel [id: 0xc04452dd, L:/127.0.0.1:54618 - R:localhost/127.0.0.1:25247] for POST '/session/ac0b2424f223f85e67cfc74f7f6abe3c/execute/sync'
23:01:02.164 [AsyncHttpClient-1-5] DEBUG org.asynchttpclient.netty.handler.HttpHandler - 

Request DefaultHttpRequest(decodeResult: success, version: HTTP/1.1)
POST /session/ac0b2424f223f85e67cfc74f7f6abe3c/execute/sync HTTP/1.1
User-Agent: selenium/4.8.1 (java windows)
Content-Length: 176
Content-Type: application/json; charset=utf-8
host: localhost:25247
accept: */*

Response DefaultHttpResponse(decodeResult: success, version: HTTP/1.1)
HTTP/1.1 200 OK
Content-Length: 816995
Content-Type: application/json; charset=utf-8
cache-control: no-cache

23:01:02.165 [AsyncHttpClient-1-5] DEBUG org.asynchttpclient.netty.channel.ChannelManager - Adding key: http://localhost:25247 for channel [id: 0xc04452dd, L:/127.0.0.1:54618 - R:localhost/127.0.0.1:25247]
23:01:02.228 [Forwarding getCurrentUrl on session ac0b2424f223f85e67cfc74f7f6abe3c to remote] DEBUG org.asynchttpclient.netty.request.NettyRequestSender - Using pooled Channel '[id: 0xc04452dd, L:/127.0.0.1:54618 - R:localhost/127.0.0.1:25247]' for 'GET' to 'http://localhost:25247/session/ac0b2424f223f85e67cfc74f7f6abe3c/url'
23:01:02.228 [Forwarding getCurrentUrl on session ac0b2424f223f85e67cfc74f7f6abe3c to remote] DEBUG org.asynchttpclient.netty.request.NettyRequestSender - Using open Channel [id: 0xc04452dd, L:/127.0.0.1:54618 - R:localhost/127.0.0.1:25247] for GET '/session/ac0b2424f223f85e67cfc74f7f6abe3c/url'
23:01:02.233 [AsyncHttpClient-1-5] DEBUG org.asynchttpclient.netty.handler.HttpHandler - 

Request DefaultFullHttpRequest(decodeResult: success, version: HTTP/1.1, content: EmptyByteBufBE)
GET /session/ac0b2424f223f85e67cfc74f7f6abe3c/url HTTP/1.1
User-Agent: selenium/4.8.1 (java windows)
Cache-Control: no-cache
Content-Type: application/json; charset=utf-8
host: localhost:25247
accept: */*

Response DefaultHttpResponse(decodeResult: success, version: HTTP/1.1)
HTTP/1.1 200 OK
Content-Length: 41
Content-Type: application/json; charset=utf-8
cache-control: no-cache

23:01:02.233 [AsyncHttpClient-1-5] DEBUG org.asynchttpclient.netty.channel.ChannelManager - Adding key: http://localhost:25247 for channel [id: 0xc04452dd, L:/127.0.0.1:54618 - R:localhost/127.0.0.1:25247]
23:01:02.237 [main] DEBUG net.thucydides.core.steps.StepInterceptor - STARTING STEP: HomepageSteps.clickBuyButton - clickBeliProduk1
23:01:02.239 [Forwarding findElement on session ac0b2424f223f85e67cfc74f7f6abe3c to remote] DEBUG org.asynchttpclient.netty.request.NettyRequestSender - Using pooled Channel '[id: 0xc04452dd, L:/127.0.0.1:54618 - R:localhost/127.0.0.1:25247]' for 'POST' to 'http://localhost:25247/session/ac0b2424f223f85e67cfc74f7f6abe3c/element'
23:01:02.239 [Forwarding findElement on session ac0b2424f223f85e67cfc74f7f6abe3c to remote] DEBUG org.asynchttpclient.netty.request.NettyRequestSender - Using open Channel [id: 0xc04452dd, L:/127.0.0.1:54618 - R:localhost/127.0.0.1:25247] for POST '/session/ac0b2424f223f85e67cfc74f7f6abe3c/element'
23:01:02.258 [AsyncHttpClient-1-5] DEBUG org.asynchttpclient.netty.handler.HttpHandler - 

Request DefaultHttpRequest(decodeResult: success, version: HTTP/1.1)
POST /session/ac0b2424f223f85e67cfc74f7f6abe3c/element HTTP/1.1
User-Agent: selenium/4.8.1 (java windows)
Content-Length: 113
Content-Type: application/json; charset=utf-8
host: localhost:25247
accept: */*

Response DefaultHttpResponse(decodeResult: success, version: HTTP/1.1)
HTTP/1.1 200 OK
Content-Length: 94
Content-Type: application/json; charset=utf-8
cache-control: no-cache

23:01:02.258 [AsyncHttpClient-1-5] DEBUG org.asynchttpclient.netty.channel.ChannelManager - Adding key: http://localhost:25247 for channel [id: 0xc04452dd, L:/127.0.0.1:54618 - R:localhost/127.0.0.1:25247]
23:01:02.259 [Forwarding getElementTagName on session ac0b2424f223f85e67cfc74f7f6abe3c to remote] DEBUG org.asynchttpclient.netty.request.NettyRequestSender - Using pooled Channel '[id: 0xc04452dd, L:/127.0.0.1:54618 - R:localhost/127.0.0.1:25247]' for 'GET' to 'http://localhost:25247/session/ac0b2424f223f85e67cfc74f7f6abe3c/element/6FCBA6FD0A91B3E75D5A79B09C62A27E_element_9/name'
23:01:02.259 [Forwarding getElementTagName on session ac0b2424f223f85e67cfc74f7f6abe3c to remote] DEBUG org.asynchttpclient.netty.request.NettyRequestSender - Using open Channel [id: 0xc04452dd, L:/127.0.0.1:54618 - R:localhost/127.0.0.1:25247] for GET '/session/ac0b2424f223f85e67cfc74f7f6abe3c/element/6FCBA6FD0A91B3E75D5A79B09C62A27E_element_9/name'
23:01:02.268 [AsyncHttpClient-1-5] DEBUG org.asynchttpclient.netty.handler.HttpHandler - 

Request DefaultFullHttpRequest(decodeResult: success, version: HTTP/1.1, content: EmptyByteBufBE)
GET /session/ac0b2424f223f85e67cfc74f7f6abe3c/element/6FCBA6FD0A91B3E75D5A79B09C62A27E_element_9/name HTTP/1.1
User-Agent: selenium/4.8.1 (java windows)
Cache-Control: no-cache
Content-Type: application/json; charset=utf-8
host: localhost:25247
accept: */*

Response DefaultHttpResponse(decodeResult: success, version: HTTP/1.1)
HTTP/1.1 200 OK
Content-Length: 18
Content-Type: application/json; charset=utf-8
cache-control: no-cache

23:01:02.268 [AsyncHttpClient-1-5] DEBUG org.asynchttpclient.netty.channel.ChannelManager - Adding key: http://localhost:25247 for channel [id: 0xc04452dd, L:/127.0.0.1:54618 - R:localhost/127.0.0.1:25247]
23:01:02.270 [Forwarding getElementTagName on session ac0b2424f223f85e67cfc74f7f6abe3c to remote] DEBUG org.asynchttpclient.netty.request.NettyRequestSender - Using pooled Channel '[id: 0xc04452dd, L:/127.0.0.1:54618 - R:localhost/127.0.0.1:25247]' for 'GET' to 'http://localhost:25247/session/ac0b2424f223f85e67cfc74f7f6abe3c/element/6FCBA6FD0A91B3E75D5A79B09C62A27E_element_9/name'
23:01:02.270 [Forwarding getElementTagName on session ac0b2424f223f85e67cfc74f7f6abe3c to remote] DEBUG org.asynchttpclient.netty.request.NettyRequestSender - Using open Channel [id: 0xc04452dd, L:/127.0.0.1:54618 - R:localhost/127.0.0.1:25247] for GET '/session/ac0b2424f223f85e67cfc74f7f6abe3c/element/6FCBA6FD0A91B3E75D5A79B09C62A27E_element_9/name'
23:01:02.277 [AsyncHttpClient-1-5] DEBUG org.asynchttpclient.netty.handler.HttpHandler - 

Request DefaultFullHttpRequest(decodeResult: success, version: HTTP/1.1, content: EmptyByteBufBE)
GET /session/ac0b2424f223f85e67cfc74f7f6abe3c/element/6FCBA6FD0A91B3E75D5A79B09C62A27E_element_9/name HTTP/1.1
User-Agent: selenium/4.8.1 (java windows)
Cache-Control: no-cache
Content-Type: application/json; charset=utf-8
host: localhost:25247
accept: */*

Response DefaultHttpResponse(decodeResult: success, version: HTTP/1.1)
HTTP/1.1 200 OK
Content-Length: 18
Content-Type: application/json; charset=utf-8
cache-control: no-cache

23:01:02.277 [AsyncHttpClient-1-5] DEBUG org.asynchttpclient.netty.channel.ChannelManager - Adding key: http://localhost:25247 for channel [id: 0xc04452dd, L:/127.0.0.1:54618 - R:localhost/127.0.0.1:25247]
23:01:02.280 [Forwarding isElementEnabled on session ac0b2424f223f85e67cfc74f7f6abe3c to remote] DEBUG org.asynchttpclient.netty.request.NettyRequestSender - Using pooled Channel '[id: 0xc04452dd, L:/127.0.0.1:54618 - R:localhost/127.0.0.1:25247]' for 'GET' to 'http://localhost:25247/session/ac0b2424f223f85e67cfc74f7f6abe3c/element/6FCBA6FD0A91B3E75D5A79B09C62A27E_element_9/enabled'
23:01:02.280 [Forwarding isElementEnabled on session ac0b2424f223f85e67cfc74f7f6abe3c to remote] DEBUG org.asynchttpclient.netty.request.NettyRequestSender - Using open Channel [id: 0xc04452dd, L:/127.0.0.1:54618 - R:localhost/127.0.0.1:25247] for GET '/session/ac0b2424f223f85e67cfc74f7f6abe3c/element/6FCBA6FD0A91B3E75D5A79B09C62A27E_element_9/enabled'
23:01:02.295 [AsyncHttpClient-1-5] DEBUG org.asynchttpclient.netty.handler.HttpHandler - 

Request DefaultFullHttpRequest(decodeResult: success, version: HTTP/1.1, content: EmptyByteBufBE)
GET /session/ac0b2424f223f85e67cfc74f7f6abe3c/element/6FCBA6FD0A91B3E75D5A79B09C62A27E_element_9/enabled HTTP/1.1
User-Agent: selenium/4.8.1 (java windows)
Cache-Control: no-cache
Content-Type: application/json; charset=utf-8
host: localhost:25247
accept: */*

Response DefaultHttpResponse(decodeResult: success, version: HTTP/1.1)
HTTP/1.1 200 OK
Content-Length: 14
Content-Type: application/json; charset=utf-8
cache-control: no-cache

23:01:02.295 [AsyncHttpClient-1-5] DEBUG org.asynchttpclient.netty.channel.ChannelManager - Adding key: http://localhost:25247 for channel [id: 0xc04452dd, L:/127.0.0.1:54618 - R:localhost/127.0.0.1:25247]
23:01:02.296 [Forwarding isElementEnabled on session ac0b2424f223f85e67cfc74f7f6abe3c to remote] DEBUG org.asynchttpclient.netty.request.NettyRequestSender - Using pooled Channel '[id: 0xc04452dd, L:/127.0.0.1:54618 - R:localhost/127.0.0.1:25247]' for 'GET' to 'http://localhost:25247/session/ac0b2424f223f85e67cfc74f7f6abe3c/element/6FCBA6FD0A91B3E75D5A79B09C62A27E_element_9/enabled'
23:01:02.296 [Forwarding isElementEnabled on session ac0b2424f223f85e67cfc74f7f6abe3c to remote] DEBUG org.asynchttpclient.netty.request.NettyRequestSender - Using open Channel [id: 0xc04452dd, L:/127.0.0.1:54618 - R:localhost/127.0.0.1:25247] for GET '/session/ac0b2424f223f85e67cfc74f7f6abe3c/element/6FCBA6FD0A91B3E75D5A79B09C62A27E_element_9/enabled'
23:01:02.307 [AsyncHttpClient-1-5] DEBUG org.asynchttpclient.netty.handler.HttpHandler - 

Request DefaultFullHttpRequest(decodeResult: success, version: HTTP/1.1, content: EmptyByteBufBE)
GET /session/ac0b2424f223f85e67cfc74f7f6abe3c/element/6FCBA6FD0A91B3E75D5A79B09C62A27E_element_9/enabled HTTP/1.1
User-Agent: selenium/4.8.1 (java windows)
Cache-Control: no-cache
Content-Type: application/json; charset=utf-8
host: localhost:25247
accept: */*

Response DefaultHttpResponse(decodeResult: success, version: HTTP/1.1)
HTTP/1.1 200 OK
Content-Length: 14
Content-Type: application/json; charset=utf-8
cache-control: no-cache

23:01:02.307 [AsyncHttpClient-1-5] DEBUG org.asynchttpclient.netty.channel.ChannelManager - Adding key: http://localhost:25247 for channel [id: 0xc04452dd, L:/127.0.0.1:54618 - R:localhost/127.0.0.1:25247]
23:01:02.308 [Forwarding findElement on session ac0b2424f223f85e67cfc74f7f6abe3c to remote] DEBUG org.asynchttpclient.netty.request.NettyRequestSender - Using pooled Channel '[id: 0xc04452dd, L:/127.0.0.1:54618 - R:localhost/127.0.0.1:25247]' for 'POST' to 'http://localhost:25247/session/ac0b2424f223f85e67cfc74f7f6abe3c/element'
23:01:02.308 [Forwarding findElement on session ac0b2424f223f85e67cfc74f7f6abe3c to remote] DEBUG org.asynchttpclient.netty.request.NettyRequestSender - Using open Channel [id: 0xc04452dd, L:/127.0.0.1:54618 - R:localhost/127.0.0.1:25247] for POST '/session/ac0b2424f223f85e67cfc74f7f6abe3c/element'
23:01:02.327 [AsyncHttpClient-1-5] DEBUG org.asynchttpclient.netty.handler.HttpHandler - 

Request DefaultHttpRequest(decodeResult: success, version: HTTP/1.1)
POST /session/ac0b2424f223f85e67cfc74f7f6abe3c/element HTTP/1.1
User-Agent: selenium/4.8.1 (java windows)
Content-Length: 113
Content-Type: application/json; charset=utf-8
host: localhost:25247
accept: */*

Response DefaultHttpResponse(decodeResult: success, version: HTTP/1.1)
HTTP/1.1 200 OK
Content-Length: 94
Content-Type: application/json; charset=utf-8
cache-control: no-cache

23:01:02.327 [AsyncHttpClient-1-5] DEBUG org.asynchttpclient.netty.channel.ChannelManager - Adding key: http://localhost:25247 for channel [id: 0xc04452dd, L:/127.0.0.1:54618 - R:localhost/127.0.0.1:25247]
23:01:02.328 [Forwarding clickElement on session ac0b2424f223f85e67cfc74f7f6abe3c to remote] DEBUG org.asynchttpclient.netty.request.NettyRequestSender - Using pooled Channel '[id: 0xc04452dd, L:/127.0.0.1:54618 - R:localhost/127.0.0.1:25247]' for 'POST' to 'http://localhost:25247/session/ac0b2424f223f85e67cfc74f7f6abe3c/element/6FCBA6FD0A91B3E75D5A79B09C62A27E_element_9/click'
23:01:02.328 [Forwarding clickElement on session ac0b2424f223f85e67cfc74f7f6abe3c to remote] DEBUG org.asynchttpclient.netty.request.NettyRequestSender - Using open Channel [id: 0xc04452dd, L:/127.0.0.1:54618 - R:localhost/127.0.0.1:25247] for POST '/session/ac0b2424f223f85e67cfc74f7f6abe3c/element/6FCBA6FD0A91B3E75D5A79B09C62A27E_element_9/click'
23:01:02.494 [AsyncHttpClient-1-5] DEBUG org.asynchttpclient.netty.handler.HttpHandler - 

Request DefaultHttpRequest(decodeResult: success, version: HTTP/1.1)
POST /session/ac0b2424f223f85e67cfc74f7f6abe3c/element/6FCBA6FD0A91B3E75D5A79B09C62A27E_element_9/click HTTP/1.1
User-Agent: selenium/4.8.1 (java windows)
Content-Length: 56
Content-Type: application/json; charset=utf-8
host: localhost:25247
accept: */*

Response DefaultHttpResponse(decodeResult: success, version: HTTP/1.1)
HTTP/1.1 200 OK
Content-Length: 14
Content-Type: application/json; charset=utf-8
cache-control: no-cache

23:01:02.494 [AsyncHttpClient-1-5] DEBUG org.asynchttpclient.netty.channel.ChannelManager - Adding key: http://localhost:25247 for channel [id: 0xc04452dd, L:/127.0.0.1:54618 - R:localhost/127.0.0.1:25247]
23:01:02.500 [Forwarding getAlertText on session ac0b2424f223f85e67cfc74f7f6abe3c to remote] DEBUG org.asynchttpclient.netty.request.NettyRequestSender - Using pooled Channel '[id: 0xc04452dd, L:/127.0.0.1:54618 - R:localhost/127.0.0.1:25247]' for 'GET' to 'http://localhost:25247/session/ac0b2424f223f85e67cfc74f7f6abe3c/alert/text'
23:01:02.500 [Forwarding getAlertText on session ac0b2424f223f85e67cfc74f7f6abe3c to remote] DEBUG org.asynchttpclient.netty.request.NettyRequestSender - Using open Channel [id: 0xc04452dd, L:/127.0.0.1:54618 - R:localhost/127.0.0.1:25247] for GET '/session/ac0b2424f223f85e67cfc74f7f6abe3c/alert/text'
23:01:02.506 [AsyncHttpClient-1-5] DEBUG org.asynchttpclient.netty.handler.HttpHandler - 

Request DefaultFullHttpRequest(decodeResult: success, version: HTTP/1.1, content: EmptyByteBufBE)
GET /session/ac0b2424f223f85e67cfc74f7f6abe3c/alert/text HTTP/1.1
User-Agent: selenium/4.8.1 (java windows)
Cache-Control: no-cache
Content-Type: application/json; charset=utf-8
host: localhost:25247
accept: */*

Response DefaultHttpResponse(decodeResult: success, version: HTTP/1.1)
HTTP/1.1 404 Not Found
Content-Length: 820
Content-Type: application/json; charset=utf-8
cache-control: no-cache

23:01:02.506 [AsyncHttpClient-1-5] DEBUG org.asynchttpclient.netty.channel.ChannelManager - Adding key: http://localhost:25247 for channel [id: 0xc04452dd, L:/127.0.0.1:54618 - R:localhost/127.0.0.1:25247]
23:01:02.507 [Forwarding getCurrentUrl on session ac0b2424f223f85e67cfc74f7f6abe3c to remote] DEBUG org.asynchttpclient.netty.request.NettyRequestSender - Using pooled Channel '[id: 0xc04452dd, L:/127.0.0.1:54618 - R:localhost/127.0.0.1:25247]' for 'GET' to 'http://localhost:25247/session/ac0b2424f223f85e67cfc74f7f6abe3c/url'
23:01:02.507 [Forwarding getCurrentUrl on session ac0b2424f223f85e67cfc74f7f6abe3c to remote] DEBUG org.asynchttpclient.netty.request.NettyRequestSender - Using open Channel [id: 0xc04452dd, L:/127.0.0.1:54618 - R:localhost/127.0.0.1:25247] for GET '/session/ac0b2424f223f85e67cfc74f7f6abe3c/url'
23:01:02.514 [AsyncHttpClient-1-5] DEBUG org.asynchttpclient.netty.handler.HttpHandler - 

Request DefaultFullHttpRequest(decodeResult: success, version: HTTP/1.1, content: EmptyByteBufBE)
GET /session/ac0b2424f223f85e67cfc74f7f6abe3c/url HTTP/1.1
User-Agent: selenium/4.8.1 (java windows)
Cache-Control: no-cache
Content-Type: application/json; charset=utf-8
host: localhost:25247
accept: */*

Response DefaultHttpResponse(decodeResult: success, version: HTTP/1.1)
HTTP/1.1 200 OK
Content-Length: 41
Content-Type: application/json; charset=utf-8
cache-control: no-cache

23:01:02.514 [AsyncHttpClient-1-5] DEBUG org.asynchttpclient.netty.channel.ChannelManager - Adding key: http://localhost:25247 for channel [id: 0xc04452dd, L:/127.0.0.1:54618 - R:localhost/127.0.0.1:25247]
23:01:02.515 [Forwarding screenshot on session ac0b2424f223f85e67cfc74f7f6abe3c to remote] DEBUG org.asynchttpclient.netty.request.NettyRequestSender - Using pooled Channel '[id: 0xc04452dd, L:/127.0.0.1:54618 - R:localhost/127.0.0.1:25247]' for 'GET' to 'http://localhost:25247/session/ac0b2424f223f85e67cfc74f7f6abe3c/screenshot'
23:01:02.515 [Forwarding screenshot on session ac0b2424f223f85e67cfc74f7f6abe3c to remote] DEBUG org.asynchttpclient.netty.request.NettyRequestSender - Using open Channel [id: 0xc04452dd, L:/127.0.0.1:54618 - R:localhost/127.0.0.1:25247] for GET '/session/ac0b2424f223f85e67cfc74f7f6abe3c/screenshot'
23:01:02.715 [AsyncHttpClient-1-5] DEBUG org.asynchttpclient.netty.handler.HttpHandler - 

Request DefaultFullHttpRequest(decodeResult: success, version: HTTP/1.1, content: EmptyByteBufBE)
GET /session/ac0b2424f223f85e67cfc74f7f6abe3c/screenshot HTTP/1.1
User-Agent: selenium/4.8.1 (java windows)
Cache-Control: no-cache
Content-Type: application/json; charset=utf-8
host: localhost:25247
accept: */*

Response DefaultHttpResponse(decodeResult: success, version: HTTP/1.1)
HTTP/1.1 200 OK
Content-Length: 87752
Content-Type: application/json; charset=utf-8
cache-control: no-cache

23:01:02.716 [AsyncHttpClient-1-5] DEBUG org.asynchttpclient.netty.channel.ChannelManager - Adding key: http://localhost:25247 for channel [id: 0xc04452dd, L:/127.0.0.1:54618 - R:localhost/127.0.0.1:25247]
23:01:02.719 [main] DEBUG net.serenitybdd.core.photography.Darkroom - Send negative for processing for target\site\serenity\70d31f0d2de7dfbdb1f360b2209d7b519abf2131e7cd4d543ad3e45e4b00a705.png
23:01:02.719 [main] DEBUG net.thucydides.core.steps.StepInterceptor - STEP DONE: clickBeliProduk1
  &amp#27;[32mAnd &amp#27;[0m&amp#27;[32mI click buy button&amp#27;[0m                    &amp#27;[90m# starter.stepdefinitions.HomepageSteps.clickBuyButton()&amp#27;[0m
23:01:02.719 [Darkroom Processing Line] DEBUG net.serenitybdd.core.photography.DarkroomProcessingLine - Processing screenshot image in /var/screenshots/screenshot-7322510678398160133
23:01:02.719 [Darkroom Processing Line] DEBUG net.serenitybdd.core.photography.DarkroomProcessingLine - Saving screenshot to target\site\serenity\70d31f0d2de7dfbdb1f360b2209d7b519abf2131e7cd4d543ad3e45e4b00a705.png
23:01:02.727 [Forwarding getPageSource on session ac0b2424f223f85e67cfc74f7f6abe3c to remote] DEBUG org.asynchttpclient.netty.request.NettyRequestSender - Using pooled Channel '[id: 0xc04452dd, L:/127.0.0.1:54618 - R:localhost/127.0.0.1:25247]' for 'POST' to 'http://localhost:25247/session/ac0b2424f223f85e67cfc74f7f6abe3c/execute/sync'
23:01:02.727 [Forwarding getPageSource on session ac0b2424f223f85e67cfc74f7f6abe3c to remote] DEBUG org.asynchttpclient.netty.request.NettyRequestSender - Using open Channel [id: 0xc04452dd, L:/127.0.0.1:54618 - R:localhost/127.0.0.1:25247] for POST '/session/ac0b2424f223f85e67cfc74f7f6abe3c/execute/sync'
23:01:02.793 [AsyncHttpClient-1-5] DEBUG org.asynchttpclient.netty.handler.HttpHandler - 

Request DefaultHttpRequest(decodeResult: success, version: HTTP/1.1)
POST /session/ac0b2424f223f85e67cfc74f7f6abe3c/execute/sync HTTP/1.1
User-Agent: selenium/4.8.1 (java windows)
Content-Length: 176
Content-Type: application/json; charset=utf-8
host: localhost:25247
accept: */*

Response DefaultHttpResponse(decodeResult: success, version: HTTP/1.1)
HTTP/1.1 200 OK
Content-Length: 817404
Content-Type: application/json; charset=utf-8
cache-control: no-cache

23:01:02.794 [AsyncHttpClient-1-5] DEBUG org.asynchttpclient.netty.channel.ChannelManager - Adding key: http://localhost:25247 for channel [id: 0xc04452dd, L:/127.0.0.1:54618 - R:localhost/127.0.0.1:25247]
23:01:02.886 [Forwarding getCurrentUrl on session ac0b2424f223f85e67cfc74f7f6abe3c to remote] DEBUG org.asynchttpclient.netty.request.NettyRequestSender - Using pooled Channel '[id: 0xc04452dd, L:/127.0.0.1:54618 - R:localhost/127.0.0.1:25247]' for 'GET' to 'http://localhost:25247/session/ac0b2424f223f85e67cfc74f7f6abe3c/url'
23:01:02.886 [Forwarding getCurrentUrl on session ac0b2424f223f85e67cfc74f7f6abe3c to remote] DEBUG org.asynchttpclient.netty.request.NettyRequestSender - Using open Channel [id: 0xc04452dd, L:/127.0.0.1:54618 - R:localhost/127.0.0.1:25247] for GET '/session/ac0b2424f223f85e67cfc74f7f6abe3c/url'
23:01:02.893 [AsyncHttpClient-1-5] DEBUG org.asynchttpclient.netty.handler.HttpHandler - 

Request DefaultFullHttpRequest(decodeResult: success, version: HTTP/1.1, content: EmptyByteBufBE)
GET /session/ac0b2424f223f85e67cfc74f7f6abe3c/url HTTP/1.1
User-Agent: selenium/4.8.1 (java windows)
Cache-Control: no-cache
Content-Type: application/json; charset=utf-8
host: localhost:25247
accept: */*

Response DefaultHttpResponse(decodeResult: success, version: HTTP/1.1)
HTTP/1.1 200 OK
Content-Length: 41
Content-Type: application/json; charset=utf-8
cache-control: no-cache

23:01:02.893 [AsyncHttpClient-1-5] DEBUG org.asynchttpclient.netty.channel.ChannelManager - Adding key: http://localhost:25247 for channel [id: 0xc04452dd, L:/127.0.0.1:54618 - R:localhost/127.0.0.1:25247]
23:01:02.901 [Forwarding getAlertText on session ac0b2424f223f85e67cfc74f7f6abe3c to remote] DEBUG org.asynchttpclient.netty.request.NettyRequestSender - Using pooled Channel '[id: 0xc04452dd, L:/127.0.0.1:54618 - R:localhost/127.0.0.1:25247]' for 'GET' to 'http://localhost:25247/session/ac0b2424f223f85e67cfc74f7f6abe3c/alert/text'
23:01:02.901 [Forwarding getAlertText on session ac0b2424f223f85e67cfc74f7f6abe3c to remote] DEBUG org.asynchttpclient.netty.request.NettyRequestSender - Using open Channel [id: 0xc04452dd, L:/127.0.0.1:54618 - R:localhost/127.0.0.1:25247] for GET '/session/ac0b2424f223f85e67cfc74f7f6abe3c/alert/text'
23:01:02.904 [AsyncHttpClient-1-5] DEBUG org.asynchttpclient.netty.handler.HttpHandler - 

Request DefaultFullHttpRequest(decodeResult: success, version: HTTP/1.1, content: EmptyByteBufBE)
GET /session/ac0b2424f223f85e67cfc74f7f6abe3c/alert/text HTTP/1.1
User-Agent: selenium/4.8.1 (java windows)
Cache-Control: no-cache
Content-Type: application/json; charset=utf-8
host: localhost:25247
accept: */*

Response DefaultHttpResponse(decodeResult: success, version: HTTP/1.1)
HTTP/1.1 404 Not Found
Content-Length: 820
Content-Type: application/json; charset=utf-8
cache-control: no-cache

23:01:02.904 [AsyncHttpClient-1-5] DEBUG org.asynchttpclient.netty.channel.ChannelManager - Adding key: http://localhost:25247 for channel [id: 0xc04452dd, L:/127.0.0.1:54618 - R:localhost/127.0.0.1:25247]
23:01:02.905 [Forwarding getCurrentUrl on session ac0b2424f223f85e67cfc74f7f6abe3c to remote] DEBUG org.asynchttpclient.netty.request.NettyRequestSender - Using pooled Channel '[id: 0xc04452dd, L:/127.0.0.1:54618 - R:localhost/127.0.0.1:25247]' for 'GET' to 'http://localhost:25247/session/ac0b2424f223f85e67cfc74f7f6abe3c/url'
23:01:02.905 [Forwarding getCurrentUrl on session ac0b2424f223f85e67cfc74f7f6abe3c to remote] DEBUG org.asynchttpclient.netty.request.NettyRequestSender - Using open Channel [id: 0xc04452dd, L:/127.0.0.1:54618 - R:localhost/127.0.0.1:25247] for GET '/session/ac0b2424f223f85e67cfc74f7f6abe3c/url'
23:01:02.911 [AsyncHttpClient-1-5] DEBUG org.asynchttpclient.netty.handler.HttpHandler - 

Request DefaultFullHttpRequest(decodeResult: success, version: HTTP/1.1, content: EmptyByteBufBE)
GET /session/ac0b2424f223f85e67cfc74f7f6abe3c/url HTTP/1.1
User-Agent: selenium/4.8.1 (java windows)
Cache-Control: no-cache
Content-Type: application/json; charset=utf-8
host: localhost:25247
accept: */*

Response DefaultHttpResponse(decodeResult: success, version: HTTP/1.1)
HTTP/1.1 200 OK
Content-Length: 41
Content-Type: application/json; charset=utf-8
cache-control: no-cache

23:01:02.911 [AsyncHttpClient-1-5] DEBUG org.asynchttpclient.netty.channel.ChannelManager - Adding key: http://localhost:25247 for channel [id: 0xc04452dd, L:/127.0.0.1:54618 - R:localhost/127.0.0.1:25247]
23:01:02.911 [Forwarding screenshot on session ac0b2424f223f85e67cfc74f7f6abe3c to remote] DEBUG org.asynchttpclient.netty.request.NettyRequestSender - Using pooled Channel '[id: 0xc04452dd, L:/127.0.0.1:54618 - R:localhost/127.0.0.1:25247]' for 'GET' to 'http://localhost:25247/session/ac0b2424f223f85e67cfc74f7f6abe3c/screenshot'
23:01:02.911 [Forwarding screenshot on session ac0b2424f223f85e67cfc74f7f6abe3c to remote] DEBUG org.asynchttpclient.netty.request.NettyRequestSender - Using open Channel [id: 0xc04452dd, L:/127.0.0.1:54618 - R:localhost/127.0.0.1:25247] for GET '/session/ac0b2424f223f85e67cfc74f7f6abe3c/screenshot'
23:01:03.105 [AsyncHttpClient-1-1] DEBUG org.asynchttpclient.netty.channel.DefaultChannelPool - Entry count for : http://localhost:54619 : 1
23:01:03.125 [AsyncHttpClient-1-5] DEBUG org.asynchttpclient.netty.handler.HttpHandler - 

Request DefaultFullHttpRequest(decodeResult: success, version: HTTP/1.1, content: EmptyByteBufBE)
GET /session/ac0b2424f223f85e67cfc74f7f6abe3c/screenshot HTTP/1.1
User-Agent: selenium/4.8.1 (java windows)
Cache-Control: no-cache
Content-Type: application/json; charset=utf-8
host: localhost:25247
accept: */*

Response DefaultHttpResponse(decodeResult: success, version: HTTP/1.1)
HTTP/1.1 200 OK
Content-Length: 86752
Content-Type: application/json; charset=utf-8
cache-control: no-cache

23:01:03.125 [AsyncHttpClient-1-5] DEBUG org.asynchttpclient.netty.channel.ChannelManager - Adding key: http://localhost:25247 for channel [id: 0xc04452dd, L:/127.0.0.1:54618 - R:localhost/127.0.0.1:25247]
23:01:03.128 [main] DEBUG net.serenitybdd.core.photography.Darkroom - Send negative for processing for target\site\serenity\acdb85324b05ed0031f159074a1f8a61ef072aad95489d72e4cd86a0da2c3148.png
23:01:03.129 [Forwarding getPageSource on session ac0b2424f223f85e67cfc74f7f6abe3c to remote] DEBUG org.asynchttpclient.netty.request.NettyRequestSender - Using pooled Channel '[id: 0xc04452dd, L:/127.0.0.1:54618 - R:localhost/127.0.0.1:25247]' for 'POST' to 'http://localhost:25247/session/ac0b2424f223f85e67cfc74f7f6abe3c/execute/sync'
23:01:03.129 [Forwarding getPageSource on session ac0b2424f223f85e67cfc74f7f6abe3c to remote] DEBUG org.asynchttpclient.netty.request.NettyRequestSender - Using open Channel [id: 0xc04452dd, L:/127.0.0.1:54618 - R:localhost/127.0.0.1:25247] for POST '/session/ac0b2424f223f85e67cfc74f7f6abe3c/execute/sync'
23:01:03.187 [AsyncHttpClient-1-5] DEBUG org.asynchttpclient.netty.handler.HttpHandler - 

Request DefaultHttpRequest(decodeResult: success, version: HTTP/1.1)
POST /session/ac0b2424f223f85e67cfc74f7f6abe3c/execute/sync HTTP/1.1
User-Agent: selenium/4.8.1 (java windows)
Content-Length: 176
Content-Type: application/json; charset=utf-8
host: localhost:25247
accept: */*

Response DefaultHttpResponse(decodeResult: success, version: HTTP/1.1)
HTTP/1.1 200 OK
Content-Length: 817003
Content-Type: application/json; charset=utf-8
cache-control: no-cache

23:01:03.188 [AsyncHttpClient-1-5] DEBUG org.asynchttpclient.netty.channel.ChannelManager - Adding key: http://localhost:25247 for channel [id: 0xc04452dd, L:/127.0.0.1:54618 - R:localhost/127.0.0.1:25247]
23:01:03.263 [Forwarding getCurrentUrl on session ac0b2424f223f85e67cfc74f7f6abe3c to remote] DEBUG org.asynchttpclient.netty.request.NettyRequestSender - Using pooled Channel '[id: 0xc04452dd, L:/127.0.0.1:54618 - R:localhost/127.0.0.1:25247]' for 'GET' to 'http://localhost:25247/session/ac0b2424f223f85e67cfc74f7f6abe3c/url'
23:01:03.263 [Forwarding getCurrentUrl on session ac0b2424f223f85e67cfc74f7f6abe3c to remote] DEBUG org.asynchttpclient.netty.request.NettyRequestSender - Using open Channel [id: 0xc04452dd, L:/127.0.0.1:54618 - R:localhost/127.0.0.1:25247] for GET '/session/ac0b2424f223f85e67cfc74f7f6abe3c/url'
23:01:03.270 [AsyncHttpClient-1-5] DEBUG org.asynchttpclient.netty.handler.HttpHandler - 

Request DefaultFullHttpRequest(decodeResult: success, version: HTTP/1.1, content: EmptyByteBufBE)
GET /session/ac0b2424f223f85e67cfc74f7f6abe3c/url HTTP/1.1
User-Agent: selenium/4.8.1 (java windows)
Cache-Control: no-cache
Content-Type: application/json; charset=utf-8
host: localhost:25247
accept: */*

Response DefaultHttpResponse(decodeResult: success, version: HTTP/1.1)
HTTP/1.1 200 OK
Content-Length: 41
Content-Type: application/json; charset=utf-8
cache-control: no-cache

23:01:03.270 [AsyncHttpClient-1-5] DEBUG org.asynchttpclient.netty.channel.ChannelManager - Adding key: http://localhost:25247 for channel [id: 0xc04452dd, L:/127.0.0.1:54618 - R:localhost/127.0.0.1:25247]
23:01:03.273 [main] DEBUG net.thucydides.core.steps.StepInterceptor - STARTING STEP: HomepageSteps.clickBuyButton2 - clickBeliProduk2
23:01:03.275 [Forwarding findElement on session ac0b2424f223f85e67cfc74f7f6abe3c to remote] DEBUG org.asynchttpclient.netty.request.NettyRequestSender - Using pooled Channel '[id: 0xc04452dd, L:/127.0.0.1:54618 - R:localhost/127.0.0.1:25247]' for 'POST' to 'http://localhost:25247/session/ac0b2424f223f85e67cfc74f7f6abe3c/element'
23:01:03.275 [Forwarding findElement on session ac0b2424f223f85e67cfc74f7f6abe3c to remote] DEBUG org.asynchttpclient.netty.request.NettyRequestSender - Using open Channel [id: 0xc04452dd, L:/127.0.0.1:54618 - R:localhost/127.0.0.1:25247] for POST '/session/ac0b2424f223f85e67cfc74f7f6abe3c/element'
23:01:03.295 [AsyncHttpClient-1-5] DEBUG org.asynchttpclient.netty.handler.HttpHandler - 

Request DefaultHttpRequest(decodeResult: success, version: HTTP/1.1)
POST /session/ac0b2424f223f85e67cfc74f7f6abe3c/element HTTP/1.1
User-Agent: selenium/4.8.1 (java windows)
Content-Length: 113
Content-Type: application/json; charset=utf-8
host: localhost:25247
accept: */*

Response DefaultHttpResponse(decodeResult: success, version: HTTP/1.1)
HTTP/1.1 200 OK
Content-Length: 95
Content-Type: application/json; charset=utf-8
cache-control: no-cache

23:01:03.295 [AsyncHttpClient-1-5] DEBUG org.asynchttpclient.netty.channel.ChannelManager - Adding key: http://localhost:25247 for channel [id: 0xc04452dd, L:/127.0.0.1:54618 - R:localhost/127.0.0.1:25247]
23:01:03.295 [Forwarding getElementTagName on session ac0b2424f223f85e67cfc74f7f6abe3c to remote] DEBUG org.asynchttpclient.netty.request.NettyRequestSender - Using pooled Channel '[id: 0xc04452dd, L:/127.0.0.1:54618 - R:localhost/127.0.0.1:25247]' for 'GET' to 'http://localhost:25247/session/ac0b2424f223f85e67cfc74f7f6abe3c/element/6FCBA6FD0A91B3E75D5A79B09C62A27E_element_12/name'
23:01:03.295 [Forwarding getElementTagName on session ac0b2424f223f85e67cfc74f7f6abe3c to remote] DEBUG org.asynchttpclient.netty.request.NettyRequestSender - Using open Channel [id: 0xc04452dd, L:/127.0.0.1:54618 - R:localhost/127.0.0.1:25247] for GET '/session/ac0b2424f223f85e67cfc74f7f6abe3c/element/6FCBA6FD0A91B3E75D5A79B09C62A27E_element_12/name'
23:01:03.304 [AsyncHttpClient-1-5] DEBUG org.asynchttpclient.netty.handler.HttpHandler - 

Request DefaultFullHttpRequest(decodeResult: success, version: HTTP/1.1, content: EmptyByteBufBE)
GET /session/ac0b2424f223f85e67cfc74f7f6abe3c/element/6FCBA6FD0A91B3E75D5A79B09C62A27E_element_12/name HTTP/1.1
User-Agent: selenium/4.8.1 (java windows)
Cache-Control: no-cache
Content-Type: application/json; charset=utf-8
host: localhost:25247
accept: */*

Response DefaultHttpResponse(decodeResult: success, version: HTTP/1.1)
HTTP/1.1 200 OK
Content-Length: 18
Content-Type: application/json; charset=utf-8
cache-control: no-cache

23:01:03.304 [AsyncHttpClient-1-5] DEBUG org.asynchttpclient.netty.channel.ChannelManager - Adding key: http://localhost:25247 for channel [id: 0xc04452dd, L:/127.0.0.1:54618 - R:localhost/127.0.0.1:25247]
23:01:03.304 [Forwarding getElementTagName on session ac0b2424f223f85e67cfc74f7f6abe3c to remote] DEBUG org.asynchttpclient.netty.request.NettyRequestSender - Using pooled Channel '[id: 0xc04452dd, L:/127.0.0.1:54618 - R:localhost/127.0.0.1:25247]' for 'GET' to 'http://localhost:25247/session/ac0b2424f223f85e67cfc74f7f6abe3c/element/6FCBA6FD0A91B3E75D5A79B09C62A27E_element_12/name'
23:01:03.304 [Forwarding getElementTagName on session ac0b2424f223f85e67cfc74f7f6abe3c to remote] DEBUG org.asynchttpclient.netty.request.NettyRequestSender - Using open Channel [id: 0xc04452dd, L:/127.0.0.1:54618 - R:localhost/127.0.0.1:25247] for GET '/session/ac0b2424f223f85e67cfc74f7f6abe3c/element/6FCBA6FD0A91B3E75D5A79B09C62A27E_element_12/name'
23:01:03.314 [AsyncHttpClient-1-5] DEBUG org.asynchttpclient.netty.handler.HttpHandler - 

Request DefaultFullHttpRequest(decodeResult: success, version: HTTP/1.1, content: EmptyByteBufBE)
GET /session/ac0b2424f223f85e67cfc74f7f6abe3c/element/6FCBA6FD0A91B3E75D5A79B09C62A27E_element_12/name HTTP/1.1
User-Agent: selenium/4.8.1 (java windows)
Cache-Control: no-cache
Content-Type: application/json; charset=utf-8
host: localhost:25247
accept: */*

Response DefaultHttpResponse(decodeResult: success, version: HTTP/1.1)
HTTP/1.1 200 OK
Content-Length: 18
Content-Type: application/json; charset=utf-8
cache-control: no-cache

23:01:03.314 [AsyncHttpClient-1-5] DEBUG org.asynchttpclient.netty.channel.ChannelManager - Adding key: http://localhost:25247 for channel [id: 0xc04452dd, L:/127.0.0.1:54618 - R:localhost/127.0.0.1:25247]
23:01:03.315 [Forwarding isElementEnabled on session ac0b2424f223f85e67cfc74f7f6abe3c to remote] DEBUG org.asynchttpclient.netty.request.NettyRequestSender - Using pooled Channel '[id: 0xc04452dd, L:/127.0.0.1:54618 - R:localhost/127.0.0.1:25247]' for 'GET' to 'http://localhost:25247/session/ac0b2424f223f85e67cfc74f7f6abe3c/element/6FCBA6FD0A91B3E75D5A79B09C62A27E_element_12/enabled'
23:01:03.315 [Forwarding isElementEnabled on session ac0b2424f223f85e67cfc74f7f6abe3c to remote] DEBUG org.asynchttpclient.netty.request.NettyRequestSender - Using open Channel [id: 0xc04452dd, L:/127.0.0.1:54618 - R:localhost/127.0.0.1:25247] for GET '/session/ac0b2424f223f85e67cfc74f7f6abe3c/element/6FCBA6FD0A91B3E75D5A79B09C62A27E_element_12/enabled'
23:01:03.327 [AsyncHttpClient-1-5] DEBUG org.asynchttpclient.netty.handler.HttpHandler - 

Request DefaultFullHttpRequest(decodeResult: success, version: HTTP/1.1, content: EmptyByteBufBE)
GET /session/ac0b2424f223f85e67cfc74f7f6abe3c/element/6FCBA6FD0A91B3E75D5A79B09C62A27E_element_12/enabled HTTP/1.1
User-Agent: selenium/4.8.1 (java windows)
Cache-Control: no-cache
Content-Type: application/json; charset=utf-8
host: localhost:25247
accept: */*

Response DefaultHttpResponse(decodeResult: success, version: HTTP/1.1)
HTTP/1.1 200 OK
Content-Length: 14
Content-Type: application/json; charset=utf-8
cache-control: no-cache

23:01:03.327 [AsyncHttpClient-1-5] DEBUG org.asynchttpclient.netty.channel.ChannelManager - Adding key: http://localhost:25247 for channel [id: 0xc04452dd, L:/127.0.0.1:54618 - R:localhost/127.0.0.1:25247]
23:01:03.328 [Forwarding isElementEnabled on session ac0b2424f223f85e67cfc74f7f6abe3c to remote] DEBUG org.asynchttpclient.netty.request.NettyRequestSender - Using pooled Channel '[id: 0xc04452dd, L:/127.0.0.1:54618 - R:localhost/127.0.0.1:25247]' for 'GET' to 'http://localhost:25247/session/ac0b2424f223f85e67cfc74f7f6abe3c/element/6FCBA6FD0A91B3E75D5A79B09C62A27E_element_12/enabled'
23:01:03.328 [Forwarding isElementEnabled on session ac0b2424f223f85e67cfc74f7f6abe3c to remote] DEBUG org.asynchttpclient.netty.request.NettyRequestSender - Using open Channel [id: 0xc04452dd, L:/127.0.0.1:54618 - R:localhost/127.0.0.1:25247] for GET '/session/ac0b2424f223f85e67cfc74f7f6abe3c/element/6FCBA6FD0A91B3E75D5A79B09C62A27E_element_12/enabled'
23:01:03.338 [AsyncHttpClient-1-5] DEBUG org.asynchttpclient.netty.handler.HttpHandler - 

Request DefaultFullHttpRequest(decodeResult: success, version: HTTP/1.1, content: EmptyByteBufBE)
GET /session/ac0b2424f223f85e67cfc74f7f6abe3c/element/6FCBA6FD0A91B3E75D5A79B09C62A27E_element_12/enabled HTTP/1.1
User-Agent: selenium/4.8.1 (java windows)
Cache-Control: no-cache
Content-Type: application/json; charset=utf-8
host: localhost:25247
accept: */*

Response DefaultHttpResponse(decodeResult: success, version: HTTP/1.1)
HTTP/1.1 200 OK
Content-Length: 14
Content-Type: application/json; charset=utf-8
cache-control: no-cache

23:01:03.338 [AsyncHttpClient-1-5] DEBUG org.asynchttpclient.netty.channel.ChannelManager - Adding key: http://localhost:25247 for channel [id: 0xc04452dd, L:/127.0.0.1:54618 - R:localhost/127.0.0.1:25247]
23:01:03.341 [Forwarding findElement on session ac0b2424f223f85e67cfc74f7f6abe3c to remote] DEBUG org.asynchttpclient.netty.request.NettyRequestSender - Using pooled Channel '[id: 0xc04452dd, L:/127.0.0.1:54618 - R:localhost/127.0.0.1:25247]' for 'POST' to 'http://localhost:25247/session/ac0b2424f223f85e67cfc74f7f6abe3c/element'
23:01:03.341 [Forwarding findElement on session ac0b2424f223f85e67cfc74f7f6abe3c to remote] DEBUG org.asynchttpclient.netty.request.NettyRequestSender - Using open Channel [id: 0xc04452dd, L:/127.0.0.1:54618 - R:localhost/127.0.0.1:25247] for POST '/session/ac0b2424f223f85e67cfc74f7f6abe3c/element'
23:01:03.359 [AsyncHttpClient-1-5] DEBUG org.asynchttpclient.netty.handler.HttpHandler - 

Request DefaultHttpRequest(decodeResult: success, version: HTTP/1.1)
POST /session/ac0b2424f223f85e67cfc74f7f6abe3c/element HTTP/1.1
User-Agent: selenium/4.8.1 (java windows)
Content-Length: 113
Content-Type: application/json; charset=utf-8
host: localhost:25247
accept: */*

Response DefaultHttpResponse(decodeResult: success, version: HTTP/1.1)
HTTP/1.1 200 OK
Content-Length: 95
Content-Type: application/json; charset=utf-8
cache-control: no-cache

23:01:03.359 [AsyncHttpClient-1-5] DEBUG org.asynchttpclient.netty.channel.ChannelManager - Adding key: http://localhost:25247 for channel [id: 0xc04452dd, L:/127.0.0.1:54618 - R:localhost/127.0.0.1:25247]
23:01:03.360 [Forwarding clickElement on session ac0b2424f223f85e67cfc74f7f6abe3c to remote] DEBUG org.asynchttpclient.netty.request.NettyRequestSender - Using pooled Channel '[id: 0xc04452dd, L:/127.0.0.1:54618 - R:localhost/127.0.0.1:25247]' for 'POST' to 'http://localhost:25247/session/ac0b2424f223f85e67cfc74f7f6abe3c/element/6FCBA6FD0A91B3E75D5A79B09C62A27E_element_12/click'
23:01:03.360 [Forwarding clickElement on session ac0b2424f223f85e67cfc74f7f6abe3c to remote] DEBUG org.asynchttpclient.netty.request.NettyRequestSender - Using open Channel [id: 0xc04452dd, L:/127.0.0.1:54618 - R:localhost/127.0.0.1:25247] for POST '/session/ac0b2424f223f85e67cfc74f7f6abe3c/element/6FCBA6FD0A91B3E75D5A79B09C62A27E_element_12/click'
23:01:03.482 [AsyncHttpClient-1-5] DEBUG org.asynchttpclient.netty.handler.HttpHandler - 

Request DefaultHttpRequest(decodeResult: success, version: HTTP/1.1)
POST /session/ac0b2424f223f85e67cfc74f7f6abe3c/element/6FCBA6FD0A91B3E75D5A79B09C62A27E_element_12/click HTTP/1.1
User-Agent: selenium/4.8.1 (java windows)
Content-Length: 57
Content-Type: application/json; charset=utf-8
host: localhost:25247
accept: */*

Response DefaultHttpResponse(decodeResult: success, version: HTTP/1.1)
HTTP/1.1 200 OK
Content-Length: 14
Content-Type: application/json; charset=utf-8
cache-control: no-cache

23:01:03.482 [AsyncHttpClient-1-5] DEBUG org.asynchttpclient.netty.channel.ChannelManager - Adding key: http://localhost:25247 for channel [id: 0xc04452dd, L:/127.0.0.1:54618 - R:localhost/127.0.0.1:25247]
23:01:03.487 [Forwarding getAlertText on session ac0b2424f223f85e67cfc74f7f6abe3c to remote] DEBUG org.asynchttpclient.netty.request.NettyRequestSender - Using pooled Channel '[id: 0xc04452dd, L:/127.0.0.1:54618 - R:localhost/127.0.0.1:25247]' for 'GET' to 'http://localhost:25247/session/ac0b2424f223f85e67cfc74f7f6abe3c/alert/text'
23:01:03.487 [Forwarding getAlertText on session ac0b2424f223f85e67cfc74f7f6abe3c to remote] DEBUG org.asynchttpclient.netty.request.NettyRequestSender - Using open Channel [id: 0xc04452dd, L:/127.0.0.1:54618 - R:localhost/127.0.0.1:25247] for GET '/session/ac0b2424f223f85e67cfc74f7f6abe3c/alert/text'
23:01:03.489 [AsyncHttpClient-1-5] DEBUG org.asynchttpclient.netty.handler.HttpHandler - 

Request DefaultFullHttpRequest(decodeResult: success, version: HTTP/1.1, content: EmptyByteBufBE)
GET /session/ac0b2424f223f85e67cfc74f7f6abe3c/alert/text HTTP/1.1
User-Agent: selenium/4.8.1 (java windows)
Cache-Control: no-cache
Content-Type: application/json; charset=utf-8
host: localhost:25247
accept: */*

Response DefaultHttpResponse(decodeResult: success, version: HTTP/1.1)
HTTP/1.1 404 Not Found
Content-Length: 820
Content-Type: application/json; charset=utf-8
cache-control: no-cache

23:01:03.489 [AsyncHttpClient-1-5] DEBUG org.asynchttpclient.netty.channel.ChannelManager - Adding key: http://localhost:25247 for channel [id: 0xc04452dd, L:/127.0.0.1:54618 - R:localhost/127.0.0.1:25247]
23:01:03.490 [Forwarding getCurrentUrl on session ac0b2424f223f85e67cfc74f7f6abe3c to remote] DEBUG org.asynchttpclient.netty.request.NettyRequestSender - Using pooled Channel '[id: 0xc04452dd, L:/127.0.0.1:54618 - R:localhost/127.0.0.1:25247]' for 'GET' to 'http://localhost:25247/session/ac0b2424f223f85e67cfc74f7f6abe3c/url'
23:01:03.490 [Forwarding getCurrentUrl on session ac0b2424f223f85e67cfc74f7f6abe3c to remote] DEBUG org.asynchttpclient.netty.request.NettyRequestSender - Using open Channel [id: 0xc04452dd, L:/127.0.0.1:54618 - R:localhost/127.0.0.1:25247] for GET '/session/ac0b2424f223f85e67cfc74f7f6abe3c/url'
23:01:03.496 [AsyncHttpClient-1-5] DEBUG org.asynchttpclient.netty.handler.HttpHandler - 

Request DefaultFullHttpRequest(decodeResult: success, version: HTTP/1.1, content: EmptyByteBufBE)
GET /session/ac0b2424f223f85e67cfc74f7f6abe3c/url HTTP/1.1
User-Agent: selenium/4.8.1 (java windows)
Cache-Control: no-cache
Content-Type: application/json; charset=utf-8
host: localhost:25247
accept: */*

Response DefaultHttpResponse(decodeResult: success, version: HTTP/1.1)
HTTP/1.1 200 OK
Content-Length: 41
Content-Type: application/json; charset=utf-8
cache-control: no-cache

23:01:03.496 [AsyncHttpClient-1-5] DEBUG org.asynchttpclient.netty.channel.ChannelManager - Adding key: http://localhost:25247 for channel [id: 0xc04452dd, L:/127.0.0.1:54618 - R:localhost/127.0.0.1:25247]
23:01:03.496 [Forwarding screenshot on session ac0b2424f223f85e67cfc74f7f6abe3c to remote] DEBUG org.asynchttpclient.netty.request.NettyRequestSender - Using pooled Channel '[id: 0xc04452dd, L:/127.0.0.1:54618 - R:localhost/127.0.0.1:25247]' for 'GET' to 'http://localhost:25247/session/ac0b2424f223f85e67cfc74f7f6abe3c/screenshot'
23:01:03.496 [Forwarding screenshot on session ac0b2424f223f85e67cfc74f7f6abe3c to remote] DEBUG org.asynchttpclient.netty.request.NettyRequestSender - Using open Channel [id: 0xc04452dd, L:/127.0.0.1:54618 - R:localhost/127.0.0.1:25247] for GET '/session/ac0b2424f223f85e67cfc74f7f6abe3c/screenshot'
23:01:03.827 [AsyncHttpClient-1-5] DEBUG org.asynchttpclient.netty.handler.HttpHandler - 

Request DefaultFullHttpRequest(decodeResult: success, version: HTTP/1.1, content: EmptyByteBufBE)
GET /session/ac0b2424f223f85e67cfc74f7f6abe3c/screenshot HTTP/1.1
User-Agent: selenium/4.8.1 (java windows)
Cache-Control: no-cache
Content-Type: application/json; charset=utf-8
host: localhost:25247
accept: */*

Response DefaultHttpResponse(decodeResult: success, version: HTTP/1.1)
HTTP/1.1 200 OK
Content-Length: 88464
Content-Type: application/json; charset=utf-8
cache-control: no-cache

23:01:03.828 [AsyncHttpClient-1-5] DEBUG org.asynchttpclient.netty.channel.ChannelManager - Adding key: http://localhost:25247 for channel [id: 0xc04452dd, L:/127.0.0.1:54618 - R:localhost/127.0.0.1:25247]
23:01:03.835 [main] DEBUG net.serenitybdd.core.photography.Darkroom - Send negative for processing for target\site\serenity\cdb6727e846a09df1c91759d79a21c40f06208ab42443816f70a4ccfe48bf8ea.png
23:01:03.835 [main] DEBUG net.thucydides.core.steps.StepInterceptor - STEP DONE: clickBeliProduk2
  &amp#27;[32mAnd &amp#27;[0m&amp#27;[32mI click buy button on product 2&amp#27;[0m       &amp#27;[90m# starter.stepdefinitions.HomepageSteps.clickBuyButton2()&amp#27;[0m
23:01:03.835 [Darkroom Processing Line] DEBUG net.serenitybdd.core.photography.DarkroomProcessingLine - Processing screenshot image in /var/screenshots/screenshot-6207536506373629
23:01:03.835 [Darkroom Processing Line] DEBUG net.serenitybdd.core.photography.DarkroomProcessingLine - Saving screenshot to target\site\serenity\cdb6727e846a09df1c91759d79a21c40f06208ab42443816f70a4ccfe48bf8ea.png
23:01:03.846 [Forwarding getPageSource on session ac0b2424f223f85e67cfc74f7f6abe3c to remote] DEBUG org.asynchttpclient.netty.request.NettyRequestSender - Using pooled Channel '[id: 0xc04452dd, L:/127.0.0.1:54618 - R:localhost/127.0.0.1:25247]' for 'POST' to 'http://localhost:25247/session/ac0b2424f223f85e67cfc74f7f6abe3c/execute/sync'
23:01:03.846 [Forwarding getPageSource on session ac0b2424f223f85e67cfc74f7f6abe3c to remote] DEBUG org.asynchttpclient.netty.request.NettyRequestSender - Using open Channel [id: 0xc04452dd, L:/127.0.0.1:54618 - R:localhost/127.0.0.1:25247] for POST '/session/ac0b2424f223f85e67cfc74f7f6abe3c/execute/sync'
23:01:03.912 [AsyncHttpClient-1-5] DEBUG org.asynchttpclient.netty.handler.HttpHandler - 

Request DefaultHttpRequest(decodeResult: success, version: HTTP/1.1)
POST /session/ac0b2424f223f85e67cfc74f7f6abe3c/execute/sync HTTP/1.1
User-Agent: selenium/4.8.1 (java windows)
Content-Length: 176
Content-Type: application/json; charset=utf-8
host: localhost:25247
accept: */*

Response DefaultHttpResponse(decodeResult: success, version: HTTP/1.1)
HTTP/1.1 200 OK
Content-Length: 817321
Content-Type: application/json; charset=utf-8
cache-control: no-cache

23:01:03.912 [AsyncHttpClient-1-5] DEBUG org.asynchttpclient.netty.channel.ChannelManager - Adding key: http://localhost:25247 for channel [id: 0xc04452dd, L:/127.0.0.1:54618 - R:localhost/127.0.0.1:25247]
23:01:03.991 [Forwarding getCurrentUrl on session ac0b2424f223f85e67cfc74f7f6abe3c to remote] DEBUG org.asynchttpclient.netty.request.NettyRequestSender - Using pooled Channel '[id: 0xc04452dd, L:/127.0.0.1:54618 - R:localhost/127.0.0.1:25247]' for 'GET' to 'http://localhost:25247/session/ac0b2424f223f85e67cfc74f7f6abe3c/url'
23:01:03.991 [Forwarding getCurrentUrl on session ac0b2424f223f85e67cfc74f7f6abe3c to remote] DEBUG org.asynchttpclient.netty.request.NettyRequestSender - Using open Channel [id: 0xc04452dd, L:/127.0.0.1:54618 - R:localhost/127.0.0.1:25247] for GET '/session/ac0b2424f223f85e67cfc74f7f6abe3c/url'
23:01:03.998 [AsyncHttpClient-1-5] DEBUG org.asynchttpclient.netty.handler.HttpHandler - 

Request DefaultFullHttpRequest(decodeResult: success, version: HTTP/1.1, content: EmptyByteBufBE)
GET /session/ac0b2424f223f85e67cfc74f7f6abe3c/url HTTP/1.1
User-Agent: selenium/4.8.1 (java windows)
Cache-Control: no-cache
Content-Type: application/json; charset=utf-8
host: localhost:25247
accept: */*

Response DefaultHttpResponse(decodeResult: success, version: HTTP/1.1)
HTTP/1.1 200 OK
Content-Length: 41
Content-Type: application/json; charset=utf-8
cache-control: no-cache

23:01:03.998 [AsyncHttpClient-1-5] DEBUG org.asynchttpclient.netty.channel.ChannelManager - Adding key: http://localhost:25247 for channel [id: 0xc04452dd, L:/127.0.0.1:54618 - R:localhost/127.0.0.1:25247]
23:01:04.007 [Forwarding getAlertText on session ac0b2424f223f85e67cfc74f7f6abe3c to remote] DEBUG org.asynchttpclient.netty.request.NettyRequestSender - Using pooled Channel '[id: 0xc04452dd, L:/127.0.0.1:54618 - R:localhost/127.0.0.1:25247]' for 'GET' to 'http://localhost:25247/session/ac0b2424f223f85e67cfc74f7f6abe3c/alert/text'
23:01:04.007 [Forwarding getAlertText on session ac0b2424f223f85e67cfc74f7f6abe3c to remote] DEBUG org.asynchttpclient.netty.request.NettyRequestSender - Using open Channel [id: 0xc04452dd, L:/127.0.0.1:54618 - R:localhost/127.0.0.1:25247] for GET '/session/ac0b2424f223f85e67cfc74f7f6abe3c/alert/text'
23:01:04.009 [AsyncHttpClient-1-5] DEBUG org.asynchttpclient.netty.handler.HttpHandler - 

Request DefaultFullHttpRequest(decodeResult: success, version: HTTP/1.1, content: EmptyByteBufBE)
GET /session/ac0b2424f223f85e67cfc74f7f6abe3c/alert/text HTTP/1.1
User-Agent: selenium/4.8.1 (java windows)
Cache-Control: no-cache
Content-Type: application/json; charset=utf-8
host: localhost:25247
accept: */*

Response DefaultHttpResponse(decodeResult: success, version: HTTP/1.1)
HTTP/1.1 404 Not Found
Content-Length: 820
Content-Type: application/json; charset=utf-8
cache-control: no-cache

23:01:04.009 [AsyncHttpClient-1-5] DEBUG org.asynchttpclient.netty.channel.ChannelManager - Adding key: http://localhost:25247 for channel [id: 0xc04452dd, L:/127.0.0.1:54618 - R:localhost/127.0.0.1:25247]
23:01:04.010 [Forwarding getCurrentUrl on session ac0b2424f223f85e67cfc74f7f6abe3c to remote] DEBUG org.asynchttpclient.netty.request.NettyRequestSender - Using pooled Channel '[id: 0xc04452dd, L:/127.0.0.1:54618 - R:localhost/127.0.0.1:25247]' for 'GET' to 'http://localhost:25247/session/ac0b2424f223f85e67cfc74f7f6abe3c/url'
23:01:04.010 [Forwarding getCurrentUrl on session ac0b2424f223f85e67cfc74f7f6abe3c to remote] DEBUG org.asynchttpclient.netty.request.NettyRequestSender - Using open Channel [id: 0xc04452dd, L:/127.0.0.1:54618 - R:localhost/127.0.0.1:25247] for GET '/session/ac0b2424f223f85e67cfc74f7f6abe3c/url'
23:01:04.023 [AsyncHttpClient-1-5] DEBUG org.asynchttpclient.netty.handler.HttpHandler - 

Request DefaultFullHttpRequest(decodeResult: success, version: HTTP/1.1, content: EmptyByteBufBE)
GET /session/ac0b2424f223f85e67cfc74f7f6abe3c/url HTTP/1.1
User-Agent: selenium/4.8.1 (java windows)
Cache-Control: no-cache
Content-Type: application/json; charset=utf-8
host: localhost:25247
accept: */*

Response DefaultHttpResponse(decodeResult: success, version: HTTP/1.1)
HTTP/1.1 200 OK
Content-Length: 41
Content-Type: application/json; charset=utf-8
cache-control: no-cache

23:01:04.023 [AsyncHttpClient-1-5] DEBUG org.asynchttpclient.netty.channel.ChannelManager - Adding key: http://localhost:25247 for channel [id: 0xc04452dd, L:/127.0.0.1:54618 - R:localhost/127.0.0.1:25247]
23:01:04.023 [Forwarding screenshot on session ac0b2424f223f85e67cfc74f7f6abe3c to remote] DEBUG org.asynchttpclient.netty.request.NettyRequestSender - Using pooled Channel '[id: 0xc04452dd, L:/127.0.0.1:54618 - R:localhost/127.0.0.1:25247]' for 'GET' to 'http://localhost:25247/session/ac0b2424f223f85e67cfc74f7f6abe3c/screenshot'
23:01:04.023 [Forwarding screenshot on session ac0b2424f223f85e67cfc74f7f6abe3c to remote] DEBUG org.asynchttpclient.netty.request.NettyRequestSender - Using open Channel [id: 0xc04452dd, L:/127.0.0.1:54618 - R:localhost/127.0.0.1:25247] for GET '/session/ac0b2424f223f85e67cfc74f7f6abe3c/screenshot'
23:01:04.198 [AsyncHttpClient-1-1] DEBUG org.asynchttpclient.netty.channel.DefaultChannelPool - Entry count for : http://localhost:54619 : 1
23:01:04.247 [AsyncHttpClient-1-5] DEBUG org.asynchttpclient.netty.handler.HttpHandler - 

Request DefaultFullHttpRequest(decodeResult: success, version: HTTP/1.1, content: EmptyByteBufBE)
GET /session/ac0b2424f223f85e67cfc74f7f6abe3c/screenshot HTTP/1.1
User-Agent: selenium/4.8.1 (java windows)
Cache-Control: no-cache
Content-Type: application/json; charset=utf-8
host: localhost:25247
accept: */*

Response DefaultHttpResponse(decodeResult: success, version: HTTP/1.1)
HTTP/1.1 200 OK
Content-Length: 87460
Content-Type: application/json; charset=utf-8
cache-control: no-cache

23:01:04.248 [AsyncHttpClient-1-5] DEBUG org.asynchttpclient.netty.channel.ChannelManager - Adding key: http://localhost:25247 for channel [id: 0xc04452dd, L:/127.0.0.1:54618 - R:localhost/127.0.0.1:25247]
23:01:04.250 [main] DEBUG net.serenitybdd.core.photography.Darkroom - Send negative for processing for target\site\serenity\f4656e30dfc20a136b73595a8ae6314ffd90ad055c987069eb7c22bd0fe53e6a.png
23:01:04.251 [Forwarding getPageSource on session ac0b2424f223f85e67cfc74f7f6abe3c to remote] DEBUG org.asynchttpclient.netty.request.NettyRequestSender - Using pooled Channel '[id: 0xc04452dd, L:/127.0.0.1:54618 - R:localhost/127.0.0.1:25247]' for 'POST' to 'http://localhost:25247/session/ac0b2424f223f85e67cfc74f7f6abe3c/execute/sync'
23:01:04.251 [Forwarding getPageSource on session ac0b2424f223f85e67cfc74f7f6abe3c to remote] DEBUG org.asynchttpclient.netty.request.NettyRequestSender - Using open Channel [id: 0xc04452dd, L:/127.0.0.1:54618 - R:localhost/127.0.0.1:25247] for POST '/session/ac0b2424f223f85e67cfc74f7f6abe3c/execute/sync'
23:01:04.304 [AsyncHttpClient-1-5] DEBUG org.asynchttpclient.netty.handler.HttpHandler - 

Request DefaultHttpRequest(decodeResult: success, version: HTTP/1.1)
POST /session/ac0b2424f223f85e67cfc74f7f6abe3c/execute/sync HTTP/1.1
User-Agent: selenium/4.8.1 (java windows)
Content-Length: 176
Content-Type: application/json; charset=utf-8
host: localhost:25247
accept: */*

Response DefaultHttpResponse(decodeResult: success, version: HTTP/1.1)
HTTP/1.1 200 OK
Content-Length: 817003
Content-Type: application/json; charset=utf-8
cache-control: no-cache

23:01:04.305 [AsyncHttpClient-1-5] DEBUG org.asynchttpclient.netty.channel.ChannelManager - Adding key: http://localhost:25247 for channel [id: 0xc04452dd, L:/127.0.0.1:54618 - R:localhost/127.0.0.1:25247]
23:01:04.383 [Forwarding getCurrentUrl on session ac0b2424f223f85e67cfc74f7f6abe3c to remote] DEBUG org.asynchttpclient.netty.request.NettyRequestSender - Using pooled Channel '[id: 0xc04452dd, L:/127.0.0.1:54618 - R:localhost/127.0.0.1:25247]' for 'GET' to 'http://localhost:25247/session/ac0b2424f223f85e67cfc74f7f6abe3c/url'
23:01:04.383 [Forwarding getCurrentUrl on session ac0b2424f223f85e67cfc74f7f6abe3c to remote] DEBUG org.asynchttpclient.netty.request.NettyRequestSender - Using open Channel [id: 0xc04452dd, L:/127.0.0.1:54618 - R:localhost/127.0.0.1:25247] for GET '/session/ac0b2424f223f85e67cfc74f7f6abe3c/url'
23:01:04.390 [AsyncHttpClient-1-5] DEBUG org.asynchttpclient.netty.handler.HttpHandler - 

Request DefaultFullHttpRequest(decodeResult: success, version: HTTP/1.1, content: EmptyByteBufBE)
GET /session/ac0b2424f223f85e67cfc74f7f6abe3c/url HTTP/1.1
User-Agent: selenium/4.8.1 (java windows)
Cache-Control: no-cache
Content-Type: application/json; charset=utf-8
host: localhost:25247
accept: */*

Response DefaultHttpResponse(decodeResult: success, version: HTTP/1.1)
HTTP/1.1 200 OK
Content-Length: 41
Content-Type: application/json; charset=utf-8
cache-control: no-cache

23:01:04.390 [AsyncHttpClient-1-5] DEBUG org.asynchttpclient.netty.channel.ChannelManager - Adding key: http://localhost:25247 for channel [id: 0xc04452dd, L:/127.0.0.1:54618 - R:localhost/127.0.0.1:25247]
23:01:04.393 [main] DEBUG net.thucydides.core.steps.StepInterceptor - STARTING STEP: HomepageSteps.clickBuyButton3 - clickBeliProduk3
23:01:04.396 [Forwarding findElement on session ac0b2424f223f85e67cfc74f7f6abe3c to remote] DEBUG org.asynchttpclient.netty.request.NettyRequestSender - Using pooled Channel '[id: 0xc04452dd, L:/127.0.0.1:54618 - R:localhost/127.0.0.1:25247]' for 'POST' to 'http://localhost:25247/session/ac0b2424f223f85e67cfc74f7f6abe3c/element'
23:01:04.396 [Forwarding findElement on session ac0b2424f223f85e67cfc74f7f6abe3c to remote] DEBUG org.asynchttpclient.netty.request.NettyRequestSender - Using open Channel [id: 0xc04452dd, L:/127.0.0.1:54618 - R:localhost/127.0.0.1:25247] for POST '/session/ac0b2424f223f85e67cfc74f7f6abe3c/element'
23:01:04.413 [AsyncHttpClient-1-5] DEBUG org.asynchttpclient.netty.handler.HttpHandler - 

Request DefaultHttpRequest(decodeResult: success, version: HTTP/1.1)
POST /session/ac0b2424f223f85e67cfc74f7f6abe3c/element HTTP/1.1
User-Agent: selenium/4.8.1 (java windows)
Content-Length: 113
Content-Type: application/json; charset=utf-8
host: localhost:25247
accept: */*

Response DefaultHttpResponse(decodeResult: success, version: HTTP/1.1)
HTTP/1.1 200 OK
Content-Length: 95
Content-Type: application/json; charset=utf-8
cache-control: no-cache

23:01:04.413 [AsyncHttpClient-1-5] DEBUG org.asynchttpclient.netty.channel.ChannelManager - Adding key: http://localhost:25247 for channel [id: 0xc04452dd, L:/127.0.0.1:54618 - R:localhost/127.0.0.1:25247]
23:01:04.414 [Forwarding getElementTagName on session ac0b2424f223f85e67cfc74f7f6abe3c to remote] DEBUG org.asynchttpclient.netty.request.NettyRequestSender - Using pooled Channel '[id: 0xc04452dd, L:/127.0.0.1:54618 - R:localhost/127.0.0.1:25247]' for 'GET' to 'http://localhost:25247/session/ac0b2424f223f85e67cfc74f7f6abe3c/element/6FCBA6FD0A91B3E75D5A79B09C62A27E_element_15/name'
23:01:04.414 [Forwarding getElementTagName on session ac0b2424f223f85e67cfc74f7f6abe3c to remote] DEBUG org.asynchttpclient.netty.request.NettyRequestSender - Using open Channel [id: 0xc04452dd, L:/127.0.0.1:54618 - R:localhost/127.0.0.1:25247] for GET '/session/ac0b2424f223f85e67cfc74f7f6abe3c/element/6FCBA6FD0A91B3E75D5A79B09C62A27E_element_15/name'
23:01:04.421 [AsyncHttpClient-1-5] DEBUG org.asynchttpclient.netty.handler.HttpHandler - 

Request DefaultFullHttpRequest(decodeResult: success, version: HTTP/1.1, content: EmptyByteBufBE)
GET /session/ac0b2424f223f85e67cfc74f7f6abe3c/element/6FCBA6FD0A91B3E75D5A79B09C62A27E_element_15/name HTTP/1.1
User-Agent: selenium/4.8.1 (java windows)
Cache-Control: no-cache
Content-Type: application/json; charset=utf-8
host: localhost:25247
accept: */*

Response DefaultHttpResponse(decodeResult: success, version: HTTP/1.1)
HTTP/1.1 200 OK
Content-Length: 18
Content-Type: application/json; charset=utf-8
cache-control: no-cache

23:01:04.421 [AsyncHttpClient-1-5] DEBUG org.asynchttpclient.netty.channel.ChannelManager - Adding key: http://localhost:25247 for channel [id: 0xc04452dd, L:/127.0.0.1:54618 - R:localhost/127.0.0.1:25247]
23:01:04.422 [Forwarding getElementTagName on session ac0b2424f223f85e67cfc74f7f6abe3c to remote] DEBUG org.asynchttpclient.netty.request.NettyRequestSender - Using pooled Channel '[id: 0xc04452dd, L:/127.0.0.1:54618 - R:localhost/127.0.0.1:25247]' for 'GET' to 'http://localhost:25247/session/ac0b2424f223f85e67cfc74f7f6abe3c/element/6FCBA6FD0A91B3E75D5A79B09C62A27E_element_15/name'
23:01:04.422 [Forwarding getElementTagName on session ac0b2424f223f85e67cfc74f7f6abe3c to remote] DEBUG org.asynchttpclient.netty.request.NettyRequestSender - Using open Channel [id: 0xc04452dd, L:/127.0.0.1:54618 - R:localhost/127.0.0.1:25247] for GET '/session/ac0b2424f223f85e67cfc74f7f6abe3c/element/6FCBA6FD0A91B3E75D5A79B09C62A27E_element_15/name'
23:01:04.430 [AsyncHttpClient-1-5] DEBUG org.asynchttpclient.netty.handler.HttpHandler - 

Request DefaultFullHttpRequest(decodeResult: success, version: HTTP/1.1, content: EmptyByteBufBE)
GET /session/ac0b2424f223f85e67cfc74f7f6abe3c/element/6FCBA6FD0A91B3E75D5A79B09C62A27E_element_15/name HTTP/1.1
User-Agent: selenium/4.8.1 (java windows)
Cache-Control: no-cache
Content-Type: application/json; charset=utf-8
host: localhost:25247
accept: */*

Response DefaultHttpResponse(decodeResult: success, version: HTTP/1.1)
HTTP/1.1 200 OK
Content-Length: 18
Content-Type: application/json; charset=utf-8
cache-control: no-cache

23:01:04.430 [AsyncHttpClient-1-5] DEBUG org.asynchttpclient.netty.channel.ChannelManager - Adding key: http://localhost:25247 for channel [id: 0xc04452dd, L:/127.0.0.1:54618 - R:localhost/127.0.0.1:25247]
23:01:04.431 [Forwarding isElementEnabled on session ac0b2424f223f85e67cfc74f7f6abe3c to remote] DEBUG org.asynchttpclient.netty.request.NettyRequestSender - Using pooled Channel '[id: 0xc04452dd, L:/127.0.0.1:54618 - R:localhost/127.0.0.1:25247]' for 'GET' to 'http://localhost:25247/session/ac0b2424f223f85e67cfc74f7f6abe3c/element/6FCBA6FD0A91B3E75D5A79B09C62A27E_element_15/enabled'
23:01:04.431 [Forwarding isElementEnabled on session ac0b2424f223f85e67cfc74f7f6abe3c to remote] DEBUG org.asynchttpclient.netty.request.NettyRequestSender - Using open Channel [id: 0xc04452dd, L:/127.0.0.1:54618 - R:localhost/127.0.0.1:25247] for GET '/session/ac0b2424f223f85e67cfc74f7f6abe3c/element/6FCBA6FD0A91B3E75D5A79B09C62A27E_element_15/enabled'
23:01:04.442 [AsyncHttpClient-1-5] DEBUG org.asynchttpclient.netty.handler.HttpHandler - 

Request DefaultFullHttpRequest(decodeResult: success, version: HTTP/1.1, content: EmptyByteBufBE)
GET /session/ac0b2424f223f85e67cfc74f7f6abe3c/element/6FCBA6FD0A91B3E75D5A79B09C62A27E_element_15/enabled HTTP/1.1
User-Agent: selenium/4.8.1 (java windows)
Cache-Control: no-cache
Content-Type: application/json; charset=utf-8
host: localhost:25247
accept: */*

Response DefaultHttpResponse(decodeResult: success, version: HTTP/1.1)
HTTP/1.1 200 OK
Content-Length: 14
Content-Type: application/json; charset=utf-8
cache-control: no-cache

23:01:04.442 [AsyncHttpClient-1-5] DEBUG org.asynchttpclient.netty.channel.ChannelManager - Adding key: http://localhost:25247 for channel [id: 0xc04452dd, L:/127.0.0.1:54618 - R:localhost/127.0.0.1:25247]
23:01:04.443 [Forwarding isElementEnabled on session ac0b2424f223f85e67cfc74f7f6abe3c to remote] DEBUG org.asynchttpclient.netty.request.NettyRequestSender - Using pooled Channel '[id: 0xc04452dd, L:/127.0.0.1:54618 - R:localhost/127.0.0.1:25247]' for 'GET' to 'http://localhost:25247/session/ac0b2424f223f85e67cfc74f7f6abe3c/element/6FCBA6FD0A91B3E75D5A79B09C62A27E_element_15/enabled'
23:01:04.443 [Forwarding isElementEnabled on session ac0b2424f223f85e67cfc74f7f6abe3c to remote] DEBUG org.asynchttpclient.netty.request.NettyRequestSender - Using open Channel [id: 0xc04452dd, L:/127.0.0.1:54618 - R:localhost/127.0.0.1:25247] for GET '/session/ac0b2424f223f85e67cfc74f7f6abe3c/element/6FCBA6FD0A91B3E75D5A79B09C62A27E_element_15/enabled'
23:01:04.453 [AsyncHttpClient-1-5] DEBUG org.asynchttpclient.netty.handler.HttpHandler - 

Request DefaultFullHttpRequest(decodeResult: success, version: HTTP/1.1, content: EmptyByteBufBE)
GET /session/ac0b2424f223f85e67cfc74f7f6abe3c/element/6FCBA6FD0A91B3E75D5A79B09C62A27E_element_15/enabled HTTP/1.1
User-Agent: selenium/4.8.1 (java windows)
Cache-Control: no-cache
Content-Type: application/json; charset=utf-8
host: localhost:25247
accept: */*

Response DefaultHttpResponse(decodeResult: success, version: HTTP/1.1)
HTTP/1.1 200 OK
Content-Length: 14
Content-Type: application/json; charset=utf-8
cache-control: no-cache

23:01:04.453 [AsyncHttpClient-1-5] DEBUG org.asynchttpclient.netty.channel.ChannelManager - Adding key: http://localhost:25247 for channel [id: 0xc04452dd, L:/127.0.0.1:54618 - R:localhost/127.0.0.1:25247]
23:01:04.454 [Forwarding findElement on session ac0b2424f223f85e67cfc74f7f6abe3c to remote] DEBUG org.asynchttpclient.netty.request.NettyRequestSender - Using pooled Channel '[id: 0xc04452dd, L:/127.0.0.1:54618 - R:localhost/127.0.0.1:25247]' for 'POST' to 'http://localhost:25247/session/ac0b2424f223f85e67cfc74f7f6abe3c/element'
23:01:04.454 [Forwarding findElement on session ac0b2424f223f85e67cfc74f7f6abe3c to remote] DEBUG org.asynchttpclient.netty.request.NettyRequestSender - Using open Channel [id: 0xc04452dd, L:/127.0.0.1:54618 - R:localhost/127.0.0.1:25247] for POST '/session/ac0b2424f223f85e67cfc74f7f6abe3c/element'
23:01:04.469 [AsyncHttpClient-1-5] DEBUG org.asynchttpclient.netty.handler.HttpHandler - 

Request DefaultHttpRequest(decodeResult: success, version: HTTP/1.1)
POST /session/ac0b2424f223f85e67cfc74f7f6abe3c/element HTTP/1.1
User-Agent: selenium/4.8.1 (java windows)
Content-Length: 113
Content-Type: application/json; charset=utf-8
host: localhost:25247
accept: */*

Response DefaultHttpResponse(decodeResult: success, version: HTTP/1.1)
HTTP/1.1 200 OK
Content-Length: 95
Content-Type: application/json; charset=utf-8
cache-control: no-cache

23:01:04.469 [AsyncHttpClient-1-5] DEBUG org.asynchttpclient.netty.channel.ChannelManager - Adding key: http://localhost:25247 for channel [id: 0xc04452dd, L:/127.0.0.1:54618 - R:localhost/127.0.0.1:25247]
23:01:04.470 [Forwarding clickElement on session ac0b2424f223f85e67cfc74f7f6abe3c to remote] DEBUG org.asynchttpclient.netty.request.NettyRequestSender - Using pooled Channel '[id: 0xc04452dd, L:/127.0.0.1:54618 - R:localhost/127.0.0.1:25247]' for 'POST' to 'http://localhost:25247/session/ac0b2424f223f85e67cfc74f7f6abe3c/element/6FCBA6FD0A91B3E75D5A79B09C62A27E_element_15/click'
23:01:04.470 [Forwarding clickElement on session ac0b2424f223f85e67cfc74f7f6abe3c to remote] DEBUG org.asynchttpclient.netty.request.NettyRequestSender - Using open Channel [id: 0xc04452dd, L:/127.0.0.1:54618 - R:localhost/127.0.0.1:25247] for POST '/session/ac0b2424f223f85e67cfc74f7f6abe3c/element/6FCBA6FD0A91B3E75D5A79B09C62A27E_element_15/click'
23:01:04.567 [AsyncHttpClient-1-5] DEBUG org.asynchttpclient.netty.handler.HttpHandler - 

Request DefaultHttpRequest(decodeResult: success, version: HTTP/1.1)
POST /session/ac0b2424f223f85e67cfc74f7f6abe3c/element/6FCBA6FD0A91B3E75D5A79B09C62A27E_element_15/click HTTP/1.1
User-Agent: selenium/4.8.1 (java windows)
Content-Length: 57
Content-Type: application/json; charset=utf-8
host: localhost:25247
accept: */*

Response DefaultHttpResponse(decodeResult: success, version: HTTP/1.1)
HTTP/1.1 200 OK
Content-Length: 14
Content-Type: application/json; charset=utf-8
cache-control: no-cache

23:01:04.567 [AsyncHttpClient-1-5] DEBUG org.asynchttpclient.netty.channel.ChannelManager - Adding key: http://localhost:25247 for channel [id: 0xc04452dd, L:/127.0.0.1:54618 - R:localhost/127.0.0.1:25247]
23:01:04.573 [Forwarding getAlertText on session ac0b2424f223f85e67cfc74f7f6abe3c to remote] DEBUG org.asynchttpclient.netty.request.NettyRequestSender - Using pooled Channel '[id: 0xc04452dd, L:/127.0.0.1:54618 - R:localhost/127.0.0.1:25247]' for 'GET' to 'http://localhost:25247/session/ac0b2424f223f85e67cfc74f7f6abe3c/alert/text'
23:01:04.573 [Forwarding getAlertText on session ac0b2424f223f85e67cfc74f7f6abe3c to remote] DEBUG org.asynchttpclient.netty.request.NettyRequestSender - Using open Channel [id: 0xc04452dd, L:/127.0.0.1:54618 - R:localhost/127.0.0.1:25247] for GET '/session/ac0b2424f223f85e67cfc74f7f6abe3c/alert/text'
23:01:04.575 [AsyncHttpClient-1-5] DEBUG org.asynchttpclient.netty.handler.HttpHandler - 

Request DefaultFullHttpRequest(decodeResult: success, version: HTTP/1.1, content: EmptyByteBufBE)
GET /session/ac0b2424f223f85e67cfc74f7f6abe3c/alert/text HTTP/1.1
User-Agent: selenium/4.8.1 (java windows)
Cache-Control: no-cache
Content-Type: application/json; charset=utf-8
host: localhost:25247
accept: */*

Response DefaultHttpResponse(decodeResult: success, version: HTTP/1.1)
HTTP/1.1 404 Not Found
Content-Length: 820
Content-Type: application/json; charset=utf-8
cache-control: no-cache

23:01:04.575 [AsyncHttpClient-1-5] DEBUG org.asynchttpclient.netty.channel.ChannelManager - Adding key: http://localhost:25247 for channel [id: 0xc04452dd, L:/127.0.0.1:54618 - R:localhost/127.0.0.1:25247]
23:01:04.576 [Forwarding getCurrentUrl on session ac0b2424f223f85e67cfc74f7f6abe3c to remote] DEBUG org.asynchttpclient.netty.request.NettyRequestSender - Using pooled Channel '[id: 0xc04452dd, L:/127.0.0.1:54618 - R:localhost/127.0.0.1:25247]' for 'GET' to 'http://localhost:25247/session/ac0b2424f223f85e67cfc74f7f6abe3c/url'
23:01:04.576 [Forwarding getCurrentUrl on session ac0b2424f223f85e67cfc74f7f6abe3c to remote] DEBUG org.asynchttpclient.netty.request.NettyRequestSender - Using open Channel [id: 0xc04452dd, L:/127.0.0.1:54618 - R:localhost/127.0.0.1:25247] for GET '/session/ac0b2424f223f85e67cfc74f7f6abe3c/url'
23:01:04.590 [AsyncHttpClient-1-5] DEBUG org.asynchttpclient.netty.handler.HttpHandler - 

Request DefaultFullHttpRequest(decodeResult: success, version: HTTP/1.1, content: EmptyByteBufBE)
GET /session/ac0b2424f223f85e67cfc74f7f6abe3c/url HTTP/1.1
User-Agent: selenium/4.8.1 (java windows)
Cache-Control: no-cache
Content-Type: application/json; charset=utf-8
host: localhost:25247
accept: */*

Response DefaultHttpResponse(decodeResult: success, version: HTTP/1.1)
HTTP/1.1 200 OK
Content-Length: 41
Content-Type: application/json; charset=utf-8
cache-control: no-cache

23:01:04.590 [AsyncHttpClient-1-5] DEBUG org.asynchttpclient.netty.channel.ChannelManager - Adding key: http://localhost:25247 for channel [id: 0xc04452dd, L:/127.0.0.1:54618 - R:localhost/127.0.0.1:25247]
23:01:04.591 [Forwarding screenshot on session ac0b2424f223f85e67cfc74f7f6abe3c to remote] DEBUG org.asynchttpclient.netty.request.NettyRequestSender - Using pooled Channel '[id: 0xc04452dd, L:/127.0.0.1:54618 - R:localhost/127.0.0.1:25247]' for 'GET' to 'http://localhost:25247/session/ac0b2424f223f85e67cfc74f7f6abe3c/screenshot'
23:01:04.591 [Forwarding screenshot on session ac0b2424f223f85e67cfc74f7f6abe3c to remote] DEBUG org.asynchttpclient.netty.request.NettyRequestSender - Using open Channel [id: 0xc04452dd, L:/127.0.0.1:54618 - R:localhost/127.0.0.1:25247] for GET '/session/ac0b2424f223f85e67cfc74f7f6abe3c/screenshot'
23:01:04.781 [AsyncHttpClient-1-5] DEBUG org.asynchttpclient.netty.handler.HttpHandler - 

Request DefaultFullHttpRequest(decodeResult: success, version: HTTP/1.1, content: EmptyByteBufBE)
GET /session/ac0b2424f223f85e67cfc74f7f6abe3c/screenshot HTTP/1.1
User-Agent: selenium/4.8.1 (java windows)
Cache-Control: no-cache
Content-Type: application/json; charset=utf-8
host: localhost:25247
accept: */*

Response DefaultHttpResponse(decodeResult: success, version: HTTP/1.1)
HTTP/1.1 200 OK
Content-Length: 88740
Content-Type: application/json; charset=utf-8
cache-control: no-cache

23:01:04.781 [AsyncHttpClient-1-5] DEBUG org.asynchttpclient.netty.channel.ChannelManager - Adding key: http://localhost:25247 for channel [id: 0xc04452dd, L:/127.0.0.1:54618 - R:localhost/127.0.0.1:25247]
23:01:04.785 [main] DEBUG net.serenitybdd.core.photography.Darkroom - Send negative for processing for target\site\serenity\9e0783113fdc35299778948d49f9bdc9460bdba63dcebf0e94bb86076139e08e.png
23:01:04.785 [main] DEBUG net.thucydides.core.steps.StepInterceptor - STEP DONE: clickBeliProduk3
  &amp#27;[32mAnd &amp#27;[0m&amp#27;[32mI click buy button on product 3&amp#27;[0m       &amp#27;[90m# starter.stepdefinitions.HomepageSteps.clickBuyButton3()&amp#27;[0m
23:01:04.785 [Darkroom Processing Line] DEBUG net.serenitybdd.core.photography.DarkroomProcessingLine - Processing screenshot image in /var/screenshots/screenshot-3604595535872898329
23:01:04.785 [Darkroom Processing Line] DEBUG net.serenitybdd.core.photography.DarkroomProcessingLine - Saving screenshot to target\site\serenity\9e0783113fdc35299778948d49f9bdc9460bdba63dcebf0e94bb86076139e08e.png
23:01:04.792 [Forwarding getPageSource on session ac0b2424f223f85e67cfc74f7f6abe3c to remote] DEBUG org.asynchttpclient.netty.request.NettyRequestSender - Using pooled Channel '[id: 0xc04452dd, L:/127.0.0.1:54618 - R:localhost/127.0.0.1:25247]' for 'POST' to 'http://localhost:25247/session/ac0b2424f223f85e67cfc74f7f6abe3c/execute/sync'
23:01:04.793 [Forwarding getPageSource on session ac0b2424f223f85e67cfc74f7f6abe3c to remote] DEBUG org.asynchttpclient.netty.request.NettyRequestSender - Using open Channel [id: 0xc04452dd, L:/127.0.0.1:54618 - R:localhost/127.0.0.1:25247] for POST '/session/ac0b2424f223f85e67cfc74f7f6abe3c/execute/sync'
23:01:04.861 [AsyncHttpClient-1-5] DEBUG org.asynchttpclient.netty.handler.HttpHandler - 

Request DefaultHttpRequest(decodeResult: success, version: HTTP/1.1)
POST /session/ac0b2424f223f85e67cfc74f7f6abe3c/execute/sync HTTP/1.1
User-Agent: selenium/4.8.1 (java windows)
Content-Length: 176
Content-Type: application/json; charset=utf-8
host: localhost:25247
accept: */*

Response DefaultHttpResponse(decodeResult: success, version: HTTP/1.1)
HTTP/1.1 200 OK
Content-Length: 817334
Content-Type: application/json; charset=utf-8
cache-control: no-cache

23:01:04.862 [AsyncHttpClient-1-5] DEBUG org.asynchttpclient.netty.channel.ChannelManager - Adding key: http://localhost:25247 for channel [id: 0xc04452dd, L:/127.0.0.1:54618 - R:localhost/127.0.0.1:25247]
23:01:04.975 [Forwarding getCurrentUrl on session ac0b2424f223f85e67cfc74f7f6abe3c to remote] DEBUG org.asynchttpclient.netty.request.NettyRequestSender - Using pooled Channel '[id: 0xc04452dd, L:/127.0.0.1:54618 - R:localhost/127.0.0.1:25247]' for 'GET' to 'http://localhost:25247/session/ac0b2424f223f85e67cfc74f7f6abe3c/url'
23:01:04.975 [Forwarding getCurrentUrl on session ac0b2424f223f85e67cfc74f7f6abe3c to remote] DEBUG org.asynchttpclient.netty.request.NettyRequestSender - Using open Channel [id: 0xc04452dd, L:/127.0.0.1:54618 - R:localhost/127.0.0.1:25247] for GET '/session/ac0b2424f223f85e67cfc74f7f6abe3c/url'
23:01:04.983 [AsyncHttpClient-1-5] DEBUG org.asynchttpclient.netty.handler.HttpHandler - 

Request DefaultFullHttpRequest(decodeResult: success, version: HTTP/1.1, content: EmptyByteBufBE)
GET /session/ac0b2424f223f85e67cfc74f7f6abe3c/url HTTP/1.1
User-Agent: selenium/4.8.1 (java windows)
Cache-Control: no-cache
Content-Type: application/json; charset=utf-8
host: localhost:25247
accept: */*

Response DefaultHttpResponse(decodeResult: success, version: HTTP/1.1)
HTTP/1.1 200 OK
Content-Length: 41
Content-Type: application/json; charset=utf-8
cache-control: no-cache

23:01:04.983 [AsyncHttpClient-1-5] DEBUG org.asynchttpclient.netty.channel.ChannelManager - Adding key: http://localhost:25247 for channel [id: 0xc04452dd, L:/127.0.0.1:54618 - R:localhost/127.0.0.1:25247]
23:01:04.995 [Forwarding getAlertText on session ac0b2424f223f85e67cfc74f7f6abe3c to remote] DEBUG org.asynchttpclient.netty.request.NettyRequestSender - Using pooled Channel '[id: 0xc04452dd, L:/127.0.0.1:54618 - R:localhost/127.0.0.1:25247]' for 'GET' to 'http://localhost:25247/session/ac0b2424f223f85e67cfc74f7f6abe3c/alert/text'
23:01:04.996 [Forwarding getAlertText on session ac0b2424f223f85e67cfc74f7f6abe3c to remote] DEBUG org.asynchttpclient.netty.request.NettyRequestSender - Using open Channel [id: 0xc04452dd, L:/127.0.0.1:54618 - R:localhost/127.0.0.1:25247] for GET '/session/ac0b2424f223f85e67cfc74f7f6abe3c/alert/text'
23:01:04.998 [AsyncHttpClient-1-5] DEBUG org.asynchttpclient.netty.handler.HttpHandler - 

Request DefaultFullHttpRequest(decodeResult: success, version: HTTP/1.1, content: EmptyByteBufBE)
GET /session/ac0b2424f223f85e67cfc74f7f6abe3c/alert/text HTTP/1.1
User-Agent: selenium/4.8.1 (java windows)
Cache-Control: no-cache
Content-Type: application/json; charset=utf-8
host: localhost:25247
accept: */*

Response DefaultHttpResponse(decodeResult: success, version: HTTP/1.1)
HTTP/1.1 404 Not Found
Content-Length: 820
Content-Type: application/json; charset=utf-8
cache-control: no-cache

23:01:04.998 [AsyncHttpClient-1-5] DEBUG org.asynchttpclient.netty.channel.ChannelManager - Adding key: http://localhost:25247 for channel [id: 0xc04452dd, L:/127.0.0.1:54618 - R:localhost/127.0.0.1:25247]
23:01:04.999 [Forwarding getCurrentUrl on session ac0b2424f223f85e67cfc74f7f6abe3c to remote] DEBUG org.asynchttpclient.netty.request.NettyRequestSender - Using pooled Channel '[id: 0xc04452dd, L:/127.0.0.1:54618 - R:localhost/127.0.0.1:25247]' for 'GET' to 'http://localhost:25247/session/ac0b2424f223f85e67cfc74f7f6abe3c/url'
23:01:04.999 [Forwarding getCurrentUrl on session ac0b2424f223f85e67cfc74f7f6abe3c to remote] DEBUG org.asynchttpclient.netty.request.NettyRequestSender - Using open Channel [id: 0xc04452dd, L:/127.0.0.1:54618 - R:localhost/127.0.0.1:25247] for GET '/session/ac0b2424f223f85e67cfc74f7f6abe3c/url'
23:01:05.006 [AsyncHttpClient-1-5] DEBUG org.asynchttpclient.netty.handler.HttpHandler - 

Request DefaultFullHttpRequest(decodeResult: success, version: HTTP/1.1, content: EmptyByteBufBE)
GET /session/ac0b2424f223f85e67cfc74f7f6abe3c/url HTTP/1.1
User-Agent: selenium/4.8.1 (java windows)
Cache-Control: no-cache
Content-Type: application/json; charset=utf-8
host: localhost:25247
accept: */*

Response DefaultHttpResponse(decodeResult: success, version: HTTP/1.1)
HTTP/1.1 200 OK
Content-Length: 41
Content-Type: application/json; charset=utf-8
cache-control: no-cache

23:01:05.006 [AsyncHttpClient-1-5] DEBUG org.asynchttpclient.netty.channel.ChannelManager - Adding key: http://localhost:25247 for channel [id: 0xc04452dd, L:/127.0.0.1:54618 - R:localhost/127.0.0.1:25247]
23:01:05.007 [Forwarding screenshot on session ac0b2424f223f85e67cfc74f7f6abe3c to remote] DEBUG org.asynchttpclient.netty.request.NettyRequestSender - Using pooled Channel '[id: 0xc04452dd, L:/127.0.0.1:54618 - R:localhost/127.0.0.1:25247]' for 'GET' to 'http://localhost:25247/session/ac0b2424f223f85e67cfc74f7f6abe3c/screenshot'
23:01:05.007 [Forwarding screenshot on session ac0b2424f223f85e67cfc74f7f6abe3c to remote] DEBUG org.asynchttpclient.netty.request.NettyRequestSender - Using open Channel [id: 0xc04452dd, L:/127.0.0.1:54618 - R:localhost/127.0.0.1:25247] for GET '/session/ac0b2424f223f85e67cfc74f7f6abe3c/screenshot'
23:01:05.218 [AsyncHttpClient-1-5] DEBUG org.asynchttpclient.netty.handler.HttpHandler - 

Request DefaultFullHttpRequest(decodeResult: success, version: HTTP/1.1, content: EmptyByteBufBE)
GET /session/ac0b2424f223f85e67cfc74f7f6abe3c/screenshot HTTP/1.1
User-Agent: selenium/4.8.1 (java windows)
Cache-Control: no-cache
Content-Type: application/json; charset=utf-8
host: localhost:25247
accept: */*

Response DefaultHttpResponse(decodeResult: success, version: HTTP/1.1)
HTTP/1.1 200 OK
Content-Length: 87468
Content-Type: application/json; charset=utf-8
cache-control: no-cache

23:01:05.218 [AsyncHttpClient-1-5] DEBUG org.asynchttpclient.netty.channel.ChannelManager - Adding key: http://localhost:25247 for channel [id: 0xc04452dd, L:/127.0.0.1:54618 - R:localhost/127.0.0.1:25247]
23:01:05.223 [main] DEBUG net.serenitybdd.core.photography.Darkroom - Send negative for processing for target\site\serenity\6789dacceaac9de37e03e79b486de10f847543343135a3b9146a92451dfc664b.png
23:01:05.224 [Darkroom Processing Line] DEBUG net.serenitybdd.core.photography.DarkroomProcessingLine - Processing screenshot image in /var/screenshots/screenshot-5663508380573899271
23:01:05.224 [Darkroom Processing Line] DEBUG net.serenitybdd.core.photography.DarkroomProcessingLine - Saving screenshot to target\site\serenity\6789dacceaac9de37e03e79b486de10f847543343135a3b9146a92451dfc664b.png
23:01:05.225 [Forwarding getPageSource on session ac0b2424f223f85e67cfc74f7f6abe3c to remote] DEBUG org.asynchttpclient.netty.request.NettyRequestSender - Using pooled Channel '[id: 0xc04452dd, L:/127.0.0.1:54618 - R:localhost/127.0.0.1:25247]' for 'POST' to 'http://localhost:25247/session/ac0b2424f223f85e67cfc74f7f6abe3c/execute/sync'
23:01:05.225 [Forwarding getPageSource on session ac0b2424f223f85e67cfc74f7f6abe3c to remote] DEBUG org.asynchttpclient.netty.request.NettyRequestSender - Using open Channel [id: 0xc04452dd, L:/127.0.0.1:54618 - R:localhost/127.0.0.1:25247] for POST '/session/ac0b2424f223f85e67cfc74f7f6abe3c/execute/sync'
23:01:05.300 [AsyncHttpClient-1-1] DEBUG org.asynchttpclient.netty.channel.DefaultChannelPool - Entry count for : http://localhost:54619 : 1
23:01:05.314 [AsyncHttpClient-1-5] DEBUG org.asynchttpclient.netty.handler.HttpHandler - 

Request DefaultHttpRequest(decodeResult: success, version: HTTP/1.1)
POST /session/ac0b2424f223f85e67cfc74f7f6abe3c/execute/sync HTTP/1.1
User-Agent: selenium/4.8.1 (java windows)
Content-Length: 176
Content-Type: application/json; charset=utf-8
host: localhost:25247
accept: */*

Response DefaultHttpResponse(decodeResult: success, version: HTTP/1.1)
HTTP/1.1 200 OK
Content-Length: 817003
Content-Type: application/json; charset=utf-8
cache-control: no-cache

23:01:05.314 [AsyncHttpClient-1-5] DEBUG org.asynchttpclient.netty.channel.ChannelManager - Adding key: http://localhost:25247 for channel [id: 0xc04452dd, L:/127.0.0.1:54618 - R:localhost/127.0.0.1:25247]
23:01:05.427 [Forwarding getCurrentUrl on session ac0b2424f223f85e67cfc74f7f6abe3c to remote] DEBUG org.asynchttpclient.netty.request.NettyRequestSender - Using pooled Channel '[id: 0xc04452dd, L:/127.0.0.1:54618 - R:localhost/127.0.0.1:25247]' for 'GET' to 'http://localhost:25247/session/ac0b2424f223f85e67cfc74f7f6abe3c/url'
23:01:05.427 [Forwarding getCurrentUrl on session ac0b2424f223f85e67cfc74f7f6abe3c to remote] DEBUG org.asynchttpclient.netty.request.NettyRequestSender - Using open Channel [id: 0xc04452dd, L:/127.0.0.1:54618 - R:localhost/127.0.0.1:25247] for GET '/session/ac0b2424f223f85e67cfc74f7f6abe3c/url'
23:01:05.435 [AsyncHttpClient-1-5] DEBUG org.asynchttpclient.netty.handler.HttpHandler - 

Request DefaultFullHttpRequest(decodeResult: success, version: HTTP/1.1, content: EmptyByteBufBE)
GET /session/ac0b2424f223f85e67cfc74f7f6abe3c/url HTTP/1.1
User-Agent: selenium/4.8.1 (java windows)
Cache-Control: no-cache
Content-Type: application/json; charset=utf-8
host: localhost:25247
accept: */*

Response DefaultHttpResponse(decodeResult: success, version: HTTP/1.1)
HTTP/1.1 200 OK
Content-Length: 41
Content-Type: application/json; charset=utf-8
cache-control: no-cache

23:01:05.435 [AsyncHttpClient-1-5] DEBUG org.asynchttpclient.netty.channel.ChannelManager - Adding key: http://localhost:25247 for channel [id: 0xc04452dd, L:/127.0.0.1:54618 - R:localhost/127.0.0.1:25247]
23:01:05.438 [main] DEBUG net.thucydides.core.steps.StepInterceptor - STARTING STEP: HomepageSteps.seeProductToCart - validatePopUp
23:01:05.441 [Forwarding findElement on session ac0b2424f223f85e67cfc74f7f6abe3c to remote] DEBUG org.asynchttpclient.netty.request.NettyRequestSender - Using pooled Channel '[id: 0xc04452dd, L:/127.0.0.1:54618 - R:localhost/127.0.0.1:25247]' for 'POST' to 'http://localhost:25247/session/ac0b2424f223f85e67cfc74f7f6abe3c/element'
23:01:05.441 [Forwarding findElement on session ac0b2424f223f85e67cfc74f7f6abe3c to remote] DEBUG org.asynchttpclient.netty.request.NettyRequestSender - Using open Channel [id: 0xc04452dd, L:/127.0.0.1:54618 - R:localhost/127.0.0.1:25247] for POST '/session/ac0b2424f223f85e67cfc74f7f6abe3c/element'
23:01:05.469 [AsyncHttpClient-1-5] DEBUG org.asynchttpclient.netty.handler.HttpHandler - 

Request DefaultHttpRequest(decodeResult: success, version: HTTP/1.1)
POST /session/ac0b2424f223f85e67cfc74f7f6abe3c/element HTTP/1.1
User-Agent: selenium/4.8.1 (java windows)
Content-Length: 148
Content-Type: application/json; charset=utf-8
host: localhost:25247
accept: */*

Response DefaultHttpResponse(decodeResult: success, version: HTTP/1.1)
HTTP/1.1 200 OK
Content-Length: 95
Content-Type: application/json; charset=utf-8
cache-control: no-cache

23:01:05.469 [AsyncHttpClient-1-5] DEBUG org.asynchttpclient.netty.channel.ChannelManager - Adding key: http://localhost:25247 for channel [id: 0xc04452dd, L:/127.0.0.1:54618 - R:localhost/127.0.0.1:25247]
23:01:05.471 [Forwarding isElementDisplayed on session ac0b2424f223f85e67cfc74f7f6abe3c to remote] DEBUG org.asynchttpclient.netty.request.NettyRequestSender - Using pooled Channel '[id: 0xc04452dd, L:/127.0.0.1:54618 - R:localhost/127.0.0.1:25247]' for 'POST' to 'http://localhost:25247/session/ac0b2424f223f85e67cfc74f7f6abe3c/execute/sync'
23:01:05.472 [Forwarding isElementDisplayed on session ac0b2424f223f85e67cfc74f7f6abe3c to remote] DEBUG org.asynchttpclient.netty.request.NettyRequestSender - Using open Channel [id: 0xc04452dd, L:/127.0.0.1:54618 - R:localhost/127.0.0.1:25247] for POST '/session/ac0b2424f223f85e67cfc74f7f6abe3c/execute/sync'
23:01:05.492 [AsyncHttpClient-1-5] DEBUG org.asynchttpclient.netty.handler.HttpHandler - 

Request DefaultHttpRequest(decodeResult: success, version: HTTP/1.1)
POST /session/ac0b2424f223f85e67cfc74f7f6abe3c/execute/sync HTTP/1.1
User-Agent: selenium/4.8.1 (java windows)
Content-Length: 48814
Content-Type: application/json; charset=utf-8
host: localhost:25247
accept: */*

Response DefaultHttpResponse(decodeResult: success, version: HTTP/1.1)
HTTP/1.1 200 OK
Content-Length: 14
Content-Type: application/json; charset=utf-8
cache-control: no-cache

23:01:05.492 [AsyncHttpClient-1-5] DEBUG org.asynchttpclient.netty.channel.ChannelManager - Adding key: http://localhost:25247 for channel [id: 0xc04452dd, L:/127.0.0.1:54618 - R:localhost/127.0.0.1:25247]
23:01:05.498 [Forwarding getAlertText on session ac0b2424f223f85e67cfc74f7f6abe3c to remote] DEBUG org.asynchttpclient.netty.request.NettyRequestSender - Using pooled Channel '[id: 0xc04452dd, L:/127.0.0.1:54618 - R:localhost/127.0.0.1:25247]' for 'GET' to 'http://localhost:25247/session/ac0b2424f223f85e67cfc74f7f6abe3c/alert/text'
23:01:05.498 [Forwarding getAlertText on session ac0b2424f223f85e67cfc74f7f6abe3c to remote] DEBUG org.asynchttpclient.netty.request.NettyRequestSender - Using open Channel [id: 0xc04452dd, L:/127.0.0.1:54618 - R:localhost/127.0.0.1:25247] for GET '/session/ac0b2424f223f85e67cfc74f7f6abe3c/alert/text'
23:01:05.500 [AsyncHttpClient-1-5] DEBUG org.asynchttpclient.netty.handler.HttpHandler - 

Request DefaultFullHttpRequest(decodeResult: success, version: HTTP/1.1, content: EmptyByteBufBE)
GET /session/ac0b2424f223f85e67cfc74f7f6abe3c/alert/text HTTP/1.1
User-Agent: selenium/4.8.1 (java windows)
Cache-Control: no-cache
Content-Type: application/json; charset=utf-8
host: localhost:25247
accept: */*

Response DefaultHttpResponse(decodeResult: success, version: HTTP/1.1)
HTTP/1.1 404 Not Found
Content-Length: 820
Content-Type: application/json; charset=utf-8
cache-control: no-cache

23:01:05.500 [AsyncHttpClient-1-5] DEBUG org.asynchttpclient.netty.channel.ChannelManager - Adding key: http://localhost:25247 for channel [id: 0xc04452dd, L:/127.0.0.1:54618 - R:localhost/127.0.0.1:25247]
23:01:05.501 [Forwarding getCurrentUrl on session ac0b2424f223f85e67cfc74f7f6abe3c to remote] DEBUG org.asynchttpclient.netty.request.NettyRequestSender - Using pooled Channel '[id: 0xc04452dd, L:/127.0.0.1:54618 - R:localhost/127.0.0.1:25247]' for 'GET' to 'http://localhost:25247/session/ac0b2424f223f85e67cfc74f7f6abe3c/url'
23:01:05.501 [Forwarding getCurrentUrl on session ac0b2424f223f85e67cfc74f7f6abe3c to remote] DEBUG org.asynchttpclient.netty.request.NettyRequestSender - Using open Channel [id: 0xc04452dd, L:/127.0.0.1:54618 - R:localhost/127.0.0.1:25247] for GET '/session/ac0b2424f223f85e67cfc74f7f6abe3c/url'
23:01:05.509 [AsyncHttpClient-1-5] DEBUG org.asynchttpclient.netty.handler.HttpHandler - 

Request DefaultFullHttpRequest(decodeResult: success, version: HTTP/1.1, content: EmptyByteBufBE)
GET /session/ac0b2424f223f85e67cfc74f7f6abe3c/url HTTP/1.1
User-Agent: selenium/4.8.1 (java windows)
Cache-Control: no-cache
Content-Type: application/json; charset=utf-8
host: localhost:25247
accept: */*

Response DefaultHttpResponse(decodeResult: success, version: HTTP/1.1)
HTTP/1.1 200 OK
Content-Length: 41
Content-Type: application/json; charset=utf-8
cache-control: no-cache

23:01:05.509 [AsyncHttpClient-1-5] DEBUG org.asynchttpclient.netty.channel.ChannelManager - Adding key: http://localhost:25247 for channel [id: 0xc04452dd, L:/127.0.0.1:54618 - R:localhost/127.0.0.1:25247]
23:01:05.509 [Forwarding screenshot on session ac0b2424f223f85e67cfc74f7f6abe3c to remote] DEBUG org.asynchttpclient.netty.request.NettyRequestSender - Using pooled Channel '[id: 0xc04452dd, L:/127.0.0.1:54618 - R:localhost/127.0.0.1:25247]' for 'GET' to 'http://localhost:25247/session/ac0b2424f223f85e67cfc74f7f6abe3c/screenshot'
23:01:05.509 [Forwarding screenshot on session ac0b2424f223f85e67cfc74f7f6abe3c to remote] DEBUG org.asynchttpclient.netty.request.NettyRequestSender - Using open Channel [id: 0xc04452dd, L:/127.0.0.1:54618 - R:localhost/127.0.0.1:25247] for GET '/session/ac0b2424f223f85e67cfc74f7f6abe3c/screenshot'
23:01:05.682 [AsyncHttpClient-1-5] DEBUG org.asynchttpclient.netty.handler.HttpHandler - 

Request DefaultFullHttpRequest(decodeResult: success, version: HTTP/1.1, content: EmptyByteBufBE)
GET /session/ac0b2424f223f85e67cfc74f7f6abe3c/screenshot HTTP/1.1
User-Agent: selenium/4.8.1 (java windows)
Cache-Control: no-cache
Content-Type: application/json; charset=utf-8
host: localhost:25247
accept: */*

Response DefaultHttpResponse(decodeResult: success, version: HTTP/1.1)
HTTP/1.1 200 OK
Content-Length: 87468
Content-Type: application/json; charset=utf-8
cache-control: no-cache

23:01:05.682 [AsyncHttpClient-1-5] DEBUG org.asynchttpclient.netty.channel.ChannelManager - Adding key: http://localhost:25247 for channel [id: 0xc04452dd, L:/127.0.0.1:54618 - R:localhost/127.0.0.1:25247]
23:01:05.684 [main] DEBUG net.serenitybdd.core.photography.Darkroom - Send negative for processing for target\site\serenity\6789dacceaac9de37e03e79b486de10f847543343135a3b9146a92451dfc664b.png
23:01:05.685 [main] DEBUG net.thucydides.core.steps.StepInterceptor - STEP DONE: validatePopUp
  &amp#27;[32mThen &amp#27;[0m&amp#27;[32mI see the pop up product add to cart&amp#27;[0m &amp#27;[90m# starter.stepdefinitions.HomepageSteps.seeProductToCart()&amp#27;[0m
23:01:05.688 [main] INFO  - 
  _____   ___   ___   _____     ___     _     ___   ___   ___   ___  
 |_   _| | __| / __| |_   _|   | _ \   /_\   / __| / __| | __| |   \ 
   | |   | _|  \__ \   | |     |  _/  / _ \  \__ \ \__ \ | _|  | |) |
   |_|   |___| |___/   |_|     |_|   /_/ \_\ |___/ |___/ |___| |___/ 

Add three different in cart
----------------------------------------------------------------------
23:01:05.689 [Driver Command Executor] DEBUG org.asynchttpclient.netty.request.NettyRequestSender - Using pooled Channel '[id: 0xc04452dd, L:/127.0.0.1:54618 - R:localhost/127.0.0.1:25247]' for 'DELETE' to 'http://localhost:25247/session/ac0b2424f223f85e67cfc74f7f6abe3c'
23:01:05.689 [Driver Command Executor] DEBUG org.asynchttpclient.netty.request.NettyRequestSender - Using open Channel [id: 0xc04452dd, L:/127.0.0.1:54618 - R:localhost/127.0.0.1:25247] for DELETE '/session/ac0b2424f223f85e67cfc74f7f6abe3c'
23:01:05.689 [AsyncHttpClient-1-7] DEBUG org.asynchttpclient.netty.handler.WebSocketHandler - Channel Closed: [id: 0xe772e8a0, L:/127.0.0.1:54626 ! R:localhost/127.0.0.1:54619] with attribute NettyResponseFuture{currentRetry=0,
	isDone=1,
	isCancelled=0,
	asyncHandler=org.asynchttpclient.ws.WebSocketUpgradeHandler@3c266cd8,
	nettyRequest=org.asynchttpclient.netty.request.NettyRequest@7b72b08e,
	future=java.util.concurrent.CompletableFuture@1a64b16f[Completed normally],
	uri=ws://localhost:54619/devtools/browser/48fd9634-cee6-42b1-8e38-7d10f52ec766,
	keepAlive=true,
	redirectCount=0,
	timeoutsHolder=null,
	inAuth=0,
	touch=1683561656941}
23:01:05.689 [AsyncHttpClient-1-7] DEBUG org.asynchttpclient.netty.channel.ChannelManager - Closing Channel [id: 0xe772e8a0, L:/127.0.0.1:54626 ! R:localhost/127.0.0.1:54619] 
23:01:05.847 [AsyncHttpClient-1-6] DEBUG org.asynchttpclient.netty.handler.HttpHandler - Unexpected I/O exception on channel [id: 0xd84cadcf, L:/127.0.0.1:54625 - R:localhost/127.0.0.1:54619]
java.io.IOException: An existing connection was forcibly closed by the remote host
	at sun.nio.ch.SocketDispatcher.read0(Native Method)
	at sun.nio.ch.SocketDispatcher.read(SocketDispatcher.java:43)
	at sun.nio.ch.IOUtil.readIntoNativeBuffer(IOUtil.java:223)
	at sun.nio.ch.IOUtil.read(IOUtil.java:192)
	at sun.nio.ch.SocketChannelImpl.read(SocketChannelImpl.java:378)
	at io.netty.buffer.PooledByteBuf.setBytes(PooledByteBuf.java:259)
	at io.netty.buffer.AbstractByteBuf.writeBytes(AbstractByteBuf.java:1132)
	at io.netty.channel.socket.nio.NioSocketChannel.doReadBytes(NioSocketChannel.java:357)
	at io.netty.channel.nio.AbstractNioByteChannel$NioByteUnsafe.read(AbstractNioByteChannel.java:151)
	at io.netty.channel.nio.NioEventLoop.processSelectedKey(NioEventLoop.java:788)
	at io.netty.channel.nio.NioEventLoop.processSelectedKeysOptimized(NioEventLoop.java:724)
	at io.netty.channel.nio.NioEventLoop.processSelectedKeys(NioEventLoop.java:650)
	at io.netty.channel.nio.NioEventLoop.run(NioEventLoop.java:562)
	at io.netty.util.concurrent.SingleThreadEventExecutor$4.run(SingleThreadEventExecutor.java:997)
	at io.netty.util.internal.ThreadExecutorMap$2.run(ThreadExecutorMap.java:74)
	at io.netty.util.concurrent.FastThreadLocalRunnable.run(FastThreadLocalRunnable.java:30)
	at java.lang.Thread.run(Thread.java:750)
23:01:05.848 [AsyncHttpClient-1-6] DEBUG org.asynchttpclient.netty.channel.ChannelManager - Closing Channel [id: 0xd84cadcf, L:/127.0.0.1:54625 - R:localhost/127.0.0.1:54619] 
23:01:05.848 [AsyncHttpClient-1-6] DEBUG org.asynchttpclient.netty.handler.HttpHandler - Channel Closed: [id: 0xd84cadcf, L:/127.0.0.1:54625 ! R:localhost/127.0.0.1:54619] with attribute DISCARD
23:01:05.866 [AsyncHttpClient-1-5] DEBUG org.asynchttpclient.netty.handler.HttpHandler - 

Request DefaultFullHttpRequest(decodeResult: success, version: HTTP/1.1, content: EmptyByteBufBE)
DELETE /session/ac0b2424f223f85e67cfc74f7f6abe3c HTTP/1.1
User-Agent: selenium/4.8.1 (java windows)
Content-Type: application/json; charset=utf-8
host: localhost:25247
accept: */*

Response DefaultHttpResponse(decodeResult: success, version: HTTP/1.1)
HTTP/1.1 200 OK
Content-Length: 14
Content-Type: application/json; charset=utf-8
cache-control: no-cache

23:01:05.866 [AsyncHttpClient-1-5] DEBUG org.asynchttpclient.netty.channel.ChannelManager - Adding key: http://localhost:25247 for channel [id: 0xc04452dd, L:/127.0.0.1:54618 - R:localhost/127.0.0.1:25247]
23:01:05.909 [AsyncHttpClient-1-5] DEBUG org.asynchttpclient.netty.handler.HttpHandler - Channel Closed: [id: 0xc04452dd, L:/127.0.0.1:54618 ! R:localhost/127.0.0.1:25247] with attribute DISCARD
23:01:06.398 [AsyncHttpClient-1-1] DEBUG org.asynchttpclient.netty.channel.DefaultChannelPool - Entry count for : http://localhost:25247 : 1
23:01:06.398 [AsyncHttpClient-1-1] DEBUG org.asynchttpclient.netty.channel.DefaultChannelPool - Entry count for : http://localhost:54619 : 1
23:01:06.398 [AsyncHttpClient-1-1] DEBUG org.asynchttpclient.netty.channel.DefaultChannelPool - Adding Candidate expired Channel [id: 0xc04452dd, L:/127.0.0.1:54618 ! R:localhost/127.0.0.1:25247] isIdleTimeoutExpired=false isRemotelyClosed=true isTtlExpired=false
23:01:06.398 [AsyncHttpClient-1-1] DEBUG org.asynchttpclient.netty.channel.DefaultChannelPool - Closing Idle Channel [id: 0xc04452dd, L:/127.0.0.1:54618 ! R:localhost/127.0.0.1:25247]
23:01:06.398 [AsyncHttpClient-1-1] DEBUG org.asynchttpclient.netty.channel.DefaultChannelPool - Adding Candidate expired Channel [id: 0xd84cadcf, L:/127.0.0.1:54625 ! R:localhost/127.0.0.1:54619] isIdleTimeoutExpired=false isRemotelyClosed=true isTtlExpired=false
23:01:06.398 [AsyncHttpClient-1-1] DEBUG org.asynchttpclient.netty.channel.DefaultChannelPool - Closing Idle Channel [id: 0xd84cadcf, L:/127.0.0.1:54625 ! R:localhost/127.0.0.1:54619]
23:01:06.398 [AsyncHttpClient-1-1] DEBUG org.asynchttpclient.netty.channel.DefaultChannelPool - Closed 2 connections out of 2 in 0 ms
]]></system-out>
    <system-err><![CDATA[Starting ChromeDriver 113.0.5672.63 (0e1a4471d5ae5bf128b1bd8f4d627c8cbd55f70c-refs/branch-heads/5672@{#912}) on port 25247
Only local connections are allowed.
Please see https://chromedriver.chromium.org/security-considerations for suggestions on keeping ChromeDriver safe.
ChromeDriver was started successfully.
May 08, 2023 11:00:56 PM org.openqa.selenium.devtools.CdpVersionFinder findNearestMatch
WARNING: Unable to find an exact match for CDP version 113, so returning the closest version found: 110
]]></system-err>
  </testcase>
  <testcase name="See detail product 1" classname="HomePage" time="10.21">
    <system-out><![CDATA[
@SeeDetail(+)
Scenario: See detail product 1                &amp#27;[90m# src/test/resources/features/3.Homepage.feature:44&amp#27;[0m
23:01:06.451 [main] DEBUG io.cucumber.core.plugin.SerenityReporter - Running feature from file:///D:/1.%20QA%20ALTERRA%20ACADEMY/MobileTesting/MiniProjectWEB/src/test/resources/features/3.Homepage.feature
23:01:06.455 [main] INFO  - 
  _____   ___   ___   _____     ___   _____     _     ___   _____   ___   ___  
 |_   _| | __| / __| |_   _|   / __| |_   _|   /_\   | _ \ |_   _| | __| |   \ 
   | |   | _|  \__ \   | |     \__ \   | |    / _ \  |   /   | |   | _|  | |) |
   |_|   |___| |___/   |_|     |___/   |_|   /_/ \_\ |_|_\   |_|   |___| |___/ 

See detail product 1(homepage;see-detail-product-1)
--------------------------------------------------------------------------------
23:01:06.688 [main] INFO net.serenitybdd.core.webdriver.driverproviders.ChromeDriverProvider - Starting Chrome driver instance with capabilities:
23:01:06.688 [main] INFO net.serenitybdd.core.webdriver.driverproviders.ChromeDriverProvider - Capabilities {acceptInsecureCerts: false, browserName: chrome, goog:chromeOptions: {args: [remote-allow-origins=*], extensions: []}}
23:01:07.689 [AsyncHttpClient-1-8] DEBUG org.asynchttpclient.netty.channel.NettyConnectListener - Using new Channel '[id: 0x441c9d48, L:/127.0.0.1:54646 - R:localhost/127.0.0.1:14385]' for 'POST' to '/session'
23:01:08.254 [AsyncHttpClient-1-8] DEBUG org.asynchttpclient.netty.handler.HttpHandler - 

Request DefaultHttpRequest(decodeResult: success, version: HTTP/1.1)
POST /session HTTP/1.1
User-Agent: selenium/4.8.1 (java windows)
Content-Length: 507
Content-Type: application/json; charset=utf-8
host: localhost:14385
accept: */*

Response DefaultHttpResponse(decodeResult: success, version: HTTP/1.1)
HTTP/1.1 200 OK
Content-Length: 861
Content-Type: application/json; charset=utf-8
cache-control: no-cache

23:01:08.254 [AsyncHttpClient-1-8] DEBUG org.asynchttpclient.netty.channel.ChannelManager - Adding key: http://localhost:14385 for channel [id: 0x441c9d48, L:/127.0.0.1:54646 - R:localhost/127.0.0.1:14385]
23:01:08.259 [AsyncHttpClient-1-9] DEBUG org.asynchttpclient.netty.channel.NettyConnectListener - Using new Channel '[id: 0x3f86d25d, L:/127.0.0.1:54653 - R:localhost/127.0.0.1:54647]' for 'GET' to '/json/version'
23:01:08.260 [AsyncHttpClient-1-9] DEBUG org.asynchttpclient.netty.handler.HttpHandler - 

Request DefaultFullHttpRequest(decodeResult: success, version: HTTP/1.1, content: EmptyByteBufBE)
GET /json/version HTTP/1.1
User-Agent: selenium/4.8.1 (java windows)
host: localhost:54647
accept: */*

Response DefaultHttpResponse(decodeResult: success, version: HTTP/1.1)
HTTP/1.1 200 OK
Content-Security-Policy: frame-ancestors 'none'
Content-Length: 422
Content-Type: application/json; charset=UTF-8

23:01:08.260 [AsyncHttpClient-1-9] DEBUG org.asynchttpclient.netty.channel.ChannelManager - Adding key: http://localhost:54647 for channel [id: 0x3f86d25d, L:/127.0.0.1:54653 - R:localhost/127.0.0.1:54647]
23:01:08.261 [AsyncHttpClient-1-10] DEBUG org.asynchttpclient.netty.channel.NettyConnectListener - Using new Channel '[id: 0xa7ec1469, L:/127.0.0.1:54654 - R:localhost/127.0.0.1:54647]' for 'GET' to '/devtools/browser/b47fde08-ba19-4615-99cf-5680259d60e3'
23:01:08.262 [AsyncHttpClient-1-10] DEBUG org.asynchttpclient.netty.handler.WebSocketHandler - 

Request DefaultFullHttpRequest(decodeResult: success, version: HTTP/1.1, content: EmptyByteBufBE)
GET /devtools/browser/b47fde08-ba19-4615-99cf-5680259d60e3 HTTP/1.1
upgrade: websocket
connection: upgrade
sec-websocket-key: ivdR8TnkozL0CC/9c59R3w==
sec-websocket-version: 13
origin: http://localhost:54647
host: localhost:54647
accept: */*
user-agent: AHC/2.1

Response DefaultHttpResponse(decodeResult: success, version: HTTP/1.1)
HTTP/1.1 101 WebSocket Protocol Handshake
Upgrade: WebSocket
Connection: Upgrade
Sec-WebSocket-Accept: U9sZVmKnovaJojp0V+dUaVC4vDQ=

23:01:08.264 [Forwarding get on session 0ecc78274e4af44106a75067af739127 to remote] DEBUG org.asynchttpclient.netty.request.NettyRequestSender - Using pooled Channel '[id: 0x441c9d48, L:/127.0.0.1:54646 - R:localhost/127.0.0.1:14385]' for 'POST' to 'http://localhost:14385/session/0ecc78274e4af44106a75067af739127/url'
23:01:08.264 [Forwarding get on session 0ecc78274e4af44106a75067af739127 to remote] DEBUG org.asynchttpclient.netty.request.NettyRequestSender - Using open Channel [id: 0x441c9d48, L:/127.0.0.1:54646 - R:localhost/127.0.0.1:14385] for POST '/session/0ecc78274e4af44106a75067af739127/url'
23:01:08.605 [AsyncHttpClient-1-1] DEBUG org.asynchttpclient.netty.channel.DefaultChannelPool - Entry count for : http://localhost:54647 : 1
23:01:09.697 [AsyncHttpClient-1-1] DEBUG org.asynchttpclient.netty.channel.DefaultChannelPool - Entry count for : http://localhost:54647 : 1
23:01:10.800 [AsyncHttpClient-1-1] DEBUG org.asynchttpclient.netty.channel.DefaultChannelPool - Entry count for : http://localhost:54647 : 1
23:01:11.898 [AsyncHttpClient-1-1] DEBUG org.asynchttpclient.netty.channel.DefaultChannelPool - Entry count for : http://localhost:54647 : 1
23:01:12.998 [AsyncHttpClient-1-1] DEBUG org.asynchttpclient.netty.channel.DefaultChannelPool - Entry count for : http://localhost:54647 : 1
23:01:13.467 [AsyncHttpClient-1-8] DEBUG org.asynchttpclient.netty.handler.HttpHandler - 

Request DefaultHttpRequest(decodeResult: success, version: HTTP/1.1)
POST /session/0ecc78274e4af44106a75067af739127/url HTTP/1.1
User-Agent: selenium/4.8.1 (java windows)
Content-Length: 53
Content-Type: application/json; charset=utf-8
host: localhost:14385
accept: */*

Response DefaultHttpResponse(decodeResult: success, version: HTTP/1.1)
HTTP/1.1 200 OK
Content-Length: 14
Content-Type: application/json; charset=utf-8
cache-control: no-cache

23:01:13.468 [AsyncHttpClient-1-8] DEBUG org.asynchttpclient.netty.channel.ChannelManager - Adding key: http://localhost:14385 for channel [id: 0x441c9d48, L:/127.0.0.1:54646 - R:localhost/127.0.0.1:14385]
23:01:13.469 [Forwarding setTimeout on session 0ecc78274e4af44106a75067af739127 to remote] DEBUG org.asynchttpclient.netty.request.NettyRequestSender - Using pooled Channel '[id: 0x441c9d48, L:/127.0.0.1:54646 - R:localhost/127.0.0.1:14385]' for 'POST' to 'http://localhost:14385/session/0ecc78274e4af44106a75067af739127/timeouts'
23:01:13.469 [Forwarding setTimeout on session 0ecc78274e4af44106a75067af739127 to remote] DEBUG org.asynchttpclient.netty.request.NettyRequestSender - Using open Channel [id: 0x441c9d48, L:/127.0.0.1:54646 - R:localhost/127.0.0.1:14385] for POST '/session/0ecc78274e4af44106a75067af739127/timeouts'
23:01:13.470 [AsyncHttpClient-1-8] DEBUG org.asynchttpclient.netty.handler.HttpHandler - 

Request DefaultHttpRequest(decodeResult: success, version: HTTP/1.1)
POST /session/0ecc78274e4af44106a75067af739127/timeouts HTTP/1.1
User-Agent: selenium/4.8.1 (java windows)
Content-Length: 22
Content-Type: application/json; charset=utf-8
host: localhost:14385
accept: */*

Response DefaultHttpResponse(decodeResult: success, version: HTTP/1.1)
HTTP/1.1 200 OK
Content-Length: 14
Content-Type: application/json; charset=utf-8
cache-control: no-cache

23:01:13.471 [AsyncHttpClient-1-8] DEBUG org.asynchttpclient.netty.channel.ChannelManager - Adding key: http://localhost:14385 for channel [id: 0x441c9d48, L:/127.0.0.1:54646 - R:localhost/127.0.0.1:14385]
  &amp#27;[32mGiven &amp#27;[0m&amp#27;[32mI am on the home page&amp#27;[0m                 &amp#27;[90m# starter.stepdefinitions.HomepageSteps.onTheHomePage()&amp#27;[0m
23:01:13.483 [Forwarding getAlertText on session 0ecc78274e4af44106a75067af739127 to remote] DEBUG org.asynchttpclient.netty.request.NettyRequestSender - Using pooled Channel '[id: 0x441c9d48, L:/127.0.0.1:54646 - R:localhost/127.0.0.1:14385]' for 'GET' to 'http://localhost:14385/session/0ecc78274e4af44106a75067af739127/alert/text'
23:01:13.483 [Forwarding getAlertText on session 0ecc78274e4af44106a75067af739127 to remote] DEBUG org.asynchttpclient.netty.request.NettyRequestSender - Using open Channel [id: 0x441c9d48, L:/127.0.0.1:54646 - R:localhost/127.0.0.1:14385] for GET '/session/0ecc78274e4af44106a75067af739127/alert/text'
23:01:13.486 [AsyncHttpClient-1-8] DEBUG org.asynchttpclient.netty.handler.HttpHandler - 

Request DefaultFullHttpRequest(decodeResult: success, version: HTTP/1.1, content: EmptyByteBufBE)
GET /session/0ecc78274e4af44106a75067af739127/alert/text HTTP/1.1
User-Agent: selenium/4.8.1 (java windows)
Cache-Control: no-cache
Content-Type: application/json; charset=utf-8
host: localhost:14385
accept: */*

Response DefaultHttpResponse(decodeResult: success, version: HTTP/1.1)
HTTP/1.1 404 Not Found
Content-Length: 820
Content-Type: application/json; charset=utf-8
cache-control: no-cache

23:01:13.486 [AsyncHttpClient-1-8] DEBUG org.asynchttpclient.netty.channel.ChannelManager - Adding key: http://localhost:14385 for channel [id: 0x441c9d48, L:/127.0.0.1:54646 - R:localhost/127.0.0.1:14385]
23:01:13.488 [Forwarding getCurrentUrl on session 0ecc78274e4af44106a75067af739127 to remote] DEBUG org.asynchttpclient.netty.request.NettyRequestSender - Using pooled Channel '[id: 0x441c9d48, L:/127.0.0.1:54646 - R:localhost/127.0.0.1:14385]' for 'GET' to 'http://localhost:14385/session/0ecc78274e4af44106a75067af739127/url'
23:01:13.488 [Forwarding getCurrentUrl on session 0ecc78274e4af44106a75067af739127 to remote] DEBUG org.asynchttpclient.netty.request.NettyRequestSender - Using open Channel [id: 0x441c9d48, L:/127.0.0.1:54646 - R:localhost/127.0.0.1:14385] for GET '/session/0ecc78274e4af44106a75067af739127/url'
23:01:13.502 [AsyncHttpClient-1-8] DEBUG org.asynchttpclient.netty.handler.HttpHandler - 

Request DefaultFullHttpRequest(decodeResult: success, version: HTTP/1.1, content: EmptyByteBufBE)
GET /session/0ecc78274e4af44106a75067af739127/url HTTP/1.1
User-Agent: selenium/4.8.1 (java windows)
Cache-Control: no-cache
Content-Type: application/json; charset=utf-8
host: localhost:14385
accept: */*

Response DefaultHttpResponse(decodeResult: success, version: HTTP/1.1)
HTTP/1.1 200 OK
Content-Length: 41
Content-Type: application/json; charset=utf-8
cache-control: no-cache

23:01:13.502 [AsyncHttpClient-1-8] DEBUG org.asynchttpclient.netty.channel.ChannelManager - Adding key: http://localhost:14385 for channel [id: 0x441c9d48, L:/127.0.0.1:54646 - R:localhost/127.0.0.1:14385]
23:01:13.503 [Forwarding screenshot on session 0ecc78274e4af44106a75067af739127 to remote] DEBUG org.asynchttpclient.netty.request.NettyRequestSender - Using pooled Channel '[id: 0x441c9d48, L:/127.0.0.1:54646 - R:localhost/127.0.0.1:14385]' for 'GET' to 'http://localhost:14385/session/0ecc78274e4af44106a75067af739127/screenshot'
23:01:13.503 [Forwarding screenshot on session 0ecc78274e4af44106a75067af739127 to remote] DEBUG org.asynchttpclient.netty.request.NettyRequestSender - Using open Channel [id: 0x441c9d48, L:/127.0.0.1:54646 - R:localhost/127.0.0.1:14385] for GET '/session/0ecc78274e4af44106a75067af739127/screenshot'
23:01:13.690 [AsyncHttpClient-1-8] DEBUG org.asynchttpclient.netty.handler.HttpHandler - 

Request DefaultFullHttpRequest(decodeResult: success, version: HTTP/1.1, content: EmptyByteBufBE)
GET /session/0ecc78274e4af44106a75067af739127/screenshot HTTP/1.1
User-Agent: selenium/4.8.1 (java windows)
Cache-Control: no-cache
Content-Type: application/json; charset=utf-8
host: localhost:14385
accept: */*

Response DefaultHttpResponse(decodeResult: success, version: HTTP/1.1)
HTTP/1.1 200 OK
Content-Length: 93224
Content-Type: application/json; charset=utf-8
cache-control: no-cache

23:01:13.690 [AsyncHttpClient-1-8] DEBUG org.asynchttpclient.netty.channel.ChannelManager - Adding key: http://localhost:14385 for channel [id: 0x441c9d48, L:/127.0.0.1:54646 - R:localhost/127.0.0.1:14385]
23:01:13.693 [main] DEBUG net.serenitybdd.core.photography.Darkroom - Send negative for processing for target\site\serenity\eae70e0d31e8e8b85ce659fe0365ca28c24246a1bf9d3b50a76ae0889116b9f5.png
23:01:13.696 [Forwarding getPageSource on session 0ecc78274e4af44106a75067af739127 to remote] DEBUG org.asynchttpclient.netty.request.NettyRequestSender - Using pooled Channel '[id: 0x441c9d48, L:/127.0.0.1:54646 - R:localhost/127.0.0.1:14385]' for 'POST' to 'http://localhost:14385/session/0ecc78274e4af44106a75067af739127/execute/sync'
23:01:13.696 [Forwarding getPageSource on session 0ecc78274e4af44106a75067af739127 to remote] DEBUG org.asynchttpclient.netty.request.NettyRequestSender - Using open Channel [id: 0x441c9d48, L:/127.0.0.1:54646 - R:localhost/127.0.0.1:14385] for POST '/session/0ecc78274e4af44106a75067af739127/execute/sync'
23:01:13.747 [AsyncHttpClient-1-8] DEBUG org.asynchttpclient.netty.handler.HttpHandler - 

Request DefaultHttpRequest(decodeResult: success, version: HTTP/1.1)
POST /session/0ecc78274e4af44106a75067af739127/execute/sync HTTP/1.1
User-Agent: selenium/4.8.1 (java windows)
Content-Length: 176
Content-Type: application/json; charset=utf-8
host: localhost:14385
accept: */*

Response DefaultHttpResponse(decodeResult: success, version: HTTP/1.1)
HTTP/1.1 200 OK
Content-Length: 816995
Content-Type: application/json; charset=utf-8
cache-control: no-cache

23:01:13.748 [AsyncHttpClient-1-8] DEBUG org.asynchttpclient.netty.channel.ChannelManager - Adding key: http://localhost:14385 for channel [id: 0x441c9d48, L:/127.0.0.1:54646 - R:localhost/127.0.0.1:14385]
23:01:13.834 [Forwarding getCurrentUrl on session 0ecc78274e4af44106a75067af739127 to remote] DEBUG org.asynchttpclient.netty.request.NettyRequestSender - Using pooled Channel '[id: 0x441c9d48, L:/127.0.0.1:54646 - R:localhost/127.0.0.1:14385]' for 'GET' to 'http://localhost:14385/session/0ecc78274e4af44106a75067af739127/url'
23:01:13.834 [Forwarding getCurrentUrl on session 0ecc78274e4af44106a75067af739127 to remote] DEBUG org.asynchttpclient.netty.request.NettyRequestSender - Using open Channel [id: 0x441c9d48, L:/127.0.0.1:54646 - R:localhost/127.0.0.1:14385] for GET '/session/0ecc78274e4af44106a75067af739127/url'
23:01:13.841 [AsyncHttpClient-1-8] DEBUG org.asynchttpclient.netty.handler.HttpHandler - 

Request DefaultFullHttpRequest(decodeResult: success, version: HTTP/1.1, content: EmptyByteBufBE)
GET /session/0ecc78274e4af44106a75067af739127/url HTTP/1.1
User-Agent: selenium/4.8.1 (java windows)
Cache-Control: no-cache
Content-Type: application/json; charset=utf-8
host: localhost:14385
accept: */*

Response DefaultHttpResponse(decodeResult: success, version: HTTP/1.1)
HTTP/1.1 200 OK
Content-Length: 41
Content-Type: application/json; charset=utf-8
cache-control: no-cache

23:01:13.841 [AsyncHttpClient-1-8] DEBUG org.asynchttpclient.netty.channel.ChannelManager - Adding key: http://localhost:14385 for channel [id: 0x441c9d48, L:/127.0.0.1:54646 - R:localhost/127.0.0.1:14385]
23:01:13.850 [Forwarding getAlertText on session 0ecc78274e4af44106a75067af739127 to remote] DEBUG org.asynchttpclient.netty.request.NettyRequestSender - Using pooled Channel '[id: 0x441c9d48, L:/127.0.0.1:54646 - R:localhost/127.0.0.1:14385]' for 'GET' to 'http://localhost:14385/session/0ecc78274e4af44106a75067af739127/alert/text'
23:01:13.850 [Forwarding getAlertText on session 0ecc78274e4af44106a75067af739127 to remote] DEBUG org.asynchttpclient.netty.request.NettyRequestSender - Using open Channel [id: 0x441c9d48, L:/127.0.0.1:54646 - R:localhost/127.0.0.1:14385] for GET '/session/0ecc78274e4af44106a75067af739127/alert/text'
23:01:13.852 [AsyncHttpClient-1-8] DEBUG org.asynchttpclient.netty.handler.HttpHandler - 

Request DefaultFullHttpRequest(decodeResult: success, version: HTTP/1.1, content: EmptyByteBufBE)
GET /session/0ecc78274e4af44106a75067af739127/alert/text HTTP/1.1
User-Agent: selenium/4.8.1 (java windows)
Cache-Control: no-cache
Content-Type: application/json; charset=utf-8
host: localhost:14385
accept: */*

Response DefaultHttpResponse(decodeResult: success, version: HTTP/1.1)
HTTP/1.1 404 Not Found
Content-Length: 820
Content-Type: application/json; charset=utf-8
cache-control: no-cache

23:01:13.852 [AsyncHttpClient-1-8] DEBUG org.asynchttpclient.netty.channel.ChannelManager - Adding key: http://localhost:14385 for channel [id: 0x441c9d48, L:/127.0.0.1:54646 - R:localhost/127.0.0.1:14385]
23:01:13.853 [Forwarding getCurrentUrl on session 0ecc78274e4af44106a75067af739127 to remote] DEBUG org.asynchttpclient.netty.request.NettyRequestSender - Using pooled Channel '[id: 0x441c9d48, L:/127.0.0.1:54646 - R:localhost/127.0.0.1:14385]' for 'GET' to 'http://localhost:14385/session/0ecc78274e4af44106a75067af739127/url'
23:01:13.853 [Forwarding getCurrentUrl on session 0ecc78274e4af44106a75067af739127 to remote] DEBUG org.asynchttpclient.netty.request.NettyRequestSender - Using open Channel [id: 0x441c9d48, L:/127.0.0.1:54646 - R:localhost/127.0.0.1:14385] for GET '/session/0ecc78274e4af44106a75067af739127/url'
23:01:13.860 [AsyncHttpClient-1-8] DEBUG org.asynchttpclient.netty.handler.HttpHandler - 

Request DefaultFullHttpRequest(decodeResult: success, version: HTTP/1.1, content: EmptyByteBufBE)
GET /session/0ecc78274e4af44106a75067af739127/url HTTP/1.1
User-Agent: selenium/4.8.1 (java windows)
Cache-Control: no-cache
Content-Type: application/json; charset=utf-8
host: localhost:14385
accept: */*

Response DefaultHttpResponse(decodeResult: success, version: HTTP/1.1)
HTTP/1.1 200 OK
Content-Length: 41
Content-Type: application/json; charset=utf-8
cache-control: no-cache

23:01:13.860 [AsyncHttpClient-1-8] DEBUG org.asynchttpclient.netty.channel.ChannelManager - Adding key: http://localhost:14385 for channel [id: 0x441c9d48, L:/127.0.0.1:54646 - R:localhost/127.0.0.1:14385]
23:01:13.860 [Forwarding screenshot on session 0ecc78274e4af44106a75067af739127 to remote] DEBUG org.asynchttpclient.netty.request.NettyRequestSender - Using pooled Channel '[id: 0x441c9d48, L:/127.0.0.1:54646 - R:localhost/127.0.0.1:14385]' for 'GET' to 'http://localhost:14385/session/0ecc78274e4af44106a75067af739127/screenshot'
23:01:13.860 [Forwarding screenshot on session 0ecc78274e4af44106a75067af739127 to remote] DEBUG org.asynchttpclient.netty.request.NettyRequestSender - Using open Channel [id: 0x441c9d48, L:/127.0.0.1:54646 - R:localhost/127.0.0.1:14385] for GET '/session/0ecc78274e4af44106a75067af739127/screenshot'
23:01:13.974 [AsyncHttpClient-1-8] DEBUG org.asynchttpclient.netty.handler.HttpHandler - 

Request DefaultFullHttpRequest(decodeResult: success, version: HTTP/1.1, content: EmptyByteBufBE)
GET /session/0ecc78274e4af44106a75067af739127/screenshot HTTP/1.1
User-Agent: selenium/4.8.1 (java windows)
Cache-Control: no-cache
Content-Type: application/json; charset=utf-8
host: localhost:14385
accept: */*

Response DefaultHttpResponse(decodeResult: success, version: HTTP/1.1)
HTTP/1.1 200 OK
Content-Length: 93224
Content-Type: application/json; charset=utf-8
cache-control: no-cache

23:01:13.974 [AsyncHttpClient-1-8] DEBUG org.asynchttpclient.netty.channel.ChannelManager - Adding key: http://localhost:14385 for channel [id: 0x441c9d48, L:/127.0.0.1:54646 - R:localhost/127.0.0.1:14385]
23:01:13.977 [main] DEBUG net.serenitybdd.core.photography.Darkroom - Send negative for processing for target\site\serenity\eae70e0d31e8e8b85ce659fe0365ca28c24246a1bf9d3b50a76ae0889116b9f5.png
23:01:13.979 [Forwarding getPageSource on session 0ecc78274e4af44106a75067af739127 to remote] DEBUG org.asynchttpclient.netty.request.NettyRequestSender - Using pooled Channel '[id: 0x441c9d48, L:/127.0.0.1:54646 - R:localhost/127.0.0.1:14385]' for 'POST' to 'http://localhost:14385/session/0ecc78274e4af44106a75067af739127/execute/sync'
23:01:13.979 [Forwarding getPageSource on session 0ecc78274e4af44106a75067af739127 to remote] DEBUG org.asynchttpclient.netty.request.NettyRequestSender - Using open Channel [id: 0x441c9d48, L:/127.0.0.1:54646 - R:localhost/127.0.0.1:14385] for POST '/session/0ecc78274e4af44106a75067af739127/execute/sync'
23:01:14.064 [AsyncHttpClient-1-8] DEBUG org.asynchttpclient.netty.handler.HttpHandler - 

Request DefaultHttpRequest(decodeResult: success, version: HTTP/1.1)
POST /session/0ecc78274e4af44106a75067af739127/execute/sync HTTP/1.1
User-Agent: selenium/4.8.1 (java windows)
Content-Length: 176
Content-Type: application/json; charset=utf-8
host: localhost:14385
accept: */*

Response DefaultHttpResponse(decodeResult: success, version: HTTP/1.1)
HTTP/1.1 200 OK
Content-Length: 816995
Content-Type: application/json; charset=utf-8
cache-control: no-cache

23:01:14.065 [AsyncHttpClient-1-8] DEBUG org.asynchttpclient.netty.channel.ChannelManager - Adding key: http://localhost:14385 for channel [id: 0x441c9d48, L:/127.0.0.1:54646 - R:localhost/127.0.0.1:14385]
23:01:14.097 [AsyncHttpClient-1-1] DEBUG org.asynchttpclient.netty.channel.DefaultChannelPool - Entry count for : http://localhost:14385 : 1
23:01:14.097 [AsyncHttpClient-1-1] DEBUG org.asynchttpclient.netty.channel.DefaultChannelPool - Entry count for : http://localhost:54647 : 1
23:01:14.235 [Forwarding getCurrentUrl on session 0ecc78274e4af44106a75067af739127 to remote] DEBUG org.asynchttpclient.netty.request.NettyRequestSender - Using pooled Channel '[id: 0x441c9d48, L:/127.0.0.1:54646 - R:localhost/127.0.0.1:14385]' for 'GET' to 'http://localhost:14385/session/0ecc78274e4af44106a75067af739127/url'
23:01:14.235 [Forwarding getCurrentUrl on session 0ecc78274e4af44106a75067af739127 to remote] DEBUG org.asynchttpclient.netty.request.NettyRequestSender - Using open Channel [id: 0x441c9d48, L:/127.0.0.1:54646 - R:localhost/127.0.0.1:14385] for GET '/session/0ecc78274e4af44106a75067af739127/url'
23:01:14.243 [AsyncHttpClient-1-8] DEBUG org.asynchttpclient.netty.handler.HttpHandler - 

Request DefaultFullHttpRequest(decodeResult: success, version: HTTP/1.1, content: EmptyByteBufBE)
GET /session/0ecc78274e4af44106a75067af739127/url HTTP/1.1
User-Agent: selenium/4.8.1 (java windows)
Cache-Control: no-cache
Content-Type: application/json; charset=utf-8
host: localhost:14385
accept: */*

Response DefaultHttpResponse(decodeResult: success, version: HTTP/1.1)
HTTP/1.1 200 OK
Content-Length: 41
Content-Type: application/json; charset=utf-8
cache-control: no-cache

23:01:14.243 [AsyncHttpClient-1-8] DEBUG org.asynchttpclient.netty.channel.ChannelManager - Adding key: http://localhost:14385 for channel [id: 0x441c9d48, L:/127.0.0.1:54646 - R:localhost/127.0.0.1:14385]
23:01:14.245 [main] DEBUG net.thucydides.core.steps.StepInterceptor - STARTING STEP: HomepageSteps.chooseTheProduct - chooseProduct
23:01:14.247 [Forwarding findElement on session 0ecc78274e4af44106a75067af739127 to remote] DEBUG org.asynchttpclient.netty.request.NettyRequestSender - Using pooled Channel '[id: 0x441c9d48, L:/127.0.0.1:54646 - R:localhost/127.0.0.1:14385]' for 'POST' to 'http://localhost:14385/session/0ecc78274e4af44106a75067af739127/element'
23:01:14.247 [Forwarding findElement on session 0ecc78274e4af44106a75067af739127 to remote] DEBUG org.asynchttpclient.netty.request.NettyRequestSender - Using open Channel [id: 0x441c9d48, L:/127.0.0.1:54646 - R:localhost/127.0.0.1:14385] for POST '/session/0ecc78274e4af44106a75067af739127/element'
23:01:14.263 [AsyncHttpClient-1-8] DEBUG org.asynchttpclient.netty.handler.HttpHandler - 

Request DefaultHttpRequest(decodeResult: success, version: HTTP/1.1)
POST /session/0ecc78274e4af44106a75067af739127/element HTTP/1.1
User-Agent: selenium/4.8.1 (java windows)
Content-Length: 54
Content-Type: application/json; charset=utf-8
host: localhost:14385
accept: */*

Response DefaultHttpResponse(decodeResult: success, version: HTTP/1.1)
HTTP/1.1 200 OK
Content-Length: 94
Content-Type: application/json; charset=utf-8
cache-control: no-cache

23:01:14.263 [AsyncHttpClient-1-8] DEBUG org.asynchttpclient.netty.channel.ChannelManager - Adding key: http://localhost:14385 for channel [id: 0x441c9d48, L:/127.0.0.1:54646 - R:localhost/127.0.0.1:14385]
23:01:14.266 [Forwarding isElementDisplayed on session 0ecc78274e4af44106a75067af739127 to remote] DEBUG org.asynchttpclient.netty.request.NettyRequestSender - Using pooled Channel '[id: 0x441c9d48, L:/127.0.0.1:54646 - R:localhost/127.0.0.1:14385]' for 'POST' to 'http://localhost:14385/session/0ecc78274e4af44106a75067af739127/execute/sync'
23:01:14.266 [Forwarding isElementDisplayed on session 0ecc78274e4af44106a75067af739127 to remote] DEBUG org.asynchttpclient.netty.request.NettyRequestSender - Using open Channel [id: 0x441c9d48, L:/127.0.0.1:54646 - R:localhost/127.0.0.1:14385] for POST '/session/0ecc78274e4af44106a75067af739127/execute/sync'
23:01:14.287 [AsyncHttpClient-1-8] DEBUG org.asynchttpclient.netty.handler.HttpHandler - 

Request DefaultHttpRequest(decodeResult: success, version: HTTP/1.1)
POST /session/0ecc78274e4af44106a75067af739127/execute/sync HTTP/1.1
User-Agent: selenium/4.8.1 (java windows)
Content-Length: 48813
Content-Type: application/json; charset=utf-8
host: localhost:14385
accept: */*

Response DefaultHttpResponse(decodeResult: success, version: HTTP/1.1)
HTTP/1.1 200 OK
Content-Length: 14
Content-Type: application/json; charset=utf-8
cache-control: no-cache

23:01:14.287 [AsyncHttpClient-1-8] DEBUG org.asynchttpclient.netty.channel.ChannelManager - Adding key: http://localhost:14385 for channel [id: 0x441c9d48, L:/127.0.0.1:54646 - R:localhost/127.0.0.1:14385]
23:01:14.293 [Forwarding getAlertText on session 0ecc78274e4af44106a75067af739127 to remote] DEBUG org.asynchttpclient.netty.request.NettyRequestSender - Using pooled Channel '[id: 0x441c9d48, L:/127.0.0.1:54646 - R:localhost/127.0.0.1:14385]' for 'GET' to 'http://localhost:14385/session/0ecc78274e4af44106a75067af739127/alert/text'
23:01:14.293 [Forwarding getAlertText on session 0ecc78274e4af44106a75067af739127 to remote] DEBUG org.asynchttpclient.netty.request.NettyRequestSender - Using open Channel [id: 0x441c9d48, L:/127.0.0.1:54646 - R:localhost/127.0.0.1:14385] for GET '/session/0ecc78274e4af44106a75067af739127/alert/text'
23:01:14.295 [AsyncHttpClient-1-8] DEBUG org.asynchttpclient.netty.handler.HttpHandler - 

Request DefaultFullHttpRequest(decodeResult: success, version: HTTP/1.1, content: EmptyByteBufBE)
GET /session/0ecc78274e4af44106a75067af739127/alert/text HTTP/1.1
User-Agent: selenium/4.8.1 (java windows)
Cache-Control: no-cache
Content-Type: application/json; charset=utf-8
host: localhost:14385
accept: */*

Response DefaultHttpResponse(decodeResult: success, version: HTTP/1.1)
HTTP/1.1 404 Not Found
Content-Length: 820
Content-Type: application/json; charset=utf-8
cache-control: no-cache

23:01:14.295 [AsyncHttpClient-1-8] DEBUG org.asynchttpclient.netty.channel.ChannelManager - Adding key: http://localhost:14385 for channel [id: 0x441c9d48, L:/127.0.0.1:54646 - R:localhost/127.0.0.1:14385]
23:01:14.297 [Forwarding getCurrentUrl on session 0ecc78274e4af44106a75067af739127 to remote] DEBUG org.asynchttpclient.netty.request.NettyRequestSender - Using pooled Channel '[id: 0x441c9d48, L:/127.0.0.1:54646 - R:localhost/127.0.0.1:14385]' for 'GET' to 'http://localhost:14385/session/0ecc78274e4af44106a75067af739127/url'
23:01:14.297 [Forwarding getCurrentUrl on session 0ecc78274e4af44106a75067af739127 to remote] DEBUG org.asynchttpclient.netty.request.NettyRequestSender - Using open Channel [id: 0x441c9d48, L:/127.0.0.1:54646 - R:localhost/127.0.0.1:14385] for GET '/session/0ecc78274e4af44106a75067af739127/url'
23:01:14.304 [AsyncHttpClient-1-8] DEBUG org.asynchttpclient.netty.handler.HttpHandler - 

Request DefaultFullHttpRequest(decodeResult: success, version: HTTP/1.1, content: EmptyByteBufBE)
GET /session/0ecc78274e4af44106a75067af739127/url HTTP/1.1
User-Agent: selenium/4.8.1 (java windows)
Cache-Control: no-cache
Content-Type: application/json; charset=utf-8
host: localhost:14385
accept: */*

Response DefaultHttpResponse(decodeResult: success, version: HTTP/1.1)
HTTP/1.1 200 OK
Content-Length: 41
Content-Type: application/json; charset=utf-8
cache-control: no-cache

23:01:14.304 [AsyncHttpClient-1-8] DEBUG org.asynchttpclient.netty.channel.ChannelManager - Adding key: http://localhost:14385 for channel [id: 0x441c9d48, L:/127.0.0.1:54646 - R:localhost/127.0.0.1:14385]
23:01:14.305 [Forwarding screenshot on session 0ecc78274e4af44106a75067af739127 to remote] DEBUG org.asynchttpclient.netty.request.NettyRequestSender - Using pooled Channel '[id: 0x441c9d48, L:/127.0.0.1:54646 - R:localhost/127.0.0.1:14385]' for 'GET' to 'http://localhost:14385/session/0ecc78274e4af44106a75067af739127/screenshot'
23:01:14.305 [Forwarding screenshot on session 0ecc78274e4af44106a75067af739127 to remote] DEBUG org.asynchttpclient.netty.request.NettyRequestSender - Using open Channel [id: 0x441c9d48, L:/127.0.0.1:54646 - R:localhost/127.0.0.1:14385] for GET '/session/0ecc78274e4af44106a75067af739127/screenshot'
23:01:14.400 [AsyncHttpClient-1-8] DEBUG org.asynchttpclient.netty.handler.HttpHandler - 

Request DefaultFullHttpRequest(decodeResult: success, version: HTTP/1.1, content: EmptyByteBufBE)
GET /session/0ecc78274e4af44106a75067af739127/screenshot HTTP/1.1
User-Agent: selenium/4.8.1 (java windows)
Cache-Control: no-cache
Content-Type: application/json; charset=utf-8
host: localhost:14385
accept: */*

Response DefaultHttpResponse(decodeResult: success, version: HTTP/1.1)
HTTP/1.1 200 OK
Content-Length: 93224
Content-Type: application/json; charset=utf-8
cache-control: no-cache

23:01:14.402 [AsyncHttpClient-1-8] DEBUG org.asynchttpclient.netty.channel.ChannelManager - Adding key: http://localhost:14385 for channel [id: 0x441c9d48, L:/127.0.0.1:54646 - R:localhost/127.0.0.1:14385]
23:01:14.405 [main] DEBUG net.serenitybdd.core.photography.Darkroom - Send negative for processing for target\site\serenity\eae70e0d31e8e8b85ce659fe0365ca28c24246a1bf9d3b50a76ae0889116b9f5.png
23:01:14.405 [main] DEBUG net.thucydides.core.steps.StepInterceptor - STEP DONE: chooseProduct
  &amp#27;[32mWhen &amp#27;[0m&amp#27;[32mI choose the product&amp#27;[0m                   &amp#27;[90m# starter.stepdefinitions.HomepageSteps.chooseTheProduct()&amp#27;[0m
23:01:14.410 [Forwarding getPageSource on session 0ecc78274e4af44106a75067af739127 to remote] DEBUG org.asynchttpclient.netty.request.NettyRequestSender - Using pooled Channel '[id: 0x441c9d48, L:/127.0.0.1:54646 - R:localhost/127.0.0.1:14385]' for 'POST' to 'http://localhost:14385/session/0ecc78274e4af44106a75067af739127/execute/sync'
23:01:14.410 [Forwarding getPageSource on session 0ecc78274e4af44106a75067af739127 to remote] DEBUG org.asynchttpclient.netty.request.NettyRequestSender - Using open Channel [id: 0x441c9d48, L:/127.0.0.1:54646 - R:localhost/127.0.0.1:14385] for POST '/session/0ecc78274e4af44106a75067af739127/execute/sync'
23:01:14.477 [AsyncHttpClient-1-8] DEBUG org.asynchttpclient.netty.handler.HttpHandler - 

Request DefaultHttpRequest(decodeResult: success, version: HTTP/1.1)
POST /session/0ecc78274e4af44106a75067af739127/execute/sync HTTP/1.1
User-Agent: selenium/4.8.1 (java windows)
Content-Length: 176
Content-Type: application/json; charset=utf-8
host: localhost:14385
accept: */*

Response DefaultHttpResponse(decodeResult: success, version: HTTP/1.1)
HTTP/1.1 200 OK
Content-Length: 816995
Content-Type: application/json; charset=utf-8
cache-control: no-cache

23:01:14.478 [AsyncHttpClient-1-8] DEBUG org.asynchttpclient.netty.channel.ChannelManager - Adding key: http://localhost:14385 for channel [id: 0x441c9d48, L:/127.0.0.1:54646 - R:localhost/127.0.0.1:14385]
23:01:14.567 [Forwarding getCurrentUrl on session 0ecc78274e4af44106a75067af739127 to remote] DEBUG org.asynchttpclient.netty.request.NettyRequestSender - Using pooled Channel '[id: 0x441c9d48, L:/127.0.0.1:54646 - R:localhost/127.0.0.1:14385]' for 'GET' to 'http://localhost:14385/session/0ecc78274e4af44106a75067af739127/url'
23:01:14.567 [Forwarding getCurrentUrl on session 0ecc78274e4af44106a75067af739127 to remote] DEBUG org.asynchttpclient.netty.request.NettyRequestSender - Using open Channel [id: 0x441c9d48, L:/127.0.0.1:54646 - R:localhost/127.0.0.1:14385] for GET '/session/0ecc78274e4af44106a75067af739127/url'
23:01:14.573 [AsyncHttpClient-1-8] DEBUG org.asynchttpclient.netty.handler.HttpHandler - 

Request DefaultFullHttpRequest(decodeResult: success, version: HTTP/1.1, content: EmptyByteBufBE)
GET /session/0ecc78274e4af44106a75067af739127/url HTTP/1.1
User-Agent: selenium/4.8.1 (java windows)
Cache-Control: no-cache
Content-Type: application/json; charset=utf-8
host: localhost:14385
accept: */*

Response DefaultHttpResponse(decodeResult: success, version: HTTP/1.1)
HTTP/1.1 200 OK
Content-Length: 41
Content-Type: application/json; charset=utf-8
cache-control: no-cache

23:01:14.573 [AsyncHttpClient-1-8] DEBUG org.asynchttpclient.netty.channel.ChannelManager - Adding key: http://localhost:14385 for channel [id: 0x441c9d48, L:/127.0.0.1:54646 - R:localhost/127.0.0.1:14385]
23:01:14.581 [Forwarding getAlertText on session 0ecc78274e4af44106a75067af739127 to remote] DEBUG org.asynchttpclient.netty.request.NettyRequestSender - Using pooled Channel '[id: 0x441c9d48, L:/127.0.0.1:54646 - R:localhost/127.0.0.1:14385]' for 'GET' to 'http://localhost:14385/session/0ecc78274e4af44106a75067af739127/alert/text'
23:01:14.581 [Forwarding getAlertText on session 0ecc78274e4af44106a75067af739127 to remote] DEBUG org.asynchttpclient.netty.request.NettyRequestSender - Using open Channel [id: 0x441c9d48, L:/127.0.0.1:54646 - R:localhost/127.0.0.1:14385] for GET '/session/0ecc78274e4af44106a75067af739127/alert/text'
23:01:14.583 [AsyncHttpClient-1-8] DEBUG org.asynchttpclient.netty.handler.HttpHandler - 

Request DefaultFullHttpRequest(decodeResult: success, version: HTTP/1.1, content: EmptyByteBufBE)
GET /session/0ecc78274e4af44106a75067af739127/alert/text HTTP/1.1
User-Agent: selenium/4.8.1 (java windows)
Cache-Control: no-cache
Content-Type: application/json; charset=utf-8
host: localhost:14385
accept: */*

Response DefaultHttpResponse(decodeResult: success, version: HTTP/1.1)
HTTP/1.1 404 Not Found
Content-Length: 820
Content-Type: application/json; charset=utf-8
cache-control: no-cache

23:01:14.583 [AsyncHttpClient-1-8] DEBUG org.asynchttpclient.netty.channel.ChannelManager - Adding key: http://localhost:14385 for channel [id: 0x441c9d48, L:/127.0.0.1:54646 - R:localhost/127.0.0.1:14385]
23:01:14.583 [Forwarding getCurrentUrl on session 0ecc78274e4af44106a75067af739127 to remote] DEBUG org.asynchttpclient.netty.request.NettyRequestSender - Using pooled Channel '[id: 0x441c9d48, L:/127.0.0.1:54646 - R:localhost/127.0.0.1:14385]' for 'GET' to 'http://localhost:14385/session/0ecc78274e4af44106a75067af739127/url'
23:01:14.583 [Forwarding getCurrentUrl on session 0ecc78274e4af44106a75067af739127 to remote] DEBUG org.asynchttpclient.netty.request.NettyRequestSender - Using open Channel [id: 0x441c9d48, L:/127.0.0.1:54646 - R:localhost/127.0.0.1:14385] for GET '/session/0ecc78274e4af44106a75067af739127/url'
23:01:14.590 [AsyncHttpClient-1-8] DEBUG org.asynchttpclient.netty.handler.HttpHandler - 

Request DefaultFullHttpRequest(decodeResult: success, version: HTTP/1.1, content: EmptyByteBufBE)
GET /session/0ecc78274e4af44106a75067af739127/url HTTP/1.1
User-Agent: selenium/4.8.1 (java windows)
Cache-Control: no-cache
Content-Type: application/json; charset=utf-8
host: localhost:14385
accept: */*

Response DefaultHttpResponse(decodeResult: success, version: HTTP/1.1)
HTTP/1.1 200 OK
Content-Length: 41
Content-Type: application/json; charset=utf-8
cache-control: no-cache

23:01:14.590 [AsyncHttpClient-1-8] DEBUG org.asynchttpclient.netty.channel.ChannelManager - Adding key: http://localhost:14385 for channel [id: 0x441c9d48, L:/127.0.0.1:54646 - R:localhost/127.0.0.1:14385]
23:01:14.590 [Forwarding screenshot on session 0ecc78274e4af44106a75067af739127 to remote] DEBUG org.asynchttpclient.netty.request.NettyRequestSender - Using pooled Channel '[id: 0x441c9d48, L:/127.0.0.1:54646 - R:localhost/127.0.0.1:14385]' for 'GET' to 'http://localhost:14385/session/0ecc78274e4af44106a75067af739127/screenshot'
23:01:14.590 [Forwarding screenshot on session 0ecc78274e4af44106a75067af739127 to remote] DEBUG org.asynchttpclient.netty.request.NettyRequestSender - Using open Channel [id: 0x441c9d48, L:/127.0.0.1:54646 - R:localhost/127.0.0.1:14385] for GET '/session/0ecc78274e4af44106a75067af739127/screenshot'
23:01:14.700 [AsyncHttpClient-1-8] DEBUG org.asynchttpclient.netty.handler.HttpHandler - 

Request DefaultFullHttpRequest(decodeResult: success, version: HTTP/1.1, content: EmptyByteBufBE)
GET /session/0ecc78274e4af44106a75067af739127/screenshot HTTP/1.1
User-Agent: selenium/4.8.1 (java windows)
Cache-Control: no-cache
Content-Type: application/json; charset=utf-8
host: localhost:14385
accept: */*

Response DefaultHttpResponse(decodeResult: success, version: HTTP/1.1)
HTTP/1.1 200 OK
Content-Length: 93224
Content-Type: application/json; charset=utf-8
cache-control: no-cache

23:01:14.700 [AsyncHttpClient-1-8] DEBUG org.asynchttpclient.netty.channel.ChannelManager - Adding key: http://localhost:14385 for channel [id: 0x441c9d48, L:/127.0.0.1:54646 - R:localhost/127.0.0.1:14385]
23:01:14.704 [main] DEBUG net.serenitybdd.core.photography.Darkroom - Send negative for processing for target\site\serenity\eae70e0d31e8e8b85ce659fe0365ca28c24246a1bf9d3b50a76ae0889116b9f5.png
23:01:14.705 [Forwarding getPageSource on session 0ecc78274e4af44106a75067af739127 to remote] DEBUG org.asynchttpclient.netty.request.NettyRequestSender - Using pooled Channel '[id: 0x441c9d48, L:/127.0.0.1:54646 - R:localhost/127.0.0.1:14385]' for 'POST' to 'http://localhost:14385/session/0ecc78274e4af44106a75067af739127/execute/sync'
23:01:14.705 [Forwarding getPageSource on session 0ecc78274e4af44106a75067af739127 to remote] DEBUG org.asynchttpclient.netty.request.NettyRequestSender - Using open Channel [id: 0x441c9d48, L:/127.0.0.1:54646 - R:localhost/127.0.0.1:14385] for POST '/session/0ecc78274e4af44106a75067af739127/execute/sync'
23:01:14.769 [AsyncHttpClient-1-8] DEBUG org.asynchttpclient.netty.handler.HttpHandler - 

Request DefaultHttpRequest(decodeResult: success, version: HTTP/1.1)
POST /session/0ecc78274e4af44106a75067af739127/execute/sync HTTP/1.1
User-Agent: selenium/4.8.1 (java windows)
Content-Length: 176
Content-Type: application/json; charset=utf-8
host: localhost:14385
accept: */*

Response DefaultHttpResponse(decodeResult: success, version: HTTP/1.1)
HTTP/1.1 200 OK
Content-Length: 816995
Content-Type: application/json; charset=utf-8
cache-control: no-cache

23:01:14.769 [AsyncHttpClient-1-8] DEBUG org.asynchttpclient.netty.channel.ChannelManager - Adding key: http://localhost:14385 for channel [id: 0x441c9d48, L:/127.0.0.1:54646 - R:localhost/127.0.0.1:14385]
23:01:14.869 [Forwarding getCurrentUrl on session 0ecc78274e4af44106a75067af739127 to remote] DEBUG org.asynchttpclient.netty.request.NettyRequestSender - Using pooled Channel '[id: 0x441c9d48, L:/127.0.0.1:54646 - R:localhost/127.0.0.1:14385]' for 'GET' to 'http://localhost:14385/session/0ecc78274e4af44106a75067af739127/url'
23:01:14.869 [Forwarding getCurrentUrl on session 0ecc78274e4af44106a75067af739127 to remote] DEBUG org.asynchttpclient.netty.request.NettyRequestSender - Using open Channel [id: 0x441c9d48, L:/127.0.0.1:54646 - R:localhost/127.0.0.1:14385] for GET '/session/0ecc78274e4af44106a75067af739127/url'
23:01:14.876 [AsyncHttpClient-1-8] DEBUG org.asynchttpclient.netty.handler.HttpHandler - 

Request DefaultFullHttpRequest(decodeResult: success, version: HTTP/1.1, content: EmptyByteBufBE)
GET /session/0ecc78274e4af44106a75067af739127/url HTTP/1.1
User-Agent: selenium/4.8.1 (java windows)
Cache-Control: no-cache
Content-Type: application/json; charset=utf-8
host: localhost:14385
accept: */*

Response DefaultHttpResponse(decodeResult: success, version: HTTP/1.1)
HTTP/1.1 200 OK
Content-Length: 41
Content-Type: application/json; charset=utf-8
cache-control: no-cache

23:01:14.876 [AsyncHttpClient-1-8] DEBUG org.asynchttpclient.netty.channel.ChannelManager - Adding key: http://localhost:14385 for channel [id: 0x441c9d48, L:/127.0.0.1:54646 - R:localhost/127.0.0.1:14385]
23:01:14.879 [main] DEBUG net.thucydides.core.steps.StepInterceptor - STARTING STEP: HomepageSteps.clickDetailButton1 - clickDetailProduk1
23:01:14.882 [Forwarding findElement on session 0ecc78274e4af44106a75067af739127 to remote] DEBUG org.asynchttpclient.netty.request.NettyRequestSender - Using pooled Channel '[id: 0x441c9d48, L:/127.0.0.1:54646 - R:localhost/127.0.0.1:14385]' for 'POST' to 'http://localhost:14385/session/0ecc78274e4af44106a75067af739127/element'
23:01:14.882 [Forwarding findElement on session 0ecc78274e4af44106a75067af739127 to remote] DEBUG org.asynchttpclient.netty.request.NettyRequestSender - Using open Channel [id: 0x441c9d48, L:/127.0.0.1:54646 - R:localhost/127.0.0.1:14385] for POST '/session/0ecc78274e4af44106a75067af739127/element'
23:01:14.908 [AsyncHttpClient-1-8] DEBUG org.asynchttpclient.netty.handler.HttpHandler - 

Request DefaultHttpRequest(decodeResult: success, version: HTTP/1.1)
POST /session/0ecc78274e4af44106a75067af739127/element HTTP/1.1
User-Agent: selenium/4.8.1 (java windows)
Content-Length: 113
Content-Type: application/json; charset=utf-8
host: localhost:14385
accept: */*

Response DefaultHttpResponse(decodeResult: success, version: HTTP/1.1)
HTTP/1.1 200 OK
Content-Length: 94
Content-Type: application/json; charset=utf-8
cache-control: no-cache

23:01:14.908 [AsyncHttpClient-1-8] DEBUG org.asynchttpclient.netty.channel.ChannelManager - Adding key: http://localhost:14385 for channel [id: 0x441c9d48, L:/127.0.0.1:54646 - R:localhost/127.0.0.1:14385]
23:01:14.909 [Forwarding getElementTagName on session 0ecc78274e4af44106a75067af739127 to remote] DEBUG org.asynchttpclient.netty.request.NettyRequestSender - Using pooled Channel '[id: 0x441c9d48, L:/127.0.0.1:54646 - R:localhost/127.0.0.1:14385]' for 'GET' to 'http://localhost:14385/session/0ecc78274e4af44106a75067af739127/element/8BD3D7EF18FEC82E78A8C78662A01928_element_9/name'
23:01:14.909 [Forwarding getElementTagName on session 0ecc78274e4af44106a75067af739127 to remote] DEBUG org.asynchttpclient.netty.request.NettyRequestSender - Using open Channel [id: 0x441c9d48, L:/127.0.0.1:54646 - R:localhost/127.0.0.1:14385] for GET '/session/0ecc78274e4af44106a75067af739127/element/8BD3D7EF18FEC82E78A8C78662A01928_element_9/name'
23:01:14.919 [AsyncHttpClient-1-8] DEBUG org.asynchttpclient.netty.handler.HttpHandler - 

Request DefaultFullHttpRequest(decodeResult: success, version: HTTP/1.1, content: EmptyByteBufBE)
GET /session/0ecc78274e4af44106a75067af739127/element/8BD3D7EF18FEC82E78A8C78662A01928_element_9/name HTTP/1.1
User-Agent: selenium/4.8.1 (java windows)
Cache-Control: no-cache
Content-Type: application/json; charset=utf-8
host: localhost:14385
accept: */*

Response DefaultHttpResponse(decodeResult: success, version: HTTP/1.1)
HTTP/1.1 200 OK
Content-Length: 18
Content-Type: application/json; charset=utf-8
cache-control: no-cache

23:01:14.919 [AsyncHttpClient-1-8] DEBUG org.asynchttpclient.netty.channel.ChannelManager - Adding key: http://localhost:14385 for channel [id: 0x441c9d48, L:/127.0.0.1:54646 - R:localhost/127.0.0.1:14385]
23:01:14.919 [Forwarding getElementTagName on session 0ecc78274e4af44106a75067af739127 to remote] DEBUG org.asynchttpclient.netty.request.NettyRequestSender - Using pooled Channel '[id: 0x441c9d48, L:/127.0.0.1:54646 - R:localhost/127.0.0.1:14385]' for 'GET' to 'http://localhost:14385/session/0ecc78274e4af44106a75067af739127/element/8BD3D7EF18FEC82E78A8C78662A01928_element_9/name'
23:01:14.919 [Forwarding getElementTagName on session 0ecc78274e4af44106a75067af739127 to remote] DEBUG org.asynchttpclient.netty.request.NettyRequestSender - Using open Channel [id: 0x441c9d48, L:/127.0.0.1:54646 - R:localhost/127.0.0.1:14385] for GET '/session/0ecc78274e4af44106a75067af739127/element/8BD3D7EF18FEC82E78A8C78662A01928_element_9/name'
23:01:14.927 [AsyncHttpClient-1-8] DEBUG org.asynchttpclient.netty.handler.HttpHandler - 

Request DefaultFullHttpRequest(decodeResult: success, version: HTTP/1.1, content: EmptyByteBufBE)
GET /session/0ecc78274e4af44106a75067af739127/element/8BD3D7EF18FEC82E78A8C78662A01928_element_9/name HTTP/1.1
User-Agent: selenium/4.8.1 (java windows)
Cache-Control: no-cache
Content-Type: application/json; charset=utf-8
host: localhost:14385
accept: */*

Response DefaultHttpResponse(decodeResult: success, version: HTTP/1.1)
HTTP/1.1 200 OK
Content-Length: 18
Content-Type: application/json; charset=utf-8
cache-control: no-cache

23:01:14.927 [AsyncHttpClient-1-8] DEBUG org.asynchttpclient.netty.channel.ChannelManager - Adding key: http://localhost:14385 for channel [id: 0x441c9d48, L:/127.0.0.1:54646 - R:localhost/127.0.0.1:14385]
23:01:14.929 [Forwarding isElementEnabled on session 0ecc78274e4af44106a75067af739127 to remote] DEBUG org.asynchttpclient.netty.request.NettyRequestSender - Using pooled Channel '[id: 0x441c9d48, L:/127.0.0.1:54646 - R:localhost/127.0.0.1:14385]' for 'GET' to 'http://localhost:14385/session/0ecc78274e4af44106a75067af739127/element/8BD3D7EF18FEC82E78A8C78662A01928_element_9/enabled'
23:01:14.929 [Forwarding isElementEnabled on session 0ecc78274e4af44106a75067af739127 to remote] DEBUG org.asynchttpclient.netty.request.NettyRequestSender - Using open Channel [id: 0x441c9d48, L:/127.0.0.1:54646 - R:localhost/127.0.0.1:14385] for GET '/session/0ecc78274e4af44106a75067af739127/element/8BD3D7EF18FEC82E78A8C78662A01928_element_9/enabled'
23:01:14.943 [AsyncHttpClient-1-8] DEBUG org.asynchttpclient.netty.handler.HttpHandler - 

Request DefaultFullHttpRequest(decodeResult: success, version: HTTP/1.1, content: EmptyByteBufBE)
GET /session/0ecc78274e4af44106a75067af739127/element/8BD3D7EF18FEC82E78A8C78662A01928_element_9/enabled HTTP/1.1
User-Agent: selenium/4.8.1 (java windows)
Cache-Control: no-cache
Content-Type: application/json; charset=utf-8
host: localhost:14385
accept: */*

Response DefaultHttpResponse(decodeResult: success, version: HTTP/1.1)
HTTP/1.1 200 OK
Content-Length: 14
Content-Type: application/json; charset=utf-8
cache-control: no-cache

23:01:14.943 [AsyncHttpClient-1-8] DEBUG org.asynchttpclient.netty.channel.ChannelManager - Adding key: http://localhost:14385 for channel [id: 0x441c9d48, L:/127.0.0.1:54646 - R:localhost/127.0.0.1:14385]
23:01:14.943 [Forwarding isElementEnabled on session 0ecc78274e4af44106a75067af739127 to remote] DEBUG org.asynchttpclient.netty.request.NettyRequestSender - Using pooled Channel '[id: 0x441c9d48, L:/127.0.0.1:54646 - R:localhost/127.0.0.1:14385]' for 'GET' to 'http://localhost:14385/session/0ecc78274e4af44106a75067af739127/element/8BD3D7EF18FEC82E78A8C78662A01928_element_9/enabled'
23:01:14.943 [Forwarding isElementEnabled on session 0ecc78274e4af44106a75067af739127 to remote] DEBUG org.asynchttpclient.netty.request.NettyRequestSender - Using open Channel [id: 0x441c9d48, L:/127.0.0.1:54646 - R:localhost/127.0.0.1:14385] for GET '/session/0ecc78274e4af44106a75067af739127/element/8BD3D7EF18FEC82E78A8C78662A01928_element_9/enabled'
23:01:14.955 [AsyncHttpClient-1-8] DEBUG org.asynchttpclient.netty.handler.HttpHandler - 

Request DefaultFullHttpRequest(decodeResult: success, version: HTTP/1.1, content: EmptyByteBufBE)
GET /session/0ecc78274e4af44106a75067af739127/element/8BD3D7EF18FEC82E78A8C78662A01928_element_9/enabled HTTP/1.1
User-Agent: selenium/4.8.1 (java windows)
Cache-Control: no-cache
Content-Type: application/json; charset=utf-8
host: localhost:14385
accept: */*

Response DefaultHttpResponse(decodeResult: success, version: HTTP/1.1)
HTTP/1.1 200 OK
Content-Length: 14
Content-Type: application/json; charset=utf-8
cache-control: no-cache

23:01:14.955 [AsyncHttpClient-1-8] DEBUG org.asynchttpclient.netty.channel.ChannelManager - Adding key: http://localhost:14385 for channel [id: 0x441c9d48, L:/127.0.0.1:54646 - R:localhost/127.0.0.1:14385]
23:01:14.957 [Forwarding findElement on session 0ecc78274e4af44106a75067af739127 to remote] DEBUG org.asynchttpclient.netty.request.NettyRequestSender - Using pooled Channel '[id: 0x441c9d48, L:/127.0.0.1:54646 - R:localhost/127.0.0.1:14385]' for 'POST' to 'http://localhost:14385/session/0ecc78274e4af44106a75067af739127/element'
23:01:14.957 [Forwarding findElement on session 0ecc78274e4af44106a75067af739127 to remote] DEBUG org.asynchttpclient.netty.request.NettyRequestSender - Using open Channel [id: 0x441c9d48, L:/127.0.0.1:54646 - R:localhost/127.0.0.1:14385] for POST '/session/0ecc78274e4af44106a75067af739127/element'
23:01:14.971 [AsyncHttpClient-1-8] DEBUG org.asynchttpclient.netty.handler.HttpHandler - 

Request DefaultHttpRequest(decodeResult: success, version: HTTP/1.1)
POST /session/0ecc78274e4af44106a75067af739127/element HTTP/1.1
User-Agent: selenium/4.8.1 (java windows)
Content-Length: 113
Content-Type: application/json; charset=utf-8
host: localhost:14385
accept: */*

Response DefaultHttpResponse(decodeResult: success, version: HTTP/1.1)
HTTP/1.1 200 OK
Content-Length: 94
Content-Type: application/json; charset=utf-8
cache-control: no-cache

23:01:14.971 [AsyncHttpClient-1-8] DEBUG org.asynchttpclient.netty.channel.ChannelManager - Adding key: http://localhost:14385 for channel [id: 0x441c9d48, L:/127.0.0.1:54646 - R:localhost/127.0.0.1:14385]
23:01:14.972 [Forwarding clickElement on session 0ecc78274e4af44106a75067af739127 to remote] DEBUG org.asynchttpclient.netty.request.NettyRequestSender - Using pooled Channel '[id: 0x441c9d48, L:/127.0.0.1:54646 - R:localhost/127.0.0.1:14385]' for 'POST' to 'http://localhost:14385/session/0ecc78274e4af44106a75067af739127/element/8BD3D7EF18FEC82E78A8C78662A01928_element_9/click'
23:01:14.972 [Forwarding clickElement on session 0ecc78274e4af44106a75067af739127 to remote] DEBUG org.asynchttpclient.netty.request.NettyRequestSender - Using open Channel [id: 0x441c9d48, L:/127.0.0.1:54646 - R:localhost/127.0.0.1:14385] for POST '/session/0ecc78274e4af44106a75067af739127/element/8BD3D7EF18FEC82E78A8C78662A01928_element_9/click'
23:01:15.102 [AsyncHttpClient-1-8] DEBUG org.asynchttpclient.netty.handler.HttpHandler - 

Request DefaultHttpRequest(decodeResult: success, version: HTTP/1.1)
POST /session/0ecc78274e4af44106a75067af739127/element/8BD3D7EF18FEC82E78A8C78662A01928_element_9/click HTTP/1.1
User-Agent: selenium/4.8.1 (java windows)
Content-Length: 56
Content-Type: application/json; charset=utf-8
host: localhost:14385
accept: */*

Response DefaultHttpResponse(decodeResult: success, version: HTTP/1.1)
HTTP/1.1 200 OK
Content-Length: 14
Content-Type: application/json; charset=utf-8
cache-control: no-cache

23:01:15.102 [AsyncHttpClient-1-8] DEBUG org.asynchttpclient.netty.channel.ChannelManager - Adding key: http://localhost:14385 for channel [id: 0x441c9d48, L:/127.0.0.1:54646 - R:localhost/127.0.0.1:14385]
23:01:15.108 [Forwarding getAlertText on session 0ecc78274e4af44106a75067af739127 to remote] DEBUG org.asynchttpclient.netty.request.NettyRequestSender - Using pooled Channel '[id: 0x441c9d48, L:/127.0.0.1:54646 - R:localhost/127.0.0.1:14385]' for 'GET' to 'http://localhost:14385/session/0ecc78274e4af44106a75067af739127/alert/text'
23:01:15.108 [Forwarding getAlertText on session 0ecc78274e4af44106a75067af739127 to remote] DEBUG org.asynchttpclient.netty.request.NettyRequestSender - Using open Channel [id: 0x441c9d48, L:/127.0.0.1:54646 - R:localhost/127.0.0.1:14385] for GET '/session/0ecc78274e4af44106a75067af739127/alert/text'
23:01:15.204 [AsyncHttpClient-1-1] DEBUG org.asynchttpclient.netty.channel.DefaultChannelPool - Entry count for : http://localhost:54647 : 1
23:01:15.306 [AsyncHttpClient-1-8] DEBUG org.asynchttpclient.netty.handler.HttpHandler - 

Request DefaultFullHttpRequest(decodeResult: success, version: HTTP/1.1, content: EmptyByteBufBE)
GET /session/0ecc78274e4af44106a75067af739127/alert/text HTTP/1.1
User-Agent: selenium/4.8.1 (java windows)
Cache-Control: no-cache
Content-Type: application/json; charset=utf-8
host: localhost:14385
accept: */*

Response DefaultHttpResponse(decodeResult: success, version: HTTP/1.1)
HTTP/1.1 404 Not Found
Content-Length: 820
Content-Type: application/json; charset=utf-8
cache-control: no-cache

23:01:15.306 [AsyncHttpClient-1-8] DEBUG org.asynchttpclient.netty.channel.ChannelManager - Adding key: http://localhost:14385 for channel [id: 0x441c9d48, L:/127.0.0.1:54646 - R:localhost/127.0.0.1:14385]
23:01:15.308 [Forwarding getCurrentUrl on session 0ecc78274e4af44106a75067af739127 to remote] DEBUG org.asynchttpclient.netty.request.NettyRequestSender - Using pooled Channel '[id: 0x441c9d48, L:/127.0.0.1:54646 - R:localhost/127.0.0.1:14385]' for 'GET' to 'http://localhost:14385/session/0ecc78274e4af44106a75067af739127/url'
23:01:15.308 [Forwarding getCurrentUrl on session 0ecc78274e4af44106a75067af739127 to remote] DEBUG org.asynchttpclient.netty.request.NettyRequestSender - Using open Channel [id: 0x441c9d48, L:/127.0.0.1:54646 - R:localhost/127.0.0.1:14385] for GET '/session/0ecc78274e4af44106a75067af739127/url'
23:01:15.317 [AsyncHttpClient-1-8] DEBUG org.asynchttpclient.netty.handler.HttpHandler - 

Request DefaultFullHttpRequest(decodeResult: success, version: HTTP/1.1, content: EmptyByteBufBE)
GET /session/0ecc78274e4af44106a75067af739127/url HTTP/1.1
User-Agent: selenium/4.8.1 (java windows)
Cache-Control: no-cache
Content-Type: application/json; charset=utf-8
host: localhost:14385
accept: */*

Response DefaultHttpResponse(decodeResult: success, version: HTTP/1.1)
HTTP/1.1 200 OK
Content-Length: 55
Content-Type: application/json; charset=utf-8
cache-control: no-cache

23:01:15.317 [AsyncHttpClient-1-8] DEBUG org.asynchttpclient.netty.channel.ChannelManager - Adding key: http://localhost:14385 for channel [id: 0x441c9d48, L:/127.0.0.1:54646 - R:localhost/127.0.0.1:14385]
23:01:15.318 [Forwarding screenshot on session 0ecc78274e4af44106a75067af739127 to remote] DEBUG org.asynchttpclient.netty.request.NettyRequestSender - Using pooled Channel '[id: 0x441c9d48, L:/127.0.0.1:54646 - R:localhost/127.0.0.1:14385]' for 'GET' to 'http://localhost:14385/session/0ecc78274e4af44106a75067af739127/screenshot'
23:01:15.318 [Forwarding screenshot on session 0ecc78274e4af44106a75067af739127 to remote] DEBUG org.asynchttpclient.netty.request.NettyRequestSender - Using open Channel [id: 0x441c9d48, L:/127.0.0.1:54646 - R:localhost/127.0.0.1:14385] for GET '/session/0ecc78274e4af44106a75067af739127/screenshot'
23:01:15.645 [AsyncHttpClient-1-8] DEBUG org.asynchttpclient.netty.handler.HttpHandler - 

Request DefaultFullHttpRequest(decodeResult: success, version: HTTP/1.1, content: EmptyByteBufBE)
GET /session/0ecc78274e4af44106a75067af739127/screenshot HTTP/1.1
User-Agent: selenium/4.8.1 (java windows)
Cache-Control: no-cache
Content-Type: application/json; charset=utf-8
host: localhost:14385
accept: */*

Response DefaultHttpResponse(decodeResult: success, version: HTTP/1.1)
HTTP/1.1 200 OK
Content-Length: 26620
Content-Type: application/json; charset=utf-8
cache-control: no-cache

23:01:15.645 [AsyncHttpClient-1-8] DEBUG org.asynchttpclient.netty.channel.ChannelManager - Adding key: http://localhost:14385 for channel [id: 0x441c9d48, L:/127.0.0.1:54646 - R:localhost/127.0.0.1:14385]
23:01:15.646 [main] DEBUG net.serenitybdd.core.photography.Darkroom - Send negative for processing for target\site\serenity\b808da8a78a831fc225638ae52bcaa98fb99c342c2d6ea346f22881a12584e70.png
23:01:15.647 [main] DEBUG net.thucydides.core.steps.StepInterceptor - STEP DONE: clickDetailProduk1
  &amp#27;[32mAnd &amp#27;[0m&amp#27;[32mI click detail button product 1&amp#27;[0m         &amp#27;[90m# starter.stepdefinitions.HomepageSteps.clickDetailButton1()&amp#27;[0m
23:01:15.647 [Darkroom Processing Line] DEBUG net.serenitybdd.core.photography.DarkroomProcessingLine - Processing screenshot image in /var/screenshots/screenshot-8731601073514907941
23:01:15.647 [Darkroom Processing Line] DEBUG net.serenitybdd.core.photography.DarkroomProcessingLine - Saving screenshot to target\site\serenity\b808da8a78a831fc225638ae52bcaa98fb99c342c2d6ea346f22881a12584e70.png
23:01:15.652 [Forwarding getPageSource on session 0ecc78274e4af44106a75067af739127 to remote] DEBUG org.asynchttpclient.netty.request.NettyRequestSender - Using pooled Channel '[id: 0x441c9d48, L:/127.0.0.1:54646 - R:localhost/127.0.0.1:14385]' for 'POST' to 'http://localhost:14385/session/0ecc78274e4af44106a75067af739127/execute/sync'
23:01:15.652 [Forwarding getPageSource on session 0ecc78274e4af44106a75067af739127 to remote] DEBUG org.asynchttpclient.netty.request.NettyRequestSender - Using open Channel [id: 0x441c9d48, L:/127.0.0.1:54646 - R:localhost/127.0.0.1:14385] for POST '/session/0ecc78274e4af44106a75067af739127/execute/sync'
23:01:15.660 [AsyncHttpClient-1-8] DEBUG org.asynchttpclient.netty.handler.HttpHandler - 

Request DefaultHttpRequest(decodeResult: success, version: HTTP/1.1)
POST /session/0ecc78274e4af44106a75067af739127/execute/sync HTTP/1.1
User-Agent: selenium/4.8.1 (java windows)
Content-Length: 176
Content-Type: application/json; charset=utf-8
host: localhost:14385
accept: */*

Response DefaultHttpResponse(decodeResult: success, version: HTTP/1.1)
HTTP/1.1 200 OK
Content-Length: 21281
Content-Type: application/json; charset=utf-8
cache-control: no-cache

23:01:15.661 [AsyncHttpClient-1-8] DEBUG org.asynchttpclient.netty.channel.ChannelManager - Adding key: http://localhost:14385 for channel [id: 0x441c9d48, L:/127.0.0.1:54646 - R:localhost/127.0.0.1:14385]
23:01:15.662 [Forwarding getCurrentUrl on session 0ecc78274e4af44106a75067af739127 to remote] DEBUG org.asynchttpclient.netty.request.NettyRequestSender - Using pooled Channel '[id: 0x441c9d48, L:/127.0.0.1:54646 - R:localhost/127.0.0.1:14385]' for 'GET' to 'http://localhost:14385/session/0ecc78274e4af44106a75067af739127/url'
23:01:15.662 [Forwarding getCurrentUrl on session 0ecc78274e4af44106a75067af739127 to remote] DEBUG org.asynchttpclient.netty.request.NettyRequestSender - Using open Channel [id: 0x441c9d48, L:/127.0.0.1:54646 - R:localhost/127.0.0.1:14385] for GET '/session/0ecc78274e4af44106a75067af739127/url'
23:01:15.671 [AsyncHttpClient-1-8] DEBUG org.asynchttpclient.netty.handler.HttpHandler - 

Request DefaultFullHttpRequest(decodeResult: success, version: HTTP/1.1, content: EmptyByteBufBE)
GET /session/0ecc78274e4af44106a75067af739127/url HTTP/1.1
User-Agent: selenium/4.8.1 (java windows)
Cache-Control: no-cache
Content-Type: application/json; charset=utf-8
host: localhost:14385
accept: */*

Response DefaultHttpResponse(decodeResult: success, version: HTTP/1.1)
HTTP/1.1 200 OK
Content-Length: 55
Content-Type: application/json; charset=utf-8
cache-control: no-cache

23:01:15.671 [AsyncHttpClient-1-8] DEBUG org.asynchttpclient.netty.channel.ChannelManager - Adding key: http://localhost:14385 for channel [id: 0x441c9d48, L:/127.0.0.1:54646 - R:localhost/127.0.0.1:14385]
23:01:15.680 [Forwarding getPageSource on session 0ecc78274e4af44106a75067af739127 to remote] DEBUG org.asynchttpclient.netty.request.NettyRequestSender - Using pooled Channel '[id: 0x441c9d48, L:/127.0.0.1:54646 - R:localhost/127.0.0.1:14385]' for 'POST' to 'http://localhost:14385/session/0ecc78274e4af44106a75067af739127/execute/sync'
23:01:15.680 [Forwarding getPageSource on session 0ecc78274e4af44106a75067af739127 to remote] DEBUG org.asynchttpclient.netty.request.NettyRequestSender - Using open Channel [id: 0x441c9d48, L:/127.0.0.1:54646 - R:localhost/127.0.0.1:14385] for POST '/session/0ecc78274e4af44106a75067af739127/execute/sync'
23:01:15.688 [AsyncHttpClient-1-8] DEBUG org.asynchttpclient.netty.handler.HttpHandler - 

Request DefaultHttpRequest(decodeResult: success, version: HTTP/1.1)
POST /session/0ecc78274e4af44106a75067af739127/execute/sync HTTP/1.1
User-Agent: selenium/4.8.1 (java windows)
Content-Length: 176
Content-Type: application/json; charset=utf-8
host: localhost:14385
accept: */*

Response DefaultHttpResponse(decodeResult: success, version: HTTP/1.1)
HTTP/1.1 200 OK
Content-Length: 21281
Content-Type: application/json; charset=utf-8
cache-control: no-cache

23:01:15.688 [AsyncHttpClient-1-8] DEBUG org.asynchttpclient.netty.channel.ChannelManager - Adding key: http://localhost:14385 for channel [id: 0x441c9d48, L:/127.0.0.1:54646 - R:localhost/127.0.0.1:14385]
23:01:15.691 [Forwarding getCurrentUrl on session 0ecc78274e4af44106a75067af739127 to remote] DEBUG org.asynchttpclient.netty.request.NettyRequestSender - Using pooled Channel '[id: 0x441c9d48, L:/127.0.0.1:54646 - R:localhost/127.0.0.1:14385]' for 'GET' to 'http://localhost:14385/session/0ecc78274e4af44106a75067af739127/url'
23:01:15.691 [Forwarding getCurrentUrl on session 0ecc78274e4af44106a75067af739127 to remote] DEBUG org.asynchttpclient.netty.request.NettyRequestSender - Using open Channel [id: 0x441c9d48, L:/127.0.0.1:54646 - R:localhost/127.0.0.1:14385] for GET '/session/0ecc78274e4af44106a75067af739127/url'
23:01:15.698 [AsyncHttpClient-1-8] DEBUG org.asynchttpclient.netty.handler.HttpHandler - 

Request DefaultFullHttpRequest(decodeResult: success, version: HTTP/1.1, content: EmptyByteBufBE)
GET /session/0ecc78274e4af44106a75067af739127/url HTTP/1.1
User-Agent: selenium/4.8.1 (java windows)
Cache-Control: no-cache
Content-Type: application/json; charset=utf-8
host: localhost:14385
accept: */*

Response DefaultHttpResponse(decodeResult: success, version: HTTP/1.1)
HTTP/1.1 200 OK
Content-Length: 55
Content-Type: application/json; charset=utf-8
cache-control: no-cache

23:01:15.698 [AsyncHttpClient-1-8] DEBUG org.asynchttpclient.netty.channel.ChannelManager - Adding key: http://localhost:14385 for channel [id: 0x441c9d48, L:/127.0.0.1:54646 - R:localhost/127.0.0.1:14385]
23:01:15.700 [main] DEBUG net.thucydides.core.steps.StepInterceptor - STARTING STEP: HomepageSteps.goToDetailInformation - detailInformation
23:01:15.701 [Forwarding findElement on session 0ecc78274e4af44106a75067af739127 to remote] DEBUG org.asynchttpclient.netty.request.NettyRequestSender - Using pooled Channel '[id: 0x441c9d48, L:/127.0.0.1:54646 - R:localhost/127.0.0.1:14385]' for 'POST' to 'http://localhost:14385/session/0ecc78274e4af44106a75067af739127/element'
23:01:15.701 [Forwarding findElement on session 0ecc78274e4af44106a75067af739127 to remote] DEBUG org.asynchttpclient.netty.request.NettyRequestSender - Using open Channel [id: 0x441c9d48, L:/127.0.0.1:54646 - R:localhost/127.0.0.1:14385] for POST '/session/0ecc78274e4af44106a75067af739127/element'
23:01:15.716 [AsyncHttpClient-1-8] DEBUG org.asynchttpclient.netty.handler.HttpHandler - 

Request DefaultHttpRequest(decodeResult: success, version: HTTP/1.1)
POST /session/0ecc78274e4af44106a75067af739127/element HTTP/1.1
User-Agent: selenium/4.8.1 (java windows)
Content-Length: 118
Content-Type: application/json; charset=utf-8
host: localhost:14385
accept: */*

Response DefaultHttpResponse(decodeResult: success, version: HTTP/1.1)
HTTP/1.1 200 OK
Content-Length: 95
Content-Type: application/json; charset=utf-8
cache-control: no-cache

23:01:15.716 [AsyncHttpClient-1-8] DEBUG org.asynchttpclient.netty.channel.ChannelManager - Adding key: http://localhost:14385 for channel [id: 0x441c9d48, L:/127.0.0.1:54646 - R:localhost/127.0.0.1:14385]
23:01:15.718 [Forwarding isElementDisplayed on session 0ecc78274e4af44106a75067af739127 to remote] DEBUG org.asynchttpclient.netty.request.NettyRequestSender - Using pooled Channel '[id: 0x441c9d48, L:/127.0.0.1:54646 - R:localhost/127.0.0.1:14385]' for 'POST' to 'http://localhost:14385/session/0ecc78274e4af44106a75067af739127/execute/sync'
23:01:15.718 [Forwarding isElementDisplayed on session 0ecc78274e4af44106a75067af739127 to remote] DEBUG org.asynchttpclient.netty.request.NettyRequestSender - Using open Channel [id: 0x441c9d48, L:/127.0.0.1:54646 - R:localhost/127.0.0.1:14385] for POST '/session/0ecc78274e4af44106a75067af739127/execute/sync'
23:01:15.732 [AsyncHttpClient-1-8] DEBUG org.asynchttpclient.netty.handler.HttpHandler - 

Request DefaultHttpRequest(decodeResult: success, version: HTTP/1.1)
POST /session/0ecc78274e4af44106a75067af739127/execute/sync HTTP/1.1
User-Agent: selenium/4.8.1 (java windows)
Content-Length: 48814
Content-Type: application/json; charset=utf-8
host: localhost:14385
accept: */*

Response DefaultHttpResponse(decodeResult: success, version: HTTP/1.1)
HTTP/1.1 200 OK
Content-Length: 14
Content-Type: application/json; charset=utf-8
cache-control: no-cache

23:01:15.732 [AsyncHttpClient-1-8] DEBUG org.asynchttpclient.netty.channel.ChannelManager - Adding key: http://localhost:14385 for channel [id: 0x441c9d48, L:/127.0.0.1:54646 - R:localhost/127.0.0.1:14385]
23:01:15.737 [Forwarding getAlertText on session 0ecc78274e4af44106a75067af739127 to remote] DEBUG org.asynchttpclient.netty.request.NettyRequestSender - Using pooled Channel '[id: 0x441c9d48, L:/127.0.0.1:54646 - R:localhost/127.0.0.1:14385]' for 'GET' to 'http://localhost:14385/session/0ecc78274e4af44106a75067af739127/alert/text'
23:01:15.737 [Forwarding getAlertText on session 0ecc78274e4af44106a75067af739127 to remote] DEBUG org.asynchttpclient.netty.request.NettyRequestSender - Using open Channel [id: 0x441c9d48, L:/127.0.0.1:54646 - R:localhost/127.0.0.1:14385] for GET '/session/0ecc78274e4af44106a75067af739127/alert/text'
23:01:15.739 [AsyncHttpClient-1-8] DEBUG org.asynchttpclient.netty.handler.HttpHandler - 

Request DefaultFullHttpRequest(decodeResult: success, version: HTTP/1.1, content: EmptyByteBufBE)
GET /session/0ecc78274e4af44106a75067af739127/alert/text HTTP/1.1
User-Agent: selenium/4.8.1 (java windows)
Cache-Control: no-cache
Content-Type: application/json; charset=utf-8
host: localhost:14385
accept: */*

Response DefaultHttpResponse(decodeResult: success, version: HTTP/1.1)
HTTP/1.1 404 Not Found
Content-Length: 820
Content-Type: application/json; charset=utf-8
cache-control: no-cache

23:01:15.739 [AsyncHttpClient-1-8] DEBUG org.asynchttpclient.netty.channel.ChannelManager - Adding key: http://localhost:14385 for channel [id: 0x441c9d48, L:/127.0.0.1:54646 - R:localhost/127.0.0.1:14385]
23:01:15.739 [Forwarding getCurrentUrl on session 0ecc78274e4af44106a75067af739127 to remote] DEBUG org.asynchttpclient.netty.request.NettyRequestSender - Using pooled Channel '[id: 0x441c9d48, L:/127.0.0.1:54646 - R:localhost/127.0.0.1:14385]' for 'GET' to 'http://localhost:14385/session/0ecc78274e4af44106a75067af739127/url'
23:01:15.739 [Forwarding getCurrentUrl on session 0ecc78274e4af44106a75067af739127 to remote] DEBUG org.asynchttpclient.netty.request.NettyRequestSender - Using open Channel [id: 0x441c9d48, L:/127.0.0.1:54646 - R:localhost/127.0.0.1:14385] for GET '/session/0ecc78274e4af44106a75067af739127/url'
23:01:15.746 [AsyncHttpClient-1-8] DEBUG org.asynchttpclient.netty.handler.HttpHandler - 

Request DefaultFullHttpRequest(decodeResult: success, version: HTTP/1.1, content: EmptyByteBufBE)
GET /session/0ecc78274e4af44106a75067af739127/url HTTP/1.1
User-Agent: selenium/4.8.1 (java windows)
Cache-Control: no-cache
Content-Type: application/json; charset=utf-8
host: localhost:14385
accept: */*

Response DefaultHttpResponse(decodeResult: success, version: HTTP/1.1)
HTTP/1.1 200 OK
Content-Length: 55
Content-Type: application/json; charset=utf-8
cache-control: no-cache

23:01:15.746 [AsyncHttpClient-1-8] DEBUG org.asynchttpclient.netty.channel.ChannelManager - Adding key: http://localhost:14385 for channel [id: 0x441c9d48, L:/127.0.0.1:54646 - R:localhost/127.0.0.1:14385]
23:01:15.746 [Forwarding screenshot on session 0ecc78274e4af44106a75067af739127 to remote] DEBUG org.asynchttpclient.netty.request.NettyRequestSender - Using pooled Channel '[id: 0x441c9d48, L:/127.0.0.1:54646 - R:localhost/127.0.0.1:14385]' for 'GET' to 'http://localhost:14385/session/0ecc78274e4af44106a75067af739127/screenshot'
23:01:15.746 [Forwarding screenshot on session 0ecc78274e4af44106a75067af739127 to remote] DEBUG org.asynchttpclient.netty.request.NettyRequestSender - Using open Channel [id: 0x441c9d48, L:/127.0.0.1:54646 - R:localhost/127.0.0.1:14385] for GET '/session/0ecc78274e4af44106a75067af739127/screenshot'
23:01:15.906 [AsyncHttpClient-1-8] DEBUG org.asynchttpclient.netty.handler.HttpHandler - 

Request DefaultFullHttpRequest(decodeResult: success, version: HTTP/1.1, content: EmptyByteBufBE)
GET /session/0ecc78274e4af44106a75067af739127/screenshot HTTP/1.1
User-Agent: selenium/4.8.1 (java windows)
Cache-Control: no-cache
Content-Type: application/json; charset=utf-8
host: localhost:14385
accept: */*

Response DefaultHttpResponse(decodeResult: success, version: HTTP/1.1)
HTTP/1.1 200 OK
Content-Length: 29780
Content-Type: application/json; charset=utf-8
cache-control: no-cache

23:01:15.906 [AsyncHttpClient-1-8] DEBUG org.asynchttpclient.netty.channel.ChannelManager - Adding key: http://localhost:14385 for channel [id: 0x441c9d48, L:/127.0.0.1:54646 - R:localhost/127.0.0.1:14385]
23:01:15.907 [main] DEBUG net.serenitybdd.core.photography.Darkroom - Send negative for processing for target\site\serenity\a898d79d64c2167b4b4f74c213e0d6ca0dbe0d9c679fc52092f79d3fc7f4c0e2.png
23:01:15.907 [main] DEBUG net.thucydides.core.steps.StepInterceptor - STEP DONE: detailInformation
  &amp#27;[32mThen &amp#27;[0m&amp#27;[32mI go to the detail information product&amp#27;[0m &amp#27;[90m# starter.stepdefinitions.HomepageSteps.goToDetailInformation()&amp#27;[0m
23:01:15.907 [Darkroom Processing Line] DEBUG net.serenitybdd.core.photography.DarkroomProcessingLine - Processing screenshot image in /var/screenshots/screenshot-4265248581212303726
23:01:15.907 [Darkroom Processing Line] DEBUG net.serenitybdd.core.photography.DarkroomProcessingLine - Saving screenshot to target\site\serenity\a898d79d64c2167b4b4f74c213e0d6ca0dbe0d9c679fc52092f79d3fc7f4c0e2.png
23:01:15.911 [main] INFO  - 
  _____   ___   ___   _____     ___     _     ___   ___   ___   ___  
 |_   _| | __| / __| |_   _|   | _ \   /_\   / __| / __| | __| |   \ 
   | |   | _|  \__ \   | |     |  _/  / _ \  \__ \ \__ \ | _|  | |) |
   |_|   |___| |___/   |_|     |_|   /_/ \_\ |___/ |___/ |___| |___/ 

See detail product 1
----------------------------------------------------------------------
23:01:15.912 [Driver Command Executor] DEBUG org.asynchttpclient.netty.request.NettyRequestSender - Using pooled Channel '[id: 0x441c9d48, L:/127.0.0.1:54646 - R:localhost/127.0.0.1:14385]' for 'DELETE' to 'http://localhost:14385/session/0ecc78274e4af44106a75067af739127'
23:01:15.912 [Driver Command Executor] DEBUG org.asynchttpclient.netty.request.NettyRequestSender - Using open Channel [id: 0x441c9d48, L:/127.0.0.1:54646 - R:localhost/127.0.0.1:14385] for DELETE '/session/0ecc78274e4af44106a75067af739127'
23:01:15.912 [AsyncHttpClient-1-10] DEBUG org.asynchttpclient.netty.handler.WebSocketHandler - Channel Closed: [id: 0xa7ec1469, L:/127.0.0.1:54654 ! R:localhost/127.0.0.1:54647] with attribute NettyResponseFuture{currentRetry=0,
	isDone=1,
	isCancelled=0,
	asyncHandler=org.asynchttpclient.ws.WebSocketUpgradeHandler@5052222e,
	nettyRequest=org.asynchttpclient.netty.request.NettyRequest@64a50ae0,
	future=java.util.concurrent.CompletableFuture@4c7ffbc3[Completed normally],
	uri=ws://localhost:54647/devtools/browser/b47fde08-ba19-4615-99cf-5680259d60e3,
	keepAlive=true,
	redirectCount=0,
	timeoutsHolder=null,
	inAuth=0,
	touch=1683561668262}
23:01:15.912 [AsyncHttpClient-1-10] DEBUG org.asynchttpclient.netty.channel.ChannelManager - Closing Channel [id: 0xa7ec1469, L:/127.0.0.1:54654 ! R:localhost/127.0.0.1:54647] 
23:01:16.067 [AsyncHttpClient-1-9] DEBUG org.asynchttpclient.netty.handler.HttpHandler - Unexpected I/O exception on channel [id: 0x3f86d25d, L:/127.0.0.1:54653 - R:localhost/127.0.0.1:54647]
java.io.IOException: An existing connection was forcibly closed by the remote host
	at sun.nio.ch.SocketDispatcher.read0(Native Method)
	at sun.nio.ch.SocketDispatcher.read(SocketDispatcher.java:43)
	at sun.nio.ch.IOUtil.readIntoNativeBuffer(IOUtil.java:223)
	at sun.nio.ch.IOUtil.read(IOUtil.java:192)
	at sun.nio.ch.SocketChannelImpl.read(SocketChannelImpl.java:378)
	at io.netty.buffer.PooledByteBuf.setBytes(PooledByteBuf.java:259)
	at io.netty.buffer.AbstractByteBuf.writeBytes(AbstractByteBuf.java:1132)
	at io.netty.channel.socket.nio.NioSocketChannel.doReadBytes(NioSocketChannel.java:357)
	at io.netty.channel.nio.AbstractNioByteChannel$NioByteUnsafe.read(AbstractNioByteChannel.java:151)
	at io.netty.channel.nio.NioEventLoop.processSelectedKey(NioEventLoop.java:788)
	at io.netty.channel.nio.NioEventLoop.processSelectedKeysOptimized(NioEventLoop.java:724)
	at io.netty.channel.nio.NioEventLoop.processSelectedKeys(NioEventLoop.java:650)
	at io.netty.channel.nio.NioEventLoop.run(NioEventLoop.java:562)
	at io.netty.util.concurrent.SingleThreadEventExecutor$4.run(SingleThreadEventExecutor.java:997)
	at io.netty.util.internal.ThreadExecutorMap$2.run(ThreadExecutorMap.java:74)
	at io.netty.util.concurrent.FastThreadLocalRunnable.run(FastThreadLocalRunnable.java:30)
	at java.lang.Thread.run(Thread.java:750)
23:01:16.067 [AsyncHttpClient-1-9] DEBUG org.asynchttpclient.netty.channel.ChannelManager - Closing Channel [id: 0x3f86d25d, L:/127.0.0.1:54653 - R:localhost/127.0.0.1:54647] 
23:01:16.067 [AsyncHttpClient-1-9] DEBUG org.asynchttpclient.netty.handler.HttpHandler - Channel Closed: [id: 0x3f86d25d, L:/127.0.0.1:54653 ! R:localhost/127.0.0.1:54647] with attribute DISCARD
23:01:16.085 [AsyncHttpClient-1-8] DEBUG org.asynchttpclient.netty.handler.HttpHandler - 

Request DefaultFullHttpRequest(decodeResult: success, version: HTTP/1.1, content: EmptyByteBufBE)
DELETE /session/0ecc78274e4af44106a75067af739127 HTTP/1.1
User-Agent: selenium/4.8.1 (java windows)
Content-Type: application/json; charset=utf-8
host: localhost:14385
accept: */*

Response DefaultHttpResponse(decodeResult: success, version: HTTP/1.1)
HTTP/1.1 200 OK
Content-Length: 14
Content-Type: application/json; charset=utf-8
cache-control: no-cache

23:01:16.086 [AsyncHttpClient-1-8] DEBUG org.asynchttpclient.netty.channel.ChannelManager - Adding key: http://localhost:14385 for channel [id: 0x441c9d48, L:/127.0.0.1:54646 - R:localhost/127.0.0.1:14385]
23:01:16.136 [AsyncHttpClient-1-8] DEBUG org.asynchttpclient.netty.handler.HttpHandler - Channel Closed: [id: 0x441c9d48, L:/127.0.0.1:54646 ! R:localhost/127.0.0.1:14385] with attribute DISCARD
23:01:16.298 [AsyncHttpClient-1-1] DEBUG org.asynchttpclient.netty.channel.DefaultChannelPool - Entry count for : http://localhost:14385 : 1
23:01:16.298 [AsyncHttpClient-1-1] DEBUG org.asynchttpclient.netty.channel.DefaultChannelPool - Entry count for : http://localhost:54647 : 1
23:01:16.298 [AsyncHttpClient-1-1] DEBUG org.asynchttpclient.netty.channel.DefaultChannelPool - Adding Candidate expired Channel [id: 0x441c9d48, L:/127.0.0.1:54646 ! R:localhost/127.0.0.1:14385] isIdleTimeoutExpired=false isRemotelyClosed=true isTtlExpired=false
23:01:16.298 [AsyncHttpClient-1-1] DEBUG org.asynchttpclient.netty.channel.DefaultChannelPool - Closing Idle Channel [id: 0x441c9d48, L:/127.0.0.1:54646 ! R:localhost/127.0.0.1:14385]
23:01:16.298 [AsyncHttpClient-1-1] DEBUG org.asynchttpclient.netty.channel.DefaultChannelPool - Adding Candidate expired Channel [id: 0x3f86d25d, L:/127.0.0.1:54653 ! R:localhost/127.0.0.1:54647] isIdleTimeoutExpired=false isRemotelyClosed=true isTtlExpired=false
23:01:16.298 [AsyncHttpClient-1-1] DEBUG org.asynchttpclient.netty.channel.DefaultChannelPool - Closing Idle Channel [id: 0x3f86d25d, L:/127.0.0.1:54653 ! R:localhost/127.0.0.1:54647]
23:01:16.298 [AsyncHttpClient-1-1] DEBUG org.asynchttpclient.netty.channel.DefaultChannelPool - Closed 2 connections out of 2 in 0 ms
]]></system-out>
    <system-err><![CDATA[Starting ChromeDriver 113.0.5672.63 (0e1a4471d5ae5bf128b1bd8f4d627c8cbd55f70c-refs/branch-heads/5672@{#912}) on port 14385
Only local connections are allowed.
Please see https://chromedriver.chromium.org/security-considerations for suggestions on keeping ChromeDriver safe.
ChromeDriver was started successfully.
May 08, 2023 11:01:08 PM org.openqa.selenium.devtools.CdpVersionFinder findNearestMatch
WARNING: Unable to find an exact match for CDP version 113, so returning the closest version found: 110
]]></system-err>
  </testcase>
  <testcase name="See detail product 2" classname="HomePage" time="9.1">
    <system-out><![CDATA[
Scenario: See detail product 2                &amp#27;[90m# src/test/resources/features/3.Homepage.feature:50&amp#27;[0m
23:01:16.657 [main] DEBUG io.cucumber.core.plugin.SerenityReporter - Running feature from file:///D:/1.%20QA%20ALTERRA%20ACADEMY/MobileTesting/MiniProjectWEB/src/test/resources/features/3.Homepage.feature
23:01:16.658 [main] INFO  - 
  _____   ___   ___   _____     ___   _____     _     ___   _____   ___   ___  
 |_   _| | __| / __| |_   _|   / __| |_   _|   /_\   | _ \ |_   _| | __| |   \ 
   | |   | _|  \__ \   | |     \__ \   | |    / _ \  |   /   | |   | _|  | |) |
   |_|   |___| |___/   |_|     |___/   |_|   /_/ \_\ |_|_\   |_|   |___| |___/ 

See detail product 2(homepage;see-detail-product-2)
--------------------------------------------------------------------------------
23:01:16.719 [main] INFO net.serenitybdd.core.webdriver.driverproviders.ChromeDriverProvider - Starting Chrome driver instance with capabilities:
23:01:16.719 [main] INFO net.serenitybdd.core.webdriver.driverproviders.ChromeDriverProvider - Capabilities {acceptInsecureCerts: false, browserName: chrome, goog:chromeOptions: {args: [remote-allow-origins=*], extensions: []}}
23:01:17.784 [AsyncHttpClient-1-11] DEBUG org.asynchttpclient.netty.channel.NettyConnectListener - Using new Channel '[id: 0x4f219e43, L:/127.0.0.1:54674 - R:localhost/127.0.0.1:30681]' for 'POST' to '/session'
23:01:18.386 [AsyncHttpClient-1-11] DEBUG org.asynchttpclient.netty.handler.HttpHandler - 

Request DefaultHttpRequest(decodeResult: success, version: HTTP/1.1)
POST /session HTTP/1.1
User-Agent: selenium/4.8.1 (java windows)
Content-Length: 507
Content-Type: application/json; charset=utf-8
host: localhost:30681
accept: */*

Response DefaultHttpResponse(decodeResult: success, version: HTTP/1.1)
HTTP/1.1 200 OK
Content-Length: 862
Content-Type: application/json; charset=utf-8
cache-control: no-cache

23:01:18.386 [AsyncHttpClient-1-11] DEBUG org.asynchttpclient.netty.channel.ChannelManager - Adding key: http://localhost:30681 for channel [id: 0x4f219e43, L:/127.0.0.1:54674 - R:localhost/127.0.0.1:30681]
23:01:18.392 [AsyncHttpClient-1-12] DEBUG org.asynchttpclient.netty.channel.NettyConnectListener - Using new Channel '[id: 0x19fa7b9b, L:/127.0.0.1:54682 - R:localhost/127.0.0.1:54676]' for 'GET' to '/json/version'
23:01:18.392 [AsyncHttpClient-1-12] DEBUG org.asynchttpclient.netty.handler.HttpHandler - 

Request DefaultFullHttpRequest(decodeResult: success, version: HTTP/1.1, content: EmptyByteBufBE)
GET /json/version HTTP/1.1
User-Agent: selenium/4.8.1 (java windows)
host: localhost:54676
accept: */*

Response DefaultHttpResponse(decodeResult: success, version: HTTP/1.1)
HTTP/1.1 200 OK
Content-Security-Policy: frame-ancestors 'none'
Content-Length: 422
Content-Type: application/json; charset=UTF-8

23:01:18.392 [AsyncHttpClient-1-12] DEBUG org.asynchttpclient.netty.channel.ChannelManager - Adding key: http://localhost:54676 for channel [id: 0x19fa7b9b, L:/127.0.0.1:54682 - R:localhost/127.0.0.1:54676]
23:01:18.394 [AsyncHttpClient-1-13] DEBUG org.asynchttpclient.netty.channel.NettyConnectListener - Using new Channel '[id: 0xb7382cde, L:/127.0.0.1:54683 - R:localhost/127.0.0.1:54676]' for 'GET' to '/devtools/browser/393e99f7-9072-4d47-9924-bfb072fbddc7'
23:01:18.395 [AsyncHttpClient-1-13] DEBUG org.asynchttpclient.netty.handler.WebSocketHandler - 

Request DefaultFullHttpRequest(decodeResult: success, version: HTTP/1.1, content: EmptyByteBufBE)
GET /devtools/browser/393e99f7-9072-4d47-9924-bfb072fbddc7 HTTP/1.1
upgrade: websocket
connection: upgrade
sec-websocket-key: raKGUm0v+PYqYciqBKWTAw==
sec-websocket-version: 13
origin: http://localhost:54676
host: localhost:54676
accept: */*
user-agent: AHC/2.1

Response DefaultHttpResponse(decodeResult: success, version: HTTP/1.1)
HTTP/1.1 101 WebSocket Protocol Handshake
Upgrade: WebSocket
Connection: Upgrade
Sec-WebSocket-Accept: oRPQl63XRWVkVhnAo5N0geaONPE=

23:01:18.396 [Forwarding get on session 5e43df51a2398010ab95769b83210f15 to remote] DEBUG org.asynchttpclient.netty.request.NettyRequestSender - Using pooled Channel '[id: 0x4f219e43, L:/127.0.0.1:54674 - R:localhost/127.0.0.1:30681]' for 'POST' to 'http://localhost:30681/session/5e43df51a2398010ab95769b83210f15/url'
23:01:18.396 [Forwarding get on session 5e43df51a2398010ab95769b83210f15 to remote] DEBUG org.asynchttpclient.netty.request.NettyRequestSender - Using open Channel [id: 0x4f219e43, L:/127.0.0.1:54674 - R:localhost/127.0.0.1:30681] for POST '/session/5e43df51a2398010ab95769b83210f15/url'
23:01:18.498 [AsyncHttpClient-1-1] DEBUG org.asynchttpclient.netty.channel.DefaultChannelPool - Entry count for : http://localhost:54676 : 1
23:01:19.600 [AsyncHttpClient-1-1] DEBUG org.asynchttpclient.netty.channel.DefaultChannelPool - Entry count for : http://localhost:54676 : 1
23:01:20.707 [AsyncHttpClient-1-1] DEBUG org.asynchttpclient.netty.channel.DefaultChannelPool - Entry count for : http://localhost:54676 : 1
23:01:21.799 [AsyncHttpClient-1-1] DEBUG org.asynchttpclient.netty.channel.DefaultChannelPool - Entry count for : http://localhost:54676 : 1
23:01:22.454 [AsyncHttpClient-1-11] DEBUG org.asynchttpclient.netty.handler.HttpHandler - 

Request DefaultHttpRequest(decodeResult: success, version: HTTP/1.1)
POST /session/5e43df51a2398010ab95769b83210f15/url HTTP/1.1
User-Agent: selenium/4.8.1 (java windows)
Content-Length: 53
Content-Type: application/json; charset=utf-8
host: localhost:30681
accept: */*

Response DefaultHttpResponse(decodeResult: success, version: HTTP/1.1)
HTTP/1.1 200 OK
Content-Length: 14
Content-Type: application/json; charset=utf-8
cache-control: no-cache

23:01:22.454 [AsyncHttpClient-1-11] DEBUG org.asynchttpclient.netty.channel.ChannelManager - Adding key: http://localhost:30681 for channel [id: 0x4f219e43, L:/127.0.0.1:54674 - R:localhost/127.0.0.1:30681]
23:01:22.454 [Forwarding setTimeout on session 5e43df51a2398010ab95769b83210f15 to remote] DEBUG org.asynchttpclient.netty.request.NettyRequestSender - Using pooled Channel '[id: 0x4f219e43, L:/127.0.0.1:54674 - R:localhost/127.0.0.1:30681]' for 'POST' to 'http://localhost:30681/session/5e43df51a2398010ab95769b83210f15/timeouts'
23:01:22.454 [Forwarding setTimeout on session 5e43df51a2398010ab95769b83210f15 to remote] DEBUG org.asynchttpclient.netty.request.NettyRequestSender - Using open Channel [id: 0x4f219e43, L:/127.0.0.1:54674 - R:localhost/127.0.0.1:30681] for POST '/session/5e43df51a2398010ab95769b83210f15/timeouts'
23:01:22.455 [AsyncHttpClient-1-11] DEBUG org.asynchttpclient.netty.handler.HttpHandler - 

Request DefaultHttpRequest(decodeResult: success, version: HTTP/1.1)
POST /session/5e43df51a2398010ab95769b83210f15/timeouts HTTP/1.1
User-Agent: selenium/4.8.1 (java windows)
Content-Length: 22
Content-Type: application/json; charset=utf-8
host: localhost:30681
accept: */*

Response DefaultHttpResponse(decodeResult: success, version: HTTP/1.1)
HTTP/1.1 200 OK
Content-Length: 14
Content-Type: application/json; charset=utf-8
cache-control: no-cache

23:01:22.455 [AsyncHttpClient-1-11] DEBUG org.asynchttpclient.netty.channel.ChannelManager - Adding key: http://localhost:30681 for channel [id: 0x4f219e43, L:/127.0.0.1:54674 - R:localhost/127.0.0.1:30681]
  &amp#27;[32mGiven &amp#27;[0m&amp#27;[32mI am on the home page&amp#27;[0m                 &amp#27;[90m# starter.stepdefinitions.HomepageSteps.onTheHomePage()&amp#27;[0m
23:01:22.460 [Forwarding getAlertText on session 5e43df51a2398010ab95769b83210f15 to remote] DEBUG org.asynchttpclient.netty.request.NettyRequestSender - Using pooled Channel '[id: 0x4f219e43, L:/127.0.0.1:54674 - R:localhost/127.0.0.1:30681]' for 'GET' to 'http://localhost:30681/session/5e43df51a2398010ab95769b83210f15/alert/text'
23:01:22.460 [Forwarding getAlertText on session 5e43df51a2398010ab95769b83210f15 to remote] DEBUG org.asynchttpclient.netty.request.NettyRequestSender - Using open Channel [id: 0x4f219e43, L:/127.0.0.1:54674 - R:localhost/127.0.0.1:30681] for GET '/session/5e43df51a2398010ab95769b83210f15/alert/text'
23:01:22.462 [AsyncHttpClient-1-11] DEBUG org.asynchttpclient.netty.handler.HttpHandler - 

Request DefaultFullHttpRequest(decodeResult: success, version: HTTP/1.1, content: EmptyByteBufBE)
GET /session/5e43df51a2398010ab95769b83210f15/alert/text HTTP/1.1
User-Agent: selenium/4.8.1 (java windows)
Cache-Control: no-cache
Content-Type: application/json; charset=utf-8
host: localhost:30681
accept: */*

Response DefaultHttpResponse(decodeResult: success, version: HTTP/1.1)
HTTP/1.1 404 Not Found
Content-Length: 820
Content-Type: application/json; charset=utf-8
cache-control: no-cache

23:01:22.462 [AsyncHttpClient-1-11] DEBUG org.asynchttpclient.netty.channel.ChannelManager - Adding key: http://localhost:30681 for channel [id: 0x4f219e43, L:/127.0.0.1:54674 - R:localhost/127.0.0.1:30681]
23:01:22.462 [Forwarding getCurrentUrl on session 5e43df51a2398010ab95769b83210f15 to remote] DEBUG org.asynchttpclient.netty.request.NettyRequestSender - Using pooled Channel '[id: 0x4f219e43, L:/127.0.0.1:54674 - R:localhost/127.0.0.1:30681]' for 'GET' to 'http://localhost:30681/session/5e43df51a2398010ab95769b83210f15/url'
23:01:22.462 [Forwarding getCurrentUrl on session 5e43df51a2398010ab95769b83210f15 to remote] DEBUG org.asynchttpclient.netty.request.NettyRequestSender - Using open Channel [id: 0x4f219e43, L:/127.0.0.1:54674 - R:localhost/127.0.0.1:30681] for GET '/session/5e43df51a2398010ab95769b83210f15/url'
23:01:22.470 [AsyncHttpClient-1-11] DEBUG org.asynchttpclient.netty.handler.HttpHandler - 

Request DefaultFullHttpRequest(decodeResult: success, version: HTTP/1.1, content: EmptyByteBufBE)
GET /session/5e43df51a2398010ab95769b83210f15/url HTTP/1.1
User-Agent: selenium/4.8.1 (java windows)
Cache-Control: no-cache
Content-Type: application/json; charset=utf-8
host: localhost:30681
accept: */*

Response DefaultHttpResponse(decodeResult: success, version: HTTP/1.1)
HTTP/1.1 200 OK
Content-Length: 41
Content-Type: application/json; charset=utf-8
cache-control: no-cache

23:01:22.470 [AsyncHttpClient-1-11] DEBUG org.asynchttpclient.netty.channel.ChannelManager - Adding key: http://localhost:30681 for channel [id: 0x4f219e43, L:/127.0.0.1:54674 - R:localhost/127.0.0.1:30681]
23:01:22.470 [Forwarding screenshot on session 5e43df51a2398010ab95769b83210f15 to remote] DEBUG org.asynchttpclient.netty.request.NettyRequestSender - Using pooled Channel '[id: 0x4f219e43, L:/127.0.0.1:54674 - R:localhost/127.0.0.1:30681]' for 'GET' to 'http://localhost:30681/session/5e43df51a2398010ab95769b83210f15/screenshot'
23:01:22.470 [Forwarding screenshot on session 5e43df51a2398010ab95769b83210f15 to remote] DEBUG org.asynchttpclient.netty.request.NettyRequestSender - Using open Channel [id: 0x4f219e43, L:/127.0.0.1:54674 - R:localhost/127.0.0.1:30681] for GET '/session/5e43df51a2398010ab95769b83210f15/screenshot'
23:01:22.579 [AsyncHttpClient-1-11] DEBUG org.asynchttpclient.netty.handler.HttpHandler - 

Request DefaultFullHttpRequest(decodeResult: success, version: HTTP/1.1, content: EmptyByteBufBE)
GET /session/5e43df51a2398010ab95769b83210f15/screenshot HTTP/1.1
User-Agent: selenium/4.8.1 (java windows)
Cache-Control: no-cache
Content-Type: application/json; charset=utf-8
host: localhost:30681
accept: */*

Response DefaultHttpResponse(decodeResult: success, version: HTTP/1.1)
HTTP/1.1 200 OK
Content-Length: 93224
Content-Type: application/json; charset=utf-8
cache-control: no-cache

23:01:22.579 [AsyncHttpClient-1-11] DEBUG org.asynchttpclient.netty.channel.ChannelManager - Adding key: http://localhost:30681 for channel [id: 0x4f219e43, L:/127.0.0.1:54674 - R:localhost/127.0.0.1:30681]
23:01:22.583 [main] DEBUG net.serenitybdd.core.photography.Darkroom - Send negative for processing for target\site\serenity\eae70e0d31e8e8b85ce659fe0365ca28c24246a1bf9d3b50a76ae0889116b9f5.png
23:01:22.586 [Forwarding getPageSource on session 5e43df51a2398010ab95769b83210f15 to remote] DEBUG org.asynchttpclient.netty.request.NettyRequestSender - Using pooled Channel '[id: 0x4f219e43, L:/127.0.0.1:54674 - R:localhost/127.0.0.1:30681]' for 'POST' to 'http://localhost:30681/session/5e43df51a2398010ab95769b83210f15/execute/sync'
23:01:22.586 [Forwarding getPageSource on session 5e43df51a2398010ab95769b83210f15 to remote] DEBUG org.asynchttpclient.netty.request.NettyRequestSender - Using open Channel [id: 0x4f219e43, L:/127.0.0.1:54674 - R:localhost/127.0.0.1:30681] for POST '/session/5e43df51a2398010ab95769b83210f15/execute/sync'
23:01:22.655 [AsyncHttpClient-1-11] DEBUG org.asynchttpclient.netty.handler.HttpHandler - 

Request DefaultHttpRequest(decodeResult: success, version: HTTP/1.1)
POST /session/5e43df51a2398010ab95769b83210f15/execute/sync HTTP/1.1
User-Agent: selenium/4.8.1 (java windows)
Content-Length: 176
Content-Type: application/json; charset=utf-8
host: localhost:30681
accept: */*

Response DefaultHttpResponse(decodeResult: success, version: HTTP/1.1)
HTTP/1.1 200 OK
Content-Length: 816995
Content-Type: application/json; charset=utf-8
cache-control: no-cache

23:01:22.655 [AsyncHttpClient-1-11] DEBUG org.asynchttpclient.netty.channel.ChannelManager - Adding key: http://localhost:30681 for channel [id: 0x4f219e43, L:/127.0.0.1:54674 - R:localhost/127.0.0.1:30681]
23:01:22.805 [Forwarding getCurrentUrl on session 5e43df51a2398010ab95769b83210f15 to remote] DEBUG org.asynchttpclient.netty.request.NettyRequestSender - Using pooled Channel '[id: 0x4f219e43, L:/127.0.0.1:54674 - R:localhost/127.0.0.1:30681]' for 'GET' to 'http://localhost:30681/session/5e43df51a2398010ab95769b83210f15/url'
23:01:22.805 [Forwarding getCurrentUrl on session 5e43df51a2398010ab95769b83210f15 to remote] DEBUG org.asynchttpclient.netty.request.NettyRequestSender - Using open Channel [id: 0x4f219e43, L:/127.0.0.1:54674 - R:localhost/127.0.0.1:30681] for GET '/session/5e43df51a2398010ab95769b83210f15/url'
23:01:22.814 [AsyncHttpClient-1-11] DEBUG org.asynchttpclient.netty.handler.HttpHandler - 

Request DefaultFullHttpRequest(decodeResult: success, version: HTTP/1.1, content: EmptyByteBufBE)
GET /session/5e43df51a2398010ab95769b83210f15/url HTTP/1.1
User-Agent: selenium/4.8.1 (java windows)
Cache-Control: no-cache
Content-Type: application/json; charset=utf-8
host: localhost:30681
accept: */*

Response DefaultHttpResponse(decodeResult: success, version: HTTP/1.1)
HTTP/1.1 200 OK
Content-Length: 41
Content-Type: application/json; charset=utf-8
cache-control: no-cache

23:01:22.814 [AsyncHttpClient-1-11] DEBUG org.asynchttpclient.netty.channel.ChannelManager - Adding key: http://localhost:30681 for channel [id: 0x4f219e43, L:/127.0.0.1:54674 - R:localhost/127.0.0.1:30681]
23:01:22.824 [Forwarding getAlertText on session 5e43df51a2398010ab95769b83210f15 to remote] DEBUG org.asynchttpclient.netty.request.NettyRequestSender - Using pooled Channel '[id: 0x4f219e43, L:/127.0.0.1:54674 - R:localhost/127.0.0.1:30681]' for 'GET' to 'http://localhost:30681/session/5e43df51a2398010ab95769b83210f15/alert/text'
23:01:22.824 [Forwarding getAlertText on session 5e43df51a2398010ab95769b83210f15 to remote] DEBUG org.asynchttpclient.netty.request.NettyRequestSender - Using open Channel [id: 0x4f219e43, L:/127.0.0.1:54674 - R:localhost/127.0.0.1:30681] for GET '/session/5e43df51a2398010ab95769b83210f15/alert/text'
23:01:22.827 [AsyncHttpClient-1-11] DEBUG org.asynchttpclient.netty.handler.HttpHandler - 

Request DefaultFullHttpRequest(decodeResult: success, version: HTTP/1.1, content: EmptyByteBufBE)
GET /session/5e43df51a2398010ab95769b83210f15/alert/text HTTP/1.1
User-Agent: selenium/4.8.1 (java windows)
Cache-Control: no-cache
Content-Type: application/json; charset=utf-8
host: localhost:30681
accept: */*

Response DefaultHttpResponse(decodeResult: success, version: HTTP/1.1)
HTTP/1.1 404 Not Found
Content-Length: 820
Content-Type: application/json; charset=utf-8
cache-control: no-cache

23:01:22.827 [AsyncHttpClient-1-11] DEBUG org.asynchttpclient.netty.channel.ChannelManager - Adding key: http://localhost:30681 for channel [id: 0x4f219e43, L:/127.0.0.1:54674 - R:localhost/127.0.0.1:30681]
23:01:22.828 [Forwarding getCurrentUrl on session 5e43df51a2398010ab95769b83210f15 to remote] DEBUG org.asynchttpclient.netty.request.NettyRequestSender - Using pooled Channel '[id: 0x4f219e43, L:/127.0.0.1:54674 - R:localhost/127.0.0.1:30681]' for 'GET' to 'http://localhost:30681/session/5e43df51a2398010ab95769b83210f15/url'
23:01:22.828 [Forwarding getCurrentUrl on session 5e43df51a2398010ab95769b83210f15 to remote] DEBUG org.asynchttpclient.netty.request.NettyRequestSender - Using open Channel [id: 0x4f219e43, L:/127.0.0.1:54674 - R:localhost/127.0.0.1:30681] for GET '/session/5e43df51a2398010ab95769b83210f15/url'
23:01:22.834 [AsyncHttpClient-1-11] DEBUG org.asynchttpclient.netty.handler.HttpHandler - 

Request DefaultFullHttpRequest(decodeResult: success, version: HTTP/1.1, content: EmptyByteBufBE)
GET /session/5e43df51a2398010ab95769b83210f15/url HTTP/1.1
User-Agent: selenium/4.8.1 (java windows)
Cache-Control: no-cache
Content-Type: application/json; charset=utf-8
host: localhost:30681
accept: */*

Response DefaultHttpResponse(decodeResult: success, version: HTTP/1.1)
HTTP/1.1 200 OK
Content-Length: 41
Content-Type: application/json; charset=utf-8
cache-control: no-cache

23:01:22.835 [AsyncHttpClient-1-11] DEBUG org.asynchttpclient.netty.channel.ChannelManager - Adding key: http://localhost:30681 for channel [id: 0x4f219e43, L:/127.0.0.1:54674 - R:localhost/127.0.0.1:30681]
23:01:22.835 [Forwarding screenshot on session 5e43df51a2398010ab95769b83210f15 to remote] DEBUG org.asynchttpclient.netty.request.NettyRequestSender - Using pooled Channel '[id: 0x4f219e43, L:/127.0.0.1:54674 - R:localhost/127.0.0.1:30681]' for 'GET' to 'http://localhost:30681/session/5e43df51a2398010ab95769b83210f15/screenshot'
23:01:22.835 [Forwarding screenshot on session 5e43df51a2398010ab95769b83210f15 to remote] DEBUG org.asynchttpclient.netty.request.NettyRequestSender - Using open Channel [id: 0x4f219e43, L:/127.0.0.1:54674 - R:localhost/127.0.0.1:30681] for GET '/session/5e43df51a2398010ab95769b83210f15/screenshot'
23:01:22.904 [AsyncHttpClient-1-1] DEBUG org.asynchttpclient.netty.channel.DefaultChannelPool - Entry count for : http://localhost:54676 : 1
23:01:22.978 [AsyncHttpClient-1-11] DEBUG org.asynchttpclient.netty.handler.HttpHandler - 

Request DefaultFullHttpRequest(decodeResult: success, version: HTTP/1.1, content: EmptyByteBufBE)
GET /session/5e43df51a2398010ab95769b83210f15/screenshot HTTP/1.1
User-Agent: selenium/4.8.1 (java windows)
Cache-Control: no-cache
Content-Type: application/json; charset=utf-8
host: localhost:30681
accept: */*

Response DefaultHttpResponse(decodeResult: success, version: HTTP/1.1)
HTTP/1.1 200 OK
Content-Length: 93224
Content-Type: application/json; charset=utf-8
cache-control: no-cache

23:01:22.978 [AsyncHttpClient-1-11] DEBUG org.asynchttpclient.netty.channel.ChannelManager - Adding key: http://localhost:30681 for channel [id: 0x4f219e43, L:/127.0.0.1:54674 - R:localhost/127.0.0.1:30681]
23:01:22.982 [main] DEBUG net.serenitybdd.core.photography.Darkroom - Send negative for processing for target\site\serenity\eae70e0d31e8e8b85ce659fe0365ca28c24246a1bf9d3b50a76ae0889116b9f5.png
23:01:22.983 [Forwarding getPageSource on session 5e43df51a2398010ab95769b83210f15 to remote] DEBUG org.asynchttpclient.netty.request.NettyRequestSender - Using pooled Channel '[id: 0x4f219e43, L:/127.0.0.1:54674 - R:localhost/127.0.0.1:30681]' for 'POST' to 'http://localhost:30681/session/5e43df51a2398010ab95769b83210f15/execute/sync'
23:01:22.983 [Forwarding getPageSource on session 5e43df51a2398010ab95769b83210f15 to remote] DEBUG org.asynchttpclient.netty.request.NettyRequestSender - Using open Channel [id: 0x4f219e43, L:/127.0.0.1:54674 - R:localhost/127.0.0.1:30681] for POST '/session/5e43df51a2398010ab95769b83210f15/execute/sync'
23:01:23.038 [AsyncHttpClient-1-11] DEBUG org.asynchttpclient.netty.handler.HttpHandler - 

Request DefaultHttpRequest(decodeResult: success, version: HTTP/1.1)
POST /session/5e43df51a2398010ab95769b83210f15/execute/sync HTTP/1.1
User-Agent: selenium/4.8.1 (java windows)
Content-Length: 176
Content-Type: application/json; charset=utf-8
host: localhost:30681
accept: */*

Response DefaultHttpResponse(decodeResult: success, version: HTTP/1.1)
HTTP/1.1 200 OK
Content-Length: 816995
Content-Type: application/json; charset=utf-8
cache-control: no-cache

23:01:23.039 [AsyncHttpClient-1-11] DEBUG org.asynchttpclient.netty.channel.ChannelManager - Adding key: http://localhost:30681 for channel [id: 0x4f219e43, L:/127.0.0.1:54674 - R:localhost/127.0.0.1:30681]
23:01:23.154 [Forwarding getCurrentUrl on session 5e43df51a2398010ab95769b83210f15 to remote] DEBUG org.asynchttpclient.netty.request.NettyRequestSender - Using pooled Channel '[id: 0x4f219e43, L:/127.0.0.1:54674 - R:localhost/127.0.0.1:30681]' for 'GET' to 'http://localhost:30681/session/5e43df51a2398010ab95769b83210f15/url'
23:01:23.154 [Forwarding getCurrentUrl on session 5e43df51a2398010ab95769b83210f15 to remote] DEBUG org.asynchttpclient.netty.request.NettyRequestSender - Using open Channel [id: 0x4f219e43, L:/127.0.0.1:54674 - R:localhost/127.0.0.1:30681] for GET '/session/5e43df51a2398010ab95769b83210f15/url'
23:01:23.165 [AsyncHttpClient-1-11] DEBUG org.asynchttpclient.netty.handler.HttpHandler - 

Request DefaultFullHttpRequest(decodeResult: success, version: HTTP/1.1, content: EmptyByteBufBE)
GET /session/5e43df51a2398010ab95769b83210f15/url HTTP/1.1
User-Agent: selenium/4.8.1 (java windows)
Cache-Control: no-cache
Content-Type: application/json; charset=utf-8
host: localhost:30681
accept: */*

Response DefaultHttpResponse(decodeResult: success, version: HTTP/1.1)
HTTP/1.1 200 OK
Content-Length: 41
Content-Type: application/json; charset=utf-8
cache-control: no-cache

23:01:23.165 [AsyncHttpClient-1-11] DEBUG org.asynchttpclient.netty.channel.ChannelManager - Adding key: http://localhost:30681 for channel [id: 0x4f219e43, L:/127.0.0.1:54674 - R:localhost/127.0.0.1:30681]
23:01:23.169 [main] DEBUG net.thucydides.core.steps.StepInterceptor - STARTING STEP: HomepageSteps.chooseTheProduct2 - chooseProduct2
23:01:23.173 [Forwarding findElement on session 5e43df51a2398010ab95769b83210f15 to remote] DEBUG org.asynchttpclient.netty.request.NettyRequestSender - Using pooled Channel '[id: 0x4f219e43, L:/127.0.0.1:54674 - R:localhost/127.0.0.1:30681]' for 'POST' to 'http://localhost:30681/session/5e43df51a2398010ab95769b83210f15/element'
23:01:23.173 [Forwarding findElement on session 5e43df51a2398010ab95769b83210f15 to remote] DEBUG org.asynchttpclient.netty.request.NettyRequestSender - Using open Channel [id: 0x4f219e43, L:/127.0.0.1:54674 - R:localhost/127.0.0.1:30681] for POST '/session/5e43df51a2398010ab95769b83210f15/element'
23:01:23.196 [AsyncHttpClient-1-11] DEBUG org.asynchttpclient.netty.handler.HttpHandler - 

Request DefaultHttpRequest(decodeResult: success, version: HTTP/1.1)
POST /session/5e43df51a2398010ab95769b83210f15/element HTTP/1.1
User-Agent: selenium/4.8.1 (java windows)
Content-Length: 54
Content-Type: application/json; charset=utf-8
host: localhost:30681
accept: */*

Response DefaultHttpResponse(decodeResult: success, version: HTTP/1.1)
HTTP/1.1 200 OK
Content-Length: 94
Content-Type: application/json; charset=utf-8
cache-control: no-cache

23:01:23.196 [AsyncHttpClient-1-11] DEBUG org.asynchttpclient.netty.channel.ChannelManager - Adding key: http://localhost:30681 for channel [id: 0x4f219e43, L:/127.0.0.1:54674 - R:localhost/127.0.0.1:30681]
23:01:23.200 [Forwarding getElementTagName on session 5e43df51a2398010ab95769b83210f15 to remote] DEBUG org.asynchttpclient.netty.request.NettyRequestSender - Using pooled Channel '[id: 0x4f219e43, L:/127.0.0.1:54674 - R:localhost/127.0.0.1:30681]' for 'GET' to 'http://localhost:30681/session/5e43df51a2398010ab95769b83210f15/element/D01577A1640FCF9F940C9499A1F2AD9E_element_8/name'
23:01:23.200 [Forwarding getElementTagName on session 5e43df51a2398010ab95769b83210f15 to remote] DEBUG org.asynchttpclient.netty.request.NettyRequestSender - Using open Channel [id: 0x4f219e43, L:/127.0.0.1:54674 - R:localhost/127.0.0.1:30681] for GET '/session/5e43df51a2398010ab95769b83210f15/element/D01577A1640FCF9F940C9499A1F2AD9E_element_8/name'
23:01:23.213 [AsyncHttpClient-1-11] DEBUG org.asynchttpclient.netty.handler.HttpHandler - 

Request DefaultFullHttpRequest(decodeResult: success, version: HTTP/1.1, content: EmptyByteBufBE)
GET /session/5e43df51a2398010ab95769b83210f15/element/D01577A1640FCF9F940C9499A1F2AD9E_element_8/name HTTP/1.1
User-Agent: selenium/4.8.1 (java windows)
Cache-Control: no-cache
Content-Type: application/json; charset=utf-8
host: localhost:30681
accept: */*

Response DefaultHttpResponse(decodeResult: success, version: HTTP/1.1)
HTTP/1.1 200 OK
Content-Length: 15
Content-Type: application/json; charset=utf-8
cache-control: no-cache

23:01:23.213 [AsyncHttpClient-1-11] DEBUG org.asynchttpclient.netty.channel.ChannelManager - Adding key: http://localhost:30681 for channel [id: 0x4f219e43, L:/127.0.0.1:54674 - R:localhost/127.0.0.1:30681]
23:01:23.214 [Forwarding getElementTagName on session 5e43df51a2398010ab95769b83210f15 to remote] DEBUG org.asynchttpclient.netty.request.NettyRequestSender - Using pooled Channel '[id: 0x4f219e43, L:/127.0.0.1:54674 - R:localhost/127.0.0.1:30681]' for 'GET' to 'http://localhost:30681/session/5e43df51a2398010ab95769b83210f15/element/D01577A1640FCF9F940C9499A1F2AD9E_element_8/name'
23:01:23.214 [Forwarding getElementTagName on session 5e43df51a2398010ab95769b83210f15 to remote] DEBUG org.asynchttpclient.netty.request.NettyRequestSender - Using open Channel [id: 0x4f219e43, L:/127.0.0.1:54674 - R:localhost/127.0.0.1:30681] for GET '/session/5e43df51a2398010ab95769b83210f15/element/D01577A1640FCF9F940C9499A1F2AD9E_element_8/name'
23:01:23.223 [AsyncHttpClient-1-11] DEBUG org.asynchttpclient.netty.handler.HttpHandler - 

Request DefaultFullHttpRequest(decodeResult: success, version: HTTP/1.1, content: EmptyByteBufBE)
GET /session/5e43df51a2398010ab95769b83210f15/element/D01577A1640FCF9F940C9499A1F2AD9E_element_8/name HTTP/1.1
User-Agent: selenium/4.8.1 (java windows)
Cache-Control: no-cache
Content-Type: application/json; charset=utf-8
host: localhost:30681
accept: */*

Response DefaultHttpResponse(decodeResult: success, version: HTTP/1.1)
HTTP/1.1 200 OK
Content-Length: 15
Content-Type: application/json; charset=utf-8
cache-control: no-cache

23:01:23.223 [AsyncHttpClient-1-11] DEBUG org.asynchttpclient.netty.channel.ChannelManager - Adding key: http://localhost:30681 for channel [id: 0x4f219e43, L:/127.0.0.1:54674 - R:localhost/127.0.0.1:30681]
23:01:23.224 [Forwarding findElement on session 5e43df51a2398010ab95769b83210f15 to remote] DEBUG org.asynchttpclient.netty.request.NettyRequestSender - Using pooled Channel '[id: 0x4f219e43, L:/127.0.0.1:54674 - R:localhost/127.0.0.1:30681]' for 'POST' to 'http://localhost:30681/session/5e43df51a2398010ab95769b83210f15/element'
23:01:23.224 [Forwarding findElement on session 5e43df51a2398010ab95769b83210f15 to remote] DEBUG org.asynchttpclient.netty.request.NettyRequestSender - Using open Channel [id: 0x4f219e43, L:/127.0.0.1:54674 - R:localhost/127.0.0.1:30681] for POST '/session/5e43df51a2398010ab95769b83210f15/element'
23:01:23.235 [AsyncHttpClient-1-11] DEBUG org.asynchttpclient.netty.handler.HttpHandler - 

Request DefaultHttpRequest(decodeResult: success, version: HTTP/1.1)
POST /session/5e43df51a2398010ab95769b83210f15/element HTTP/1.1
User-Agent: selenium/4.8.1 (java windows)
Content-Length: 54
Content-Type: application/json; charset=utf-8
host: localhost:30681
accept: */*

Response DefaultHttpResponse(decodeResult: success, version: HTTP/1.1)
HTTP/1.1 200 OK
Content-Length: 94
Content-Type: application/json; charset=utf-8
cache-control: no-cache

23:01:23.235 [AsyncHttpClient-1-11] DEBUG org.asynchttpclient.netty.channel.ChannelManager - Adding key: http://localhost:30681 for channel [id: 0x4f219e43, L:/127.0.0.1:54674 - R:localhost/127.0.0.1:30681]
23:01:23.235 [Forwarding clickElement on session 5e43df51a2398010ab95769b83210f15 to remote] DEBUG org.asynchttpclient.netty.request.NettyRequestSender - Using pooled Channel '[id: 0x4f219e43, L:/127.0.0.1:54674 - R:localhost/127.0.0.1:30681]' for 'POST' to 'http://localhost:30681/session/5e43df51a2398010ab95769b83210f15/element/D01577A1640FCF9F940C9499A1F2AD9E_element_8/click'
23:01:23.235 [Forwarding clickElement on session 5e43df51a2398010ab95769b83210f15 to remote] DEBUG org.asynchttpclient.netty.request.NettyRequestSender - Using open Channel [id: 0x4f219e43, L:/127.0.0.1:54674 - R:localhost/127.0.0.1:30681] for POST '/session/5e43df51a2398010ab95769b83210f15/element/D01577A1640FCF9F940C9499A1F2AD9E_element_8/click'
23:01:23.325 [AsyncHttpClient-1-11] DEBUG org.asynchttpclient.netty.handler.HttpHandler - 

Request DefaultHttpRequest(decodeResult: success, version: HTTP/1.1)
POST /session/5e43df51a2398010ab95769b83210f15/element/D01577A1640FCF9F940C9499A1F2AD9E_element_8/click HTTP/1.1
User-Agent: selenium/4.8.1 (java windows)
Content-Length: 56
Content-Type: application/json; charset=utf-8
host: localhost:30681
accept: */*

Response DefaultHttpResponse(decodeResult: success, version: HTTP/1.1)
HTTP/1.1 200 OK
Content-Length: 14
Content-Type: application/json; charset=utf-8
cache-control: no-cache

23:01:23.325 [AsyncHttpClient-1-11] DEBUG org.asynchttpclient.netty.channel.ChannelManager - Adding key: http://localhost:30681 for channel [id: 0x4f219e43, L:/127.0.0.1:54674 - R:localhost/127.0.0.1:30681]
23:01:23.330 [Forwarding getAlertText on session 5e43df51a2398010ab95769b83210f15 to remote] DEBUG org.asynchttpclient.netty.request.NettyRequestSender - Using pooled Channel '[id: 0x4f219e43, L:/127.0.0.1:54674 - R:localhost/127.0.0.1:30681]' for 'GET' to 'http://localhost:30681/session/5e43df51a2398010ab95769b83210f15/alert/text'
23:01:23.330 [Forwarding getAlertText on session 5e43df51a2398010ab95769b83210f15 to remote] DEBUG org.asynchttpclient.netty.request.NettyRequestSender - Using open Channel [id: 0x4f219e43, L:/127.0.0.1:54674 - R:localhost/127.0.0.1:30681] for GET '/session/5e43df51a2398010ab95769b83210f15/alert/text'
23:01:23.332 [AsyncHttpClient-1-11] DEBUG org.asynchttpclient.netty.handler.HttpHandler - 

Request DefaultFullHttpRequest(decodeResult: success, version: HTTP/1.1, content: EmptyByteBufBE)
GET /session/5e43df51a2398010ab95769b83210f15/alert/text HTTP/1.1
User-Agent: selenium/4.8.1 (java windows)
Cache-Control: no-cache
Content-Type: application/json; charset=utf-8
host: localhost:30681
accept: */*

Response DefaultHttpResponse(decodeResult: success, version: HTTP/1.1)
HTTP/1.1 404 Not Found
Content-Length: 820
Content-Type: application/json; charset=utf-8
cache-control: no-cache

23:01:23.332 [AsyncHttpClient-1-11] DEBUG org.asynchttpclient.netty.channel.ChannelManager - Adding key: http://localhost:30681 for channel [id: 0x4f219e43, L:/127.0.0.1:54674 - R:localhost/127.0.0.1:30681]
23:01:23.332 [Forwarding getCurrentUrl on session 5e43df51a2398010ab95769b83210f15 to remote] DEBUG org.asynchttpclient.netty.request.NettyRequestSender - Using pooled Channel '[id: 0x4f219e43, L:/127.0.0.1:54674 - R:localhost/127.0.0.1:30681]' for 'GET' to 'http://localhost:30681/session/5e43df51a2398010ab95769b83210f15/url'
23:01:23.332 [Forwarding getCurrentUrl on session 5e43df51a2398010ab95769b83210f15 to remote] DEBUG org.asynchttpclient.netty.request.NettyRequestSender - Using open Channel [id: 0x4f219e43, L:/127.0.0.1:54674 - R:localhost/127.0.0.1:30681] for GET '/session/5e43df51a2398010ab95769b83210f15/url'
23:01:23.338 [AsyncHttpClient-1-11] DEBUG org.asynchttpclient.netty.handler.HttpHandler - 

Request DefaultFullHttpRequest(decodeResult: success, version: HTTP/1.1, content: EmptyByteBufBE)
GET /session/5e43df51a2398010ab95769b83210f15/url HTTP/1.1
User-Agent: selenium/4.8.1 (java windows)
Cache-Control: no-cache
Content-Type: application/json; charset=utf-8
host: localhost:30681
accept: */*

Response DefaultHttpResponse(decodeResult: success, version: HTTP/1.1)
HTTP/1.1 200 OK
Content-Length: 41
Content-Type: application/json; charset=utf-8
cache-control: no-cache

23:01:23.338 [AsyncHttpClient-1-11] DEBUG org.asynchttpclient.netty.channel.ChannelManager - Adding key: http://localhost:30681 for channel [id: 0x4f219e43, L:/127.0.0.1:54674 - R:localhost/127.0.0.1:30681]
23:01:23.339 [Forwarding screenshot on session 5e43df51a2398010ab95769b83210f15 to remote] DEBUG org.asynchttpclient.netty.request.NettyRequestSender - Using pooled Channel '[id: 0x4f219e43, L:/127.0.0.1:54674 - R:localhost/127.0.0.1:30681]' for 'GET' to 'http://localhost:30681/session/5e43df51a2398010ab95769b83210f15/screenshot'
23:01:23.339 [Forwarding screenshot on session 5e43df51a2398010ab95769b83210f15 to remote] DEBUG org.asynchttpclient.netty.request.NettyRequestSender - Using open Channel [id: 0x4f219e43, L:/127.0.0.1:54674 - R:localhost/127.0.0.1:30681] for GET '/session/5e43df51a2398010ab95769b83210f15/screenshot'
23:01:23.470 [AsyncHttpClient-1-11] DEBUG org.asynchttpclient.netty.handler.HttpHandler - 

Request DefaultFullHttpRequest(decodeResult: success, version: HTTP/1.1, content: EmptyByteBufBE)
GET /session/5e43df51a2398010ab95769b83210f15/screenshot HTTP/1.1
User-Agent: selenium/4.8.1 (java windows)
Cache-Control: no-cache
Content-Type: application/json; charset=utf-8
host: localhost:30681
accept: */*

Response DefaultHttpResponse(decodeResult: success, version: HTTP/1.1)
HTTP/1.1 200 OK
Content-Length: 85632
Content-Type: application/json; charset=utf-8
cache-control: no-cache

23:01:23.470 [AsyncHttpClient-1-11] DEBUG org.asynchttpclient.netty.channel.ChannelManager - Adding key: http://localhost:30681 for channel [id: 0x4f219e43, L:/127.0.0.1:54674 - R:localhost/127.0.0.1:30681]
23:01:23.473 [main] DEBUG net.serenitybdd.core.photography.Darkroom - Send negative for processing for target\site\serenity\367e37022248e04704202cd744f1c45c5d1756e1a87ee1a45ef5dcf31d3e1b62.png
23:01:23.473 [main] DEBUG net.thucydides.core.steps.StepInterceptor - STEP DONE: chooseProduct2
  &amp#27;[32mWhen &amp#27;[0m&amp#27;[32mI choose the product 2&amp#27;[0m                 &amp#27;[90m# starter.stepdefinitions.HomepageSteps.chooseTheProduct2()&amp#27;[0m
23:01:23.473 [Darkroom Processing Line] DEBUG net.serenitybdd.core.photography.DarkroomProcessingLine - Processing screenshot image in /var/screenshots/screenshot-2922806873904574080
23:01:23.473 [Darkroom Processing Line] DEBUG net.serenitybdd.core.photography.DarkroomProcessingLine - Saving screenshot to target\site\serenity\367e37022248e04704202cd744f1c45c5d1756e1a87ee1a45ef5dcf31d3e1b62.png
23:01:23.481 [Forwarding getPageSource on session 5e43df51a2398010ab95769b83210f15 to remote] DEBUG org.asynchttpclient.netty.request.NettyRequestSender - Using pooled Channel '[id: 0x4f219e43, L:/127.0.0.1:54674 - R:localhost/127.0.0.1:30681]' for 'POST' to 'http://localhost:30681/session/5e43df51a2398010ab95769b83210f15/execute/sync'
23:01:23.481 [Forwarding getPageSource on session 5e43df51a2398010ab95769b83210f15 to remote] DEBUG org.asynchttpclient.netty.request.NettyRequestSender - Using open Channel [id: 0x4f219e43, L:/127.0.0.1:54674 - R:localhost/127.0.0.1:30681] for POST '/session/5e43df51a2398010ab95769b83210f15/execute/sync'
23:01:23.549 [AsyncHttpClient-1-11] DEBUG org.asynchttpclient.netty.handler.HttpHandler - 

Request DefaultHttpRequest(decodeResult: success, version: HTTP/1.1)
POST /session/5e43df51a2398010ab95769b83210f15/execute/sync HTTP/1.1
User-Agent: selenium/4.8.1 (java windows)
Content-Length: 176
Content-Type: application/json; charset=utf-8
host: localhost:30681
accept: */*

Response DefaultHttpResponse(decodeResult: success, version: HTTP/1.1)
HTTP/1.1 200 OK
Content-Length: 817018
Content-Type: application/json; charset=utf-8
cache-control: no-cache

23:01:23.549 [AsyncHttpClient-1-11] DEBUG org.asynchttpclient.netty.channel.ChannelManager - Adding key: http://localhost:30681 for channel [id: 0x4f219e43, L:/127.0.0.1:54674 - R:localhost/127.0.0.1:30681]
23:01:23.615 [Forwarding getCurrentUrl on session 5e43df51a2398010ab95769b83210f15 to remote] DEBUG org.asynchttpclient.netty.request.NettyRequestSender - Using pooled Channel '[id: 0x4f219e43, L:/127.0.0.1:54674 - R:localhost/127.0.0.1:30681]' for 'GET' to 'http://localhost:30681/session/5e43df51a2398010ab95769b83210f15/url'
23:01:23.615 [Forwarding getCurrentUrl on session 5e43df51a2398010ab95769b83210f15 to remote] DEBUG org.asynchttpclient.netty.request.NettyRequestSender - Using open Channel [id: 0x4f219e43, L:/127.0.0.1:54674 - R:localhost/127.0.0.1:30681] for GET '/session/5e43df51a2398010ab95769b83210f15/url'
23:01:23.621 [AsyncHttpClient-1-11] DEBUG org.asynchttpclient.netty.handler.HttpHandler - 

Request DefaultFullHttpRequest(decodeResult: success, version: HTTP/1.1, content: EmptyByteBufBE)
GET /session/5e43df51a2398010ab95769b83210f15/url HTTP/1.1
User-Agent: selenium/4.8.1 (java windows)
Cache-Control: no-cache
Content-Type: application/json; charset=utf-8
host: localhost:30681
accept: */*

Response DefaultHttpResponse(decodeResult: success, version: HTTP/1.1)
HTTP/1.1 200 OK
Content-Length: 41
Content-Type: application/json; charset=utf-8
cache-control: no-cache

23:01:23.621 [AsyncHttpClient-1-11] DEBUG org.asynchttpclient.netty.channel.ChannelManager - Adding key: http://localhost:30681 for channel [id: 0x4f219e43, L:/127.0.0.1:54674 - R:localhost/127.0.0.1:30681]
23:01:23.630 [Forwarding getAlertText on session 5e43df51a2398010ab95769b83210f15 to remote] DEBUG org.asynchttpclient.netty.request.NettyRequestSender - Using pooled Channel '[id: 0x4f219e43, L:/127.0.0.1:54674 - R:localhost/127.0.0.1:30681]' for 'GET' to 'http://localhost:30681/session/5e43df51a2398010ab95769b83210f15/alert/text'
23:01:23.630 [Forwarding getAlertText on session 5e43df51a2398010ab95769b83210f15 to remote] DEBUG org.asynchttpclient.netty.request.NettyRequestSender - Using open Channel [id: 0x4f219e43, L:/127.0.0.1:54674 - R:localhost/127.0.0.1:30681] for GET '/session/5e43df51a2398010ab95769b83210f15/alert/text'
23:01:23.632 [AsyncHttpClient-1-11] DEBUG org.asynchttpclient.netty.handler.HttpHandler - 

Request DefaultFullHttpRequest(decodeResult: success, version: HTTP/1.1, content: EmptyByteBufBE)
GET /session/5e43df51a2398010ab95769b83210f15/alert/text HTTP/1.1
User-Agent: selenium/4.8.1 (java windows)
Cache-Control: no-cache
Content-Type: application/json; charset=utf-8
host: localhost:30681
accept: */*

Response DefaultHttpResponse(decodeResult: success, version: HTTP/1.1)
HTTP/1.1 404 Not Found
Content-Length: 820
Content-Type: application/json; charset=utf-8
cache-control: no-cache

23:01:23.632 [AsyncHttpClient-1-11] DEBUG org.asynchttpclient.netty.channel.ChannelManager - Adding key: http://localhost:30681 for channel [id: 0x4f219e43, L:/127.0.0.1:54674 - R:localhost/127.0.0.1:30681]
23:01:23.632 [Forwarding getCurrentUrl on session 5e43df51a2398010ab95769b83210f15 to remote] DEBUG org.asynchttpclient.netty.request.NettyRequestSender - Using pooled Channel '[id: 0x4f219e43, L:/127.0.0.1:54674 - R:localhost/127.0.0.1:30681]' for 'GET' to 'http://localhost:30681/session/5e43df51a2398010ab95769b83210f15/url'
23:01:23.632 [Forwarding getCurrentUrl on session 5e43df51a2398010ab95769b83210f15 to remote] DEBUG org.asynchttpclient.netty.request.NettyRequestSender - Using open Channel [id: 0x4f219e43, L:/127.0.0.1:54674 - R:localhost/127.0.0.1:30681] for GET '/session/5e43df51a2398010ab95769b83210f15/url'
23:01:23.638 [AsyncHttpClient-1-11] DEBUG org.asynchttpclient.netty.handler.HttpHandler - 

Request DefaultFullHttpRequest(decodeResult: success, version: HTTP/1.1, content: EmptyByteBufBE)
GET /session/5e43df51a2398010ab95769b83210f15/url HTTP/1.1
User-Agent: selenium/4.8.1 (java windows)
Cache-Control: no-cache
Content-Type: application/json; charset=utf-8
host: localhost:30681
accept: */*

Response DefaultHttpResponse(decodeResult: success, version: HTTP/1.1)
HTTP/1.1 200 OK
Content-Length: 41
Content-Type: application/json; charset=utf-8
cache-control: no-cache

23:01:23.638 [AsyncHttpClient-1-11] DEBUG org.asynchttpclient.netty.channel.ChannelManager - Adding key: http://localhost:30681 for channel [id: 0x4f219e43, L:/127.0.0.1:54674 - R:localhost/127.0.0.1:30681]
23:01:23.639 [Forwarding screenshot on session 5e43df51a2398010ab95769b83210f15 to remote] DEBUG org.asynchttpclient.netty.request.NettyRequestSender - Using pooled Channel '[id: 0x4f219e43, L:/127.0.0.1:54674 - R:localhost/127.0.0.1:30681]' for 'GET' to 'http://localhost:30681/session/5e43df51a2398010ab95769b83210f15/screenshot'
23:01:23.639 [Forwarding screenshot on session 5e43df51a2398010ab95769b83210f15 to remote] DEBUG org.asynchttpclient.netty.request.NettyRequestSender - Using open Channel [id: 0x4f219e43, L:/127.0.0.1:54674 - R:localhost/127.0.0.1:30681] for GET '/session/5e43df51a2398010ab95769b83210f15/screenshot'
23:01:23.758 [AsyncHttpClient-1-11] DEBUG org.asynchttpclient.netty.handler.HttpHandler - 

Request DefaultFullHttpRequest(decodeResult: success, version: HTTP/1.1, content: EmptyByteBufBE)
GET /session/5e43df51a2398010ab95769b83210f15/screenshot HTTP/1.1
User-Agent: selenium/4.8.1 (java windows)
Cache-Control: no-cache
Content-Type: application/json; charset=utf-8
host: localhost:30681
accept: */*

Response DefaultHttpResponse(decodeResult: success, version: HTTP/1.1)
HTTP/1.1 200 OK
Content-Length: 85632
Content-Type: application/json; charset=utf-8
cache-control: no-cache

23:01:23.758 [AsyncHttpClient-1-11] DEBUG org.asynchttpclient.netty.channel.ChannelManager - Adding key: http://localhost:30681 for channel [id: 0x4f219e43, L:/127.0.0.1:54674 - R:localhost/127.0.0.1:30681]
23:01:23.762 [main] DEBUG net.serenitybdd.core.photography.Darkroom - Send negative for processing for target\site\serenity\367e37022248e04704202cd744f1c45c5d1756e1a87ee1a45ef5dcf31d3e1b62.png
23:01:23.763 [Forwarding getPageSource on session 5e43df51a2398010ab95769b83210f15 to remote] DEBUG org.asynchttpclient.netty.request.NettyRequestSender - Using pooled Channel '[id: 0x4f219e43, L:/127.0.0.1:54674 - R:localhost/127.0.0.1:30681]' for 'POST' to 'http://localhost:30681/session/5e43df51a2398010ab95769b83210f15/execute/sync'
23:01:23.763 [Forwarding getPageSource on session 5e43df51a2398010ab95769b83210f15 to remote] DEBUG org.asynchttpclient.netty.request.NettyRequestSender - Using open Channel [id: 0x4f219e43, L:/127.0.0.1:54674 - R:localhost/127.0.0.1:30681] for POST '/session/5e43df51a2398010ab95769b83210f15/execute/sync'
23:01:23.831 [AsyncHttpClient-1-11] DEBUG org.asynchttpclient.netty.handler.HttpHandler - 

Request DefaultHttpRequest(decodeResult: success, version: HTTP/1.1)
POST /session/5e43df51a2398010ab95769b83210f15/execute/sync HTTP/1.1
User-Agent: selenium/4.8.1 (java windows)
Content-Length: 176
Content-Type: application/json; charset=utf-8
host: localhost:30681
accept: */*

Response DefaultHttpResponse(decodeResult: success, version: HTTP/1.1)
HTTP/1.1 200 OK
Content-Length: 817018
Content-Type: application/json; charset=utf-8
cache-control: no-cache

23:01:23.831 [AsyncHttpClient-1-11] DEBUG org.asynchttpclient.netty.channel.ChannelManager - Adding key: http://localhost:30681 for channel [id: 0x4f219e43, L:/127.0.0.1:54674 - R:localhost/127.0.0.1:30681]
23:01:23.949 [Forwarding getCurrentUrl on session 5e43df51a2398010ab95769b83210f15 to remote] DEBUG org.asynchttpclient.netty.request.NettyRequestSender - Using pooled Channel '[id: 0x4f219e43, L:/127.0.0.1:54674 - R:localhost/127.0.0.1:30681]' for 'GET' to 'http://localhost:30681/session/5e43df51a2398010ab95769b83210f15/url'
23:01:23.949 [Forwarding getCurrentUrl on session 5e43df51a2398010ab95769b83210f15 to remote] DEBUG org.asynchttpclient.netty.request.NettyRequestSender - Using open Channel [id: 0x4f219e43, L:/127.0.0.1:54674 - R:localhost/127.0.0.1:30681] for GET '/session/5e43df51a2398010ab95769b83210f15/url'
23:01:23.957 [AsyncHttpClient-1-11] DEBUG org.asynchttpclient.netty.handler.HttpHandler - 

Request DefaultFullHttpRequest(decodeResult: success, version: HTTP/1.1, content: EmptyByteBufBE)
GET /session/5e43df51a2398010ab95769b83210f15/url HTTP/1.1
User-Agent: selenium/4.8.1 (java windows)
Cache-Control: no-cache
Content-Type: application/json; charset=utf-8
host: localhost:30681
accept: */*

Response DefaultHttpResponse(decodeResult: success, version: HTTP/1.1)
HTTP/1.1 200 OK
Content-Length: 41
Content-Type: application/json; charset=utf-8
cache-control: no-cache

23:01:23.957 [AsyncHttpClient-1-11] DEBUG org.asynchttpclient.netty.channel.ChannelManager - Adding key: http://localhost:30681 for channel [id: 0x4f219e43, L:/127.0.0.1:54674 - R:localhost/127.0.0.1:30681]
23:01:23.961 [main] DEBUG net.thucydides.core.steps.StepInterceptor - STARTING STEP: HomepageSteps.clickDetailButton2 - clickDetailProduk2
23:01:23.964 [Forwarding findElement on session 5e43df51a2398010ab95769b83210f15 to remote] DEBUG org.asynchttpclient.netty.request.NettyRequestSender - Using pooled Channel '[id: 0x4f219e43, L:/127.0.0.1:54674 - R:localhost/127.0.0.1:30681]' for 'POST' to 'http://localhost:30681/session/5e43df51a2398010ab95769b83210f15/element'
23:01:23.964 [Forwarding findElement on session 5e43df51a2398010ab95769b83210f15 to remote] DEBUG org.asynchttpclient.netty.request.NettyRequestSender - Using open Channel [id: 0x4f219e43, L:/127.0.0.1:54674 - R:localhost/127.0.0.1:30681] for POST '/session/5e43df51a2398010ab95769b83210f15/element'
23:01:23.983 [AsyncHttpClient-1-11] DEBUG org.asynchttpclient.netty.handler.HttpHandler - 

Request DefaultHttpRequest(decodeResult: success, version: HTTP/1.1)
POST /session/5e43df51a2398010ab95769b83210f15/element HTTP/1.1
User-Agent: selenium/4.8.1 (java windows)
Content-Length: 113
Content-Type: application/json; charset=utf-8
host: localhost:30681
accept: */*

Response DefaultHttpResponse(decodeResult: success, version: HTTP/1.1)
HTTP/1.1 200 OK
Content-Length: 95
Content-Type: application/json; charset=utf-8
cache-control: no-cache

23:01:23.983 [AsyncHttpClient-1-11] DEBUG org.asynchttpclient.netty.channel.ChannelManager - Adding key: http://localhost:30681 for channel [id: 0x4f219e43, L:/127.0.0.1:54674 - R:localhost/127.0.0.1:30681]
23:01:23.984 [Forwarding getElementTagName on session 5e43df51a2398010ab95769b83210f15 to remote] DEBUG org.asynchttpclient.netty.request.NettyRequestSender - Using pooled Channel '[id: 0x4f219e43, L:/127.0.0.1:54674 - R:localhost/127.0.0.1:30681]' for 'GET' to 'http://localhost:30681/session/5e43df51a2398010ab95769b83210f15/element/D01577A1640FCF9F940C9499A1F2AD9E_element_11/name'
23:01:23.984 [Forwarding getElementTagName on session 5e43df51a2398010ab95769b83210f15 to remote] DEBUG org.asynchttpclient.netty.request.NettyRequestSender - Using open Channel [id: 0x4f219e43, L:/127.0.0.1:54674 - R:localhost/127.0.0.1:30681] for GET '/session/5e43df51a2398010ab95769b83210f15/element/D01577A1640FCF9F940C9499A1F2AD9E_element_11/name'
23:01:23.991 [AsyncHttpClient-1-11] DEBUG org.asynchttpclient.netty.handler.HttpHandler - 

Request DefaultFullHttpRequest(decodeResult: success, version: HTTP/1.1, content: EmptyByteBufBE)
GET /session/5e43df51a2398010ab95769b83210f15/element/D01577A1640FCF9F940C9499A1F2AD9E_element_11/name HTTP/1.1
User-Agent: selenium/4.8.1 (java windows)
Cache-Control: no-cache
Content-Type: application/json; charset=utf-8
host: localhost:30681
accept: */*

Response DefaultHttpResponse(decodeResult: success, version: HTTP/1.1)
HTTP/1.1 200 OK
Content-Length: 18
Content-Type: application/json; charset=utf-8
cache-control: no-cache

23:01:23.991 [AsyncHttpClient-1-11] DEBUG org.asynchttpclient.netty.channel.ChannelManager - Adding key: http://localhost:30681 for channel [id: 0x4f219e43, L:/127.0.0.1:54674 - R:localhost/127.0.0.1:30681]
23:01:23.992 [Forwarding getElementTagName on session 5e43df51a2398010ab95769b83210f15 to remote] DEBUG org.asynchttpclient.netty.request.NettyRequestSender - Using pooled Channel '[id: 0x4f219e43, L:/127.0.0.1:54674 - R:localhost/127.0.0.1:30681]' for 'GET' to 'http://localhost:30681/session/5e43df51a2398010ab95769b83210f15/element/D01577A1640FCF9F940C9499A1F2AD9E_element_11/name'
23:01:23.992 [Forwarding getElementTagName on session 5e43df51a2398010ab95769b83210f15 to remote] DEBUG org.asynchttpclient.netty.request.NettyRequestSender - Using open Channel [id: 0x4f219e43, L:/127.0.0.1:54674 - R:localhost/127.0.0.1:30681] for GET '/session/5e43df51a2398010ab95769b83210f15/element/D01577A1640FCF9F940C9499A1F2AD9E_element_11/name'
23:01:23.999 [AsyncHttpClient-1-11] DEBUG org.asynchttpclient.netty.handler.HttpHandler - 

Request DefaultFullHttpRequest(decodeResult: success, version: HTTP/1.1, content: EmptyByteBufBE)
GET /session/5e43df51a2398010ab95769b83210f15/element/D01577A1640FCF9F940C9499A1F2AD9E_element_11/name HTTP/1.1
User-Agent: selenium/4.8.1 (java windows)
Cache-Control: no-cache
Content-Type: application/json; charset=utf-8
host: localhost:30681
accept: */*

Response DefaultHttpResponse(decodeResult: success, version: HTTP/1.1)
HTTP/1.1 200 OK
Content-Length: 18
Content-Type: application/json; charset=utf-8
cache-control: no-cache

23:01:23.999 [AsyncHttpClient-1-11] DEBUG org.asynchttpclient.netty.channel.ChannelManager - Adding key: http://localhost:30681 for channel [id: 0x4f219e43, L:/127.0.0.1:54674 - R:localhost/127.0.0.1:30681]
23:01:24.001 [Forwarding isElementEnabled on session 5e43df51a2398010ab95769b83210f15 to remote] DEBUG org.asynchttpclient.netty.request.NettyRequestSender - Using pooled Channel '[id: 0x4f219e43, L:/127.0.0.1:54674 - R:localhost/127.0.0.1:30681]' for 'GET' to 'http://localhost:30681/session/5e43df51a2398010ab95769b83210f15/element/D01577A1640FCF9F940C9499A1F2AD9E_element_11/enabled'
23:01:24.001 [Forwarding isElementEnabled on session 5e43df51a2398010ab95769b83210f15 to remote] DEBUG org.asynchttpclient.netty.request.NettyRequestSender - Using open Channel [id: 0x4f219e43, L:/127.0.0.1:54674 - R:localhost/127.0.0.1:30681] for GET '/session/5e43df51a2398010ab95769b83210f15/element/D01577A1640FCF9F940C9499A1F2AD9E_element_11/enabled'
23:01:24.006 [AsyncHttpClient-1-1] DEBUG org.asynchttpclient.netty.channel.DefaultChannelPool - Entry count for : http://localhost:54676 : 1
23:01:24.013 [AsyncHttpClient-1-11] DEBUG org.asynchttpclient.netty.handler.HttpHandler - 

Request DefaultFullHttpRequest(decodeResult: success, version: HTTP/1.1, content: EmptyByteBufBE)
GET /session/5e43df51a2398010ab95769b83210f15/element/D01577A1640FCF9F940C9499A1F2AD9E_element_11/enabled HTTP/1.1
User-Agent: selenium/4.8.1 (java windows)
Cache-Control: no-cache
Content-Type: application/json; charset=utf-8
host: localhost:30681
accept: */*

Response DefaultHttpResponse(decodeResult: success, version: HTTP/1.1)
HTTP/1.1 200 OK
Content-Length: 14
Content-Type: application/json; charset=utf-8
cache-control: no-cache

23:01:24.013 [AsyncHttpClient-1-11] DEBUG org.asynchttpclient.netty.channel.ChannelManager - Adding key: http://localhost:30681 for channel [id: 0x4f219e43, L:/127.0.0.1:54674 - R:localhost/127.0.0.1:30681]
23:01:24.013 [Forwarding isElementEnabled on session 5e43df51a2398010ab95769b83210f15 to remote] DEBUG org.asynchttpclient.netty.request.NettyRequestSender - Using pooled Channel '[id: 0x4f219e43, L:/127.0.0.1:54674 - R:localhost/127.0.0.1:30681]' for 'GET' to 'http://localhost:30681/session/5e43df51a2398010ab95769b83210f15/element/D01577A1640FCF9F940C9499A1F2AD9E_element_11/enabled'
23:01:24.014 [Forwarding isElementEnabled on session 5e43df51a2398010ab95769b83210f15 to remote] DEBUG org.asynchttpclient.netty.request.NettyRequestSender - Using open Channel [id: 0x4f219e43, L:/127.0.0.1:54674 - R:localhost/127.0.0.1:30681] for GET '/session/5e43df51a2398010ab95769b83210f15/element/D01577A1640FCF9F940C9499A1F2AD9E_element_11/enabled'
23:01:24.024 [AsyncHttpClient-1-11] DEBUG org.asynchttpclient.netty.handler.HttpHandler - 

Request DefaultFullHttpRequest(decodeResult: success, version: HTTP/1.1, content: EmptyByteBufBE)
GET /session/5e43df51a2398010ab95769b83210f15/element/D01577A1640FCF9F940C9499A1F2AD9E_element_11/enabled HTTP/1.1
User-Agent: selenium/4.8.1 (java windows)
Cache-Control: no-cache
Content-Type: application/json; charset=utf-8
host: localhost:30681
accept: */*

Response DefaultHttpResponse(decodeResult: success, version: HTTP/1.1)
HTTP/1.1 200 OK
Content-Length: 14
Content-Type: application/json; charset=utf-8
cache-control: no-cache

23:01:24.024 [AsyncHttpClient-1-11] DEBUG org.asynchttpclient.netty.channel.ChannelManager - Adding key: http://localhost:30681 for channel [id: 0x4f219e43, L:/127.0.0.1:54674 - R:localhost/127.0.0.1:30681]
23:01:24.025 [Forwarding findElement on session 5e43df51a2398010ab95769b83210f15 to remote] DEBUG org.asynchttpclient.netty.request.NettyRequestSender - Using pooled Channel '[id: 0x4f219e43, L:/127.0.0.1:54674 - R:localhost/127.0.0.1:30681]' for 'POST' to 'http://localhost:30681/session/5e43df51a2398010ab95769b83210f15/element'
23:01:24.025 [Forwarding findElement on session 5e43df51a2398010ab95769b83210f15 to remote] DEBUG org.asynchttpclient.netty.request.NettyRequestSender - Using open Channel [id: 0x4f219e43, L:/127.0.0.1:54674 - R:localhost/127.0.0.1:30681] for POST '/session/5e43df51a2398010ab95769b83210f15/element'
23:01:24.040 [AsyncHttpClient-1-11] DEBUG org.asynchttpclient.netty.handler.HttpHandler - 

Request DefaultHttpRequest(decodeResult: success, version: HTTP/1.1)
POST /session/5e43df51a2398010ab95769b83210f15/element HTTP/1.1
User-Agent: selenium/4.8.1 (java windows)
Content-Length: 113
Content-Type: application/json; charset=utf-8
host: localhost:30681
accept: */*

Response DefaultHttpResponse(decodeResult: success, version: HTTP/1.1)
HTTP/1.1 200 OK
Content-Length: 95
Content-Type: application/json; charset=utf-8
cache-control: no-cache

23:01:24.040 [AsyncHttpClient-1-11] DEBUG org.asynchttpclient.netty.channel.ChannelManager - Adding key: http://localhost:30681 for channel [id: 0x4f219e43, L:/127.0.0.1:54674 - R:localhost/127.0.0.1:30681]
23:01:24.040 [Forwarding clickElement on session 5e43df51a2398010ab95769b83210f15 to remote] DEBUG org.asynchttpclient.netty.request.NettyRequestSender - Using pooled Channel '[id: 0x4f219e43, L:/127.0.0.1:54674 - R:localhost/127.0.0.1:30681]' for 'POST' to 'http://localhost:30681/session/5e43df51a2398010ab95769b83210f15/element/D01577A1640FCF9F940C9499A1F2AD9E_element_11/click'
23:01:24.040 [Forwarding clickElement on session 5e43df51a2398010ab95769b83210f15 to remote] DEBUG org.asynchttpclient.netty.request.NettyRequestSender - Using open Channel [id: 0x4f219e43, L:/127.0.0.1:54674 - R:localhost/127.0.0.1:30681] for POST '/session/5e43df51a2398010ab95769b83210f15/element/D01577A1640FCF9F940C9499A1F2AD9E_element_11/click'
23:01:24.133 [AsyncHttpClient-1-11] DEBUG org.asynchttpclient.netty.handler.HttpHandler - 

Request DefaultHttpRequest(decodeResult: success, version: HTTP/1.1)
POST /session/5e43df51a2398010ab95769b83210f15/element/D01577A1640FCF9F940C9499A1F2AD9E_element_11/click HTTP/1.1
User-Agent: selenium/4.8.1 (java windows)
Content-Length: 57
Content-Type: application/json; charset=utf-8
host: localhost:30681
accept: */*

Response DefaultHttpResponse(decodeResult: success, version: HTTP/1.1)
HTTP/1.1 200 OK
Content-Length: 14
Content-Type: application/json; charset=utf-8
cache-control: no-cache

23:01:24.133 [AsyncHttpClient-1-11] DEBUG org.asynchttpclient.netty.channel.ChannelManager - Adding key: http://localhost:30681 for channel [id: 0x4f219e43, L:/127.0.0.1:54674 - R:localhost/127.0.0.1:30681]
23:01:24.139 [Forwarding getAlertText on session 5e43df51a2398010ab95769b83210f15 to remote] DEBUG org.asynchttpclient.netty.request.NettyRequestSender - Using pooled Channel '[id: 0x4f219e43, L:/127.0.0.1:54674 - R:localhost/127.0.0.1:30681]' for 'GET' to 'http://localhost:30681/session/5e43df51a2398010ab95769b83210f15/alert/text'
23:01:24.140 [Forwarding getAlertText on session 5e43df51a2398010ab95769b83210f15 to remote] DEBUG org.asynchttpclient.netty.request.NettyRequestSender - Using open Channel [id: 0x4f219e43, L:/127.0.0.1:54674 - R:localhost/127.0.0.1:30681] for GET '/session/5e43df51a2398010ab95769b83210f15/alert/text'
23:01:24.364 [AsyncHttpClient-1-11] DEBUG org.asynchttpclient.netty.handler.HttpHandler - 

Request DefaultFullHttpRequest(decodeResult: success, version: HTTP/1.1, content: EmptyByteBufBE)
GET /session/5e43df51a2398010ab95769b83210f15/alert/text HTTP/1.1
User-Agent: selenium/4.8.1 (java windows)
Cache-Control: no-cache
Content-Type: application/json; charset=utf-8
host: localhost:30681
accept: */*

Response DefaultHttpResponse(decodeResult: success, version: HTTP/1.1)
HTTP/1.1 404 Not Found
Content-Length: 820
Content-Type: application/json; charset=utf-8
cache-control: no-cache

23:01:24.364 [AsyncHttpClient-1-11] DEBUG org.asynchttpclient.netty.channel.ChannelManager - Adding key: http://localhost:30681 for channel [id: 0x4f219e43, L:/127.0.0.1:54674 - R:localhost/127.0.0.1:30681]
23:01:24.365 [Forwarding getCurrentUrl on session 5e43df51a2398010ab95769b83210f15 to remote] DEBUG org.asynchttpclient.netty.request.NettyRequestSender - Using pooled Channel '[id: 0x4f219e43, L:/127.0.0.1:54674 - R:localhost/127.0.0.1:30681]' for 'GET' to 'http://localhost:30681/session/5e43df51a2398010ab95769b83210f15/url'
23:01:24.365 [Forwarding getCurrentUrl on session 5e43df51a2398010ab95769b83210f15 to remote] DEBUG org.asynchttpclient.netty.request.NettyRequestSender - Using open Channel [id: 0x4f219e43, L:/127.0.0.1:54674 - R:localhost/127.0.0.1:30681] for GET '/session/5e43df51a2398010ab95769b83210f15/url'
23:01:24.373 [AsyncHttpClient-1-11] DEBUG org.asynchttpclient.netty.handler.HttpHandler - 

Request DefaultFullHttpRequest(decodeResult: success, version: HTTP/1.1, content: EmptyByteBufBE)
GET /session/5e43df51a2398010ab95769b83210f15/url HTTP/1.1
User-Agent: selenium/4.8.1 (java windows)
Cache-Control: no-cache
Content-Type: application/json; charset=utf-8
host: localhost:30681
accept: */*

Response DefaultHttpResponse(decodeResult: success, version: HTTP/1.1)
HTTP/1.1 200 OK
Content-Length: 55
Content-Type: application/json; charset=utf-8
cache-control: no-cache

23:01:24.373 [AsyncHttpClient-1-11] DEBUG org.asynchttpclient.netty.channel.ChannelManager - Adding key: http://localhost:30681 for channel [id: 0x4f219e43, L:/127.0.0.1:54674 - R:localhost/127.0.0.1:30681]
23:01:24.373 [Forwarding screenshot on session 5e43df51a2398010ab95769b83210f15 to remote] DEBUG org.asynchttpclient.netty.request.NettyRequestSender - Using pooled Channel '[id: 0x4f219e43, L:/127.0.0.1:54674 - R:localhost/127.0.0.1:30681]' for 'GET' to 'http://localhost:30681/session/5e43df51a2398010ab95769b83210f15/screenshot'
23:01:24.373 [Forwarding screenshot on session 5e43df51a2398010ab95769b83210f15 to remote] DEBUG org.asynchttpclient.netty.request.NettyRequestSender - Using open Channel [id: 0x4f219e43, L:/127.0.0.1:54674 - R:localhost/127.0.0.1:30681] for GET '/session/5e43df51a2398010ab95769b83210f15/screenshot'
23:01:24.668 [AsyncHttpClient-1-11] DEBUG org.asynchttpclient.netty.handler.HttpHandler - 

Request DefaultFullHttpRequest(decodeResult: success, version: HTTP/1.1, content: EmptyByteBufBE)
GET /session/5e43df51a2398010ab95769b83210f15/screenshot HTTP/1.1
User-Agent: selenium/4.8.1 (java windows)
Cache-Control: no-cache
Content-Type: application/json; charset=utf-8
host: localhost:30681
accept: */*

Response DefaultHttpResponse(decodeResult: success, version: HTTP/1.1)
HTTP/1.1 200 OK
Content-Length: 29112
Content-Type: application/json; charset=utf-8
cache-control: no-cache

23:01:24.668 [AsyncHttpClient-1-11] DEBUG org.asynchttpclient.netty.channel.ChannelManager - Adding key: http://localhost:30681 for channel [id: 0x4f219e43, L:/127.0.0.1:54674 - R:localhost/127.0.0.1:30681]
23:01:24.670 [main] DEBUG net.serenitybdd.core.photography.Darkroom - Send negative for processing for target\site\serenity\596cdc9b01d8692cdc14d94ec0e10a553648e1d4571c03a37dd9f27d8c057185.png
23:01:24.670 [main] DEBUG net.thucydides.core.steps.StepInterceptor - STEP DONE: clickDetailProduk2
  &amp#27;[32mAnd &amp#27;[0m&amp#27;[32mI click detail button product 2&amp#27;[0m         &amp#27;[90m# starter.stepdefinitions.HomepageSteps.clickDetailButton2()&amp#27;[0m
23:01:24.670 [Darkroom Processing Line] DEBUG net.serenitybdd.core.photography.DarkroomProcessingLine - Processing screenshot image in /var/screenshots/screenshot-6188518406554504767
23:01:24.670 [Darkroom Processing Line] DEBUG net.serenitybdd.core.photography.DarkroomProcessingLine - Saving screenshot to target\site\serenity\596cdc9b01d8692cdc14d94ec0e10a553648e1d4571c03a37dd9f27d8c057185.png
23:01:24.679 [Forwarding getPageSource on session 5e43df51a2398010ab95769b83210f15 to remote] DEBUG org.asynchttpclient.netty.request.NettyRequestSender - Using pooled Channel '[id: 0x4f219e43, L:/127.0.0.1:54674 - R:localhost/127.0.0.1:30681]' for 'POST' to 'http://localhost:30681/session/5e43df51a2398010ab95769b83210f15/execute/sync'
23:01:24.679 [Forwarding getPageSource on session 5e43df51a2398010ab95769b83210f15 to remote] DEBUG org.asynchttpclient.netty.request.NettyRequestSender - Using open Channel [id: 0x4f219e43, L:/127.0.0.1:54674 - R:localhost/127.0.0.1:30681] for POST '/session/5e43df51a2398010ab95769b83210f15/execute/sync'
23:01:24.687 [AsyncHttpClient-1-11] DEBUG org.asynchttpclient.netty.handler.HttpHandler - 

Request DefaultHttpRequest(decodeResult: success, version: HTTP/1.1)
POST /session/5e43df51a2398010ab95769b83210f15/execute/sync HTTP/1.1
User-Agent: selenium/4.8.1 (java windows)
Content-Length: 176
Content-Type: application/json; charset=utf-8
host: localhost:30681
accept: */*

Response DefaultHttpResponse(decodeResult: success, version: HTTP/1.1)
HTTP/1.1 200 OK
Content-Length: 21286
Content-Type: application/json; charset=utf-8
cache-control: no-cache

23:01:24.687 [AsyncHttpClient-1-11] DEBUG org.asynchttpclient.netty.channel.ChannelManager - Adding key: http://localhost:30681 for channel [id: 0x4f219e43, L:/127.0.0.1:54674 - R:localhost/127.0.0.1:30681]
23:01:24.689 [Forwarding getCurrentUrl on session 5e43df51a2398010ab95769b83210f15 to remote] DEBUG org.asynchttpclient.netty.request.NettyRequestSender - Using pooled Channel '[id: 0x4f219e43, L:/127.0.0.1:54674 - R:localhost/127.0.0.1:30681]' for 'GET' to 'http://localhost:30681/session/5e43df51a2398010ab95769b83210f15/url'
23:01:24.689 [Forwarding getCurrentUrl on session 5e43df51a2398010ab95769b83210f15 to remote] DEBUG org.asynchttpclient.netty.request.NettyRequestSender - Using open Channel [id: 0x4f219e43, L:/127.0.0.1:54674 - R:localhost/127.0.0.1:30681] for GET '/session/5e43df51a2398010ab95769b83210f15/url'
23:01:24.695 [AsyncHttpClient-1-11] DEBUG org.asynchttpclient.netty.handler.HttpHandler - 

Request DefaultFullHttpRequest(decodeResult: success, version: HTTP/1.1, content: EmptyByteBufBE)
GET /session/5e43df51a2398010ab95769b83210f15/url HTTP/1.1
User-Agent: selenium/4.8.1 (java windows)
Cache-Control: no-cache
Content-Type: application/json; charset=utf-8
host: localhost:30681
accept: */*

Response DefaultHttpResponse(decodeResult: success, version: HTTP/1.1)
HTTP/1.1 200 OK
Content-Length: 55
Content-Type: application/json; charset=utf-8
cache-control: no-cache

23:01:24.695 [AsyncHttpClient-1-11] DEBUG org.asynchttpclient.netty.channel.ChannelManager - Adding key: http://localhost:30681 for channel [id: 0x4f219e43, L:/127.0.0.1:54674 - R:localhost/127.0.0.1:30681]
23:01:24.702 [Forwarding getPageSource on session 5e43df51a2398010ab95769b83210f15 to remote] DEBUG org.asynchttpclient.netty.request.NettyRequestSender - Using pooled Channel '[id: 0x4f219e43, L:/127.0.0.1:54674 - R:localhost/127.0.0.1:30681]' for 'POST' to 'http://localhost:30681/session/5e43df51a2398010ab95769b83210f15/execute/sync'
23:01:24.702 [Forwarding getPageSource on session 5e43df51a2398010ab95769b83210f15 to remote] DEBUG org.asynchttpclient.netty.request.NettyRequestSender - Using open Channel [id: 0x4f219e43, L:/127.0.0.1:54674 - R:localhost/127.0.0.1:30681] for POST '/session/5e43df51a2398010ab95769b83210f15/execute/sync'
23:01:24.711 [AsyncHttpClient-1-11] DEBUG org.asynchttpclient.netty.handler.HttpHandler - 

Request DefaultHttpRequest(decodeResult: success, version: HTTP/1.1)
POST /session/5e43df51a2398010ab95769b83210f15/execute/sync HTTP/1.1
User-Agent: selenium/4.8.1 (java windows)
Content-Length: 176
Content-Type: application/json; charset=utf-8
host: localhost:30681
accept: */*

Response DefaultHttpResponse(decodeResult: success, version: HTTP/1.1)
HTTP/1.1 200 OK
Content-Length: 21286
Content-Type: application/json; charset=utf-8
cache-control: no-cache

23:01:24.711 [AsyncHttpClient-1-11] DEBUG org.asynchttpclient.netty.channel.ChannelManager - Adding key: http://localhost:30681 for channel [id: 0x4f219e43, L:/127.0.0.1:54674 - R:localhost/127.0.0.1:30681]
23:01:24.713 [Forwarding getCurrentUrl on session 5e43df51a2398010ab95769b83210f15 to remote] DEBUG org.asynchttpclient.netty.request.NettyRequestSender - Using pooled Channel '[id: 0x4f219e43, L:/127.0.0.1:54674 - R:localhost/127.0.0.1:30681]' for 'GET' to 'http://localhost:30681/session/5e43df51a2398010ab95769b83210f15/url'
23:01:24.713 [Forwarding getCurrentUrl on session 5e43df51a2398010ab95769b83210f15 to remote] DEBUG org.asynchttpclient.netty.request.NettyRequestSender - Using open Channel [id: 0x4f219e43, L:/127.0.0.1:54674 - R:localhost/127.0.0.1:30681] for GET '/session/5e43df51a2398010ab95769b83210f15/url'
23:01:24.720 [AsyncHttpClient-1-11] DEBUG org.asynchttpclient.netty.handler.HttpHandler - 

Request DefaultFullHttpRequest(decodeResult: success, version: HTTP/1.1, content: EmptyByteBufBE)
GET /session/5e43df51a2398010ab95769b83210f15/url HTTP/1.1
User-Agent: selenium/4.8.1 (java windows)
Cache-Control: no-cache
Content-Type: application/json; charset=utf-8
host: localhost:30681
accept: */*

Response DefaultHttpResponse(decodeResult: success, version: HTTP/1.1)
HTTP/1.1 200 OK
Content-Length: 55
Content-Type: application/json; charset=utf-8
cache-control: no-cache

23:01:24.720 [AsyncHttpClient-1-11] DEBUG org.asynchttpclient.netty.channel.ChannelManager - Adding key: http://localhost:30681 for channel [id: 0x4f219e43, L:/127.0.0.1:54674 - R:localhost/127.0.0.1:30681]
23:01:24.722 [main] DEBUG net.thucydides.core.steps.StepInterceptor - STARTING STEP: HomepageSteps.goToDetailInformation - detailInformation
23:01:24.723 [Forwarding findElement on session 5e43df51a2398010ab95769b83210f15 to remote] DEBUG org.asynchttpclient.netty.request.NettyRequestSender - Using pooled Channel '[id: 0x4f219e43, L:/127.0.0.1:54674 - R:localhost/127.0.0.1:30681]' for 'POST' to 'http://localhost:30681/session/5e43df51a2398010ab95769b83210f15/element'
23:01:24.723 [Forwarding findElement on session 5e43df51a2398010ab95769b83210f15 to remote] DEBUG org.asynchttpclient.netty.request.NettyRequestSender - Using open Channel [id: 0x4f219e43, L:/127.0.0.1:54674 - R:localhost/127.0.0.1:30681] for POST '/session/5e43df51a2398010ab95769b83210f15/element'
23:01:24.738 [AsyncHttpClient-1-11] DEBUG org.asynchttpclient.netty.handler.HttpHandler - 

Request DefaultHttpRequest(decodeResult: success, version: HTTP/1.1)
POST /session/5e43df51a2398010ab95769b83210f15/element HTTP/1.1
User-Agent: selenium/4.8.1 (java windows)
Content-Length: 118
Content-Type: application/json; charset=utf-8
host: localhost:30681
accept: */*

Response DefaultHttpResponse(decodeResult: success, version: HTTP/1.1)
HTTP/1.1 200 OK
Content-Length: 95
Content-Type: application/json; charset=utf-8
cache-control: no-cache

23:01:24.738 [AsyncHttpClient-1-11] DEBUG org.asynchttpclient.netty.channel.ChannelManager - Adding key: http://localhost:30681 for channel [id: 0x4f219e43, L:/127.0.0.1:54674 - R:localhost/127.0.0.1:30681]
23:01:24.741 [Forwarding isElementDisplayed on session 5e43df51a2398010ab95769b83210f15 to remote] DEBUG org.asynchttpclient.netty.request.NettyRequestSender - Using pooled Channel '[id: 0x4f219e43, L:/127.0.0.1:54674 - R:localhost/127.0.0.1:30681]' for 'POST' to 'http://localhost:30681/session/5e43df51a2398010ab95769b83210f15/execute/sync'
23:01:24.741 [Forwarding isElementDisplayed on session 5e43df51a2398010ab95769b83210f15 to remote] DEBUG org.asynchttpclient.netty.request.NettyRequestSender - Using open Channel [id: 0x4f219e43, L:/127.0.0.1:54674 - R:localhost/127.0.0.1:30681] for POST '/session/5e43df51a2398010ab95769b83210f15/execute/sync'
23:01:24.760 [AsyncHttpClient-1-11] DEBUG org.asynchttpclient.netty.handler.HttpHandler - 

Request DefaultHttpRequest(decodeResult: success, version: HTTP/1.1)
POST /session/5e43df51a2398010ab95769b83210f15/execute/sync HTTP/1.1
User-Agent: selenium/4.8.1 (java windows)
Content-Length: 48814
Content-Type: application/json; charset=utf-8
host: localhost:30681
accept: */*

Response DefaultHttpResponse(decodeResult: success, version: HTTP/1.1)
HTTP/1.1 200 OK
Content-Length: 14
Content-Type: application/json; charset=utf-8
cache-control: no-cache

23:01:24.760 [AsyncHttpClient-1-11] DEBUG org.asynchttpclient.netty.channel.ChannelManager - Adding key: http://localhost:30681 for channel [id: 0x4f219e43, L:/127.0.0.1:54674 - R:localhost/127.0.0.1:30681]
23:01:24.765 [Forwarding getAlertText on session 5e43df51a2398010ab95769b83210f15 to remote] DEBUG org.asynchttpclient.netty.request.NettyRequestSender - Using pooled Channel '[id: 0x4f219e43, L:/127.0.0.1:54674 - R:localhost/127.0.0.1:30681]' for 'GET' to 'http://localhost:30681/session/5e43df51a2398010ab95769b83210f15/alert/text'
23:01:24.765 [Forwarding getAlertText on session 5e43df51a2398010ab95769b83210f15 to remote] DEBUG org.asynchttpclient.netty.request.NettyRequestSender - Using open Channel [id: 0x4f219e43, L:/127.0.0.1:54674 - R:localhost/127.0.0.1:30681] for GET '/session/5e43df51a2398010ab95769b83210f15/alert/text'
23:01:24.767 [AsyncHttpClient-1-11] DEBUG org.asynchttpclient.netty.handler.HttpHandler - 

Request DefaultFullHttpRequest(decodeResult: success, version: HTTP/1.1, content: EmptyByteBufBE)
GET /session/5e43df51a2398010ab95769b83210f15/alert/text HTTP/1.1
User-Agent: selenium/4.8.1 (java windows)
Cache-Control: no-cache
Content-Type: application/json; charset=utf-8
host: localhost:30681
accept: */*

Response DefaultHttpResponse(decodeResult: success, version: HTTP/1.1)
HTTP/1.1 404 Not Found
Content-Length: 820
Content-Type: application/json; charset=utf-8
cache-control: no-cache

23:01:24.767 [AsyncHttpClient-1-11] DEBUG org.asynchttpclient.netty.channel.ChannelManager - Adding key: http://localhost:30681 for channel [id: 0x4f219e43, L:/127.0.0.1:54674 - R:localhost/127.0.0.1:30681]
23:01:24.767 [Forwarding getCurrentUrl on session 5e43df51a2398010ab95769b83210f15 to remote] DEBUG org.asynchttpclient.netty.request.NettyRequestSender - Using pooled Channel '[id: 0x4f219e43, L:/127.0.0.1:54674 - R:localhost/127.0.0.1:30681]' for 'GET' to 'http://localhost:30681/session/5e43df51a2398010ab95769b83210f15/url'
23:01:24.767 [Forwarding getCurrentUrl on session 5e43df51a2398010ab95769b83210f15 to remote] DEBUG org.asynchttpclient.netty.request.NettyRequestSender - Using open Channel [id: 0x4f219e43, L:/127.0.0.1:54674 - R:localhost/127.0.0.1:30681] for GET '/session/5e43df51a2398010ab95769b83210f15/url'
23:01:24.774 [AsyncHttpClient-1-11] DEBUG org.asynchttpclient.netty.handler.HttpHandler - 

Request DefaultFullHttpRequest(decodeResult: success, version: HTTP/1.1, content: EmptyByteBufBE)
GET /session/5e43df51a2398010ab95769b83210f15/url HTTP/1.1
User-Agent: selenium/4.8.1 (java windows)
Cache-Control: no-cache
Content-Type: application/json; charset=utf-8
host: localhost:30681
accept: */*

Response DefaultHttpResponse(decodeResult: success, version: HTTP/1.1)
HTTP/1.1 200 OK
Content-Length: 55
Content-Type: application/json; charset=utf-8
cache-control: no-cache

23:01:24.774 [AsyncHttpClient-1-11] DEBUG org.asynchttpclient.netty.channel.ChannelManager - Adding key: http://localhost:30681 for channel [id: 0x4f219e43, L:/127.0.0.1:54674 - R:localhost/127.0.0.1:30681]
23:01:24.775 [Forwarding screenshot on session 5e43df51a2398010ab95769b83210f15 to remote] DEBUG org.asynchttpclient.netty.request.NettyRequestSender - Using pooled Channel '[id: 0x4f219e43, L:/127.0.0.1:54674 - R:localhost/127.0.0.1:30681]' for 'GET' to 'http://localhost:30681/session/5e43df51a2398010ab95769b83210f15/screenshot'
23:01:24.775 [Forwarding screenshot on session 5e43df51a2398010ab95769b83210f15 to remote] DEBUG org.asynchttpclient.netty.request.NettyRequestSender - Using open Channel [id: 0x4f219e43, L:/127.0.0.1:54674 - R:localhost/127.0.0.1:30681] for GET '/session/5e43df51a2398010ab95769b83210f15/screenshot'
23:01:24.919 [AsyncHttpClient-1-11] DEBUG org.asynchttpclient.netty.handler.HttpHandler - 

Request DefaultFullHttpRequest(decodeResult: success, version: HTTP/1.1, content: EmptyByteBufBE)
GET /session/5e43df51a2398010ab95769b83210f15/screenshot HTTP/1.1
User-Agent: selenium/4.8.1 (java windows)
Cache-Control: no-cache
Content-Type: application/json; charset=utf-8
host: localhost:30681
accept: */*

Response DefaultHttpResponse(decodeResult: success, version: HTTP/1.1)
HTTP/1.1 200 OK
Content-Length: 32276
Content-Type: application/json; charset=utf-8
cache-control: no-cache

23:01:24.919 [AsyncHttpClient-1-11] DEBUG org.asynchttpclient.netty.channel.ChannelManager - Adding key: http://localhost:30681 for channel [id: 0x4f219e43, L:/127.0.0.1:54674 - R:localhost/127.0.0.1:30681]
23:01:24.921 [main] DEBUG net.serenitybdd.core.photography.Darkroom - Send negative for processing for target\site\serenity\fa6e19ad5efd7ab2a1f173d04941ae56ce1ea80605b8b0cb299c4fa408fa522f.png
23:01:24.921 [main] DEBUG net.thucydides.core.steps.StepInterceptor - STEP DONE: detailInformation
  &amp#27;[32mThen &amp#27;[0m&amp#27;[32mI go to the detail information product&amp#27;[0m &amp#27;[90m# starter.stepdefinitions.HomepageSteps.goToDetailInformation()&amp#27;[0m
23:01:24.922 [Darkroom Processing Line] DEBUG net.serenitybdd.core.photography.DarkroomProcessingLine - Processing screenshot image in /var/screenshots/screenshot-1569547723429095553
23:01:24.922 [Darkroom Processing Line] DEBUG net.serenitybdd.core.photography.DarkroomProcessingLine - Saving screenshot to target\site\serenity\fa6e19ad5efd7ab2a1f173d04941ae56ce1ea80605b8b0cb299c4fa408fa522f.png
23:01:24.927 [main] INFO  - 
  _____   ___   ___   _____     ___     _     ___   ___   ___   ___  
 |_   _| | __| / __| |_   _|   | _ \   /_\   / __| / __| | __| |   \ 
   | |   | _|  \__ \   | |     |  _/  / _ \  \__ \ \__ \ | _|  | |) |
   |_|   |___| |___/   |_|     |_|   /_/ \_\ |___/ |___/ |___| |___/ 

See detail product 2
----------------------------------------------------------------------
23:01:24.928 [Driver Command Executor] DEBUG org.asynchttpclient.netty.request.NettyRequestSender - Using pooled Channel '[id: 0x4f219e43, L:/127.0.0.1:54674 - R:localhost/127.0.0.1:30681]' for 'DELETE' to 'http://localhost:30681/session/5e43df51a2398010ab95769b83210f15'
23:01:24.928 [AsyncHttpClient-1-13] DEBUG org.asynchttpclient.netty.handler.WebSocketHandler - Channel Closed: [id: 0xb7382cde, L:/127.0.0.1:54683 ! R:localhost/127.0.0.1:54676] with attribute NettyResponseFuture{currentRetry=0,
	isDone=1,
	isCancelled=0,
	asyncHandler=org.asynchttpclient.ws.WebSocketUpgradeHandler@105d75d6,
	nettyRequest=org.asynchttpclient.netty.request.NettyRequest@2abaa25a,
	future=java.util.concurrent.CompletableFuture@a8243c2[Completed normally],
	uri=ws://localhost:54676/devtools/browser/393e99f7-9072-4d47-9924-bfb072fbddc7,
	keepAlive=true,
	redirectCount=0,
	timeoutsHolder=null,
	inAuth=0,
	touch=1683561678395}
23:01:24.928 [Driver Command Executor] DEBUG org.asynchttpclient.netty.request.NettyRequestSender - Using open Channel [id: 0x4f219e43, L:/127.0.0.1:54674 - R:localhost/127.0.0.1:30681] for DELETE '/session/5e43df51a2398010ab95769b83210f15'
23:01:24.928 [AsyncHttpClient-1-13] DEBUG org.asynchttpclient.netty.channel.ChannelManager - Closing Channel [id: 0xb7382cde, L:/127.0.0.1:54683 ! R:localhost/127.0.0.1:54676] 
23:01:25.097 [AsyncHttpClient-1-1] DEBUG org.asynchttpclient.netty.channel.DefaultChannelPool - Entry count for : http://localhost:54676 : 1
23:01:25.121 [AsyncHttpClient-1-12] DEBUG org.asynchttpclient.netty.handler.HttpHandler - Unexpected I/O exception on channel [id: 0x19fa7b9b, L:/127.0.0.1:54682 - R:localhost/127.0.0.1:54676]
java.io.IOException: An existing connection was forcibly closed by the remote host
	at sun.nio.ch.SocketDispatcher.read0(Native Method)
	at sun.nio.ch.SocketDispatcher.read(SocketDispatcher.java:43)
	at sun.nio.ch.IOUtil.readIntoNativeBuffer(IOUtil.java:223)
	at sun.nio.ch.IOUtil.read(IOUtil.java:192)
	at sun.nio.ch.SocketChannelImpl.read(SocketChannelImpl.java:378)
	at io.netty.buffer.PooledByteBuf.setBytes(PooledByteBuf.java:259)
	at io.netty.buffer.AbstractByteBuf.writeBytes(AbstractByteBuf.java:1132)
	at io.netty.channel.socket.nio.NioSocketChannel.doReadBytes(NioSocketChannel.java:357)
	at io.netty.channel.nio.AbstractNioByteChannel$NioByteUnsafe.read(AbstractNioByteChannel.java:151)
	at io.netty.channel.nio.NioEventLoop.processSelectedKey(NioEventLoop.java:788)
	at io.netty.channel.nio.NioEventLoop.processSelectedKeysOptimized(NioEventLoop.java:724)
	at io.netty.channel.nio.NioEventLoop.processSelectedKeys(NioEventLoop.java:650)
	at io.netty.channel.nio.NioEventLoop.run(NioEventLoop.java:562)
	at io.netty.util.concurrent.SingleThreadEventExecutor$4.run(SingleThreadEventExecutor.java:997)
	at io.netty.util.internal.ThreadExecutorMap$2.run(ThreadExecutorMap.java:74)
	at io.netty.util.concurrent.FastThreadLocalRunnable.run(FastThreadLocalRunnable.java:30)
	at java.lang.Thread.run(Thread.java:750)
23:01:25.122 [AsyncHttpClient-1-12] DEBUG org.asynchttpclient.netty.channel.ChannelManager - Closing Channel [id: 0x19fa7b9b, L:/127.0.0.1:54682 - R:localhost/127.0.0.1:54676] 
23:01:25.122 [AsyncHttpClient-1-12] DEBUG org.asynchttpclient.netty.handler.HttpHandler - Channel Closed: [id: 0x19fa7b9b, L:/127.0.0.1:54682 ! R:localhost/127.0.0.1:54676] with attribute DISCARD
23:01:25.145 [AsyncHttpClient-1-11] DEBUG org.asynchttpclient.netty.handler.HttpHandler - 

Request DefaultFullHttpRequest(decodeResult: success, version: HTTP/1.1, content: EmptyByteBufBE)
DELETE /session/5e43df51a2398010ab95769b83210f15 HTTP/1.1
User-Agent: selenium/4.8.1 (java windows)
Content-Type: application/json; charset=utf-8
host: localhost:30681
accept: */*

Response DefaultHttpResponse(decodeResult: success, version: HTTP/1.1)
HTTP/1.1 200 OK
Content-Length: 14
Content-Type: application/json; charset=utf-8
cache-control: no-cache

23:01:25.145 [AsyncHttpClient-1-11] DEBUG org.asynchttpclient.netty.channel.ChannelManager - Adding key: http://localhost:30681 for channel [id: 0x4f219e43, L:/127.0.0.1:54674 - R:localhost/127.0.0.1:30681]
23:01:25.213 [AsyncHttpClient-1-11] DEBUG org.asynchttpclient.netty.handler.HttpHandler - Channel Closed: [id: 0x4f219e43, L:/127.0.0.1:54674 ! R:localhost/127.0.0.1:30681] with attribute DISCARD
]]></system-out>
    <system-err><![CDATA[Starting ChromeDriver 113.0.5672.63 (0e1a4471d5ae5bf128b1bd8f4d627c8cbd55f70c-refs/branch-heads/5672@{#912}) on port 30681
Only local connections are allowed.
Please see https://chromedriver.chromium.org/security-considerations for suggestions on keeping ChromeDriver safe.
ChromeDriver was started successfully.
May 08, 2023 11:01:18 PM org.openqa.selenium.devtools.CdpVersionFinder findNearestMatch
WARNING: Unable to find an exact match for CDP version 113, so returning the closest version found: 110
]]></system-err>
  </testcase>
  <testcase name="See detail product 3" classname="HomePage" time="10.705">
    <system-out><![CDATA[
Scenario: See detail product 3                &amp#27;[90m# src/test/resources/features/3.Homepage.feature:56&amp#27;[0m
23:01:25.760 [main] DEBUG io.cucumber.core.plugin.SerenityReporter - Running feature from file:///D:/1.%20QA%20ALTERRA%20ACADEMY/MobileTesting/MiniProjectWEB/src/test/resources/features/3.Homepage.feature
23:01:25.764 [main] INFO  - 
  _____   ___   ___   _____     ___   _____     _     ___   _____   ___   ___  
 |_   _| | __| / __| |_   _|   / __| |_   _|   /_\   | _ \ |_   _| | __| |   \ 
   | |   | _|  \__ \   | |     \__ \   | |    / _ \  |   /   | |   | _|  | |) |
   |_|   |___| |___/   |_|     |___/   |_|   /_/ \_\ |_|_\   |_|   |___| |___/ 

See detail product 3(homepage;see-detail-product-3)
--------------------------------------------------------------------------------
23:01:25.922 [main] INFO net.serenitybdd.core.webdriver.driverproviders.ChromeDriverProvider - Starting Chrome driver instance with capabilities:
23:01:25.922 [main] INFO net.serenitybdd.core.webdriver.driverproviders.ChromeDriverProvider - Capabilities {acceptInsecureCerts: false, browserName: chrome, goog:chromeOptions: {args: [remote-allow-origins=*], extensions: []}}
23:01:26.204 [AsyncHttpClient-1-1] DEBUG org.asynchttpclient.netty.channel.DefaultChannelPool - Entry count for : http://localhost:30681 : 1
23:01:26.204 [AsyncHttpClient-1-1] DEBUG org.asynchttpclient.netty.channel.DefaultChannelPool - Entry count for : http://localhost:54676 : 1
23:01:26.204 [AsyncHttpClient-1-1] DEBUG org.asynchttpclient.netty.channel.DefaultChannelPool - Adding Candidate expired Channel [id: 0x4f219e43, L:/127.0.0.1:54674 ! R:localhost/127.0.0.1:30681] isIdleTimeoutExpired=false isRemotelyClosed=true isTtlExpired=false
23:01:26.204 [AsyncHttpClient-1-1] DEBUG org.asynchttpclient.netty.channel.DefaultChannelPool - Closing Idle Channel [id: 0x4f219e43, L:/127.0.0.1:54674 ! R:localhost/127.0.0.1:30681]
23:01:26.204 [AsyncHttpClient-1-1] DEBUG org.asynchttpclient.netty.channel.DefaultChannelPool - Adding Candidate expired Channel [id: 0x19fa7b9b, L:/127.0.0.1:54682 ! R:localhost/127.0.0.1:54676] isIdleTimeoutExpired=false isRemotelyClosed=true isTtlExpired=false
23:01:26.204 [AsyncHttpClient-1-1] DEBUG org.asynchttpclient.netty.channel.DefaultChannelPool - Closing Idle Channel [id: 0x19fa7b9b, L:/127.0.0.1:54682 ! R:localhost/127.0.0.1:54676]
23:01:26.204 [AsyncHttpClient-1-1] DEBUG org.asynchttpclient.netty.channel.DefaultChannelPool - Closed 2 connections out of 2 in 0 ms
23:01:26.894 [AsyncHttpClient-1-14] DEBUG org.asynchttpclient.netty.channel.NettyConnectListener - Using new Channel '[id: 0xe48370ce, L:/127.0.0.1:54700 - R:localhost/127.0.0.1:44238]' for 'POST' to '/session'
23:01:27.501 [AsyncHttpClient-1-14] DEBUG org.asynchttpclient.netty.handler.HttpHandler - 

Request DefaultHttpRequest(decodeResult: success, version: HTTP/1.1)
POST /session HTTP/1.1
User-Agent: selenium/4.8.1 (java windows)
Content-Length: 507
Content-Type: application/json; charset=utf-8
host: localhost:44238
accept: */*

Response DefaultHttpResponse(decodeResult: success, version: HTTP/1.1)
HTTP/1.1 200 OK
Content-Length: 861
Content-Type: application/json; charset=utf-8
cache-control: no-cache

23:01:27.502 [AsyncHttpClient-1-14] DEBUG org.asynchttpclient.netty.channel.ChannelManager - Adding key: http://localhost:44238 for channel [id: 0xe48370ce, L:/127.0.0.1:54700 - R:localhost/127.0.0.1:44238]
23:01:27.505 [AsyncHttpClient-1-15] DEBUG org.asynchttpclient.netty.channel.NettyConnectListener - Using new Channel '[id: 0xfbac42e5, L:/127.0.0.1:54708 - R:localhost/127.0.0.1:54701]' for 'GET' to '/json/version'
23:01:27.506 [AsyncHttpClient-1-15] DEBUG org.asynchttpclient.netty.handler.HttpHandler - 

Request DefaultFullHttpRequest(decodeResult: success, version: HTTP/1.1, content: EmptyByteBufBE)
GET /json/version HTTP/1.1
User-Agent: selenium/4.8.1 (java windows)
host: localhost:54701
accept: */*

Response DefaultHttpResponse(decodeResult: success, version: HTTP/1.1)
HTTP/1.1 200 OK
Content-Security-Policy: frame-ancestors 'none'
Content-Length: 422
Content-Type: application/json; charset=UTF-8

23:01:27.506 [AsyncHttpClient-1-15] DEBUG org.asynchttpclient.netty.channel.ChannelManager - Adding key: http://localhost:54701 for channel [id: 0xfbac42e5, L:/127.0.0.1:54708 - R:localhost/127.0.0.1:54701]
23:01:27.508 [AsyncHttpClient-1-16] DEBUG org.asynchttpclient.netty.channel.NettyConnectListener - Using new Channel '[id: 0xdc8e50e3, L:/127.0.0.1:54709 - R:localhost/127.0.0.1:54701]' for 'GET' to '/devtools/browser/1c257a99-5c67-47d5-a5f6-5d3adfb9a220'
23:01:27.508 [AsyncHttpClient-1-16] DEBUG org.asynchttpclient.netty.handler.WebSocketHandler - 

Request DefaultFullHttpRequest(decodeResult: success, version: HTTP/1.1, content: EmptyByteBufBE)
GET /devtools/browser/1c257a99-5c67-47d5-a5f6-5d3adfb9a220 HTTP/1.1
upgrade: websocket
connection: upgrade
sec-websocket-key: 4y37gr7mJCiaU4Fza0G/5Q==
sec-websocket-version: 13
origin: http://localhost:54701
host: localhost:54701
accept: */*
user-agent: AHC/2.1

Response DefaultHttpResponse(decodeResult: success, version: HTTP/1.1)
HTTP/1.1 101 WebSocket Protocol Handshake
Upgrade: WebSocket
Connection: Upgrade
Sec-WebSocket-Accept: qxd6vMxELvlyT0JKuMOLkuqB+10=

23:01:27.511 [Forwarding get on session 70a52b37c47ef4157a63a17f21af6d7e to remote] DEBUG org.asynchttpclient.netty.request.NettyRequestSender - Using pooled Channel '[id: 0xe48370ce, L:/127.0.0.1:54700 - R:localhost/127.0.0.1:44238]' for 'POST' to 'http://localhost:44238/session/70a52b37c47ef4157a63a17f21af6d7e/url'
23:01:27.511 [Forwarding get on session 70a52b37c47ef4157a63a17f21af6d7e to remote] DEBUG org.asynchttpclient.netty.request.NettyRequestSender - Using open Channel [id: 0xe48370ce, L:/127.0.0.1:54700 - R:localhost/127.0.0.1:44238] for POST '/session/70a52b37c47ef4157a63a17f21af6d7e/url'
23:01:28.402 [AsyncHttpClient-1-1] DEBUG org.asynchttpclient.netty.channel.DefaultChannelPool - Entry count for : http://localhost:54701 : 1
23:01:29.506 [AsyncHttpClient-1-1] DEBUG org.asynchttpclient.netty.channel.DefaultChannelPool - Entry count for : http://localhost:54701 : 1
23:01:30.597 [AsyncHttpClient-1-1] DEBUG org.asynchttpclient.netty.channel.DefaultChannelPool - Entry count for : http://localhost:54701 : 1
23:01:31.697 [AsyncHttpClient-1-1] DEBUG org.asynchttpclient.netty.channel.DefaultChannelPool - Entry count for : http://localhost:54701 : 1
23:01:32.800 [AsyncHttpClient-1-1] DEBUG org.asynchttpclient.netty.channel.DefaultChannelPool - Entry count for : http://localhost:54701 : 1
23:01:32.847 [AsyncHttpClient-1-14] DEBUG org.asynchttpclient.netty.handler.HttpHandler - 

Request DefaultHttpRequest(decodeResult: success, version: HTTP/1.1)
POST /session/70a52b37c47ef4157a63a17f21af6d7e/url HTTP/1.1
User-Agent: selenium/4.8.1 (java windows)
Content-Length: 53
Content-Type: application/json; charset=utf-8
host: localhost:44238
accept: */*

Response DefaultHttpResponse(decodeResult: success, version: HTTP/1.1)
HTTP/1.1 200 OK
Content-Length: 14
Content-Type: application/json; charset=utf-8
cache-control: no-cache

23:01:32.847 [AsyncHttpClient-1-14] DEBUG org.asynchttpclient.netty.channel.ChannelManager - Adding key: http://localhost:44238 for channel [id: 0xe48370ce, L:/127.0.0.1:54700 - R:localhost/127.0.0.1:44238]
23:01:32.849 [Forwarding setTimeout on session 70a52b37c47ef4157a63a17f21af6d7e to remote] DEBUG org.asynchttpclient.netty.request.NettyRequestSender - Using pooled Channel '[id: 0xe48370ce, L:/127.0.0.1:54700 - R:localhost/127.0.0.1:44238]' for 'POST' to 'http://localhost:44238/session/70a52b37c47ef4157a63a17f21af6d7e/timeouts'
23:01:32.849 [Forwarding setTimeout on session 70a52b37c47ef4157a63a17f21af6d7e to remote] DEBUG org.asynchttpclient.netty.request.NettyRequestSender - Using open Channel [id: 0xe48370ce, L:/127.0.0.1:54700 - R:localhost/127.0.0.1:44238] for POST '/session/70a52b37c47ef4157a63a17f21af6d7e/timeouts'
23:01:32.851 [AsyncHttpClient-1-14] DEBUG org.asynchttpclient.netty.handler.HttpHandler - 

Request DefaultHttpRequest(decodeResult: success, version: HTTP/1.1)
POST /session/70a52b37c47ef4157a63a17f21af6d7e/timeouts HTTP/1.1
User-Agent: selenium/4.8.1 (java windows)
Content-Length: 22
Content-Type: application/json; charset=utf-8
host: localhost:44238
accept: */*

Response DefaultHttpResponse(decodeResult: success, version: HTTP/1.1)
HTTP/1.1 200 OK
Content-Length: 14
Content-Type: application/json; charset=utf-8
cache-control: no-cache

23:01:32.851 [AsyncHttpClient-1-14] DEBUG org.asynchttpclient.netty.channel.ChannelManager - Adding key: http://localhost:44238 for channel [id: 0xe48370ce, L:/127.0.0.1:54700 - R:localhost/127.0.0.1:44238]
  &amp#27;[32mGiven &amp#27;[0m&amp#27;[32mI am on the home page&amp#27;[0m                 &amp#27;[90m# starter.stepdefinitions.HomepageSteps.onTheHomePage()&amp#27;[0m
23:01:32.866 [Forwarding getAlertText on session 70a52b37c47ef4157a63a17f21af6d7e to remote] DEBUG org.asynchttpclient.netty.request.NettyRequestSender - Using pooled Channel '[id: 0xe48370ce, L:/127.0.0.1:54700 - R:localhost/127.0.0.1:44238]' for 'GET' to 'http://localhost:44238/session/70a52b37c47ef4157a63a17f21af6d7e/alert/text'
23:01:32.866 [Forwarding getAlertText on session 70a52b37c47ef4157a63a17f21af6d7e to remote] DEBUG org.asynchttpclient.netty.request.NettyRequestSender - Using open Channel [id: 0xe48370ce, L:/127.0.0.1:54700 - R:localhost/127.0.0.1:44238] for GET '/session/70a52b37c47ef4157a63a17f21af6d7e/alert/text'
23:01:32.869 [AsyncHttpClient-1-14] DEBUG org.asynchttpclient.netty.handler.HttpHandler - 

Request DefaultFullHttpRequest(decodeResult: success, version: HTTP/1.1, content: EmptyByteBufBE)
GET /session/70a52b37c47ef4157a63a17f21af6d7e/alert/text HTTP/1.1
User-Agent: selenium/4.8.1 (java windows)
Cache-Control: no-cache
Content-Type: application/json; charset=utf-8
host: localhost:44238
accept: */*

Response DefaultHttpResponse(decodeResult: success, version: HTTP/1.1)
HTTP/1.1 404 Not Found
Content-Length: 820
Content-Type: application/json; charset=utf-8
cache-control: no-cache

23:01:32.870 [AsyncHttpClient-1-14] DEBUG org.asynchttpclient.netty.channel.ChannelManager - Adding key: http://localhost:44238 for channel [id: 0xe48370ce, L:/127.0.0.1:54700 - R:localhost/127.0.0.1:44238]
23:01:32.871 [Forwarding getCurrentUrl on session 70a52b37c47ef4157a63a17f21af6d7e to remote] DEBUG org.asynchttpclient.netty.request.NettyRequestSender - Using pooled Channel '[id: 0xe48370ce, L:/127.0.0.1:54700 - R:localhost/127.0.0.1:44238]' for 'GET' to 'http://localhost:44238/session/70a52b37c47ef4157a63a17f21af6d7e/url'
23:01:32.871 [Forwarding getCurrentUrl on session 70a52b37c47ef4157a63a17f21af6d7e to remote] DEBUG org.asynchttpclient.netty.request.NettyRequestSender - Using open Channel [id: 0xe48370ce, L:/127.0.0.1:54700 - R:localhost/127.0.0.1:44238] for GET '/session/70a52b37c47ef4157a63a17f21af6d7e/url'
23:01:32.886 [AsyncHttpClient-1-14] DEBUG org.asynchttpclient.netty.handler.HttpHandler - 

Request DefaultFullHttpRequest(decodeResult: success, version: HTTP/1.1, content: EmptyByteBufBE)
GET /session/70a52b37c47ef4157a63a17f21af6d7e/url HTTP/1.1
User-Agent: selenium/4.8.1 (java windows)
Cache-Control: no-cache
Content-Type: application/json; charset=utf-8
host: localhost:44238
accept: */*

Response DefaultHttpResponse(decodeResult: success, version: HTTP/1.1)
HTTP/1.1 200 OK
Content-Length: 41
Content-Type: application/json; charset=utf-8
cache-control: no-cache

23:01:32.887 [AsyncHttpClient-1-14] DEBUG org.asynchttpclient.netty.channel.ChannelManager - Adding key: http://localhost:44238 for channel [id: 0xe48370ce, L:/127.0.0.1:54700 - R:localhost/127.0.0.1:44238]
23:01:32.887 [Forwarding screenshot on session 70a52b37c47ef4157a63a17f21af6d7e to remote] DEBUG org.asynchttpclient.netty.request.NettyRequestSender - Using pooled Channel '[id: 0xe48370ce, L:/127.0.0.1:54700 - R:localhost/127.0.0.1:44238]' for 'GET' to 'http://localhost:44238/session/70a52b37c47ef4157a63a17f21af6d7e/screenshot'
23:01:32.887 [Forwarding screenshot on session 70a52b37c47ef4157a63a17f21af6d7e to remote] DEBUG org.asynchttpclient.netty.request.NettyRequestSender - Using open Channel [id: 0xe48370ce, L:/127.0.0.1:54700 - R:localhost/127.0.0.1:44238] for GET '/session/70a52b37c47ef4157a63a17f21af6d7e/screenshot'
23:01:33.000 [AsyncHttpClient-1-14] DEBUG org.asynchttpclient.netty.handler.HttpHandler - 

Request DefaultFullHttpRequest(decodeResult: success, version: HTTP/1.1, content: EmptyByteBufBE)
GET /session/70a52b37c47ef4157a63a17f21af6d7e/screenshot HTTP/1.1
User-Agent: selenium/4.8.1 (java windows)
Cache-Control: no-cache
Content-Type: application/json; charset=utf-8
host: localhost:44238
accept: */*

Response DefaultHttpResponse(decodeResult: success, version: HTTP/1.1)
HTTP/1.1 200 OK
Content-Length: 93224
Content-Type: application/json; charset=utf-8
cache-control: no-cache

23:01:33.000 [AsyncHttpClient-1-14] DEBUG org.asynchttpclient.netty.channel.ChannelManager - Adding key: http://localhost:44238 for channel [id: 0xe48370ce, L:/127.0.0.1:54700 - R:localhost/127.0.0.1:44238]
23:01:33.003 [main] DEBUG net.serenitybdd.core.photography.Darkroom - Send negative for processing for target\site\serenity\eae70e0d31e8e8b85ce659fe0365ca28c24246a1bf9d3b50a76ae0889116b9f5.png
23:01:33.006 [Forwarding getPageSource on session 70a52b37c47ef4157a63a17f21af6d7e to remote] DEBUG org.asynchttpclient.netty.request.NettyRequestSender - Using pooled Channel '[id: 0xe48370ce, L:/127.0.0.1:54700 - R:localhost/127.0.0.1:44238]' for 'POST' to 'http://localhost:44238/session/70a52b37c47ef4157a63a17f21af6d7e/execute/sync'
23:01:33.006 [Forwarding getPageSource on session 70a52b37c47ef4157a63a17f21af6d7e to remote] DEBUG org.asynchttpclient.netty.request.NettyRequestSender - Using open Channel [id: 0xe48370ce, L:/127.0.0.1:54700 - R:localhost/127.0.0.1:44238] for POST '/session/70a52b37c47ef4157a63a17f21af6d7e/execute/sync'
23:01:33.061 [AsyncHttpClient-1-14] DEBUG org.asynchttpclient.netty.handler.HttpHandler - 

Request DefaultHttpRequest(decodeResult: success, version: HTTP/1.1)
POST /session/70a52b37c47ef4157a63a17f21af6d7e/execute/sync HTTP/1.1
User-Agent: selenium/4.8.1 (java windows)
Content-Length: 176
Content-Type: application/json; charset=utf-8
host: localhost:44238
accept: */*

Response DefaultHttpResponse(decodeResult: success, version: HTTP/1.1)
HTTP/1.1 200 OK
Content-Length: 816995
Content-Type: application/json; charset=utf-8
cache-control: no-cache

23:01:33.062 [AsyncHttpClient-1-14] DEBUG org.asynchttpclient.netty.channel.ChannelManager - Adding key: http://localhost:44238 for channel [id: 0xe48370ce, L:/127.0.0.1:54700 - R:localhost/127.0.0.1:44238]
23:01:33.139 [Forwarding getCurrentUrl on session 70a52b37c47ef4157a63a17f21af6d7e to remote] DEBUG org.asynchttpclient.netty.request.NettyRequestSender - Using pooled Channel '[id: 0xe48370ce, L:/127.0.0.1:54700 - R:localhost/127.0.0.1:44238]' for 'GET' to 'http://localhost:44238/session/70a52b37c47ef4157a63a17f21af6d7e/url'
23:01:33.139 [Forwarding getCurrentUrl on session 70a52b37c47ef4157a63a17f21af6d7e to remote] DEBUG org.asynchttpclient.netty.request.NettyRequestSender - Using open Channel [id: 0xe48370ce, L:/127.0.0.1:54700 - R:localhost/127.0.0.1:44238] for GET '/session/70a52b37c47ef4157a63a17f21af6d7e/url'
23:01:33.147 [AsyncHttpClient-1-14] DEBUG org.asynchttpclient.netty.handler.HttpHandler - 

Request DefaultFullHttpRequest(decodeResult: success, version: HTTP/1.1, content: EmptyByteBufBE)
GET /session/70a52b37c47ef4157a63a17f21af6d7e/url HTTP/1.1
User-Agent: selenium/4.8.1 (java windows)
Cache-Control: no-cache
Content-Type: application/json; charset=utf-8
host: localhost:44238
accept: */*

Response DefaultHttpResponse(decodeResult: success, version: HTTP/1.1)
HTTP/1.1 200 OK
Content-Length: 41
Content-Type: application/json; charset=utf-8
cache-control: no-cache

23:01:33.147 [AsyncHttpClient-1-14] DEBUG org.asynchttpclient.netty.channel.ChannelManager - Adding key: http://localhost:44238 for channel [id: 0xe48370ce, L:/127.0.0.1:54700 - R:localhost/127.0.0.1:44238]
23:01:33.246 [Forwarding getAlertText on session 70a52b37c47ef4157a63a17f21af6d7e to remote] DEBUG org.asynchttpclient.netty.request.NettyRequestSender - Using pooled Channel '[id: 0xe48370ce, L:/127.0.0.1:54700 - R:localhost/127.0.0.1:44238]' for 'GET' to 'http://localhost:44238/session/70a52b37c47ef4157a63a17f21af6d7e/alert/text'
23:01:33.246 [Forwarding getAlertText on session 70a52b37c47ef4157a63a17f21af6d7e to remote] DEBUG org.asynchttpclient.netty.request.NettyRequestSender - Using open Channel [id: 0xe48370ce, L:/127.0.0.1:54700 - R:localhost/127.0.0.1:44238] for GET '/session/70a52b37c47ef4157a63a17f21af6d7e/alert/text'
23:01:33.249 [AsyncHttpClient-1-14] DEBUG org.asynchttpclient.netty.handler.HttpHandler - 

Request DefaultFullHttpRequest(decodeResult: success, version: HTTP/1.1, content: EmptyByteBufBE)
GET /session/70a52b37c47ef4157a63a17f21af6d7e/alert/text HTTP/1.1
User-Agent: selenium/4.8.1 (java windows)
Cache-Control: no-cache
Content-Type: application/json; charset=utf-8
host: localhost:44238
accept: */*

Response DefaultHttpResponse(decodeResult: success, version: HTTP/1.1)
HTTP/1.1 404 Not Found
Content-Length: 820
Content-Type: application/json; charset=utf-8
cache-control: no-cache

23:01:33.249 [AsyncHttpClient-1-14] DEBUG org.asynchttpclient.netty.channel.ChannelManager - Adding key: http://localhost:44238 for channel [id: 0xe48370ce, L:/127.0.0.1:54700 - R:localhost/127.0.0.1:44238]
23:01:33.250 [Forwarding getCurrentUrl on session 70a52b37c47ef4157a63a17f21af6d7e to remote] DEBUG org.asynchttpclient.netty.request.NettyRequestSender - Using pooled Channel '[id: 0xe48370ce, L:/127.0.0.1:54700 - R:localhost/127.0.0.1:44238]' for 'GET' to 'http://localhost:44238/session/70a52b37c47ef4157a63a17f21af6d7e/url'
23:01:33.250 [Forwarding getCurrentUrl on session 70a52b37c47ef4157a63a17f21af6d7e to remote] DEBUG org.asynchttpclient.netty.request.NettyRequestSender - Using open Channel [id: 0xe48370ce, L:/127.0.0.1:54700 - R:localhost/127.0.0.1:44238] for GET '/session/70a52b37c47ef4157a63a17f21af6d7e/url'
23:01:33.258 [AsyncHttpClient-1-14] DEBUG org.asynchttpclient.netty.handler.HttpHandler - 

Request DefaultFullHttpRequest(decodeResult: success, version: HTTP/1.1, content: EmptyByteBufBE)
GET /session/70a52b37c47ef4157a63a17f21af6d7e/url HTTP/1.1
User-Agent: selenium/4.8.1 (java windows)
Cache-Control: no-cache
Content-Type: application/json; charset=utf-8
host: localhost:44238
accept: */*

Response DefaultHttpResponse(decodeResult: success, version: HTTP/1.1)
HTTP/1.1 200 OK
Content-Length: 41
Content-Type: application/json; charset=utf-8
cache-control: no-cache

23:01:33.258 [AsyncHttpClient-1-14] DEBUG org.asynchttpclient.netty.channel.ChannelManager - Adding key: http://localhost:44238 for channel [id: 0xe48370ce, L:/127.0.0.1:54700 - R:localhost/127.0.0.1:44238]
23:01:33.258 [Forwarding screenshot on session 70a52b37c47ef4157a63a17f21af6d7e to remote] DEBUG org.asynchttpclient.netty.request.NettyRequestSender - Using pooled Channel '[id: 0xe48370ce, L:/127.0.0.1:54700 - R:localhost/127.0.0.1:44238]' for 'GET' to 'http://localhost:44238/session/70a52b37c47ef4157a63a17f21af6d7e/screenshot'
23:01:33.258 [Forwarding screenshot on session 70a52b37c47ef4157a63a17f21af6d7e to remote] DEBUG org.asynchttpclient.netty.request.NettyRequestSender - Using open Channel [id: 0xe48370ce, L:/127.0.0.1:54700 - R:localhost/127.0.0.1:44238] for GET '/session/70a52b37c47ef4157a63a17f21af6d7e/screenshot'
23:01:33.389 [AsyncHttpClient-1-14] DEBUG org.asynchttpclient.netty.handler.HttpHandler - 

Request DefaultFullHttpRequest(decodeResult: success, version: HTTP/1.1, content: EmptyByteBufBE)
GET /session/70a52b37c47ef4157a63a17f21af6d7e/screenshot HTTP/1.1
User-Agent: selenium/4.8.1 (java windows)
Cache-Control: no-cache
Content-Type: application/json; charset=utf-8
host: localhost:44238
accept: */*

Response DefaultHttpResponse(decodeResult: success, version: HTTP/1.1)
HTTP/1.1 200 OK
Content-Length: 93224
Content-Type: application/json; charset=utf-8
cache-control: no-cache

23:01:33.389 [AsyncHttpClient-1-14] DEBUG org.asynchttpclient.netty.channel.ChannelManager - Adding key: http://localhost:44238 for channel [id: 0xe48370ce, L:/127.0.0.1:54700 - R:localhost/127.0.0.1:44238]
23:01:33.393 [main] DEBUG net.serenitybdd.core.photography.Darkroom - Send negative for processing for target\site\serenity\eae70e0d31e8e8b85ce659fe0365ca28c24246a1bf9d3b50a76ae0889116b9f5.png
23:01:33.394 [Forwarding getPageSource on session 70a52b37c47ef4157a63a17f21af6d7e to remote] DEBUG org.asynchttpclient.netty.request.NettyRequestSender - Using pooled Channel '[id: 0xe48370ce, L:/127.0.0.1:54700 - R:localhost/127.0.0.1:44238]' for 'POST' to 'http://localhost:44238/session/70a52b37c47ef4157a63a17f21af6d7e/execute/sync'
23:01:33.394 [Forwarding getPageSource on session 70a52b37c47ef4157a63a17f21af6d7e to remote] DEBUG org.asynchttpclient.netty.request.NettyRequestSender - Using open Channel [id: 0xe48370ce, L:/127.0.0.1:54700 - R:localhost/127.0.0.1:44238] for POST '/session/70a52b37c47ef4157a63a17f21af6d7e/execute/sync'
23:01:33.474 [AsyncHttpClient-1-14] DEBUG org.asynchttpclient.netty.handler.HttpHandler - 

Request DefaultHttpRequest(decodeResult: success, version: HTTP/1.1)
POST /session/70a52b37c47ef4157a63a17f21af6d7e/execute/sync HTTP/1.1
User-Agent: selenium/4.8.1 (java windows)
Content-Length: 176
Content-Type: application/json; charset=utf-8
host: localhost:44238
accept: */*

Response DefaultHttpResponse(decodeResult: success, version: HTTP/1.1)
HTTP/1.1 200 OK
Content-Length: 816995
Content-Type: application/json; charset=utf-8
cache-control: no-cache

23:01:33.475 [AsyncHttpClient-1-14] DEBUG org.asynchttpclient.netty.channel.ChannelManager - Adding key: http://localhost:44238 for channel [id: 0xe48370ce, L:/127.0.0.1:54700 - R:localhost/127.0.0.1:44238]
23:01:33.606 [Forwarding getCurrentUrl on session 70a52b37c47ef4157a63a17f21af6d7e to remote] DEBUG org.asynchttpclient.netty.request.NettyRequestSender - Using pooled Channel '[id: 0xe48370ce, L:/127.0.0.1:54700 - R:localhost/127.0.0.1:44238]' for 'GET' to 'http://localhost:44238/session/70a52b37c47ef4157a63a17f21af6d7e/url'
23:01:33.606 [Forwarding getCurrentUrl on session 70a52b37c47ef4157a63a17f21af6d7e to remote] DEBUG org.asynchttpclient.netty.request.NettyRequestSender - Using open Channel [id: 0xe48370ce, L:/127.0.0.1:54700 - R:localhost/127.0.0.1:44238] for GET '/session/70a52b37c47ef4157a63a17f21af6d7e/url'
23:01:33.614 [AsyncHttpClient-1-14] DEBUG org.asynchttpclient.netty.handler.HttpHandler - 

Request DefaultFullHttpRequest(decodeResult: success, version: HTTP/1.1, content: EmptyByteBufBE)
GET /session/70a52b37c47ef4157a63a17f21af6d7e/url HTTP/1.1
User-Agent: selenium/4.8.1 (java windows)
Cache-Control: no-cache
Content-Type: application/json; charset=utf-8
host: localhost:44238
accept: */*

Response DefaultHttpResponse(decodeResult: success, version: HTTP/1.1)
HTTP/1.1 200 OK
Content-Length: 41
Content-Type: application/json; charset=utf-8
cache-control: no-cache

23:01:33.614 [AsyncHttpClient-1-14] DEBUG org.asynchttpclient.netty.channel.ChannelManager - Adding key: http://localhost:44238 for channel [id: 0xe48370ce, L:/127.0.0.1:54700 - R:localhost/127.0.0.1:44238]
23:01:33.617 [main] DEBUG net.thucydides.core.steps.StepInterceptor - STARTING STEP: HomepageSteps.chooseTheProduct3 - chooseProduct3
23:01:33.621 [Forwarding findElement on session 70a52b37c47ef4157a63a17f21af6d7e to remote] DEBUG org.asynchttpclient.netty.request.NettyRequestSender - Using pooled Channel '[id: 0xe48370ce, L:/127.0.0.1:54700 - R:localhost/127.0.0.1:44238]' for 'POST' to 'http://localhost:44238/session/70a52b37c47ef4157a63a17f21af6d7e/element'
23:01:33.621 [Forwarding findElement on session 70a52b37c47ef4157a63a17f21af6d7e to remote] DEBUG org.asynchttpclient.netty.request.NettyRequestSender - Using open Channel [id: 0xe48370ce, L:/127.0.0.1:54700 - R:localhost/127.0.0.1:44238] for POST '/session/70a52b37c47ef4157a63a17f21af6d7e/element'
23:01:33.639 [AsyncHttpClient-1-14] DEBUG org.asynchttpclient.netty.handler.HttpHandler - 

Request DefaultHttpRequest(decodeResult: success, version: HTTP/1.1)
POST /session/70a52b37c47ef4157a63a17f21af6d7e/element HTTP/1.1
User-Agent: selenium/4.8.1 (java windows)
Content-Length: 54
Content-Type: application/json; charset=utf-8
host: localhost:44238
accept: */*

Response DefaultHttpResponse(decodeResult: success, version: HTTP/1.1)
HTTP/1.1 200 OK
Content-Length: 94
Content-Type: application/json; charset=utf-8
cache-control: no-cache

23:01:33.639 [AsyncHttpClient-1-14] DEBUG org.asynchttpclient.netty.channel.ChannelManager - Adding key: http://localhost:44238 for channel [id: 0xe48370ce, L:/127.0.0.1:54700 - R:localhost/127.0.0.1:44238]
23:01:33.640 [Forwarding getElementTagName on session 70a52b37c47ef4157a63a17f21af6d7e to remote] DEBUG org.asynchttpclient.netty.request.NettyRequestSender - Using pooled Channel '[id: 0xe48370ce, L:/127.0.0.1:54700 - R:localhost/127.0.0.1:44238]' for 'GET' to 'http://localhost:44238/session/70a52b37c47ef4157a63a17f21af6d7e/element/879337AE5EB2AF1E24DE15000110CC7B_element_8/name'
23:01:33.640 [Forwarding getElementTagName on session 70a52b37c47ef4157a63a17f21af6d7e to remote] DEBUG org.asynchttpclient.netty.request.NettyRequestSender - Using open Channel [id: 0xe48370ce, L:/127.0.0.1:54700 - R:localhost/127.0.0.1:44238] for GET '/session/70a52b37c47ef4157a63a17f21af6d7e/element/879337AE5EB2AF1E24DE15000110CC7B_element_8/name'
23:01:33.650 [AsyncHttpClient-1-14] DEBUG org.asynchttpclient.netty.handler.HttpHandler - 

Request DefaultFullHttpRequest(decodeResult: success, version: HTTP/1.1, content: EmptyByteBufBE)
GET /session/70a52b37c47ef4157a63a17f21af6d7e/element/879337AE5EB2AF1E24DE15000110CC7B_element_8/name HTTP/1.1
User-Agent: selenium/4.8.1 (java windows)
Cache-Control: no-cache
Content-Type: application/json; charset=utf-8
host: localhost:44238
accept: */*

Response DefaultHttpResponse(decodeResult: success, version: HTTP/1.1)
HTTP/1.1 200 OK
Content-Length: 15
Content-Type: application/json; charset=utf-8
cache-control: no-cache

23:01:33.650 [AsyncHttpClient-1-14] DEBUG org.asynchttpclient.netty.channel.ChannelManager - Adding key: http://localhost:44238 for channel [id: 0xe48370ce, L:/127.0.0.1:54700 - R:localhost/127.0.0.1:44238]
23:01:33.651 [Forwarding getElementTagName on session 70a52b37c47ef4157a63a17f21af6d7e to remote] DEBUG org.asynchttpclient.netty.request.NettyRequestSender - Using pooled Channel '[id: 0xe48370ce, L:/127.0.0.1:54700 - R:localhost/127.0.0.1:44238]' for 'GET' to 'http://localhost:44238/session/70a52b37c47ef4157a63a17f21af6d7e/element/879337AE5EB2AF1E24DE15000110CC7B_element_8/name'
23:01:33.651 [Forwarding getElementTagName on session 70a52b37c47ef4157a63a17f21af6d7e to remote] DEBUG org.asynchttpclient.netty.request.NettyRequestSender - Using open Channel [id: 0xe48370ce, L:/127.0.0.1:54700 - R:localhost/127.0.0.1:44238] for GET '/session/70a52b37c47ef4157a63a17f21af6d7e/element/879337AE5EB2AF1E24DE15000110CC7B_element_8/name'
23:01:33.658 [AsyncHttpClient-1-14] DEBUG org.asynchttpclient.netty.handler.HttpHandler - 

Request DefaultFullHttpRequest(decodeResult: success, version: HTTP/1.1, content: EmptyByteBufBE)
GET /session/70a52b37c47ef4157a63a17f21af6d7e/element/879337AE5EB2AF1E24DE15000110CC7B_element_8/name HTTP/1.1
User-Agent: selenium/4.8.1 (java windows)
Cache-Control: no-cache
Content-Type: application/json; charset=utf-8
host: localhost:44238
accept: */*

Response DefaultHttpResponse(decodeResult: success, version: HTTP/1.1)
HTTP/1.1 200 OK
Content-Length: 15
Content-Type: application/json; charset=utf-8
cache-control: no-cache

23:01:33.658 [AsyncHttpClient-1-14] DEBUG org.asynchttpclient.netty.channel.ChannelManager - Adding key: http://localhost:44238 for channel [id: 0xe48370ce, L:/127.0.0.1:54700 - R:localhost/127.0.0.1:44238]
23:01:33.660 [Forwarding findElement on session 70a52b37c47ef4157a63a17f21af6d7e to remote] DEBUG org.asynchttpclient.netty.request.NettyRequestSender - Using pooled Channel '[id: 0xe48370ce, L:/127.0.0.1:54700 - R:localhost/127.0.0.1:44238]' for 'POST' to 'http://localhost:44238/session/70a52b37c47ef4157a63a17f21af6d7e/element'
23:01:33.660 [Forwarding findElement on session 70a52b37c47ef4157a63a17f21af6d7e to remote] DEBUG org.asynchttpclient.netty.request.NettyRequestSender - Using open Channel [id: 0xe48370ce, L:/127.0.0.1:54700 - R:localhost/127.0.0.1:44238] for POST '/session/70a52b37c47ef4157a63a17f21af6d7e/element'
23:01:33.668 [AsyncHttpClient-1-14] DEBUG org.asynchttpclient.netty.handler.HttpHandler - 

Request DefaultHttpRequest(decodeResult: success, version: HTTP/1.1)
POST /session/70a52b37c47ef4157a63a17f21af6d7e/element HTTP/1.1
User-Agent: selenium/4.8.1 (java windows)
Content-Length: 54
Content-Type: application/json; charset=utf-8
host: localhost:44238
accept: */*

Response DefaultHttpResponse(decodeResult: success, version: HTTP/1.1)
HTTP/1.1 200 OK
Content-Length: 94
Content-Type: application/json; charset=utf-8
cache-control: no-cache

23:01:33.668 [AsyncHttpClient-1-14] DEBUG org.asynchttpclient.netty.channel.ChannelManager - Adding key: http://localhost:44238 for channel [id: 0xe48370ce, L:/127.0.0.1:54700 - R:localhost/127.0.0.1:44238]
23:01:33.669 [Forwarding clickElement on session 70a52b37c47ef4157a63a17f21af6d7e to remote] DEBUG org.asynchttpclient.netty.request.NettyRequestSender - Using pooled Channel '[id: 0xe48370ce, L:/127.0.0.1:54700 - R:localhost/127.0.0.1:44238]' for 'POST' to 'http://localhost:44238/session/70a52b37c47ef4157a63a17f21af6d7e/element/879337AE5EB2AF1E24DE15000110CC7B_element_8/click'
23:01:33.669 [Forwarding clickElement on session 70a52b37c47ef4157a63a17f21af6d7e to remote] DEBUG org.asynchttpclient.netty.request.NettyRequestSender - Using open Channel [id: 0xe48370ce, L:/127.0.0.1:54700 - R:localhost/127.0.0.1:44238] for POST '/session/70a52b37c47ef4157a63a17f21af6d7e/element/879337AE5EB2AF1E24DE15000110CC7B_element_8/click'
23:01:33.763 [AsyncHttpClient-1-14] DEBUG org.asynchttpclient.netty.handler.HttpHandler - 

Request DefaultHttpRequest(decodeResult: success, version: HTTP/1.1)
POST /session/70a52b37c47ef4157a63a17f21af6d7e/element/879337AE5EB2AF1E24DE15000110CC7B_element_8/click HTTP/1.1
User-Agent: selenium/4.8.1 (java windows)
Content-Length: 56
Content-Type: application/json; charset=utf-8
host: localhost:44238
accept: */*

Response DefaultHttpResponse(decodeResult: success, version: HTTP/1.1)
HTTP/1.1 200 OK
Content-Length: 14
Content-Type: application/json; charset=utf-8
cache-control: no-cache

23:01:33.763 [AsyncHttpClient-1-14] DEBUG org.asynchttpclient.netty.channel.ChannelManager - Adding key: http://localhost:44238 for channel [id: 0xe48370ce, L:/127.0.0.1:54700 - R:localhost/127.0.0.1:44238]
23:01:33.770 [Forwarding getAlertText on session 70a52b37c47ef4157a63a17f21af6d7e to remote] DEBUG org.asynchttpclient.netty.request.NettyRequestSender - Using pooled Channel '[id: 0xe48370ce, L:/127.0.0.1:54700 - R:localhost/127.0.0.1:44238]' for 'GET' to 'http://localhost:44238/session/70a52b37c47ef4157a63a17f21af6d7e/alert/text'
23:01:33.770 [Forwarding getAlertText on session 70a52b37c47ef4157a63a17f21af6d7e to remote] DEBUG org.asynchttpclient.netty.request.NettyRequestSender - Using open Channel [id: 0xe48370ce, L:/127.0.0.1:54700 - R:localhost/127.0.0.1:44238] for GET '/session/70a52b37c47ef4157a63a17f21af6d7e/alert/text'
23:01:33.772 [AsyncHttpClient-1-14] DEBUG org.asynchttpclient.netty.handler.HttpHandler - 

Request DefaultFullHttpRequest(decodeResult: success, version: HTTP/1.1, content: EmptyByteBufBE)
GET /session/70a52b37c47ef4157a63a17f21af6d7e/alert/text HTTP/1.1
User-Agent: selenium/4.8.1 (java windows)
Cache-Control: no-cache
Content-Type: application/json; charset=utf-8
host: localhost:44238
accept: */*

Response DefaultHttpResponse(decodeResult: success, version: HTTP/1.1)
HTTP/1.1 404 Not Found
Content-Length: 820
Content-Type: application/json; charset=utf-8
cache-control: no-cache

23:01:33.772 [AsyncHttpClient-1-14] DEBUG org.asynchttpclient.netty.channel.ChannelManager - Adding key: http://localhost:44238 for channel [id: 0xe48370ce, L:/127.0.0.1:54700 - R:localhost/127.0.0.1:44238]
23:01:33.773 [Forwarding getCurrentUrl on session 70a52b37c47ef4157a63a17f21af6d7e to remote] DEBUG org.asynchttpclient.netty.request.NettyRequestSender - Using pooled Channel '[id: 0xe48370ce, L:/127.0.0.1:54700 - R:localhost/127.0.0.1:44238]' for 'GET' to 'http://localhost:44238/session/70a52b37c47ef4157a63a17f21af6d7e/url'
23:01:33.773 [Forwarding getCurrentUrl on session 70a52b37c47ef4157a63a17f21af6d7e to remote] DEBUG org.asynchttpclient.netty.request.NettyRequestSender - Using open Channel [id: 0xe48370ce, L:/127.0.0.1:54700 - R:localhost/127.0.0.1:44238] for GET '/session/70a52b37c47ef4157a63a17f21af6d7e/url'
23:01:33.780 [AsyncHttpClient-1-14] DEBUG org.asynchttpclient.netty.handler.HttpHandler - 

Request DefaultFullHttpRequest(decodeResult: success, version: HTTP/1.1, content: EmptyByteBufBE)
GET /session/70a52b37c47ef4157a63a17f21af6d7e/url HTTP/1.1
User-Agent: selenium/4.8.1 (java windows)
Cache-Control: no-cache
Content-Type: application/json; charset=utf-8
host: localhost:44238
accept: */*

Response DefaultHttpResponse(decodeResult: success, version: HTTP/1.1)
HTTP/1.1 200 OK
Content-Length: 41
Content-Type: application/json; charset=utf-8
cache-control: no-cache

23:01:33.780 [AsyncHttpClient-1-14] DEBUG org.asynchttpclient.netty.channel.ChannelManager - Adding key: http://localhost:44238 for channel [id: 0xe48370ce, L:/127.0.0.1:54700 - R:localhost/127.0.0.1:44238]
23:01:33.780 [Forwarding screenshot on session 70a52b37c47ef4157a63a17f21af6d7e to remote] DEBUG org.asynchttpclient.netty.request.NettyRequestSender - Using pooled Channel '[id: 0xe48370ce, L:/127.0.0.1:54700 - R:localhost/127.0.0.1:44238]' for 'GET' to 'http://localhost:44238/session/70a52b37c47ef4157a63a17f21af6d7e/screenshot'
23:01:33.780 [Forwarding screenshot on session 70a52b37c47ef4157a63a17f21af6d7e to remote] DEBUG org.asynchttpclient.netty.request.NettyRequestSender - Using open Channel [id: 0xe48370ce, L:/127.0.0.1:54700 - R:localhost/127.0.0.1:44238] for GET '/session/70a52b37c47ef4157a63a17f21af6d7e/screenshot'
23:01:33.902 [AsyncHttpClient-1-1] DEBUG org.asynchttpclient.netty.channel.DefaultChannelPool - Entry count for : http://localhost:54701 : 1
23:01:33.904 [AsyncHttpClient-1-14] DEBUG org.asynchttpclient.netty.handler.HttpHandler - 

Request DefaultFullHttpRequest(decodeResult: success, version: HTTP/1.1, content: EmptyByteBufBE)
GET /session/70a52b37c47ef4157a63a17f21af6d7e/screenshot HTTP/1.1
User-Agent: selenium/4.8.1 (java windows)
Cache-Control: no-cache
Content-Type: application/json; charset=utf-8
host: localhost:44238
accept: */*

Response DefaultHttpResponse(decodeResult: success, version: HTTP/1.1)
HTTP/1.1 200 OK
Content-Length: 85632
Content-Type: application/json; charset=utf-8
cache-control: no-cache

23:01:33.904 [AsyncHttpClient-1-14] DEBUG org.asynchttpclient.netty.channel.ChannelManager - Adding key: http://localhost:44238 for channel [id: 0xe48370ce, L:/127.0.0.1:54700 - R:localhost/127.0.0.1:44238]
23:01:33.907 [main] DEBUG net.serenitybdd.core.photography.Darkroom - Send negative for processing for target\site\serenity\367e37022248e04704202cd744f1c45c5d1756e1a87ee1a45ef5dcf31d3e1b62.png
23:01:33.907 [main] DEBUG net.thucydides.core.steps.StepInterceptor - STEP DONE: chooseProduct3
  &amp#27;[32mWhen &amp#27;[0m&amp#27;[32mI choose the product 3&amp#27;[0m                 &amp#27;[90m# starter.stepdefinitions.HomepageSteps.chooseTheProduct3()&amp#27;[0m
23:01:33.913 [Forwarding getPageSource on session 70a52b37c47ef4157a63a17f21af6d7e to remote] DEBUG org.asynchttpclient.netty.request.NettyRequestSender - Using pooled Channel '[id: 0xe48370ce, L:/127.0.0.1:54700 - R:localhost/127.0.0.1:44238]' for 'POST' to 'http://localhost:44238/session/70a52b37c47ef4157a63a17f21af6d7e/execute/sync'
23:01:33.913 [Forwarding getPageSource on session 70a52b37c47ef4157a63a17f21af6d7e to remote] DEBUG org.asynchttpclient.netty.request.NettyRequestSender - Using open Channel [id: 0xe48370ce, L:/127.0.0.1:54700 - R:localhost/127.0.0.1:44238] for POST '/session/70a52b37c47ef4157a63a17f21af6d7e/execute/sync'
23:01:33.966 [AsyncHttpClient-1-14] DEBUG org.asynchttpclient.netty.handler.HttpHandler - 

Request DefaultHttpRequest(decodeResult: success, version: HTTP/1.1)
POST /session/70a52b37c47ef4157a63a17f21af6d7e/execute/sync HTTP/1.1
User-Agent: selenium/4.8.1 (java windows)
Content-Length: 176
Content-Type: application/json; charset=utf-8
host: localhost:44238
accept: */*

Response DefaultHttpResponse(decodeResult: success, version: HTTP/1.1)
HTTP/1.1 200 OK
Content-Length: 817018
Content-Type: application/json; charset=utf-8
cache-control: no-cache

23:01:33.967 [AsyncHttpClient-1-14] DEBUG org.asynchttpclient.netty.channel.ChannelManager - Adding key: http://localhost:44238 for channel [id: 0xe48370ce, L:/127.0.0.1:54700 - R:localhost/127.0.0.1:44238]
23:01:34.053 [Forwarding getCurrentUrl on session 70a52b37c47ef4157a63a17f21af6d7e to remote] DEBUG org.asynchttpclient.netty.request.NettyRequestSender - Using pooled Channel '[id: 0xe48370ce, L:/127.0.0.1:54700 - R:localhost/127.0.0.1:44238]' for 'GET' to 'http://localhost:44238/session/70a52b37c47ef4157a63a17f21af6d7e/url'
23:01:34.053 [Forwarding getCurrentUrl on session 70a52b37c47ef4157a63a17f21af6d7e to remote] DEBUG org.asynchttpclient.netty.request.NettyRequestSender - Using open Channel [id: 0xe48370ce, L:/127.0.0.1:54700 - R:localhost/127.0.0.1:44238] for GET '/session/70a52b37c47ef4157a63a17f21af6d7e/url'
23:01:34.061 [AsyncHttpClient-1-14] DEBUG org.asynchttpclient.netty.handler.HttpHandler - 

Request DefaultFullHttpRequest(decodeResult: success, version: HTTP/1.1, content: EmptyByteBufBE)
GET /session/70a52b37c47ef4157a63a17f21af6d7e/url HTTP/1.1
User-Agent: selenium/4.8.1 (java windows)
Cache-Control: no-cache
Content-Type: application/json; charset=utf-8
host: localhost:44238
accept: */*

Response DefaultHttpResponse(decodeResult: success, version: HTTP/1.1)
HTTP/1.1 200 OK
Content-Length: 41
Content-Type: application/json; charset=utf-8
cache-control: no-cache

23:01:34.061 [AsyncHttpClient-1-14] DEBUG org.asynchttpclient.netty.channel.ChannelManager - Adding key: http://localhost:44238 for channel [id: 0xe48370ce, L:/127.0.0.1:54700 - R:localhost/127.0.0.1:44238]
23:01:34.067 [Forwarding getAlertText on session 70a52b37c47ef4157a63a17f21af6d7e to remote] DEBUG org.asynchttpclient.netty.request.NettyRequestSender - Using pooled Channel '[id: 0xe48370ce, L:/127.0.0.1:54700 - R:localhost/127.0.0.1:44238]' for 'GET' to 'http://localhost:44238/session/70a52b37c47ef4157a63a17f21af6d7e/alert/text'
23:01:34.067 [Forwarding getAlertText on session 70a52b37c47ef4157a63a17f21af6d7e to remote] DEBUG org.asynchttpclient.netty.request.NettyRequestSender - Using open Channel [id: 0xe48370ce, L:/127.0.0.1:54700 - R:localhost/127.0.0.1:44238] for GET '/session/70a52b37c47ef4157a63a17f21af6d7e/alert/text'
23:01:34.070 [AsyncHttpClient-1-14] DEBUG org.asynchttpclient.netty.handler.HttpHandler - 

Request DefaultFullHttpRequest(decodeResult: success, version: HTTP/1.1, content: EmptyByteBufBE)
GET /session/70a52b37c47ef4157a63a17f21af6d7e/alert/text HTTP/1.1
User-Agent: selenium/4.8.1 (java windows)
Cache-Control: no-cache
Content-Type: application/json; charset=utf-8
host: localhost:44238
accept: */*

Response DefaultHttpResponse(decodeResult: success, version: HTTP/1.1)
HTTP/1.1 404 Not Found
Content-Length: 820
Content-Type: application/json; charset=utf-8
cache-control: no-cache

23:01:34.070 [AsyncHttpClient-1-14] DEBUG org.asynchttpclient.netty.channel.ChannelManager - Adding key: http://localhost:44238 for channel [id: 0xe48370ce, L:/127.0.0.1:54700 - R:localhost/127.0.0.1:44238]
23:01:34.070 [Forwarding getCurrentUrl on session 70a52b37c47ef4157a63a17f21af6d7e to remote] DEBUG org.asynchttpclient.netty.request.NettyRequestSender - Using pooled Channel '[id: 0xe48370ce, L:/127.0.0.1:54700 - R:localhost/127.0.0.1:44238]' for 'GET' to 'http://localhost:44238/session/70a52b37c47ef4157a63a17f21af6d7e/url'
23:01:34.070 [Forwarding getCurrentUrl on session 70a52b37c47ef4157a63a17f21af6d7e to remote] DEBUG org.asynchttpclient.netty.request.NettyRequestSender - Using open Channel [id: 0xe48370ce, L:/127.0.0.1:54700 - R:localhost/127.0.0.1:44238] for GET '/session/70a52b37c47ef4157a63a17f21af6d7e/url'
23:01:34.078 [AsyncHttpClient-1-14] DEBUG org.asynchttpclient.netty.handler.HttpHandler - 

Request DefaultFullHttpRequest(decodeResult: success, version: HTTP/1.1, content: EmptyByteBufBE)
GET /session/70a52b37c47ef4157a63a17f21af6d7e/url HTTP/1.1
User-Agent: selenium/4.8.1 (java windows)
Cache-Control: no-cache
Content-Type: application/json; charset=utf-8
host: localhost:44238
accept: */*

Response DefaultHttpResponse(decodeResult: success, version: HTTP/1.1)
HTTP/1.1 200 OK
Content-Length: 41
Content-Type: application/json; charset=utf-8
cache-control: no-cache

23:01:34.078 [AsyncHttpClient-1-14] DEBUG org.asynchttpclient.netty.channel.ChannelManager - Adding key: http://localhost:44238 for channel [id: 0xe48370ce, L:/127.0.0.1:54700 - R:localhost/127.0.0.1:44238]
23:01:34.079 [Forwarding screenshot on session 70a52b37c47ef4157a63a17f21af6d7e to remote] DEBUG org.asynchttpclient.netty.request.NettyRequestSender - Using pooled Channel '[id: 0xe48370ce, L:/127.0.0.1:54700 - R:localhost/127.0.0.1:44238]' for 'GET' to 'http://localhost:44238/session/70a52b37c47ef4157a63a17f21af6d7e/screenshot'
23:01:34.079 [Forwarding screenshot on session 70a52b37c47ef4157a63a17f21af6d7e to remote] DEBUG org.asynchttpclient.netty.request.NettyRequestSender - Using open Channel [id: 0xe48370ce, L:/127.0.0.1:54700 - R:localhost/127.0.0.1:44238] for GET '/session/70a52b37c47ef4157a63a17f21af6d7e/screenshot'
23:01:34.186 [AsyncHttpClient-1-14] DEBUG org.asynchttpclient.netty.handler.HttpHandler - 

Request DefaultFullHttpRequest(decodeResult: success, version: HTTP/1.1, content: EmptyByteBufBE)
GET /session/70a52b37c47ef4157a63a17f21af6d7e/screenshot HTTP/1.1
User-Agent: selenium/4.8.1 (java windows)
Cache-Control: no-cache
Content-Type: application/json; charset=utf-8
host: localhost:44238
accept: */*

Response DefaultHttpResponse(decodeResult: success, version: HTTP/1.1)
HTTP/1.1 200 OK
Content-Length: 85632
Content-Type: application/json; charset=utf-8
cache-control: no-cache

23:01:34.187 [AsyncHttpClient-1-14] DEBUG org.asynchttpclient.netty.channel.ChannelManager - Adding key: http://localhost:44238 for channel [id: 0xe48370ce, L:/127.0.0.1:54700 - R:localhost/127.0.0.1:44238]
23:01:34.191 [main] DEBUG net.serenitybdd.core.photography.Darkroom - Send negative for processing for target\site\serenity\367e37022248e04704202cd744f1c45c5d1756e1a87ee1a45ef5dcf31d3e1b62.png
23:01:34.191 [Forwarding getPageSource on session 70a52b37c47ef4157a63a17f21af6d7e to remote] DEBUG org.asynchttpclient.netty.request.NettyRequestSender - Using pooled Channel '[id: 0xe48370ce, L:/127.0.0.1:54700 - R:localhost/127.0.0.1:44238]' for 'POST' to 'http://localhost:44238/session/70a52b37c47ef4157a63a17f21af6d7e/execute/sync'
23:01:34.191 [Forwarding getPageSource on session 70a52b37c47ef4157a63a17f21af6d7e to remote] DEBUG org.asynchttpclient.netty.request.NettyRequestSender - Using open Channel [id: 0xe48370ce, L:/127.0.0.1:54700 - R:localhost/127.0.0.1:44238] for POST '/session/70a52b37c47ef4157a63a17f21af6d7e/execute/sync'
23:01:34.250 [AsyncHttpClient-1-14] DEBUG org.asynchttpclient.netty.handler.HttpHandler - 

Request DefaultHttpRequest(decodeResult: success, version: HTTP/1.1)
POST /session/70a52b37c47ef4157a63a17f21af6d7e/execute/sync HTTP/1.1
User-Agent: selenium/4.8.1 (java windows)
Content-Length: 176
Content-Type: application/json; charset=utf-8
host: localhost:44238
accept: */*

Response DefaultHttpResponse(decodeResult: success, version: HTTP/1.1)
HTTP/1.1 200 OK
Content-Length: 817018
Content-Type: application/json; charset=utf-8
cache-control: no-cache

23:01:34.250 [AsyncHttpClient-1-14] DEBUG org.asynchttpclient.netty.channel.ChannelManager - Adding key: http://localhost:44238 for channel [id: 0xe48370ce, L:/127.0.0.1:54700 - R:localhost/127.0.0.1:44238]
23:01:34.366 [Forwarding getCurrentUrl on session 70a52b37c47ef4157a63a17f21af6d7e to remote] DEBUG org.asynchttpclient.netty.request.NettyRequestSender - Using pooled Channel '[id: 0xe48370ce, L:/127.0.0.1:54700 - R:localhost/127.0.0.1:44238]' for 'GET' to 'http://localhost:44238/session/70a52b37c47ef4157a63a17f21af6d7e/url'
23:01:34.366 [Forwarding getCurrentUrl on session 70a52b37c47ef4157a63a17f21af6d7e to remote] DEBUG org.asynchttpclient.netty.request.NettyRequestSender - Using open Channel [id: 0xe48370ce, L:/127.0.0.1:54700 - R:localhost/127.0.0.1:44238] for GET '/session/70a52b37c47ef4157a63a17f21af6d7e/url'
23:01:34.375 [AsyncHttpClient-1-14] DEBUG org.asynchttpclient.netty.handler.HttpHandler - 

Request DefaultFullHttpRequest(decodeResult: success, version: HTTP/1.1, content: EmptyByteBufBE)
GET /session/70a52b37c47ef4157a63a17f21af6d7e/url HTTP/1.1
User-Agent: selenium/4.8.1 (java windows)
Cache-Control: no-cache
Content-Type: application/json; charset=utf-8
host: localhost:44238
accept: */*

Response DefaultHttpResponse(decodeResult: success, version: HTTP/1.1)
HTTP/1.1 200 OK
Content-Length: 41
Content-Type: application/json; charset=utf-8
cache-control: no-cache

23:01:34.375 [AsyncHttpClient-1-14] DEBUG org.asynchttpclient.netty.channel.ChannelManager - Adding key: http://localhost:44238 for channel [id: 0xe48370ce, L:/127.0.0.1:54700 - R:localhost/127.0.0.1:44238]
23:01:34.479 [main] DEBUG net.thucydides.core.steps.StepInterceptor - STARTING STEP: HomepageSteps.clickDetailButton3 - clickDetailProduk3
23:01:34.484 [Forwarding findElement on session 70a52b37c47ef4157a63a17f21af6d7e to remote] DEBUG org.asynchttpclient.netty.request.NettyRequestSender - Using pooled Channel '[id: 0xe48370ce, L:/127.0.0.1:54700 - R:localhost/127.0.0.1:44238]' for 'POST' to 'http://localhost:44238/session/70a52b37c47ef4157a63a17f21af6d7e/element'
23:01:34.484 [Forwarding findElement on session 70a52b37c47ef4157a63a17f21af6d7e to remote] DEBUG org.asynchttpclient.netty.request.NettyRequestSender - Using open Channel [id: 0xe48370ce, L:/127.0.0.1:54700 - R:localhost/127.0.0.1:44238] for POST '/session/70a52b37c47ef4157a63a17f21af6d7e/element'
23:01:34.535 [AsyncHttpClient-1-14] DEBUG org.asynchttpclient.netty.handler.HttpHandler - 

Request DefaultHttpRequest(decodeResult: success, version: HTTP/1.1)
POST /session/70a52b37c47ef4157a63a17f21af6d7e/element HTTP/1.1
User-Agent: selenium/4.8.1 (java windows)
Content-Length: 113
Content-Type: application/json; charset=utf-8
host: localhost:44238
accept: */*

Response DefaultHttpResponse(decodeResult: success, version: HTTP/1.1)
HTTP/1.1 200 OK
Content-Length: 94
Content-Type: application/json; charset=utf-8
cache-control: no-cache

23:01:34.535 [AsyncHttpClient-1-14] DEBUG org.asynchttpclient.netty.channel.ChannelManager - Adding key: http://localhost:44238 for channel [id: 0xe48370ce, L:/127.0.0.1:54700 - R:localhost/127.0.0.1:44238]
23:01:34.536 [Forwarding getElementTagName on session 70a52b37c47ef4157a63a17f21af6d7e to remote] DEBUG org.asynchttpclient.netty.request.NettyRequestSender - Using pooled Channel '[id: 0xe48370ce, L:/127.0.0.1:54700 - R:localhost/127.0.0.1:44238]' for 'GET' to 'http://localhost:44238/session/70a52b37c47ef4157a63a17f21af6d7e/element/879337AE5EB2AF1E24DE15000110CC7B_element_9/name'
23:01:34.536 [Forwarding getElementTagName on session 70a52b37c47ef4157a63a17f21af6d7e to remote] DEBUG org.asynchttpclient.netty.request.NettyRequestSender - Using open Channel [id: 0xe48370ce, L:/127.0.0.1:54700 - R:localhost/127.0.0.1:44238] for GET '/session/70a52b37c47ef4157a63a17f21af6d7e/element/879337AE5EB2AF1E24DE15000110CC7B_element_9/name'
23:01:34.551 [AsyncHttpClient-1-14] DEBUG org.asynchttpclient.netty.handler.HttpHandler - 

Request DefaultFullHttpRequest(decodeResult: success, version: HTTP/1.1, content: EmptyByteBufBE)
GET /session/70a52b37c47ef4157a63a17f21af6d7e/element/879337AE5EB2AF1E24DE15000110CC7B_element_9/name HTTP/1.1
User-Agent: selenium/4.8.1 (java windows)
Cache-Control: no-cache
Content-Type: application/json; charset=utf-8
host: localhost:44238
accept: */*

Response DefaultHttpResponse(decodeResult: success, version: HTTP/1.1)
HTTP/1.1 200 OK
Content-Length: 18
Content-Type: application/json; charset=utf-8
cache-control: no-cache

23:01:34.551 [AsyncHttpClient-1-14] DEBUG org.asynchttpclient.netty.channel.ChannelManager - Adding key: http://localhost:44238 for channel [id: 0xe48370ce, L:/127.0.0.1:54700 - R:localhost/127.0.0.1:44238]
23:01:34.553 [Forwarding getElementTagName on session 70a52b37c47ef4157a63a17f21af6d7e to remote] DEBUG org.asynchttpclient.netty.request.NettyRequestSender - Using pooled Channel '[id: 0xe48370ce, L:/127.0.0.1:54700 - R:localhost/127.0.0.1:44238]' for 'GET' to 'http://localhost:44238/session/70a52b37c47ef4157a63a17f21af6d7e/element/879337AE5EB2AF1E24DE15000110CC7B_element_9/name'
23:01:34.553 [Forwarding getElementTagName on session 70a52b37c47ef4157a63a17f21af6d7e to remote] DEBUG org.asynchttpclient.netty.request.NettyRequestSender - Using open Channel [id: 0xe48370ce, L:/127.0.0.1:54700 - R:localhost/127.0.0.1:44238] for GET '/session/70a52b37c47ef4157a63a17f21af6d7e/element/879337AE5EB2AF1E24DE15000110CC7B_element_9/name'
23:01:34.567 [AsyncHttpClient-1-14] DEBUG org.asynchttpclient.netty.handler.HttpHandler - 

Request DefaultFullHttpRequest(decodeResult: success, version: HTTP/1.1, content: EmptyByteBufBE)
GET /session/70a52b37c47ef4157a63a17f21af6d7e/element/879337AE5EB2AF1E24DE15000110CC7B_element_9/name HTTP/1.1
User-Agent: selenium/4.8.1 (java windows)
Cache-Control: no-cache
Content-Type: application/json; charset=utf-8
host: localhost:44238
accept: */*

Response DefaultHttpResponse(decodeResult: success, version: HTTP/1.1)
HTTP/1.1 200 OK
Content-Length: 18
Content-Type: application/json; charset=utf-8
cache-control: no-cache

23:01:34.567 [AsyncHttpClient-1-14] DEBUG org.asynchttpclient.netty.channel.ChannelManager - Adding key: http://localhost:44238 for channel [id: 0xe48370ce, L:/127.0.0.1:54700 - R:localhost/127.0.0.1:44238]
23:01:34.571 [Forwarding isElementEnabled on session 70a52b37c47ef4157a63a17f21af6d7e to remote] DEBUG org.asynchttpclient.netty.request.NettyRequestSender - Using pooled Channel '[id: 0xe48370ce, L:/127.0.0.1:54700 - R:localhost/127.0.0.1:44238]' for 'GET' to 'http://localhost:44238/session/70a52b37c47ef4157a63a17f21af6d7e/element/879337AE5EB2AF1E24DE15000110CC7B_element_9/enabled'
23:01:34.571 [Forwarding isElementEnabled on session 70a52b37c47ef4157a63a17f21af6d7e to remote] DEBUG org.asynchttpclient.netty.request.NettyRequestSender - Using open Channel [id: 0xe48370ce, L:/127.0.0.1:54700 - R:localhost/127.0.0.1:44238] for GET '/session/70a52b37c47ef4157a63a17f21af6d7e/element/879337AE5EB2AF1E24DE15000110CC7B_element_9/enabled'
23:01:34.598 [AsyncHttpClient-1-14] DEBUG org.asynchttpclient.netty.handler.HttpHandler - 

Request DefaultFullHttpRequest(decodeResult: success, version: HTTP/1.1, content: EmptyByteBufBE)
GET /session/70a52b37c47ef4157a63a17f21af6d7e/element/879337AE5EB2AF1E24DE15000110CC7B_element_9/enabled HTTP/1.1
User-Agent: selenium/4.8.1 (java windows)
Cache-Control: no-cache
Content-Type: application/json; charset=utf-8
host: localhost:44238
accept: */*

Response DefaultHttpResponse(decodeResult: success, version: HTTP/1.1)
HTTP/1.1 200 OK
Content-Length: 14
Content-Type: application/json; charset=utf-8
cache-control: no-cache

23:01:34.598 [AsyncHttpClient-1-14] DEBUG org.asynchttpclient.netty.channel.ChannelManager - Adding key: http://localhost:44238 for channel [id: 0xe48370ce, L:/127.0.0.1:54700 - R:localhost/127.0.0.1:44238]
23:01:34.600 [Forwarding isElementEnabled on session 70a52b37c47ef4157a63a17f21af6d7e to remote] DEBUG org.asynchttpclient.netty.request.NettyRequestSender - Using pooled Channel '[id: 0xe48370ce, L:/127.0.0.1:54700 - R:localhost/127.0.0.1:44238]' for 'GET' to 'http://localhost:44238/session/70a52b37c47ef4157a63a17f21af6d7e/element/879337AE5EB2AF1E24DE15000110CC7B_element_9/enabled'
23:01:34.600 [Forwarding isElementEnabled on session 70a52b37c47ef4157a63a17f21af6d7e to remote] DEBUG org.asynchttpclient.netty.request.NettyRequestSender - Using open Channel [id: 0xe48370ce, L:/127.0.0.1:54700 - R:localhost/127.0.0.1:44238] for GET '/session/70a52b37c47ef4157a63a17f21af6d7e/element/879337AE5EB2AF1E24DE15000110CC7B_element_9/enabled'
23:01:34.621 [AsyncHttpClient-1-14] DEBUG org.asynchttpclient.netty.handler.HttpHandler - 

Request DefaultFullHttpRequest(decodeResult: success, version: HTTP/1.1, content: EmptyByteBufBE)
GET /session/70a52b37c47ef4157a63a17f21af6d7e/element/879337AE5EB2AF1E24DE15000110CC7B_element_9/enabled HTTP/1.1
User-Agent: selenium/4.8.1 (java windows)
Cache-Control: no-cache
Content-Type: application/json; charset=utf-8
host: localhost:44238
accept: */*

Response DefaultHttpResponse(decodeResult: success, version: HTTP/1.1)
HTTP/1.1 200 OK
Content-Length: 14
Content-Type: application/json; charset=utf-8
cache-control: no-cache

23:01:34.621 [AsyncHttpClient-1-14] DEBUG org.asynchttpclient.netty.channel.ChannelManager - Adding key: http://localhost:44238 for channel [id: 0xe48370ce, L:/127.0.0.1:54700 - R:localhost/127.0.0.1:44238]
23:01:34.624 [Forwarding findElement on session 70a52b37c47ef4157a63a17f21af6d7e to remote] DEBUG org.asynchttpclient.netty.request.NettyRequestSender - Using pooled Channel '[id: 0xe48370ce, L:/127.0.0.1:54700 - R:localhost/127.0.0.1:44238]' for 'POST' to 'http://localhost:44238/session/70a52b37c47ef4157a63a17f21af6d7e/element'
23:01:34.624 [Forwarding findElement on session 70a52b37c47ef4157a63a17f21af6d7e to remote] DEBUG org.asynchttpclient.netty.request.NettyRequestSender - Using open Channel [id: 0xe48370ce, L:/127.0.0.1:54700 - R:localhost/127.0.0.1:44238] for POST '/session/70a52b37c47ef4157a63a17f21af6d7e/element'
23:01:34.659 [AsyncHttpClient-1-14] DEBUG org.asynchttpclient.netty.handler.HttpHandler - 

Request DefaultHttpRequest(decodeResult: success, version: HTTP/1.1)
POST /session/70a52b37c47ef4157a63a17f21af6d7e/element HTTP/1.1
User-Agent: selenium/4.8.1 (java windows)
Content-Length: 113
Content-Type: application/json; charset=utf-8
host: localhost:44238
accept: */*

Response DefaultHttpResponse(decodeResult: success, version: HTTP/1.1)
HTTP/1.1 200 OK
Content-Length: 94
Content-Type: application/json; charset=utf-8
cache-control: no-cache

23:01:34.659 [AsyncHttpClient-1-14] DEBUG org.asynchttpclient.netty.channel.ChannelManager - Adding key: http://localhost:44238 for channel [id: 0xe48370ce, L:/127.0.0.1:54700 - R:localhost/127.0.0.1:44238]
23:01:34.660 [Forwarding clickElement on session 70a52b37c47ef4157a63a17f21af6d7e to remote] DEBUG org.asynchttpclient.netty.request.NettyRequestSender - Using pooled Channel '[id: 0xe48370ce, L:/127.0.0.1:54700 - R:localhost/127.0.0.1:44238]' for 'POST' to 'http://localhost:44238/session/70a52b37c47ef4157a63a17f21af6d7e/element/879337AE5EB2AF1E24DE15000110CC7B_element_9/click'
23:01:34.660 [Forwarding clickElement on session 70a52b37c47ef4157a63a17f21af6d7e to remote] DEBUG org.asynchttpclient.netty.request.NettyRequestSender - Using open Channel [id: 0xe48370ce, L:/127.0.0.1:54700 - R:localhost/127.0.0.1:44238] for POST '/session/70a52b37c47ef4157a63a17f21af6d7e/element/879337AE5EB2AF1E24DE15000110CC7B_element_9/click'
23:01:34.884 [AsyncHttpClient-1-14] DEBUG org.asynchttpclient.netty.handler.HttpHandler - 

Request DefaultHttpRequest(decodeResult: success, version: HTTP/1.1)
POST /session/70a52b37c47ef4157a63a17f21af6d7e/element/879337AE5EB2AF1E24DE15000110CC7B_element_9/click HTTP/1.1
User-Agent: selenium/4.8.1 (java windows)
Content-Length: 56
Content-Type: application/json; charset=utf-8
host: localhost:44238
accept: */*

Response DefaultHttpResponse(decodeResult: success, version: HTTP/1.1)
HTTP/1.1 200 OK
Content-Length: 14
Content-Type: application/json; charset=utf-8
cache-control: no-cache

23:01:34.885 [AsyncHttpClient-1-14] DEBUG org.asynchttpclient.netty.channel.ChannelManager - Adding key: http://localhost:44238 for channel [id: 0xe48370ce, L:/127.0.0.1:54700 - R:localhost/127.0.0.1:44238]
23:01:34.898 [Forwarding getAlertText on session 70a52b37c47ef4157a63a17f21af6d7e to remote] DEBUG org.asynchttpclient.netty.request.NettyRequestSender - Using pooled Channel '[id: 0xe48370ce, L:/127.0.0.1:54700 - R:localhost/127.0.0.1:44238]' for 'GET' to 'http://localhost:44238/session/70a52b37c47ef4157a63a17f21af6d7e/alert/text'
23:01:34.898 [Forwarding getAlertText on session 70a52b37c47ef4157a63a17f21af6d7e to remote] DEBUG org.asynchttpclient.netty.request.NettyRequestSender - Using open Channel [id: 0xe48370ce, L:/127.0.0.1:54700 - R:localhost/127.0.0.1:44238] for GET '/session/70a52b37c47ef4157a63a17f21af6d7e/alert/text'
23:01:35.005 [AsyncHttpClient-1-1] DEBUG org.asynchttpclient.netty.channel.DefaultChannelPool - Entry count for : http://localhost:54701 : 1
23:01:35.227 [AsyncHttpClient-1-14] DEBUG org.asynchttpclient.netty.handler.HttpHandler - 

Request DefaultFullHttpRequest(decodeResult: success, version: HTTP/1.1, content: EmptyByteBufBE)
GET /session/70a52b37c47ef4157a63a17f21af6d7e/alert/text HTTP/1.1
User-Agent: selenium/4.8.1 (java windows)
Cache-Control: no-cache
Content-Type: application/json; charset=utf-8
host: localhost:44238
accept: */*

Response DefaultHttpResponse(decodeResult: success, version: HTTP/1.1)
HTTP/1.1 404 Not Found
Content-Length: 820
Content-Type: application/json; charset=utf-8
cache-control: no-cache

23:01:35.227 [AsyncHttpClient-1-14] DEBUG org.asynchttpclient.netty.channel.ChannelManager - Adding key: http://localhost:44238 for channel [id: 0xe48370ce, L:/127.0.0.1:54700 - R:localhost/127.0.0.1:44238]
23:01:35.228 [Forwarding getCurrentUrl on session 70a52b37c47ef4157a63a17f21af6d7e to remote] DEBUG org.asynchttpclient.netty.request.NettyRequestSender - Using pooled Channel '[id: 0xe48370ce, L:/127.0.0.1:54700 - R:localhost/127.0.0.1:44238]' for 'GET' to 'http://localhost:44238/session/70a52b37c47ef4157a63a17f21af6d7e/url'
23:01:35.228 [Forwarding getCurrentUrl on session 70a52b37c47ef4157a63a17f21af6d7e to remote] DEBUG org.asynchttpclient.netty.request.NettyRequestSender - Using open Channel [id: 0xe48370ce, L:/127.0.0.1:54700 - R:localhost/127.0.0.1:44238] for GET '/session/70a52b37c47ef4157a63a17f21af6d7e/url'
23:01:35.237 [AsyncHttpClient-1-14] DEBUG org.asynchttpclient.netty.handler.HttpHandler - 

Request DefaultFullHttpRequest(decodeResult: success, version: HTTP/1.1, content: EmptyByteBufBE)
GET /session/70a52b37c47ef4157a63a17f21af6d7e/url HTTP/1.1
User-Agent: selenium/4.8.1 (java windows)
Cache-Control: no-cache
Content-Type: application/json; charset=utf-8
host: localhost:44238
accept: */*

Response DefaultHttpResponse(decodeResult: success, version: HTTP/1.1)
HTTP/1.1 200 OK
Content-Length: 55
Content-Type: application/json; charset=utf-8
cache-control: no-cache

23:01:35.237 [AsyncHttpClient-1-14] DEBUG org.asynchttpclient.netty.channel.ChannelManager - Adding key: http://localhost:44238 for channel [id: 0xe48370ce, L:/127.0.0.1:54700 - R:localhost/127.0.0.1:44238]
23:01:35.238 [Forwarding screenshot on session 70a52b37c47ef4157a63a17f21af6d7e to remote] DEBUG org.asynchttpclient.netty.request.NettyRequestSender - Using pooled Channel '[id: 0xe48370ce, L:/127.0.0.1:54700 - R:localhost/127.0.0.1:44238]' for 'GET' to 'http://localhost:44238/session/70a52b37c47ef4157a63a17f21af6d7e/screenshot'
23:01:35.238 [Forwarding screenshot on session 70a52b37c47ef4157a63a17f21af6d7e to remote] DEBUG org.asynchttpclient.netty.request.NettyRequestSender - Using open Channel [id: 0xe48370ce, L:/127.0.0.1:54700 - R:localhost/127.0.0.1:44238] for GET '/session/70a52b37c47ef4157a63a17f21af6d7e/screenshot'
23:01:35.485 [AsyncHttpClient-1-14] DEBUG org.asynchttpclient.netty.handler.HttpHandler - 

Request DefaultFullHttpRequest(decodeResult: success, version: HTTP/1.1, content: EmptyByteBufBE)
GET /session/70a52b37c47ef4157a63a17f21af6d7e/screenshot HTTP/1.1
User-Agent: selenium/4.8.1 (java windows)
Cache-Control: no-cache
Content-Type: application/json; charset=utf-8
host: localhost:44238
accept: */*

Response DefaultHttpResponse(decodeResult: success, version: HTTP/1.1)
HTTP/1.1 200 OK
Content-Length: 29464
Content-Type: application/json; charset=utf-8
cache-control: no-cache

23:01:35.485 [AsyncHttpClient-1-14] DEBUG org.asynchttpclient.netty.channel.ChannelManager - Adding key: http://localhost:44238 for channel [id: 0xe48370ce, L:/127.0.0.1:54700 - R:localhost/127.0.0.1:44238]
23:01:35.487 [main] DEBUG net.serenitybdd.core.photography.Darkroom - Send negative for processing for target\site\serenity\28ad485f0173025760631f6ecf9a643e7d7fc793dd1ed10d1dcb26af226ee2c3.png
23:01:35.487 [main] DEBUG net.thucydides.core.steps.StepInterceptor - STEP DONE: clickDetailProduk3
  &amp#27;[32mAnd &amp#27;[0m&amp#27;[32mI click detail button product 3&amp#27;[0m         &amp#27;[90m# starter.stepdefinitions.HomepageSteps.clickDetailButton3()&amp#27;[0m
23:01:35.487 [Darkroom Processing Line] DEBUG net.serenitybdd.core.photography.DarkroomProcessingLine - Processing screenshot image in /var/screenshots/screenshot-6552241988628668352
23:01:35.487 [Darkroom Processing Line] DEBUG net.serenitybdd.core.photography.DarkroomProcessingLine - Saving screenshot to target\site\serenity\28ad485f0173025760631f6ecf9a643e7d7fc793dd1ed10d1dcb26af226ee2c3.png
23:01:35.493 [Forwarding getPageSource on session 70a52b37c47ef4157a63a17f21af6d7e to remote] DEBUG org.asynchttpclient.netty.request.NettyRequestSender - Using pooled Channel '[id: 0xe48370ce, L:/127.0.0.1:54700 - R:localhost/127.0.0.1:44238]' for 'POST' to 'http://localhost:44238/session/70a52b37c47ef4157a63a17f21af6d7e/execute/sync'
23:01:35.493 [Forwarding getPageSource on session 70a52b37c47ef4157a63a17f21af6d7e to remote] DEBUG org.asynchttpclient.netty.request.NettyRequestSender - Using open Channel [id: 0xe48370ce, L:/127.0.0.1:54700 - R:localhost/127.0.0.1:44238] for POST '/session/70a52b37c47ef4157a63a17f21af6d7e/execute/sync'
23:01:35.502 [AsyncHttpClient-1-14] DEBUG org.asynchttpclient.netty.handler.HttpHandler - 

Request DefaultHttpRequest(decodeResult: success, version: HTTP/1.1)
POST /session/70a52b37c47ef4157a63a17f21af6d7e/execute/sync HTTP/1.1
User-Agent: selenium/4.8.1 (java windows)
Content-Length: 176
Content-Type: application/json; charset=utf-8
host: localhost:44238
accept: */*

Response DefaultHttpResponse(decodeResult: success, version: HTTP/1.1)
HTTP/1.1 200 OK
Content-Length: 21286
Content-Type: application/json; charset=utf-8
cache-control: no-cache

23:01:35.502 [AsyncHttpClient-1-14] DEBUG org.asynchttpclient.netty.channel.ChannelManager - Adding key: http://localhost:44238 for channel [id: 0xe48370ce, L:/127.0.0.1:54700 - R:localhost/127.0.0.1:44238]
23:01:35.503 [Forwarding getCurrentUrl on session 70a52b37c47ef4157a63a17f21af6d7e to remote] DEBUG org.asynchttpclient.netty.request.NettyRequestSender - Using pooled Channel '[id: 0xe48370ce, L:/127.0.0.1:54700 - R:localhost/127.0.0.1:44238]' for 'GET' to 'http://localhost:44238/session/70a52b37c47ef4157a63a17f21af6d7e/url'
23:01:35.503 [Forwarding getCurrentUrl on session 70a52b37c47ef4157a63a17f21af6d7e to remote] DEBUG org.asynchttpclient.netty.request.NettyRequestSender - Using open Channel [id: 0xe48370ce, L:/127.0.0.1:54700 - R:localhost/127.0.0.1:44238] for GET '/session/70a52b37c47ef4157a63a17f21af6d7e/url'
23:01:35.511 [AsyncHttpClient-1-14] DEBUG org.asynchttpclient.netty.handler.HttpHandler - 

Request DefaultFullHttpRequest(decodeResult: success, version: HTTP/1.1, content: EmptyByteBufBE)
GET /session/70a52b37c47ef4157a63a17f21af6d7e/url HTTP/1.1
User-Agent: selenium/4.8.1 (java windows)
Cache-Control: no-cache
Content-Type: application/json; charset=utf-8
host: localhost:44238
accept: */*

Response DefaultHttpResponse(decodeResult: success, version: HTTP/1.1)
HTTP/1.1 200 OK
Content-Length: 55
Content-Type: application/json; charset=utf-8
cache-control: no-cache

23:01:35.511 [AsyncHttpClient-1-14] DEBUG org.asynchttpclient.netty.channel.ChannelManager - Adding key: http://localhost:44238 for channel [id: 0xe48370ce, L:/127.0.0.1:54700 - R:localhost/127.0.0.1:44238]
23:01:35.518 [Forwarding getPageSource on session 70a52b37c47ef4157a63a17f21af6d7e to remote] DEBUG org.asynchttpclient.netty.request.NettyRequestSender - Using pooled Channel '[id: 0xe48370ce, L:/127.0.0.1:54700 - R:localhost/127.0.0.1:44238]' for 'POST' to 'http://localhost:44238/session/70a52b37c47ef4157a63a17f21af6d7e/execute/sync'
23:01:35.518 [Forwarding getPageSource on session 70a52b37c47ef4157a63a17f21af6d7e to remote] DEBUG org.asynchttpclient.netty.request.NettyRequestSender - Using open Channel [id: 0xe48370ce, L:/127.0.0.1:54700 - R:localhost/127.0.0.1:44238] for POST '/session/70a52b37c47ef4157a63a17f21af6d7e/execute/sync'
23:01:35.526 [AsyncHttpClient-1-14] DEBUG org.asynchttpclient.netty.handler.HttpHandler - 

Request DefaultHttpRequest(decodeResult: success, version: HTTP/1.1)
POST /session/70a52b37c47ef4157a63a17f21af6d7e/execute/sync HTTP/1.1
User-Agent: selenium/4.8.1 (java windows)
Content-Length: 176
Content-Type: application/json; charset=utf-8
host: localhost:44238
accept: */*

Response DefaultHttpResponse(decodeResult: success, version: HTTP/1.1)
HTTP/1.1 200 OK
Content-Length: 21286
Content-Type: application/json; charset=utf-8
cache-control: no-cache

23:01:35.526 [AsyncHttpClient-1-14] DEBUG org.asynchttpclient.netty.channel.ChannelManager - Adding key: http://localhost:44238 for channel [id: 0xe48370ce, L:/127.0.0.1:54700 - R:localhost/127.0.0.1:44238]
23:01:35.528 [Forwarding getCurrentUrl on session 70a52b37c47ef4157a63a17f21af6d7e to remote] DEBUG org.asynchttpclient.netty.request.NettyRequestSender - Using pooled Channel '[id: 0xe48370ce, L:/127.0.0.1:54700 - R:localhost/127.0.0.1:44238]' for 'GET' to 'http://localhost:44238/session/70a52b37c47ef4157a63a17f21af6d7e/url'
23:01:35.528 [Forwarding getCurrentUrl on session 70a52b37c47ef4157a63a17f21af6d7e to remote] DEBUG org.asynchttpclient.netty.request.NettyRequestSender - Using open Channel [id: 0xe48370ce, L:/127.0.0.1:54700 - R:localhost/127.0.0.1:44238] for GET '/session/70a52b37c47ef4157a63a17f21af6d7e/url'
23:01:35.534 [AsyncHttpClient-1-14] DEBUG org.asynchttpclient.netty.handler.HttpHandler - 

Request DefaultFullHttpRequest(decodeResult: success, version: HTTP/1.1, content: EmptyByteBufBE)
GET /session/70a52b37c47ef4157a63a17f21af6d7e/url HTTP/1.1
User-Agent: selenium/4.8.1 (java windows)
Cache-Control: no-cache
Content-Type: application/json; charset=utf-8
host: localhost:44238
accept: */*

Response DefaultHttpResponse(decodeResult: success, version: HTTP/1.1)
HTTP/1.1 200 OK
Content-Length: 55
Content-Type: application/json; charset=utf-8
cache-control: no-cache

23:01:35.534 [AsyncHttpClient-1-14] DEBUG org.asynchttpclient.netty.channel.ChannelManager - Adding key: http://localhost:44238 for channel [id: 0xe48370ce, L:/127.0.0.1:54700 - R:localhost/127.0.0.1:44238]
23:01:35.536 [main] DEBUG net.thucydides.core.steps.StepInterceptor - STARTING STEP: HomepageSteps.goToDetailInformation - detailInformation
23:01:35.538 [Forwarding findElement on session 70a52b37c47ef4157a63a17f21af6d7e to remote] DEBUG org.asynchttpclient.netty.request.NettyRequestSender - Using pooled Channel '[id: 0xe48370ce, L:/127.0.0.1:54700 - R:localhost/127.0.0.1:44238]' for 'POST' to 'http://localhost:44238/session/70a52b37c47ef4157a63a17f21af6d7e/element'
23:01:35.538 [Forwarding findElement on session 70a52b37c47ef4157a63a17f21af6d7e to remote] DEBUG org.asynchttpclient.netty.request.NettyRequestSender - Using open Channel [id: 0xe48370ce, L:/127.0.0.1:54700 - R:localhost/127.0.0.1:44238] for POST '/session/70a52b37c47ef4157a63a17f21af6d7e/element'
23:01:35.549 [AsyncHttpClient-1-14] DEBUG org.asynchttpclient.netty.handler.HttpHandler - 

Request DefaultHttpRequest(decodeResult: success, version: HTTP/1.1)
POST /session/70a52b37c47ef4157a63a17f21af6d7e/element HTTP/1.1
User-Agent: selenium/4.8.1 (java windows)
Content-Length: 118
Content-Type: application/json; charset=utf-8
host: localhost:44238
accept: */*

Response DefaultHttpResponse(decodeResult: success, version: HTTP/1.1)
HTTP/1.1 200 OK
Content-Length: 95
Content-Type: application/json; charset=utf-8
cache-control: no-cache

23:01:35.550 [AsyncHttpClient-1-14] DEBUG org.asynchttpclient.netty.channel.ChannelManager - Adding key: http://localhost:44238 for channel [id: 0xe48370ce, L:/127.0.0.1:54700 - R:localhost/127.0.0.1:44238]
23:01:35.552 [Forwarding isElementDisplayed on session 70a52b37c47ef4157a63a17f21af6d7e to remote] DEBUG org.asynchttpclient.netty.request.NettyRequestSender - Using pooled Channel '[id: 0xe48370ce, L:/127.0.0.1:54700 - R:localhost/127.0.0.1:44238]' for 'POST' to 'http://localhost:44238/session/70a52b37c47ef4157a63a17f21af6d7e/execute/sync'
23:01:35.552 [Forwarding isElementDisplayed on session 70a52b37c47ef4157a63a17f21af6d7e to remote] DEBUG org.asynchttpclient.netty.request.NettyRequestSender - Using open Channel [id: 0xe48370ce, L:/127.0.0.1:54700 - R:localhost/127.0.0.1:44238] for POST '/session/70a52b37c47ef4157a63a17f21af6d7e/execute/sync'
23:01:35.575 [AsyncHttpClient-1-14] DEBUG org.asynchttpclient.netty.handler.HttpHandler - 

Request DefaultHttpRequest(decodeResult: success, version: HTTP/1.1)
POST /session/70a52b37c47ef4157a63a17f21af6d7e/execute/sync HTTP/1.1
User-Agent: selenium/4.8.1 (java windows)
Content-Length: 48814
Content-Type: application/json; charset=utf-8
host: localhost:44238
accept: */*

Response DefaultHttpResponse(decodeResult: success, version: HTTP/1.1)
HTTP/1.1 200 OK
Content-Length: 14
Content-Type: application/json; charset=utf-8
cache-control: no-cache

23:01:35.575 [AsyncHttpClient-1-14] DEBUG org.asynchttpclient.netty.channel.ChannelManager - Adding key: http://localhost:44238 for channel [id: 0xe48370ce, L:/127.0.0.1:54700 - R:localhost/127.0.0.1:44238]
23:01:35.580 [Forwarding getAlertText on session 70a52b37c47ef4157a63a17f21af6d7e to remote] DEBUG org.asynchttpclient.netty.request.NettyRequestSender - Using pooled Channel '[id: 0xe48370ce, L:/127.0.0.1:54700 - R:localhost/127.0.0.1:44238]' for 'GET' to 'http://localhost:44238/session/70a52b37c47ef4157a63a17f21af6d7e/alert/text'
23:01:35.580 [Forwarding getAlertText on session 70a52b37c47ef4157a63a17f21af6d7e to remote] DEBUG org.asynchttpclient.netty.request.NettyRequestSender - Using open Channel [id: 0xe48370ce, L:/127.0.0.1:54700 - R:localhost/127.0.0.1:44238] for GET '/session/70a52b37c47ef4157a63a17f21af6d7e/alert/text'
23:01:35.582 [AsyncHttpClient-1-14] DEBUG org.asynchttpclient.netty.handler.HttpHandler - 

Request DefaultFullHttpRequest(decodeResult: success, version: HTTP/1.1, content: EmptyByteBufBE)
GET /session/70a52b37c47ef4157a63a17f21af6d7e/alert/text HTTP/1.1
User-Agent: selenium/4.8.1 (java windows)
Cache-Control: no-cache
Content-Type: application/json; charset=utf-8
host: localhost:44238
accept: */*

Response DefaultHttpResponse(decodeResult: success, version: HTTP/1.1)
HTTP/1.1 404 Not Found
Content-Length: 820
Content-Type: application/json; charset=utf-8
cache-control: no-cache

23:01:35.582 [AsyncHttpClient-1-14] DEBUG org.asynchttpclient.netty.channel.ChannelManager - Adding key: http://localhost:44238 for channel [id: 0xe48370ce, L:/127.0.0.1:54700 - R:localhost/127.0.0.1:44238]
23:01:35.583 [Forwarding getCurrentUrl on session 70a52b37c47ef4157a63a17f21af6d7e to remote] DEBUG org.asynchttpclient.netty.request.NettyRequestSender - Using pooled Channel '[id: 0xe48370ce, L:/127.0.0.1:54700 - R:localhost/127.0.0.1:44238]' for 'GET' to 'http://localhost:44238/session/70a52b37c47ef4157a63a17f21af6d7e/url'
23:01:35.583 [Forwarding getCurrentUrl on session 70a52b37c47ef4157a63a17f21af6d7e to remote] DEBUG org.asynchttpclient.netty.request.NettyRequestSender - Using open Channel [id: 0xe48370ce, L:/127.0.0.1:54700 - R:localhost/127.0.0.1:44238] for GET '/session/70a52b37c47ef4157a63a17f21af6d7e/url'
23:01:35.590 [AsyncHttpClient-1-14] DEBUG org.asynchttpclient.netty.handler.HttpHandler - 

Request DefaultFullHttpRequest(decodeResult: success, version: HTTP/1.1, content: EmptyByteBufBE)
GET /session/70a52b37c47ef4157a63a17f21af6d7e/url HTTP/1.1
User-Agent: selenium/4.8.1 (java windows)
Cache-Control: no-cache
Content-Type: application/json; charset=utf-8
host: localhost:44238
accept: */*

Response DefaultHttpResponse(decodeResult: success, version: HTTP/1.1)
HTTP/1.1 200 OK
Content-Length: 55
Content-Type: application/json; charset=utf-8
cache-control: no-cache

23:01:35.590 [AsyncHttpClient-1-14] DEBUG org.asynchttpclient.netty.channel.ChannelManager - Adding key: http://localhost:44238 for channel [id: 0xe48370ce, L:/127.0.0.1:54700 - R:localhost/127.0.0.1:44238]
23:01:35.590 [Forwarding screenshot on session 70a52b37c47ef4157a63a17f21af6d7e to remote] DEBUG org.asynchttpclient.netty.request.NettyRequestSender - Using pooled Channel '[id: 0xe48370ce, L:/127.0.0.1:54700 - R:localhost/127.0.0.1:44238]' for 'GET' to 'http://localhost:44238/session/70a52b37c47ef4157a63a17f21af6d7e/screenshot'
23:01:35.590 [Forwarding screenshot on session 70a52b37c47ef4157a63a17f21af6d7e to remote] DEBUG org.asynchttpclient.netty.request.NettyRequestSender - Using open Channel [id: 0xe48370ce, L:/127.0.0.1:54700 - R:localhost/127.0.0.1:44238] for GET '/session/70a52b37c47ef4157a63a17f21af6d7e/screenshot'
23:01:35.718 [AsyncHttpClient-1-14] DEBUG org.asynchttpclient.netty.handler.HttpHandler - 

Request DefaultFullHttpRequest(decodeResult: success, version: HTTP/1.1, content: EmptyByteBufBE)
GET /session/70a52b37c47ef4157a63a17f21af6d7e/screenshot HTTP/1.1
User-Agent: selenium/4.8.1 (java windows)
Cache-Control: no-cache
Content-Type: application/json; charset=utf-8
host: localhost:44238
accept: */*

Response DefaultHttpResponse(decodeResult: success, version: HTTP/1.1)
HTTP/1.1 200 OK
Content-Length: 32612
Content-Type: application/json; charset=utf-8
cache-control: no-cache

23:01:35.719 [AsyncHttpClient-1-14] DEBUG org.asynchttpclient.netty.channel.ChannelManager - Adding key: http://localhost:44238 for channel [id: 0xe48370ce, L:/127.0.0.1:54700 - R:localhost/127.0.0.1:44238]
23:01:35.720 [main] DEBUG net.serenitybdd.core.photography.Darkroom - Send negative for processing for target\site\serenity\ad6662428cb3c4cd30a639c399fc9e0172621537aee1a2526037a66b43a22c09.png
23:01:35.720 [main] DEBUG net.thucydides.core.steps.StepInterceptor - STEP DONE: detailInformation
  &amp#27;[32mThen &amp#27;[0m&amp#27;[32mI go to the detail information product&amp#27;[0m &amp#27;[90m# starter.stepdefinitions.HomepageSteps.goToDetailInformation()&amp#27;[0m
23:01:35.720 [Darkroom Processing Line] DEBUG net.serenitybdd.core.photography.DarkroomProcessingLine - Processing screenshot image in /var/screenshots/screenshot-668592106319270586
23:01:35.720 [Darkroom Processing Line] DEBUG net.serenitybdd.core.photography.DarkroomProcessingLine - Saving screenshot to target\site\serenity\ad6662428cb3c4cd30a639c399fc9e0172621537aee1a2526037a66b43a22c09.png
23:01:35.724 [main] INFO  - 
  _____   ___   ___   _____     ___     _     ___   ___   ___   ___  
 |_   _| | __| / __| |_   _|   | _ \   /_\   / __| / __| | __| |   \ 
   | |   | _|  \__ \   | |     |  _/  / _ \  \__ \ \__ \ | _|  | |) |
   |_|   |___| |___/   |_|     |_|   /_/ \_\ |___/ |___/ |___| |___/ 

See detail product 3
----------------------------------------------------------------------
23:01:35.725 [Driver Command Executor] DEBUG org.asynchttpclient.netty.request.NettyRequestSender - Using pooled Channel '[id: 0xe48370ce, L:/127.0.0.1:54700 - R:localhost/127.0.0.1:44238]' for 'DELETE' to 'http://localhost:44238/session/70a52b37c47ef4157a63a17f21af6d7e'
23:01:35.725 [Driver Command Executor] DEBUG org.asynchttpclient.netty.request.NettyRequestSender - Using open Channel [id: 0xe48370ce, L:/127.0.0.1:54700 - R:localhost/127.0.0.1:44238] for DELETE '/session/70a52b37c47ef4157a63a17f21af6d7e'
23:01:35.725 [AsyncHttpClient-1-16] DEBUG org.asynchttpclient.netty.handler.WebSocketHandler - Channel Closed: [id: 0xdc8e50e3, L:/127.0.0.1:54709 ! R:localhost/127.0.0.1:54701] with attribute NettyResponseFuture{currentRetry=0,
	isDone=1,
	isCancelled=0,
	asyncHandler=org.asynchttpclient.ws.WebSocketUpgradeHandler@1815c501,
	nettyRequest=org.asynchttpclient.netty.request.NettyRequest@63aec9b,
	future=java.util.concurrent.CompletableFuture@7479900a[Completed normally],
	uri=ws://localhost:54701/devtools/browser/1c257a99-5c67-47d5-a5f6-5d3adfb9a220,
	keepAlive=true,
	redirectCount=0,
	timeoutsHolder=null,
	inAuth=0,
	touch=1683561687509}
23:01:35.725 [AsyncHttpClient-1-16] DEBUG org.asynchttpclient.netty.channel.ChannelManager - Closing Channel [id: 0xdc8e50e3, L:/127.0.0.1:54709 ! R:localhost/127.0.0.1:54701] 
23:01:35.871 [AsyncHttpClient-1-15] DEBUG org.asynchttpclient.netty.handler.HttpHandler - Unexpected I/O exception on channel [id: 0xfbac42e5, L:/127.0.0.1:54708 - R:localhost/127.0.0.1:54701]
java.io.IOException: An existing connection was forcibly closed by the remote host
	at sun.nio.ch.SocketDispatcher.read0(Native Method)
	at sun.nio.ch.SocketDispatcher.read(SocketDispatcher.java:43)
	at sun.nio.ch.IOUtil.readIntoNativeBuffer(IOUtil.java:223)
	at sun.nio.ch.IOUtil.read(IOUtil.java:192)
	at sun.nio.ch.SocketChannelImpl.read(SocketChannelImpl.java:378)
	at io.netty.buffer.PooledByteBuf.setBytes(PooledByteBuf.java:259)
	at io.netty.buffer.AbstractByteBuf.writeBytes(AbstractByteBuf.java:1132)
	at io.netty.channel.socket.nio.NioSocketChannel.doReadBytes(NioSocketChannel.java:357)
	at io.netty.channel.nio.AbstractNioByteChannel$NioByteUnsafe.read(AbstractNioByteChannel.java:151)
	at io.netty.channel.nio.NioEventLoop.processSelectedKey(NioEventLoop.java:788)
	at io.netty.channel.nio.NioEventLoop.processSelectedKeysOptimized(NioEventLoop.java:724)
	at io.netty.channel.nio.NioEventLoop.processSelectedKeys(NioEventLoop.java:650)
	at io.netty.channel.nio.NioEventLoop.run(NioEventLoop.java:562)
	at io.netty.util.concurrent.SingleThreadEventExecutor$4.run(SingleThreadEventExecutor.java:997)
	at io.netty.util.internal.ThreadExecutorMap$2.run(ThreadExecutorMap.java:74)
	at io.netty.util.concurrent.FastThreadLocalRunnable.run(FastThreadLocalRunnable.java:30)
	at java.lang.Thread.run(Thread.java:750)
23:01:35.871 [AsyncHttpClient-1-15] DEBUG org.asynchttpclient.netty.channel.ChannelManager - Closing Channel [id: 0xfbac42e5, L:/127.0.0.1:54708 - R:localhost/127.0.0.1:54701] 
23:01:35.871 [AsyncHttpClient-1-15] DEBUG org.asynchttpclient.netty.handler.HttpHandler - Channel Closed: [id: 0xfbac42e5, L:/127.0.0.1:54708 ! R:localhost/127.0.0.1:54701] with attribute DISCARD
23:01:35.891 [AsyncHttpClient-1-14] DEBUG org.asynchttpclient.netty.handler.HttpHandler - 

Request DefaultFullHttpRequest(decodeResult: success, version: HTTP/1.1, content: EmptyByteBufBE)
DELETE /session/70a52b37c47ef4157a63a17f21af6d7e HTTP/1.1
User-Agent: selenium/4.8.1 (java windows)
Content-Type: application/json; charset=utf-8
host: localhost:44238
accept: */*

Response DefaultHttpResponse(decodeResult: success, version: HTTP/1.1)
HTTP/1.1 200 OK
Content-Length: 14
Content-Type: application/json; charset=utf-8
cache-control: no-cache

23:01:35.891 [AsyncHttpClient-1-14] DEBUG org.asynchttpclient.netty.channel.ChannelManager - Adding key: http://localhost:44238 for channel [id: 0xe48370ce, L:/127.0.0.1:54700 - R:localhost/127.0.0.1:44238]
23:01:35.943 [AsyncHttpClient-1-14] DEBUG org.asynchttpclient.netty.handler.HttpHandler - Channel Closed: [id: 0xe48370ce, L:/127.0.0.1:54700 ! R:localhost/127.0.0.1:44238] with attribute DISCARD
23:01:36.097 [AsyncHttpClient-1-1] DEBUG org.asynchttpclient.netty.channel.DefaultChannelPool - Entry count for : http://localhost:54701 : 1
23:01:36.097 [AsyncHttpClient-1-1] DEBUG org.asynchttpclient.netty.channel.DefaultChannelPool - Entry count for : http://localhost:44238 : 1
23:01:36.097 [AsyncHttpClient-1-1] DEBUG org.asynchttpclient.netty.channel.DefaultChannelPool - Adding Candidate expired Channel [id: 0xfbac42e5, L:/127.0.0.1:54708 ! R:localhost/127.0.0.1:54701] isIdleTimeoutExpired=false isRemotelyClosed=true isTtlExpired=false
23:01:36.097 [AsyncHttpClient-1-1] DEBUG org.asynchttpclient.netty.channel.DefaultChannelPool - Closing Idle Channel [id: 0xfbac42e5, L:/127.0.0.1:54708 ! R:localhost/127.0.0.1:54701]
23:01:36.098 [AsyncHttpClient-1-1] DEBUG org.asynchttpclient.netty.channel.DefaultChannelPool - Adding Candidate expired Channel [id: 0xe48370ce, L:/127.0.0.1:54700 ! R:localhost/127.0.0.1:44238] isIdleTimeoutExpired=false isRemotelyClosed=true isTtlExpired=false
23:01:36.098 [AsyncHttpClient-1-1] DEBUG org.asynchttpclient.netty.channel.DefaultChannelPool - Closing Idle Channel [id: 0xe48370ce, L:/127.0.0.1:54700 ! R:localhost/127.0.0.1:44238]
23:01:36.098 [AsyncHttpClient-1-1] DEBUG org.asynchttpclient.netty.channel.DefaultChannelPool - Closed 2 connections out of 2 in 1 ms
]]></system-out>
    <system-err><![CDATA[Starting ChromeDriver 113.0.5672.63 (0e1a4471d5ae5bf128b1bd8f4d627c8cbd55f70c-refs/branch-heads/5672@{#912}) on port 44238
Only local connections are allowed.
Please see https://chromedriver.chromium.org/security-considerations for suggestions on keeping ChromeDriver safe.
ChromeDriver was started successfully.
May 08, 2023 11:01:27 PM org.openqa.selenium.devtools.CdpVersionFinder findNearestMatch
WARNING: Unable to find an exact match for CDP version 113, so returning the closest version found: 110
]]></system-err>
  </testcase>
  <testcase name="Add one product in cart click + button" classname="Order" time="11.045">
    <system-out><![CDATA[23:01:36.460 [main] DEBUG io.cucumber.core.plugin.SerenityReporter - Running feature from file:///D:/1.%20QA%20ALTERRA%20ACADEMY/MobileTesting/MiniProjectWEB/src/test/resources/features/4.Order.feature
23:01:36.462 [main] DEBUG net.thucydides.core.steps.StepEventBus - Test suite started for story net.thucydides.core.model.Story@a2b7466e
23:01:36.462 [main] INFO  - Test Suite Started: Order

@AddQuantity
Scenario: Add one product in cart click + button &amp#27;[90m# src/test/resources/features/4.Order.feature:7&amp#27;[0m
23:01:36.464 [main] DEBUG io.cucumber.core.plugin.SerenityReporter - Running feature from file:///D:/1.%20QA%20ALTERRA%20ACADEMY/MobileTesting/MiniProjectWEB/src/test/resources/features/4.Order.feature
23:01:36.465 [main] INFO  - 
  _____   ___   ___   _____     ___   _____     _     ___   _____   ___   ___  
 |_   _| | __| / __| |_   _|   / __| |_   _|   /_\   | _ \ |_   _| | __| |   \ 
   | |   | _|  \__ \   | |     \__ \   | |    / _ \  |   /   | |   | _|  | |) |
   |_|   |___| |___/   |_|     |___/   |_|   /_/ \_\ |_|_\   |_|   |___| |___/ 

Add one product in cart click + button(order;add-one-product-in-cart-click-+-button)
--------------------------------------------------------------------------------
23:01:36.524 [main] INFO net.serenitybdd.core.webdriver.driverproviders.ChromeDriverProvider - Starting Chrome driver instance with capabilities:
23:01:36.524 [main] INFO net.serenitybdd.core.webdriver.driverproviders.ChromeDriverProvider - Capabilities {acceptInsecureCerts: false, browserName: chrome, goog:chromeOptions: {args: [remote-allow-origins=*], extensions: []}}
23:01:37.059 [AsyncHttpClient-1-17] DEBUG org.asynchttpclient.netty.channel.NettyConnectListener - Using new Channel '[id: 0x27f790be, L:/127.0.0.1:54726 - R:localhost/127.0.0.1:18125]' for 'POST' to '/session'
23:01:37.713 [AsyncHttpClient-1-17] DEBUG org.asynchttpclient.netty.handler.HttpHandler - 

Request DefaultHttpRequest(decodeResult: success, version: HTTP/1.1)
POST /session HTTP/1.1
User-Agent: selenium/4.8.1 (java windows)
Content-Length: 507
Content-Type: application/json; charset=utf-8
host: localhost:18125
accept: */*

Response DefaultHttpResponse(decodeResult: success, version: HTTP/1.1)
HTTP/1.1 200 OK
Content-Length: 861
Content-Type: application/json; charset=utf-8
cache-control: no-cache

23:01:37.713 [AsyncHttpClient-1-17] DEBUG org.asynchttpclient.netty.channel.ChannelManager - Adding key: http://localhost:18125 for channel [id: 0x27f790be, L:/127.0.0.1:54726 - R:localhost/127.0.0.1:18125]
23:01:37.719 [AsyncHttpClient-1-18] DEBUG org.asynchttpclient.netty.channel.NettyConnectListener - Using new Channel '[id: 0x0e191b7d, L:/127.0.0.1:54733 - R:localhost/127.0.0.1:54727]' for 'GET' to '/json/version'
23:01:37.719 [AsyncHttpClient-1-18] DEBUG org.asynchttpclient.netty.handler.HttpHandler - 

Request DefaultFullHttpRequest(decodeResult: success, version: HTTP/1.1, content: EmptyByteBufBE)
GET /json/version HTTP/1.1
User-Agent: selenium/4.8.1 (java windows)
host: localhost:54727
accept: */*

Response DefaultHttpResponse(decodeResult: success, version: HTTP/1.1)
HTTP/1.1 200 OK
Content-Security-Policy: frame-ancestors 'none'
Content-Length: 422
Content-Type: application/json; charset=UTF-8

23:01:37.719 [AsyncHttpClient-1-18] DEBUG org.asynchttpclient.netty.channel.ChannelManager - Adding key: http://localhost:54727 for channel [id: 0x0e191b7d, L:/127.0.0.1:54733 - R:localhost/127.0.0.1:54727]
23:01:37.721 [AsyncHttpClient-1-19] DEBUG org.asynchttpclient.netty.channel.NettyConnectListener - Using new Channel '[id: 0x3bfa610e, L:/127.0.0.1:54734 - R:localhost/127.0.0.1:54727]' for 'GET' to '/devtools/browser/ded5f848-d080-4ce8-9141-7d473d743bdd'
23:01:37.722 [AsyncHttpClient-1-19] DEBUG org.asynchttpclient.netty.handler.WebSocketHandler - 

Request DefaultFullHttpRequest(decodeResult: success, version: HTTP/1.1, content: EmptyByteBufBE)
GET /devtools/browser/ded5f848-d080-4ce8-9141-7d473d743bdd HTTP/1.1
upgrade: websocket
connection: upgrade
sec-websocket-key: 3kNXow4Jkj7HqbHru/wkHQ==
sec-websocket-version: 13
origin: http://localhost:54727
host: localhost:54727
accept: */*
user-agent: AHC/2.1

Response DefaultHttpResponse(decodeResult: success, version: HTTP/1.1)
HTTP/1.1 101 WebSocket Protocol Handshake
Upgrade: WebSocket
Connection: Upgrade
Sec-WebSocket-Accept: eDqARIzwWRZqg29BXyVGimIF2Vw=

23:01:37.724 [Forwarding get on session 06fff56d0572ea49e684225747216643 to remote] DEBUG org.asynchttpclient.netty.request.NettyRequestSender - Using pooled Channel '[id: 0x27f790be, L:/127.0.0.1:54726 - R:localhost/127.0.0.1:18125]' for 'POST' to 'http://localhost:18125/session/06fff56d0572ea49e684225747216643/url'
23:01:37.724 [Forwarding get on session 06fff56d0572ea49e684225747216643 to remote] DEBUG org.asynchttpclient.netty.request.NettyRequestSender - Using open Channel [id: 0x27f790be, L:/127.0.0.1:54726 - R:localhost/127.0.0.1:18125] for POST '/session/06fff56d0572ea49e684225747216643/url'
23:01:38.309 [AsyncHttpClient-1-1] DEBUG org.asynchttpclient.netty.channel.DefaultChannelPool - Entry count for : http://localhost:54727 : 1
23:01:39.398 [AsyncHttpClient-1-1] DEBUG org.asynchttpclient.netty.channel.DefaultChannelPool - Entry count for : http://localhost:54727 : 1
23:01:40.501 [AsyncHttpClient-1-1] DEBUG org.asynchttpclient.netty.channel.DefaultChannelPool - Entry count for : http://localhost:54727 : 1
23:01:41.601 [AsyncHttpClient-1-1] DEBUG org.asynchttpclient.netty.channel.DefaultChannelPool - Entry count for : http://localhost:54727 : 1
23:01:42.513 [AsyncHttpClient-1-17] DEBUG org.asynchttpclient.netty.handler.HttpHandler - 

Request DefaultHttpRequest(decodeResult: success, version: HTTP/1.1)
POST /session/06fff56d0572ea49e684225747216643/url HTTP/1.1
User-Agent: selenium/4.8.1 (java windows)
Content-Length: 53
Content-Type: application/json; charset=utf-8
host: localhost:18125
accept: */*

Response DefaultHttpResponse(decodeResult: success, version: HTTP/1.1)
HTTP/1.1 200 OK
Content-Length: 14
Content-Type: application/json; charset=utf-8
cache-control: no-cache

23:01:42.513 [AsyncHttpClient-1-17] DEBUG org.asynchttpclient.netty.channel.ChannelManager - Adding key: http://localhost:18125 for channel [id: 0x27f790be, L:/127.0.0.1:54726 - R:localhost/127.0.0.1:18125]
23:01:42.515 [Forwarding setTimeout on session 06fff56d0572ea49e684225747216643 to remote] DEBUG org.asynchttpclient.netty.request.NettyRequestSender - Using pooled Channel '[id: 0x27f790be, L:/127.0.0.1:54726 - R:localhost/127.0.0.1:18125]' for 'POST' to 'http://localhost:18125/session/06fff56d0572ea49e684225747216643/timeouts'
23:01:42.515 [Forwarding setTimeout on session 06fff56d0572ea49e684225747216643 to remote] DEBUG org.asynchttpclient.netty.request.NettyRequestSender - Using open Channel [id: 0x27f790be, L:/127.0.0.1:54726 - R:localhost/127.0.0.1:18125] for POST '/session/06fff56d0572ea49e684225747216643/timeouts'
23:01:42.517 [AsyncHttpClient-1-17] DEBUG org.asynchttpclient.netty.handler.HttpHandler - 

Request DefaultHttpRequest(decodeResult: success, version: HTTP/1.1)
POST /session/06fff56d0572ea49e684225747216643/timeouts HTTP/1.1
User-Agent: selenium/4.8.1 (java windows)
Content-Length: 22
Content-Type: application/json; charset=utf-8
host: localhost:18125
accept: */*

Response DefaultHttpResponse(decodeResult: success, version: HTTP/1.1)
HTTP/1.1 200 OK
Content-Length: 14
Content-Type: application/json; charset=utf-8
cache-control: no-cache

23:01:42.517 [AsyncHttpClient-1-17] DEBUG org.asynchttpclient.netty.channel.ChannelManager - Adding key: http://localhost:18125 for channel [id: 0x27f790be, L:/127.0.0.1:54726 - R:localhost/127.0.0.1:18125]
  &amp#27;[32mGiven &amp#27;[0m&amp#27;[32mI am on the home page&amp#27;[0m                    &amp#27;[90m# starter.stepdefinitions.HomepageSteps.onTheHomePage()&amp#27;[0m
23:01:42.528 [main] DEBUG net.serenitybdd.core.photography.Darkroom - Opening darkroom
23:01:42.529 [Darkroom Processing Line] DEBUG net.serenitybdd.core.photography.DarkroomProcessingLine - Darkroom processing line starting up
23:01:42.530 [Forwarding getAlertText on session 06fff56d0572ea49e684225747216643 to remote] DEBUG org.asynchttpclient.netty.request.NettyRequestSender - Using pooled Channel '[id: 0x27f790be, L:/127.0.0.1:54726 - R:localhost/127.0.0.1:18125]' for 'GET' to 'http://localhost:18125/session/06fff56d0572ea49e684225747216643/alert/text'
23:01:42.530 [Forwarding getAlertText on session 06fff56d0572ea49e684225747216643 to remote] DEBUG org.asynchttpclient.netty.request.NettyRequestSender - Using open Channel [id: 0x27f790be, L:/127.0.0.1:54726 - R:localhost/127.0.0.1:18125] for GET '/session/06fff56d0572ea49e684225747216643/alert/text'
23:01:42.533 [AsyncHttpClient-1-17] DEBUG org.asynchttpclient.netty.handler.HttpHandler - 

Request DefaultFullHttpRequest(decodeResult: success, version: HTTP/1.1, content: EmptyByteBufBE)
GET /session/06fff56d0572ea49e684225747216643/alert/text HTTP/1.1
User-Agent: selenium/4.8.1 (java windows)
Cache-Control: no-cache
Content-Type: application/json; charset=utf-8
host: localhost:18125
accept: */*

Response DefaultHttpResponse(decodeResult: success, version: HTTP/1.1)
HTTP/1.1 404 Not Found
Content-Length: 820
Content-Type: application/json; charset=utf-8
cache-control: no-cache

23:01:42.534 [AsyncHttpClient-1-17] DEBUG org.asynchttpclient.netty.channel.ChannelManager - Adding key: http://localhost:18125 for channel [id: 0x27f790be, L:/127.0.0.1:54726 - R:localhost/127.0.0.1:18125]
23:01:42.535 [Forwarding getCurrentUrl on session 06fff56d0572ea49e684225747216643 to remote] DEBUG org.asynchttpclient.netty.request.NettyRequestSender - Using pooled Channel '[id: 0x27f790be, L:/127.0.0.1:54726 - R:localhost/127.0.0.1:18125]' for 'GET' to 'http://localhost:18125/session/06fff56d0572ea49e684225747216643/url'
23:01:42.535 [Forwarding getCurrentUrl on session 06fff56d0572ea49e684225747216643 to remote] DEBUG org.asynchttpclient.netty.request.NettyRequestSender - Using open Channel [id: 0x27f790be, L:/127.0.0.1:54726 - R:localhost/127.0.0.1:18125] for GET '/session/06fff56d0572ea49e684225747216643/url'
23:01:42.550 [AsyncHttpClient-1-17] DEBUG org.asynchttpclient.netty.handler.HttpHandler - 

Request DefaultFullHttpRequest(decodeResult: success, version: HTTP/1.1, content: EmptyByteBufBE)
GET /session/06fff56d0572ea49e684225747216643/url HTTP/1.1
User-Agent: selenium/4.8.1 (java windows)
Cache-Control: no-cache
Content-Type: application/json; charset=utf-8
host: localhost:18125
accept: */*

Response DefaultHttpResponse(decodeResult: success, version: HTTP/1.1)
HTTP/1.1 200 OK
Content-Length: 41
Content-Type: application/json; charset=utf-8
cache-control: no-cache

23:01:42.551 [AsyncHttpClient-1-17] DEBUG org.asynchttpclient.netty.channel.ChannelManager - Adding key: http://localhost:18125 for channel [id: 0x27f790be, L:/127.0.0.1:54726 - R:localhost/127.0.0.1:18125]
23:01:42.551 [Forwarding screenshot on session 06fff56d0572ea49e684225747216643 to remote] DEBUG org.asynchttpclient.netty.request.NettyRequestSender - Using pooled Channel '[id: 0x27f790be, L:/127.0.0.1:54726 - R:localhost/127.0.0.1:18125]' for 'GET' to 'http://localhost:18125/session/06fff56d0572ea49e684225747216643/screenshot'
23:01:42.551 [Forwarding screenshot on session 06fff56d0572ea49e684225747216643 to remote] DEBUG org.asynchttpclient.netty.request.NettyRequestSender - Using open Channel [id: 0x27f790be, L:/127.0.0.1:54726 - R:localhost/127.0.0.1:18125] for GET '/session/06fff56d0572ea49e684225747216643/screenshot'
23:01:42.698 [AsyncHttpClient-1-1] DEBUG org.asynchttpclient.netty.channel.DefaultChannelPool - Entry count for : http://localhost:54727 : 1
23:01:42.747 [AsyncHttpClient-1-17] DEBUG org.asynchttpclient.netty.handler.HttpHandler - 

Request DefaultFullHttpRequest(decodeResult: success, version: HTTP/1.1, content: EmptyByteBufBE)
GET /session/06fff56d0572ea49e684225747216643/screenshot HTTP/1.1
User-Agent: selenium/4.8.1 (java windows)
Cache-Control: no-cache
Content-Type: application/json; charset=utf-8
host: localhost:18125
accept: */*

Response DefaultHttpResponse(decodeResult: success, version: HTTP/1.1)
HTTP/1.1 200 OK
Content-Length: 93224
Content-Type: application/json; charset=utf-8
cache-control: no-cache

23:01:42.747 [AsyncHttpClient-1-17] DEBUG org.asynchttpclient.netty.channel.ChannelManager - Adding key: http://localhost:18125 for channel [id: 0x27f790be, L:/127.0.0.1:54726 - R:localhost/127.0.0.1:18125]
23:01:42.750 [main] DEBUG net.serenitybdd.core.photography.Darkroom - Send negative for processing for target\site\serenity\eae70e0d31e8e8b85ce659fe0365ca28c24246a1bf9d3b50a76ae0889116b9f5.png
23:01:42.754 [Forwarding getPageSource on session 06fff56d0572ea49e684225747216643 to remote] DEBUG org.asynchttpclient.netty.request.NettyRequestSender - Using pooled Channel '[id: 0x27f790be, L:/127.0.0.1:54726 - R:localhost/127.0.0.1:18125]' for 'POST' to 'http://localhost:18125/session/06fff56d0572ea49e684225747216643/execute/sync'
23:01:42.754 [Forwarding getPageSource on session 06fff56d0572ea49e684225747216643 to remote] DEBUG org.asynchttpclient.netty.request.NettyRequestSender - Using open Channel [id: 0x27f790be, L:/127.0.0.1:54726 - R:localhost/127.0.0.1:18125] for POST '/session/06fff56d0572ea49e684225747216643/execute/sync'
23:01:42.810 [AsyncHttpClient-1-17] DEBUG org.asynchttpclient.netty.handler.HttpHandler - 

Request DefaultHttpRequest(decodeResult: success, version: HTTP/1.1)
POST /session/06fff56d0572ea49e684225747216643/execute/sync HTTP/1.1
User-Agent: selenium/4.8.1 (java windows)
Content-Length: 176
Content-Type: application/json; charset=utf-8
host: localhost:18125
accept: */*

Response DefaultHttpResponse(decodeResult: success, version: HTTP/1.1)
HTTP/1.1 200 OK
Content-Length: 816995
Content-Type: application/json; charset=utf-8
cache-control: no-cache

23:01:42.811 [AsyncHttpClient-1-17] DEBUG org.asynchttpclient.netty.channel.ChannelManager - Adding key: http://localhost:18125 for channel [id: 0x27f790be, L:/127.0.0.1:54726 - R:localhost/127.0.0.1:18125]
23:01:42.887 [Forwarding getCurrentUrl on session 06fff56d0572ea49e684225747216643 to remote] DEBUG org.asynchttpclient.netty.request.NettyRequestSender - Using pooled Channel '[id: 0x27f790be, L:/127.0.0.1:54726 - R:localhost/127.0.0.1:18125]' for 'GET' to 'http://localhost:18125/session/06fff56d0572ea49e684225747216643/url'
23:01:42.887 [Forwarding getCurrentUrl on session 06fff56d0572ea49e684225747216643 to remote] DEBUG org.asynchttpclient.netty.request.NettyRequestSender - Using open Channel [id: 0x27f790be, L:/127.0.0.1:54726 - R:localhost/127.0.0.1:18125] for GET '/session/06fff56d0572ea49e684225747216643/url'
23:01:42.893 [AsyncHttpClient-1-17] DEBUG org.asynchttpclient.netty.handler.HttpHandler - 

Request DefaultFullHttpRequest(decodeResult: success, version: HTTP/1.1, content: EmptyByteBufBE)
GET /session/06fff56d0572ea49e684225747216643/url HTTP/1.1
User-Agent: selenium/4.8.1 (java windows)
Cache-Control: no-cache
Content-Type: application/json; charset=utf-8
host: localhost:18125
accept: */*

Response DefaultHttpResponse(decodeResult: success, version: HTTP/1.1)
HTTP/1.1 200 OK
Content-Length: 41
Content-Type: application/json; charset=utf-8
cache-control: no-cache

23:01:42.893 [AsyncHttpClient-1-17] DEBUG org.asynchttpclient.netty.channel.ChannelManager - Adding key: http://localhost:18125 for channel [id: 0x27f790be, L:/127.0.0.1:54726 - R:localhost/127.0.0.1:18125]
23:01:42.900 [Forwarding getAlertText on session 06fff56d0572ea49e684225747216643 to remote] DEBUG org.asynchttpclient.netty.request.NettyRequestSender - Using pooled Channel '[id: 0x27f790be, L:/127.0.0.1:54726 - R:localhost/127.0.0.1:18125]' for 'GET' to 'http://localhost:18125/session/06fff56d0572ea49e684225747216643/alert/text'
23:01:42.900 [Forwarding getAlertText on session 06fff56d0572ea49e684225747216643 to remote] DEBUG org.asynchttpclient.netty.request.NettyRequestSender - Using open Channel [id: 0x27f790be, L:/127.0.0.1:54726 - R:localhost/127.0.0.1:18125] for GET '/session/06fff56d0572ea49e684225747216643/alert/text'
23:01:42.902 [AsyncHttpClient-1-17] DEBUG org.asynchttpclient.netty.handler.HttpHandler - 

Request DefaultFullHttpRequest(decodeResult: success, version: HTTP/1.1, content: EmptyByteBufBE)
GET /session/06fff56d0572ea49e684225747216643/alert/text HTTP/1.1
User-Agent: selenium/4.8.1 (java windows)
Cache-Control: no-cache
Content-Type: application/json; charset=utf-8
host: localhost:18125
accept: */*

Response DefaultHttpResponse(decodeResult: success, version: HTTP/1.1)
HTTP/1.1 404 Not Found
Content-Length: 820
Content-Type: application/json; charset=utf-8
cache-control: no-cache

23:01:42.902 [AsyncHttpClient-1-17] DEBUG org.asynchttpclient.netty.channel.ChannelManager - Adding key: http://localhost:18125 for channel [id: 0x27f790be, L:/127.0.0.1:54726 - R:localhost/127.0.0.1:18125]
23:01:42.903 [Forwarding getCurrentUrl on session 06fff56d0572ea49e684225747216643 to remote] DEBUG org.asynchttpclient.netty.request.NettyRequestSender - Using pooled Channel '[id: 0x27f790be, L:/127.0.0.1:54726 - R:localhost/127.0.0.1:18125]' for 'GET' to 'http://localhost:18125/session/06fff56d0572ea49e684225747216643/url'
23:01:42.903 [Forwarding getCurrentUrl on session 06fff56d0572ea49e684225747216643 to remote] DEBUG org.asynchttpclient.netty.request.NettyRequestSender - Using open Channel [id: 0x27f790be, L:/127.0.0.1:54726 - R:localhost/127.0.0.1:18125] for GET '/session/06fff56d0572ea49e684225747216643/url'
23:01:42.908 [AsyncHttpClient-1-17] DEBUG org.asynchttpclient.netty.handler.HttpHandler - 

Request DefaultFullHttpRequest(decodeResult: success, version: HTTP/1.1, content: EmptyByteBufBE)
GET /session/06fff56d0572ea49e684225747216643/url HTTP/1.1
User-Agent: selenium/4.8.1 (java windows)
Cache-Control: no-cache
Content-Type: application/json; charset=utf-8
host: localhost:18125
accept: */*

Response DefaultHttpResponse(decodeResult: success, version: HTTP/1.1)
HTTP/1.1 200 OK
Content-Length: 41
Content-Type: application/json; charset=utf-8
cache-control: no-cache

23:01:42.908 [AsyncHttpClient-1-17] DEBUG org.asynchttpclient.netty.channel.ChannelManager - Adding key: http://localhost:18125 for channel [id: 0x27f790be, L:/127.0.0.1:54726 - R:localhost/127.0.0.1:18125]
23:01:42.908 [Forwarding screenshot on session 06fff56d0572ea49e684225747216643 to remote] DEBUG org.asynchttpclient.netty.request.NettyRequestSender - Using pooled Channel '[id: 0x27f790be, L:/127.0.0.1:54726 - R:localhost/127.0.0.1:18125]' for 'GET' to 'http://localhost:18125/session/06fff56d0572ea49e684225747216643/screenshot'
23:01:42.908 [Forwarding screenshot on session 06fff56d0572ea49e684225747216643 to remote] DEBUG org.asynchttpclient.netty.request.NettyRequestSender - Using open Channel [id: 0x27f790be, L:/127.0.0.1:54726 - R:localhost/127.0.0.1:18125] for GET '/session/06fff56d0572ea49e684225747216643/screenshot'
23:01:43.012 [AsyncHttpClient-1-17] DEBUG org.asynchttpclient.netty.handler.HttpHandler - 

Request DefaultFullHttpRequest(decodeResult: success, version: HTTP/1.1, content: EmptyByteBufBE)
GET /session/06fff56d0572ea49e684225747216643/screenshot HTTP/1.1
User-Agent: selenium/4.8.1 (java windows)
Cache-Control: no-cache
Content-Type: application/json; charset=utf-8
host: localhost:18125
accept: */*

Response DefaultHttpResponse(decodeResult: success, version: HTTP/1.1)
HTTP/1.1 200 OK
Content-Length: 93224
Content-Type: application/json; charset=utf-8
cache-control: no-cache

23:01:43.012 [AsyncHttpClient-1-17] DEBUG org.asynchttpclient.netty.channel.ChannelManager - Adding key: http://localhost:18125 for channel [id: 0x27f790be, L:/127.0.0.1:54726 - R:localhost/127.0.0.1:18125]
23:01:43.016 [main] DEBUG net.serenitybdd.core.photography.Darkroom - Send negative for processing for target\site\serenity\eae70e0d31e8e8b85ce659fe0365ca28c24246a1bf9d3b50a76ae0889116b9f5.png
23:01:43.017 [Forwarding getPageSource on session 06fff56d0572ea49e684225747216643 to remote] DEBUG org.asynchttpclient.netty.request.NettyRequestSender - Using pooled Channel '[id: 0x27f790be, L:/127.0.0.1:54726 - R:localhost/127.0.0.1:18125]' for 'POST' to 'http://localhost:18125/session/06fff56d0572ea49e684225747216643/execute/sync'
23:01:43.017 [Forwarding getPageSource on session 06fff56d0572ea49e684225747216643 to remote] DEBUG org.asynchttpclient.netty.request.NettyRequestSender - Using open Channel [id: 0x27f790be, L:/127.0.0.1:54726 - R:localhost/127.0.0.1:18125] for POST '/session/06fff56d0572ea49e684225747216643/execute/sync'
23:01:43.077 [AsyncHttpClient-1-17] DEBUG org.asynchttpclient.netty.handler.HttpHandler - 

Request DefaultHttpRequest(decodeResult: success, version: HTTP/1.1)
POST /session/06fff56d0572ea49e684225747216643/execute/sync HTTP/1.1
User-Agent: selenium/4.8.1 (java windows)
Content-Length: 176
Content-Type: application/json; charset=utf-8
host: localhost:18125
accept: */*

Response DefaultHttpResponse(decodeResult: success, version: HTTP/1.1)
HTTP/1.1 200 OK
Content-Length: 816995
Content-Type: application/json; charset=utf-8
cache-control: no-cache

23:01:43.077 [AsyncHttpClient-1-17] DEBUG org.asynchttpclient.netty.channel.ChannelManager - Adding key: http://localhost:18125 for channel [id: 0x27f790be, L:/127.0.0.1:54726 - R:localhost/127.0.0.1:18125]
23:01:43.159 [Forwarding getCurrentUrl on session 06fff56d0572ea49e684225747216643 to remote] DEBUG org.asynchttpclient.netty.request.NettyRequestSender - Using pooled Channel '[id: 0x27f790be, L:/127.0.0.1:54726 - R:localhost/127.0.0.1:18125]' for 'GET' to 'http://localhost:18125/session/06fff56d0572ea49e684225747216643/url'
23:01:43.159 [Forwarding getCurrentUrl on session 06fff56d0572ea49e684225747216643 to remote] DEBUG org.asynchttpclient.netty.request.NettyRequestSender - Using open Channel [id: 0x27f790be, L:/127.0.0.1:54726 - R:localhost/127.0.0.1:18125] for GET '/session/06fff56d0572ea49e684225747216643/url'
23:01:43.165 [AsyncHttpClient-1-17] DEBUG org.asynchttpclient.netty.handler.HttpHandler - 

Request DefaultFullHttpRequest(decodeResult: success, version: HTTP/1.1, content: EmptyByteBufBE)
GET /session/06fff56d0572ea49e684225747216643/url HTTP/1.1
User-Agent: selenium/4.8.1 (java windows)
Cache-Control: no-cache
Content-Type: application/json; charset=utf-8
host: localhost:18125
accept: */*

Response DefaultHttpResponse(decodeResult: success, version: HTTP/1.1)
HTTP/1.1 200 OK
Content-Length: 41
Content-Type: application/json; charset=utf-8
cache-control: no-cache

23:01:43.165 [AsyncHttpClient-1-17] DEBUG org.asynchttpclient.netty.channel.ChannelManager - Adding key: http://localhost:18125 for channel [id: 0x27f790be, L:/127.0.0.1:54726 - R:localhost/127.0.0.1:18125]
23:01:43.168 [main] DEBUG net.thucydides.core.steps.StepInterceptor - STARTING STEP: HomepageSteps.chooseTheProduct - chooseProduct
23:01:43.169 [Forwarding findElement on session 06fff56d0572ea49e684225747216643 to remote] DEBUG org.asynchttpclient.netty.request.NettyRequestSender - Using pooled Channel '[id: 0x27f790be, L:/127.0.0.1:54726 - R:localhost/127.0.0.1:18125]' for 'POST' to 'http://localhost:18125/session/06fff56d0572ea49e684225747216643/element'
23:01:43.170 [Forwarding findElement on session 06fff56d0572ea49e684225747216643 to remote] DEBUG org.asynchttpclient.netty.request.NettyRequestSender - Using open Channel [id: 0x27f790be, L:/127.0.0.1:54726 - R:localhost/127.0.0.1:18125] for POST '/session/06fff56d0572ea49e684225747216643/element'
23:01:43.182 [AsyncHttpClient-1-17] DEBUG org.asynchttpclient.netty.handler.HttpHandler - 

Request DefaultHttpRequest(decodeResult: success, version: HTTP/1.1)
POST /session/06fff56d0572ea49e684225747216643/element HTTP/1.1
User-Agent: selenium/4.8.1 (java windows)
Content-Length: 54
Content-Type: application/json; charset=utf-8
host: localhost:18125
accept: */*

Response DefaultHttpResponse(decodeResult: success, version: HTTP/1.1)
HTTP/1.1 200 OK
Content-Length: 94
Content-Type: application/json; charset=utf-8
cache-control: no-cache

23:01:43.182 [AsyncHttpClient-1-17] DEBUG org.asynchttpclient.netty.channel.ChannelManager - Adding key: http://localhost:18125 for channel [id: 0x27f790be, L:/127.0.0.1:54726 - R:localhost/127.0.0.1:18125]
23:01:43.184 [Forwarding isElementDisplayed on session 06fff56d0572ea49e684225747216643 to remote] DEBUG org.asynchttpclient.netty.request.NettyRequestSender - Using pooled Channel '[id: 0x27f790be, L:/127.0.0.1:54726 - R:localhost/127.0.0.1:18125]' for 'POST' to 'http://localhost:18125/session/06fff56d0572ea49e684225747216643/execute/sync'
23:01:43.184 [Forwarding isElementDisplayed on session 06fff56d0572ea49e684225747216643 to remote] DEBUG org.asynchttpclient.netty.request.NettyRequestSender - Using open Channel [id: 0x27f790be, L:/127.0.0.1:54726 - R:localhost/127.0.0.1:18125] for POST '/session/06fff56d0572ea49e684225747216643/execute/sync'
23:01:43.201 [AsyncHttpClient-1-17] DEBUG org.asynchttpclient.netty.handler.HttpHandler - 

Request DefaultHttpRequest(decodeResult: success, version: HTTP/1.1)
POST /session/06fff56d0572ea49e684225747216643/execute/sync HTTP/1.1
User-Agent: selenium/4.8.1 (java windows)
Content-Length: 48813
Content-Type: application/json; charset=utf-8
host: localhost:18125
accept: */*

Response DefaultHttpResponse(decodeResult: success, version: HTTP/1.1)
HTTP/1.1 200 OK
Content-Length: 14
Content-Type: application/json; charset=utf-8
cache-control: no-cache

23:01:43.202 [AsyncHttpClient-1-17] DEBUG org.asynchttpclient.netty.channel.ChannelManager - Adding key: http://localhost:18125 for channel [id: 0x27f790be, L:/127.0.0.1:54726 - R:localhost/127.0.0.1:18125]
23:01:43.205 [Forwarding getAlertText on session 06fff56d0572ea49e684225747216643 to remote] DEBUG org.asynchttpclient.netty.request.NettyRequestSender - Using pooled Channel '[id: 0x27f790be, L:/127.0.0.1:54726 - R:localhost/127.0.0.1:18125]' for 'GET' to 'http://localhost:18125/session/06fff56d0572ea49e684225747216643/alert/text'
23:01:43.205 [Forwarding getAlertText on session 06fff56d0572ea49e684225747216643 to remote] DEBUG org.asynchttpclient.netty.request.NettyRequestSender - Using open Channel [id: 0x27f790be, L:/127.0.0.1:54726 - R:localhost/127.0.0.1:18125] for GET '/session/06fff56d0572ea49e684225747216643/alert/text'
23:01:43.206 [AsyncHttpClient-1-17] DEBUG org.asynchttpclient.netty.handler.HttpHandler - 

Request DefaultFullHttpRequest(decodeResult: success, version: HTTP/1.1, content: EmptyByteBufBE)
GET /session/06fff56d0572ea49e684225747216643/alert/text HTTP/1.1
User-Agent: selenium/4.8.1 (java windows)
Cache-Control: no-cache
Content-Type: application/json; charset=utf-8
host: localhost:18125
accept: */*

Response DefaultHttpResponse(decodeResult: success, version: HTTP/1.1)
HTTP/1.1 404 Not Found
Content-Length: 820
Content-Type: application/json; charset=utf-8
cache-control: no-cache

23:01:43.206 [AsyncHttpClient-1-17] DEBUG org.asynchttpclient.netty.channel.ChannelManager - Adding key: http://localhost:18125 for channel [id: 0x27f790be, L:/127.0.0.1:54726 - R:localhost/127.0.0.1:18125]
23:01:43.207 [Forwarding getCurrentUrl on session 06fff56d0572ea49e684225747216643 to remote] DEBUG org.asynchttpclient.netty.request.NettyRequestSender - Using pooled Channel '[id: 0x27f790be, L:/127.0.0.1:54726 - R:localhost/127.0.0.1:18125]' for 'GET' to 'http://localhost:18125/session/06fff56d0572ea49e684225747216643/url'
23:01:43.207 [Forwarding getCurrentUrl on session 06fff56d0572ea49e684225747216643 to remote] DEBUG org.asynchttpclient.netty.request.NettyRequestSender - Using open Channel [id: 0x27f790be, L:/127.0.0.1:54726 - R:localhost/127.0.0.1:18125] for GET '/session/06fff56d0572ea49e684225747216643/url'
23:01:43.212 [AsyncHttpClient-1-17] DEBUG org.asynchttpclient.netty.handler.HttpHandler - 

Request DefaultFullHttpRequest(decodeResult: success, version: HTTP/1.1, content: EmptyByteBufBE)
GET /session/06fff56d0572ea49e684225747216643/url HTTP/1.1
User-Agent: selenium/4.8.1 (java windows)
Cache-Control: no-cache
Content-Type: application/json; charset=utf-8
host: localhost:18125
accept: */*

Response DefaultHttpResponse(decodeResult: success, version: HTTP/1.1)
HTTP/1.1 200 OK
Content-Length: 41
Content-Type: application/json; charset=utf-8
cache-control: no-cache

23:01:43.212 [AsyncHttpClient-1-17] DEBUG org.asynchttpclient.netty.channel.ChannelManager - Adding key: http://localhost:18125 for channel [id: 0x27f790be, L:/127.0.0.1:54726 - R:localhost/127.0.0.1:18125]
23:01:43.212 [Forwarding screenshot on session 06fff56d0572ea49e684225747216643 to remote] DEBUG org.asynchttpclient.netty.request.NettyRequestSender - Using pooled Channel '[id: 0x27f790be, L:/127.0.0.1:54726 - R:localhost/127.0.0.1:18125]' for 'GET' to 'http://localhost:18125/session/06fff56d0572ea49e684225747216643/screenshot'
23:01:43.212 [Forwarding screenshot on session 06fff56d0572ea49e684225747216643 to remote] DEBUG org.asynchttpclient.netty.request.NettyRequestSender - Using open Channel [id: 0x27f790be, L:/127.0.0.1:54726 - R:localhost/127.0.0.1:18125] for GET '/session/06fff56d0572ea49e684225747216643/screenshot'
23:01:43.340 [AsyncHttpClient-1-17] DEBUG org.asynchttpclient.netty.handler.HttpHandler - 

Request DefaultFullHttpRequest(decodeResult: success, version: HTTP/1.1, content: EmptyByteBufBE)
GET /session/06fff56d0572ea49e684225747216643/screenshot HTTP/1.1
User-Agent: selenium/4.8.1 (java windows)
Cache-Control: no-cache
Content-Type: application/json; charset=utf-8
host: localhost:18125
accept: */*

Response DefaultHttpResponse(decodeResult: success, version: HTTP/1.1)
HTTP/1.1 200 OK
Content-Length: 93224
Content-Type: application/json; charset=utf-8
cache-control: no-cache

23:01:43.340 [AsyncHttpClient-1-17] DEBUG org.asynchttpclient.netty.channel.ChannelManager - Adding key: http://localhost:18125 for channel [id: 0x27f790be, L:/127.0.0.1:54726 - R:localhost/127.0.0.1:18125]
23:01:43.344 [main] DEBUG net.serenitybdd.core.photography.Darkroom - Send negative for processing for target\site\serenity\eae70e0d31e8e8b85ce659fe0365ca28c24246a1bf9d3b50a76ae0889116b9f5.png
23:01:43.344 [main] DEBUG net.thucydides.core.steps.StepInterceptor - STEP DONE: chooseProduct
  &amp#27;[32mWhen &amp#27;[0m&amp#27;[32mI choose the product&amp#27;[0m                      &amp#27;[90m# starter.stepdefinitions.HomepageSteps.chooseTheProduct()&amp#27;[0m
23:01:43.352 [Forwarding getPageSource on session 06fff56d0572ea49e684225747216643 to remote] DEBUG org.asynchttpclient.netty.request.NettyRequestSender - Using pooled Channel '[id: 0x27f790be, L:/127.0.0.1:54726 - R:localhost/127.0.0.1:18125]' for 'POST' to 'http://localhost:18125/session/06fff56d0572ea49e684225747216643/execute/sync'
23:01:43.352 [Forwarding getPageSource on session 06fff56d0572ea49e684225747216643 to remote] DEBUG org.asynchttpclient.netty.request.NettyRequestSender - Using open Channel [id: 0x27f790be, L:/127.0.0.1:54726 - R:localhost/127.0.0.1:18125] for POST '/session/06fff56d0572ea49e684225747216643/execute/sync'
23:01:43.431 [AsyncHttpClient-1-17] DEBUG org.asynchttpclient.netty.handler.HttpHandler - 

Request DefaultHttpRequest(decodeResult: success, version: HTTP/1.1)
POST /session/06fff56d0572ea49e684225747216643/execute/sync HTTP/1.1
User-Agent: selenium/4.8.1 (java windows)
Content-Length: 176
Content-Type: application/json; charset=utf-8
host: localhost:18125
accept: */*

Response DefaultHttpResponse(decodeResult: success, version: HTTP/1.1)
HTTP/1.1 200 OK
Content-Length: 816995
Content-Type: application/json; charset=utf-8
cache-control: no-cache

23:01:43.432 [AsyncHttpClient-1-17] DEBUG org.asynchttpclient.netty.channel.ChannelManager - Adding key: http://localhost:18125 for channel [id: 0x27f790be, L:/127.0.0.1:54726 - R:localhost/127.0.0.1:18125]
23:01:43.515 [Forwarding getCurrentUrl on session 06fff56d0572ea49e684225747216643 to remote] DEBUG org.asynchttpclient.netty.request.NettyRequestSender - Using pooled Channel '[id: 0x27f790be, L:/127.0.0.1:54726 - R:localhost/127.0.0.1:18125]' for 'GET' to 'http://localhost:18125/session/06fff56d0572ea49e684225747216643/url'
23:01:43.515 [Forwarding getCurrentUrl on session 06fff56d0572ea49e684225747216643 to remote] DEBUG org.asynchttpclient.netty.request.NettyRequestSender - Using open Channel [id: 0x27f790be, L:/127.0.0.1:54726 - R:localhost/127.0.0.1:18125] for GET '/session/06fff56d0572ea49e684225747216643/url'
23:01:43.521 [AsyncHttpClient-1-17] DEBUG org.asynchttpclient.netty.handler.HttpHandler - 

Request DefaultFullHttpRequest(decodeResult: success, version: HTTP/1.1, content: EmptyByteBufBE)
GET /session/06fff56d0572ea49e684225747216643/url HTTP/1.1
User-Agent: selenium/4.8.1 (java windows)
Cache-Control: no-cache
Content-Type: application/json; charset=utf-8
host: localhost:18125
accept: */*

Response DefaultHttpResponse(decodeResult: success, version: HTTP/1.1)
HTTP/1.1 200 OK
Content-Length: 41
Content-Type: application/json; charset=utf-8
cache-control: no-cache

23:01:43.521 [AsyncHttpClient-1-17] DEBUG org.asynchttpclient.netty.channel.ChannelManager - Adding key: http://localhost:18125 for channel [id: 0x27f790be, L:/127.0.0.1:54726 - R:localhost/127.0.0.1:18125]
23:01:43.529 [Forwarding getAlertText on session 06fff56d0572ea49e684225747216643 to remote] DEBUG org.asynchttpclient.netty.request.NettyRequestSender - Using pooled Channel '[id: 0x27f790be, L:/127.0.0.1:54726 - R:localhost/127.0.0.1:18125]' for 'GET' to 'http://localhost:18125/session/06fff56d0572ea49e684225747216643/alert/text'
23:01:43.529 [Forwarding getAlertText on session 06fff56d0572ea49e684225747216643 to remote] DEBUG org.asynchttpclient.netty.request.NettyRequestSender - Using open Channel [id: 0x27f790be, L:/127.0.0.1:54726 - R:localhost/127.0.0.1:18125] for GET '/session/06fff56d0572ea49e684225747216643/alert/text'
23:01:43.531 [AsyncHttpClient-1-17] DEBUG org.asynchttpclient.netty.handler.HttpHandler - 

Request DefaultFullHttpRequest(decodeResult: success, version: HTTP/1.1, content: EmptyByteBufBE)
GET /session/06fff56d0572ea49e684225747216643/alert/text HTTP/1.1
User-Agent: selenium/4.8.1 (java windows)
Cache-Control: no-cache
Content-Type: application/json; charset=utf-8
host: localhost:18125
accept: */*

Response DefaultHttpResponse(decodeResult: success, version: HTTP/1.1)
HTTP/1.1 404 Not Found
Content-Length: 820
Content-Type: application/json; charset=utf-8
cache-control: no-cache

23:01:43.531 [AsyncHttpClient-1-17] DEBUG org.asynchttpclient.netty.channel.ChannelManager - Adding key: http://localhost:18125 for channel [id: 0x27f790be, L:/127.0.0.1:54726 - R:localhost/127.0.0.1:18125]
23:01:43.531 [Forwarding getCurrentUrl on session 06fff56d0572ea49e684225747216643 to remote] DEBUG org.asynchttpclient.netty.request.NettyRequestSender - Using pooled Channel '[id: 0x27f790be, L:/127.0.0.1:54726 - R:localhost/127.0.0.1:18125]' for 'GET' to 'http://localhost:18125/session/06fff56d0572ea49e684225747216643/url'
23:01:43.531 [Forwarding getCurrentUrl on session 06fff56d0572ea49e684225747216643 to remote] DEBUG org.asynchttpclient.netty.request.NettyRequestSender - Using open Channel [id: 0x27f790be, L:/127.0.0.1:54726 - R:localhost/127.0.0.1:18125] for GET '/session/06fff56d0572ea49e684225747216643/url'
23:01:43.538 [AsyncHttpClient-1-17] DEBUG org.asynchttpclient.netty.handler.HttpHandler - 

Request DefaultFullHttpRequest(decodeResult: success, version: HTTP/1.1, content: EmptyByteBufBE)
GET /session/06fff56d0572ea49e684225747216643/url HTTP/1.1
User-Agent: selenium/4.8.1 (java windows)
Cache-Control: no-cache
Content-Type: application/json; charset=utf-8
host: localhost:18125
accept: */*

Response DefaultHttpResponse(decodeResult: success, version: HTTP/1.1)
HTTP/1.1 200 OK
Content-Length: 41
Content-Type: application/json; charset=utf-8
cache-control: no-cache

23:01:43.538 [AsyncHttpClient-1-17] DEBUG org.asynchttpclient.netty.channel.ChannelManager - Adding key: http://localhost:18125 for channel [id: 0x27f790be, L:/127.0.0.1:54726 - R:localhost/127.0.0.1:18125]
23:01:43.539 [Forwarding screenshot on session 06fff56d0572ea49e684225747216643 to remote] DEBUG org.asynchttpclient.netty.request.NettyRequestSender - Using pooled Channel '[id: 0x27f790be, L:/127.0.0.1:54726 - R:localhost/127.0.0.1:18125]' for 'GET' to 'http://localhost:18125/session/06fff56d0572ea49e684225747216643/screenshot'
23:01:43.539 [Forwarding screenshot on session 06fff56d0572ea49e684225747216643 to remote] DEBUG org.asynchttpclient.netty.request.NettyRequestSender - Using open Channel [id: 0x27f790be, L:/127.0.0.1:54726 - R:localhost/127.0.0.1:18125] for GET '/session/06fff56d0572ea49e684225747216643/screenshot'
23:01:43.643 [AsyncHttpClient-1-17] DEBUG org.asynchttpclient.netty.handler.HttpHandler - 

Request DefaultFullHttpRequest(decodeResult: success, version: HTTP/1.1, content: EmptyByteBufBE)
GET /session/06fff56d0572ea49e684225747216643/screenshot HTTP/1.1
User-Agent: selenium/4.8.1 (java windows)
Cache-Control: no-cache
Content-Type: application/json; charset=utf-8
host: localhost:18125
accept: */*

Response DefaultHttpResponse(decodeResult: success, version: HTTP/1.1)
HTTP/1.1 200 OK
Content-Length: 93224
Content-Type: application/json; charset=utf-8
cache-control: no-cache

23:01:43.643 [AsyncHttpClient-1-17] DEBUG org.asynchttpclient.netty.channel.ChannelManager - Adding key: http://localhost:18125 for channel [id: 0x27f790be, L:/127.0.0.1:54726 - R:localhost/127.0.0.1:18125]
23:01:43.647 [main] DEBUG net.serenitybdd.core.photography.Darkroom - Send negative for processing for target\site\serenity\eae70e0d31e8e8b85ce659fe0365ca28c24246a1bf9d3b50a76ae0889116b9f5.png
23:01:43.648 [Forwarding getPageSource on session 06fff56d0572ea49e684225747216643 to remote] DEBUG org.asynchttpclient.netty.request.NettyRequestSender - Using pooled Channel '[id: 0x27f790be, L:/127.0.0.1:54726 - R:localhost/127.0.0.1:18125]' for 'POST' to 'http://localhost:18125/session/06fff56d0572ea49e684225747216643/execute/sync'
23:01:43.648 [Forwarding getPageSource on session 06fff56d0572ea49e684225747216643 to remote] DEBUG org.asynchttpclient.netty.request.NettyRequestSender - Using open Channel [id: 0x27f790be, L:/127.0.0.1:54726 - R:localhost/127.0.0.1:18125] for POST '/session/06fff56d0572ea49e684225747216643/execute/sync'
23:01:43.703 [AsyncHttpClient-1-17] DEBUG org.asynchttpclient.netty.handler.HttpHandler - 

Request DefaultHttpRequest(decodeResult: success, version: HTTP/1.1)
POST /session/06fff56d0572ea49e684225747216643/execute/sync HTTP/1.1
User-Agent: selenium/4.8.1 (java windows)
Content-Length: 176
Content-Type: application/json; charset=utf-8
host: localhost:18125
accept: */*

Response DefaultHttpResponse(decodeResult: success, version: HTTP/1.1)
HTTP/1.1 200 OK
Content-Length: 816995
Content-Type: application/json; charset=utf-8
cache-control: no-cache

23:01:43.704 [AsyncHttpClient-1-17] DEBUG org.asynchttpclient.netty.channel.ChannelManager - Adding key: http://localhost:18125 for channel [id: 0x27f790be, L:/127.0.0.1:54726 - R:localhost/127.0.0.1:18125]
23:01:43.799 [AsyncHttpClient-1-1] DEBUG org.asynchttpclient.netty.channel.DefaultChannelPool - Entry count for : http://localhost:18125 : 1
23:01:43.799 [AsyncHttpClient-1-1] DEBUG org.asynchttpclient.netty.channel.DefaultChannelPool - Entry count for : http://localhost:54727 : 1
23:01:43.813 [Forwarding getCurrentUrl on session 06fff56d0572ea49e684225747216643 to remote] DEBUG org.asynchttpclient.netty.request.NettyRequestSender - Using pooled Channel '[id: 0x27f790be, L:/127.0.0.1:54726 - R:localhost/127.0.0.1:18125]' for 'GET' to 'http://localhost:18125/session/06fff56d0572ea49e684225747216643/url'
23:01:43.813 [Forwarding getCurrentUrl on session 06fff56d0572ea49e684225747216643 to remote] DEBUG org.asynchttpclient.netty.request.NettyRequestSender - Using open Channel [id: 0x27f790be, L:/127.0.0.1:54726 - R:localhost/127.0.0.1:18125] for GET '/session/06fff56d0572ea49e684225747216643/url'
23:01:43.822 [AsyncHttpClient-1-17] DEBUG org.asynchttpclient.netty.handler.HttpHandler - 

Request DefaultFullHttpRequest(decodeResult: success, version: HTTP/1.1, content: EmptyByteBufBE)
GET /session/06fff56d0572ea49e684225747216643/url HTTP/1.1
User-Agent: selenium/4.8.1 (java windows)
Cache-Control: no-cache
Content-Type: application/json; charset=utf-8
host: localhost:18125
accept: */*

Response DefaultHttpResponse(decodeResult: success, version: HTTP/1.1)
HTTP/1.1 200 OK
Content-Length: 41
Content-Type: application/json; charset=utf-8
cache-control: no-cache

23:01:43.822 [AsyncHttpClient-1-17] DEBUG org.asynchttpclient.netty.channel.ChannelManager - Adding key: http://localhost:18125 for channel [id: 0x27f790be, L:/127.0.0.1:54726 - R:localhost/127.0.0.1:18125]
23:01:43.827 [main] DEBUG net.thucydides.core.steps.StepInterceptor - STARTING STEP: HomepageSteps.clickBuyButton - clickBeliProduk1
23:01:43.831 [Forwarding findElement on session 06fff56d0572ea49e684225747216643 to remote] DEBUG org.asynchttpclient.netty.request.NettyRequestSender - Using pooled Channel '[id: 0x27f790be, L:/127.0.0.1:54726 - R:localhost/127.0.0.1:18125]' for 'POST' to 'http://localhost:18125/session/06fff56d0572ea49e684225747216643/element'
23:01:43.831 [Forwarding findElement on session 06fff56d0572ea49e684225747216643 to remote] DEBUG org.asynchttpclient.netty.request.NettyRequestSender - Using open Channel [id: 0x27f790be, L:/127.0.0.1:54726 - R:localhost/127.0.0.1:18125] for POST '/session/06fff56d0572ea49e684225747216643/element'
23:01:43.869 [AsyncHttpClient-1-17] DEBUG org.asynchttpclient.netty.handler.HttpHandler - 

Request DefaultHttpRequest(decodeResult: success, version: HTTP/1.1)
POST /session/06fff56d0572ea49e684225747216643/element HTTP/1.1
User-Agent: selenium/4.8.1 (java windows)
Content-Length: 113
Content-Type: application/json; charset=utf-8
host: localhost:18125
accept: */*

Response DefaultHttpResponse(decodeResult: success, version: HTTP/1.1)
HTTP/1.1 200 OK
Content-Length: 94
Content-Type: application/json; charset=utf-8
cache-control: no-cache

23:01:43.870 [AsyncHttpClient-1-17] DEBUG org.asynchttpclient.netty.channel.ChannelManager - Adding key: http://localhost:18125 for channel [id: 0x27f790be, L:/127.0.0.1:54726 - R:localhost/127.0.0.1:18125]
23:01:43.871 [Forwarding getElementTagName on session 06fff56d0572ea49e684225747216643 to remote] DEBUG org.asynchttpclient.netty.request.NettyRequestSender - Using pooled Channel '[id: 0x27f790be, L:/127.0.0.1:54726 - R:localhost/127.0.0.1:18125]' for 'GET' to 'http://localhost:18125/session/06fff56d0572ea49e684225747216643/element/37621BBC0D2CBB257CD217ADC0C21A3B_element_9/name'
23:01:43.871 [Forwarding getElementTagName on session 06fff56d0572ea49e684225747216643 to remote] DEBUG org.asynchttpclient.netty.request.NettyRequestSender - Using open Channel [id: 0x27f790be, L:/127.0.0.1:54726 - R:localhost/127.0.0.1:18125] for GET '/session/06fff56d0572ea49e684225747216643/element/37621BBC0D2CBB257CD217ADC0C21A3B_element_9/name'
23:01:43.887 [AsyncHttpClient-1-17] DEBUG org.asynchttpclient.netty.handler.HttpHandler - 

Request DefaultFullHttpRequest(decodeResult: success, version: HTTP/1.1, content: EmptyByteBufBE)
GET /session/06fff56d0572ea49e684225747216643/element/37621BBC0D2CBB257CD217ADC0C21A3B_element_9/name HTTP/1.1
User-Agent: selenium/4.8.1 (java windows)
Cache-Control: no-cache
Content-Type: application/json; charset=utf-8
host: localhost:18125
accept: */*

Response DefaultHttpResponse(decodeResult: success, version: HTTP/1.1)
HTTP/1.1 200 OK
Content-Length: 18
Content-Type: application/json; charset=utf-8
cache-control: no-cache

23:01:43.887 [AsyncHttpClient-1-17] DEBUG org.asynchttpclient.netty.channel.ChannelManager - Adding key: http://localhost:18125 for channel [id: 0x27f790be, L:/127.0.0.1:54726 - R:localhost/127.0.0.1:18125]
23:01:43.888 [Forwarding getElementTagName on session 06fff56d0572ea49e684225747216643 to remote] DEBUG org.asynchttpclient.netty.request.NettyRequestSender - Using pooled Channel '[id: 0x27f790be, L:/127.0.0.1:54726 - R:localhost/127.0.0.1:18125]' for 'GET' to 'http://localhost:18125/session/06fff56d0572ea49e684225747216643/element/37621BBC0D2CBB257CD217ADC0C21A3B_element_9/name'
23:01:43.889 [Forwarding getElementTagName on session 06fff56d0572ea49e684225747216643 to remote] DEBUG org.asynchttpclient.netty.request.NettyRequestSender - Using open Channel [id: 0x27f790be, L:/127.0.0.1:54726 - R:localhost/127.0.0.1:18125] for GET '/session/06fff56d0572ea49e684225747216643/element/37621BBC0D2CBB257CD217ADC0C21A3B_element_9/name'
23:01:43.903 [AsyncHttpClient-1-17] DEBUG org.asynchttpclient.netty.handler.HttpHandler - 

Request DefaultFullHttpRequest(decodeResult: success, version: HTTP/1.1, content: EmptyByteBufBE)
GET /session/06fff56d0572ea49e684225747216643/element/37621BBC0D2CBB257CD217ADC0C21A3B_element_9/name HTTP/1.1
User-Agent: selenium/4.8.1 (java windows)
Cache-Control: no-cache
Content-Type: application/json; charset=utf-8
host: localhost:18125
accept: */*

Response DefaultHttpResponse(decodeResult: success, version: HTTP/1.1)
HTTP/1.1 200 OK
Content-Length: 18
Content-Type: application/json; charset=utf-8
cache-control: no-cache

23:01:43.903 [AsyncHttpClient-1-17] DEBUG org.asynchttpclient.netty.channel.ChannelManager - Adding key: http://localhost:18125 for channel [id: 0x27f790be, L:/127.0.0.1:54726 - R:localhost/127.0.0.1:18125]
23:01:43.907 [Forwarding isElementEnabled on session 06fff56d0572ea49e684225747216643 to remote] DEBUG org.asynchttpclient.netty.request.NettyRequestSender - Using pooled Channel '[id: 0x27f790be, L:/127.0.0.1:54726 - R:localhost/127.0.0.1:18125]' for 'GET' to 'http://localhost:18125/session/06fff56d0572ea49e684225747216643/element/37621BBC0D2CBB257CD217ADC0C21A3B_element_9/enabled'
23:01:43.907 [Forwarding isElementEnabled on session 06fff56d0572ea49e684225747216643 to remote] DEBUG org.asynchttpclient.netty.request.NettyRequestSender - Using open Channel [id: 0x27f790be, L:/127.0.0.1:54726 - R:localhost/127.0.0.1:18125] for GET '/session/06fff56d0572ea49e684225747216643/element/37621BBC0D2CBB257CD217ADC0C21A3B_element_9/enabled'
23:01:43.930 [AsyncHttpClient-1-17] DEBUG org.asynchttpclient.netty.handler.HttpHandler - 

Request DefaultFullHttpRequest(decodeResult: success, version: HTTP/1.1, content: EmptyByteBufBE)
GET /session/06fff56d0572ea49e684225747216643/element/37621BBC0D2CBB257CD217ADC0C21A3B_element_9/enabled HTTP/1.1
User-Agent: selenium/4.8.1 (java windows)
Cache-Control: no-cache
Content-Type: application/json; charset=utf-8
host: localhost:18125
accept: */*

Response DefaultHttpResponse(decodeResult: success, version: HTTP/1.1)
HTTP/1.1 200 OK
Content-Length: 14
Content-Type: application/json; charset=utf-8
cache-control: no-cache

23:01:43.931 [AsyncHttpClient-1-17] DEBUG org.asynchttpclient.netty.channel.ChannelManager - Adding key: http://localhost:18125 for channel [id: 0x27f790be, L:/127.0.0.1:54726 - R:localhost/127.0.0.1:18125]
23:01:43.932 [Forwarding isElementEnabled on session 06fff56d0572ea49e684225747216643 to remote] DEBUG org.asynchttpclient.netty.request.NettyRequestSender - Using pooled Channel '[id: 0x27f790be, L:/127.0.0.1:54726 - R:localhost/127.0.0.1:18125]' for 'GET' to 'http://localhost:18125/session/06fff56d0572ea49e684225747216643/element/37621BBC0D2CBB257CD217ADC0C21A3B_element_9/enabled'
23:01:43.932 [Forwarding isElementEnabled on session 06fff56d0572ea49e684225747216643 to remote] DEBUG org.asynchttpclient.netty.request.NettyRequestSender - Using open Channel [id: 0x27f790be, L:/127.0.0.1:54726 - R:localhost/127.0.0.1:18125] for GET '/session/06fff56d0572ea49e684225747216643/element/37621BBC0D2CBB257CD217ADC0C21A3B_element_9/enabled'
23:01:43.951 [AsyncHttpClient-1-17] DEBUG org.asynchttpclient.netty.handler.HttpHandler - 

Request DefaultFullHttpRequest(decodeResult: success, version: HTTP/1.1, content: EmptyByteBufBE)
GET /session/06fff56d0572ea49e684225747216643/element/37621BBC0D2CBB257CD217ADC0C21A3B_element_9/enabled HTTP/1.1
User-Agent: selenium/4.8.1 (java windows)
Cache-Control: no-cache
Content-Type: application/json; charset=utf-8
host: localhost:18125
accept: */*

Response DefaultHttpResponse(decodeResult: success, version: HTTP/1.1)
HTTP/1.1 200 OK
Content-Length: 14
Content-Type: application/json; charset=utf-8
cache-control: no-cache

23:01:43.951 [AsyncHttpClient-1-17] DEBUG org.asynchttpclient.netty.channel.ChannelManager - Adding key: http://localhost:18125 for channel [id: 0x27f790be, L:/127.0.0.1:54726 - R:localhost/127.0.0.1:18125]
23:01:43.953 [Forwarding findElement on session 06fff56d0572ea49e684225747216643 to remote] DEBUG org.asynchttpclient.netty.request.NettyRequestSender - Using pooled Channel '[id: 0x27f790be, L:/127.0.0.1:54726 - R:localhost/127.0.0.1:18125]' for 'POST' to 'http://localhost:18125/session/06fff56d0572ea49e684225747216643/element'
23:01:43.953 [Forwarding findElement on session 06fff56d0572ea49e684225747216643 to remote] DEBUG org.asynchttpclient.netty.request.NettyRequestSender - Using open Channel [id: 0x27f790be, L:/127.0.0.1:54726 - R:localhost/127.0.0.1:18125] for POST '/session/06fff56d0572ea49e684225747216643/element'
23:01:43.986 [AsyncHttpClient-1-17] DEBUG org.asynchttpclient.netty.handler.HttpHandler - 

Request DefaultHttpRequest(decodeResult: success, version: HTTP/1.1)
POST /session/06fff56d0572ea49e684225747216643/element HTTP/1.1
User-Agent: selenium/4.8.1 (java windows)
Content-Length: 113
Content-Type: application/json; charset=utf-8
host: localhost:18125
accept: */*

Response DefaultHttpResponse(decodeResult: success, version: HTTP/1.1)
HTTP/1.1 200 OK
Content-Length: 94
Content-Type: application/json; charset=utf-8
cache-control: no-cache

23:01:43.987 [AsyncHttpClient-1-17] DEBUG org.asynchttpclient.netty.channel.ChannelManager - Adding key: http://localhost:18125 for channel [id: 0x27f790be, L:/127.0.0.1:54726 - R:localhost/127.0.0.1:18125]
23:01:43.988 [Forwarding clickElement on session 06fff56d0572ea49e684225747216643 to remote] DEBUG org.asynchttpclient.netty.request.NettyRequestSender - Using pooled Channel '[id: 0x27f790be, L:/127.0.0.1:54726 - R:localhost/127.0.0.1:18125]' for 'POST' to 'http://localhost:18125/session/06fff56d0572ea49e684225747216643/element/37621BBC0D2CBB257CD217ADC0C21A3B_element_9/click'
23:01:43.988 [Forwarding clickElement on session 06fff56d0572ea49e684225747216643 to remote] DEBUG org.asynchttpclient.netty.request.NettyRequestSender - Using open Channel [id: 0x27f790be, L:/127.0.0.1:54726 - R:localhost/127.0.0.1:18125] for POST '/session/06fff56d0572ea49e684225747216643/element/37621BBC0D2CBB257CD217ADC0C21A3B_element_9/click'
23:01:44.255 [AsyncHttpClient-1-17] DEBUG org.asynchttpclient.netty.handler.HttpHandler - 

Request DefaultHttpRequest(decodeResult: success, version: HTTP/1.1)
POST /session/06fff56d0572ea49e684225747216643/element/37621BBC0D2CBB257CD217ADC0C21A3B_element_9/click HTTP/1.1
User-Agent: selenium/4.8.1 (java windows)
Content-Length: 56
Content-Type: application/json; charset=utf-8
host: localhost:18125
accept: */*

Response DefaultHttpResponse(decodeResult: success, version: HTTP/1.1)
HTTP/1.1 200 OK
Content-Length: 14
Content-Type: application/json; charset=utf-8
cache-control: no-cache

23:01:44.255 [AsyncHttpClient-1-17] DEBUG org.asynchttpclient.netty.channel.ChannelManager - Adding key: http://localhost:18125 for channel [id: 0x27f790be, L:/127.0.0.1:54726 - R:localhost/127.0.0.1:18125]
23:01:44.272 [Forwarding getAlertText on session 06fff56d0572ea49e684225747216643 to remote] DEBUG org.asynchttpclient.netty.request.NettyRequestSender - Using pooled Channel '[id: 0x27f790be, L:/127.0.0.1:54726 - R:localhost/127.0.0.1:18125]' for 'GET' to 'http://localhost:18125/session/06fff56d0572ea49e684225747216643/alert/text'
23:01:44.272 [Forwarding getAlertText on session 06fff56d0572ea49e684225747216643 to remote] DEBUG org.asynchttpclient.netty.request.NettyRequestSender - Using open Channel [id: 0x27f790be, L:/127.0.0.1:54726 - R:localhost/127.0.0.1:18125] for GET '/session/06fff56d0572ea49e684225747216643/alert/text'
23:01:44.276 [AsyncHttpClient-1-17] DEBUG org.asynchttpclient.netty.handler.HttpHandler - 

Request DefaultFullHttpRequest(decodeResult: success, version: HTTP/1.1, content: EmptyByteBufBE)
GET /session/06fff56d0572ea49e684225747216643/alert/text HTTP/1.1
User-Agent: selenium/4.8.1 (java windows)
Cache-Control: no-cache
Content-Type: application/json; charset=utf-8
host: localhost:18125
accept: */*

Response DefaultHttpResponse(decodeResult: success, version: HTTP/1.1)
HTTP/1.1 404 Not Found
Content-Length: 820
Content-Type: application/json; charset=utf-8
cache-control: no-cache

23:01:44.276 [AsyncHttpClient-1-17] DEBUG org.asynchttpclient.netty.channel.ChannelManager - Adding key: http://localhost:18125 for channel [id: 0x27f790be, L:/127.0.0.1:54726 - R:localhost/127.0.0.1:18125]
23:01:44.278 [Forwarding getCurrentUrl on session 06fff56d0572ea49e684225747216643 to remote] DEBUG org.asynchttpclient.netty.request.NettyRequestSender - Using pooled Channel '[id: 0x27f790be, L:/127.0.0.1:54726 - R:localhost/127.0.0.1:18125]' for 'GET' to 'http://localhost:18125/session/06fff56d0572ea49e684225747216643/url'
23:01:44.278 [Forwarding getCurrentUrl on session 06fff56d0572ea49e684225747216643 to remote] DEBUG org.asynchttpclient.netty.request.NettyRequestSender - Using open Channel [id: 0x27f790be, L:/127.0.0.1:54726 - R:localhost/127.0.0.1:18125] for GET '/session/06fff56d0572ea49e684225747216643/url'
23:01:44.293 [AsyncHttpClient-1-17] DEBUG org.asynchttpclient.netty.handler.HttpHandler - 

Request DefaultFullHttpRequest(decodeResult: success, version: HTTP/1.1, content: EmptyByteBufBE)
GET /session/06fff56d0572ea49e684225747216643/url HTTP/1.1
User-Agent: selenium/4.8.1 (java windows)
Cache-Control: no-cache
Content-Type: application/json; charset=utf-8
host: localhost:18125
accept: */*

Response DefaultHttpResponse(decodeResult: success, version: HTTP/1.1)
HTTP/1.1 200 OK
Content-Length: 41
Content-Type: application/json; charset=utf-8
cache-control: no-cache

23:01:44.293 [AsyncHttpClient-1-17] DEBUG org.asynchttpclient.netty.channel.ChannelManager - Adding key: http://localhost:18125 for channel [id: 0x27f790be, L:/127.0.0.1:54726 - R:localhost/127.0.0.1:18125]
23:01:44.294 [Forwarding screenshot on session 06fff56d0572ea49e684225747216643 to remote] DEBUG org.asynchttpclient.netty.request.NettyRequestSender - Using pooled Channel '[id: 0x27f790be, L:/127.0.0.1:54726 - R:localhost/127.0.0.1:18125]' for 'GET' to 'http://localhost:18125/session/06fff56d0572ea49e684225747216643/screenshot'
23:01:44.294 [Forwarding screenshot on session 06fff56d0572ea49e684225747216643 to remote] DEBUG org.asynchttpclient.netty.request.NettyRequestSender - Using open Channel [id: 0x27f790be, L:/127.0.0.1:54726 - R:localhost/127.0.0.1:18125] for GET '/session/06fff56d0572ea49e684225747216643/screenshot'
23:01:44.648 [AsyncHttpClient-1-17] DEBUG org.asynchttpclient.netty.handler.HttpHandler - 

Request DefaultFullHttpRequest(decodeResult: success, version: HTTP/1.1, content: EmptyByteBufBE)
GET /session/06fff56d0572ea49e684225747216643/screenshot HTTP/1.1
User-Agent: selenium/4.8.1 (java windows)
Cache-Control: no-cache
Content-Type: application/json; charset=utf-8
host: localhost:18125
accept: */*

Response DefaultHttpResponse(decodeResult: success, version: HTTP/1.1)
HTTP/1.1 200 OK
Content-Length: 87748
Content-Type: application/json; charset=utf-8
cache-control: no-cache

23:01:44.649 [AsyncHttpClient-1-17] DEBUG org.asynchttpclient.netty.channel.ChannelManager - Adding key: http://localhost:18125 for channel [id: 0x27f790be, L:/127.0.0.1:54726 - R:localhost/127.0.0.1:18125]
23:01:44.660 [main] DEBUG net.serenitybdd.core.photography.Darkroom - Send negative for processing for target\site\serenity\9290aff8877822a8ae5e2b9d6a39014e0824137fcf6b06e050a175c943f30e7c.png
23:01:44.661 [main] DEBUG net.thucydides.core.steps.StepInterceptor - STEP DONE: clickBeliProduk1
  &amp#27;[32mAnd &amp#27;[0m&amp#27;[32mI click buy button&amp#27;[0m                         &amp#27;[90m# starter.stepdefinitions.HomepageSteps.clickBuyButton()&amp#27;[0m
23:01:44.661 [Darkroom Processing Line] DEBUG net.serenitybdd.core.photography.DarkroomProcessingLine - Processing screenshot image in /var/screenshots/screenshot-6724844807924338036
23:01:44.661 [Darkroom Processing Line] DEBUG net.serenitybdd.core.photography.DarkroomProcessingLine - Saving screenshot to target\site\serenity\9290aff8877822a8ae5e2b9d6a39014e0824137fcf6b06e050a175c943f30e7c.png
23:01:44.683 [Forwarding getPageSource on session 06fff56d0572ea49e684225747216643 to remote] DEBUG org.asynchttpclient.netty.request.NettyRequestSender - Using pooled Channel '[id: 0x27f790be, L:/127.0.0.1:54726 - R:localhost/127.0.0.1:18125]' for 'POST' to 'http://localhost:18125/session/06fff56d0572ea49e684225747216643/execute/sync'
23:01:44.683 [Forwarding getPageSource on session 06fff56d0572ea49e684225747216643 to remote] DEBUG org.asynchttpclient.netty.request.NettyRequestSender - Using open Channel [id: 0x27f790be, L:/127.0.0.1:54726 - R:localhost/127.0.0.1:18125] for POST '/session/06fff56d0572ea49e684225747216643/execute/sync'
23:01:44.788 [AsyncHttpClient-1-17] DEBUG org.asynchttpclient.netty.handler.HttpHandler - 

Request DefaultHttpRequest(decodeResult: success, version: HTTP/1.1)
POST /session/06fff56d0572ea49e684225747216643/execute/sync HTTP/1.1
User-Agent: selenium/4.8.1 (java windows)
Content-Length: 176
Content-Type: application/json; charset=utf-8
host: localhost:18125
accept: */*

Response DefaultHttpResponse(decodeResult: success, version: HTTP/1.1)
HTTP/1.1 200 OK
Content-Length: 817334
Content-Type: application/json; charset=utf-8
cache-control: no-cache

23:01:44.789 [AsyncHttpClient-1-17] DEBUG org.asynchttpclient.netty.channel.ChannelManager - Adding key: http://localhost:18125 for channel [id: 0x27f790be, L:/127.0.0.1:54726 - R:localhost/127.0.0.1:18125]
23:01:44.902 [AsyncHttpClient-1-1] DEBUG org.asynchttpclient.netty.channel.DefaultChannelPool - Entry count for : http://localhost:18125 : 1
23:01:44.902 [AsyncHttpClient-1-1] DEBUG org.asynchttpclient.netty.channel.DefaultChannelPool - Entry count for : http://localhost:54727 : 1
23:01:44.935 [Forwarding getCurrentUrl on session 06fff56d0572ea49e684225747216643 to remote] DEBUG org.asynchttpclient.netty.request.NettyRequestSender - Using pooled Channel '[id: 0x27f790be, L:/127.0.0.1:54726 - R:localhost/127.0.0.1:18125]' for 'GET' to 'http://localhost:18125/session/06fff56d0572ea49e684225747216643/url'
23:01:44.935 [Forwarding getCurrentUrl on session 06fff56d0572ea49e684225747216643 to remote] DEBUG org.asynchttpclient.netty.request.NettyRequestSender - Using open Channel [id: 0x27f790be, L:/127.0.0.1:54726 - R:localhost/127.0.0.1:18125] for GET '/session/06fff56d0572ea49e684225747216643/url'
23:01:44.941 [AsyncHttpClient-1-17] DEBUG org.asynchttpclient.netty.handler.HttpHandler - 

Request DefaultFullHttpRequest(decodeResult: success, version: HTTP/1.1, content: EmptyByteBufBE)
GET /session/06fff56d0572ea49e684225747216643/url HTTP/1.1
User-Agent: selenium/4.8.1 (java windows)
Cache-Control: no-cache
Content-Type: application/json; charset=utf-8
host: localhost:18125
accept: */*

Response DefaultHttpResponse(decodeResult: success, version: HTTP/1.1)
HTTP/1.1 200 OK
Content-Length: 41
Content-Type: application/json; charset=utf-8
cache-control: no-cache

23:01:44.941 [AsyncHttpClient-1-17] DEBUG org.asynchttpclient.netty.channel.ChannelManager - Adding key: http://localhost:18125 for channel [id: 0x27f790be, L:/127.0.0.1:54726 - R:localhost/127.0.0.1:18125]
23:01:44.989 [Forwarding getAlertText on session 06fff56d0572ea49e684225747216643 to remote] DEBUG org.asynchttpclient.netty.request.NettyRequestSender - Using pooled Channel '[id: 0x27f790be, L:/127.0.0.1:54726 - R:localhost/127.0.0.1:18125]' for 'GET' to 'http://localhost:18125/session/06fff56d0572ea49e684225747216643/alert/text'
23:01:44.989 [Forwarding getAlertText on session 06fff56d0572ea49e684225747216643 to remote] DEBUG org.asynchttpclient.netty.request.NettyRequestSender - Using open Channel [id: 0x27f790be, L:/127.0.0.1:54726 - R:localhost/127.0.0.1:18125] for GET '/session/06fff56d0572ea49e684225747216643/alert/text'
23:01:44.991 [AsyncHttpClient-1-17] DEBUG org.asynchttpclient.netty.handler.HttpHandler - 

Request DefaultFullHttpRequest(decodeResult: success, version: HTTP/1.1, content: EmptyByteBufBE)
GET /session/06fff56d0572ea49e684225747216643/alert/text HTTP/1.1
User-Agent: selenium/4.8.1 (java windows)
Cache-Control: no-cache
Content-Type: application/json; charset=utf-8
host: localhost:18125
accept: */*

Response DefaultHttpResponse(decodeResult: success, version: HTTP/1.1)
HTTP/1.1 404 Not Found
Content-Length: 820
Content-Type: application/json; charset=utf-8
cache-control: no-cache

23:01:44.991 [AsyncHttpClient-1-17] DEBUG org.asynchttpclient.netty.channel.ChannelManager - Adding key: http://localhost:18125 for channel [id: 0x27f790be, L:/127.0.0.1:54726 - R:localhost/127.0.0.1:18125]
23:01:44.992 [Forwarding getCurrentUrl on session 06fff56d0572ea49e684225747216643 to remote] DEBUG org.asynchttpclient.netty.request.NettyRequestSender - Using pooled Channel '[id: 0x27f790be, L:/127.0.0.1:54726 - R:localhost/127.0.0.1:18125]' for 'GET' to 'http://localhost:18125/session/06fff56d0572ea49e684225747216643/url'
23:01:44.992 [Forwarding getCurrentUrl on session 06fff56d0572ea49e684225747216643 to remote] DEBUG org.asynchttpclient.netty.request.NettyRequestSender - Using open Channel [id: 0x27f790be, L:/127.0.0.1:54726 - R:localhost/127.0.0.1:18125] for GET '/session/06fff56d0572ea49e684225747216643/url'
23:01:44.999 [AsyncHttpClient-1-17] DEBUG org.asynchttpclient.netty.handler.HttpHandler - 

Request DefaultFullHttpRequest(decodeResult: success, version: HTTP/1.1, content: EmptyByteBufBE)
GET /session/06fff56d0572ea49e684225747216643/url HTTP/1.1
User-Agent: selenium/4.8.1 (java windows)
Cache-Control: no-cache
Content-Type: application/json; charset=utf-8
host: localhost:18125
accept: */*

Response DefaultHttpResponse(decodeResult: success, version: HTTP/1.1)
HTTP/1.1 200 OK
Content-Length: 41
Content-Type: application/json; charset=utf-8
cache-control: no-cache

23:01:44.999 [AsyncHttpClient-1-17] DEBUG org.asynchttpclient.netty.channel.ChannelManager - Adding key: http://localhost:18125 for channel [id: 0x27f790be, L:/127.0.0.1:54726 - R:localhost/127.0.0.1:18125]
23:01:45.000 [Forwarding screenshot on session 06fff56d0572ea49e684225747216643 to remote] DEBUG org.asynchttpclient.netty.request.NettyRequestSender - Using pooled Channel '[id: 0x27f790be, L:/127.0.0.1:54726 - R:localhost/127.0.0.1:18125]' for 'GET' to 'http://localhost:18125/session/06fff56d0572ea49e684225747216643/screenshot'
23:01:45.000 [Forwarding screenshot on session 06fff56d0572ea49e684225747216643 to remote] DEBUG org.asynchttpclient.netty.request.NettyRequestSender - Using open Channel [id: 0x27f790be, L:/127.0.0.1:54726 - R:localhost/127.0.0.1:18125] for GET '/session/06fff56d0572ea49e684225747216643/screenshot'
23:01:45.133 [AsyncHttpClient-1-17] DEBUG org.asynchttpclient.netty.handler.HttpHandler - 

Request DefaultFullHttpRequest(decodeResult: success, version: HTTP/1.1, content: EmptyByteBufBE)
GET /session/06fff56d0572ea49e684225747216643/screenshot HTTP/1.1
User-Agent: selenium/4.8.1 (java windows)
Cache-Control: no-cache
Content-Type: application/json; charset=utf-8
host: localhost:18125
accept: */*

Response DefaultHttpResponse(decodeResult: success, version: HTTP/1.1)
HTTP/1.1 200 OK
Content-Length: 86752
Content-Type: application/json; charset=utf-8
cache-control: no-cache

23:01:45.133 [AsyncHttpClient-1-17] DEBUG org.asynchttpclient.netty.channel.ChannelManager - Adding key: http://localhost:18125 for channel [id: 0x27f790be, L:/127.0.0.1:54726 - R:localhost/127.0.0.1:18125]
23:01:45.136 [main] DEBUG net.serenitybdd.core.photography.Darkroom - Send negative for processing for target\site\serenity\acdb85324b05ed0031f159074a1f8a61ef072aad95489d72e4cd86a0da2c3148.png
23:01:45.137 [Forwarding getPageSource on session 06fff56d0572ea49e684225747216643 to remote] DEBUG org.asynchttpclient.netty.request.NettyRequestSender - Using pooled Channel '[id: 0x27f790be, L:/127.0.0.1:54726 - R:localhost/127.0.0.1:18125]' for 'POST' to 'http://localhost:18125/session/06fff56d0572ea49e684225747216643/execute/sync'
23:01:45.137 [Forwarding getPageSource on session 06fff56d0572ea49e684225747216643 to remote] DEBUG org.asynchttpclient.netty.request.NettyRequestSender - Using open Channel [id: 0x27f790be, L:/127.0.0.1:54726 - R:localhost/127.0.0.1:18125] for POST '/session/06fff56d0572ea49e684225747216643/execute/sync'
23:01:45.200 [AsyncHttpClient-1-17] DEBUG org.asynchttpclient.netty.handler.HttpHandler - 

Request DefaultHttpRequest(decodeResult: success, version: HTTP/1.1)
POST /session/06fff56d0572ea49e684225747216643/execute/sync HTTP/1.1
User-Agent: selenium/4.8.1 (java windows)
Content-Length: 176
Content-Type: application/json; charset=utf-8
host: localhost:18125
accept: */*

Response DefaultHttpResponse(decodeResult: success, version: HTTP/1.1)
HTTP/1.1 200 OK
Content-Length: 817003
Content-Type: application/json; charset=utf-8
cache-control: no-cache

23:01:45.200 [AsyncHttpClient-1-17] DEBUG org.asynchttpclient.netty.channel.ChannelManager - Adding key: http://localhost:18125 for channel [id: 0x27f790be, L:/127.0.0.1:54726 - R:localhost/127.0.0.1:18125]
23:01:45.285 [Forwarding getCurrentUrl on session 06fff56d0572ea49e684225747216643 to remote] DEBUG org.asynchttpclient.netty.request.NettyRequestSender - Using pooled Channel '[id: 0x27f790be, L:/127.0.0.1:54726 - R:localhost/127.0.0.1:18125]' for 'GET' to 'http://localhost:18125/session/06fff56d0572ea49e684225747216643/url'
23:01:45.286 [Forwarding getCurrentUrl on session 06fff56d0572ea49e684225747216643 to remote] DEBUG org.asynchttpclient.netty.request.NettyRequestSender - Using open Channel [id: 0x27f790be, L:/127.0.0.1:54726 - R:localhost/127.0.0.1:18125] for GET '/session/06fff56d0572ea49e684225747216643/url'
23:01:45.291 [AsyncHttpClient-1-17] DEBUG org.asynchttpclient.netty.handler.HttpHandler - 

Request DefaultFullHttpRequest(decodeResult: success, version: HTTP/1.1, content: EmptyByteBufBE)
GET /session/06fff56d0572ea49e684225747216643/url HTTP/1.1
User-Agent: selenium/4.8.1 (java windows)
Cache-Control: no-cache
Content-Type: application/json; charset=utf-8
host: localhost:18125
accept: */*

Response DefaultHttpResponse(decodeResult: success, version: HTTP/1.1)
HTTP/1.1 200 OK
Content-Length: 41
Content-Type: application/json; charset=utf-8
cache-control: no-cache

23:01:45.292 [AsyncHttpClient-1-17] DEBUG org.asynchttpclient.netty.channel.ChannelManager - Adding key: http://localhost:18125 for channel [id: 0x27f790be, L:/127.0.0.1:54726 - R:localhost/127.0.0.1:18125]
23:01:45.296 [main] DEBUG net.thucydides.core.steps.StepInterceptor - STARTING STEP: OrderSteps.onTheOrderPage - validateGoToOrderPage
23:01:45.300 [Forwarding findElement on session 06fff56d0572ea49e684225747216643 to remote] DEBUG org.asynchttpclient.netty.request.NettyRequestSender - Using pooled Channel '[id: 0x27f790be, L:/127.0.0.1:54726 - R:localhost/127.0.0.1:18125]' for 'POST' to 'http://localhost:18125/session/06fff56d0572ea49e684225747216643/element'
23:01:45.300 [Forwarding findElement on session 06fff56d0572ea49e684225747216643 to remote] DEBUG org.asynchttpclient.netty.request.NettyRequestSender - Using open Channel [id: 0x27f790be, L:/127.0.0.1:54726 - R:localhost/127.0.0.1:18125] for POST '/session/06fff56d0572ea49e684225747216643/element'
23:01:45.320 [AsyncHttpClient-1-17] DEBUG org.asynchttpclient.netty.handler.HttpHandler - 

Request DefaultHttpRequest(decodeResult: success, version: HTTP/1.1)
POST /session/06fff56d0572ea49e684225747216643/element HTTP/1.1
User-Agent: selenium/4.8.1 (java windows)
Content-Length: 108
Content-Type: application/json; charset=utf-8
host: localhost:18125
accept: */*

Response DefaultHttpResponse(decodeResult: success, version: HTTP/1.1)
HTTP/1.1 200 OK
Content-Length: 95
Content-Type: application/json; charset=utf-8
cache-control: no-cache

23:01:45.320 [AsyncHttpClient-1-17] DEBUG org.asynchttpclient.netty.channel.ChannelManager - Adding key: http://localhost:18125 for channel [id: 0x27f790be, L:/127.0.0.1:54726 - R:localhost/127.0.0.1:18125]
23:01:45.321 [Forwarding getElementTagName on session 06fff56d0572ea49e684225747216643 to remote] DEBUG org.asynchttpclient.netty.request.NettyRequestSender - Using pooled Channel '[id: 0x27f790be, L:/127.0.0.1:54726 - R:localhost/127.0.0.1:18125]' for 'GET' to 'http://localhost:18125/session/06fff56d0572ea49e684225747216643/element/37621BBC0D2CBB257CD217ADC0C21A3B_element_12/name'
23:01:45.321 [Forwarding getElementTagName on session 06fff56d0572ea49e684225747216643 to remote] DEBUG org.asynchttpclient.netty.request.NettyRequestSender - Using open Channel [id: 0x27f790be, L:/127.0.0.1:54726 - R:localhost/127.0.0.1:18125] for GET '/session/06fff56d0572ea49e684225747216643/element/37621BBC0D2CBB257CD217ADC0C21A3B_element_12/name'
23:01:45.327 [AsyncHttpClient-1-17] DEBUG org.asynchttpclient.netty.handler.HttpHandler - 

Request DefaultFullHttpRequest(decodeResult: success, version: HTTP/1.1, content: EmptyByteBufBE)
GET /session/06fff56d0572ea49e684225747216643/element/37621BBC0D2CBB257CD217ADC0C21A3B_element_12/name HTTP/1.1
User-Agent: selenium/4.8.1 (java windows)
Cache-Control: no-cache
Content-Type: application/json; charset=utf-8
host: localhost:18125
accept: */*

Response DefaultHttpResponse(decodeResult: success, version: HTTP/1.1)
HTTP/1.1 200 OK
Content-Length: 18
Content-Type: application/json; charset=utf-8
cache-control: no-cache

23:01:45.327 [AsyncHttpClient-1-17] DEBUG org.asynchttpclient.netty.channel.ChannelManager - Adding key: http://localhost:18125 for channel [id: 0x27f790be, L:/127.0.0.1:54726 - R:localhost/127.0.0.1:18125]
23:01:45.328 [Forwarding getElementTagName on session 06fff56d0572ea49e684225747216643 to remote] DEBUG org.asynchttpclient.netty.request.NettyRequestSender - Using pooled Channel '[id: 0x27f790be, L:/127.0.0.1:54726 - R:localhost/127.0.0.1:18125]' for 'GET' to 'http://localhost:18125/session/06fff56d0572ea49e684225747216643/element/37621BBC0D2CBB257CD217ADC0C21A3B_element_12/name'
23:01:45.328 [Forwarding getElementTagName on session 06fff56d0572ea49e684225747216643 to remote] DEBUG org.asynchttpclient.netty.request.NettyRequestSender - Using open Channel [id: 0x27f790be, L:/127.0.0.1:54726 - R:localhost/127.0.0.1:18125] for GET '/session/06fff56d0572ea49e684225747216643/element/37621BBC0D2CBB257CD217ADC0C21A3B_element_12/name'
23:01:45.335 [AsyncHttpClient-1-17] DEBUG org.asynchttpclient.netty.handler.HttpHandler - 

Request DefaultFullHttpRequest(decodeResult: success, version: HTTP/1.1, content: EmptyByteBufBE)
GET /session/06fff56d0572ea49e684225747216643/element/37621BBC0D2CBB257CD217ADC0C21A3B_element_12/name HTTP/1.1
User-Agent: selenium/4.8.1 (java windows)
Cache-Control: no-cache
Content-Type: application/json; charset=utf-8
host: localhost:18125
accept: */*

Response DefaultHttpResponse(decodeResult: success, version: HTTP/1.1)
HTTP/1.1 200 OK
Content-Length: 18
Content-Type: application/json; charset=utf-8
cache-control: no-cache

23:01:45.335 [AsyncHttpClient-1-17] DEBUG org.asynchttpclient.netty.channel.ChannelManager - Adding key: http://localhost:18125 for channel [id: 0x27f790be, L:/127.0.0.1:54726 - R:localhost/127.0.0.1:18125]
23:01:45.337 [Forwarding isElementEnabled on session 06fff56d0572ea49e684225747216643 to remote] DEBUG org.asynchttpclient.netty.request.NettyRequestSender - Using pooled Channel '[id: 0x27f790be, L:/127.0.0.1:54726 - R:localhost/127.0.0.1:18125]' for 'GET' to 'http://localhost:18125/session/06fff56d0572ea49e684225747216643/element/37621BBC0D2CBB257CD217ADC0C21A3B_element_12/enabled'
23:01:45.337 [Forwarding isElementEnabled on session 06fff56d0572ea49e684225747216643 to remote] DEBUG org.asynchttpclient.netty.request.NettyRequestSender - Using open Channel [id: 0x27f790be, L:/127.0.0.1:54726 - R:localhost/127.0.0.1:18125] for GET '/session/06fff56d0572ea49e684225747216643/element/37621BBC0D2CBB257CD217ADC0C21A3B_element_12/enabled'
23:01:45.348 [AsyncHttpClient-1-17] DEBUG org.asynchttpclient.netty.handler.HttpHandler - 

Request DefaultFullHttpRequest(decodeResult: success, version: HTTP/1.1, content: EmptyByteBufBE)
GET /session/06fff56d0572ea49e684225747216643/element/37621BBC0D2CBB257CD217ADC0C21A3B_element_12/enabled HTTP/1.1
User-Agent: selenium/4.8.1 (java windows)
Cache-Control: no-cache
Content-Type: application/json; charset=utf-8
host: localhost:18125
accept: */*

Response DefaultHttpResponse(decodeResult: success, version: HTTP/1.1)
HTTP/1.1 200 OK
Content-Length: 14
Content-Type: application/json; charset=utf-8
cache-control: no-cache

23:01:45.348 [AsyncHttpClient-1-17] DEBUG org.asynchttpclient.netty.channel.ChannelManager - Adding key: http://localhost:18125 for channel [id: 0x27f790be, L:/127.0.0.1:54726 - R:localhost/127.0.0.1:18125]
23:01:45.348 [Forwarding isElementEnabled on session 06fff56d0572ea49e684225747216643 to remote] DEBUG org.asynchttpclient.netty.request.NettyRequestSender - Using pooled Channel '[id: 0x27f790be, L:/127.0.0.1:54726 - R:localhost/127.0.0.1:18125]' for 'GET' to 'http://localhost:18125/session/06fff56d0572ea49e684225747216643/element/37621BBC0D2CBB257CD217ADC0C21A3B_element_12/enabled'
23:01:45.349 [Forwarding isElementEnabled on session 06fff56d0572ea49e684225747216643 to remote] DEBUG org.asynchttpclient.netty.request.NettyRequestSender - Using open Channel [id: 0x27f790be, L:/127.0.0.1:54726 - R:localhost/127.0.0.1:18125] for GET '/session/06fff56d0572ea49e684225747216643/element/37621BBC0D2CBB257CD217ADC0C21A3B_element_12/enabled'
23:01:45.359 [AsyncHttpClient-1-17] DEBUG org.asynchttpclient.netty.handler.HttpHandler - 

Request DefaultFullHttpRequest(decodeResult: success, version: HTTP/1.1, content: EmptyByteBufBE)
GET /session/06fff56d0572ea49e684225747216643/element/37621BBC0D2CBB257CD217ADC0C21A3B_element_12/enabled HTTP/1.1
User-Agent: selenium/4.8.1 (java windows)
Cache-Control: no-cache
Content-Type: application/json; charset=utf-8
host: localhost:18125
accept: */*

Response DefaultHttpResponse(decodeResult: success, version: HTTP/1.1)
HTTP/1.1 200 OK
Content-Length: 14
Content-Type: application/json; charset=utf-8
cache-control: no-cache

23:01:45.359 [AsyncHttpClient-1-17] DEBUG org.asynchttpclient.netty.channel.ChannelManager - Adding key: http://localhost:18125 for channel [id: 0x27f790be, L:/127.0.0.1:54726 - R:localhost/127.0.0.1:18125]
23:01:45.361 [Forwarding findElement on session 06fff56d0572ea49e684225747216643 to remote] DEBUG org.asynchttpclient.netty.request.NettyRequestSender - Using pooled Channel '[id: 0x27f790be, L:/127.0.0.1:54726 - R:localhost/127.0.0.1:18125]' for 'POST' to 'http://localhost:18125/session/06fff56d0572ea49e684225747216643/element'
23:01:45.361 [Forwarding findElement on session 06fff56d0572ea49e684225747216643 to remote] DEBUG org.asynchttpclient.netty.request.NettyRequestSender - Using open Channel [id: 0x27f790be, L:/127.0.0.1:54726 - R:localhost/127.0.0.1:18125] for POST '/session/06fff56d0572ea49e684225747216643/element'
23:01:45.376 [AsyncHttpClient-1-17] DEBUG org.asynchttpclient.netty.handler.HttpHandler - 

Request DefaultHttpRequest(decodeResult: success, version: HTTP/1.1)
POST /session/06fff56d0572ea49e684225747216643/element HTTP/1.1
User-Agent: selenium/4.8.1 (java windows)
Content-Length: 108
Content-Type: application/json; charset=utf-8
host: localhost:18125
accept: */*

Response DefaultHttpResponse(decodeResult: success, version: HTTP/1.1)
HTTP/1.1 200 OK
Content-Length: 95
Content-Type: application/json; charset=utf-8
cache-control: no-cache

23:01:45.376 [AsyncHttpClient-1-17] DEBUG org.asynchttpclient.netty.channel.ChannelManager - Adding key: http://localhost:18125 for channel [id: 0x27f790be, L:/127.0.0.1:54726 - R:localhost/127.0.0.1:18125]
23:01:45.377 [Forwarding clickElement on session 06fff56d0572ea49e684225747216643 to remote] DEBUG org.asynchttpclient.netty.request.NettyRequestSender - Using pooled Channel '[id: 0x27f790be, L:/127.0.0.1:54726 - R:localhost/127.0.0.1:18125]' for 'POST' to 'http://localhost:18125/session/06fff56d0572ea49e684225747216643/element/37621BBC0D2CBB257CD217ADC0C21A3B_element_12/click'
23:01:45.377 [Forwarding clickElement on session 06fff56d0572ea49e684225747216643 to remote] DEBUG org.asynchttpclient.netty.request.NettyRequestSender - Using open Channel [id: 0x27f790be, L:/127.0.0.1:54726 - R:localhost/127.0.0.1:18125] for POST '/session/06fff56d0572ea49e684225747216643/element/37621BBC0D2CBB257CD217ADC0C21A3B_element_12/click'
23:01:45.450 [AsyncHttpClient-1-17] DEBUG org.asynchttpclient.netty.handler.HttpHandler - 

Request DefaultHttpRequest(decodeResult: success, version: HTTP/1.1)
POST /session/06fff56d0572ea49e684225747216643/element/37621BBC0D2CBB257CD217ADC0C21A3B_element_12/click HTTP/1.1
User-Agent: selenium/4.8.1 (java windows)
Content-Length: 57
Content-Type: application/json; charset=utf-8
host: localhost:18125
accept: */*

Response DefaultHttpResponse(decodeResult: success, version: HTTP/1.1)
HTTP/1.1 200 OK
Content-Length: 14
Content-Type: application/json; charset=utf-8
cache-control: no-cache

23:01:45.450 [AsyncHttpClient-1-17] DEBUG org.asynchttpclient.netty.channel.ChannelManager - Adding key: http://localhost:18125 for channel [id: 0x27f790be, L:/127.0.0.1:54726 - R:localhost/127.0.0.1:18125]
23:01:45.457 [Forwarding getAlertText on session 06fff56d0572ea49e684225747216643 to remote] DEBUG org.asynchttpclient.netty.request.NettyRequestSender - Using pooled Channel '[id: 0x27f790be, L:/127.0.0.1:54726 - R:localhost/127.0.0.1:18125]' for 'GET' to 'http://localhost:18125/session/06fff56d0572ea49e684225747216643/alert/text'
23:01:45.457 [Forwarding getAlertText on session 06fff56d0572ea49e684225747216643 to remote] DEBUG org.asynchttpclient.netty.request.NettyRequestSender - Using open Channel [id: 0x27f790be, L:/127.0.0.1:54726 - R:localhost/127.0.0.1:18125] for GET '/session/06fff56d0572ea49e684225747216643/alert/text'
23:01:45.642 [AsyncHttpClient-1-17] DEBUG org.asynchttpclient.netty.handler.HttpHandler - 

Request DefaultFullHttpRequest(decodeResult: success, version: HTTP/1.1, content: EmptyByteBufBE)
GET /session/06fff56d0572ea49e684225747216643/alert/text HTTP/1.1
User-Agent: selenium/4.8.1 (java windows)
Cache-Control: no-cache
Content-Type: application/json; charset=utf-8
host: localhost:18125
accept: */*

Response DefaultHttpResponse(decodeResult: success, version: HTTP/1.1)
HTTP/1.1 404 Not Found
Content-Length: 820
Content-Type: application/json; charset=utf-8
cache-control: no-cache

23:01:45.642 [AsyncHttpClient-1-17] DEBUG org.asynchttpclient.netty.channel.ChannelManager - Adding key: http://localhost:18125 for channel [id: 0x27f790be, L:/127.0.0.1:54726 - R:localhost/127.0.0.1:18125]
23:01:45.643 [Forwarding getCurrentUrl on session 06fff56d0572ea49e684225747216643 to remote] DEBUG org.asynchttpclient.netty.request.NettyRequestSender - Using pooled Channel '[id: 0x27f790be, L:/127.0.0.1:54726 - R:localhost/127.0.0.1:18125]' for 'GET' to 'http://localhost:18125/session/06fff56d0572ea49e684225747216643/url'
23:01:45.643 [Forwarding getCurrentUrl on session 06fff56d0572ea49e684225747216643 to remote] DEBUG org.asynchttpclient.netty.request.NettyRequestSender - Using open Channel [id: 0x27f790be, L:/127.0.0.1:54726 - R:localhost/127.0.0.1:18125] for GET '/session/06fff56d0572ea49e684225747216643/url'
23:01:45.653 [AsyncHttpClient-1-17] DEBUG org.asynchttpclient.netty.handler.HttpHandler - 

Request DefaultFullHttpRequest(decodeResult: success, version: HTTP/1.1, content: EmptyByteBufBE)
GET /session/06fff56d0572ea49e684225747216643/url HTTP/1.1
User-Agent: selenium/4.8.1 (java windows)
Cache-Control: no-cache
Content-Type: application/json; charset=utf-8
host: localhost:18125
accept: */*

Response DefaultHttpResponse(decodeResult: success, version: HTTP/1.1)
HTTP/1.1 200 OK
Content-Length: 46
Content-Type: application/json; charset=utf-8
cache-control: no-cache

23:01:45.653 [AsyncHttpClient-1-17] DEBUG org.asynchttpclient.netty.channel.ChannelManager - Adding key: http://localhost:18125 for channel [id: 0x27f790be, L:/127.0.0.1:54726 - R:localhost/127.0.0.1:18125]
23:01:45.654 [Forwarding screenshot on session 06fff56d0572ea49e684225747216643 to remote] DEBUG org.asynchttpclient.netty.request.NettyRequestSender - Using pooled Channel '[id: 0x27f790be, L:/127.0.0.1:54726 - R:localhost/127.0.0.1:18125]' for 'GET' to 'http://localhost:18125/session/06fff56d0572ea49e684225747216643/screenshot'
23:01:45.654 [Forwarding screenshot on session 06fff56d0572ea49e684225747216643 to remote] DEBUG org.asynchttpclient.netty.request.NettyRequestSender - Using open Channel [id: 0x27f790be, L:/127.0.0.1:54726 - R:localhost/127.0.0.1:18125] for GET '/session/06fff56d0572ea49e684225747216643/screenshot'
23:01:45.997 [AsyncHttpClient-1-1] DEBUG org.asynchttpclient.netty.channel.DefaultChannelPool - Entry count for : http://localhost:54727 : 1
23:01:46.065 [AsyncHttpClient-1-17] DEBUG org.asynchttpclient.netty.handler.HttpHandler - 

Request DefaultFullHttpRequest(decodeResult: success, version: HTTP/1.1, content: EmptyByteBufBE)
GET /session/06fff56d0572ea49e684225747216643/screenshot HTTP/1.1
User-Agent: selenium/4.8.1 (java windows)
Cache-Control: no-cache
Content-Type: application/json; charset=utf-8
host: localhost:18125
accept: */*

Response DefaultHttpResponse(decodeResult: success, version: HTTP/1.1)
HTTP/1.1 200 OK
Content-Length: 39004
Content-Type: application/json; charset=utf-8
cache-control: no-cache

23:01:46.065 [AsyncHttpClient-1-17] DEBUG org.asynchttpclient.netty.channel.ChannelManager - Adding key: http://localhost:18125 for channel [id: 0x27f790be, L:/127.0.0.1:54726 - R:localhost/127.0.0.1:18125]
23:01:46.070 [main] DEBUG net.serenitybdd.core.photography.Darkroom - Send negative for processing for target\site\serenity\29ed5a21b106eaefd390675c079f41854ef3e19f8152847e1b899d7c23fcdcbe.png
23:01:46.070 [main] DEBUG net.thucydides.core.steps.StepInterceptor - STEP DONE: validateGoToOrderPage
23:01:46.070 [Darkroom Processing Line] DEBUG net.serenitybdd.core.photography.DarkroomProcessingLine - Processing screenshot image in /var/screenshots/screenshot-1972638963851483887
23:01:46.070 [Darkroom Processing Line] DEBUG net.serenitybdd.core.photography.DarkroomProcessingLine - Saving screenshot to target\site\serenity\29ed5a21b106eaefd390675c079f41854ef3e19f8152847e1b899d7c23fcdcbe.png
  &amp#27;[32mAnd &amp#27;[0m&amp#27;[32mI go to the order page&amp#27;[0m                     &amp#27;[90m# starter.stepdefinitions.OrderSteps.onTheOrderPage()&amp#27;[0m
23:01:46.087 [Forwarding getPageSource on session 06fff56d0572ea49e684225747216643 to remote] DEBUG org.asynchttpclient.netty.request.NettyRequestSender - Using pooled Channel '[id: 0x27f790be, L:/127.0.0.1:54726 - R:localhost/127.0.0.1:18125]' for 'POST' to 'http://localhost:18125/session/06fff56d0572ea49e684225747216643/execute/sync'
23:01:46.087 [Forwarding getPageSource on session 06fff56d0572ea49e684225747216643 to remote] DEBUG org.asynchttpclient.netty.request.NettyRequestSender - Using open Channel [id: 0x27f790be, L:/127.0.0.1:54726 - R:localhost/127.0.0.1:18125] for POST '/session/06fff56d0572ea49e684225747216643/execute/sync'
23:01:46.105 [AsyncHttpClient-1-17] DEBUG org.asynchttpclient.netty.handler.HttpHandler - 

Request DefaultHttpRequest(decodeResult: success, version: HTTP/1.1)
POST /session/06fff56d0572ea49e684225747216643/execute/sync HTTP/1.1
User-Agent: selenium/4.8.1 (java windows)
Content-Length: 176
Content-Type: application/json; charset=utf-8
host: localhost:18125
accept: */*

Response DefaultHttpResponse(decodeResult: success, version: HTTP/1.1)
HTTP/1.1 200 OK
Content-Length: 21702
Content-Type: application/json; charset=utf-8
cache-control: no-cache

23:01:46.105 [AsyncHttpClient-1-17] DEBUG org.asynchttpclient.netty.channel.ChannelManager - Adding key: http://localhost:18125 for channel [id: 0x27f790be, L:/127.0.0.1:54726 - R:localhost/127.0.0.1:18125]
23:01:46.117 [Forwarding getCurrentUrl on session 06fff56d0572ea49e684225747216643 to remote] DEBUG org.asynchttpclient.netty.request.NettyRequestSender - Using pooled Channel '[id: 0x27f790be, L:/127.0.0.1:54726 - R:localhost/127.0.0.1:18125]' for 'GET' to 'http://localhost:18125/session/06fff56d0572ea49e684225747216643/url'
23:01:46.117 [Forwarding getCurrentUrl on session 06fff56d0572ea49e684225747216643 to remote] DEBUG org.asynchttpclient.netty.request.NettyRequestSender - Using open Channel [id: 0x27f790be, L:/127.0.0.1:54726 - R:localhost/127.0.0.1:18125] for GET '/session/06fff56d0572ea49e684225747216643/url'
23:01:46.130 [AsyncHttpClient-1-17] DEBUG org.asynchttpclient.netty.handler.HttpHandler - 

Request DefaultFullHttpRequest(decodeResult: success, version: HTTP/1.1, content: EmptyByteBufBE)
GET /session/06fff56d0572ea49e684225747216643/url HTTP/1.1
User-Agent: selenium/4.8.1 (java windows)
Cache-Control: no-cache
Content-Type: application/json; charset=utf-8
host: localhost:18125
accept: */*

Response DefaultHttpResponse(decodeResult: success, version: HTTP/1.1)
HTTP/1.1 200 OK
Content-Length: 46
Content-Type: application/json; charset=utf-8
cache-control: no-cache

23:01:46.130 [AsyncHttpClient-1-17] DEBUG org.asynchttpclient.netty.channel.ChannelManager - Adding key: http://localhost:18125 for channel [id: 0x27f790be, L:/127.0.0.1:54726 - R:localhost/127.0.0.1:18125]
23:01:46.147 [Forwarding getAlertText on session 06fff56d0572ea49e684225747216643 to remote] DEBUG org.asynchttpclient.netty.request.NettyRequestSender - Using pooled Channel '[id: 0x27f790be, L:/127.0.0.1:54726 - R:localhost/127.0.0.1:18125]' for 'GET' to 'http://localhost:18125/session/06fff56d0572ea49e684225747216643/alert/text'
23:01:46.147 [Forwarding getAlertText on session 06fff56d0572ea49e684225747216643 to remote] DEBUG org.asynchttpclient.netty.request.NettyRequestSender - Using open Channel [id: 0x27f790be, L:/127.0.0.1:54726 - R:localhost/127.0.0.1:18125] for GET '/session/06fff56d0572ea49e684225747216643/alert/text'
23:01:46.151 [AsyncHttpClient-1-17] DEBUG org.asynchttpclient.netty.handler.HttpHandler - 

Request DefaultFullHttpRequest(decodeResult: success, version: HTTP/1.1, content: EmptyByteBufBE)
GET /session/06fff56d0572ea49e684225747216643/alert/text HTTP/1.1
User-Agent: selenium/4.8.1 (java windows)
Cache-Control: no-cache
Content-Type: application/json; charset=utf-8
host: localhost:18125
accept: */*

Response DefaultHttpResponse(decodeResult: success, version: HTTP/1.1)
HTTP/1.1 404 Not Found
Content-Length: 820
Content-Type: application/json; charset=utf-8
cache-control: no-cache

23:01:46.151 [AsyncHttpClient-1-17] DEBUG org.asynchttpclient.netty.channel.ChannelManager - Adding key: http://localhost:18125 for channel [id: 0x27f790be, L:/127.0.0.1:54726 - R:localhost/127.0.0.1:18125]
23:01:46.152 [Forwarding getCurrentUrl on session 06fff56d0572ea49e684225747216643 to remote] DEBUG org.asynchttpclient.netty.request.NettyRequestSender - Using pooled Channel '[id: 0x27f790be, L:/127.0.0.1:54726 - R:localhost/127.0.0.1:18125]' for 'GET' to 'http://localhost:18125/session/06fff56d0572ea49e684225747216643/url'
23:01:46.152 [Forwarding getCurrentUrl on session 06fff56d0572ea49e684225747216643 to remote] DEBUG org.asynchttpclient.netty.request.NettyRequestSender - Using open Channel [id: 0x27f790be, L:/127.0.0.1:54726 - R:localhost/127.0.0.1:18125] for GET '/session/06fff56d0572ea49e684225747216643/url'
23:01:46.166 [AsyncHttpClient-1-17] DEBUG org.asynchttpclient.netty.handler.HttpHandler - 

Request DefaultFullHttpRequest(decodeResult: success, version: HTTP/1.1, content: EmptyByteBufBE)
GET /session/06fff56d0572ea49e684225747216643/url HTTP/1.1
User-Agent: selenium/4.8.1 (java windows)
Cache-Control: no-cache
Content-Type: application/json; charset=utf-8
host: localhost:18125
accept: */*

Response DefaultHttpResponse(decodeResult: success, version: HTTP/1.1)
HTTP/1.1 200 OK
Content-Length: 46
Content-Type: application/json; charset=utf-8
cache-control: no-cache

23:01:46.166 [AsyncHttpClient-1-17] DEBUG org.asynchttpclient.netty.channel.ChannelManager - Adding key: http://localhost:18125 for channel [id: 0x27f790be, L:/127.0.0.1:54726 - R:localhost/127.0.0.1:18125]
23:01:46.167 [Forwarding screenshot on session 06fff56d0572ea49e684225747216643 to remote] DEBUG org.asynchttpclient.netty.request.NettyRequestSender - Using pooled Channel '[id: 0x27f790be, L:/127.0.0.1:54726 - R:localhost/127.0.0.1:18125]' for 'GET' to 'http://localhost:18125/session/06fff56d0572ea49e684225747216643/screenshot'
23:01:46.167 [Forwarding screenshot on session 06fff56d0572ea49e684225747216643 to remote] DEBUG org.asynchttpclient.netty.request.NettyRequestSender - Using open Channel [id: 0x27f790be, L:/127.0.0.1:54726 - R:localhost/127.0.0.1:18125] for GET '/session/06fff56d0572ea49e684225747216643/screenshot'
23:01:46.333 [AsyncHttpClient-1-17] DEBUG org.asynchttpclient.netty.handler.HttpHandler - 

Request DefaultFullHttpRequest(decodeResult: success, version: HTTP/1.1, content: EmptyByteBufBE)
GET /session/06fff56d0572ea49e684225747216643/screenshot HTTP/1.1
User-Agent: selenium/4.8.1 (java windows)
Cache-Control: no-cache
Content-Type: application/json; charset=utf-8
host: localhost:18125
accept: */*

Response DefaultHttpResponse(decodeResult: success, version: HTTP/1.1)
HTTP/1.1 200 OK
Content-Length: 38660
Content-Type: application/json; charset=utf-8
cache-control: no-cache

23:01:46.333 [AsyncHttpClient-1-17] DEBUG org.asynchttpclient.netty.channel.ChannelManager - Adding key: http://localhost:18125 for channel [id: 0x27f790be, L:/127.0.0.1:54726 - R:localhost/127.0.0.1:18125]
23:01:46.334 [main] DEBUG net.serenitybdd.core.photography.Darkroom - Send negative for processing for target\site\serenity\3146fe92f473834e727cb25b8b3a199e0d9dae3b6bf9d2f3d69776ed11cdea9e.png
23:01:46.335 [Darkroom Processing Line] DEBUG net.serenitybdd.core.photography.DarkroomProcessingLine - Processing screenshot image in /var/screenshots/screenshot-3406139880965650429
23:01:46.335 [Darkroom Processing Line] DEBUG net.serenitybdd.core.photography.DarkroomProcessingLine - Saving screenshot to target\site\serenity\3146fe92f473834e727cb25b8b3a199e0d9dae3b6bf9d2f3d69776ed11cdea9e.png
23:01:46.335 [Forwarding getPageSource on session 06fff56d0572ea49e684225747216643 to remote] DEBUG org.asynchttpclient.netty.request.NettyRequestSender - Using pooled Channel '[id: 0x27f790be, L:/127.0.0.1:54726 - R:localhost/127.0.0.1:18125]' for 'POST' to 'http://localhost:18125/session/06fff56d0572ea49e684225747216643/execute/sync'
23:01:46.335 [Forwarding getPageSource on session 06fff56d0572ea49e684225747216643 to remote] DEBUG org.asynchttpclient.netty.request.NettyRequestSender - Using open Channel [id: 0x27f790be, L:/127.0.0.1:54726 - R:localhost/127.0.0.1:18125] for POST '/session/06fff56d0572ea49e684225747216643/execute/sync'
23:01:46.343 [AsyncHttpClient-1-17] DEBUG org.asynchttpclient.netty.handler.HttpHandler - 

Request DefaultHttpRequest(decodeResult: success, version: HTTP/1.1)
POST /session/06fff56d0572ea49e684225747216643/execute/sync HTTP/1.1
User-Agent: selenium/4.8.1 (java windows)
Content-Length: 176
Content-Type: application/json; charset=utf-8
host: localhost:18125
accept: */*

Response DefaultHttpResponse(decodeResult: success, version: HTTP/1.1)
HTTP/1.1 200 OK
Content-Length: 21702
Content-Type: application/json; charset=utf-8
cache-control: no-cache

23:01:46.343 [AsyncHttpClient-1-17] DEBUG org.asynchttpclient.netty.channel.ChannelManager - Adding key: http://localhost:18125 for channel [id: 0x27f790be, L:/127.0.0.1:54726 - R:localhost/127.0.0.1:18125]
23:01:46.346 [Forwarding getCurrentUrl on session 06fff56d0572ea49e684225747216643 to remote] DEBUG org.asynchttpclient.netty.request.NettyRequestSender - Using pooled Channel '[id: 0x27f790be, L:/127.0.0.1:54726 - R:localhost/127.0.0.1:18125]' for 'GET' to 'http://localhost:18125/session/06fff56d0572ea49e684225747216643/url'
23:01:46.346 [Forwarding getCurrentUrl on session 06fff56d0572ea49e684225747216643 to remote] DEBUG org.asynchttpclient.netty.request.NettyRequestSender - Using open Channel [id: 0x27f790be, L:/127.0.0.1:54726 - R:localhost/127.0.0.1:18125] for GET '/session/06fff56d0572ea49e684225747216643/url'
23:01:46.352 [AsyncHttpClient-1-17] DEBUG org.asynchttpclient.netty.handler.HttpHandler - 

Request DefaultFullHttpRequest(decodeResult: success, version: HTTP/1.1, content: EmptyByteBufBE)
GET /session/06fff56d0572ea49e684225747216643/url HTTP/1.1
User-Agent: selenium/4.8.1 (java windows)
Cache-Control: no-cache
Content-Type: application/json; charset=utf-8
host: localhost:18125
accept: */*

Response DefaultHttpResponse(decodeResult: success, version: HTTP/1.1)
HTTP/1.1 200 OK
Content-Length: 46
Content-Type: application/json; charset=utf-8
cache-control: no-cache

23:01:46.352 [AsyncHttpClient-1-17] DEBUG org.asynchttpclient.netty.channel.ChannelManager - Adding key: http://localhost:18125 for channel [id: 0x27f790be, L:/127.0.0.1:54726 - R:localhost/127.0.0.1:18125]
23:01:46.353 [main] DEBUG net.thucydides.core.steps.StepInterceptor - STARTING STEP: OrderSteps.clickAddQuantityButton - clickAddQuantity
23:01:46.355 [Forwarding findElement on session 06fff56d0572ea49e684225747216643 to remote] DEBUG org.asynchttpclient.netty.request.NettyRequestSender - Using pooled Channel '[id: 0x27f790be, L:/127.0.0.1:54726 - R:localhost/127.0.0.1:18125]' for 'POST' to 'http://localhost:18125/session/06fff56d0572ea49e684225747216643/element'
23:01:46.355 [Forwarding findElement on session 06fff56d0572ea49e684225747216643 to remote] DEBUG org.asynchttpclient.netty.request.NettyRequestSender - Using open Channel [id: 0x27f790be, L:/127.0.0.1:54726 - R:localhost/127.0.0.1:18125] for POST '/session/06fff56d0572ea49e684225747216643/element'
23:01:46.370 [AsyncHttpClient-1-17] DEBUG org.asynchttpclient.netty.handler.HttpHandler - 

Request DefaultHttpRequest(decodeResult: success, version: HTTP/1.1)
POST /session/06fff56d0572ea49e684225747216643/element HTTP/1.1
User-Agent: selenium/4.8.1 (java windows)
Content-Length: 98
Content-Type: application/json; charset=utf-8
host: localhost:18125
accept: */*

Response DefaultHttpResponse(decodeResult: success, version: HTTP/1.1)
HTTP/1.1 200 OK
Content-Length: 95
Content-Type: application/json; charset=utf-8
cache-control: no-cache

23:01:46.370 [AsyncHttpClient-1-17] DEBUG org.asynchttpclient.netty.channel.ChannelManager - Adding key: http://localhost:18125 for channel [id: 0x27f790be, L:/127.0.0.1:54726 - R:localhost/127.0.0.1:18125]
23:01:46.371 [Forwarding getElementTagName on session 06fff56d0572ea49e684225747216643 to remote] DEBUG org.asynchttpclient.netty.request.NettyRequestSender - Using pooled Channel '[id: 0x27f790be, L:/127.0.0.1:54726 - R:localhost/127.0.0.1:18125]' for 'GET' to 'http://localhost:18125/session/06fff56d0572ea49e684225747216643/element/37621BBC0D2CBB257CD217ADC0C21A3B_element_13/name'
23:01:46.371 [Forwarding getElementTagName on session 06fff56d0572ea49e684225747216643 to remote] DEBUG org.asynchttpclient.netty.request.NettyRequestSender - Using open Channel [id: 0x27f790be, L:/127.0.0.1:54726 - R:localhost/127.0.0.1:18125] for GET '/session/06fff56d0572ea49e684225747216643/element/37621BBC0D2CBB257CD217ADC0C21A3B_element_13/name'
23:01:46.381 [AsyncHttpClient-1-17] DEBUG org.asynchttpclient.netty.handler.HttpHandler - 

Request DefaultFullHttpRequest(decodeResult: success, version: HTTP/1.1, content: EmptyByteBufBE)
GET /session/06fff56d0572ea49e684225747216643/element/37621BBC0D2CBB257CD217ADC0C21A3B_element_13/name HTTP/1.1
User-Agent: selenium/4.8.1 (java windows)
Cache-Control: no-cache
Content-Type: application/json; charset=utf-8
host: localhost:18125
accept: */*

Response DefaultHttpResponse(decodeResult: success, version: HTTP/1.1)
HTTP/1.1 200 OK
Content-Length: 18
Content-Type: application/json; charset=utf-8
cache-control: no-cache

23:01:46.381 [AsyncHttpClient-1-17] DEBUG org.asynchttpclient.netty.channel.ChannelManager - Adding key: http://localhost:18125 for channel [id: 0x27f790be, L:/127.0.0.1:54726 - R:localhost/127.0.0.1:18125]
23:01:46.381 [Forwarding getElementTagName on session 06fff56d0572ea49e684225747216643 to remote] DEBUG org.asynchttpclient.netty.request.NettyRequestSender - Using pooled Channel '[id: 0x27f790be, L:/127.0.0.1:54726 - R:localhost/127.0.0.1:18125]' for 'GET' to 'http://localhost:18125/session/06fff56d0572ea49e684225747216643/element/37621BBC0D2CBB257CD217ADC0C21A3B_element_13/name'
23:01:46.382 [Forwarding getElementTagName on session 06fff56d0572ea49e684225747216643 to remote] DEBUG org.asynchttpclient.netty.request.NettyRequestSender - Using open Channel [id: 0x27f790be, L:/127.0.0.1:54726 - R:localhost/127.0.0.1:18125] for GET '/session/06fff56d0572ea49e684225747216643/element/37621BBC0D2CBB257CD217ADC0C21A3B_element_13/name'
23:01:46.390 [AsyncHttpClient-1-17] DEBUG org.asynchttpclient.netty.handler.HttpHandler - 

Request DefaultFullHttpRequest(decodeResult: success, version: HTTP/1.1, content: EmptyByteBufBE)
GET /session/06fff56d0572ea49e684225747216643/element/37621BBC0D2CBB257CD217ADC0C21A3B_element_13/name HTTP/1.1
User-Agent: selenium/4.8.1 (java windows)
Cache-Control: no-cache
Content-Type: application/json; charset=utf-8
host: localhost:18125
accept: */*

Response DefaultHttpResponse(decodeResult: success, version: HTTP/1.1)
HTTP/1.1 200 OK
Content-Length: 18
Content-Type: application/json; charset=utf-8
cache-control: no-cache

23:01:46.390 [AsyncHttpClient-1-17] DEBUG org.asynchttpclient.netty.channel.ChannelManager - Adding key: http://localhost:18125 for channel [id: 0x27f790be, L:/127.0.0.1:54726 - R:localhost/127.0.0.1:18125]
23:01:46.391 [Forwarding isElementEnabled on session 06fff56d0572ea49e684225747216643 to remote] DEBUG org.asynchttpclient.netty.request.NettyRequestSender - Using pooled Channel '[id: 0x27f790be, L:/127.0.0.1:54726 - R:localhost/127.0.0.1:18125]' for 'GET' to 'http://localhost:18125/session/06fff56d0572ea49e684225747216643/element/37621BBC0D2CBB257CD217ADC0C21A3B_element_13/enabled'
23:01:46.391 [Forwarding isElementEnabled on session 06fff56d0572ea49e684225747216643 to remote] DEBUG org.asynchttpclient.netty.request.NettyRequestSender - Using open Channel [id: 0x27f790be, L:/127.0.0.1:54726 - R:localhost/127.0.0.1:18125] for GET '/session/06fff56d0572ea49e684225747216643/element/37621BBC0D2CBB257CD217ADC0C21A3B_element_13/enabled'
23:01:46.402 [AsyncHttpClient-1-17] DEBUG org.asynchttpclient.netty.handler.HttpHandler - 

Request DefaultFullHttpRequest(decodeResult: success, version: HTTP/1.1, content: EmptyByteBufBE)
GET /session/06fff56d0572ea49e684225747216643/element/37621BBC0D2CBB257CD217ADC0C21A3B_element_13/enabled HTTP/1.1
User-Agent: selenium/4.8.1 (java windows)
Cache-Control: no-cache
Content-Type: application/json; charset=utf-8
host: localhost:18125
accept: */*

Response DefaultHttpResponse(decodeResult: success, version: HTTP/1.1)
HTTP/1.1 200 OK
Content-Length: 14
Content-Type: application/json; charset=utf-8
cache-control: no-cache

23:01:46.402 [AsyncHttpClient-1-17] DEBUG org.asynchttpclient.netty.channel.ChannelManager - Adding key: http://localhost:18125 for channel [id: 0x27f790be, L:/127.0.0.1:54726 - R:localhost/127.0.0.1:18125]
23:01:46.403 [Forwarding isElementEnabled on session 06fff56d0572ea49e684225747216643 to remote] DEBUG org.asynchttpclient.netty.request.NettyRequestSender - Using pooled Channel '[id: 0x27f790be, L:/127.0.0.1:54726 - R:localhost/127.0.0.1:18125]' for 'GET' to 'http://localhost:18125/session/06fff56d0572ea49e684225747216643/element/37621BBC0D2CBB257CD217ADC0C21A3B_element_13/enabled'
23:01:46.403 [Forwarding isElementEnabled on session 06fff56d0572ea49e684225747216643 to remote] DEBUG org.asynchttpclient.netty.request.NettyRequestSender - Using open Channel [id: 0x27f790be, L:/127.0.0.1:54726 - R:localhost/127.0.0.1:18125] for GET '/session/06fff56d0572ea49e684225747216643/element/37621BBC0D2CBB257CD217ADC0C21A3B_element_13/enabled'
23:01:46.414 [AsyncHttpClient-1-17] DEBUG org.asynchttpclient.netty.handler.HttpHandler - 

Request DefaultFullHttpRequest(decodeResult: success, version: HTTP/1.1, content: EmptyByteBufBE)
GET /session/06fff56d0572ea49e684225747216643/element/37621BBC0D2CBB257CD217ADC0C21A3B_element_13/enabled HTTP/1.1
User-Agent: selenium/4.8.1 (java windows)
Cache-Control: no-cache
Content-Type: application/json; charset=utf-8
host: localhost:18125
accept: */*

Response DefaultHttpResponse(decodeResult: success, version: HTTP/1.1)
HTTP/1.1 200 OK
Content-Length: 14
Content-Type: application/json; charset=utf-8
cache-control: no-cache

23:01:46.414 [AsyncHttpClient-1-17] DEBUG org.asynchttpclient.netty.channel.ChannelManager - Adding key: http://localhost:18125 for channel [id: 0x27f790be, L:/127.0.0.1:54726 - R:localhost/127.0.0.1:18125]
23:01:46.415 [Forwarding findElement on session 06fff56d0572ea49e684225747216643 to remote] DEBUG org.asynchttpclient.netty.request.NettyRequestSender - Using pooled Channel '[id: 0x27f790be, L:/127.0.0.1:54726 - R:localhost/127.0.0.1:18125]' for 'POST' to 'http://localhost:18125/session/06fff56d0572ea49e684225747216643/element'
23:01:46.415 [Forwarding findElement on session 06fff56d0572ea49e684225747216643 to remote] DEBUG org.asynchttpclient.netty.request.NettyRequestSender - Using open Channel [id: 0x27f790be, L:/127.0.0.1:54726 - R:localhost/127.0.0.1:18125] for POST '/session/06fff56d0572ea49e684225747216643/element'
23:01:46.424 [AsyncHttpClient-1-17] DEBUG org.asynchttpclient.netty.handler.HttpHandler - 

Request DefaultHttpRequest(decodeResult: success, version: HTTP/1.1)
POST /session/06fff56d0572ea49e684225747216643/element HTTP/1.1
User-Agent: selenium/4.8.1 (java windows)
Content-Length: 98
Content-Type: application/json; charset=utf-8
host: localhost:18125
accept: */*

Response DefaultHttpResponse(decodeResult: success, version: HTTP/1.1)
HTTP/1.1 200 OK
Content-Length: 95
Content-Type: application/json; charset=utf-8
cache-control: no-cache

23:01:46.424 [AsyncHttpClient-1-17] DEBUG org.asynchttpclient.netty.channel.ChannelManager - Adding key: http://localhost:18125 for channel [id: 0x27f790be, L:/127.0.0.1:54726 - R:localhost/127.0.0.1:18125]
23:01:46.425 [Forwarding clickElement on session 06fff56d0572ea49e684225747216643 to remote] DEBUG org.asynchttpclient.netty.request.NettyRequestSender - Using pooled Channel '[id: 0x27f790be, L:/127.0.0.1:54726 - R:localhost/127.0.0.1:18125]' for 'POST' to 'http://localhost:18125/session/06fff56d0572ea49e684225747216643/element/37621BBC0D2CBB257CD217ADC0C21A3B_element_13/click'
23:01:46.425 [Forwarding clickElement on session 06fff56d0572ea49e684225747216643 to remote] DEBUG org.asynchttpclient.netty.request.NettyRequestSender - Using open Channel [id: 0x27f790be, L:/127.0.0.1:54726 - R:localhost/127.0.0.1:18125] for POST '/session/06fff56d0572ea49e684225747216643/element/37621BBC0D2CBB257CD217ADC0C21A3B_element_13/click'
23:01:46.477 [AsyncHttpClient-1-17] DEBUG org.asynchttpclient.netty.handler.HttpHandler - 

Request DefaultHttpRequest(decodeResult: success, version: HTTP/1.1)
POST /session/06fff56d0572ea49e684225747216643/element/37621BBC0D2CBB257CD217ADC0C21A3B_element_13/click HTTP/1.1
User-Agent: selenium/4.8.1 (java windows)
Content-Length: 57
Content-Type: application/json; charset=utf-8
host: localhost:18125
accept: */*

Response DefaultHttpResponse(decodeResult: success, version: HTTP/1.1)
HTTP/1.1 200 OK
Content-Length: 14
Content-Type: application/json; charset=utf-8
cache-control: no-cache

23:01:46.477 [AsyncHttpClient-1-17] DEBUG org.asynchttpclient.netty.channel.ChannelManager - Adding key: http://localhost:18125 for channel [id: 0x27f790be, L:/127.0.0.1:54726 - R:localhost/127.0.0.1:18125]
23:01:46.483 [Forwarding getAlertText on session 06fff56d0572ea49e684225747216643 to remote] DEBUG org.asynchttpclient.netty.request.NettyRequestSender - Using pooled Channel '[id: 0x27f790be, L:/127.0.0.1:54726 - R:localhost/127.0.0.1:18125]' for 'GET' to 'http://localhost:18125/session/06fff56d0572ea49e684225747216643/alert/text'
23:01:46.483 [Forwarding getAlertText on session 06fff56d0572ea49e684225747216643 to remote] DEBUG org.asynchttpclient.netty.request.NettyRequestSender - Using open Channel [id: 0x27f790be, L:/127.0.0.1:54726 - R:localhost/127.0.0.1:18125] for GET '/session/06fff56d0572ea49e684225747216643/alert/text'
23:01:46.487 [AsyncHttpClient-1-17] DEBUG org.asynchttpclient.netty.handler.HttpHandler - 

Request DefaultFullHttpRequest(decodeResult: success, version: HTTP/1.1, content: EmptyByteBufBE)
GET /session/06fff56d0572ea49e684225747216643/alert/text HTTP/1.1
User-Agent: selenium/4.8.1 (java windows)
Cache-Control: no-cache
Content-Type: application/json; charset=utf-8
host: localhost:18125
accept: */*

Response DefaultHttpResponse(decodeResult: success, version: HTTP/1.1)
HTTP/1.1 404 Not Found
Content-Length: 820
Content-Type: application/json; charset=utf-8
cache-control: no-cache

23:01:46.487 [AsyncHttpClient-1-17] DEBUG org.asynchttpclient.netty.channel.ChannelManager - Adding key: http://localhost:18125 for channel [id: 0x27f790be, L:/127.0.0.1:54726 - R:localhost/127.0.0.1:18125]
23:01:46.489 [Forwarding getCurrentUrl on session 06fff56d0572ea49e684225747216643 to remote] DEBUG org.asynchttpclient.netty.request.NettyRequestSender - Using pooled Channel '[id: 0x27f790be, L:/127.0.0.1:54726 - R:localhost/127.0.0.1:18125]' for 'GET' to 'http://localhost:18125/session/06fff56d0572ea49e684225747216643/url'
23:01:46.489 [Forwarding getCurrentUrl on session 06fff56d0572ea49e684225747216643 to remote] DEBUG org.asynchttpclient.netty.request.NettyRequestSender - Using open Channel [id: 0x27f790be, L:/127.0.0.1:54726 - R:localhost/127.0.0.1:18125] for GET '/session/06fff56d0572ea49e684225747216643/url'
23:01:46.498 [AsyncHttpClient-1-17] DEBUG org.asynchttpclient.netty.handler.HttpHandler - 

Request DefaultFullHttpRequest(decodeResult: success, version: HTTP/1.1, content: EmptyByteBufBE)
GET /session/06fff56d0572ea49e684225747216643/url HTTP/1.1
User-Agent: selenium/4.8.1 (java windows)
Cache-Control: no-cache
Content-Type: application/json; charset=utf-8
host: localhost:18125
accept: */*

Response DefaultHttpResponse(decodeResult: success, version: HTTP/1.1)
HTTP/1.1 200 OK
Content-Length: 46
Content-Type: application/json; charset=utf-8
cache-control: no-cache

23:01:46.499 [AsyncHttpClient-1-17] DEBUG org.asynchttpclient.netty.channel.ChannelManager - Adding key: http://localhost:18125 for channel [id: 0x27f790be, L:/127.0.0.1:54726 - R:localhost/127.0.0.1:18125]
23:01:46.499 [Forwarding screenshot on session 06fff56d0572ea49e684225747216643 to remote] DEBUG org.asynchttpclient.netty.request.NettyRequestSender - Using pooled Channel '[id: 0x27f790be, L:/127.0.0.1:54726 - R:localhost/127.0.0.1:18125]' for 'GET' to 'http://localhost:18125/session/06fff56d0572ea49e684225747216643/screenshot'
23:01:46.499 [Forwarding screenshot on session 06fff56d0572ea49e684225747216643 to remote] DEBUG org.asynchttpclient.netty.request.NettyRequestSender - Using open Channel [id: 0x27f790be, L:/127.0.0.1:54726 - R:localhost/127.0.0.1:18125] for GET '/session/06fff56d0572ea49e684225747216643/screenshot'
23:01:46.735 [AsyncHttpClient-1-17] DEBUG org.asynchttpclient.netty.handler.HttpHandler - 

Request DefaultFullHttpRequest(decodeResult: success, version: HTTP/1.1, content: EmptyByteBufBE)
GET /session/06fff56d0572ea49e684225747216643/screenshot HTTP/1.1
User-Agent: selenium/4.8.1 (java windows)
Cache-Control: no-cache
Content-Type: application/json; charset=utf-8
host: localhost:18125
accept: */*

Response DefaultHttpResponse(decodeResult: success, version: HTTP/1.1)
HTTP/1.1 200 OK
Content-Length: 43052
Content-Type: application/json; charset=utf-8
cache-control: no-cache

23:01:46.735 [AsyncHttpClient-1-17] DEBUG org.asynchttpclient.netty.channel.ChannelManager - Adding key: http://localhost:18125 for channel [id: 0x27f790be, L:/127.0.0.1:54726 - R:localhost/127.0.0.1:18125]
23:01:46.737 [main] DEBUG net.serenitybdd.core.photography.Darkroom - Send negative for processing for target\site\serenity\51e470cc8c3e597ac431b6bcb5f3c73265f513b9b740b1867577ad4d01aafe44.png
23:01:46.737 [main] DEBUG net.thucydides.core.steps.StepInterceptor - STEP DONE: clickAddQuantity
  &amp#27;[32mThen &amp#27;[0m&amp#27;[32mI click add quantity button&amp#27;[0m               &amp#27;[90m# starter.stepdefinitions.OrderSteps.clickAddQuantityButton()&amp#27;[0m
23:01:46.737 [Darkroom Processing Line] DEBUG net.serenitybdd.core.photography.DarkroomProcessingLine - Processing screenshot image in /var/screenshots/screenshot-291581108543561948
23:01:46.737 [Darkroom Processing Line] DEBUG net.serenitybdd.core.photography.DarkroomProcessingLine - Saving screenshot to target\site\serenity\51e470cc8c3e597ac431b6bcb5f3c73265f513b9b740b1867577ad4d01aafe44.png
23:01:46.741 [main] INFO  - 
  _____   ___   ___   _____     ___     _     ___   ___   ___   ___  
 |_   _| | __| / __| |_   _|   | _ \   /_\   / __| / __| | __| |   \ 
   | |   | _|  \__ \   | |     |  _/  / _ \  \__ \ \__ \ | _|  | |) |
   |_|   |___| |___/   |_|     |_|   /_/ \_\ |___/ |___/ |___| |___/ 

Add one product in cart click + button
----------------------------------------------------------------------
23:01:46.742 [Driver Command Executor] DEBUG org.asynchttpclient.netty.request.NettyRequestSender - Using pooled Channel '[id: 0x27f790be, L:/127.0.0.1:54726 - R:localhost/127.0.0.1:18125]' for 'DELETE' to 'http://localhost:18125/session/06fff56d0572ea49e684225747216643'
23:01:46.742 [AsyncHttpClient-1-19] DEBUG org.asynchttpclient.netty.handler.WebSocketHandler - Channel Closed: [id: 0x3bfa610e, L:/127.0.0.1:54734 ! R:localhost/127.0.0.1:54727] with attribute NettyResponseFuture{currentRetry=0,
	isDone=1,
	isCancelled=0,
	asyncHandler=org.asynchttpclient.ws.WebSocketUpgradeHandler@e3505c,
	nettyRequest=org.asynchttpclient.netty.request.NettyRequest@799778b4,
	future=java.util.concurrent.CompletableFuture@6013f6c9[Completed normally],
	uri=ws://localhost:54727/devtools/browser/ded5f848-d080-4ce8-9141-7d473d743bdd,
	keepAlive=true,
	redirectCount=0,
	timeoutsHolder=null,
	inAuth=0,
	touch=1683561697722}
23:01:46.742 [AsyncHttpClient-1-19] DEBUG org.asynchttpclient.netty.channel.ChannelManager - Closing Channel [id: 0x3bfa610e, L:/127.0.0.1:54734 ! R:localhost/127.0.0.1:54727] 
23:01:46.742 [Driver Command Executor] DEBUG org.asynchttpclient.netty.request.NettyRequestSender - Using open Channel [id: 0x27f790be, L:/127.0.0.1:54726 - R:localhost/127.0.0.1:18125] for DELETE '/session/06fff56d0572ea49e684225747216643'
23:01:46.925 [AsyncHttpClient-1-18] DEBUG org.asynchttpclient.netty.handler.HttpHandler - Unexpected I/O exception on channel [id: 0x0e191b7d, L:/127.0.0.1:54733 - R:localhost/127.0.0.1:54727]
java.io.IOException: An existing connection was forcibly closed by the remote host
	at sun.nio.ch.SocketDispatcher.read0(Native Method)
	at sun.nio.ch.SocketDispatcher.read(SocketDispatcher.java:43)
	at sun.nio.ch.IOUtil.readIntoNativeBuffer(IOUtil.java:223)
	at sun.nio.ch.IOUtil.read(IOUtil.java:192)
	at sun.nio.ch.SocketChannelImpl.read(SocketChannelImpl.java:378)
	at io.netty.buffer.PooledByteBuf.setBytes(PooledByteBuf.java:259)
	at io.netty.buffer.AbstractByteBuf.writeBytes(AbstractByteBuf.java:1132)
	at io.netty.channel.socket.nio.NioSocketChannel.doReadBytes(NioSocketChannel.java:357)
	at io.netty.channel.nio.AbstractNioByteChannel$NioByteUnsafe.read(AbstractNioByteChannel.java:151)
	at io.netty.channel.nio.NioEventLoop.processSelectedKey(NioEventLoop.java:788)
	at io.netty.channel.nio.NioEventLoop.processSelectedKeysOptimized(NioEventLoop.java:724)
	at io.netty.channel.nio.NioEventLoop.processSelectedKeys(NioEventLoop.java:650)
	at io.netty.channel.nio.NioEventLoop.run(NioEventLoop.java:562)
	at io.netty.util.concurrent.SingleThreadEventExecutor$4.run(SingleThreadEventExecutor.java:997)
	at io.netty.util.internal.ThreadExecutorMap$2.run(ThreadExecutorMap.java:74)
	at io.netty.util.concurrent.FastThreadLocalRunnable.run(FastThreadLocalRunnable.java:30)
	at java.lang.Thread.run(Thread.java:750)
23:01:46.925 [AsyncHttpClient-1-18] DEBUG org.asynchttpclient.netty.channel.ChannelManager - Closing Channel [id: 0x0e191b7d, L:/127.0.0.1:54733 - R:localhost/127.0.0.1:54727] 
23:01:46.925 [AsyncHttpClient-1-18] DEBUG org.asynchttpclient.netty.handler.HttpHandler - Channel Closed: [id: 0x0e191b7d, L:/127.0.0.1:54733 ! R:localhost/127.0.0.1:54727] with attribute DISCARD
23:01:46.936 [AsyncHttpClient-1-17] DEBUG org.asynchttpclient.netty.handler.HttpHandler - 

Request DefaultFullHttpRequest(decodeResult: success, version: HTTP/1.1, content: EmptyByteBufBE)
DELETE /session/06fff56d0572ea49e684225747216643 HTTP/1.1
User-Agent: selenium/4.8.1 (java windows)
Content-Type: application/json; charset=utf-8
host: localhost:18125
accept: */*

Response DefaultHttpResponse(decodeResult: success, version: HTTP/1.1)
HTTP/1.1 200 OK
Content-Length: 14
Content-Type: application/json; charset=utf-8
cache-control: no-cache

23:01:46.937 [AsyncHttpClient-1-17] DEBUG org.asynchttpclient.netty.channel.ChannelManager - Adding key: http://localhost:18125 for channel [id: 0x27f790be, L:/127.0.0.1:54726 - R:localhost/127.0.0.1:18125]
23:01:46.988 [AsyncHttpClient-1-17] DEBUG org.asynchttpclient.netty.handler.HttpHandler - Channel Closed: [id: 0x27f790be, L:/127.0.0.1:54726 ! R:localhost/127.0.0.1:18125] with attribute DISCARD
23:01:47.099 [AsyncHttpClient-1-1] DEBUG org.asynchttpclient.netty.channel.DefaultChannelPool - Entry count for : http://localhost:18125 : 1
23:01:47.099 [AsyncHttpClient-1-1] DEBUG org.asynchttpclient.netty.channel.DefaultChannelPool - Entry count for : http://localhost:54727 : 1
23:01:47.099 [AsyncHttpClient-1-1] DEBUG org.asynchttpclient.netty.channel.DefaultChannelPool - Adding Candidate expired Channel [id: 0x27f790be, L:/127.0.0.1:54726 ! R:localhost/127.0.0.1:18125] isIdleTimeoutExpired=false isRemotelyClosed=true isTtlExpired=false
23:01:47.099 [AsyncHttpClient-1-1] DEBUG org.asynchttpclient.netty.channel.DefaultChannelPool - Closing Idle Channel [id: 0x27f790be, L:/127.0.0.1:54726 ! R:localhost/127.0.0.1:18125]
23:01:47.099 [AsyncHttpClient-1-1] DEBUG org.asynchttpclient.netty.channel.DefaultChannelPool - Adding Candidate expired Channel [id: 0x0e191b7d, L:/127.0.0.1:54733 ! R:localhost/127.0.0.1:54727] isIdleTimeoutExpired=false isRemotelyClosed=true isTtlExpired=false
23:01:47.099 [AsyncHttpClient-1-1] DEBUG org.asynchttpclient.netty.channel.DefaultChannelPool - Closing Idle Channel [id: 0x0e191b7d, L:/127.0.0.1:54733 ! R:localhost/127.0.0.1:54727]
23:01:47.099 [AsyncHttpClient-1-1] DEBUG org.asynchttpclient.netty.channel.DefaultChannelPool - Closed 2 connections out of 2 in 0 ms
]]></system-out>
    <system-err><![CDATA[Starting ChromeDriver 113.0.5672.63 (0e1a4471d5ae5bf128b1bd8f4d627c8cbd55f70c-refs/branch-heads/5672@{#912}) on port 18125
Only local connections are allowed.
Please see https://chromedriver.chromium.org/security-considerations for suggestions on keeping ChromeDriver safe.
ChromeDriver was started successfully.
May 08, 2023 11:01:37 PM org.openqa.selenium.devtools.CdpVersionFinder findNearestMatch
WARNING: Unable to find an exact match for CDP version 113, so returning the closest version found: 110
]]></system-err>
  </testcase>
  <testcase name="reduce one product in cart click - button" classname="Order" time="11.459">
    <system-out><![CDATA[
@ReducesQuantity
Scenario: reduce one product in cart click - button &amp#27;[90m# src/test/resources/features/4.Order.feature:15&amp#27;[0m
23:01:47.510 [main] DEBUG io.cucumber.core.plugin.SerenityReporter - Running feature from file:///D:/1.%20QA%20ALTERRA%20ACADEMY/MobileTesting/MiniProjectWEB/src/test/resources/features/4.Order.feature
23:01:47.511 [main] INFO  - 
  _____   ___   ___   _____     ___   _____     _     ___   _____   ___   ___  
 |_   _| | __| / __| |_   _|   / __| |_   _|   /_\   | _ \ |_   _| | __| |   \ 
   | |   | _|  \__ \   | |     \__ \   | |    / _ \  |   /   | |   | _|  | |) |
   |_|   |___| |___/   |_|     |___/   |_|   /_/ \_\ |_|_\   |_|   |___| |___/ 

reduce one product in cart click - button(order;reduce-one-product-in-cart-click---button)
--------------------------------------------------------------------------------
23:01:47.584 [main] INFO net.serenitybdd.core.webdriver.driverproviders.ChromeDriverProvider - Starting Chrome driver instance with capabilities:
23:01:47.584 [main] INFO net.serenitybdd.core.webdriver.driverproviders.ChromeDriverProvider - Capabilities {acceptInsecureCerts: false, browserName: chrome, goog:chromeOptions: {args: [remote-allow-origins=*], extensions: []}}
23:01:48.627 [AsyncHttpClient-1-20] DEBUG org.asynchttpclient.netty.channel.NettyConnectListener - Using new Channel '[id: 0x4a595bf2, L:/127.0.0.1:54757 - R:localhost/127.0.0.1:45709]' for 'POST' to '/session'
23:01:49.230 [AsyncHttpClient-1-20] DEBUG org.asynchttpclient.netty.handler.HttpHandler - 

Request DefaultHttpRequest(decodeResult: success, version: HTTP/1.1)
POST /session HTTP/1.1
User-Agent: selenium/4.8.1 (java windows)
Content-Length: 507
Content-Type: application/json; charset=utf-8
host: localhost:45709
accept: */*

Response DefaultHttpResponse(decodeResult: success, version: HTTP/1.1)
HTTP/1.1 200 OK
Content-Length: 860
Content-Type: application/json; charset=utf-8
cache-control: no-cache

23:01:49.231 [AsyncHttpClient-1-20] DEBUG org.asynchttpclient.netty.channel.ChannelManager - Adding key: http://localhost:45709 for channel [id: 0x4a595bf2, L:/127.0.0.1:54757 - R:localhost/127.0.0.1:45709]
23:01:49.235 [AsyncHttpClient-1-21] DEBUG org.asynchttpclient.netty.channel.NettyConnectListener - Using new Channel '[id: 0x4a4bf52e, L:/127.0.0.1:54764 - R:localhost/127.0.0.1:54758]' for 'GET' to '/json/version'
23:01:49.235 [AsyncHttpClient-1-21] DEBUG org.asynchttpclient.netty.handler.HttpHandler - 

Request DefaultFullHttpRequest(decodeResult: success, version: HTTP/1.1, content: EmptyByteBufBE)
GET /json/version HTTP/1.1
User-Agent: selenium/4.8.1 (java windows)
host: localhost:54758
accept: */*

Response DefaultHttpResponse(decodeResult: success, version: HTTP/1.1)
HTTP/1.1 200 OK
Content-Security-Policy: frame-ancestors 'none'
Content-Length: 422
Content-Type: application/json; charset=UTF-8

23:01:49.235 [AsyncHttpClient-1-21] DEBUG org.asynchttpclient.netty.channel.ChannelManager - Adding key: http://localhost:54758 for channel [id: 0x4a4bf52e, L:/127.0.0.1:54764 - R:localhost/127.0.0.1:54758]
23:01:49.237 [AsyncHttpClient-1-22] DEBUG org.asynchttpclient.netty.channel.NettyConnectListener - Using new Channel '[id: 0x1dcd55a5, L:/127.0.0.1:54765 - R:localhost/127.0.0.1:54758]' for 'GET' to '/devtools/browser/01c11d88-4e40-47a0-a747-340d34ea24bd'
23:01:49.239 [AsyncHttpClient-1-22] DEBUG org.asynchttpclient.netty.handler.WebSocketHandler - 

Request DefaultFullHttpRequest(decodeResult: success, version: HTTP/1.1, content: EmptyByteBufBE)
GET /devtools/browser/01c11d88-4e40-47a0-a747-340d34ea24bd HTTP/1.1
upgrade: websocket
connection: upgrade
sec-websocket-key: uasyM1gfacMhq2kd1GWktg==
sec-websocket-version: 13
origin: http://localhost:54758
host: localhost:54758
accept: */*
user-agent: AHC/2.1

Response DefaultHttpResponse(decodeResult: success, version: HTTP/1.1)
HTTP/1.1 101 WebSocket Protocol Handshake
Upgrade: WebSocket
Connection: Upgrade
Sec-WebSocket-Accept: tFSxJjy26horK0ozHHPd5hQS7NI=

23:01:49.243 [Forwarding get on session 4113fd1cd7c2bb398bed4cfb647c8ca0 to remote] DEBUG org.asynchttpclient.netty.request.NettyRequestSender - Using pooled Channel '[id: 0x4a595bf2, L:/127.0.0.1:54757 - R:localhost/127.0.0.1:45709]' for 'POST' to 'http://localhost:45709/session/4113fd1cd7c2bb398bed4cfb647c8ca0/url'
23:01:49.243 [Forwarding get on session 4113fd1cd7c2bb398bed4cfb647c8ca0 to remote] DEBUG org.asynchttpclient.netty.request.NettyRequestSender - Using open Channel [id: 0x4a595bf2, L:/127.0.0.1:54757 - R:localhost/127.0.0.1:45709] for POST '/session/4113fd1cd7c2bb398bed4cfb647c8ca0/url'
23:01:49.298 [AsyncHttpClient-1-1] DEBUG org.asynchttpclient.netty.channel.DefaultChannelPool - Entry count for : http://localhost:54758 : 1
23:01:50.400 [AsyncHttpClient-1-1] DEBUG org.asynchttpclient.netty.channel.DefaultChannelPool - Entry count for : http://localhost:54758 : 1
23:01:51.507 [AsyncHttpClient-1-1] DEBUG org.asynchttpclient.netty.channel.DefaultChannelPool - Entry count for : http://localhost:54758 : 1
23:01:52.605 [AsyncHttpClient-1-1] DEBUG org.asynchttpclient.netty.channel.DefaultChannelPool - Entry count for : http://localhost:54758 : 1
23:01:53.699 [AsyncHttpClient-1-1] DEBUG org.asynchttpclient.netty.channel.DefaultChannelPool - Entry count for : http://localhost:54758 : 1
23:01:54.094 [AsyncHttpClient-1-20] DEBUG org.asynchttpclient.netty.handler.HttpHandler - 

Request DefaultHttpRequest(decodeResult: success, version: HTTP/1.1)
POST /session/4113fd1cd7c2bb398bed4cfb647c8ca0/url HTTP/1.1
User-Agent: selenium/4.8.1 (java windows)
Content-Length: 53
Content-Type: application/json; charset=utf-8
host: localhost:45709
accept: */*

Response DefaultHttpResponse(decodeResult: success, version: HTTP/1.1)
HTTP/1.1 200 OK
Content-Length: 14
Content-Type: application/json; charset=utf-8
cache-control: no-cache

23:01:54.094 [AsyncHttpClient-1-20] DEBUG org.asynchttpclient.netty.channel.ChannelManager - Adding key: http://localhost:45709 for channel [id: 0x4a595bf2, L:/127.0.0.1:54757 - R:localhost/127.0.0.1:45709]
23:01:54.096 [Forwarding setTimeout on session 4113fd1cd7c2bb398bed4cfb647c8ca0 to remote] DEBUG org.asynchttpclient.netty.request.NettyRequestSender - Using pooled Channel '[id: 0x4a595bf2, L:/127.0.0.1:54757 - R:localhost/127.0.0.1:45709]' for 'POST' to 'http://localhost:45709/session/4113fd1cd7c2bb398bed4cfb647c8ca0/timeouts'
23:01:54.096 [Forwarding setTimeout on session 4113fd1cd7c2bb398bed4cfb647c8ca0 to remote] DEBUG org.asynchttpclient.netty.request.NettyRequestSender - Using open Channel [id: 0x4a595bf2, L:/127.0.0.1:54757 - R:localhost/127.0.0.1:45709] for POST '/session/4113fd1cd7c2bb398bed4cfb647c8ca0/timeouts'
23:01:54.097 [AsyncHttpClient-1-20] DEBUG org.asynchttpclient.netty.handler.HttpHandler - 

Request DefaultHttpRequest(decodeResult: success, version: HTTP/1.1)
POST /session/4113fd1cd7c2bb398bed4cfb647c8ca0/timeouts HTTP/1.1
User-Agent: selenium/4.8.1 (java windows)
Content-Length: 22
Content-Type: application/json; charset=utf-8
host: localhost:45709
accept: */*

Response DefaultHttpResponse(decodeResult: success, version: HTTP/1.1)
HTTP/1.1 200 OK
Content-Length: 14
Content-Type: application/json; charset=utf-8
cache-control: no-cache

23:01:54.097 [AsyncHttpClient-1-20] DEBUG org.asynchttpclient.netty.channel.ChannelManager - Adding key: http://localhost:45709 for channel [id: 0x4a595bf2, L:/127.0.0.1:54757 - R:localhost/127.0.0.1:45709]
  &amp#27;[32mGiven &amp#27;[0m&amp#27;[32mI am on the home page&amp#27;[0m                       &amp#27;[90m# starter.stepdefinitions.HomepageSteps.onTheHomePage()&amp#27;[0m
23:01:54.101 [Forwarding getAlertText on session 4113fd1cd7c2bb398bed4cfb647c8ca0 to remote] DEBUG org.asynchttpclient.netty.request.NettyRequestSender - Using pooled Channel '[id: 0x4a595bf2, L:/127.0.0.1:54757 - R:localhost/127.0.0.1:45709]' for 'GET' to 'http://localhost:45709/session/4113fd1cd7c2bb398bed4cfb647c8ca0/alert/text'
23:01:54.101 [Forwarding getAlertText on session 4113fd1cd7c2bb398bed4cfb647c8ca0 to remote] DEBUG org.asynchttpclient.netty.request.NettyRequestSender - Using open Channel [id: 0x4a595bf2, L:/127.0.0.1:54757 - R:localhost/127.0.0.1:45709] for GET '/session/4113fd1cd7c2bb398bed4cfb647c8ca0/alert/text'
23:01:54.103 [AsyncHttpClient-1-20] DEBUG org.asynchttpclient.netty.handler.HttpHandler - 

Request DefaultFullHttpRequest(decodeResult: success, version: HTTP/1.1, content: EmptyByteBufBE)
GET /session/4113fd1cd7c2bb398bed4cfb647c8ca0/alert/text HTTP/1.1
User-Agent: selenium/4.8.1 (java windows)
Cache-Control: no-cache
Content-Type: application/json; charset=utf-8
host: localhost:45709
accept: */*

Response DefaultHttpResponse(decodeResult: success, version: HTTP/1.1)
HTTP/1.1 404 Not Found
Content-Length: 820
Content-Type: application/json; charset=utf-8
cache-control: no-cache

23:01:54.103 [AsyncHttpClient-1-20] DEBUG org.asynchttpclient.netty.channel.ChannelManager - Adding key: http://localhost:45709 for channel [id: 0x4a595bf2, L:/127.0.0.1:54757 - R:localhost/127.0.0.1:45709]
23:01:54.103 [Forwarding getCurrentUrl on session 4113fd1cd7c2bb398bed4cfb647c8ca0 to remote] DEBUG org.asynchttpclient.netty.request.NettyRequestSender - Using pooled Channel '[id: 0x4a595bf2, L:/127.0.0.1:54757 - R:localhost/127.0.0.1:45709]' for 'GET' to 'http://localhost:45709/session/4113fd1cd7c2bb398bed4cfb647c8ca0/url'
23:01:54.103 [Forwarding getCurrentUrl on session 4113fd1cd7c2bb398bed4cfb647c8ca0 to remote] DEBUG org.asynchttpclient.netty.request.NettyRequestSender - Using open Channel [id: 0x4a595bf2, L:/127.0.0.1:54757 - R:localhost/127.0.0.1:45709] for GET '/session/4113fd1cd7c2bb398bed4cfb647c8ca0/url'
23:01:54.113 [AsyncHttpClient-1-20] DEBUG org.asynchttpclient.netty.handler.HttpHandler - 

Request DefaultFullHttpRequest(decodeResult: success, version: HTTP/1.1, content: EmptyByteBufBE)
GET /session/4113fd1cd7c2bb398bed4cfb647c8ca0/url HTTP/1.1
User-Agent: selenium/4.8.1 (java windows)
Cache-Control: no-cache
Content-Type: application/json; charset=utf-8
host: localhost:45709
accept: */*

Response DefaultHttpResponse(decodeResult: success, version: HTTP/1.1)
HTTP/1.1 200 OK
Content-Length: 41
Content-Type: application/json; charset=utf-8
cache-control: no-cache

23:01:54.113 [AsyncHttpClient-1-20] DEBUG org.asynchttpclient.netty.channel.ChannelManager - Adding key: http://localhost:45709 for channel [id: 0x4a595bf2, L:/127.0.0.1:54757 - R:localhost/127.0.0.1:45709]
23:01:54.113 [Forwarding screenshot on session 4113fd1cd7c2bb398bed4cfb647c8ca0 to remote] DEBUG org.asynchttpclient.netty.request.NettyRequestSender - Using pooled Channel '[id: 0x4a595bf2, L:/127.0.0.1:54757 - R:localhost/127.0.0.1:45709]' for 'GET' to 'http://localhost:45709/session/4113fd1cd7c2bb398bed4cfb647c8ca0/screenshot'
23:01:54.113 [Forwarding screenshot on session 4113fd1cd7c2bb398bed4cfb647c8ca0 to remote] DEBUG org.asynchttpclient.netty.request.NettyRequestSender - Using open Channel [id: 0x4a595bf2, L:/127.0.0.1:54757 - R:localhost/127.0.0.1:45709] for GET '/session/4113fd1cd7c2bb398bed4cfb647c8ca0/screenshot'
23:01:54.255 [AsyncHttpClient-1-20] DEBUG org.asynchttpclient.netty.handler.HttpHandler - 

Request DefaultFullHttpRequest(decodeResult: success, version: HTTP/1.1, content: EmptyByteBufBE)
GET /session/4113fd1cd7c2bb398bed4cfb647c8ca0/screenshot HTTP/1.1
User-Agent: selenium/4.8.1 (java windows)
Cache-Control: no-cache
Content-Type: application/json; charset=utf-8
host: localhost:45709
accept: */*

Response DefaultHttpResponse(decodeResult: success, version: HTTP/1.1)
HTTP/1.1 200 OK
Content-Length: 93224
Content-Type: application/json; charset=utf-8
cache-control: no-cache

23:01:54.255 [AsyncHttpClient-1-20] DEBUG org.asynchttpclient.netty.channel.ChannelManager - Adding key: http://localhost:45709 for channel [id: 0x4a595bf2, L:/127.0.0.1:54757 - R:localhost/127.0.0.1:45709]
23:01:54.259 [main] DEBUG net.serenitybdd.core.photography.Darkroom - Send negative for processing for target\site\serenity\eae70e0d31e8e8b85ce659fe0365ca28c24246a1bf9d3b50a76ae0889116b9f5.png
23:01:54.261 [Forwarding getPageSource on session 4113fd1cd7c2bb398bed4cfb647c8ca0 to remote] DEBUG org.asynchttpclient.netty.request.NettyRequestSender - Using pooled Channel '[id: 0x4a595bf2, L:/127.0.0.1:54757 - R:localhost/127.0.0.1:45709]' for 'POST' to 'http://localhost:45709/session/4113fd1cd7c2bb398bed4cfb647c8ca0/execute/sync'
23:01:54.261 [Forwarding getPageSource on session 4113fd1cd7c2bb398bed4cfb647c8ca0 to remote] DEBUG org.asynchttpclient.netty.request.NettyRequestSender - Using open Channel [id: 0x4a595bf2, L:/127.0.0.1:54757 - R:localhost/127.0.0.1:45709] for POST '/session/4113fd1cd7c2bb398bed4cfb647c8ca0/execute/sync'
23:01:54.316 [AsyncHttpClient-1-20] DEBUG org.asynchttpclient.netty.handler.HttpHandler - 

Request DefaultHttpRequest(decodeResult: success, version: HTTP/1.1)
POST /session/4113fd1cd7c2bb398bed4cfb647c8ca0/execute/sync HTTP/1.1
User-Agent: selenium/4.8.1 (java windows)
Content-Length: 176
Content-Type: application/json; charset=utf-8
host: localhost:45709
accept: */*

Response DefaultHttpResponse(decodeResult: success, version: HTTP/1.1)
HTTP/1.1 200 OK
Content-Length: 816995
Content-Type: application/json; charset=utf-8
cache-control: no-cache

23:01:54.317 [AsyncHttpClient-1-20] DEBUG org.asynchttpclient.netty.channel.ChannelManager - Adding key: http://localhost:45709 for channel [id: 0x4a595bf2, L:/127.0.0.1:54757 - R:localhost/127.0.0.1:45709]
23:01:54.410 [Forwarding getCurrentUrl on session 4113fd1cd7c2bb398bed4cfb647c8ca0 to remote] DEBUG org.asynchttpclient.netty.request.NettyRequestSender - Using pooled Channel '[id: 0x4a595bf2, L:/127.0.0.1:54757 - R:localhost/127.0.0.1:45709]' for 'GET' to 'http://localhost:45709/session/4113fd1cd7c2bb398bed4cfb647c8ca0/url'
23:01:54.410 [Forwarding getCurrentUrl on session 4113fd1cd7c2bb398bed4cfb647c8ca0 to remote] DEBUG org.asynchttpclient.netty.request.NettyRequestSender - Using open Channel [id: 0x4a595bf2, L:/127.0.0.1:54757 - R:localhost/127.0.0.1:45709] for GET '/session/4113fd1cd7c2bb398bed4cfb647c8ca0/url'
23:01:54.423 [AsyncHttpClient-1-20] DEBUG org.asynchttpclient.netty.handler.HttpHandler - 

Request DefaultFullHttpRequest(decodeResult: success, version: HTTP/1.1, content: EmptyByteBufBE)
GET /session/4113fd1cd7c2bb398bed4cfb647c8ca0/url HTTP/1.1
User-Agent: selenium/4.8.1 (java windows)
Cache-Control: no-cache
Content-Type: application/json; charset=utf-8
host: localhost:45709
accept: */*

Response DefaultHttpResponse(decodeResult: success, version: HTTP/1.1)
HTTP/1.1 200 OK
Content-Length: 41
Content-Type: application/json; charset=utf-8
cache-control: no-cache

23:01:54.423 [AsyncHttpClient-1-20] DEBUG org.asynchttpclient.netty.channel.ChannelManager - Adding key: http://localhost:45709 for channel [id: 0x4a595bf2, L:/127.0.0.1:54757 - R:localhost/127.0.0.1:45709]
23:01:54.440 [Forwarding getAlertText on session 4113fd1cd7c2bb398bed4cfb647c8ca0 to remote] DEBUG org.asynchttpclient.netty.request.NettyRequestSender - Using pooled Channel '[id: 0x4a595bf2, L:/127.0.0.1:54757 - R:localhost/127.0.0.1:45709]' for 'GET' to 'http://localhost:45709/session/4113fd1cd7c2bb398bed4cfb647c8ca0/alert/text'
23:01:54.440 [Forwarding getAlertText on session 4113fd1cd7c2bb398bed4cfb647c8ca0 to remote] DEBUG org.asynchttpclient.netty.request.NettyRequestSender - Using open Channel [id: 0x4a595bf2, L:/127.0.0.1:54757 - R:localhost/127.0.0.1:45709] for GET '/session/4113fd1cd7c2bb398bed4cfb647c8ca0/alert/text'
23:01:54.444 [AsyncHttpClient-1-20] DEBUG org.asynchttpclient.netty.handler.HttpHandler - 

Request DefaultFullHttpRequest(decodeResult: success, version: HTTP/1.1, content: EmptyByteBufBE)
GET /session/4113fd1cd7c2bb398bed4cfb647c8ca0/alert/text HTTP/1.1
User-Agent: selenium/4.8.1 (java windows)
Cache-Control: no-cache
Content-Type: application/json; charset=utf-8
host: localhost:45709
accept: */*

Response DefaultHttpResponse(decodeResult: success, version: HTTP/1.1)
HTTP/1.1 404 Not Found
Content-Length: 820
Content-Type: application/json; charset=utf-8
cache-control: no-cache

23:01:54.444 [AsyncHttpClient-1-20] DEBUG org.asynchttpclient.netty.channel.ChannelManager - Adding key: http://localhost:45709 for channel [id: 0x4a595bf2, L:/127.0.0.1:54757 - R:localhost/127.0.0.1:45709]
23:01:54.445 [Forwarding getCurrentUrl on session 4113fd1cd7c2bb398bed4cfb647c8ca0 to remote] DEBUG org.asynchttpclient.netty.request.NettyRequestSender - Using pooled Channel '[id: 0x4a595bf2, L:/127.0.0.1:54757 - R:localhost/127.0.0.1:45709]' for 'GET' to 'http://localhost:45709/session/4113fd1cd7c2bb398bed4cfb647c8ca0/url'
23:01:54.445 [Forwarding getCurrentUrl on session 4113fd1cd7c2bb398bed4cfb647c8ca0 to remote] DEBUG org.asynchttpclient.netty.request.NettyRequestSender - Using open Channel [id: 0x4a595bf2, L:/127.0.0.1:54757 - R:localhost/127.0.0.1:45709] for GET '/session/4113fd1cd7c2bb398bed4cfb647c8ca0/url'
23:01:54.458 [AsyncHttpClient-1-20] DEBUG org.asynchttpclient.netty.handler.HttpHandler - 

Request DefaultFullHttpRequest(decodeResult: success, version: HTTP/1.1, content: EmptyByteBufBE)
GET /session/4113fd1cd7c2bb398bed4cfb647c8ca0/url HTTP/1.1
User-Agent: selenium/4.8.1 (java windows)
Cache-Control: no-cache
Content-Type: application/json; charset=utf-8
host: localhost:45709
accept: */*

Response DefaultHttpResponse(decodeResult: success, version: HTTP/1.1)
HTTP/1.1 200 OK
Content-Length: 41
Content-Type: application/json; charset=utf-8
cache-control: no-cache

23:01:54.458 [AsyncHttpClient-1-20] DEBUG org.asynchttpclient.netty.channel.ChannelManager - Adding key: http://localhost:45709 for channel [id: 0x4a595bf2, L:/127.0.0.1:54757 - R:localhost/127.0.0.1:45709]
23:01:54.459 [Forwarding screenshot on session 4113fd1cd7c2bb398bed4cfb647c8ca0 to remote] DEBUG org.asynchttpclient.netty.request.NettyRequestSender - Using pooled Channel '[id: 0x4a595bf2, L:/127.0.0.1:54757 - R:localhost/127.0.0.1:45709]' for 'GET' to 'http://localhost:45709/session/4113fd1cd7c2bb398bed4cfb647c8ca0/screenshot'
23:01:54.459 [Forwarding screenshot on session 4113fd1cd7c2bb398bed4cfb647c8ca0 to remote] DEBUG org.asynchttpclient.netty.request.NettyRequestSender - Using open Channel [id: 0x4a595bf2, L:/127.0.0.1:54757 - R:localhost/127.0.0.1:45709] for GET '/session/4113fd1cd7c2bb398bed4cfb647c8ca0/screenshot'
23:01:54.626 [AsyncHttpClient-1-20] DEBUG org.asynchttpclient.netty.handler.HttpHandler - 

Request DefaultFullHttpRequest(decodeResult: success, version: HTTP/1.1, content: EmptyByteBufBE)
GET /session/4113fd1cd7c2bb398bed4cfb647c8ca0/screenshot HTTP/1.1
User-Agent: selenium/4.8.1 (java windows)
Cache-Control: no-cache
Content-Type: application/json; charset=utf-8
host: localhost:45709
accept: */*

Response DefaultHttpResponse(decodeResult: success, version: HTTP/1.1)
HTTP/1.1 200 OK
Content-Length: 93224
Content-Type: application/json; charset=utf-8
cache-control: no-cache

23:01:54.626 [AsyncHttpClient-1-20] DEBUG org.asynchttpclient.netty.channel.ChannelManager - Adding key: http://localhost:45709 for channel [id: 0x4a595bf2, L:/127.0.0.1:54757 - R:localhost/127.0.0.1:45709]
23:01:54.630 [main] DEBUG net.serenitybdd.core.photography.Darkroom - Send negative for processing for target\site\serenity\eae70e0d31e8e8b85ce659fe0365ca28c24246a1bf9d3b50a76ae0889116b9f5.png
23:01:54.631 [Forwarding getPageSource on session 4113fd1cd7c2bb398bed4cfb647c8ca0 to remote] DEBUG org.asynchttpclient.netty.request.NettyRequestSender - Using pooled Channel '[id: 0x4a595bf2, L:/127.0.0.1:54757 - R:localhost/127.0.0.1:45709]' for 'POST' to 'http://localhost:45709/session/4113fd1cd7c2bb398bed4cfb647c8ca0/execute/sync'
23:01:54.631 [Forwarding getPageSource on session 4113fd1cd7c2bb398bed4cfb647c8ca0 to remote] DEBUG org.asynchttpclient.netty.request.NettyRequestSender - Using open Channel [id: 0x4a595bf2, L:/127.0.0.1:54757 - R:localhost/127.0.0.1:45709] for POST '/session/4113fd1cd7c2bb398bed4cfb647c8ca0/execute/sync'
23:01:54.684 [AsyncHttpClient-1-20] DEBUG org.asynchttpclient.netty.handler.HttpHandler - 

Request DefaultHttpRequest(decodeResult: success, version: HTTP/1.1)
POST /session/4113fd1cd7c2bb398bed4cfb647c8ca0/execute/sync HTTP/1.1
User-Agent: selenium/4.8.1 (java windows)
Content-Length: 176
Content-Type: application/json; charset=utf-8
host: localhost:45709
accept: */*

Response DefaultHttpResponse(decodeResult: success, version: HTTP/1.1)
HTTP/1.1 200 OK
Content-Length: 816995
Content-Type: application/json; charset=utf-8
cache-control: no-cache

23:01:54.685 [AsyncHttpClient-1-20] DEBUG org.asynchttpclient.netty.channel.ChannelManager - Adding key: http://localhost:45709 for channel [id: 0x4a595bf2, L:/127.0.0.1:54757 - R:localhost/127.0.0.1:45709]
23:01:54.762 [Forwarding getCurrentUrl on session 4113fd1cd7c2bb398bed4cfb647c8ca0 to remote] DEBUG org.asynchttpclient.netty.request.NettyRequestSender - Using pooled Channel '[id: 0x4a595bf2, L:/127.0.0.1:54757 - R:localhost/127.0.0.1:45709]' for 'GET' to 'http://localhost:45709/session/4113fd1cd7c2bb398bed4cfb647c8ca0/url'
23:01:54.762 [Forwarding getCurrentUrl on session 4113fd1cd7c2bb398bed4cfb647c8ca0 to remote] DEBUG org.asynchttpclient.netty.request.NettyRequestSender - Using open Channel [id: 0x4a595bf2, L:/127.0.0.1:54757 - R:localhost/127.0.0.1:45709] for GET '/session/4113fd1cd7c2bb398bed4cfb647c8ca0/url'
23:01:54.771 [AsyncHttpClient-1-20] DEBUG org.asynchttpclient.netty.handler.HttpHandler - 

Request DefaultFullHttpRequest(decodeResult: success, version: HTTP/1.1, content: EmptyByteBufBE)
GET /session/4113fd1cd7c2bb398bed4cfb647c8ca0/url HTTP/1.1
User-Agent: selenium/4.8.1 (java windows)
Cache-Control: no-cache
Content-Type: application/json; charset=utf-8
host: localhost:45709
accept: */*

Response DefaultHttpResponse(decodeResult: success, version: HTTP/1.1)
HTTP/1.1 200 OK
Content-Length: 41
Content-Type: application/json; charset=utf-8
cache-control: no-cache

23:01:54.771 [AsyncHttpClient-1-20] DEBUG org.asynchttpclient.netty.channel.ChannelManager - Adding key: http://localhost:45709 for channel [id: 0x4a595bf2, L:/127.0.0.1:54757 - R:localhost/127.0.0.1:45709]
23:01:54.774 [main] DEBUG net.thucydides.core.steps.StepInterceptor - STARTING STEP: HomepageSteps.chooseTheProduct - chooseProduct
23:01:54.775 [Forwarding findElement on session 4113fd1cd7c2bb398bed4cfb647c8ca0 to remote] DEBUG org.asynchttpclient.netty.request.NettyRequestSender - Using pooled Channel '[id: 0x4a595bf2, L:/127.0.0.1:54757 - R:localhost/127.0.0.1:45709]' for 'POST' to 'http://localhost:45709/session/4113fd1cd7c2bb398bed4cfb647c8ca0/element'
23:01:54.775 [Forwarding findElement on session 4113fd1cd7c2bb398bed4cfb647c8ca0 to remote] DEBUG org.asynchttpclient.netty.request.NettyRequestSender - Using open Channel [id: 0x4a595bf2, L:/127.0.0.1:54757 - R:localhost/127.0.0.1:45709] for POST '/session/4113fd1cd7c2bb398bed4cfb647c8ca0/element'
23:01:54.789 [AsyncHttpClient-1-20] DEBUG org.asynchttpclient.netty.handler.HttpHandler - 

Request DefaultHttpRequest(decodeResult: success, version: HTTP/1.1)
POST /session/4113fd1cd7c2bb398bed4cfb647c8ca0/element HTTP/1.1
User-Agent: selenium/4.8.1 (java windows)
Content-Length: 54
Content-Type: application/json; charset=utf-8
host: localhost:45709
accept: */*

Response DefaultHttpResponse(decodeResult: success, version: HTTP/1.1)
HTTP/1.1 200 OK
Content-Length: 94
Content-Type: application/json; charset=utf-8
cache-control: no-cache

23:01:54.789 [AsyncHttpClient-1-20] DEBUG org.asynchttpclient.netty.channel.ChannelManager - Adding key: http://localhost:45709 for channel [id: 0x4a595bf2, L:/127.0.0.1:54757 - R:localhost/127.0.0.1:45709]
23:01:54.791 [Forwarding isElementDisplayed on session 4113fd1cd7c2bb398bed4cfb647c8ca0 to remote] DEBUG org.asynchttpclient.netty.request.NettyRequestSender - Using pooled Channel '[id: 0x4a595bf2, L:/127.0.0.1:54757 - R:localhost/127.0.0.1:45709]' for 'POST' to 'http://localhost:45709/session/4113fd1cd7c2bb398bed4cfb647c8ca0/execute/sync'
23:01:54.792 [Forwarding isElementDisplayed on session 4113fd1cd7c2bb398bed4cfb647c8ca0 to remote] DEBUG org.asynchttpclient.netty.request.NettyRequestSender - Using open Channel [id: 0x4a595bf2, L:/127.0.0.1:54757 - R:localhost/127.0.0.1:45709] for POST '/session/4113fd1cd7c2bb398bed4cfb647c8ca0/execute/sync'
23:01:54.798 [AsyncHttpClient-1-1] DEBUG org.asynchttpclient.netty.channel.DefaultChannelPool - Entry count for : http://localhost:54758 : 1
23:01:54.808 [AsyncHttpClient-1-20] DEBUG org.asynchttpclient.netty.handler.HttpHandler - 

Request DefaultHttpRequest(decodeResult: success, version: HTTP/1.1)
POST /session/4113fd1cd7c2bb398bed4cfb647c8ca0/execute/sync HTTP/1.1
User-Agent: selenium/4.8.1 (java windows)
Content-Length: 48813
Content-Type: application/json; charset=utf-8
host: localhost:45709
accept: */*

Response DefaultHttpResponse(decodeResult: success, version: HTTP/1.1)
HTTP/1.1 200 OK
Content-Length: 14
Content-Type: application/json; charset=utf-8
cache-control: no-cache

23:01:54.808 [AsyncHttpClient-1-20] DEBUG org.asynchttpclient.netty.channel.ChannelManager - Adding key: http://localhost:45709 for channel [id: 0x4a595bf2, L:/127.0.0.1:54757 - R:localhost/127.0.0.1:45709]
23:01:54.812 [Forwarding getAlertText on session 4113fd1cd7c2bb398bed4cfb647c8ca0 to remote] DEBUG org.asynchttpclient.netty.request.NettyRequestSender - Using pooled Channel '[id: 0x4a595bf2, L:/127.0.0.1:54757 - R:localhost/127.0.0.1:45709]' for 'GET' to 'http://localhost:45709/session/4113fd1cd7c2bb398bed4cfb647c8ca0/alert/text'
23:01:54.812 [Forwarding getAlertText on session 4113fd1cd7c2bb398bed4cfb647c8ca0 to remote] DEBUG org.asynchttpclient.netty.request.NettyRequestSender - Using open Channel [id: 0x4a595bf2, L:/127.0.0.1:54757 - R:localhost/127.0.0.1:45709] for GET '/session/4113fd1cd7c2bb398bed4cfb647c8ca0/alert/text'
23:01:54.814 [AsyncHttpClient-1-20] DEBUG org.asynchttpclient.netty.handler.HttpHandler - 

Request DefaultFullHttpRequest(decodeResult: success, version: HTTP/1.1, content: EmptyByteBufBE)
GET /session/4113fd1cd7c2bb398bed4cfb647c8ca0/alert/text HTTP/1.1
User-Agent: selenium/4.8.1 (java windows)
Cache-Control: no-cache
Content-Type: application/json; charset=utf-8
host: localhost:45709
accept: */*

Response DefaultHttpResponse(decodeResult: success, version: HTTP/1.1)
HTTP/1.1 404 Not Found
Content-Length: 820
Content-Type: application/json; charset=utf-8
cache-control: no-cache

23:01:54.814 [AsyncHttpClient-1-20] DEBUG org.asynchttpclient.netty.channel.ChannelManager - Adding key: http://localhost:45709 for channel [id: 0x4a595bf2, L:/127.0.0.1:54757 - R:localhost/127.0.0.1:45709]
23:01:54.814 [Forwarding getCurrentUrl on session 4113fd1cd7c2bb398bed4cfb647c8ca0 to remote] DEBUG org.asynchttpclient.netty.request.NettyRequestSender - Using pooled Channel '[id: 0x4a595bf2, L:/127.0.0.1:54757 - R:localhost/127.0.0.1:45709]' for 'GET' to 'http://localhost:45709/session/4113fd1cd7c2bb398bed4cfb647c8ca0/url'
23:01:54.814 [Forwarding getCurrentUrl on session 4113fd1cd7c2bb398bed4cfb647c8ca0 to remote] DEBUG org.asynchttpclient.netty.request.NettyRequestSender - Using open Channel [id: 0x4a595bf2, L:/127.0.0.1:54757 - R:localhost/127.0.0.1:45709] for GET '/session/4113fd1cd7c2bb398bed4cfb647c8ca0/url'
23:01:54.820 [AsyncHttpClient-1-20] DEBUG org.asynchttpclient.netty.handler.HttpHandler - 

Request DefaultFullHttpRequest(decodeResult: success, version: HTTP/1.1, content: EmptyByteBufBE)
GET /session/4113fd1cd7c2bb398bed4cfb647c8ca0/url HTTP/1.1
User-Agent: selenium/4.8.1 (java windows)
Cache-Control: no-cache
Content-Type: application/json; charset=utf-8
host: localhost:45709
accept: */*

Response DefaultHttpResponse(decodeResult: success, version: HTTP/1.1)
HTTP/1.1 200 OK
Content-Length: 41
Content-Type: application/json; charset=utf-8
cache-control: no-cache

23:01:54.820 [AsyncHttpClient-1-20] DEBUG org.asynchttpclient.netty.channel.ChannelManager - Adding key: http://localhost:45709 for channel [id: 0x4a595bf2, L:/127.0.0.1:54757 - R:localhost/127.0.0.1:45709]
23:01:54.820 [Forwarding screenshot on session 4113fd1cd7c2bb398bed4cfb647c8ca0 to remote] DEBUG org.asynchttpclient.netty.request.NettyRequestSender - Using pooled Channel '[id: 0x4a595bf2, L:/127.0.0.1:54757 - R:localhost/127.0.0.1:45709]' for 'GET' to 'http://localhost:45709/session/4113fd1cd7c2bb398bed4cfb647c8ca0/screenshot'
23:01:54.820 [Forwarding screenshot on session 4113fd1cd7c2bb398bed4cfb647c8ca0 to remote] DEBUG org.asynchttpclient.netty.request.NettyRequestSender - Using open Channel [id: 0x4a595bf2, L:/127.0.0.1:54757 - R:localhost/127.0.0.1:45709] for GET '/session/4113fd1cd7c2bb398bed4cfb647c8ca0/screenshot'
23:01:55.000 [AsyncHttpClient-1-20] DEBUG org.asynchttpclient.netty.handler.HttpHandler - 

Request DefaultFullHttpRequest(decodeResult: success, version: HTTP/1.1, content: EmptyByteBufBE)
GET /session/4113fd1cd7c2bb398bed4cfb647c8ca0/screenshot HTTP/1.1
User-Agent: selenium/4.8.1 (java windows)
Cache-Control: no-cache
Content-Type: application/json; charset=utf-8
host: localhost:45709
accept: */*

Response DefaultHttpResponse(decodeResult: success, version: HTTP/1.1)
HTTP/1.1 200 OK
Content-Length: 93224
Content-Type: application/json; charset=utf-8
cache-control: no-cache

23:01:55.000 [AsyncHttpClient-1-20] DEBUG org.asynchttpclient.netty.channel.ChannelManager - Adding key: http://localhost:45709 for channel [id: 0x4a595bf2, L:/127.0.0.1:54757 - R:localhost/127.0.0.1:45709]
23:01:55.005 [main] DEBUG net.serenitybdd.core.photography.Darkroom - Send negative for processing for target\site\serenity\eae70e0d31e8e8b85ce659fe0365ca28c24246a1bf9d3b50a76ae0889116b9f5.png
23:01:55.005 [main] DEBUG net.thucydides.core.steps.StepInterceptor - STEP DONE: chooseProduct
  &amp#27;[32mWhen &amp#27;[0m&amp#27;[32mI choose the product&amp#27;[0m                         &amp#27;[90m# starter.stepdefinitions.HomepageSteps.chooseTheProduct()&amp#27;[0m
23:01:55.012 [Forwarding getPageSource on session 4113fd1cd7c2bb398bed4cfb647c8ca0 to remote] DEBUG org.asynchttpclient.netty.request.NettyRequestSender - Using pooled Channel '[id: 0x4a595bf2, L:/127.0.0.1:54757 - R:localhost/127.0.0.1:45709]' for 'POST' to 'http://localhost:45709/session/4113fd1cd7c2bb398bed4cfb647c8ca0/execute/sync'
23:01:55.012 [Forwarding getPageSource on session 4113fd1cd7c2bb398bed4cfb647c8ca0 to remote] DEBUG org.asynchttpclient.netty.request.NettyRequestSender - Using open Channel [id: 0x4a595bf2, L:/127.0.0.1:54757 - R:localhost/127.0.0.1:45709] for POST '/session/4113fd1cd7c2bb398bed4cfb647c8ca0/execute/sync'
23:01:55.081 [AsyncHttpClient-1-20] DEBUG org.asynchttpclient.netty.handler.HttpHandler - 

Request DefaultHttpRequest(decodeResult: success, version: HTTP/1.1)
POST /session/4113fd1cd7c2bb398bed4cfb647c8ca0/execute/sync HTTP/1.1
User-Agent: selenium/4.8.1 (java windows)
Content-Length: 176
Content-Type: application/json; charset=utf-8
host: localhost:45709
accept: */*

Response DefaultHttpResponse(decodeResult: success, version: HTTP/1.1)
HTTP/1.1 200 OK
Content-Length: 816995
Content-Type: application/json; charset=utf-8
cache-control: no-cache

23:01:55.082 [AsyncHttpClient-1-20] DEBUG org.asynchttpclient.netty.channel.ChannelManager - Adding key: http://localhost:45709 for channel [id: 0x4a595bf2, L:/127.0.0.1:54757 - R:localhost/127.0.0.1:45709]
23:01:55.169 [Forwarding getCurrentUrl on session 4113fd1cd7c2bb398bed4cfb647c8ca0 to remote] DEBUG org.asynchttpclient.netty.request.NettyRequestSender - Using pooled Channel '[id: 0x4a595bf2, L:/127.0.0.1:54757 - R:localhost/127.0.0.1:45709]' for 'GET' to 'http://localhost:45709/session/4113fd1cd7c2bb398bed4cfb647c8ca0/url'
23:01:55.169 [Forwarding getCurrentUrl on session 4113fd1cd7c2bb398bed4cfb647c8ca0 to remote] DEBUG org.asynchttpclient.netty.request.NettyRequestSender - Using open Channel [id: 0x4a595bf2, L:/127.0.0.1:54757 - R:localhost/127.0.0.1:45709] for GET '/session/4113fd1cd7c2bb398bed4cfb647c8ca0/url'
23:01:55.175 [AsyncHttpClient-1-20] DEBUG org.asynchttpclient.netty.handler.HttpHandler - 

Request DefaultFullHttpRequest(decodeResult: success, version: HTTP/1.1, content: EmptyByteBufBE)
GET /session/4113fd1cd7c2bb398bed4cfb647c8ca0/url HTTP/1.1
User-Agent: selenium/4.8.1 (java windows)
Cache-Control: no-cache
Content-Type: application/json; charset=utf-8
host: localhost:45709
accept: */*

Response DefaultHttpResponse(decodeResult: success, version: HTTP/1.1)
HTTP/1.1 200 OK
Content-Length: 41
Content-Type: application/json; charset=utf-8
cache-control: no-cache

23:01:55.175 [AsyncHttpClient-1-20] DEBUG org.asynchttpclient.netty.channel.ChannelManager - Adding key: http://localhost:45709 for channel [id: 0x4a595bf2, L:/127.0.0.1:54757 - R:localhost/127.0.0.1:45709]
23:01:55.183 [Forwarding getAlertText on session 4113fd1cd7c2bb398bed4cfb647c8ca0 to remote] DEBUG org.asynchttpclient.netty.request.NettyRequestSender - Using pooled Channel '[id: 0x4a595bf2, L:/127.0.0.1:54757 - R:localhost/127.0.0.1:45709]' for 'GET' to 'http://localhost:45709/session/4113fd1cd7c2bb398bed4cfb647c8ca0/alert/text'
23:01:55.183 [Forwarding getAlertText on session 4113fd1cd7c2bb398bed4cfb647c8ca0 to remote] DEBUG org.asynchttpclient.netty.request.NettyRequestSender - Using open Channel [id: 0x4a595bf2, L:/127.0.0.1:54757 - R:localhost/127.0.0.1:45709] for GET '/session/4113fd1cd7c2bb398bed4cfb647c8ca0/alert/text'
23:01:55.185 [AsyncHttpClient-1-20] DEBUG org.asynchttpclient.netty.handler.HttpHandler - 

Request DefaultFullHttpRequest(decodeResult: success, version: HTTP/1.1, content: EmptyByteBufBE)
GET /session/4113fd1cd7c2bb398bed4cfb647c8ca0/alert/text HTTP/1.1
User-Agent: selenium/4.8.1 (java windows)
Cache-Control: no-cache
Content-Type: application/json; charset=utf-8
host: localhost:45709
accept: */*

Response DefaultHttpResponse(decodeResult: success, version: HTTP/1.1)
HTTP/1.1 404 Not Found
Content-Length: 820
Content-Type: application/json; charset=utf-8
cache-control: no-cache

23:01:55.185 [AsyncHttpClient-1-20] DEBUG org.asynchttpclient.netty.channel.ChannelManager - Adding key: http://localhost:45709 for channel [id: 0x4a595bf2, L:/127.0.0.1:54757 - R:localhost/127.0.0.1:45709]
23:01:55.185 [Forwarding getCurrentUrl on session 4113fd1cd7c2bb398bed4cfb647c8ca0 to remote] DEBUG org.asynchttpclient.netty.request.NettyRequestSender - Using pooled Channel '[id: 0x4a595bf2, L:/127.0.0.1:54757 - R:localhost/127.0.0.1:45709]' for 'GET' to 'http://localhost:45709/session/4113fd1cd7c2bb398bed4cfb647c8ca0/url'
23:01:55.185 [Forwarding getCurrentUrl on session 4113fd1cd7c2bb398bed4cfb647c8ca0 to remote] DEBUG org.asynchttpclient.netty.request.NettyRequestSender - Using open Channel [id: 0x4a595bf2, L:/127.0.0.1:54757 - R:localhost/127.0.0.1:45709] for GET '/session/4113fd1cd7c2bb398bed4cfb647c8ca0/url'
23:01:55.192 [AsyncHttpClient-1-20] DEBUG org.asynchttpclient.netty.handler.HttpHandler - 

Request DefaultFullHttpRequest(decodeResult: success, version: HTTP/1.1, content: EmptyByteBufBE)
GET /session/4113fd1cd7c2bb398bed4cfb647c8ca0/url HTTP/1.1
User-Agent: selenium/4.8.1 (java windows)
Cache-Control: no-cache
Content-Type: application/json; charset=utf-8
host: localhost:45709
accept: */*

Response DefaultHttpResponse(decodeResult: success, version: HTTP/1.1)
HTTP/1.1 200 OK
Content-Length: 41
Content-Type: application/json; charset=utf-8
cache-control: no-cache

23:01:55.192 [AsyncHttpClient-1-20] DEBUG org.asynchttpclient.netty.channel.ChannelManager - Adding key: http://localhost:45709 for channel [id: 0x4a595bf2, L:/127.0.0.1:54757 - R:localhost/127.0.0.1:45709]
23:01:55.193 [Forwarding screenshot on session 4113fd1cd7c2bb398bed4cfb647c8ca0 to remote] DEBUG org.asynchttpclient.netty.request.NettyRequestSender - Using pooled Channel '[id: 0x4a595bf2, L:/127.0.0.1:54757 - R:localhost/127.0.0.1:45709]' for 'GET' to 'http://localhost:45709/session/4113fd1cd7c2bb398bed4cfb647c8ca0/screenshot'
23:01:55.193 [Forwarding screenshot on session 4113fd1cd7c2bb398bed4cfb647c8ca0 to remote] DEBUG org.asynchttpclient.netty.request.NettyRequestSender - Using open Channel [id: 0x4a595bf2, L:/127.0.0.1:54757 - R:localhost/127.0.0.1:45709] for GET '/session/4113fd1cd7c2bb398bed4cfb647c8ca0/screenshot'
23:01:55.304 [AsyncHttpClient-1-20] DEBUG org.asynchttpclient.netty.handler.HttpHandler - 

Request DefaultFullHttpRequest(decodeResult: success, version: HTTP/1.1, content: EmptyByteBufBE)
GET /session/4113fd1cd7c2bb398bed4cfb647c8ca0/screenshot HTTP/1.1
User-Agent: selenium/4.8.1 (java windows)
Cache-Control: no-cache
Content-Type: application/json; charset=utf-8
host: localhost:45709
accept: */*

Response DefaultHttpResponse(decodeResult: success, version: HTTP/1.1)
HTTP/1.1 200 OK
Content-Length: 93224
Content-Type: application/json; charset=utf-8
cache-control: no-cache

23:01:55.305 [AsyncHttpClient-1-20] DEBUG org.asynchttpclient.netty.channel.ChannelManager - Adding key: http://localhost:45709 for channel [id: 0x4a595bf2, L:/127.0.0.1:54757 - R:localhost/127.0.0.1:45709]
23:01:55.308 [main] DEBUG net.serenitybdd.core.photography.Darkroom - Send negative for processing for target\site\serenity\eae70e0d31e8e8b85ce659fe0365ca28c24246a1bf9d3b50a76ae0889116b9f5.png
23:01:55.309 [Forwarding getPageSource on session 4113fd1cd7c2bb398bed4cfb647c8ca0 to remote] DEBUG org.asynchttpclient.netty.request.NettyRequestSender - Using pooled Channel '[id: 0x4a595bf2, L:/127.0.0.1:54757 - R:localhost/127.0.0.1:45709]' for 'POST' to 'http://localhost:45709/session/4113fd1cd7c2bb398bed4cfb647c8ca0/execute/sync'
23:01:55.309 [Forwarding getPageSource on session 4113fd1cd7c2bb398bed4cfb647c8ca0 to remote] DEBUG org.asynchttpclient.netty.request.NettyRequestSender - Using open Channel [id: 0x4a595bf2, L:/127.0.0.1:54757 - R:localhost/127.0.0.1:45709] for POST '/session/4113fd1cd7c2bb398bed4cfb647c8ca0/execute/sync'
23:01:55.375 [AsyncHttpClient-1-20] DEBUG org.asynchttpclient.netty.handler.HttpHandler - 

Request DefaultHttpRequest(decodeResult: success, version: HTTP/1.1)
POST /session/4113fd1cd7c2bb398bed4cfb647c8ca0/execute/sync HTTP/1.1
User-Agent: selenium/4.8.1 (java windows)
Content-Length: 176
Content-Type: application/json; charset=utf-8
host: localhost:45709
accept: */*

Response DefaultHttpResponse(decodeResult: success, version: HTTP/1.1)
HTTP/1.1 200 OK
Content-Length: 816995
Content-Type: application/json; charset=utf-8
cache-control: no-cache

23:01:55.377 [AsyncHttpClient-1-20] DEBUG org.asynchttpclient.netty.channel.ChannelManager - Adding key: http://localhost:45709 for channel [id: 0x4a595bf2, L:/127.0.0.1:54757 - R:localhost/127.0.0.1:45709]
23:01:55.514 [Forwarding getCurrentUrl on session 4113fd1cd7c2bb398bed4cfb647c8ca0 to remote] DEBUG org.asynchttpclient.netty.request.NettyRequestSender - Using pooled Channel '[id: 0x4a595bf2, L:/127.0.0.1:54757 - R:localhost/127.0.0.1:45709]' for 'GET' to 'http://localhost:45709/session/4113fd1cd7c2bb398bed4cfb647c8ca0/url'
23:01:55.514 [Forwarding getCurrentUrl on session 4113fd1cd7c2bb398bed4cfb647c8ca0 to remote] DEBUG org.asynchttpclient.netty.request.NettyRequestSender - Using open Channel [id: 0x4a595bf2, L:/127.0.0.1:54757 - R:localhost/127.0.0.1:45709] for GET '/session/4113fd1cd7c2bb398bed4cfb647c8ca0/url'
23:01:55.523 [AsyncHttpClient-1-20] DEBUG org.asynchttpclient.netty.handler.HttpHandler - 

Request DefaultFullHttpRequest(decodeResult: success, version: HTTP/1.1, content: EmptyByteBufBE)
GET /session/4113fd1cd7c2bb398bed4cfb647c8ca0/url HTTP/1.1
User-Agent: selenium/4.8.1 (java windows)
Cache-Control: no-cache
Content-Type: application/json; charset=utf-8
host: localhost:45709
accept: */*

Response DefaultHttpResponse(decodeResult: success, version: HTTP/1.1)
HTTP/1.1 200 OK
Content-Length: 41
Content-Type: application/json; charset=utf-8
cache-control: no-cache

23:01:55.523 [AsyncHttpClient-1-20] DEBUG org.asynchttpclient.netty.channel.ChannelManager - Adding key: http://localhost:45709 for channel [id: 0x4a595bf2, L:/127.0.0.1:54757 - R:localhost/127.0.0.1:45709]
23:01:55.527 [main] DEBUG net.thucydides.core.steps.StepInterceptor - STARTING STEP: HomepageSteps.clickBuyButton - clickBeliProduk1
23:01:55.531 [Forwarding findElement on session 4113fd1cd7c2bb398bed4cfb647c8ca0 to remote] DEBUG org.asynchttpclient.netty.request.NettyRequestSender - Using pooled Channel '[id: 0x4a595bf2, L:/127.0.0.1:54757 - R:localhost/127.0.0.1:45709]' for 'POST' to 'http://localhost:45709/session/4113fd1cd7c2bb398bed4cfb647c8ca0/element'
23:01:55.531 [Forwarding findElement on session 4113fd1cd7c2bb398bed4cfb647c8ca0 to remote] DEBUG org.asynchttpclient.netty.request.NettyRequestSender - Using open Channel [id: 0x4a595bf2, L:/127.0.0.1:54757 - R:localhost/127.0.0.1:45709] for POST '/session/4113fd1cd7c2bb398bed4cfb647c8ca0/element'
23:01:55.565 [AsyncHttpClient-1-20] DEBUG org.asynchttpclient.netty.handler.HttpHandler - 

Request DefaultHttpRequest(decodeResult: success, version: HTTP/1.1)
POST /session/4113fd1cd7c2bb398bed4cfb647c8ca0/element HTTP/1.1
User-Agent: selenium/4.8.1 (java windows)
Content-Length: 113
Content-Type: application/json; charset=utf-8
host: localhost:45709
accept: */*

Response DefaultHttpResponse(decodeResult: success, version: HTTP/1.1)
HTTP/1.1 200 OK
Content-Length: 94
Content-Type: application/json; charset=utf-8
cache-control: no-cache

23:01:55.565 [AsyncHttpClient-1-20] DEBUG org.asynchttpclient.netty.channel.ChannelManager - Adding key: http://localhost:45709 for channel [id: 0x4a595bf2, L:/127.0.0.1:54757 - R:localhost/127.0.0.1:45709]
23:01:55.566 [Forwarding getElementTagName on session 4113fd1cd7c2bb398bed4cfb647c8ca0 to remote] DEBUG org.asynchttpclient.netty.request.NettyRequestSender - Using pooled Channel '[id: 0x4a595bf2, L:/127.0.0.1:54757 - R:localhost/127.0.0.1:45709]' for 'GET' to 'http://localhost:45709/session/4113fd1cd7c2bb398bed4cfb647c8ca0/element/0DF7A564E11C585A62DFBEFE78BDA568_element_9/name'
23:01:55.566 [Forwarding getElementTagName on session 4113fd1cd7c2bb398bed4cfb647c8ca0 to remote] DEBUG org.asynchttpclient.netty.request.NettyRequestSender - Using open Channel [id: 0x4a595bf2, L:/127.0.0.1:54757 - R:localhost/127.0.0.1:45709] for GET '/session/4113fd1cd7c2bb398bed4cfb647c8ca0/element/0DF7A564E11C585A62DFBEFE78BDA568_element_9/name'
23:01:55.579 [AsyncHttpClient-1-20] DEBUG org.asynchttpclient.netty.handler.HttpHandler - 

Request DefaultFullHttpRequest(decodeResult: success, version: HTTP/1.1, content: EmptyByteBufBE)
GET /session/4113fd1cd7c2bb398bed4cfb647c8ca0/element/0DF7A564E11C585A62DFBEFE78BDA568_element_9/name HTTP/1.1
User-Agent: selenium/4.8.1 (java windows)
Cache-Control: no-cache
Content-Type: application/json; charset=utf-8
host: localhost:45709
accept: */*

Response DefaultHttpResponse(decodeResult: success, version: HTTP/1.1)
HTTP/1.1 200 OK
Content-Length: 18
Content-Type: application/json; charset=utf-8
cache-control: no-cache

23:01:55.579 [AsyncHttpClient-1-20] DEBUG org.asynchttpclient.netty.channel.ChannelManager - Adding key: http://localhost:45709 for channel [id: 0x4a595bf2, L:/127.0.0.1:54757 - R:localhost/127.0.0.1:45709]
23:01:55.580 [Forwarding getElementTagName on session 4113fd1cd7c2bb398bed4cfb647c8ca0 to remote] DEBUG org.asynchttpclient.netty.request.NettyRequestSender - Using pooled Channel '[id: 0x4a595bf2, L:/127.0.0.1:54757 - R:localhost/127.0.0.1:45709]' for 'GET' to 'http://localhost:45709/session/4113fd1cd7c2bb398bed4cfb647c8ca0/element/0DF7A564E11C585A62DFBEFE78BDA568_element_9/name'
23:01:55.580 [Forwarding getElementTagName on session 4113fd1cd7c2bb398bed4cfb647c8ca0 to remote] DEBUG org.asynchttpclient.netty.request.NettyRequestSender - Using open Channel [id: 0x4a595bf2, L:/127.0.0.1:54757 - R:localhost/127.0.0.1:45709] for GET '/session/4113fd1cd7c2bb398bed4cfb647c8ca0/element/0DF7A564E11C585A62DFBEFE78BDA568_element_9/name'
23:01:55.592 [AsyncHttpClient-1-20] DEBUG org.asynchttpclient.netty.handler.HttpHandler - 

Request DefaultFullHttpRequest(decodeResult: success, version: HTTP/1.1, content: EmptyByteBufBE)
GET /session/4113fd1cd7c2bb398bed4cfb647c8ca0/element/0DF7A564E11C585A62DFBEFE78BDA568_element_9/name HTTP/1.1
User-Agent: selenium/4.8.1 (java windows)
Cache-Control: no-cache
Content-Type: application/json; charset=utf-8
host: localhost:45709
accept: */*

Response DefaultHttpResponse(decodeResult: success, version: HTTP/1.1)
HTTP/1.1 200 OK
Content-Length: 18
Content-Type: application/json; charset=utf-8
cache-control: no-cache

23:01:55.592 [AsyncHttpClient-1-20] DEBUG org.asynchttpclient.netty.channel.ChannelManager - Adding key: http://localhost:45709 for channel [id: 0x4a595bf2, L:/127.0.0.1:54757 - R:localhost/127.0.0.1:45709]
23:01:55.595 [Forwarding isElementEnabled on session 4113fd1cd7c2bb398bed4cfb647c8ca0 to remote] DEBUG org.asynchttpclient.netty.request.NettyRequestSender - Using pooled Channel '[id: 0x4a595bf2, L:/127.0.0.1:54757 - R:localhost/127.0.0.1:45709]' for 'GET' to 'http://localhost:45709/session/4113fd1cd7c2bb398bed4cfb647c8ca0/element/0DF7A564E11C585A62DFBEFE78BDA568_element_9/enabled'
23:01:55.595 [Forwarding isElementEnabled on session 4113fd1cd7c2bb398bed4cfb647c8ca0 to remote] DEBUG org.asynchttpclient.netty.request.NettyRequestSender - Using open Channel [id: 0x4a595bf2, L:/127.0.0.1:54757 - R:localhost/127.0.0.1:45709] for GET '/session/4113fd1cd7c2bb398bed4cfb647c8ca0/element/0DF7A564E11C585A62DFBEFE78BDA568_element_9/enabled'
23:01:55.613 [AsyncHttpClient-1-20] DEBUG org.asynchttpclient.netty.handler.HttpHandler - 

Request DefaultFullHttpRequest(decodeResult: success, version: HTTP/1.1, content: EmptyByteBufBE)
GET /session/4113fd1cd7c2bb398bed4cfb647c8ca0/element/0DF7A564E11C585A62DFBEFE78BDA568_element_9/enabled HTTP/1.1
User-Agent: selenium/4.8.1 (java windows)
Cache-Control: no-cache
Content-Type: application/json; charset=utf-8
host: localhost:45709
accept: */*

Response DefaultHttpResponse(decodeResult: success, version: HTTP/1.1)
HTTP/1.1 200 OK
Content-Length: 14
Content-Type: application/json; charset=utf-8
cache-control: no-cache

23:01:55.613 [AsyncHttpClient-1-20] DEBUG org.asynchttpclient.netty.channel.ChannelManager - Adding key: http://localhost:45709 for channel [id: 0x4a595bf2, L:/127.0.0.1:54757 - R:localhost/127.0.0.1:45709]
23:01:55.614 [Forwarding isElementEnabled on session 4113fd1cd7c2bb398bed4cfb647c8ca0 to remote] DEBUG org.asynchttpclient.netty.request.NettyRequestSender - Using pooled Channel '[id: 0x4a595bf2, L:/127.0.0.1:54757 - R:localhost/127.0.0.1:45709]' for 'GET' to 'http://localhost:45709/session/4113fd1cd7c2bb398bed4cfb647c8ca0/element/0DF7A564E11C585A62DFBEFE78BDA568_element_9/enabled'
23:01:55.614 [Forwarding isElementEnabled on session 4113fd1cd7c2bb398bed4cfb647c8ca0 to remote] DEBUG org.asynchttpclient.netty.request.NettyRequestSender - Using open Channel [id: 0x4a595bf2, L:/127.0.0.1:54757 - R:localhost/127.0.0.1:45709] for GET '/session/4113fd1cd7c2bb398bed4cfb647c8ca0/element/0DF7A564E11C585A62DFBEFE78BDA568_element_9/enabled'
23:01:55.632 [AsyncHttpClient-1-20] DEBUG org.asynchttpclient.netty.handler.HttpHandler - 

Request DefaultFullHttpRequest(decodeResult: success, version: HTTP/1.1, content: EmptyByteBufBE)
GET /session/4113fd1cd7c2bb398bed4cfb647c8ca0/element/0DF7A564E11C585A62DFBEFE78BDA568_element_9/enabled HTTP/1.1
User-Agent: selenium/4.8.1 (java windows)
Cache-Control: no-cache
Content-Type: application/json; charset=utf-8
host: localhost:45709
accept: */*

Response DefaultHttpResponse(decodeResult: success, version: HTTP/1.1)
HTTP/1.1 200 OK
Content-Length: 14
Content-Type: application/json; charset=utf-8
cache-control: no-cache

23:01:55.632 [AsyncHttpClient-1-20] DEBUG org.asynchttpclient.netty.channel.ChannelManager - Adding key: http://localhost:45709 for channel [id: 0x4a595bf2, L:/127.0.0.1:54757 - R:localhost/127.0.0.1:45709]
23:01:55.634 [Forwarding findElement on session 4113fd1cd7c2bb398bed4cfb647c8ca0 to remote] DEBUG org.asynchttpclient.netty.request.NettyRequestSender - Using pooled Channel '[id: 0x4a595bf2, L:/127.0.0.1:54757 - R:localhost/127.0.0.1:45709]' for 'POST' to 'http://localhost:45709/session/4113fd1cd7c2bb398bed4cfb647c8ca0/element'
23:01:55.635 [Forwarding findElement on session 4113fd1cd7c2bb398bed4cfb647c8ca0 to remote] DEBUG org.asynchttpclient.netty.request.NettyRequestSender - Using open Channel [id: 0x4a595bf2, L:/127.0.0.1:54757 - R:localhost/127.0.0.1:45709] for POST '/session/4113fd1cd7c2bb398bed4cfb647c8ca0/element'
23:01:55.667 [AsyncHttpClient-1-20] DEBUG org.asynchttpclient.netty.handler.HttpHandler - 

Request DefaultHttpRequest(decodeResult: success, version: HTTP/1.1)
POST /session/4113fd1cd7c2bb398bed4cfb647c8ca0/element HTTP/1.1
User-Agent: selenium/4.8.1 (java windows)
Content-Length: 113
Content-Type: application/json; charset=utf-8
host: localhost:45709
accept: */*

Response DefaultHttpResponse(decodeResult: success, version: HTTP/1.1)
HTTP/1.1 200 OK
Content-Length: 94
Content-Type: application/json; charset=utf-8
cache-control: no-cache

23:01:55.667 [AsyncHttpClient-1-20] DEBUG org.asynchttpclient.netty.channel.ChannelManager - Adding key: http://localhost:45709 for channel [id: 0x4a595bf2, L:/127.0.0.1:54757 - R:localhost/127.0.0.1:45709]
23:01:55.668 [Forwarding clickElement on session 4113fd1cd7c2bb398bed4cfb647c8ca0 to remote] DEBUG org.asynchttpclient.netty.request.NettyRequestSender - Using pooled Channel '[id: 0x4a595bf2, L:/127.0.0.1:54757 - R:localhost/127.0.0.1:45709]' for 'POST' to 'http://localhost:45709/session/4113fd1cd7c2bb398bed4cfb647c8ca0/element/0DF7A564E11C585A62DFBEFE78BDA568_element_9/click'
23:01:55.668 [Forwarding clickElement on session 4113fd1cd7c2bb398bed4cfb647c8ca0 to remote] DEBUG org.asynchttpclient.netty.request.NettyRequestSender - Using open Channel [id: 0x4a595bf2, L:/127.0.0.1:54757 - R:localhost/127.0.0.1:45709] for POST '/session/4113fd1cd7c2bb398bed4cfb647c8ca0/element/0DF7A564E11C585A62DFBEFE78BDA568_element_9/click'
23:01:55.898 [AsyncHttpClient-1-1] DEBUG org.asynchttpclient.netty.channel.DefaultChannelPool - Entry count for : http://localhost:54758 : 1
23:01:55.920 [AsyncHttpClient-1-20] DEBUG org.asynchttpclient.netty.handler.HttpHandler - 

Request DefaultHttpRequest(decodeResult: success, version: HTTP/1.1)
POST /session/4113fd1cd7c2bb398bed4cfb647c8ca0/element/0DF7A564E11C585A62DFBEFE78BDA568_element_9/click HTTP/1.1
User-Agent: selenium/4.8.1 (java windows)
Content-Length: 56
Content-Type: application/json; charset=utf-8
host: localhost:45709
accept: */*

Response DefaultHttpResponse(decodeResult: success, version: HTTP/1.1)
HTTP/1.1 200 OK
Content-Length: 14
Content-Type: application/json; charset=utf-8
cache-control: no-cache

23:01:55.920 [AsyncHttpClient-1-20] DEBUG org.asynchttpclient.netty.channel.ChannelManager - Adding key: http://localhost:45709 for channel [id: 0x4a595bf2, L:/127.0.0.1:54757 - R:localhost/127.0.0.1:45709]
23:01:55.936 [Forwarding getAlertText on session 4113fd1cd7c2bb398bed4cfb647c8ca0 to remote] DEBUG org.asynchttpclient.netty.request.NettyRequestSender - Using pooled Channel '[id: 0x4a595bf2, L:/127.0.0.1:54757 - R:localhost/127.0.0.1:45709]' for 'GET' to 'http://localhost:45709/session/4113fd1cd7c2bb398bed4cfb647c8ca0/alert/text'
23:01:55.936 [Forwarding getAlertText on session 4113fd1cd7c2bb398bed4cfb647c8ca0 to remote] DEBUG org.asynchttpclient.netty.request.NettyRequestSender - Using open Channel [id: 0x4a595bf2, L:/127.0.0.1:54757 - R:localhost/127.0.0.1:45709] for GET '/session/4113fd1cd7c2bb398bed4cfb647c8ca0/alert/text'
23:01:55.939 [AsyncHttpClient-1-20] DEBUG org.asynchttpclient.netty.handler.HttpHandler - 

Request DefaultFullHttpRequest(decodeResult: success, version: HTTP/1.1, content: EmptyByteBufBE)
GET /session/4113fd1cd7c2bb398bed4cfb647c8ca0/alert/text HTTP/1.1
User-Agent: selenium/4.8.1 (java windows)
Cache-Control: no-cache
Content-Type: application/json; charset=utf-8
host: localhost:45709
accept: */*

Response DefaultHttpResponse(decodeResult: success, version: HTTP/1.1)
HTTP/1.1 404 Not Found
Content-Length: 820
Content-Type: application/json; charset=utf-8
cache-control: no-cache

23:01:55.939 [AsyncHttpClient-1-20] DEBUG org.asynchttpclient.netty.channel.ChannelManager - Adding key: http://localhost:45709 for channel [id: 0x4a595bf2, L:/127.0.0.1:54757 - R:localhost/127.0.0.1:45709]
23:01:55.940 [Forwarding getCurrentUrl on session 4113fd1cd7c2bb398bed4cfb647c8ca0 to remote] DEBUG org.asynchttpclient.netty.request.NettyRequestSender - Using pooled Channel '[id: 0x4a595bf2, L:/127.0.0.1:54757 - R:localhost/127.0.0.1:45709]' for 'GET' to 'http://localhost:45709/session/4113fd1cd7c2bb398bed4cfb647c8ca0/url'
23:01:55.940 [Forwarding getCurrentUrl on session 4113fd1cd7c2bb398bed4cfb647c8ca0 to remote] DEBUG org.asynchttpclient.netty.request.NettyRequestSender - Using open Channel [id: 0x4a595bf2, L:/127.0.0.1:54757 - R:localhost/127.0.0.1:45709] for GET '/session/4113fd1cd7c2bb398bed4cfb647c8ca0/url'
23:01:55.957 [AsyncHttpClient-1-20] DEBUG org.asynchttpclient.netty.handler.HttpHandler - 

Request DefaultFullHttpRequest(decodeResult: success, version: HTTP/1.1, content: EmptyByteBufBE)
GET /session/4113fd1cd7c2bb398bed4cfb647c8ca0/url HTTP/1.1
User-Agent: selenium/4.8.1 (java windows)
Cache-Control: no-cache
Content-Type: application/json; charset=utf-8
host: localhost:45709
accept: */*

Response DefaultHttpResponse(decodeResult: success, version: HTTP/1.1)
HTTP/1.1 200 OK
Content-Length: 41
Content-Type: application/json; charset=utf-8
cache-control: no-cache

23:01:55.957 [AsyncHttpClient-1-20] DEBUG org.asynchttpclient.netty.channel.ChannelManager - Adding key: http://localhost:45709 for channel [id: 0x4a595bf2, L:/127.0.0.1:54757 - R:localhost/127.0.0.1:45709]
23:01:55.958 [Forwarding screenshot on session 4113fd1cd7c2bb398bed4cfb647c8ca0 to remote] DEBUG org.asynchttpclient.netty.request.NettyRequestSender - Using pooled Channel '[id: 0x4a595bf2, L:/127.0.0.1:54757 - R:localhost/127.0.0.1:45709]' for 'GET' to 'http://localhost:45709/session/4113fd1cd7c2bb398bed4cfb647c8ca0/screenshot'
23:01:55.958 [Forwarding screenshot on session 4113fd1cd7c2bb398bed4cfb647c8ca0 to remote] DEBUG org.asynchttpclient.netty.request.NettyRequestSender - Using open Channel [id: 0x4a595bf2, L:/127.0.0.1:54757 - R:localhost/127.0.0.1:45709] for GET '/session/4113fd1cd7c2bb398bed4cfb647c8ca0/screenshot'
23:01:56.273 [AsyncHttpClient-1-20] DEBUG org.asynchttpclient.netty.handler.HttpHandler - 

Request DefaultFullHttpRequest(decodeResult: success, version: HTTP/1.1, content: EmptyByteBufBE)
GET /session/4113fd1cd7c2bb398bed4cfb647c8ca0/screenshot HTTP/1.1
User-Agent: selenium/4.8.1 (java windows)
Cache-Control: no-cache
Content-Type: application/json; charset=utf-8
host: localhost:45709
accept: */*

Response DefaultHttpResponse(decodeResult: success, version: HTTP/1.1)
HTTP/1.1 200 OK
Content-Length: 87704
Content-Type: application/json; charset=utf-8
cache-control: no-cache

23:01:56.273 [AsyncHttpClient-1-20] DEBUG org.asynchttpclient.netty.channel.ChannelManager - Adding key: http://localhost:45709 for channel [id: 0x4a595bf2, L:/127.0.0.1:54757 - R:localhost/127.0.0.1:45709]
23:01:56.280 [main] DEBUG net.serenitybdd.core.photography.Darkroom - Send negative for processing for target\site\serenity\56ee3d622c82f280454ff2ecd9a5435236d02d59b6bd469d902d5dfe51ba59f3.png
23:01:56.280 [main] DEBUG net.thucydides.core.steps.StepInterceptor - STEP DONE: clickBeliProduk1
  &amp#27;[32mAnd &amp#27;[0m&amp#27;[32mI click buy button&amp#27;[0m                            &amp#27;[90m# starter.stepdefinitions.HomepageSteps.clickBuyButton()&amp#27;[0m
23:01:56.281 [Darkroom Processing Line] DEBUG net.serenitybdd.core.photography.DarkroomProcessingLine - Processing screenshot image in /var/screenshots/screenshot-5421672201553946428
23:01:56.281 [Darkroom Processing Line] DEBUG net.serenitybdd.core.photography.DarkroomProcessingLine - Saving screenshot to target\site\serenity\56ee3d622c82f280454ff2ecd9a5435236d02d59b6bd469d902d5dfe51ba59f3.png
23:01:56.297 [Forwarding getPageSource on session 4113fd1cd7c2bb398bed4cfb647c8ca0 to remote] DEBUG org.asynchttpclient.netty.request.NettyRequestSender - Using pooled Channel '[id: 0x4a595bf2, L:/127.0.0.1:54757 - R:localhost/127.0.0.1:45709]' for 'POST' to 'http://localhost:45709/session/4113fd1cd7c2bb398bed4cfb647c8ca0/execute/sync'
23:01:56.297 [Forwarding getPageSource on session 4113fd1cd7c2bb398bed4cfb647c8ca0 to remote] DEBUG org.asynchttpclient.netty.request.NettyRequestSender - Using open Channel [id: 0x4a595bf2, L:/127.0.0.1:54757 - R:localhost/127.0.0.1:45709] for POST '/session/4113fd1cd7c2bb398bed4cfb647c8ca0/execute/sync'
23:01:56.466 [AsyncHttpClient-1-20] DEBUG org.asynchttpclient.netty.handler.HttpHandler - 

Request DefaultHttpRequest(decodeResult: success, version: HTTP/1.1)
POST /session/4113fd1cd7c2bb398bed4cfb647c8ca0/execute/sync HTTP/1.1
User-Agent: selenium/4.8.1 (java windows)
Content-Length: 176
Content-Type: application/json; charset=utf-8
host: localhost:45709
accept: */*

Response DefaultHttpResponse(decodeResult: success, version: HTTP/1.1)
HTTP/1.1 200 OK
Content-Length: 817334
Content-Type: application/json; charset=utf-8
cache-control: no-cache

23:01:56.467 [AsyncHttpClient-1-20] DEBUG org.asynchttpclient.netty.channel.ChannelManager - Adding key: http://localhost:45709 for channel [id: 0x4a595bf2, L:/127.0.0.1:54757 - R:localhost/127.0.0.1:45709]
23:01:56.655 [Forwarding getCurrentUrl on session 4113fd1cd7c2bb398bed4cfb647c8ca0 to remote] DEBUG org.asynchttpclient.netty.request.NettyRequestSender - Using pooled Channel '[id: 0x4a595bf2, L:/127.0.0.1:54757 - R:localhost/127.0.0.1:45709]' for 'GET' to 'http://localhost:45709/session/4113fd1cd7c2bb398bed4cfb647c8ca0/url'
23:01:56.655 [Forwarding getCurrentUrl on session 4113fd1cd7c2bb398bed4cfb647c8ca0 to remote] DEBUG org.asynchttpclient.netty.request.NettyRequestSender - Using open Channel [id: 0x4a595bf2, L:/127.0.0.1:54757 - R:localhost/127.0.0.1:45709] for GET '/session/4113fd1cd7c2bb398bed4cfb647c8ca0/url'
23:01:56.667 [AsyncHttpClient-1-20] DEBUG org.asynchttpclient.netty.handler.HttpHandler - 

Request DefaultFullHttpRequest(decodeResult: success, version: HTTP/1.1, content: EmptyByteBufBE)
GET /session/4113fd1cd7c2bb398bed4cfb647c8ca0/url HTTP/1.1
User-Agent: selenium/4.8.1 (java windows)
Cache-Control: no-cache
Content-Type: application/json; charset=utf-8
host: localhost:45709
accept: */*

Response DefaultHttpResponse(decodeResult: success, version: HTTP/1.1)
HTTP/1.1 200 OK
Content-Length: 41
Content-Type: application/json; charset=utf-8
cache-control: no-cache

23:01:56.667 [AsyncHttpClient-1-20] DEBUG org.asynchttpclient.netty.channel.ChannelManager - Adding key: http://localhost:45709 for channel [id: 0x4a595bf2, L:/127.0.0.1:54757 - R:localhost/127.0.0.1:45709]
23:01:56.693 [Forwarding getAlertText on session 4113fd1cd7c2bb398bed4cfb647c8ca0 to remote] DEBUG org.asynchttpclient.netty.request.NettyRequestSender - Using pooled Channel '[id: 0x4a595bf2, L:/127.0.0.1:54757 - R:localhost/127.0.0.1:45709]' for 'GET' to 'http://localhost:45709/session/4113fd1cd7c2bb398bed4cfb647c8ca0/alert/text'
23:01:56.693 [Forwarding getAlertText on session 4113fd1cd7c2bb398bed4cfb647c8ca0 to remote] DEBUG org.asynchttpclient.netty.request.NettyRequestSender - Using open Channel [id: 0x4a595bf2, L:/127.0.0.1:54757 - R:localhost/127.0.0.1:45709] for GET '/session/4113fd1cd7c2bb398bed4cfb647c8ca0/alert/text'
23:01:56.697 [AsyncHttpClient-1-20] DEBUG org.asynchttpclient.netty.handler.HttpHandler - 

Request DefaultFullHttpRequest(decodeResult: success, version: HTTP/1.1, content: EmptyByteBufBE)
GET /session/4113fd1cd7c2bb398bed4cfb647c8ca0/alert/text HTTP/1.1
User-Agent: selenium/4.8.1 (java windows)
Cache-Control: no-cache
Content-Type: application/json; charset=utf-8
host: localhost:45709
accept: */*

Response DefaultHttpResponse(decodeResult: success, version: HTTP/1.1)
HTTP/1.1 404 Not Found
Content-Length: 820
Content-Type: application/json; charset=utf-8
cache-control: no-cache

23:01:56.697 [AsyncHttpClient-1-20] DEBUG org.asynchttpclient.netty.channel.ChannelManager - Adding key: http://localhost:45709 for channel [id: 0x4a595bf2, L:/127.0.0.1:54757 - R:localhost/127.0.0.1:45709]
23:01:56.698 [Forwarding getCurrentUrl on session 4113fd1cd7c2bb398bed4cfb647c8ca0 to remote] DEBUG org.asynchttpclient.netty.request.NettyRequestSender - Using pooled Channel '[id: 0x4a595bf2, L:/127.0.0.1:54757 - R:localhost/127.0.0.1:45709]' for 'GET' to 'http://localhost:45709/session/4113fd1cd7c2bb398bed4cfb647c8ca0/url'
23:01:56.698 [Forwarding getCurrentUrl on session 4113fd1cd7c2bb398bed4cfb647c8ca0 to remote] DEBUG org.asynchttpclient.netty.request.NettyRequestSender - Using open Channel [id: 0x4a595bf2, L:/127.0.0.1:54757 - R:localhost/127.0.0.1:45709] for GET '/session/4113fd1cd7c2bb398bed4cfb647c8ca0/url'
23:01:56.709 [AsyncHttpClient-1-20] DEBUG org.asynchttpclient.netty.handler.HttpHandler - 

Request DefaultFullHttpRequest(decodeResult: success, version: HTTP/1.1, content: EmptyByteBufBE)
GET /session/4113fd1cd7c2bb398bed4cfb647c8ca0/url HTTP/1.1
User-Agent: selenium/4.8.1 (java windows)
Cache-Control: no-cache
Content-Type: application/json; charset=utf-8
host: localhost:45709
accept: */*

Response DefaultHttpResponse(decodeResult: success, version: HTTP/1.1)
HTTP/1.1 200 OK
Content-Length: 41
Content-Type: application/json; charset=utf-8
cache-control: no-cache

23:01:56.709 [AsyncHttpClient-1-20] DEBUG org.asynchttpclient.netty.channel.ChannelManager - Adding key: http://localhost:45709 for channel [id: 0x4a595bf2, L:/127.0.0.1:54757 - R:localhost/127.0.0.1:45709]
23:01:56.710 [Forwarding screenshot on session 4113fd1cd7c2bb398bed4cfb647c8ca0 to remote] DEBUG org.asynchttpclient.netty.request.NettyRequestSender - Using pooled Channel '[id: 0x4a595bf2, L:/127.0.0.1:54757 - R:localhost/127.0.0.1:45709]' for 'GET' to 'http://localhost:45709/session/4113fd1cd7c2bb398bed4cfb647c8ca0/screenshot'
23:01:56.710 [Forwarding screenshot on session 4113fd1cd7c2bb398bed4cfb647c8ca0 to remote] DEBUG org.asynchttpclient.netty.request.NettyRequestSender - Using open Channel [id: 0x4a595bf2, L:/127.0.0.1:54757 - R:localhost/127.0.0.1:45709] for GET '/session/4113fd1cd7c2bb398bed4cfb647c8ca0/screenshot'
23:01:56.829 [AsyncHttpClient-1-20] DEBUG org.asynchttpclient.netty.handler.HttpHandler - 

Request DefaultFullHttpRequest(decodeResult: success, version: HTTP/1.1, content: EmptyByteBufBE)
GET /session/4113fd1cd7c2bb398bed4cfb647c8ca0/screenshot HTTP/1.1
User-Agent: selenium/4.8.1 (java windows)
Cache-Control: no-cache
Content-Type: application/json; charset=utf-8
host: localhost:45709
accept: */*

Response DefaultHttpResponse(decodeResult: success, version: HTTP/1.1)
HTTP/1.1 200 OK
Content-Length: 86752
Content-Type: application/json; charset=utf-8
cache-control: no-cache

23:01:56.830 [AsyncHttpClient-1-20] DEBUG org.asynchttpclient.netty.channel.ChannelManager - Adding key: http://localhost:45709 for channel [id: 0x4a595bf2, L:/127.0.0.1:54757 - R:localhost/127.0.0.1:45709]
23:01:56.833 [main] DEBUG net.serenitybdd.core.photography.Darkroom - Send negative for processing for target\site\serenity\acdb85324b05ed0031f159074a1f8a61ef072aad95489d72e4cd86a0da2c3148.png
23:01:56.834 [Forwarding getPageSource on session 4113fd1cd7c2bb398bed4cfb647c8ca0 to remote] DEBUG org.asynchttpclient.netty.request.NettyRequestSender - Using pooled Channel '[id: 0x4a595bf2, L:/127.0.0.1:54757 - R:localhost/127.0.0.1:45709]' for 'POST' to 'http://localhost:45709/session/4113fd1cd7c2bb398bed4cfb647c8ca0/execute/sync'
23:01:56.834 [Forwarding getPageSource on session 4113fd1cd7c2bb398bed4cfb647c8ca0 to remote] DEBUG org.asynchttpclient.netty.request.NettyRequestSender - Using open Channel [id: 0x4a595bf2, L:/127.0.0.1:54757 - R:localhost/127.0.0.1:45709] for POST '/session/4113fd1cd7c2bb398bed4cfb647c8ca0/execute/sync'
23:01:56.884 [AsyncHttpClient-1-20] DEBUG org.asynchttpclient.netty.handler.HttpHandler - 

Request DefaultHttpRequest(decodeResult: success, version: HTTP/1.1)
POST /session/4113fd1cd7c2bb398bed4cfb647c8ca0/execute/sync HTTP/1.1
User-Agent: selenium/4.8.1 (java windows)
Content-Length: 176
Content-Type: application/json; charset=utf-8
host: localhost:45709
accept: */*

Response DefaultHttpResponse(decodeResult: success, version: HTTP/1.1)
HTTP/1.1 200 OK
Content-Length: 817003
Content-Type: application/json; charset=utf-8
cache-control: no-cache

23:01:56.885 [AsyncHttpClient-1-20] DEBUG org.asynchttpclient.netty.channel.ChannelManager - Adding key: http://localhost:45709 for channel [id: 0x4a595bf2, L:/127.0.0.1:54757 - R:localhost/127.0.0.1:45709]
23:01:56.956 [Forwarding getCurrentUrl on session 4113fd1cd7c2bb398bed4cfb647c8ca0 to remote] DEBUG org.asynchttpclient.netty.request.NettyRequestSender - Using pooled Channel '[id: 0x4a595bf2, L:/127.0.0.1:54757 - R:localhost/127.0.0.1:45709]' for 'GET' to 'http://localhost:45709/session/4113fd1cd7c2bb398bed4cfb647c8ca0/url'
23:01:56.956 [Forwarding getCurrentUrl on session 4113fd1cd7c2bb398bed4cfb647c8ca0 to remote] DEBUG org.asynchttpclient.netty.request.NettyRequestSender - Using open Channel [id: 0x4a595bf2, L:/127.0.0.1:54757 - R:localhost/127.0.0.1:45709] for GET '/session/4113fd1cd7c2bb398bed4cfb647c8ca0/url'
23:01:56.963 [AsyncHttpClient-1-20] DEBUG org.asynchttpclient.netty.handler.HttpHandler - 

Request DefaultFullHttpRequest(decodeResult: success, version: HTTP/1.1, content: EmptyByteBufBE)
GET /session/4113fd1cd7c2bb398bed4cfb647c8ca0/url HTTP/1.1
User-Agent: selenium/4.8.1 (java windows)
Cache-Control: no-cache
Content-Type: application/json; charset=utf-8
host: localhost:45709
accept: */*

Response DefaultHttpResponse(decodeResult: success, version: HTTP/1.1)
HTTP/1.1 200 OK
Content-Length: 41
Content-Type: application/json; charset=utf-8
cache-control: no-cache

23:01:56.963 [AsyncHttpClient-1-20] DEBUG org.asynchttpclient.netty.channel.ChannelManager - Adding key: http://localhost:45709 for channel [id: 0x4a595bf2, L:/127.0.0.1:54757 - R:localhost/127.0.0.1:45709]
23:01:56.965 [main] DEBUG net.thucydides.core.steps.StepInterceptor - STARTING STEP: OrderSteps.onTheOrderPage - validateGoToOrderPage
23:01:56.967 [Forwarding findElement on session 4113fd1cd7c2bb398bed4cfb647c8ca0 to remote] DEBUG org.asynchttpclient.netty.request.NettyRequestSender - Using pooled Channel '[id: 0x4a595bf2, L:/127.0.0.1:54757 - R:localhost/127.0.0.1:45709]' for 'POST' to 'http://localhost:45709/session/4113fd1cd7c2bb398bed4cfb647c8ca0/element'
23:01:56.967 [Forwarding findElement on session 4113fd1cd7c2bb398bed4cfb647c8ca0 to remote] DEBUG org.asynchttpclient.netty.request.NettyRequestSender - Using open Channel [id: 0x4a595bf2, L:/127.0.0.1:54757 - R:localhost/127.0.0.1:45709] for POST '/session/4113fd1cd7c2bb398bed4cfb647c8ca0/element'
23:01:56.989 [AsyncHttpClient-1-20] DEBUG org.asynchttpclient.netty.handler.HttpHandler - 

Request DefaultHttpRequest(decodeResult: success, version: HTTP/1.1)
POST /session/4113fd1cd7c2bb398bed4cfb647c8ca0/element HTTP/1.1
User-Agent: selenium/4.8.1 (java windows)
Content-Length: 108
Content-Type: application/json; charset=utf-8
host: localhost:45709
accept: */*

Response DefaultHttpResponse(decodeResult: success, version: HTTP/1.1)
HTTP/1.1 200 OK
Content-Length: 95
Content-Type: application/json; charset=utf-8
cache-control: no-cache

23:01:56.989 [AsyncHttpClient-1-20] DEBUG org.asynchttpclient.netty.channel.ChannelManager - Adding key: http://localhost:45709 for channel [id: 0x4a595bf2, L:/127.0.0.1:54757 - R:localhost/127.0.0.1:45709]
23:01:56.990 [Forwarding getElementTagName on session 4113fd1cd7c2bb398bed4cfb647c8ca0 to remote] DEBUG org.asynchttpclient.netty.request.NettyRequestSender - Using pooled Channel '[id: 0x4a595bf2, L:/127.0.0.1:54757 - R:localhost/127.0.0.1:45709]' for 'GET' to 'http://localhost:45709/session/4113fd1cd7c2bb398bed4cfb647c8ca0/element/0DF7A564E11C585A62DFBEFE78BDA568_element_12/name'
23:01:56.990 [Forwarding getElementTagName on session 4113fd1cd7c2bb398bed4cfb647c8ca0 to remote] DEBUG org.asynchttpclient.netty.request.NettyRequestSender - Using open Channel [id: 0x4a595bf2, L:/127.0.0.1:54757 - R:localhost/127.0.0.1:45709] for GET '/session/4113fd1cd7c2bb398bed4cfb647c8ca0/element/0DF7A564E11C585A62DFBEFE78BDA568_element_12/name'
23:01:56.998 [AsyncHttpClient-1-20] DEBUG org.asynchttpclient.netty.handler.HttpHandler - 

Request DefaultFullHttpRequest(decodeResult: success, version: HTTP/1.1, content: EmptyByteBufBE)
GET /session/4113fd1cd7c2bb398bed4cfb647c8ca0/element/0DF7A564E11C585A62DFBEFE78BDA568_element_12/name HTTP/1.1
User-Agent: selenium/4.8.1 (java windows)
Cache-Control: no-cache
Content-Type: application/json; charset=utf-8
host: localhost:45709
accept: */*

Response DefaultHttpResponse(decodeResult: success, version: HTTP/1.1)
HTTP/1.1 200 OK
Content-Length: 18
Content-Type: application/json; charset=utf-8
cache-control: no-cache

23:01:56.998 [AsyncHttpClient-1-20] DEBUG org.asynchttpclient.netty.channel.ChannelManager - Adding key: http://localhost:45709 for channel [id: 0x4a595bf2, L:/127.0.0.1:54757 - R:localhost/127.0.0.1:45709]
23:01:56.999 [Forwarding getElementTagName on session 4113fd1cd7c2bb398bed4cfb647c8ca0 to remote] DEBUG org.asynchttpclient.netty.request.NettyRequestSender - Using pooled Channel '[id: 0x4a595bf2, L:/127.0.0.1:54757 - R:localhost/127.0.0.1:45709]' for 'GET' to 'http://localhost:45709/session/4113fd1cd7c2bb398bed4cfb647c8ca0/element/0DF7A564E11C585A62DFBEFE78BDA568_element_12/name'
23:01:56.999 [Forwarding getElementTagName on session 4113fd1cd7c2bb398bed4cfb647c8ca0 to remote] DEBUG org.asynchttpclient.netty.request.NettyRequestSender - Using open Channel [id: 0x4a595bf2, L:/127.0.0.1:54757 - R:localhost/127.0.0.1:45709] for GET '/session/4113fd1cd7c2bb398bed4cfb647c8ca0/element/0DF7A564E11C585A62DFBEFE78BDA568_element_12/name'
23:01:57.001 [AsyncHttpClient-1-1] DEBUG org.asynchttpclient.netty.channel.DefaultChannelPool - Entry count for : http://localhost:54758 : 1
23:01:57.007 [AsyncHttpClient-1-20] DEBUG org.asynchttpclient.netty.handler.HttpHandler - 

Request DefaultFullHttpRequest(decodeResult: success, version: HTTP/1.1, content: EmptyByteBufBE)
GET /session/4113fd1cd7c2bb398bed4cfb647c8ca0/element/0DF7A564E11C585A62DFBEFE78BDA568_element_12/name HTTP/1.1
User-Agent: selenium/4.8.1 (java windows)
Cache-Control: no-cache
Content-Type: application/json; charset=utf-8
host: localhost:45709
accept: */*

Response DefaultHttpResponse(decodeResult: success, version: HTTP/1.1)
HTTP/1.1 200 OK
Content-Length: 18
Content-Type: application/json; charset=utf-8
cache-control: no-cache

23:01:57.007 [AsyncHttpClient-1-20] DEBUG org.asynchttpclient.netty.channel.ChannelManager - Adding key: http://localhost:45709 for channel [id: 0x4a595bf2, L:/127.0.0.1:54757 - R:localhost/127.0.0.1:45709]
23:01:57.009 [Forwarding isElementEnabled on session 4113fd1cd7c2bb398bed4cfb647c8ca0 to remote] DEBUG org.asynchttpclient.netty.request.NettyRequestSender - Using pooled Channel '[id: 0x4a595bf2, L:/127.0.0.1:54757 - R:localhost/127.0.0.1:45709]' for 'GET' to 'http://localhost:45709/session/4113fd1cd7c2bb398bed4cfb647c8ca0/element/0DF7A564E11C585A62DFBEFE78BDA568_element_12/enabled'
23:01:57.009 [Forwarding isElementEnabled on session 4113fd1cd7c2bb398bed4cfb647c8ca0 to remote] DEBUG org.asynchttpclient.netty.request.NettyRequestSender - Using open Channel [id: 0x4a595bf2, L:/127.0.0.1:54757 - R:localhost/127.0.0.1:45709] for GET '/session/4113fd1cd7c2bb398bed4cfb647c8ca0/element/0DF7A564E11C585A62DFBEFE78BDA568_element_12/enabled'
23:01:57.018 [AsyncHttpClient-1-20] DEBUG org.asynchttpclient.netty.handler.HttpHandler - 

Request DefaultFullHttpRequest(decodeResult: success, version: HTTP/1.1, content: EmptyByteBufBE)
GET /session/4113fd1cd7c2bb398bed4cfb647c8ca0/element/0DF7A564E11C585A62DFBEFE78BDA568_element_12/enabled HTTP/1.1
User-Agent: selenium/4.8.1 (java windows)
Cache-Control: no-cache
Content-Type: application/json; charset=utf-8
host: localhost:45709
accept: */*

Response DefaultHttpResponse(decodeResult: success, version: HTTP/1.1)
HTTP/1.1 200 OK
Content-Length: 14
Content-Type: application/json; charset=utf-8
cache-control: no-cache

23:01:57.018 [AsyncHttpClient-1-20] DEBUG org.asynchttpclient.netty.channel.ChannelManager - Adding key: http://localhost:45709 for channel [id: 0x4a595bf2, L:/127.0.0.1:54757 - R:localhost/127.0.0.1:45709]
23:01:57.019 [Forwarding isElementEnabled on session 4113fd1cd7c2bb398bed4cfb647c8ca0 to remote] DEBUG org.asynchttpclient.netty.request.NettyRequestSender - Using pooled Channel '[id: 0x4a595bf2, L:/127.0.0.1:54757 - R:localhost/127.0.0.1:45709]' for 'GET' to 'http://localhost:45709/session/4113fd1cd7c2bb398bed4cfb647c8ca0/element/0DF7A564E11C585A62DFBEFE78BDA568_element_12/enabled'
23:01:57.019 [Forwarding isElementEnabled on session 4113fd1cd7c2bb398bed4cfb647c8ca0 to remote] DEBUG org.asynchttpclient.netty.request.NettyRequestSender - Using open Channel [id: 0x4a595bf2, L:/127.0.0.1:54757 - R:localhost/127.0.0.1:45709] for GET '/session/4113fd1cd7c2bb398bed4cfb647c8ca0/element/0DF7A564E11C585A62DFBEFE78BDA568_element_12/enabled'
23:01:57.029 [AsyncHttpClient-1-20] DEBUG org.asynchttpclient.netty.handler.HttpHandler - 

Request DefaultFullHttpRequest(decodeResult: success, version: HTTP/1.1, content: EmptyByteBufBE)
GET /session/4113fd1cd7c2bb398bed4cfb647c8ca0/element/0DF7A564E11C585A62DFBEFE78BDA568_element_12/enabled HTTP/1.1
User-Agent: selenium/4.8.1 (java windows)
Cache-Control: no-cache
Content-Type: application/json; charset=utf-8
host: localhost:45709
accept: */*

Response DefaultHttpResponse(decodeResult: success, version: HTTP/1.1)
HTTP/1.1 200 OK
Content-Length: 14
Content-Type: application/json; charset=utf-8
cache-control: no-cache

23:01:57.029 [AsyncHttpClient-1-20] DEBUG org.asynchttpclient.netty.channel.ChannelManager - Adding key: http://localhost:45709 for channel [id: 0x4a595bf2, L:/127.0.0.1:54757 - R:localhost/127.0.0.1:45709]
23:01:57.031 [Forwarding findElement on session 4113fd1cd7c2bb398bed4cfb647c8ca0 to remote] DEBUG org.asynchttpclient.netty.request.NettyRequestSender - Using pooled Channel '[id: 0x4a595bf2, L:/127.0.0.1:54757 - R:localhost/127.0.0.1:45709]' for 'POST' to 'http://localhost:45709/session/4113fd1cd7c2bb398bed4cfb647c8ca0/element'
23:01:57.031 [Forwarding findElement on session 4113fd1cd7c2bb398bed4cfb647c8ca0 to remote] DEBUG org.asynchttpclient.netty.request.NettyRequestSender - Using open Channel [id: 0x4a595bf2, L:/127.0.0.1:54757 - R:localhost/127.0.0.1:45709] for POST '/session/4113fd1cd7c2bb398bed4cfb647c8ca0/element'
23:01:57.051 [AsyncHttpClient-1-20] DEBUG org.asynchttpclient.netty.handler.HttpHandler - 

Request DefaultHttpRequest(decodeResult: success, version: HTTP/1.1)
POST /session/4113fd1cd7c2bb398bed4cfb647c8ca0/element HTTP/1.1
User-Agent: selenium/4.8.1 (java windows)
Content-Length: 108
Content-Type: application/json; charset=utf-8
host: localhost:45709
accept: */*

Response DefaultHttpResponse(decodeResult: success, version: HTTP/1.1)
HTTP/1.1 200 OK
Content-Length: 95
Content-Type: application/json; charset=utf-8
cache-control: no-cache

23:01:57.051 [AsyncHttpClient-1-20] DEBUG org.asynchttpclient.netty.channel.ChannelManager - Adding key: http://localhost:45709 for channel [id: 0x4a595bf2, L:/127.0.0.1:54757 - R:localhost/127.0.0.1:45709]
23:01:57.052 [Forwarding clickElement on session 4113fd1cd7c2bb398bed4cfb647c8ca0 to remote] DEBUG org.asynchttpclient.netty.request.NettyRequestSender - Using pooled Channel '[id: 0x4a595bf2, L:/127.0.0.1:54757 - R:localhost/127.0.0.1:45709]' for 'POST' to 'http://localhost:45709/session/4113fd1cd7c2bb398bed4cfb647c8ca0/element/0DF7A564E11C585A62DFBEFE78BDA568_element_12/click'
23:01:57.052 [Forwarding clickElement on session 4113fd1cd7c2bb398bed4cfb647c8ca0 to remote] DEBUG org.asynchttpclient.netty.request.NettyRequestSender - Using open Channel [id: 0x4a595bf2, L:/127.0.0.1:54757 - R:localhost/127.0.0.1:45709] for POST '/session/4113fd1cd7c2bb398bed4cfb647c8ca0/element/0DF7A564E11C585A62DFBEFE78BDA568_element_12/click'
23:01:57.124 [AsyncHttpClient-1-20] DEBUG org.asynchttpclient.netty.handler.HttpHandler - 

Request DefaultHttpRequest(decodeResult: success, version: HTTP/1.1)
POST /session/4113fd1cd7c2bb398bed4cfb647c8ca0/element/0DF7A564E11C585A62DFBEFE78BDA568_element_12/click HTTP/1.1
User-Agent: selenium/4.8.1 (java windows)
Content-Length: 57
Content-Type: application/json; charset=utf-8
host: localhost:45709
accept: */*

Response DefaultHttpResponse(decodeResult: success, version: HTTP/1.1)
HTTP/1.1 200 OK
Content-Length: 14
Content-Type: application/json; charset=utf-8
cache-control: no-cache

23:01:57.124 [AsyncHttpClient-1-20] DEBUG org.asynchttpclient.netty.channel.ChannelManager - Adding key: http://localhost:45709 for channel [id: 0x4a595bf2, L:/127.0.0.1:54757 - R:localhost/127.0.0.1:45709]
23:01:57.133 [Forwarding getAlertText on session 4113fd1cd7c2bb398bed4cfb647c8ca0 to remote] DEBUG org.asynchttpclient.netty.request.NettyRequestSender - Using pooled Channel '[id: 0x4a595bf2, L:/127.0.0.1:54757 - R:localhost/127.0.0.1:45709]' for 'GET' to 'http://localhost:45709/session/4113fd1cd7c2bb398bed4cfb647c8ca0/alert/text'
23:01:57.133 [Forwarding getAlertText on session 4113fd1cd7c2bb398bed4cfb647c8ca0 to remote] DEBUG org.asynchttpclient.netty.request.NettyRequestSender - Using open Channel [id: 0x4a595bf2, L:/127.0.0.1:54757 - R:localhost/127.0.0.1:45709] for GET '/session/4113fd1cd7c2bb398bed4cfb647c8ca0/alert/text'
23:01:57.337 [AsyncHttpClient-1-20] DEBUG org.asynchttpclient.netty.handler.HttpHandler - 

Request DefaultFullHttpRequest(decodeResult: success, version: HTTP/1.1, content: EmptyByteBufBE)
GET /session/4113fd1cd7c2bb398bed4cfb647c8ca0/alert/text HTTP/1.1
User-Agent: selenium/4.8.1 (java windows)
Cache-Control: no-cache
Content-Type: application/json; charset=utf-8
host: localhost:45709
accept: */*

Response DefaultHttpResponse(decodeResult: success, version: HTTP/1.1)
HTTP/1.1 404 Not Found
Content-Length: 820
Content-Type: application/json; charset=utf-8
cache-control: no-cache

23:01:57.337 [AsyncHttpClient-1-20] DEBUG org.asynchttpclient.netty.channel.ChannelManager - Adding key: http://localhost:45709 for channel [id: 0x4a595bf2, L:/127.0.0.1:54757 - R:localhost/127.0.0.1:45709]
23:01:57.339 [Forwarding getCurrentUrl on session 4113fd1cd7c2bb398bed4cfb647c8ca0 to remote] DEBUG org.asynchttpclient.netty.request.NettyRequestSender - Using pooled Channel '[id: 0x4a595bf2, L:/127.0.0.1:54757 - R:localhost/127.0.0.1:45709]' for 'GET' to 'http://localhost:45709/session/4113fd1cd7c2bb398bed4cfb647c8ca0/url'
23:01:57.339 [Forwarding getCurrentUrl on session 4113fd1cd7c2bb398bed4cfb647c8ca0 to remote] DEBUG org.asynchttpclient.netty.request.NettyRequestSender - Using open Channel [id: 0x4a595bf2, L:/127.0.0.1:54757 - R:localhost/127.0.0.1:45709] for GET '/session/4113fd1cd7c2bb398bed4cfb647c8ca0/url'
23:01:57.347 [AsyncHttpClient-1-20] DEBUG org.asynchttpclient.netty.handler.HttpHandler - 

Request DefaultFullHttpRequest(decodeResult: success, version: HTTP/1.1, content: EmptyByteBufBE)
GET /session/4113fd1cd7c2bb398bed4cfb647c8ca0/url HTTP/1.1
User-Agent: selenium/4.8.1 (java windows)
Cache-Control: no-cache
Content-Type: application/json; charset=utf-8
host: localhost:45709
accept: */*

Response DefaultHttpResponse(decodeResult: success, version: HTTP/1.1)
HTTP/1.1 200 OK
Content-Length: 46
Content-Type: application/json; charset=utf-8
cache-control: no-cache

23:01:57.347 [AsyncHttpClient-1-20] DEBUG org.asynchttpclient.netty.channel.ChannelManager - Adding key: http://localhost:45709 for channel [id: 0x4a595bf2, L:/127.0.0.1:54757 - R:localhost/127.0.0.1:45709]
23:01:57.348 [Forwarding screenshot on session 4113fd1cd7c2bb398bed4cfb647c8ca0 to remote] DEBUG org.asynchttpclient.netty.request.NettyRequestSender - Using pooled Channel '[id: 0x4a595bf2, L:/127.0.0.1:54757 - R:localhost/127.0.0.1:45709]' for 'GET' to 'http://localhost:45709/session/4113fd1cd7c2bb398bed4cfb647c8ca0/screenshot'
23:01:57.348 [Forwarding screenshot on session 4113fd1cd7c2bb398bed4cfb647c8ca0 to remote] DEBUG org.asynchttpclient.netty.request.NettyRequestSender - Using open Channel [id: 0x4a595bf2, L:/127.0.0.1:54757 - R:localhost/127.0.0.1:45709] for GET '/session/4113fd1cd7c2bb398bed4cfb647c8ca0/screenshot'
23:01:57.678 [AsyncHttpClient-1-20] DEBUG org.asynchttpclient.netty.handler.HttpHandler - 

Request DefaultFullHttpRequest(decodeResult: success, version: HTTP/1.1, content: EmptyByteBufBE)
GET /session/4113fd1cd7c2bb398bed4cfb647c8ca0/screenshot HTTP/1.1
User-Agent: selenium/4.8.1 (java windows)
Cache-Control: no-cache
Content-Type: application/json; charset=utf-8
host: localhost:45709
accept: */*

Response DefaultHttpResponse(decodeResult: success, version: HTTP/1.1)
HTTP/1.1 200 OK
Content-Length: 38996
Content-Type: application/json; charset=utf-8
cache-control: no-cache

23:01:57.678 [AsyncHttpClient-1-20] DEBUG org.asynchttpclient.netty.channel.ChannelManager - Adding key: http://localhost:45709 for channel [id: 0x4a595bf2, L:/127.0.0.1:54757 - R:localhost/127.0.0.1:45709]
23:01:57.680 [main] DEBUG net.serenitybdd.core.photography.Darkroom - Send negative for processing for target\site\serenity\2244193e77fa61afbf5f9dab89afe0486ce51a0fd5913efb6862a46aeb479178.png
23:01:57.680 [main] DEBUG net.thucydides.core.steps.StepInterceptor - STEP DONE: validateGoToOrderPage
  &amp#27;[32mAnd &amp#27;[0m&amp#27;[32mI go to the order page&amp#27;[0m                        &amp#27;[90m# starter.stepdefinitions.OrderSteps.onTheOrderPage()&amp#27;[0m
23:01:57.680 [Darkroom Processing Line] DEBUG net.serenitybdd.core.photography.DarkroomProcessingLine - Processing screenshot image in /var/screenshots/screenshot-3546750672132896559
23:01:57.680 [Darkroom Processing Line] DEBUG net.serenitybdd.core.photography.DarkroomProcessingLine - Saving screenshot to target\site\serenity\2244193e77fa61afbf5f9dab89afe0486ce51a0fd5913efb6862a46aeb479178.png
23:01:57.685 [Forwarding getPageSource on session 4113fd1cd7c2bb398bed4cfb647c8ca0 to remote] DEBUG org.asynchttpclient.netty.request.NettyRequestSender - Using pooled Channel '[id: 0x4a595bf2, L:/127.0.0.1:54757 - R:localhost/127.0.0.1:45709]' for 'POST' to 'http://localhost:45709/session/4113fd1cd7c2bb398bed4cfb647c8ca0/execute/sync'
23:01:57.685 [Forwarding getPageSource on session 4113fd1cd7c2bb398bed4cfb647c8ca0 to remote] DEBUG org.asynchttpclient.netty.request.NettyRequestSender - Using open Channel [id: 0x4a595bf2, L:/127.0.0.1:54757 - R:localhost/127.0.0.1:45709] for POST '/session/4113fd1cd7c2bb398bed4cfb647c8ca0/execute/sync'
23:01:57.695 [AsyncHttpClient-1-20] DEBUG org.asynchttpclient.netty.handler.HttpHandler - 

Request DefaultHttpRequest(decodeResult: success, version: HTTP/1.1)
POST /session/4113fd1cd7c2bb398bed4cfb647c8ca0/execute/sync HTTP/1.1
User-Agent: selenium/4.8.1 (java windows)
Content-Length: 176
Content-Type: application/json; charset=utf-8
host: localhost:45709
accept: */*

Response DefaultHttpResponse(decodeResult: success, version: HTTP/1.1)
HTTP/1.1 200 OK
Content-Length: 21702
Content-Type: application/json; charset=utf-8
cache-control: no-cache

23:01:57.695 [AsyncHttpClient-1-20] DEBUG org.asynchttpclient.netty.channel.ChannelManager - Adding key: http://localhost:45709 for channel [id: 0x4a595bf2, L:/127.0.0.1:54757 - R:localhost/127.0.0.1:45709]
23:01:57.697 [Forwarding getCurrentUrl on session 4113fd1cd7c2bb398bed4cfb647c8ca0 to remote] DEBUG org.asynchttpclient.netty.request.NettyRequestSender - Using pooled Channel '[id: 0x4a595bf2, L:/127.0.0.1:54757 - R:localhost/127.0.0.1:45709]' for 'GET' to 'http://localhost:45709/session/4113fd1cd7c2bb398bed4cfb647c8ca0/url'
23:01:57.697 [Forwarding getCurrentUrl on session 4113fd1cd7c2bb398bed4cfb647c8ca0 to remote] DEBUG org.asynchttpclient.netty.request.NettyRequestSender - Using open Channel [id: 0x4a595bf2, L:/127.0.0.1:54757 - R:localhost/127.0.0.1:45709] for GET '/session/4113fd1cd7c2bb398bed4cfb647c8ca0/url'
23:01:57.703 [AsyncHttpClient-1-20] DEBUG org.asynchttpclient.netty.handler.HttpHandler - 

Request DefaultFullHttpRequest(decodeResult: success, version: HTTP/1.1, content: EmptyByteBufBE)
GET /session/4113fd1cd7c2bb398bed4cfb647c8ca0/url HTTP/1.1
User-Agent: selenium/4.8.1 (java windows)
Cache-Control: no-cache
Content-Type: application/json; charset=utf-8
host: localhost:45709
accept: */*

Response DefaultHttpResponse(decodeResult: success, version: HTTP/1.1)
HTTP/1.1 200 OK
Content-Length: 46
Content-Type: application/json; charset=utf-8
cache-control: no-cache

23:01:57.703 [AsyncHttpClient-1-20] DEBUG org.asynchttpclient.netty.channel.ChannelManager - Adding key: http://localhost:45709 for channel [id: 0x4a595bf2, L:/127.0.0.1:54757 - R:localhost/127.0.0.1:45709]
23:01:57.710 [Forwarding getPageSource on session 4113fd1cd7c2bb398bed4cfb647c8ca0 to remote] DEBUG org.asynchttpclient.netty.request.NettyRequestSender - Using pooled Channel '[id: 0x4a595bf2, L:/127.0.0.1:54757 - R:localhost/127.0.0.1:45709]' for 'POST' to 'http://localhost:45709/session/4113fd1cd7c2bb398bed4cfb647c8ca0/execute/sync'
23:01:57.710 [Forwarding getPageSource on session 4113fd1cd7c2bb398bed4cfb647c8ca0 to remote] DEBUG org.asynchttpclient.netty.request.NettyRequestSender - Using open Channel [id: 0x4a595bf2, L:/127.0.0.1:54757 - R:localhost/127.0.0.1:45709] for POST '/session/4113fd1cd7c2bb398bed4cfb647c8ca0/execute/sync'
23:01:57.718 [AsyncHttpClient-1-20] DEBUG org.asynchttpclient.netty.handler.HttpHandler - 

Request DefaultHttpRequest(decodeResult: success, version: HTTP/1.1)
POST /session/4113fd1cd7c2bb398bed4cfb647c8ca0/execute/sync HTTP/1.1
User-Agent: selenium/4.8.1 (java windows)
Content-Length: 176
Content-Type: application/json; charset=utf-8
host: localhost:45709
accept: */*

Response DefaultHttpResponse(decodeResult: success, version: HTTP/1.1)
HTTP/1.1 200 OK
Content-Length: 21702
Content-Type: application/json; charset=utf-8
cache-control: no-cache

23:01:57.718 [AsyncHttpClient-1-20] DEBUG org.asynchttpclient.netty.channel.ChannelManager - Adding key: http://localhost:45709 for channel [id: 0x4a595bf2, L:/127.0.0.1:54757 - R:localhost/127.0.0.1:45709]
23:01:57.721 [Forwarding getCurrentUrl on session 4113fd1cd7c2bb398bed4cfb647c8ca0 to remote] DEBUG org.asynchttpclient.netty.request.NettyRequestSender - Using pooled Channel '[id: 0x4a595bf2, L:/127.0.0.1:54757 - R:localhost/127.0.0.1:45709]' for 'GET' to 'http://localhost:45709/session/4113fd1cd7c2bb398bed4cfb647c8ca0/url'
23:01:57.721 [Forwarding getCurrentUrl on session 4113fd1cd7c2bb398bed4cfb647c8ca0 to remote] DEBUG org.asynchttpclient.netty.request.NettyRequestSender - Using open Channel [id: 0x4a595bf2, L:/127.0.0.1:54757 - R:localhost/127.0.0.1:45709] for GET '/session/4113fd1cd7c2bb398bed4cfb647c8ca0/url'
23:01:57.729 [AsyncHttpClient-1-20] DEBUG org.asynchttpclient.netty.handler.HttpHandler - 

Request DefaultFullHttpRequest(decodeResult: success, version: HTTP/1.1, content: EmptyByteBufBE)
GET /session/4113fd1cd7c2bb398bed4cfb647c8ca0/url HTTP/1.1
User-Agent: selenium/4.8.1 (java windows)
Cache-Control: no-cache
Content-Type: application/json; charset=utf-8
host: localhost:45709
accept: */*

Response DefaultHttpResponse(decodeResult: success, version: HTTP/1.1)
HTTP/1.1 200 OK
Content-Length: 46
Content-Type: application/json; charset=utf-8
cache-control: no-cache

23:01:57.729 [AsyncHttpClient-1-20] DEBUG org.asynchttpclient.netty.channel.ChannelManager - Adding key: http://localhost:45709 for channel [id: 0x4a595bf2, L:/127.0.0.1:54757 - R:localhost/127.0.0.1:45709]
23:01:57.730 [main] DEBUG net.thucydides.core.steps.StepInterceptor - STARTING STEP: OrderSteps.clickReduceQuantityButton - clickReduceQuantity
23:01:57.733 [Forwarding findElement on session 4113fd1cd7c2bb398bed4cfb647c8ca0 to remote] DEBUG org.asynchttpclient.netty.request.NettyRequestSender - Using pooled Channel '[id: 0x4a595bf2, L:/127.0.0.1:54757 - R:localhost/127.0.0.1:45709]' for 'POST' to 'http://localhost:45709/session/4113fd1cd7c2bb398bed4cfb647c8ca0/element'
23:01:57.733 [Forwarding findElement on session 4113fd1cd7c2bb398bed4cfb647c8ca0 to remote] DEBUG org.asynchttpclient.netty.request.NettyRequestSender - Using open Channel [id: 0x4a595bf2, L:/127.0.0.1:54757 - R:localhost/127.0.0.1:45709] for POST '/session/4113fd1cd7c2bb398bed4cfb647c8ca0/element'
23:01:57.746 [AsyncHttpClient-1-20] DEBUG org.asynchttpclient.netty.handler.HttpHandler - 

Request DefaultHttpRequest(decodeResult: success, version: HTTP/1.1)
POST /session/4113fd1cd7c2bb398bed4cfb647c8ca0/element HTTP/1.1
User-Agent: selenium/4.8.1 (java windows)
Content-Length: 98
Content-Type: application/json; charset=utf-8
host: localhost:45709
accept: */*

Response DefaultHttpResponse(decodeResult: success, version: HTTP/1.1)
HTTP/1.1 200 OK
Content-Length: 95
Content-Type: application/json; charset=utf-8
cache-control: no-cache

23:01:57.746 [AsyncHttpClient-1-20] DEBUG org.asynchttpclient.netty.channel.ChannelManager - Adding key: http://localhost:45709 for channel [id: 0x4a595bf2, L:/127.0.0.1:54757 - R:localhost/127.0.0.1:45709]
23:01:57.747 [Forwarding getElementTagName on session 4113fd1cd7c2bb398bed4cfb647c8ca0 to remote] DEBUG org.asynchttpclient.netty.request.NettyRequestSender - Using pooled Channel '[id: 0x4a595bf2, L:/127.0.0.1:54757 - R:localhost/127.0.0.1:45709]' for 'GET' to 'http://localhost:45709/session/4113fd1cd7c2bb398bed4cfb647c8ca0/element/0DF7A564E11C585A62DFBEFE78BDA568_element_15/name'
23:01:57.747 [Forwarding getElementTagName on session 4113fd1cd7c2bb398bed4cfb647c8ca0 to remote] DEBUG org.asynchttpclient.netty.request.NettyRequestSender - Using open Channel [id: 0x4a595bf2, L:/127.0.0.1:54757 - R:localhost/127.0.0.1:45709] for GET '/session/4113fd1cd7c2bb398bed4cfb647c8ca0/element/0DF7A564E11C585A62DFBEFE78BDA568_element_15/name'
23:01:57.756 [AsyncHttpClient-1-20] DEBUG org.asynchttpclient.netty.handler.HttpHandler - 

Request DefaultFullHttpRequest(decodeResult: success, version: HTTP/1.1, content: EmptyByteBufBE)
GET /session/4113fd1cd7c2bb398bed4cfb647c8ca0/element/0DF7A564E11C585A62DFBEFE78BDA568_element_15/name HTTP/1.1
User-Agent: selenium/4.8.1 (java windows)
Cache-Control: no-cache
Content-Type: application/json; charset=utf-8
host: localhost:45709
accept: */*

Response DefaultHttpResponse(decodeResult: success, version: HTTP/1.1)
HTTP/1.1 200 OK
Content-Length: 18
Content-Type: application/json; charset=utf-8
cache-control: no-cache

23:01:57.757 [AsyncHttpClient-1-20] DEBUG org.asynchttpclient.netty.channel.ChannelManager - Adding key: http://localhost:45709 for channel [id: 0x4a595bf2, L:/127.0.0.1:54757 - R:localhost/127.0.0.1:45709]
23:01:57.758 [Forwarding getElementTagName on session 4113fd1cd7c2bb398bed4cfb647c8ca0 to remote] DEBUG org.asynchttpclient.netty.request.NettyRequestSender - Using pooled Channel '[id: 0x4a595bf2, L:/127.0.0.1:54757 - R:localhost/127.0.0.1:45709]' for 'GET' to 'http://localhost:45709/session/4113fd1cd7c2bb398bed4cfb647c8ca0/element/0DF7A564E11C585A62DFBEFE78BDA568_element_15/name'
23:01:57.758 [Forwarding getElementTagName on session 4113fd1cd7c2bb398bed4cfb647c8ca0 to remote] DEBUG org.asynchttpclient.netty.request.NettyRequestSender - Using open Channel [id: 0x4a595bf2, L:/127.0.0.1:54757 - R:localhost/127.0.0.1:45709] for GET '/session/4113fd1cd7c2bb398bed4cfb647c8ca0/element/0DF7A564E11C585A62DFBEFE78BDA568_element_15/name'
23:01:57.765 [AsyncHttpClient-1-20] DEBUG org.asynchttpclient.netty.handler.HttpHandler - 

Request DefaultFullHttpRequest(decodeResult: success, version: HTTP/1.1, content: EmptyByteBufBE)
GET /session/4113fd1cd7c2bb398bed4cfb647c8ca0/element/0DF7A564E11C585A62DFBEFE78BDA568_element_15/name HTTP/1.1
User-Agent: selenium/4.8.1 (java windows)
Cache-Control: no-cache
Content-Type: application/json; charset=utf-8
host: localhost:45709
accept: */*

Response DefaultHttpResponse(decodeResult: success, version: HTTP/1.1)
HTTP/1.1 200 OK
Content-Length: 18
Content-Type: application/json; charset=utf-8
cache-control: no-cache

23:01:57.765 [AsyncHttpClient-1-20] DEBUG org.asynchttpclient.netty.channel.ChannelManager - Adding key: http://localhost:45709 for channel [id: 0x4a595bf2, L:/127.0.0.1:54757 - R:localhost/127.0.0.1:45709]
23:01:57.768 [Forwarding isElementEnabled on session 4113fd1cd7c2bb398bed4cfb647c8ca0 to remote] DEBUG org.asynchttpclient.netty.request.NettyRequestSender - Using pooled Channel '[id: 0x4a595bf2, L:/127.0.0.1:54757 - R:localhost/127.0.0.1:45709]' for 'GET' to 'http://localhost:45709/session/4113fd1cd7c2bb398bed4cfb647c8ca0/element/0DF7A564E11C585A62DFBEFE78BDA568_element_15/enabled'
23:01:57.768 [Forwarding isElementEnabled on session 4113fd1cd7c2bb398bed4cfb647c8ca0 to remote] DEBUG org.asynchttpclient.netty.request.NettyRequestSender - Using open Channel [id: 0x4a595bf2, L:/127.0.0.1:54757 - R:localhost/127.0.0.1:45709] for GET '/session/4113fd1cd7c2bb398bed4cfb647c8ca0/element/0DF7A564E11C585A62DFBEFE78BDA568_element_15/enabled'
23:01:57.777 [AsyncHttpClient-1-20] DEBUG org.asynchttpclient.netty.handler.HttpHandler - 

Request DefaultFullHttpRequest(decodeResult: success, version: HTTP/1.1, content: EmptyByteBufBE)
GET /session/4113fd1cd7c2bb398bed4cfb647c8ca0/element/0DF7A564E11C585A62DFBEFE78BDA568_element_15/enabled HTTP/1.1
User-Agent: selenium/4.8.1 (java windows)
Cache-Control: no-cache
Content-Type: application/json; charset=utf-8
host: localhost:45709
accept: */*

Response DefaultHttpResponse(decodeResult: success, version: HTTP/1.1)
HTTP/1.1 200 OK
Content-Length: 14
Content-Type: application/json; charset=utf-8
cache-control: no-cache

23:01:57.777 [AsyncHttpClient-1-20] DEBUG org.asynchttpclient.netty.channel.ChannelManager - Adding key: http://localhost:45709 for channel [id: 0x4a595bf2, L:/127.0.0.1:54757 - R:localhost/127.0.0.1:45709]
23:01:57.777 [Forwarding isElementEnabled on session 4113fd1cd7c2bb398bed4cfb647c8ca0 to remote] DEBUG org.asynchttpclient.netty.request.NettyRequestSender - Using pooled Channel '[id: 0x4a595bf2, L:/127.0.0.1:54757 - R:localhost/127.0.0.1:45709]' for 'GET' to 'http://localhost:45709/session/4113fd1cd7c2bb398bed4cfb647c8ca0/element/0DF7A564E11C585A62DFBEFE78BDA568_element_15/enabled'
23:01:57.778 [Forwarding isElementEnabled on session 4113fd1cd7c2bb398bed4cfb647c8ca0 to remote] DEBUG org.asynchttpclient.netty.request.NettyRequestSender - Using open Channel [id: 0x4a595bf2, L:/127.0.0.1:54757 - R:localhost/127.0.0.1:45709] for GET '/session/4113fd1cd7c2bb398bed4cfb647c8ca0/element/0DF7A564E11C585A62DFBEFE78BDA568_element_15/enabled'
23:01:57.788 [AsyncHttpClient-1-20] DEBUG org.asynchttpclient.netty.handler.HttpHandler - 

Request DefaultFullHttpRequest(decodeResult: success, version: HTTP/1.1, content: EmptyByteBufBE)
GET /session/4113fd1cd7c2bb398bed4cfb647c8ca0/element/0DF7A564E11C585A62DFBEFE78BDA568_element_15/enabled HTTP/1.1
User-Agent: selenium/4.8.1 (java windows)
Cache-Control: no-cache
Content-Type: application/json; charset=utf-8
host: localhost:45709
accept: */*

Response DefaultHttpResponse(decodeResult: success, version: HTTP/1.1)
HTTP/1.1 200 OK
Content-Length: 14
Content-Type: application/json; charset=utf-8
cache-control: no-cache

23:01:57.788 [AsyncHttpClient-1-20] DEBUG org.asynchttpclient.netty.channel.ChannelManager - Adding key: http://localhost:45709 for channel [id: 0x4a595bf2, L:/127.0.0.1:54757 - R:localhost/127.0.0.1:45709]
23:01:57.789 [Forwarding findElement on session 4113fd1cd7c2bb398bed4cfb647c8ca0 to remote] DEBUG org.asynchttpclient.netty.request.NettyRequestSender - Using pooled Channel '[id: 0x4a595bf2, L:/127.0.0.1:54757 - R:localhost/127.0.0.1:45709]' for 'POST' to 'http://localhost:45709/session/4113fd1cd7c2bb398bed4cfb647c8ca0/element'
23:01:57.789 [Forwarding findElement on session 4113fd1cd7c2bb398bed4cfb647c8ca0 to remote] DEBUG org.asynchttpclient.netty.request.NettyRequestSender - Using open Channel [id: 0x4a595bf2, L:/127.0.0.1:54757 - R:localhost/127.0.0.1:45709] for POST '/session/4113fd1cd7c2bb398bed4cfb647c8ca0/element'
23:01:57.799 [AsyncHttpClient-1-20] DEBUG org.asynchttpclient.netty.handler.HttpHandler - 

Request DefaultHttpRequest(decodeResult: success, version: HTTP/1.1)
POST /session/4113fd1cd7c2bb398bed4cfb647c8ca0/element HTTP/1.1
User-Agent: selenium/4.8.1 (java windows)
Content-Length: 98
Content-Type: application/json; charset=utf-8
host: localhost:45709
accept: */*

Response DefaultHttpResponse(decodeResult: success, version: HTTP/1.1)
HTTP/1.1 200 OK
Content-Length: 95
Content-Type: application/json; charset=utf-8
cache-control: no-cache

23:01:57.799 [AsyncHttpClient-1-20] DEBUG org.asynchttpclient.netty.channel.ChannelManager - Adding key: http://localhost:45709 for channel [id: 0x4a595bf2, L:/127.0.0.1:54757 - R:localhost/127.0.0.1:45709]
23:01:57.800 [Forwarding clickElement on session 4113fd1cd7c2bb398bed4cfb647c8ca0 to remote] DEBUG org.asynchttpclient.netty.request.NettyRequestSender - Using pooled Channel '[id: 0x4a595bf2, L:/127.0.0.1:54757 - R:localhost/127.0.0.1:45709]' for 'POST' to 'http://localhost:45709/session/4113fd1cd7c2bb398bed4cfb647c8ca0/element/0DF7A564E11C585A62DFBEFE78BDA568_element_15/click'
23:01:57.800 [Forwarding clickElement on session 4113fd1cd7c2bb398bed4cfb647c8ca0 to remote] DEBUG org.asynchttpclient.netty.request.NettyRequestSender - Using open Channel [id: 0x4a595bf2, L:/127.0.0.1:54757 - R:localhost/127.0.0.1:45709] for POST '/session/4113fd1cd7c2bb398bed4cfb647c8ca0/element/0DF7A564E11C585A62DFBEFE78BDA568_element_15/click'
23:01:57.855 [AsyncHttpClient-1-20] DEBUG org.asynchttpclient.netty.handler.HttpHandler - 

Request DefaultHttpRequest(decodeResult: success, version: HTTP/1.1)
POST /session/4113fd1cd7c2bb398bed4cfb647c8ca0/element/0DF7A564E11C585A62DFBEFE78BDA568_element_15/click HTTP/1.1
User-Agent: selenium/4.8.1 (java windows)
Content-Length: 57
Content-Type: application/json; charset=utf-8
host: localhost:45709
accept: */*

Response DefaultHttpResponse(decodeResult: success, version: HTTP/1.1)
HTTP/1.1 200 OK
Content-Length: 14
Content-Type: application/json; charset=utf-8
cache-control: no-cache

23:01:57.855 [AsyncHttpClient-1-20] DEBUG org.asynchttpclient.netty.channel.ChannelManager - Adding key: http://localhost:45709 for channel [id: 0x4a595bf2, L:/127.0.0.1:54757 - R:localhost/127.0.0.1:45709]
23:01:57.860 [Forwarding getAlertText on session 4113fd1cd7c2bb398bed4cfb647c8ca0 to remote] DEBUG org.asynchttpclient.netty.request.NettyRequestSender - Using pooled Channel '[id: 0x4a595bf2, L:/127.0.0.1:54757 - R:localhost/127.0.0.1:45709]' for 'GET' to 'http://localhost:45709/session/4113fd1cd7c2bb398bed4cfb647c8ca0/alert/text'
23:01:57.860 [Forwarding getAlertText on session 4113fd1cd7c2bb398bed4cfb647c8ca0 to remote] DEBUG org.asynchttpclient.netty.request.NettyRequestSender - Using open Channel [id: 0x4a595bf2, L:/127.0.0.1:54757 - R:localhost/127.0.0.1:45709] for GET '/session/4113fd1cd7c2bb398bed4cfb647c8ca0/alert/text'
23:01:57.862 [AsyncHttpClient-1-20] DEBUG org.asynchttpclient.netty.handler.HttpHandler - 

Request DefaultFullHttpRequest(decodeResult: success, version: HTTP/1.1, content: EmptyByteBufBE)
GET /session/4113fd1cd7c2bb398bed4cfb647c8ca0/alert/text HTTP/1.1
User-Agent: selenium/4.8.1 (java windows)
Cache-Control: no-cache
Content-Type: application/json; charset=utf-8
host: localhost:45709
accept: */*

Response DefaultHttpResponse(decodeResult: success, version: HTTP/1.1)
HTTP/1.1 404 Not Found
Content-Length: 820
Content-Type: application/json; charset=utf-8
cache-control: no-cache

23:01:57.862 [AsyncHttpClient-1-20] DEBUG org.asynchttpclient.netty.channel.ChannelManager - Adding key: http://localhost:45709 for channel [id: 0x4a595bf2, L:/127.0.0.1:54757 - R:localhost/127.0.0.1:45709]
23:01:57.862 [Forwarding getCurrentUrl on session 4113fd1cd7c2bb398bed4cfb647c8ca0 to remote] DEBUG org.asynchttpclient.netty.request.NettyRequestSender - Using pooled Channel '[id: 0x4a595bf2, L:/127.0.0.1:54757 - R:localhost/127.0.0.1:45709]' for 'GET' to 'http://localhost:45709/session/4113fd1cd7c2bb398bed4cfb647c8ca0/url'
23:01:57.862 [Forwarding getCurrentUrl on session 4113fd1cd7c2bb398bed4cfb647c8ca0 to remote] DEBUG org.asynchttpclient.netty.request.NettyRequestSender - Using open Channel [id: 0x4a595bf2, L:/127.0.0.1:54757 - R:localhost/127.0.0.1:45709] for GET '/session/4113fd1cd7c2bb398bed4cfb647c8ca0/url'
23:01:57.869 [AsyncHttpClient-1-20] DEBUG org.asynchttpclient.netty.handler.HttpHandler - 

Request DefaultFullHttpRequest(decodeResult: success, version: HTTP/1.1, content: EmptyByteBufBE)
GET /session/4113fd1cd7c2bb398bed4cfb647c8ca0/url HTTP/1.1
User-Agent: selenium/4.8.1 (java windows)
Cache-Control: no-cache
Content-Type: application/json; charset=utf-8
host: localhost:45709
accept: */*

Response DefaultHttpResponse(decodeResult: success, version: HTTP/1.1)
HTTP/1.1 200 OK
Content-Length: 46
Content-Type: application/json; charset=utf-8
cache-control: no-cache

23:01:57.869 [AsyncHttpClient-1-20] DEBUG org.asynchttpclient.netty.channel.ChannelManager - Adding key: http://localhost:45709 for channel [id: 0x4a595bf2, L:/127.0.0.1:54757 - R:localhost/127.0.0.1:45709]
23:01:57.869 [Forwarding screenshot on session 4113fd1cd7c2bb398bed4cfb647c8ca0 to remote] DEBUG org.asynchttpclient.netty.request.NettyRequestSender - Using pooled Channel '[id: 0x4a595bf2, L:/127.0.0.1:54757 - R:localhost/127.0.0.1:45709]' for 'GET' to 'http://localhost:45709/session/4113fd1cd7c2bb398bed4cfb647c8ca0/screenshot'
23:01:57.869 [Forwarding screenshot on session 4113fd1cd7c2bb398bed4cfb647c8ca0 to remote] DEBUG org.asynchttpclient.netty.request.NettyRequestSender - Using open Channel [id: 0x4a595bf2, L:/127.0.0.1:54757 - R:localhost/127.0.0.1:45709] for GET '/session/4113fd1cd7c2bb398bed4cfb647c8ca0/screenshot'
23:01:58.105 [AsyncHttpClient-1-1] DEBUG org.asynchttpclient.netty.channel.DefaultChannelPool - Entry count for : http://localhost:54758 : 1
23:01:58.129 [AsyncHttpClient-1-20] DEBUG org.asynchttpclient.netty.handler.HttpHandler - 

Request DefaultFullHttpRequest(decodeResult: success, version: HTTP/1.1, content: EmptyByteBufBE)
GET /session/4113fd1cd7c2bb398bed4cfb647c8ca0/screenshot HTTP/1.1
User-Agent: selenium/4.8.1 (java windows)
Cache-Control: no-cache
Content-Type: application/json; charset=utf-8
host: localhost:45709
accept: */*

Response DefaultHttpResponse(decodeResult: success, version: HTTP/1.1)
HTTP/1.1 200 OK
Content-Length: 23372
Content-Type: application/json; charset=utf-8
cache-control: no-cache

23:01:58.129 [AsyncHttpClient-1-20] DEBUG org.asynchttpclient.netty.channel.ChannelManager - Adding key: http://localhost:45709 for channel [id: 0x4a595bf2, L:/127.0.0.1:54757 - R:localhost/127.0.0.1:45709]
23:01:58.131 [main] DEBUG net.serenitybdd.core.photography.Darkroom - Send negative for processing for target\site\serenity\5c752adcabcfa74518a15da23c375051cdad26f14396568bcbdccb03fb3644a6.png
23:01:58.131 [main] DEBUG net.thucydides.core.steps.StepInterceptor - STEP DONE: clickReduceQuantity
  &amp#27;[32mThen &amp#27;[0m&amp#27;[32mI click reduce quantity button&amp#27;[0m               &amp#27;[90m# starter.stepdefinitions.OrderSteps.clickReduceQuantityButton()&amp#27;[0m
23:01:58.132 [Darkroom Processing Line] DEBUG net.serenitybdd.core.photography.DarkroomProcessingLine - Processing screenshot image in /var/screenshots/screenshot-6202671836906591430
23:01:58.132 [Darkroom Processing Line] DEBUG net.serenitybdd.core.photography.DarkroomProcessingLine - Saving screenshot to target\site\serenity\5c752adcabcfa74518a15da23c375051cdad26f14396568bcbdccb03fb3644a6.png
23:01:58.139 [main] INFO  - 
  _____   ___   ___   _____     ___     _     ___   ___   ___   ___  
 |_   _| | __| / __| |_   _|   | _ \   /_\   / __| / __| | __| |   \ 
   | |   | _|  \__ \   | |     |  _/  / _ \  \__ \ \__ \ | _|  | |) |
   |_|   |___| |___/   |_|     |_|   /_/ \_\ |___/ |___/ |___| |___/ 

reduce one product in cart click - button
----------------------------------------------------------------------
23:01:58.140 [AsyncHttpClient-1-22] DEBUG org.asynchttpclient.netty.handler.WebSocketHandler - Channel Closed: [id: 0x1dcd55a5, L:/127.0.0.1:54765 ! R:localhost/127.0.0.1:54758] with attribute NettyResponseFuture{currentRetry=0,
	isDone=1,
	isCancelled=0,
	asyncHandler=org.asynchttpclient.ws.WebSocketUpgradeHandler@79bce16e,
	nettyRequest=org.asynchttpclient.netty.request.NettyRequest@31e558c2,
	future=java.util.concurrent.CompletableFuture@56ec336d[Completed normally],
	uri=ws://localhost:54758/devtools/browser/01c11d88-4e40-47a0-a747-340d34ea24bd,
	keepAlive=true,
	redirectCount=0,
	timeoutsHolder=null,
	inAuth=0,
	touch=1683561709239}
23:01:58.141 [Driver Command Executor] DEBUG org.asynchttpclient.netty.request.NettyRequestSender - Using pooled Channel '[id: 0x4a595bf2, L:/127.0.0.1:54757 - R:localhost/127.0.0.1:45709]' for 'DELETE' to 'http://localhost:45709/session/4113fd1cd7c2bb398bed4cfb647c8ca0'
23:01:58.141 [AsyncHttpClient-1-22] DEBUG org.asynchttpclient.netty.channel.ChannelManager - Closing Channel [id: 0x1dcd55a5, L:/127.0.0.1:54765 ! R:localhost/127.0.0.1:54758] 
23:01:58.141 [Driver Command Executor] DEBUG org.asynchttpclient.netty.request.NettyRequestSender - Using open Channel [id: 0x4a595bf2, L:/127.0.0.1:54757 - R:localhost/127.0.0.1:45709] for DELETE '/session/4113fd1cd7c2bb398bed4cfb647c8ca0'
23:01:58.324 [AsyncHttpClient-1-21] DEBUG org.asynchttpclient.netty.handler.HttpHandler - Unexpected I/O exception on channel [id: 0x4a4bf52e, L:/127.0.0.1:54764 - R:localhost/127.0.0.1:54758]
java.io.IOException: An existing connection was forcibly closed by the remote host
	at sun.nio.ch.SocketDispatcher.read0(Native Method)
	at sun.nio.ch.SocketDispatcher.read(SocketDispatcher.java:43)
	at sun.nio.ch.IOUtil.readIntoNativeBuffer(IOUtil.java:223)
	at sun.nio.ch.IOUtil.read(IOUtil.java:192)
	at sun.nio.ch.SocketChannelImpl.read(SocketChannelImpl.java:378)
	at io.netty.buffer.PooledByteBuf.setBytes(PooledByteBuf.java:259)
	at io.netty.buffer.AbstractByteBuf.writeBytes(AbstractByteBuf.java:1132)
	at io.netty.channel.socket.nio.NioSocketChannel.doReadBytes(NioSocketChannel.java:357)
	at io.netty.channel.nio.AbstractNioByteChannel$NioByteUnsafe.read(AbstractNioByteChannel.java:151)
	at io.netty.channel.nio.NioEventLoop.processSelectedKey(NioEventLoop.java:788)
	at io.netty.channel.nio.NioEventLoop.processSelectedKeysOptimized(NioEventLoop.java:724)
	at io.netty.channel.nio.NioEventLoop.processSelectedKeys(NioEventLoop.java:650)
	at io.netty.channel.nio.NioEventLoop.run(NioEventLoop.java:562)
	at io.netty.util.concurrent.SingleThreadEventExecutor$4.run(SingleThreadEventExecutor.java:997)
	at io.netty.util.internal.ThreadExecutorMap$2.run(ThreadExecutorMap.java:74)
	at io.netty.util.concurrent.FastThreadLocalRunnable.run(FastThreadLocalRunnable.java:30)
	at java.lang.Thread.run(Thread.java:750)
23:01:58.324 [AsyncHttpClient-1-21] DEBUG org.asynchttpclient.netty.channel.ChannelManager - Closing Channel [id: 0x4a4bf52e, L:/127.0.0.1:54764 - R:localhost/127.0.0.1:54758] 
23:01:58.325 [AsyncHttpClient-1-21] DEBUG org.asynchttpclient.netty.handler.HttpHandler - Channel Closed: [id: 0x4a4bf52e, L:/127.0.0.1:54764 ! R:localhost/127.0.0.1:54758] with attribute DISCARD
23:01:58.338 [AsyncHttpClient-1-20] DEBUG org.asynchttpclient.netty.handler.HttpHandler - 

Request DefaultFullHttpRequest(decodeResult: success, version: HTTP/1.1, content: EmptyByteBufBE)
DELETE /session/4113fd1cd7c2bb398bed4cfb647c8ca0 HTTP/1.1
User-Agent: selenium/4.8.1 (java windows)
Content-Type: application/json; charset=utf-8
host: localhost:45709
accept: */*

Response DefaultHttpResponse(decodeResult: success, version: HTTP/1.1)
HTTP/1.1 200 OK
Content-Length: 14
Content-Type: application/json; charset=utf-8
cache-control: no-cache

23:01:58.338 [AsyncHttpClient-1-20] DEBUG org.asynchttpclient.netty.channel.ChannelManager - Adding key: http://localhost:45709 for channel [id: 0x4a595bf2, L:/127.0.0.1:54757 - R:localhost/127.0.0.1:45709]
23:01:58.390 [AsyncHttpClient-1-20] DEBUG org.asynchttpclient.netty.handler.HttpHandler - Channel Closed: [id: 0x4a595bf2, L:/127.0.0.1:54757 ! R:localhost/127.0.0.1:45709] with attribute DISCARD
]]></system-out>
    <system-err><![CDATA[Starting ChromeDriver 113.0.5672.63 (0e1a4471d5ae5bf128b1bd8f4d627c8cbd55f70c-refs/branch-heads/5672@{#912}) on port 45709
Only local connections are allowed.
Please see https://chromedriver.chromium.org/security-considerations for suggestions on keeping ChromeDriver safe.
ChromeDriver was started successfully.
May 08, 2023 11:01:49 PM org.openqa.selenium.devtools.CdpVersionFinder findNearestMatch
WARNING: Unable to find an exact match for CDP version 113, so returning the closest version found: 110
]]></system-err>
  </testcase>
  <testcase name="buy one product in cart click pay button" classname="Order" time="11.229">
    <system-out><![CDATA[
@BuyProduct
Scenario: buy one product in cart click pay button &amp#27;[90m# src/test/resources/features/4.Order.feature:23&amp#27;[0m
23:01:58.974 [main] DEBUG io.cucumber.core.plugin.SerenityReporter - Running feature from file:///D:/1.%20QA%20ALTERRA%20ACADEMY/MobileTesting/MiniProjectWEB/src/test/resources/features/4.Order.feature
23:01:58.982 [main] INFO  - 
  _____   ___   ___   _____     ___   _____     _     ___   _____   ___   ___  
 |_   _| | __| / __| |_   _|   / __| |_   _|   /_\   | _ \ |_   _| | __| |   \ 
   | |   | _|  \__ \   | |     \__ \   | |    / _ \  |   /   | |   | _|  | |) |
   |_|   |___| |___/   |_|     |___/   |_|   /_/ \_\ |_|_\   |_|   |___| |___/ 

buy one product in cart click pay button(order;buy-one-product-in-cart-click-pay-button)
--------------------------------------------------------------------------------
23:01:59.099 [main] INFO net.serenitybdd.core.webdriver.driverproviders.ChromeDriverProvider - Starting Chrome driver instance with capabilities:
23:01:59.099 [main] INFO net.serenitybdd.core.webdriver.driverproviders.ChromeDriverProvider - Capabilities {acceptInsecureCerts: false, browserName: chrome, goog:chromeOptions: {args: [remote-allow-origins=*], extensions: []}}
23:01:59.199 [AsyncHttpClient-1-1] DEBUG org.asynchttpclient.netty.channel.DefaultChannelPool - Entry count for : http://localhost:45709 : 1
23:01:59.199 [AsyncHttpClient-1-1] DEBUG org.asynchttpclient.netty.channel.DefaultChannelPool - Entry count for : http://localhost:54758 : 1
23:01:59.199 [AsyncHttpClient-1-1] DEBUG org.asynchttpclient.netty.channel.DefaultChannelPool - Adding Candidate expired Channel [id: 0x4a595bf2, L:/127.0.0.1:54757 ! R:localhost/127.0.0.1:45709] isIdleTimeoutExpired=false isRemotelyClosed=true isTtlExpired=false
23:01:59.199 [AsyncHttpClient-1-1] DEBUG org.asynchttpclient.netty.channel.DefaultChannelPool - Closing Idle Channel [id: 0x4a595bf2, L:/127.0.0.1:54757 ! R:localhost/127.0.0.1:45709]
23:01:59.199 [AsyncHttpClient-1-1] DEBUG org.asynchttpclient.netty.channel.DefaultChannelPool - Adding Candidate expired Channel [id: 0x4a4bf52e, L:/127.0.0.1:54764 ! R:localhost/127.0.0.1:54758] isIdleTimeoutExpired=false isRemotelyClosed=true isTtlExpired=false
23:01:59.199 [AsyncHttpClient-1-1] DEBUG org.asynchttpclient.netty.channel.DefaultChannelPool - Closing Idle Channel [id: 0x4a4bf52e, L:/127.0.0.1:54764 ! R:localhost/127.0.0.1:54758]
23:01:59.199 [AsyncHttpClient-1-1] DEBUG org.asynchttpclient.netty.channel.DefaultChannelPool - Closed 2 connections out of 2 in 0 ms
23:02:00.124 [AsyncHttpClient-1-23] DEBUG org.asynchttpclient.netty.channel.NettyConnectListener - Using new Channel '[id: 0xbe2700f0, L:/127.0.0.1:54788 - R:localhost/127.0.0.1:11082]' for 'POST' to '/session'
23:02:00.732 [AsyncHttpClient-1-23] DEBUG org.asynchttpclient.netty.handler.HttpHandler - 

Request DefaultHttpRequest(decodeResult: success, version: HTTP/1.1)
POST /session HTTP/1.1
User-Agent: selenium/4.8.1 (java windows)
Content-Length: 507
Content-Type: application/json; charset=utf-8
host: localhost:11082
accept: */*

Response DefaultHttpResponse(decodeResult: success, version: HTTP/1.1)
HTTP/1.1 200 OK
Content-Length: 861
Content-Type: application/json; charset=utf-8
cache-control: no-cache

23:02:00.732 [AsyncHttpClient-1-23] DEBUG org.asynchttpclient.netty.channel.ChannelManager - Adding key: http://localhost:11082 for channel [id: 0xbe2700f0, L:/127.0.0.1:54788 - R:localhost/127.0.0.1:11082]
23:02:00.737 [AsyncHttpClient-1-24] DEBUG org.asynchttpclient.netty.channel.NettyConnectListener - Using new Channel '[id: 0x6095d033, L:/127.0.0.1:54795 - R:localhost/127.0.0.1:54789]' for 'GET' to '/json/version'
23:02:00.737 [AsyncHttpClient-1-24] DEBUG org.asynchttpclient.netty.handler.HttpHandler - 

Request DefaultFullHttpRequest(decodeResult: success, version: HTTP/1.1, content: EmptyByteBufBE)
GET /json/version HTTP/1.1
User-Agent: selenium/4.8.1 (java windows)
host: localhost:54789
accept: */*

Response DefaultHttpResponse(decodeResult: success, version: HTTP/1.1)
HTTP/1.1 200 OK
Content-Security-Policy: frame-ancestors 'none'
Content-Length: 422
Content-Type: application/json; charset=UTF-8

23:02:00.737 [AsyncHttpClient-1-24] DEBUG org.asynchttpclient.netty.channel.ChannelManager - Adding key: http://localhost:54789 for channel [id: 0x6095d033, L:/127.0.0.1:54795 - R:localhost/127.0.0.1:54789]
23:02:00.739 [AsyncHttpClient-1-25] DEBUG org.asynchttpclient.netty.channel.NettyConnectListener - Using new Channel '[id: 0x97b69d3c, L:/127.0.0.1:54796 - R:localhost/127.0.0.1:54789]' for 'GET' to '/devtools/browser/99599ea9-20d8-466e-8d63-fcebf7412e05'
23:02:00.740 [AsyncHttpClient-1-25] DEBUG org.asynchttpclient.netty.handler.WebSocketHandler - 

Request DefaultFullHttpRequest(decodeResult: success, version: HTTP/1.1, content: EmptyByteBufBE)
GET /devtools/browser/99599ea9-20d8-466e-8d63-fcebf7412e05 HTTP/1.1
upgrade: websocket
connection: upgrade
sec-websocket-key: WzI7uRRYZkBbRi4artUPow==
sec-websocket-version: 13
origin: http://localhost:54789
host: localhost:54789
accept: */*
user-agent: AHC/2.1

Response DefaultHttpResponse(decodeResult: success, version: HTTP/1.1)
HTTP/1.1 101 WebSocket Protocol Handshake
Upgrade: WebSocket
Connection: Upgrade
Sec-WebSocket-Accept: aGfGCrSXkvBzZTkVVqZNfsFSVQk=

23:02:00.742 [Forwarding get on session 3480b08e704c7ae5a24177e11dfc066f to remote] DEBUG org.asynchttpclient.netty.request.NettyRequestSender - Using pooled Channel '[id: 0xbe2700f0, L:/127.0.0.1:54788 - R:localhost/127.0.0.1:11082]' for 'POST' to 'http://localhost:11082/session/3480b08e704c7ae5a24177e11dfc066f/url'
23:02:00.743 [Forwarding get on session 3480b08e704c7ae5a24177e11dfc066f to remote] DEBUG org.asynchttpclient.netty.request.NettyRequestSender - Using open Channel [id: 0xbe2700f0, L:/127.0.0.1:54788 - R:localhost/127.0.0.1:11082] for POST '/session/3480b08e704c7ae5a24177e11dfc066f/url'
23:02:01.399 [AsyncHttpClient-1-1] DEBUG org.asynchttpclient.netty.channel.DefaultChannelPool - Entry count for : http://localhost:54789 : 1
23:02:02.498 [AsyncHttpClient-1-1] DEBUG org.asynchttpclient.netty.channel.DefaultChannelPool - Entry count for : http://localhost:54789 : 1
23:02:03.597 [AsyncHttpClient-1-1] DEBUG org.asynchttpclient.netty.channel.DefaultChannelPool - Entry count for : http://localhost:54789 : 1
23:02:04.697 [AsyncHttpClient-1-1] DEBUG org.asynchttpclient.netty.channel.DefaultChannelPool - Entry count for : http://localhost:54789 : 1
23:02:05.373 [AsyncHttpClient-1-23] DEBUG org.asynchttpclient.netty.handler.HttpHandler - 

Request DefaultHttpRequest(decodeResult: success, version: HTTP/1.1)
POST /session/3480b08e704c7ae5a24177e11dfc066f/url HTTP/1.1
User-Agent: selenium/4.8.1 (java windows)
Content-Length: 53
Content-Type: application/json; charset=utf-8
host: localhost:11082
accept: */*

Response DefaultHttpResponse(decodeResult: success, version: HTTP/1.1)
HTTP/1.1 200 OK
Content-Length: 14
Content-Type: application/json; charset=utf-8
cache-control: no-cache

23:02:05.374 [AsyncHttpClient-1-23] DEBUG org.asynchttpclient.netty.channel.ChannelManager - Adding key: http://localhost:11082 for channel [id: 0xbe2700f0, L:/127.0.0.1:54788 - R:localhost/127.0.0.1:11082]
23:02:05.374 [Forwarding setTimeout on session 3480b08e704c7ae5a24177e11dfc066f to remote] DEBUG org.asynchttpclient.netty.request.NettyRequestSender - Using pooled Channel '[id: 0xbe2700f0, L:/127.0.0.1:54788 - R:localhost/127.0.0.1:11082]' for 'POST' to 'http://localhost:11082/session/3480b08e704c7ae5a24177e11dfc066f/timeouts'
23:02:05.375 [Forwarding setTimeout on session 3480b08e704c7ae5a24177e11dfc066f to remote] DEBUG org.asynchttpclient.netty.request.NettyRequestSender - Using open Channel [id: 0xbe2700f0, L:/127.0.0.1:54788 - R:localhost/127.0.0.1:11082] for POST '/session/3480b08e704c7ae5a24177e11dfc066f/timeouts'
23:02:05.375 [AsyncHttpClient-1-23] DEBUG org.asynchttpclient.netty.handler.HttpHandler - 

Request DefaultHttpRequest(decodeResult: success, version: HTTP/1.1)
POST /session/3480b08e704c7ae5a24177e11dfc066f/timeouts HTTP/1.1
User-Agent: selenium/4.8.1 (java windows)
Content-Length: 22
Content-Type: application/json; charset=utf-8
host: localhost:11082
accept: */*

Response DefaultHttpResponse(decodeResult: success, version: HTTP/1.1)
HTTP/1.1 200 OK
Content-Length: 14
Content-Type: application/json; charset=utf-8
cache-control: no-cache

23:02:05.375 [AsyncHttpClient-1-23] DEBUG org.asynchttpclient.netty.channel.ChannelManager - Adding key: http://localhost:11082 for channel [id: 0xbe2700f0, L:/127.0.0.1:54788 - R:localhost/127.0.0.1:11082]
  &amp#27;[32mGiven &amp#27;[0m&amp#27;[32mI am on the home page&amp#27;[0m                      &amp#27;[90m# starter.stepdefinitions.HomepageSteps.onTheHomePage()&amp#27;[0m
23:02:05.380 [Forwarding getAlertText on session 3480b08e704c7ae5a24177e11dfc066f to remote] DEBUG org.asynchttpclient.netty.request.NettyRequestSender - Using pooled Channel '[id: 0xbe2700f0, L:/127.0.0.1:54788 - R:localhost/127.0.0.1:11082]' for 'GET' to 'http://localhost:11082/session/3480b08e704c7ae5a24177e11dfc066f/alert/text'
23:02:05.380 [Forwarding getAlertText on session 3480b08e704c7ae5a24177e11dfc066f to remote] DEBUG org.asynchttpclient.netty.request.NettyRequestSender - Using open Channel [id: 0xbe2700f0, L:/127.0.0.1:54788 - R:localhost/127.0.0.1:11082] for GET '/session/3480b08e704c7ae5a24177e11dfc066f/alert/text'
23:02:05.382 [AsyncHttpClient-1-23] DEBUG org.asynchttpclient.netty.handler.HttpHandler - 

Request DefaultFullHttpRequest(decodeResult: success, version: HTTP/1.1, content: EmptyByteBufBE)
GET /session/3480b08e704c7ae5a24177e11dfc066f/alert/text HTTP/1.1
User-Agent: selenium/4.8.1 (java windows)
Cache-Control: no-cache
Content-Type: application/json; charset=utf-8
host: localhost:11082
accept: */*

Response DefaultHttpResponse(decodeResult: success, version: HTTP/1.1)
HTTP/1.1 404 Not Found
Content-Length: 820
Content-Type: application/json; charset=utf-8
cache-control: no-cache

23:02:05.382 [AsyncHttpClient-1-23] DEBUG org.asynchttpclient.netty.channel.ChannelManager - Adding key: http://localhost:11082 for channel [id: 0xbe2700f0, L:/127.0.0.1:54788 - R:localhost/127.0.0.1:11082]
23:02:05.383 [Forwarding getCurrentUrl on session 3480b08e704c7ae5a24177e11dfc066f to remote] DEBUG org.asynchttpclient.netty.request.NettyRequestSender - Using pooled Channel '[id: 0xbe2700f0, L:/127.0.0.1:54788 - R:localhost/127.0.0.1:11082]' for 'GET' to 'http://localhost:11082/session/3480b08e704c7ae5a24177e11dfc066f/url'
23:02:05.383 [Forwarding getCurrentUrl on session 3480b08e704c7ae5a24177e11dfc066f to remote] DEBUG org.asynchttpclient.netty.request.NettyRequestSender - Using open Channel [id: 0xbe2700f0, L:/127.0.0.1:54788 - R:localhost/127.0.0.1:11082] for GET '/session/3480b08e704c7ae5a24177e11dfc066f/url'
23:02:05.390 [AsyncHttpClient-1-23] DEBUG org.asynchttpclient.netty.handler.HttpHandler - 

Request DefaultFullHttpRequest(decodeResult: success, version: HTTP/1.1, content: EmptyByteBufBE)
GET /session/3480b08e704c7ae5a24177e11dfc066f/url HTTP/1.1
User-Agent: selenium/4.8.1 (java windows)
Cache-Control: no-cache
Content-Type: application/json; charset=utf-8
host: localhost:11082
accept: */*

Response DefaultHttpResponse(decodeResult: success, version: HTTP/1.1)
HTTP/1.1 200 OK
Content-Length: 41
Content-Type: application/json; charset=utf-8
cache-control: no-cache

23:02:05.390 [AsyncHttpClient-1-23] DEBUG org.asynchttpclient.netty.channel.ChannelManager - Adding key: http://localhost:11082 for channel [id: 0xbe2700f0, L:/127.0.0.1:54788 - R:localhost/127.0.0.1:11082]
23:02:05.390 [Forwarding screenshot on session 3480b08e704c7ae5a24177e11dfc066f to remote] DEBUG org.asynchttpclient.netty.request.NettyRequestSender - Using pooled Channel '[id: 0xbe2700f0, L:/127.0.0.1:54788 - R:localhost/127.0.0.1:11082]' for 'GET' to 'http://localhost:11082/session/3480b08e704c7ae5a24177e11dfc066f/screenshot'
23:02:05.390 [Forwarding screenshot on session 3480b08e704c7ae5a24177e11dfc066f to remote] DEBUG org.asynchttpclient.netty.request.NettyRequestSender - Using open Channel [id: 0xbe2700f0, L:/127.0.0.1:54788 - R:localhost/127.0.0.1:11082] for GET '/session/3480b08e704c7ae5a24177e11dfc066f/screenshot'
23:02:05.505 [AsyncHttpClient-1-23] DEBUG org.asynchttpclient.netty.handler.HttpHandler - 

Request DefaultFullHttpRequest(decodeResult: success, version: HTTP/1.1, content: EmptyByteBufBE)
GET /session/3480b08e704c7ae5a24177e11dfc066f/screenshot HTTP/1.1
User-Agent: selenium/4.8.1 (java windows)
Cache-Control: no-cache
Content-Type: application/json; charset=utf-8
host: localhost:11082
accept: */*

Response DefaultHttpResponse(decodeResult: success, version: HTTP/1.1)
HTTP/1.1 200 OK
Content-Length: 93224
Content-Type: application/json; charset=utf-8
cache-control: no-cache

23:02:05.505 [AsyncHttpClient-1-23] DEBUG org.asynchttpclient.netty.channel.ChannelManager - Adding key: http://localhost:11082 for channel [id: 0xbe2700f0, L:/127.0.0.1:54788 - R:localhost/127.0.0.1:11082]
23:02:05.510 [main] DEBUG net.serenitybdd.core.photography.Darkroom - Send negative for processing for target\site\serenity\eae70e0d31e8e8b85ce659fe0365ca28c24246a1bf9d3b50a76ae0889116b9f5.png
23:02:05.513 [Forwarding getPageSource on session 3480b08e704c7ae5a24177e11dfc066f to remote] DEBUG org.asynchttpclient.netty.request.NettyRequestSender - Using pooled Channel '[id: 0xbe2700f0, L:/127.0.0.1:54788 - R:localhost/127.0.0.1:11082]' for 'POST' to 'http://localhost:11082/session/3480b08e704c7ae5a24177e11dfc066f/execute/sync'
23:02:05.513 [Forwarding getPageSource on session 3480b08e704c7ae5a24177e11dfc066f to remote] DEBUG org.asynchttpclient.netty.request.NettyRequestSender - Using open Channel [id: 0xbe2700f0, L:/127.0.0.1:54788 - R:localhost/127.0.0.1:11082] for POST '/session/3480b08e704c7ae5a24177e11dfc066f/execute/sync'
23:02:05.571 [AsyncHttpClient-1-23] DEBUG org.asynchttpclient.netty.handler.HttpHandler - 

Request DefaultHttpRequest(decodeResult: success, version: HTTP/1.1)
POST /session/3480b08e704c7ae5a24177e11dfc066f/execute/sync HTTP/1.1
User-Agent: selenium/4.8.1 (java windows)
Content-Length: 176
Content-Type: application/json; charset=utf-8
host: localhost:11082
accept: */*

Response DefaultHttpResponse(decodeResult: success, version: HTTP/1.1)
HTTP/1.1 200 OK
Content-Length: 816995
Content-Type: application/json; charset=utf-8
cache-control: no-cache

23:02:05.572 [AsyncHttpClient-1-23] DEBUG org.asynchttpclient.netty.channel.ChannelManager - Adding key: http://localhost:11082 for channel [id: 0xbe2700f0, L:/127.0.0.1:54788 - R:localhost/127.0.0.1:11082]
23:02:05.653 [Forwarding getCurrentUrl on session 3480b08e704c7ae5a24177e11dfc066f to remote] DEBUG org.asynchttpclient.netty.request.NettyRequestSender - Using pooled Channel '[id: 0xbe2700f0, L:/127.0.0.1:54788 - R:localhost/127.0.0.1:11082]' for 'GET' to 'http://localhost:11082/session/3480b08e704c7ae5a24177e11dfc066f/url'
23:02:05.653 [Forwarding getCurrentUrl on session 3480b08e704c7ae5a24177e11dfc066f to remote] DEBUG org.asynchttpclient.netty.request.NettyRequestSender - Using open Channel [id: 0xbe2700f0, L:/127.0.0.1:54788 - R:localhost/127.0.0.1:11082] for GET '/session/3480b08e704c7ae5a24177e11dfc066f/url'
23:02:05.661 [AsyncHttpClient-1-23] DEBUG org.asynchttpclient.netty.handler.HttpHandler - 

Request DefaultFullHttpRequest(decodeResult: success, version: HTTP/1.1, content: EmptyByteBufBE)
GET /session/3480b08e704c7ae5a24177e11dfc066f/url HTTP/1.1
User-Agent: selenium/4.8.1 (java windows)
Cache-Control: no-cache
Content-Type: application/json; charset=utf-8
host: localhost:11082
accept: */*

Response DefaultHttpResponse(decodeResult: success, version: HTTP/1.1)
HTTP/1.1 200 OK
Content-Length: 41
Content-Type: application/json; charset=utf-8
cache-control: no-cache

23:02:05.661 [AsyncHttpClient-1-23] DEBUG org.asynchttpclient.netty.channel.ChannelManager - Adding key: http://localhost:11082 for channel [id: 0xbe2700f0, L:/127.0.0.1:54788 - R:localhost/127.0.0.1:11082]
23:02:05.667 [Forwarding getAlertText on session 3480b08e704c7ae5a24177e11dfc066f to remote] DEBUG org.asynchttpclient.netty.request.NettyRequestSender - Using pooled Channel '[id: 0xbe2700f0, L:/127.0.0.1:54788 - R:localhost/127.0.0.1:11082]' for 'GET' to 'http://localhost:11082/session/3480b08e704c7ae5a24177e11dfc066f/alert/text'
23:02:05.667 [Forwarding getAlertText on session 3480b08e704c7ae5a24177e11dfc066f to remote] DEBUG org.asynchttpclient.netty.request.NettyRequestSender - Using open Channel [id: 0xbe2700f0, L:/127.0.0.1:54788 - R:localhost/127.0.0.1:11082] for GET '/session/3480b08e704c7ae5a24177e11dfc066f/alert/text'
23:02:05.668 [AsyncHttpClient-1-23] DEBUG org.asynchttpclient.netty.handler.HttpHandler - 

Request DefaultFullHttpRequest(decodeResult: success, version: HTTP/1.1, content: EmptyByteBufBE)
GET /session/3480b08e704c7ae5a24177e11dfc066f/alert/text HTTP/1.1
User-Agent: selenium/4.8.1 (java windows)
Cache-Control: no-cache
Content-Type: application/json; charset=utf-8
host: localhost:11082
accept: */*

Response DefaultHttpResponse(decodeResult: success, version: HTTP/1.1)
HTTP/1.1 404 Not Found
Content-Length: 820
Content-Type: application/json; charset=utf-8
cache-control: no-cache

23:02:05.668 [AsyncHttpClient-1-23] DEBUG org.asynchttpclient.netty.channel.ChannelManager - Adding key: http://localhost:11082 for channel [id: 0xbe2700f0, L:/127.0.0.1:54788 - R:localhost/127.0.0.1:11082]
23:02:05.669 [Forwarding getCurrentUrl on session 3480b08e704c7ae5a24177e11dfc066f to remote] DEBUG org.asynchttpclient.netty.request.NettyRequestSender - Using pooled Channel '[id: 0xbe2700f0, L:/127.0.0.1:54788 - R:localhost/127.0.0.1:11082]' for 'GET' to 'http://localhost:11082/session/3480b08e704c7ae5a24177e11dfc066f/url'
23:02:05.669 [Forwarding getCurrentUrl on session 3480b08e704c7ae5a24177e11dfc066f to remote] DEBUG org.asynchttpclient.netty.request.NettyRequestSender - Using open Channel [id: 0xbe2700f0, L:/127.0.0.1:54788 - R:localhost/127.0.0.1:11082] for GET '/session/3480b08e704c7ae5a24177e11dfc066f/url'
23:02:05.675 [AsyncHttpClient-1-23] DEBUG org.asynchttpclient.netty.handler.HttpHandler - 

Request DefaultFullHttpRequest(decodeResult: success, version: HTTP/1.1, content: EmptyByteBufBE)
GET /session/3480b08e704c7ae5a24177e11dfc066f/url HTTP/1.1
User-Agent: selenium/4.8.1 (java windows)
Cache-Control: no-cache
Content-Type: application/json; charset=utf-8
host: localhost:11082
accept: */*

Response DefaultHttpResponse(decodeResult: success, version: HTTP/1.1)
HTTP/1.1 200 OK
Content-Length: 41
Content-Type: application/json; charset=utf-8
cache-control: no-cache

23:02:05.675 [AsyncHttpClient-1-23] DEBUG org.asynchttpclient.netty.channel.ChannelManager - Adding key: http://localhost:11082 for channel [id: 0xbe2700f0, L:/127.0.0.1:54788 - R:localhost/127.0.0.1:11082]
23:02:05.675 [Forwarding screenshot on session 3480b08e704c7ae5a24177e11dfc066f to remote] DEBUG org.asynchttpclient.netty.request.NettyRequestSender - Using pooled Channel '[id: 0xbe2700f0, L:/127.0.0.1:54788 - R:localhost/127.0.0.1:11082]' for 'GET' to 'http://localhost:11082/session/3480b08e704c7ae5a24177e11dfc066f/screenshot'
23:02:05.675 [Forwarding screenshot on session 3480b08e704c7ae5a24177e11dfc066f to remote] DEBUG org.asynchttpclient.netty.request.NettyRequestSender - Using open Channel [id: 0xbe2700f0, L:/127.0.0.1:54788 - R:localhost/127.0.0.1:11082] for GET '/session/3480b08e704c7ae5a24177e11dfc066f/screenshot'
23:02:05.798 [AsyncHttpClient-1-1] DEBUG org.asynchttpclient.netty.channel.DefaultChannelPool - Entry count for : http://localhost:54789 : 1
23:02:05.837 [AsyncHttpClient-1-23] DEBUG org.asynchttpclient.netty.handler.HttpHandler - 

Request DefaultFullHttpRequest(decodeResult: success, version: HTTP/1.1, content: EmptyByteBufBE)
GET /session/3480b08e704c7ae5a24177e11dfc066f/screenshot HTTP/1.1
User-Agent: selenium/4.8.1 (java windows)
Cache-Control: no-cache
Content-Type: application/json; charset=utf-8
host: localhost:11082
accept: */*

Response DefaultHttpResponse(decodeResult: success, version: HTTP/1.1)
HTTP/1.1 200 OK
Content-Length: 93224
Content-Type: application/json; charset=utf-8
cache-control: no-cache

23:02:05.838 [AsyncHttpClient-1-23] DEBUG org.asynchttpclient.netty.channel.ChannelManager - Adding key: http://localhost:11082 for channel [id: 0xbe2700f0, L:/127.0.0.1:54788 - R:localhost/127.0.0.1:11082]
23:02:05.840 [main] DEBUG net.serenitybdd.core.photography.Darkroom - Send negative for processing for target\site\serenity\eae70e0d31e8e8b85ce659fe0365ca28c24246a1bf9d3b50a76ae0889116b9f5.png
23:02:05.841 [Forwarding getPageSource on session 3480b08e704c7ae5a24177e11dfc066f to remote] DEBUG org.asynchttpclient.netty.request.NettyRequestSender - Using pooled Channel '[id: 0xbe2700f0, L:/127.0.0.1:54788 - R:localhost/127.0.0.1:11082]' for 'POST' to 'http://localhost:11082/session/3480b08e704c7ae5a24177e11dfc066f/execute/sync'
23:02:05.841 [Forwarding getPageSource on session 3480b08e704c7ae5a24177e11dfc066f to remote] DEBUG org.asynchttpclient.netty.request.NettyRequestSender - Using open Channel [id: 0xbe2700f0, L:/127.0.0.1:54788 - R:localhost/127.0.0.1:11082] for POST '/session/3480b08e704c7ae5a24177e11dfc066f/execute/sync'
23:02:05.892 [AsyncHttpClient-1-23] DEBUG org.asynchttpclient.netty.handler.HttpHandler - 

Request DefaultHttpRequest(decodeResult: success, version: HTTP/1.1)
POST /session/3480b08e704c7ae5a24177e11dfc066f/execute/sync HTTP/1.1
User-Agent: selenium/4.8.1 (java windows)
Content-Length: 176
Content-Type: application/json; charset=utf-8
host: localhost:11082
accept: */*

Response DefaultHttpResponse(decodeResult: success, version: HTTP/1.1)
HTTP/1.1 200 OK
Content-Length: 816995
Content-Type: application/json; charset=utf-8
cache-control: no-cache

23:02:05.892 [AsyncHttpClient-1-23] DEBUG org.asynchttpclient.netty.channel.ChannelManager - Adding key: http://localhost:11082 for channel [id: 0xbe2700f0, L:/127.0.0.1:54788 - R:localhost/127.0.0.1:11082]
23:02:05.963 [Forwarding getCurrentUrl on session 3480b08e704c7ae5a24177e11dfc066f to remote] DEBUG org.asynchttpclient.netty.request.NettyRequestSender - Using pooled Channel '[id: 0xbe2700f0, L:/127.0.0.1:54788 - R:localhost/127.0.0.1:11082]' for 'GET' to 'http://localhost:11082/session/3480b08e704c7ae5a24177e11dfc066f/url'
23:02:05.963 [Forwarding getCurrentUrl on session 3480b08e704c7ae5a24177e11dfc066f to remote] DEBUG org.asynchttpclient.netty.request.NettyRequestSender - Using open Channel [id: 0xbe2700f0, L:/127.0.0.1:54788 - R:localhost/127.0.0.1:11082] for GET '/session/3480b08e704c7ae5a24177e11dfc066f/url'
23:02:05.969 [AsyncHttpClient-1-23] DEBUG org.asynchttpclient.netty.handler.HttpHandler - 

Request DefaultFullHttpRequest(decodeResult: success, version: HTTP/1.1, content: EmptyByteBufBE)
GET /session/3480b08e704c7ae5a24177e11dfc066f/url HTTP/1.1
User-Agent: selenium/4.8.1 (java windows)
Cache-Control: no-cache
Content-Type: application/json; charset=utf-8
host: localhost:11082
accept: */*

Response DefaultHttpResponse(decodeResult: success, version: HTTP/1.1)
HTTP/1.1 200 OK
Content-Length: 41
Content-Type: application/json; charset=utf-8
cache-control: no-cache

23:02:05.969 [AsyncHttpClient-1-23] DEBUG org.asynchttpclient.netty.channel.ChannelManager - Adding key: http://localhost:11082 for channel [id: 0xbe2700f0, L:/127.0.0.1:54788 - R:localhost/127.0.0.1:11082]
23:02:05.972 [main] DEBUG net.thucydides.core.steps.StepInterceptor - STARTING STEP: HomepageSteps.chooseTheProduct - chooseProduct
23:02:05.974 [Forwarding findElement on session 3480b08e704c7ae5a24177e11dfc066f to remote] DEBUG org.asynchttpclient.netty.request.NettyRequestSender - Using pooled Channel '[id: 0xbe2700f0, L:/127.0.0.1:54788 - R:localhost/127.0.0.1:11082]' for 'POST' to 'http://localhost:11082/session/3480b08e704c7ae5a24177e11dfc066f/element'
23:02:05.974 [Forwarding findElement on session 3480b08e704c7ae5a24177e11dfc066f to remote] DEBUG org.asynchttpclient.netty.request.NettyRequestSender - Using open Channel [id: 0xbe2700f0, L:/127.0.0.1:54788 - R:localhost/127.0.0.1:11082] for POST '/session/3480b08e704c7ae5a24177e11dfc066f/element'
23:02:05.987 [AsyncHttpClient-1-23] DEBUG org.asynchttpclient.netty.handler.HttpHandler - 

Request DefaultHttpRequest(decodeResult: success, version: HTTP/1.1)
POST /session/3480b08e704c7ae5a24177e11dfc066f/element HTTP/1.1
User-Agent: selenium/4.8.1 (java windows)
Content-Length: 54
Content-Type: application/json; charset=utf-8
host: localhost:11082
accept: */*

Response DefaultHttpResponse(decodeResult: success, version: HTTP/1.1)
HTTP/1.1 200 OK
Content-Length: 94
Content-Type: application/json; charset=utf-8
cache-control: no-cache

23:02:05.987 [AsyncHttpClient-1-23] DEBUG org.asynchttpclient.netty.channel.ChannelManager - Adding key: http://localhost:11082 for channel [id: 0xbe2700f0, L:/127.0.0.1:54788 - R:localhost/127.0.0.1:11082]
23:02:05.989 [Forwarding isElementDisplayed on session 3480b08e704c7ae5a24177e11dfc066f to remote] DEBUG org.asynchttpclient.netty.request.NettyRequestSender - Using pooled Channel '[id: 0xbe2700f0, L:/127.0.0.1:54788 - R:localhost/127.0.0.1:11082]' for 'POST' to 'http://localhost:11082/session/3480b08e704c7ae5a24177e11dfc066f/execute/sync'
23:02:05.989 [Forwarding isElementDisplayed on session 3480b08e704c7ae5a24177e11dfc066f to remote] DEBUG org.asynchttpclient.netty.request.NettyRequestSender - Using open Channel [id: 0xbe2700f0, L:/127.0.0.1:54788 - R:localhost/127.0.0.1:11082] for POST '/session/3480b08e704c7ae5a24177e11dfc066f/execute/sync'
23:02:06.004 [AsyncHttpClient-1-23] DEBUG org.asynchttpclient.netty.handler.HttpHandler - 

Request DefaultHttpRequest(decodeResult: success, version: HTTP/1.1)
POST /session/3480b08e704c7ae5a24177e11dfc066f/execute/sync HTTP/1.1
User-Agent: selenium/4.8.1 (java windows)
Content-Length: 48813
Content-Type: application/json; charset=utf-8
host: localhost:11082
accept: */*

Response DefaultHttpResponse(decodeResult: success, version: HTTP/1.1)
HTTP/1.1 200 OK
Content-Length: 14
Content-Type: application/json; charset=utf-8
cache-control: no-cache

23:02:06.004 [AsyncHttpClient-1-23] DEBUG org.asynchttpclient.netty.channel.ChannelManager - Adding key: http://localhost:11082 for channel [id: 0xbe2700f0, L:/127.0.0.1:54788 - R:localhost/127.0.0.1:11082]
23:02:06.007 [Forwarding getAlertText on session 3480b08e704c7ae5a24177e11dfc066f to remote] DEBUG org.asynchttpclient.netty.request.NettyRequestSender - Using pooled Channel '[id: 0xbe2700f0, L:/127.0.0.1:54788 - R:localhost/127.0.0.1:11082]' for 'GET' to 'http://localhost:11082/session/3480b08e704c7ae5a24177e11dfc066f/alert/text'
23:02:06.007 [Forwarding getAlertText on session 3480b08e704c7ae5a24177e11dfc066f to remote] DEBUG org.asynchttpclient.netty.request.NettyRequestSender - Using open Channel [id: 0xbe2700f0, L:/127.0.0.1:54788 - R:localhost/127.0.0.1:11082] for GET '/session/3480b08e704c7ae5a24177e11dfc066f/alert/text'
23:02:06.009 [AsyncHttpClient-1-23] DEBUG org.asynchttpclient.netty.handler.HttpHandler - 

Request DefaultFullHttpRequest(decodeResult: success, version: HTTP/1.1, content: EmptyByteBufBE)
GET /session/3480b08e704c7ae5a24177e11dfc066f/alert/text HTTP/1.1
User-Agent: selenium/4.8.1 (java windows)
Cache-Control: no-cache
Content-Type: application/json; charset=utf-8
host: localhost:11082
accept: */*

Response DefaultHttpResponse(decodeResult: success, version: HTTP/1.1)
HTTP/1.1 404 Not Found
Content-Length: 820
Content-Type: application/json; charset=utf-8
cache-control: no-cache

23:02:06.009 [AsyncHttpClient-1-23] DEBUG org.asynchttpclient.netty.channel.ChannelManager - Adding key: http://localhost:11082 for channel [id: 0xbe2700f0, L:/127.0.0.1:54788 - R:localhost/127.0.0.1:11082]
23:02:06.009 [Forwarding getCurrentUrl on session 3480b08e704c7ae5a24177e11dfc066f to remote] DEBUG org.asynchttpclient.netty.request.NettyRequestSender - Using pooled Channel '[id: 0xbe2700f0, L:/127.0.0.1:54788 - R:localhost/127.0.0.1:11082]' for 'GET' to 'http://localhost:11082/session/3480b08e704c7ae5a24177e11dfc066f/url'
23:02:06.009 [Forwarding getCurrentUrl on session 3480b08e704c7ae5a24177e11dfc066f to remote] DEBUG org.asynchttpclient.netty.request.NettyRequestSender - Using open Channel [id: 0xbe2700f0, L:/127.0.0.1:54788 - R:localhost/127.0.0.1:11082] for GET '/session/3480b08e704c7ae5a24177e11dfc066f/url'
23:02:06.015 [AsyncHttpClient-1-23] DEBUG org.asynchttpclient.netty.handler.HttpHandler - 

Request DefaultFullHttpRequest(decodeResult: success, version: HTTP/1.1, content: EmptyByteBufBE)
GET /session/3480b08e704c7ae5a24177e11dfc066f/url HTTP/1.1
User-Agent: selenium/4.8.1 (java windows)
Cache-Control: no-cache
Content-Type: application/json; charset=utf-8
host: localhost:11082
accept: */*

Response DefaultHttpResponse(decodeResult: success, version: HTTP/1.1)
HTTP/1.1 200 OK
Content-Length: 41
Content-Type: application/json; charset=utf-8
cache-control: no-cache

23:02:06.015 [AsyncHttpClient-1-23] DEBUG org.asynchttpclient.netty.channel.ChannelManager - Adding key: http://localhost:11082 for channel [id: 0xbe2700f0, L:/127.0.0.1:54788 - R:localhost/127.0.0.1:11082]
23:02:06.015 [Forwarding screenshot on session 3480b08e704c7ae5a24177e11dfc066f to remote] DEBUG org.asynchttpclient.netty.request.NettyRequestSender - Using pooled Channel '[id: 0xbe2700f0, L:/127.0.0.1:54788 - R:localhost/127.0.0.1:11082]' for 'GET' to 'http://localhost:11082/session/3480b08e704c7ae5a24177e11dfc066f/screenshot'
23:02:06.015 [Forwarding screenshot on session 3480b08e704c7ae5a24177e11dfc066f to remote] DEBUG org.asynchttpclient.netty.request.NettyRequestSender - Using open Channel [id: 0xbe2700f0, L:/127.0.0.1:54788 - R:localhost/127.0.0.1:11082] for GET '/session/3480b08e704c7ae5a24177e11dfc066f/screenshot'
23:02:06.137 [AsyncHttpClient-1-23] DEBUG org.asynchttpclient.netty.handler.HttpHandler - 

Request DefaultFullHttpRequest(decodeResult: success, version: HTTP/1.1, content: EmptyByteBufBE)
GET /session/3480b08e704c7ae5a24177e11dfc066f/screenshot HTTP/1.1
User-Agent: selenium/4.8.1 (java windows)
Cache-Control: no-cache
Content-Type: application/json; charset=utf-8
host: localhost:11082
accept: */*

Response DefaultHttpResponse(decodeResult: success, version: HTTP/1.1)
HTTP/1.1 200 OK
Content-Length: 93224
Content-Type: application/json; charset=utf-8
cache-control: no-cache

23:02:06.137 [AsyncHttpClient-1-23] DEBUG org.asynchttpclient.netty.channel.ChannelManager - Adding key: http://localhost:11082 for channel [id: 0xbe2700f0, L:/127.0.0.1:54788 - R:localhost/127.0.0.1:11082]
23:02:06.142 [main] DEBUG net.serenitybdd.core.photography.Darkroom - Send negative for processing for target\site\serenity\eae70e0d31e8e8b85ce659fe0365ca28c24246a1bf9d3b50a76ae0889116b9f5.png
23:02:06.142 [main] DEBUG net.thucydides.core.steps.StepInterceptor - STEP DONE: chooseProduct
  &amp#27;[32mWhen &amp#27;[0m&amp#27;[32mI choose the product&amp#27;[0m                        &amp#27;[90m# starter.stepdefinitions.HomepageSteps.chooseTheProduct()&amp#27;[0m
23:02:06.149 [Forwarding getPageSource on session 3480b08e704c7ae5a24177e11dfc066f to remote] DEBUG org.asynchttpclient.netty.request.NettyRequestSender - Using pooled Channel '[id: 0xbe2700f0, L:/127.0.0.1:54788 - R:localhost/127.0.0.1:11082]' for 'POST' to 'http://localhost:11082/session/3480b08e704c7ae5a24177e11dfc066f/execute/sync'
23:02:06.149 [Forwarding getPageSource on session 3480b08e704c7ae5a24177e11dfc066f to remote] DEBUG org.asynchttpclient.netty.request.NettyRequestSender - Using open Channel [id: 0xbe2700f0, L:/127.0.0.1:54788 - R:localhost/127.0.0.1:11082] for POST '/session/3480b08e704c7ae5a24177e11dfc066f/execute/sync'
23:02:06.221 [AsyncHttpClient-1-23] DEBUG org.asynchttpclient.netty.handler.HttpHandler - 

Request DefaultHttpRequest(decodeResult: success, version: HTTP/1.1)
POST /session/3480b08e704c7ae5a24177e11dfc066f/execute/sync HTTP/1.1
User-Agent: selenium/4.8.1 (java windows)
Content-Length: 176
Content-Type: application/json; charset=utf-8
host: localhost:11082
accept: */*

Response DefaultHttpResponse(decodeResult: success, version: HTTP/1.1)
HTTP/1.1 200 OK
Content-Length: 816995
Content-Type: application/json; charset=utf-8
cache-control: no-cache

23:02:06.222 [AsyncHttpClient-1-23] DEBUG org.asynchttpclient.netty.channel.ChannelManager - Adding key: http://localhost:11082 for channel [id: 0xbe2700f0, L:/127.0.0.1:54788 - R:localhost/127.0.0.1:11082]
23:02:06.322 [Forwarding getCurrentUrl on session 3480b08e704c7ae5a24177e11dfc066f to remote] DEBUG org.asynchttpclient.netty.request.NettyRequestSender - Using pooled Channel '[id: 0xbe2700f0, L:/127.0.0.1:54788 - R:localhost/127.0.0.1:11082]' for 'GET' to 'http://localhost:11082/session/3480b08e704c7ae5a24177e11dfc066f/url'
23:02:06.322 [Forwarding getCurrentUrl on session 3480b08e704c7ae5a24177e11dfc066f to remote] DEBUG org.asynchttpclient.netty.request.NettyRequestSender - Using open Channel [id: 0xbe2700f0, L:/127.0.0.1:54788 - R:localhost/127.0.0.1:11082] for GET '/session/3480b08e704c7ae5a24177e11dfc066f/url'
23:02:06.332 [AsyncHttpClient-1-23] DEBUG org.asynchttpclient.netty.handler.HttpHandler - 

Request DefaultFullHttpRequest(decodeResult: success, version: HTTP/1.1, content: EmptyByteBufBE)
GET /session/3480b08e704c7ae5a24177e11dfc066f/url HTTP/1.1
User-Agent: selenium/4.8.1 (java windows)
Cache-Control: no-cache
Content-Type: application/json; charset=utf-8
host: localhost:11082
accept: */*

Response DefaultHttpResponse(decodeResult: success, version: HTTP/1.1)
HTTP/1.1 200 OK
Content-Length: 41
Content-Type: application/json; charset=utf-8
cache-control: no-cache

23:02:06.332 [AsyncHttpClient-1-23] DEBUG org.asynchttpclient.netty.channel.ChannelManager - Adding key: http://localhost:11082 for channel [id: 0xbe2700f0, L:/127.0.0.1:54788 - R:localhost/127.0.0.1:11082]
23:02:06.343 [Forwarding getAlertText on session 3480b08e704c7ae5a24177e11dfc066f to remote] DEBUG org.asynchttpclient.netty.request.NettyRequestSender - Using pooled Channel '[id: 0xbe2700f0, L:/127.0.0.1:54788 - R:localhost/127.0.0.1:11082]' for 'GET' to 'http://localhost:11082/session/3480b08e704c7ae5a24177e11dfc066f/alert/text'
23:02:06.343 [Forwarding getAlertText on session 3480b08e704c7ae5a24177e11dfc066f to remote] DEBUG org.asynchttpclient.netty.request.NettyRequestSender - Using open Channel [id: 0xbe2700f0, L:/127.0.0.1:54788 - R:localhost/127.0.0.1:11082] for GET '/session/3480b08e704c7ae5a24177e11dfc066f/alert/text'
23:02:06.346 [AsyncHttpClient-1-23] DEBUG org.asynchttpclient.netty.handler.HttpHandler - 

Request DefaultFullHttpRequest(decodeResult: success, version: HTTP/1.1, content: EmptyByteBufBE)
GET /session/3480b08e704c7ae5a24177e11dfc066f/alert/text HTTP/1.1
User-Agent: selenium/4.8.1 (java windows)
Cache-Control: no-cache
Content-Type: application/json; charset=utf-8
host: localhost:11082
accept: */*

Response DefaultHttpResponse(decodeResult: success, version: HTTP/1.1)
HTTP/1.1 404 Not Found
Content-Length: 820
Content-Type: application/json; charset=utf-8
cache-control: no-cache

23:02:06.346 [AsyncHttpClient-1-23] DEBUG org.asynchttpclient.netty.channel.ChannelManager - Adding key: http://localhost:11082 for channel [id: 0xbe2700f0, L:/127.0.0.1:54788 - R:localhost/127.0.0.1:11082]
23:02:06.346 [Forwarding getCurrentUrl on session 3480b08e704c7ae5a24177e11dfc066f to remote] DEBUG org.asynchttpclient.netty.request.NettyRequestSender - Using pooled Channel '[id: 0xbe2700f0, L:/127.0.0.1:54788 - R:localhost/127.0.0.1:11082]' for 'GET' to 'http://localhost:11082/session/3480b08e704c7ae5a24177e11dfc066f/url'
23:02:06.346 [Forwarding getCurrentUrl on session 3480b08e704c7ae5a24177e11dfc066f to remote] DEBUG org.asynchttpclient.netty.request.NettyRequestSender - Using open Channel [id: 0xbe2700f0, L:/127.0.0.1:54788 - R:localhost/127.0.0.1:11082] for GET '/session/3480b08e704c7ae5a24177e11dfc066f/url'
23:02:06.356 [AsyncHttpClient-1-23] DEBUG org.asynchttpclient.netty.handler.HttpHandler - 

Request DefaultFullHttpRequest(decodeResult: success, version: HTTP/1.1, content: EmptyByteBufBE)
GET /session/3480b08e704c7ae5a24177e11dfc066f/url HTTP/1.1
User-Agent: selenium/4.8.1 (java windows)
Cache-Control: no-cache
Content-Type: application/json; charset=utf-8
host: localhost:11082
accept: */*

Response DefaultHttpResponse(decodeResult: success, version: HTTP/1.1)
HTTP/1.1 200 OK
Content-Length: 41
Content-Type: application/json; charset=utf-8
cache-control: no-cache

23:02:06.356 [AsyncHttpClient-1-23] DEBUG org.asynchttpclient.netty.channel.ChannelManager - Adding key: http://localhost:11082 for channel [id: 0xbe2700f0, L:/127.0.0.1:54788 - R:localhost/127.0.0.1:11082]
23:02:06.356 [Forwarding screenshot on session 3480b08e704c7ae5a24177e11dfc066f to remote] DEBUG org.asynchttpclient.netty.request.NettyRequestSender - Using pooled Channel '[id: 0xbe2700f0, L:/127.0.0.1:54788 - R:localhost/127.0.0.1:11082]' for 'GET' to 'http://localhost:11082/session/3480b08e704c7ae5a24177e11dfc066f/screenshot'
23:02:06.356 [Forwarding screenshot on session 3480b08e704c7ae5a24177e11dfc066f to remote] DEBUG org.asynchttpclient.netty.request.NettyRequestSender - Using open Channel [id: 0xbe2700f0, L:/127.0.0.1:54788 - R:localhost/127.0.0.1:11082] for GET '/session/3480b08e704c7ae5a24177e11dfc066f/screenshot'
23:02:06.500 [AsyncHttpClient-1-23] DEBUG org.asynchttpclient.netty.handler.HttpHandler - 

Request DefaultFullHttpRequest(decodeResult: success, version: HTTP/1.1, content: EmptyByteBufBE)
GET /session/3480b08e704c7ae5a24177e11dfc066f/screenshot HTTP/1.1
User-Agent: selenium/4.8.1 (java windows)
Cache-Control: no-cache
Content-Type: application/json; charset=utf-8
host: localhost:11082
accept: */*

Response DefaultHttpResponse(decodeResult: success, version: HTTP/1.1)
HTTP/1.1 200 OK
Content-Length: 93224
Content-Type: application/json; charset=utf-8
cache-control: no-cache

23:02:06.500 [AsyncHttpClient-1-23] DEBUG org.asynchttpclient.netty.channel.ChannelManager - Adding key: http://localhost:11082 for channel [id: 0xbe2700f0, L:/127.0.0.1:54788 - R:localhost/127.0.0.1:11082]
23:02:06.503 [main] DEBUG net.serenitybdd.core.photography.Darkroom - Send negative for processing for target\site\serenity\eae70e0d31e8e8b85ce659fe0365ca28c24246a1bf9d3b50a76ae0889116b9f5.png
23:02:06.504 [Forwarding getPageSource on session 3480b08e704c7ae5a24177e11dfc066f to remote] DEBUG org.asynchttpclient.netty.request.NettyRequestSender - Using pooled Channel '[id: 0xbe2700f0, L:/127.0.0.1:54788 - R:localhost/127.0.0.1:11082]' for 'POST' to 'http://localhost:11082/session/3480b08e704c7ae5a24177e11dfc066f/execute/sync'
23:02:06.504 [Forwarding getPageSource on session 3480b08e704c7ae5a24177e11dfc066f to remote] DEBUG org.asynchttpclient.netty.request.NettyRequestSender - Using open Channel [id: 0xbe2700f0, L:/127.0.0.1:54788 - R:localhost/127.0.0.1:11082] for POST '/session/3480b08e704c7ae5a24177e11dfc066f/execute/sync'
23:02:06.558 [AsyncHttpClient-1-23] DEBUG org.asynchttpclient.netty.handler.HttpHandler - 

Request DefaultHttpRequest(decodeResult: success, version: HTTP/1.1)
POST /session/3480b08e704c7ae5a24177e11dfc066f/execute/sync HTTP/1.1
User-Agent: selenium/4.8.1 (java windows)
Content-Length: 176
Content-Type: application/json; charset=utf-8
host: localhost:11082
accept: */*

Response DefaultHttpResponse(decodeResult: success, version: HTTP/1.1)
HTTP/1.1 200 OK
Content-Length: 816995
Content-Type: application/json; charset=utf-8
cache-control: no-cache

23:02:06.559 [AsyncHttpClient-1-23] DEBUG org.asynchttpclient.netty.channel.ChannelManager - Adding key: http://localhost:11082 for channel [id: 0xbe2700f0, L:/127.0.0.1:54788 - R:localhost/127.0.0.1:11082]
23:02:06.657 [Forwarding getCurrentUrl on session 3480b08e704c7ae5a24177e11dfc066f to remote] DEBUG org.asynchttpclient.netty.request.NettyRequestSender - Using pooled Channel '[id: 0xbe2700f0, L:/127.0.0.1:54788 - R:localhost/127.0.0.1:11082]' for 'GET' to 'http://localhost:11082/session/3480b08e704c7ae5a24177e11dfc066f/url'
23:02:06.657 [Forwarding getCurrentUrl on session 3480b08e704c7ae5a24177e11dfc066f to remote] DEBUG org.asynchttpclient.netty.request.NettyRequestSender - Using open Channel [id: 0xbe2700f0, L:/127.0.0.1:54788 - R:localhost/127.0.0.1:11082] for GET '/session/3480b08e704c7ae5a24177e11dfc066f/url'
23:02:06.666 [AsyncHttpClient-1-23] DEBUG org.asynchttpclient.netty.handler.HttpHandler - 

Request DefaultFullHttpRequest(decodeResult: success, version: HTTP/1.1, content: EmptyByteBufBE)
GET /session/3480b08e704c7ae5a24177e11dfc066f/url HTTP/1.1
User-Agent: selenium/4.8.1 (java windows)
Cache-Control: no-cache
Content-Type: application/json; charset=utf-8
host: localhost:11082
accept: */*

Response DefaultHttpResponse(decodeResult: success, version: HTTP/1.1)
HTTP/1.1 200 OK
Content-Length: 41
Content-Type: application/json; charset=utf-8
cache-control: no-cache

23:02:06.666 [AsyncHttpClient-1-23] DEBUG org.asynchttpclient.netty.channel.ChannelManager - Adding key: http://localhost:11082 for channel [id: 0xbe2700f0, L:/127.0.0.1:54788 - R:localhost/127.0.0.1:11082]
23:02:06.669 [main] DEBUG net.thucydides.core.steps.StepInterceptor - STARTING STEP: HomepageSteps.clickBuyButton - clickBeliProduk1
23:02:06.674 [Forwarding findElement on session 3480b08e704c7ae5a24177e11dfc066f to remote] DEBUG org.asynchttpclient.netty.request.NettyRequestSender - Using pooled Channel '[id: 0xbe2700f0, L:/127.0.0.1:54788 - R:localhost/127.0.0.1:11082]' for 'POST' to 'http://localhost:11082/session/3480b08e704c7ae5a24177e11dfc066f/element'
23:02:06.674 [Forwarding findElement on session 3480b08e704c7ae5a24177e11dfc066f to remote] DEBUG org.asynchttpclient.netty.request.NettyRequestSender - Using open Channel [id: 0xbe2700f0, L:/127.0.0.1:54788 - R:localhost/127.0.0.1:11082] for POST '/session/3480b08e704c7ae5a24177e11dfc066f/element'
23:02:06.718 [AsyncHttpClient-1-23] DEBUG org.asynchttpclient.netty.handler.HttpHandler - 

Request DefaultHttpRequest(decodeResult: success, version: HTTP/1.1)
POST /session/3480b08e704c7ae5a24177e11dfc066f/element HTTP/1.1
User-Agent: selenium/4.8.1 (java windows)
Content-Length: 113
Content-Type: application/json; charset=utf-8
host: localhost:11082
accept: */*

Response DefaultHttpResponse(decodeResult: success, version: HTTP/1.1)
HTTP/1.1 200 OK
Content-Length: 94
Content-Type: application/json; charset=utf-8
cache-control: no-cache

23:02:06.718 [AsyncHttpClient-1-23] DEBUG org.asynchttpclient.netty.channel.ChannelManager - Adding key: http://localhost:11082 for channel [id: 0xbe2700f0, L:/127.0.0.1:54788 - R:localhost/127.0.0.1:11082]
23:02:06.720 [Forwarding getElementTagName on session 3480b08e704c7ae5a24177e11dfc066f to remote] DEBUG org.asynchttpclient.netty.request.NettyRequestSender - Using pooled Channel '[id: 0xbe2700f0, L:/127.0.0.1:54788 - R:localhost/127.0.0.1:11082]' for 'GET' to 'http://localhost:11082/session/3480b08e704c7ae5a24177e11dfc066f/element/224A2AC88C1D4D0109904E143C37E961_element_9/name'
23:02:06.720 [Forwarding getElementTagName on session 3480b08e704c7ae5a24177e11dfc066f to remote] DEBUG org.asynchttpclient.netty.request.NettyRequestSender - Using open Channel [id: 0xbe2700f0, L:/127.0.0.1:54788 - R:localhost/127.0.0.1:11082] for GET '/session/3480b08e704c7ae5a24177e11dfc066f/element/224A2AC88C1D4D0109904E143C37E961_element_9/name'
23:02:06.737 [AsyncHttpClient-1-23] DEBUG org.asynchttpclient.netty.handler.HttpHandler - 

Request DefaultFullHttpRequest(decodeResult: success, version: HTTP/1.1, content: EmptyByteBufBE)
GET /session/3480b08e704c7ae5a24177e11dfc066f/element/224A2AC88C1D4D0109904E143C37E961_element_9/name HTTP/1.1
User-Agent: selenium/4.8.1 (java windows)
Cache-Control: no-cache
Content-Type: application/json; charset=utf-8
host: localhost:11082
accept: */*

Response DefaultHttpResponse(decodeResult: success, version: HTTP/1.1)
HTTP/1.1 200 OK
Content-Length: 18
Content-Type: application/json; charset=utf-8
cache-control: no-cache

23:02:06.737 [AsyncHttpClient-1-23] DEBUG org.asynchttpclient.netty.channel.ChannelManager - Adding key: http://localhost:11082 for channel [id: 0xbe2700f0, L:/127.0.0.1:54788 - R:localhost/127.0.0.1:11082]
23:02:06.738 [Forwarding getElementTagName on session 3480b08e704c7ae5a24177e11dfc066f to remote] DEBUG org.asynchttpclient.netty.request.NettyRequestSender - Using pooled Channel '[id: 0xbe2700f0, L:/127.0.0.1:54788 - R:localhost/127.0.0.1:11082]' for 'GET' to 'http://localhost:11082/session/3480b08e704c7ae5a24177e11dfc066f/element/224A2AC88C1D4D0109904E143C37E961_element_9/name'
23:02:06.738 [Forwarding getElementTagName on session 3480b08e704c7ae5a24177e11dfc066f to remote] DEBUG org.asynchttpclient.netty.request.NettyRequestSender - Using open Channel [id: 0xbe2700f0, L:/127.0.0.1:54788 - R:localhost/127.0.0.1:11082] for GET '/session/3480b08e704c7ae5a24177e11dfc066f/element/224A2AC88C1D4D0109904E143C37E961_element_9/name'
23:02:06.754 [AsyncHttpClient-1-23] DEBUG org.asynchttpclient.netty.handler.HttpHandler - 

Request DefaultFullHttpRequest(decodeResult: success, version: HTTP/1.1, content: EmptyByteBufBE)
GET /session/3480b08e704c7ae5a24177e11dfc066f/element/224A2AC88C1D4D0109904E143C37E961_element_9/name HTTP/1.1
User-Agent: selenium/4.8.1 (java windows)
Cache-Control: no-cache
Content-Type: application/json; charset=utf-8
host: localhost:11082
accept: */*

Response DefaultHttpResponse(decodeResult: success, version: HTTP/1.1)
HTTP/1.1 200 OK
Content-Length: 18
Content-Type: application/json; charset=utf-8
cache-control: no-cache

23:02:06.754 [AsyncHttpClient-1-23] DEBUG org.asynchttpclient.netty.channel.ChannelManager - Adding key: http://localhost:11082 for channel [id: 0xbe2700f0, L:/127.0.0.1:54788 - R:localhost/127.0.0.1:11082]
23:02:06.757 [Forwarding isElementEnabled on session 3480b08e704c7ae5a24177e11dfc066f to remote] DEBUG org.asynchttpclient.netty.request.NettyRequestSender - Using pooled Channel '[id: 0xbe2700f0, L:/127.0.0.1:54788 - R:localhost/127.0.0.1:11082]' for 'GET' to 'http://localhost:11082/session/3480b08e704c7ae5a24177e11dfc066f/element/224A2AC88C1D4D0109904E143C37E961_element_9/enabled'
23:02:06.758 [Forwarding isElementEnabled on session 3480b08e704c7ae5a24177e11dfc066f to remote] DEBUG org.asynchttpclient.netty.request.NettyRequestSender - Using open Channel [id: 0xbe2700f0, L:/127.0.0.1:54788 - R:localhost/127.0.0.1:11082] for GET '/session/3480b08e704c7ae5a24177e11dfc066f/element/224A2AC88C1D4D0109904E143C37E961_element_9/enabled'
23:02:06.785 [AsyncHttpClient-1-23] DEBUG org.asynchttpclient.netty.handler.HttpHandler - 

Request DefaultFullHttpRequest(decodeResult: success, version: HTTP/1.1, content: EmptyByteBufBE)
GET /session/3480b08e704c7ae5a24177e11dfc066f/element/224A2AC88C1D4D0109904E143C37E961_element_9/enabled HTTP/1.1
User-Agent: selenium/4.8.1 (java windows)
Cache-Control: no-cache
Content-Type: application/json; charset=utf-8
host: localhost:11082
accept: */*

Response DefaultHttpResponse(decodeResult: success, version: HTTP/1.1)
HTTP/1.1 200 OK
Content-Length: 14
Content-Type: application/json; charset=utf-8
cache-control: no-cache

23:02:06.785 [AsyncHttpClient-1-23] DEBUG org.asynchttpclient.netty.channel.ChannelManager - Adding key: http://localhost:11082 for channel [id: 0xbe2700f0, L:/127.0.0.1:54788 - R:localhost/127.0.0.1:11082]
23:02:06.786 [Forwarding isElementEnabled on session 3480b08e704c7ae5a24177e11dfc066f to remote] DEBUG org.asynchttpclient.netty.request.NettyRequestSender - Using pooled Channel '[id: 0xbe2700f0, L:/127.0.0.1:54788 - R:localhost/127.0.0.1:11082]' for 'GET' to 'http://localhost:11082/session/3480b08e704c7ae5a24177e11dfc066f/element/224A2AC88C1D4D0109904E143C37E961_element_9/enabled'
23:02:06.786 [Forwarding isElementEnabled on session 3480b08e704c7ae5a24177e11dfc066f to remote] DEBUG org.asynchttpclient.netty.request.NettyRequestSender - Using open Channel [id: 0xbe2700f0, L:/127.0.0.1:54788 - R:localhost/127.0.0.1:11082] for GET '/session/3480b08e704c7ae5a24177e11dfc066f/element/224A2AC88C1D4D0109904E143C37E961_element_9/enabled'
23:02:06.807 [AsyncHttpClient-1-23] DEBUG org.asynchttpclient.netty.handler.HttpHandler - 

Request DefaultFullHttpRequest(decodeResult: success, version: HTTP/1.1, content: EmptyByteBufBE)
GET /session/3480b08e704c7ae5a24177e11dfc066f/element/224A2AC88C1D4D0109904E143C37E961_element_9/enabled HTTP/1.1
User-Agent: selenium/4.8.1 (java windows)
Cache-Control: no-cache
Content-Type: application/json; charset=utf-8
host: localhost:11082
accept: */*

Response DefaultHttpResponse(decodeResult: success, version: HTTP/1.1)
HTTP/1.1 200 OK
Content-Length: 14
Content-Type: application/json; charset=utf-8
cache-control: no-cache

23:02:06.807 [AsyncHttpClient-1-23] DEBUG org.asynchttpclient.netty.channel.ChannelManager - Adding key: http://localhost:11082 for channel [id: 0xbe2700f0, L:/127.0.0.1:54788 - R:localhost/127.0.0.1:11082]
23:02:06.810 [Forwarding findElement on session 3480b08e704c7ae5a24177e11dfc066f to remote] DEBUG org.asynchttpclient.netty.request.NettyRequestSender - Using pooled Channel '[id: 0xbe2700f0, L:/127.0.0.1:54788 - R:localhost/127.0.0.1:11082]' for 'POST' to 'http://localhost:11082/session/3480b08e704c7ae5a24177e11dfc066f/element'
23:02:06.810 [Forwarding findElement on session 3480b08e704c7ae5a24177e11dfc066f to remote] DEBUG org.asynchttpclient.netty.request.NettyRequestSender - Using open Channel [id: 0xbe2700f0, L:/127.0.0.1:54788 - R:localhost/127.0.0.1:11082] for POST '/session/3480b08e704c7ae5a24177e11dfc066f/element'
23:02:06.847 [AsyncHttpClient-1-23] DEBUG org.asynchttpclient.netty.handler.HttpHandler - 

Request DefaultHttpRequest(decodeResult: success, version: HTTP/1.1)
POST /session/3480b08e704c7ae5a24177e11dfc066f/element HTTP/1.1
User-Agent: selenium/4.8.1 (java windows)
Content-Length: 113
Content-Type: application/json; charset=utf-8
host: localhost:11082
accept: */*

Response DefaultHttpResponse(decodeResult: success, version: HTTP/1.1)
HTTP/1.1 200 OK
Content-Length: 94
Content-Type: application/json; charset=utf-8
cache-control: no-cache

23:02:06.847 [AsyncHttpClient-1-23] DEBUG org.asynchttpclient.netty.channel.ChannelManager - Adding key: http://localhost:11082 for channel [id: 0xbe2700f0, L:/127.0.0.1:54788 - R:localhost/127.0.0.1:11082]
23:02:06.848 [Forwarding clickElement on session 3480b08e704c7ae5a24177e11dfc066f to remote] DEBUG org.asynchttpclient.netty.request.NettyRequestSender - Using pooled Channel '[id: 0xbe2700f0, L:/127.0.0.1:54788 - R:localhost/127.0.0.1:11082]' for 'POST' to 'http://localhost:11082/session/3480b08e704c7ae5a24177e11dfc066f/element/224A2AC88C1D4D0109904E143C37E961_element_9/click'
23:02:06.848 [Forwarding clickElement on session 3480b08e704c7ae5a24177e11dfc066f to remote] DEBUG org.asynchttpclient.netty.request.NettyRequestSender - Using open Channel [id: 0xbe2700f0, L:/127.0.0.1:54788 - R:localhost/127.0.0.1:11082] for POST '/session/3480b08e704c7ae5a24177e11dfc066f/element/224A2AC88C1D4D0109904E143C37E961_element_9/click'
23:02:06.907 [AsyncHttpClient-1-1] DEBUG org.asynchttpclient.netty.channel.DefaultChannelPool - Entry count for : http://localhost:54789 : 1
23:02:07.149 [AsyncHttpClient-1-23] DEBUG org.asynchttpclient.netty.handler.HttpHandler - 

Request DefaultHttpRequest(decodeResult: success, version: HTTP/1.1)
POST /session/3480b08e704c7ae5a24177e11dfc066f/element/224A2AC88C1D4D0109904E143C37E961_element_9/click HTTP/1.1
User-Agent: selenium/4.8.1 (java windows)
Content-Length: 56
Content-Type: application/json; charset=utf-8
host: localhost:11082
accept: */*

Response DefaultHttpResponse(decodeResult: success, version: HTTP/1.1)
HTTP/1.1 200 OK
Content-Length: 14
Content-Type: application/json; charset=utf-8
cache-control: no-cache

23:02:07.149 [AsyncHttpClient-1-23] DEBUG org.asynchttpclient.netty.channel.ChannelManager - Adding key: http://localhost:11082 for channel [id: 0xbe2700f0, L:/127.0.0.1:54788 - R:localhost/127.0.0.1:11082]
23:02:07.164 [Forwarding getAlertText on session 3480b08e704c7ae5a24177e11dfc066f to remote] DEBUG org.asynchttpclient.netty.request.NettyRequestSender - Using pooled Channel '[id: 0xbe2700f0, L:/127.0.0.1:54788 - R:localhost/127.0.0.1:11082]' for 'GET' to 'http://localhost:11082/session/3480b08e704c7ae5a24177e11dfc066f/alert/text'
23:02:07.165 [Forwarding getAlertText on session 3480b08e704c7ae5a24177e11dfc066f to remote] DEBUG org.asynchttpclient.netty.request.NettyRequestSender - Using open Channel [id: 0xbe2700f0, L:/127.0.0.1:54788 - R:localhost/127.0.0.1:11082] for GET '/session/3480b08e704c7ae5a24177e11dfc066f/alert/text'
23:02:07.175 [AsyncHttpClient-1-23] DEBUG org.asynchttpclient.netty.handler.HttpHandler - 

Request DefaultFullHttpRequest(decodeResult: success, version: HTTP/1.1, content: EmptyByteBufBE)
GET /session/3480b08e704c7ae5a24177e11dfc066f/alert/text HTTP/1.1
User-Agent: selenium/4.8.1 (java windows)
Cache-Control: no-cache
Content-Type: application/json; charset=utf-8
host: localhost:11082
accept: */*

Response DefaultHttpResponse(decodeResult: success, version: HTTP/1.1)
HTTP/1.1 404 Not Found
Content-Length: 820
Content-Type: application/json; charset=utf-8
cache-control: no-cache

23:02:07.175 [AsyncHttpClient-1-23] DEBUG org.asynchttpclient.netty.channel.ChannelManager - Adding key: http://localhost:11082 for channel [id: 0xbe2700f0, L:/127.0.0.1:54788 - R:localhost/127.0.0.1:11082]
23:02:07.177 [Forwarding getCurrentUrl on session 3480b08e704c7ae5a24177e11dfc066f to remote] DEBUG org.asynchttpclient.netty.request.NettyRequestSender - Using pooled Channel '[id: 0xbe2700f0, L:/127.0.0.1:54788 - R:localhost/127.0.0.1:11082]' for 'GET' to 'http://localhost:11082/session/3480b08e704c7ae5a24177e11dfc066f/url'
23:02:07.177 [Forwarding getCurrentUrl on session 3480b08e704c7ae5a24177e11dfc066f to remote] DEBUG org.asynchttpclient.netty.request.NettyRequestSender - Using open Channel [id: 0xbe2700f0, L:/127.0.0.1:54788 - R:localhost/127.0.0.1:11082] for GET '/session/3480b08e704c7ae5a24177e11dfc066f/url'
23:02:07.193 [AsyncHttpClient-1-23] DEBUG org.asynchttpclient.netty.handler.HttpHandler - 

Request DefaultFullHttpRequest(decodeResult: success, version: HTTP/1.1, content: EmptyByteBufBE)
GET /session/3480b08e704c7ae5a24177e11dfc066f/url HTTP/1.1
User-Agent: selenium/4.8.1 (java windows)
Cache-Control: no-cache
Content-Type: application/json; charset=utf-8
host: localhost:11082
accept: */*

Response DefaultHttpResponse(decodeResult: success, version: HTTP/1.1)
HTTP/1.1 200 OK
Content-Length: 41
Content-Type: application/json; charset=utf-8
cache-control: no-cache

23:02:07.194 [AsyncHttpClient-1-23] DEBUG org.asynchttpclient.netty.channel.ChannelManager - Adding key: http://localhost:11082 for channel [id: 0xbe2700f0, L:/127.0.0.1:54788 - R:localhost/127.0.0.1:11082]
23:02:07.195 [Forwarding screenshot on session 3480b08e704c7ae5a24177e11dfc066f to remote] DEBUG org.asynchttpclient.netty.request.NettyRequestSender - Using pooled Channel '[id: 0xbe2700f0, L:/127.0.0.1:54788 - R:localhost/127.0.0.1:11082]' for 'GET' to 'http://localhost:11082/session/3480b08e704c7ae5a24177e11dfc066f/screenshot'
23:02:07.195 [Forwarding screenshot on session 3480b08e704c7ae5a24177e11dfc066f to remote] DEBUG org.asynchttpclient.netty.request.NettyRequestSender - Using open Channel [id: 0xbe2700f0, L:/127.0.0.1:54788 - R:localhost/127.0.0.1:11082] for GET '/session/3480b08e704c7ae5a24177e11dfc066f/screenshot'
23:02:07.472 [AsyncHttpClient-1-23] DEBUG org.asynchttpclient.netty.handler.HttpHandler - 

Request DefaultFullHttpRequest(decodeResult: success, version: HTTP/1.1, content: EmptyByteBufBE)
GET /session/3480b08e704c7ae5a24177e11dfc066f/screenshot HTTP/1.1
User-Agent: selenium/4.8.1 (java windows)
Cache-Control: no-cache
Content-Type: application/json; charset=utf-8
host: localhost:11082
accept: */*

Response DefaultHttpResponse(decodeResult: success, version: HTTP/1.1)
HTTP/1.1 200 OK
Content-Length: 87740
Content-Type: application/json; charset=utf-8
cache-control: no-cache

23:02:07.473 [AsyncHttpClient-1-23] DEBUG org.asynchttpclient.netty.channel.ChannelManager - Adding key: http://localhost:11082 for channel [id: 0xbe2700f0, L:/127.0.0.1:54788 - R:localhost/127.0.0.1:11082]
23:02:07.479 [main] DEBUG net.serenitybdd.core.photography.Darkroom - Send negative for processing for target\site\serenity\b48e26e719674967eaea0535051a6afa16488ca3943982a98cce869cd5bddcb0.png
23:02:07.479 [main] DEBUG net.thucydides.core.steps.StepInterceptor - STEP DONE: clickBeliProduk1
  &amp#27;[32mAnd &amp#27;[0m&amp#27;[32mI click buy button&amp#27;[0m                           &amp#27;[90m# starter.stepdefinitions.HomepageSteps.clickBuyButton()&amp#27;[0m
23:02:07.479 [Darkroom Processing Line] DEBUG net.serenitybdd.core.photography.DarkroomProcessingLine - Processing screenshot image in /var/screenshots/screenshot-3114000341171015078
23:02:07.479 [Darkroom Processing Line] DEBUG net.serenitybdd.core.photography.DarkroomProcessingLine - Saving screenshot to target\site\serenity\b48e26e719674967eaea0535051a6afa16488ca3943982a98cce869cd5bddcb0.png
23:02:07.497 [Forwarding getPageSource on session 3480b08e704c7ae5a24177e11dfc066f to remote] DEBUG org.asynchttpclient.netty.request.NettyRequestSender - Using pooled Channel '[id: 0xbe2700f0, L:/127.0.0.1:54788 - R:localhost/127.0.0.1:11082]' for 'POST' to 'http://localhost:11082/session/3480b08e704c7ae5a24177e11dfc066f/execute/sync'
23:02:07.498 [Forwarding getPageSource on session 3480b08e704c7ae5a24177e11dfc066f to remote] DEBUG org.asynchttpclient.netty.request.NettyRequestSender - Using open Channel [id: 0xbe2700f0, L:/127.0.0.1:54788 - R:localhost/127.0.0.1:11082] for POST '/session/3480b08e704c7ae5a24177e11dfc066f/execute/sync'
23:02:07.635 [AsyncHttpClient-1-23] DEBUG org.asynchttpclient.netty.handler.HttpHandler - 

Request DefaultHttpRequest(decodeResult: success, version: HTTP/1.1)
POST /session/3480b08e704c7ae5a24177e11dfc066f/execute/sync HTTP/1.1
User-Agent: selenium/4.8.1 (java windows)
Content-Length: 176
Content-Type: application/json; charset=utf-8
host: localhost:11082
accept: */*

Response DefaultHttpResponse(decodeResult: success, version: HTTP/1.1)
HTTP/1.1 200 OK
Content-Length: 817334
Content-Type: application/json; charset=utf-8
cache-control: no-cache

23:02:07.636 [AsyncHttpClient-1-23] DEBUG org.asynchttpclient.netty.channel.ChannelManager - Adding key: http://localhost:11082 for channel [id: 0xbe2700f0, L:/127.0.0.1:54788 - R:localhost/127.0.0.1:11082]
23:02:07.714 [Forwarding getCurrentUrl on session 3480b08e704c7ae5a24177e11dfc066f to remote] DEBUG org.asynchttpclient.netty.request.NettyRequestSender - Using pooled Channel '[id: 0xbe2700f0, L:/127.0.0.1:54788 - R:localhost/127.0.0.1:11082]' for 'GET' to 'http://localhost:11082/session/3480b08e704c7ae5a24177e11dfc066f/url'
23:02:07.714 [Forwarding getCurrentUrl on session 3480b08e704c7ae5a24177e11dfc066f to remote] DEBUG org.asynchttpclient.netty.request.NettyRequestSender - Using open Channel [id: 0xbe2700f0, L:/127.0.0.1:54788 - R:localhost/127.0.0.1:11082] for GET '/session/3480b08e704c7ae5a24177e11dfc066f/url'
23:02:07.721 [AsyncHttpClient-1-23] DEBUG org.asynchttpclient.netty.handler.HttpHandler - 

Request DefaultFullHttpRequest(decodeResult: success, version: HTTP/1.1, content: EmptyByteBufBE)
GET /session/3480b08e704c7ae5a24177e11dfc066f/url HTTP/1.1
User-Agent: selenium/4.8.1 (java windows)
Cache-Control: no-cache
Content-Type: application/json; charset=utf-8
host: localhost:11082
accept: */*

Response DefaultHttpResponse(decodeResult: success, version: HTTP/1.1)
HTTP/1.1 200 OK
Content-Length: 41
Content-Type: application/json; charset=utf-8
cache-control: no-cache

23:02:07.721 [AsyncHttpClient-1-23] DEBUG org.asynchttpclient.netty.channel.ChannelManager - Adding key: http://localhost:11082 for channel [id: 0xbe2700f0, L:/127.0.0.1:54788 - R:localhost/127.0.0.1:11082]
23:02:07.741 [Forwarding getAlertText on session 3480b08e704c7ae5a24177e11dfc066f to remote] DEBUG org.asynchttpclient.netty.request.NettyRequestSender - Using pooled Channel '[id: 0xbe2700f0, L:/127.0.0.1:54788 - R:localhost/127.0.0.1:11082]' for 'GET' to 'http://localhost:11082/session/3480b08e704c7ae5a24177e11dfc066f/alert/text'
23:02:07.741 [Forwarding getAlertText on session 3480b08e704c7ae5a24177e11dfc066f to remote] DEBUG org.asynchttpclient.netty.request.NettyRequestSender - Using open Channel [id: 0xbe2700f0, L:/127.0.0.1:54788 - R:localhost/127.0.0.1:11082] for GET '/session/3480b08e704c7ae5a24177e11dfc066f/alert/text'
23:02:07.744 [AsyncHttpClient-1-23] DEBUG org.asynchttpclient.netty.handler.HttpHandler - 

Request DefaultFullHttpRequest(decodeResult: success, version: HTTP/1.1, content: EmptyByteBufBE)
GET /session/3480b08e704c7ae5a24177e11dfc066f/alert/text HTTP/1.1
User-Agent: selenium/4.8.1 (java windows)
Cache-Control: no-cache
Content-Type: application/json; charset=utf-8
host: localhost:11082
accept: */*

Response DefaultHttpResponse(decodeResult: success, version: HTTP/1.1)
HTTP/1.1 404 Not Found
Content-Length: 820
Content-Type: application/json; charset=utf-8
cache-control: no-cache

23:02:07.744 [AsyncHttpClient-1-23] DEBUG org.asynchttpclient.netty.channel.ChannelManager - Adding key: http://localhost:11082 for channel [id: 0xbe2700f0, L:/127.0.0.1:54788 - R:localhost/127.0.0.1:11082]
23:02:07.745 [Forwarding getCurrentUrl on session 3480b08e704c7ae5a24177e11dfc066f to remote] DEBUG org.asynchttpclient.netty.request.NettyRequestSender - Using pooled Channel '[id: 0xbe2700f0, L:/127.0.0.1:54788 - R:localhost/127.0.0.1:11082]' for 'GET' to 'http://localhost:11082/session/3480b08e704c7ae5a24177e11dfc066f/url'
23:02:07.745 [Forwarding getCurrentUrl on session 3480b08e704c7ae5a24177e11dfc066f to remote] DEBUG org.asynchttpclient.netty.request.NettyRequestSender - Using open Channel [id: 0xbe2700f0, L:/127.0.0.1:54788 - R:localhost/127.0.0.1:11082] for GET '/session/3480b08e704c7ae5a24177e11dfc066f/url'
23:02:07.755 [AsyncHttpClient-1-23] DEBUG org.asynchttpclient.netty.handler.HttpHandler - 

Request DefaultFullHttpRequest(decodeResult: success, version: HTTP/1.1, content: EmptyByteBufBE)
GET /session/3480b08e704c7ae5a24177e11dfc066f/url HTTP/1.1
User-Agent: selenium/4.8.1 (java windows)
Cache-Control: no-cache
Content-Type: application/json; charset=utf-8
host: localhost:11082
accept: */*

Response DefaultHttpResponse(decodeResult: success, version: HTTP/1.1)
HTTP/1.1 200 OK
Content-Length: 41
Content-Type: application/json; charset=utf-8
cache-control: no-cache

23:02:07.755 [AsyncHttpClient-1-23] DEBUG org.asynchttpclient.netty.channel.ChannelManager - Adding key: http://localhost:11082 for channel [id: 0xbe2700f0, L:/127.0.0.1:54788 - R:localhost/127.0.0.1:11082]
23:02:07.756 [Forwarding screenshot on session 3480b08e704c7ae5a24177e11dfc066f to remote] DEBUG org.asynchttpclient.netty.request.NettyRequestSender - Using pooled Channel '[id: 0xbe2700f0, L:/127.0.0.1:54788 - R:localhost/127.0.0.1:11082]' for 'GET' to 'http://localhost:11082/session/3480b08e704c7ae5a24177e11dfc066f/screenshot'
23:02:07.756 [Forwarding screenshot on session 3480b08e704c7ae5a24177e11dfc066f to remote] DEBUG org.asynchttpclient.netty.request.NettyRequestSender - Using open Channel [id: 0xbe2700f0, L:/127.0.0.1:54788 - R:localhost/127.0.0.1:11082] for GET '/session/3480b08e704c7ae5a24177e11dfc066f/screenshot'
23:02:07.934 [AsyncHttpClient-1-23] DEBUG org.asynchttpclient.netty.handler.HttpHandler - 

Request DefaultFullHttpRequest(decodeResult: success, version: HTTP/1.1, content: EmptyByteBufBE)
GET /session/3480b08e704c7ae5a24177e11dfc066f/screenshot HTTP/1.1
User-Agent: selenium/4.8.1 (java windows)
Cache-Control: no-cache
Content-Type: application/json; charset=utf-8
host: localhost:11082
accept: */*

Response DefaultHttpResponse(decodeResult: success, version: HTTP/1.1)
HTTP/1.1 200 OK
Content-Length: 86752
Content-Type: application/json; charset=utf-8
cache-control: no-cache

23:02:07.934 [AsyncHttpClient-1-23] DEBUG org.asynchttpclient.netty.channel.ChannelManager - Adding key: http://localhost:11082 for channel [id: 0xbe2700f0, L:/127.0.0.1:54788 - R:localhost/127.0.0.1:11082]
23:02:07.937 [main] DEBUG net.serenitybdd.core.photography.Darkroom - Send negative for processing for target\site\serenity\acdb85324b05ed0031f159074a1f8a61ef072aad95489d72e4cd86a0da2c3148.png
23:02:07.937 [Forwarding getPageSource on session 3480b08e704c7ae5a24177e11dfc066f to remote] DEBUG org.asynchttpclient.netty.request.NettyRequestSender - Using pooled Channel '[id: 0xbe2700f0, L:/127.0.0.1:54788 - R:localhost/127.0.0.1:11082]' for 'POST' to 'http://localhost:11082/session/3480b08e704c7ae5a24177e11dfc066f/execute/sync'
23:02:07.937 [Forwarding getPageSource on session 3480b08e704c7ae5a24177e11dfc066f to remote] DEBUG org.asynchttpclient.netty.request.NettyRequestSender - Using open Channel [id: 0xbe2700f0, L:/127.0.0.1:54788 - R:localhost/127.0.0.1:11082] for POST '/session/3480b08e704c7ae5a24177e11dfc066f/execute/sync'
23:02:07.988 [AsyncHttpClient-1-23] DEBUG org.asynchttpclient.netty.handler.HttpHandler - 

Request DefaultHttpRequest(decodeResult: success, version: HTTP/1.1)
POST /session/3480b08e704c7ae5a24177e11dfc066f/execute/sync HTTP/1.1
User-Agent: selenium/4.8.1 (java windows)
Content-Length: 176
Content-Type: application/json; charset=utf-8
host: localhost:11082
accept: */*

Response DefaultHttpResponse(decodeResult: success, version: HTTP/1.1)
HTTP/1.1 200 OK
Content-Length: 817003
Content-Type: application/json; charset=utf-8
cache-control: no-cache

23:02:07.989 [AsyncHttpClient-1-23] DEBUG org.asynchttpclient.netty.channel.ChannelManager - Adding key: http://localhost:11082 for channel [id: 0xbe2700f0, L:/127.0.0.1:54788 - R:localhost/127.0.0.1:11082]
23:02:08.013 [AsyncHttpClient-1-1] DEBUG org.asynchttpclient.netty.channel.DefaultChannelPool - Entry count for : http://localhost:54789 : 1
23:02:08.013 [AsyncHttpClient-1-1] DEBUG org.asynchttpclient.netty.channel.DefaultChannelPool - Entry count for : http://localhost:11082 : 1
23:02:08.065 [Forwarding getCurrentUrl on session 3480b08e704c7ae5a24177e11dfc066f to remote] DEBUG org.asynchttpclient.netty.request.NettyRequestSender - Using pooled Channel '[id: 0xbe2700f0, L:/127.0.0.1:54788 - R:localhost/127.0.0.1:11082]' for 'GET' to 'http://localhost:11082/session/3480b08e704c7ae5a24177e11dfc066f/url'
23:02:08.065 [Forwarding getCurrentUrl on session 3480b08e704c7ae5a24177e11dfc066f to remote] DEBUG org.asynchttpclient.netty.request.NettyRequestSender - Using open Channel [id: 0xbe2700f0, L:/127.0.0.1:54788 - R:localhost/127.0.0.1:11082] for GET '/session/3480b08e704c7ae5a24177e11dfc066f/url'
23:02:08.071 [AsyncHttpClient-1-23] DEBUG org.asynchttpclient.netty.handler.HttpHandler - 

Request DefaultFullHttpRequest(decodeResult: success, version: HTTP/1.1, content: EmptyByteBufBE)
GET /session/3480b08e704c7ae5a24177e11dfc066f/url HTTP/1.1
User-Agent: selenium/4.8.1 (java windows)
Cache-Control: no-cache
Content-Type: application/json; charset=utf-8
host: localhost:11082
accept: */*

Response DefaultHttpResponse(decodeResult: success, version: HTTP/1.1)
HTTP/1.1 200 OK
Content-Length: 41
Content-Type: application/json; charset=utf-8
cache-control: no-cache

23:02:08.071 [AsyncHttpClient-1-23] DEBUG org.asynchttpclient.netty.channel.ChannelManager - Adding key: http://localhost:11082 for channel [id: 0xbe2700f0, L:/127.0.0.1:54788 - R:localhost/127.0.0.1:11082]
23:02:08.074 [main] DEBUG net.thucydides.core.steps.StepInterceptor - STARTING STEP: OrderSteps.onTheOrderPage - validateGoToOrderPage
23:02:08.078 [Forwarding findElement on session 3480b08e704c7ae5a24177e11dfc066f to remote] DEBUG org.asynchttpclient.netty.request.NettyRequestSender - Using pooled Channel '[id: 0xbe2700f0, L:/127.0.0.1:54788 - R:localhost/127.0.0.1:11082]' for 'POST' to 'http://localhost:11082/session/3480b08e704c7ae5a24177e11dfc066f/element'
23:02:08.078 [Forwarding findElement on session 3480b08e704c7ae5a24177e11dfc066f to remote] DEBUG org.asynchttpclient.netty.request.NettyRequestSender - Using open Channel [id: 0xbe2700f0, L:/127.0.0.1:54788 - R:localhost/127.0.0.1:11082] for POST '/session/3480b08e704c7ae5a24177e11dfc066f/element'
23:02:08.100 [AsyncHttpClient-1-23] DEBUG org.asynchttpclient.netty.handler.HttpHandler - 

Request DefaultHttpRequest(decodeResult: success, version: HTTP/1.1)
POST /session/3480b08e704c7ae5a24177e11dfc066f/element HTTP/1.1
User-Agent: selenium/4.8.1 (java windows)
Content-Length: 108
Content-Type: application/json; charset=utf-8
host: localhost:11082
accept: */*

Response DefaultHttpResponse(decodeResult: success, version: HTTP/1.1)
HTTP/1.1 200 OK
Content-Length: 95
Content-Type: application/json; charset=utf-8
cache-control: no-cache

23:02:08.100 [AsyncHttpClient-1-23] DEBUG org.asynchttpclient.netty.channel.ChannelManager - Adding key: http://localhost:11082 for channel [id: 0xbe2700f0, L:/127.0.0.1:54788 - R:localhost/127.0.0.1:11082]
23:02:08.101 [Forwarding getElementTagName on session 3480b08e704c7ae5a24177e11dfc066f to remote] DEBUG org.asynchttpclient.netty.request.NettyRequestSender - Using pooled Channel '[id: 0xbe2700f0, L:/127.0.0.1:54788 - R:localhost/127.0.0.1:11082]' for 'GET' to 'http://localhost:11082/session/3480b08e704c7ae5a24177e11dfc066f/element/224A2AC88C1D4D0109904E143C37E961_element_12/name'
23:02:08.101 [Forwarding getElementTagName on session 3480b08e704c7ae5a24177e11dfc066f to remote] DEBUG org.asynchttpclient.netty.request.NettyRequestSender - Using open Channel [id: 0xbe2700f0, L:/127.0.0.1:54788 - R:localhost/127.0.0.1:11082] for GET '/session/3480b08e704c7ae5a24177e11dfc066f/element/224A2AC88C1D4D0109904E143C37E961_element_12/name'
23:02:08.109 [AsyncHttpClient-1-23] DEBUG org.asynchttpclient.netty.handler.HttpHandler - 

Request DefaultFullHttpRequest(decodeResult: success, version: HTTP/1.1, content: EmptyByteBufBE)
GET /session/3480b08e704c7ae5a24177e11dfc066f/element/224A2AC88C1D4D0109904E143C37E961_element_12/name HTTP/1.1
User-Agent: selenium/4.8.1 (java windows)
Cache-Control: no-cache
Content-Type: application/json; charset=utf-8
host: localhost:11082
accept: */*

Response DefaultHttpResponse(decodeResult: success, version: HTTP/1.1)
HTTP/1.1 200 OK
Content-Length: 18
Content-Type: application/json; charset=utf-8
cache-control: no-cache

23:02:08.109 [AsyncHttpClient-1-23] DEBUG org.asynchttpclient.netty.channel.ChannelManager - Adding key: http://localhost:11082 for channel [id: 0xbe2700f0, L:/127.0.0.1:54788 - R:localhost/127.0.0.1:11082]
23:02:08.110 [Forwarding getElementTagName on session 3480b08e704c7ae5a24177e11dfc066f to remote] DEBUG org.asynchttpclient.netty.request.NettyRequestSender - Using pooled Channel '[id: 0xbe2700f0, L:/127.0.0.1:54788 - R:localhost/127.0.0.1:11082]' for 'GET' to 'http://localhost:11082/session/3480b08e704c7ae5a24177e11dfc066f/element/224A2AC88C1D4D0109904E143C37E961_element_12/name'
23:02:08.110 [Forwarding getElementTagName on session 3480b08e704c7ae5a24177e11dfc066f to remote] DEBUG org.asynchttpclient.netty.request.NettyRequestSender - Using open Channel [id: 0xbe2700f0, L:/127.0.0.1:54788 - R:localhost/127.0.0.1:11082] for GET '/session/3480b08e704c7ae5a24177e11dfc066f/element/224A2AC88C1D4D0109904E143C37E961_element_12/name'
23:02:08.118 [AsyncHttpClient-1-23] DEBUG org.asynchttpclient.netty.handler.HttpHandler - 

Request DefaultFullHttpRequest(decodeResult: success, version: HTTP/1.1, content: EmptyByteBufBE)
GET /session/3480b08e704c7ae5a24177e11dfc066f/element/224A2AC88C1D4D0109904E143C37E961_element_12/name HTTP/1.1
User-Agent: selenium/4.8.1 (java windows)
Cache-Control: no-cache
Content-Type: application/json; charset=utf-8
host: localhost:11082
accept: */*

Response DefaultHttpResponse(decodeResult: success, version: HTTP/1.1)
HTTP/1.1 200 OK
Content-Length: 18
Content-Type: application/json; charset=utf-8
cache-control: no-cache

23:02:08.118 [AsyncHttpClient-1-23] DEBUG org.asynchttpclient.netty.channel.ChannelManager - Adding key: http://localhost:11082 for channel [id: 0xbe2700f0, L:/127.0.0.1:54788 - R:localhost/127.0.0.1:11082]
23:02:08.120 [Forwarding isElementEnabled on session 3480b08e704c7ae5a24177e11dfc066f to remote] DEBUG org.asynchttpclient.netty.request.NettyRequestSender - Using pooled Channel '[id: 0xbe2700f0, L:/127.0.0.1:54788 - R:localhost/127.0.0.1:11082]' for 'GET' to 'http://localhost:11082/session/3480b08e704c7ae5a24177e11dfc066f/element/224A2AC88C1D4D0109904E143C37E961_element_12/enabled'
23:02:08.120 [Forwarding isElementEnabled on session 3480b08e704c7ae5a24177e11dfc066f to remote] DEBUG org.asynchttpclient.netty.request.NettyRequestSender - Using open Channel [id: 0xbe2700f0, L:/127.0.0.1:54788 - R:localhost/127.0.0.1:11082] for GET '/session/3480b08e704c7ae5a24177e11dfc066f/element/224A2AC88C1D4D0109904E143C37E961_element_12/enabled'
23:02:08.131 [AsyncHttpClient-1-23] DEBUG org.asynchttpclient.netty.handler.HttpHandler - 

Request DefaultFullHttpRequest(decodeResult: success, version: HTTP/1.1, content: EmptyByteBufBE)
GET /session/3480b08e704c7ae5a24177e11dfc066f/element/224A2AC88C1D4D0109904E143C37E961_element_12/enabled HTTP/1.1
User-Agent: selenium/4.8.1 (java windows)
Cache-Control: no-cache
Content-Type: application/json; charset=utf-8
host: localhost:11082
accept: */*

Response DefaultHttpResponse(decodeResult: success, version: HTTP/1.1)
HTTP/1.1 200 OK
Content-Length: 14
Content-Type: application/json; charset=utf-8
cache-control: no-cache

23:02:08.131 [AsyncHttpClient-1-23] DEBUG org.asynchttpclient.netty.channel.ChannelManager - Adding key: http://localhost:11082 for channel [id: 0xbe2700f0, L:/127.0.0.1:54788 - R:localhost/127.0.0.1:11082]
23:02:08.133 [Forwarding isElementEnabled on session 3480b08e704c7ae5a24177e11dfc066f to remote] DEBUG org.asynchttpclient.netty.request.NettyRequestSender - Using pooled Channel '[id: 0xbe2700f0, L:/127.0.0.1:54788 - R:localhost/127.0.0.1:11082]' for 'GET' to 'http://localhost:11082/session/3480b08e704c7ae5a24177e11dfc066f/element/224A2AC88C1D4D0109904E143C37E961_element_12/enabled'
23:02:08.133 [Forwarding isElementEnabled on session 3480b08e704c7ae5a24177e11dfc066f to remote] DEBUG org.asynchttpclient.netty.request.NettyRequestSender - Using open Channel [id: 0xbe2700f0, L:/127.0.0.1:54788 - R:localhost/127.0.0.1:11082] for GET '/session/3480b08e704c7ae5a24177e11dfc066f/element/224A2AC88C1D4D0109904E143C37E961_element_12/enabled'
23:02:08.144 [AsyncHttpClient-1-23] DEBUG org.asynchttpclient.netty.handler.HttpHandler - 

Request DefaultFullHttpRequest(decodeResult: success, version: HTTP/1.1, content: EmptyByteBufBE)
GET /session/3480b08e704c7ae5a24177e11dfc066f/element/224A2AC88C1D4D0109904E143C37E961_element_12/enabled HTTP/1.1
User-Agent: selenium/4.8.1 (java windows)
Cache-Control: no-cache
Content-Type: application/json; charset=utf-8
host: localhost:11082
accept: */*

Response DefaultHttpResponse(decodeResult: success, version: HTTP/1.1)
HTTP/1.1 200 OK
Content-Length: 14
Content-Type: application/json; charset=utf-8
cache-control: no-cache

23:02:08.144 [AsyncHttpClient-1-23] DEBUG org.asynchttpclient.netty.channel.ChannelManager - Adding key: http://localhost:11082 for channel [id: 0xbe2700f0, L:/127.0.0.1:54788 - R:localhost/127.0.0.1:11082]
23:02:08.145 [Forwarding findElement on session 3480b08e704c7ae5a24177e11dfc066f to remote] DEBUG org.asynchttpclient.netty.request.NettyRequestSender - Using pooled Channel '[id: 0xbe2700f0, L:/127.0.0.1:54788 - R:localhost/127.0.0.1:11082]' for 'POST' to 'http://localhost:11082/session/3480b08e704c7ae5a24177e11dfc066f/element'
23:02:08.145 [Forwarding findElement on session 3480b08e704c7ae5a24177e11dfc066f to remote] DEBUG org.asynchttpclient.netty.request.NettyRequestSender - Using open Channel [id: 0xbe2700f0, L:/127.0.0.1:54788 - R:localhost/127.0.0.1:11082] for POST '/session/3480b08e704c7ae5a24177e11dfc066f/element'
23:02:08.163 [AsyncHttpClient-1-23] DEBUG org.asynchttpclient.netty.handler.HttpHandler - 

Request DefaultHttpRequest(decodeResult: success, version: HTTP/1.1)
POST /session/3480b08e704c7ae5a24177e11dfc066f/element HTTP/1.1
User-Agent: selenium/4.8.1 (java windows)
Content-Length: 108
Content-Type: application/json; charset=utf-8
host: localhost:11082
accept: */*

Response DefaultHttpResponse(decodeResult: success, version: HTTP/1.1)
HTTP/1.1 200 OK
Content-Length: 95
Content-Type: application/json; charset=utf-8
cache-control: no-cache

23:02:08.163 [AsyncHttpClient-1-23] DEBUG org.asynchttpclient.netty.channel.ChannelManager - Adding key: http://localhost:11082 for channel [id: 0xbe2700f0, L:/127.0.0.1:54788 - R:localhost/127.0.0.1:11082]
23:02:08.165 [Forwarding clickElement on session 3480b08e704c7ae5a24177e11dfc066f to remote] DEBUG org.asynchttpclient.netty.request.NettyRequestSender - Using pooled Channel '[id: 0xbe2700f0, L:/127.0.0.1:54788 - R:localhost/127.0.0.1:11082]' for 'POST' to 'http://localhost:11082/session/3480b08e704c7ae5a24177e11dfc066f/element/224A2AC88C1D4D0109904E143C37E961_element_12/click'
23:02:08.165 [Forwarding clickElement on session 3480b08e704c7ae5a24177e11dfc066f to remote] DEBUG org.asynchttpclient.netty.request.NettyRequestSender - Using open Channel [id: 0xbe2700f0, L:/127.0.0.1:54788 - R:localhost/127.0.0.1:11082] for POST '/session/3480b08e704c7ae5a24177e11dfc066f/element/224A2AC88C1D4D0109904E143C37E961_element_12/click'
23:02:08.239 [AsyncHttpClient-1-23] DEBUG org.asynchttpclient.netty.handler.HttpHandler - 

Request DefaultHttpRequest(decodeResult: success, version: HTTP/1.1)
POST /session/3480b08e704c7ae5a24177e11dfc066f/element/224A2AC88C1D4D0109904E143C37E961_element_12/click HTTP/1.1
User-Agent: selenium/4.8.1 (java windows)
Content-Length: 57
Content-Type: application/json; charset=utf-8
host: localhost:11082
accept: */*

Response DefaultHttpResponse(decodeResult: success, version: HTTP/1.1)
HTTP/1.1 200 OK
Content-Length: 14
Content-Type: application/json; charset=utf-8
cache-control: no-cache

23:02:08.240 [AsyncHttpClient-1-23] DEBUG org.asynchttpclient.netty.channel.ChannelManager - Adding key: http://localhost:11082 for channel [id: 0xbe2700f0, L:/127.0.0.1:54788 - R:localhost/127.0.0.1:11082]
23:02:08.245 [Forwarding getAlertText on session 3480b08e704c7ae5a24177e11dfc066f to remote] DEBUG org.asynchttpclient.netty.request.NettyRequestSender - Using pooled Channel '[id: 0xbe2700f0, L:/127.0.0.1:54788 - R:localhost/127.0.0.1:11082]' for 'GET' to 'http://localhost:11082/session/3480b08e704c7ae5a24177e11dfc066f/alert/text'
23:02:08.245 [Forwarding getAlertText on session 3480b08e704c7ae5a24177e11dfc066f to remote] DEBUG org.asynchttpclient.netty.request.NettyRequestSender - Using open Channel [id: 0xbe2700f0, L:/127.0.0.1:54788 - R:localhost/127.0.0.1:11082] for GET '/session/3480b08e704c7ae5a24177e11dfc066f/alert/text'
23:02:08.390 [AsyncHttpClient-1-23] DEBUG org.asynchttpclient.netty.handler.HttpHandler - 

Request DefaultFullHttpRequest(decodeResult: success, version: HTTP/1.1, content: EmptyByteBufBE)
GET /session/3480b08e704c7ae5a24177e11dfc066f/alert/text HTTP/1.1
User-Agent: selenium/4.8.1 (java windows)
Cache-Control: no-cache
Content-Type: application/json; charset=utf-8
host: localhost:11082
accept: */*

Response DefaultHttpResponse(decodeResult: success, version: HTTP/1.1)
HTTP/1.1 404 Not Found
Content-Length: 820
Content-Type: application/json; charset=utf-8
cache-control: no-cache

23:02:08.390 [AsyncHttpClient-1-23] DEBUG org.asynchttpclient.netty.channel.ChannelManager - Adding key: http://localhost:11082 for channel [id: 0xbe2700f0, L:/127.0.0.1:54788 - R:localhost/127.0.0.1:11082]
23:02:08.391 [Forwarding getCurrentUrl on session 3480b08e704c7ae5a24177e11dfc066f to remote] DEBUG org.asynchttpclient.netty.request.NettyRequestSender - Using pooled Channel '[id: 0xbe2700f0, L:/127.0.0.1:54788 - R:localhost/127.0.0.1:11082]' for 'GET' to 'http://localhost:11082/session/3480b08e704c7ae5a24177e11dfc066f/url'
23:02:08.391 [Forwarding getCurrentUrl on session 3480b08e704c7ae5a24177e11dfc066f to remote] DEBUG org.asynchttpclient.netty.request.NettyRequestSender - Using open Channel [id: 0xbe2700f0, L:/127.0.0.1:54788 - R:localhost/127.0.0.1:11082] for GET '/session/3480b08e704c7ae5a24177e11dfc066f/url'
23:02:08.398 [AsyncHttpClient-1-23] DEBUG org.asynchttpclient.netty.handler.HttpHandler - 

Request DefaultFullHttpRequest(decodeResult: success, version: HTTP/1.1, content: EmptyByteBufBE)
GET /session/3480b08e704c7ae5a24177e11dfc066f/url HTTP/1.1
User-Agent: selenium/4.8.1 (java windows)
Cache-Control: no-cache
Content-Type: application/json; charset=utf-8
host: localhost:11082
accept: */*

Response DefaultHttpResponse(decodeResult: success, version: HTTP/1.1)
HTTP/1.1 200 OK
Content-Length: 46
Content-Type: application/json; charset=utf-8
cache-control: no-cache

23:02:08.399 [AsyncHttpClient-1-23] DEBUG org.asynchttpclient.netty.channel.ChannelManager - Adding key: http://localhost:11082 for channel [id: 0xbe2700f0, L:/127.0.0.1:54788 - R:localhost/127.0.0.1:11082]
23:02:08.399 [Forwarding screenshot on session 3480b08e704c7ae5a24177e11dfc066f to remote] DEBUG org.asynchttpclient.netty.request.NettyRequestSender - Using pooled Channel '[id: 0xbe2700f0, L:/127.0.0.1:54788 - R:localhost/127.0.0.1:11082]' for 'GET' to 'http://localhost:11082/session/3480b08e704c7ae5a24177e11dfc066f/screenshot'
23:02:08.399 [Forwarding screenshot on session 3480b08e704c7ae5a24177e11dfc066f to remote] DEBUG org.asynchttpclient.netty.request.NettyRequestSender - Using open Channel [id: 0xbe2700f0, L:/127.0.0.1:54788 - R:localhost/127.0.0.1:11082] for GET '/session/3480b08e704c7ae5a24177e11dfc066f/screenshot'
23:02:08.793 [AsyncHttpClient-1-23] DEBUG org.asynchttpclient.netty.handler.HttpHandler - 

Request DefaultFullHttpRequest(decodeResult: success, version: HTTP/1.1, content: EmptyByteBufBE)
GET /session/3480b08e704c7ae5a24177e11dfc066f/screenshot HTTP/1.1
User-Agent: selenium/4.8.1 (java windows)
Cache-Control: no-cache
Content-Type: application/json; charset=utf-8
host: localhost:11082
accept: */*

Response DefaultHttpResponse(decodeResult: success, version: HTTP/1.1)
HTTP/1.1 200 OK
Content-Length: 39028
Content-Type: application/json; charset=utf-8
cache-control: no-cache

23:02:08.794 [AsyncHttpClient-1-23] DEBUG org.asynchttpclient.netty.channel.ChannelManager - Adding key: http://localhost:11082 for channel [id: 0xbe2700f0, L:/127.0.0.1:54788 - R:localhost/127.0.0.1:11082]
23:02:08.798 [main] DEBUG net.serenitybdd.core.photography.Darkroom - Send negative for processing for target\site\serenity\74ef4ba8728c91b363843cdb4de2f8260857055ad42b598252e590bf68222c8f.png
23:02:08.799 [main] DEBUG net.thucydides.core.steps.StepInterceptor - STEP DONE: validateGoToOrderPage
  &amp#27;[32mAnd &amp#27;[0m&amp#27;[32mI go to the order page&amp#27;[0m                       &amp#27;[90m# starter.stepdefinitions.OrderSteps.onTheOrderPage()&amp#27;[0m
23:02:08.799 [Darkroom Processing Line] DEBUG net.serenitybdd.core.photography.DarkroomProcessingLine - Processing screenshot image in /var/screenshots/screenshot-1616321367782718835
23:02:08.799 [Darkroom Processing Line] DEBUG net.serenitybdd.core.photography.DarkroomProcessingLine - Saving screenshot to target\site\serenity\74ef4ba8728c91b363843cdb4de2f8260857055ad42b598252e590bf68222c8f.png
23:02:08.817 [Forwarding getPageSource on session 3480b08e704c7ae5a24177e11dfc066f to remote] DEBUG org.asynchttpclient.netty.request.NettyRequestSender - Using pooled Channel '[id: 0xbe2700f0, L:/127.0.0.1:54788 - R:localhost/127.0.0.1:11082]' for 'POST' to 'http://localhost:11082/session/3480b08e704c7ae5a24177e11dfc066f/execute/sync'
23:02:08.817 [Forwarding getPageSource on session 3480b08e704c7ae5a24177e11dfc066f to remote] DEBUG org.asynchttpclient.netty.request.NettyRequestSender - Using open Channel [id: 0xbe2700f0, L:/127.0.0.1:54788 - R:localhost/127.0.0.1:11082] for POST '/session/3480b08e704c7ae5a24177e11dfc066f/execute/sync'
23:02:08.831 [AsyncHttpClient-1-23] DEBUG org.asynchttpclient.netty.handler.HttpHandler - 

Request DefaultHttpRequest(decodeResult: success, version: HTTP/1.1)
POST /session/3480b08e704c7ae5a24177e11dfc066f/execute/sync HTTP/1.1
User-Agent: selenium/4.8.1 (java windows)
Content-Length: 176
Content-Type: application/json; charset=utf-8
host: localhost:11082
accept: */*

Response DefaultHttpResponse(decodeResult: success, version: HTTP/1.1)
HTTP/1.1 200 OK
Content-Length: 21702
Content-Type: application/json; charset=utf-8
cache-control: no-cache

23:02:08.831 [AsyncHttpClient-1-23] DEBUG org.asynchttpclient.netty.channel.ChannelManager - Adding key: http://localhost:11082 for channel [id: 0xbe2700f0, L:/127.0.0.1:54788 - R:localhost/127.0.0.1:11082]
23:02:08.834 [Forwarding getCurrentUrl on session 3480b08e704c7ae5a24177e11dfc066f to remote] DEBUG org.asynchttpclient.netty.request.NettyRequestSender - Using pooled Channel '[id: 0xbe2700f0, L:/127.0.0.1:54788 - R:localhost/127.0.0.1:11082]' for 'GET' to 'http://localhost:11082/session/3480b08e704c7ae5a24177e11dfc066f/url'
23:02:08.834 [Forwarding getCurrentUrl on session 3480b08e704c7ae5a24177e11dfc066f to remote] DEBUG org.asynchttpclient.netty.request.NettyRequestSender - Using open Channel [id: 0xbe2700f0, L:/127.0.0.1:54788 - R:localhost/127.0.0.1:11082] for GET '/session/3480b08e704c7ae5a24177e11dfc066f/url'
23:02:08.841 [AsyncHttpClient-1-23] DEBUG org.asynchttpclient.netty.handler.HttpHandler - 

Request DefaultFullHttpRequest(decodeResult: success, version: HTTP/1.1, content: EmptyByteBufBE)
GET /session/3480b08e704c7ae5a24177e11dfc066f/url HTTP/1.1
User-Agent: selenium/4.8.1 (java windows)
Cache-Control: no-cache
Content-Type: application/json; charset=utf-8
host: localhost:11082
accept: */*

Response DefaultHttpResponse(decodeResult: success, version: HTTP/1.1)
HTTP/1.1 200 OK
Content-Length: 46
Content-Type: application/json; charset=utf-8
cache-control: no-cache

23:02:08.841 [AsyncHttpClient-1-23] DEBUG org.asynchttpclient.netty.channel.ChannelManager - Adding key: http://localhost:11082 for channel [id: 0xbe2700f0, L:/127.0.0.1:54788 - R:localhost/127.0.0.1:11082]
23:02:08.850 [Forwarding getAlertText on session 3480b08e704c7ae5a24177e11dfc066f to remote] DEBUG org.asynchttpclient.netty.request.NettyRequestSender - Using pooled Channel '[id: 0xbe2700f0, L:/127.0.0.1:54788 - R:localhost/127.0.0.1:11082]' for 'GET' to 'http://localhost:11082/session/3480b08e704c7ae5a24177e11dfc066f/alert/text'
23:02:08.850 [Forwarding getAlertText on session 3480b08e704c7ae5a24177e11dfc066f to remote] DEBUG org.asynchttpclient.netty.request.NettyRequestSender - Using open Channel [id: 0xbe2700f0, L:/127.0.0.1:54788 - R:localhost/127.0.0.1:11082] for GET '/session/3480b08e704c7ae5a24177e11dfc066f/alert/text'
23:02:08.853 [AsyncHttpClient-1-23] DEBUG org.asynchttpclient.netty.handler.HttpHandler - 

Request DefaultFullHttpRequest(decodeResult: success, version: HTTP/1.1, content: EmptyByteBufBE)
GET /session/3480b08e704c7ae5a24177e11dfc066f/alert/text HTTP/1.1
User-Agent: selenium/4.8.1 (java windows)
Cache-Control: no-cache
Content-Type: application/json; charset=utf-8
host: localhost:11082
accept: */*

Response DefaultHttpResponse(decodeResult: success, version: HTTP/1.1)
HTTP/1.1 404 Not Found
Content-Length: 820
Content-Type: application/json; charset=utf-8
cache-control: no-cache

23:02:08.853 [AsyncHttpClient-1-23] DEBUG org.asynchttpclient.netty.channel.ChannelManager - Adding key: http://localhost:11082 for channel [id: 0xbe2700f0, L:/127.0.0.1:54788 - R:localhost/127.0.0.1:11082]
23:02:08.854 [Forwarding getCurrentUrl on session 3480b08e704c7ae5a24177e11dfc066f to remote] DEBUG org.asynchttpclient.netty.request.NettyRequestSender - Using pooled Channel '[id: 0xbe2700f0, L:/127.0.0.1:54788 - R:localhost/127.0.0.1:11082]' for 'GET' to 'http://localhost:11082/session/3480b08e704c7ae5a24177e11dfc066f/url'
23:02:08.854 [Forwarding getCurrentUrl on session 3480b08e704c7ae5a24177e11dfc066f to remote] DEBUG org.asynchttpclient.netty.request.NettyRequestSender - Using open Channel [id: 0xbe2700f0, L:/127.0.0.1:54788 - R:localhost/127.0.0.1:11082] for GET '/session/3480b08e704c7ae5a24177e11dfc066f/url'
23:02:08.861 [AsyncHttpClient-1-23] DEBUG org.asynchttpclient.netty.handler.HttpHandler - 

Request DefaultFullHttpRequest(decodeResult: success, version: HTTP/1.1, content: EmptyByteBufBE)
GET /session/3480b08e704c7ae5a24177e11dfc066f/url HTTP/1.1
User-Agent: selenium/4.8.1 (java windows)
Cache-Control: no-cache
Content-Type: application/json; charset=utf-8
host: localhost:11082
accept: */*

Response DefaultHttpResponse(decodeResult: success, version: HTTP/1.1)
HTTP/1.1 200 OK
Content-Length: 46
Content-Type: application/json; charset=utf-8
cache-control: no-cache

23:02:08.861 [AsyncHttpClient-1-23] DEBUG org.asynchttpclient.netty.channel.ChannelManager - Adding key: http://localhost:11082 for channel [id: 0xbe2700f0, L:/127.0.0.1:54788 - R:localhost/127.0.0.1:11082]
23:02:08.861 [Forwarding screenshot on session 3480b08e704c7ae5a24177e11dfc066f to remote] DEBUG org.asynchttpclient.netty.request.NettyRequestSender - Using pooled Channel '[id: 0xbe2700f0, L:/127.0.0.1:54788 - R:localhost/127.0.0.1:11082]' for 'GET' to 'http://localhost:11082/session/3480b08e704c7ae5a24177e11dfc066f/screenshot'
23:02:08.861 [Forwarding screenshot on session 3480b08e704c7ae5a24177e11dfc066f to remote] DEBUG org.asynchttpclient.netty.request.NettyRequestSender - Using open Channel [id: 0xbe2700f0, L:/127.0.0.1:54788 - R:localhost/127.0.0.1:11082] for GET '/session/3480b08e704c7ae5a24177e11dfc066f/screenshot'
23:02:08.984 [AsyncHttpClient-1-23] DEBUG org.asynchttpclient.netty.handler.HttpHandler - 

Request DefaultFullHttpRequest(decodeResult: success, version: HTTP/1.1, content: EmptyByteBufBE)
GET /session/3480b08e704c7ae5a24177e11dfc066f/screenshot HTTP/1.1
User-Agent: selenium/4.8.1 (java windows)
Cache-Control: no-cache
Content-Type: application/json; charset=utf-8
host: localhost:11082
accept: */*

Response DefaultHttpResponse(decodeResult: success, version: HTTP/1.1)
HTTP/1.1 200 OK
Content-Length: 38660
Content-Type: application/json; charset=utf-8
cache-control: no-cache

23:02:08.984 [AsyncHttpClient-1-23] DEBUG org.asynchttpclient.netty.channel.ChannelManager - Adding key: http://localhost:11082 for channel [id: 0xbe2700f0, L:/127.0.0.1:54788 - R:localhost/127.0.0.1:11082]
23:02:08.987 [main] DEBUG net.serenitybdd.core.photography.Darkroom - Send negative for processing for target\site\serenity\3146fe92f473834e727cb25b8b3a199e0d9dae3b6bf9d2f3d69776ed11cdea9e.png
23:02:08.988 [Forwarding getPageSource on session 3480b08e704c7ae5a24177e11dfc066f to remote] DEBUG org.asynchttpclient.netty.request.NettyRequestSender - Using pooled Channel '[id: 0xbe2700f0, L:/127.0.0.1:54788 - R:localhost/127.0.0.1:11082]' for 'POST' to 'http://localhost:11082/session/3480b08e704c7ae5a24177e11dfc066f/execute/sync'
23:02:08.988 [Forwarding getPageSource on session 3480b08e704c7ae5a24177e11dfc066f to remote] DEBUG org.asynchttpclient.netty.request.NettyRequestSender - Using open Channel [id: 0xbe2700f0, L:/127.0.0.1:54788 - R:localhost/127.0.0.1:11082] for POST '/session/3480b08e704c7ae5a24177e11dfc066f/execute/sync'
23:02:08.997 [AsyncHttpClient-1-23] DEBUG org.asynchttpclient.netty.handler.HttpHandler - 

Request DefaultHttpRequest(decodeResult: success, version: HTTP/1.1)
POST /session/3480b08e704c7ae5a24177e11dfc066f/execute/sync HTTP/1.1
User-Agent: selenium/4.8.1 (java windows)
Content-Length: 176
Content-Type: application/json; charset=utf-8
host: localhost:11082
accept: */*

Response DefaultHttpResponse(decodeResult: success, version: HTTP/1.1)
HTTP/1.1 200 OK
Content-Length: 21702
Content-Type: application/json; charset=utf-8
cache-control: no-cache

23:02:08.997 [AsyncHttpClient-1-23] DEBUG org.asynchttpclient.netty.channel.ChannelManager - Adding key: http://localhost:11082 for channel [id: 0xbe2700f0, L:/127.0.0.1:54788 - R:localhost/127.0.0.1:11082]
23:02:08.999 [Forwarding getCurrentUrl on session 3480b08e704c7ae5a24177e11dfc066f to remote] DEBUG org.asynchttpclient.netty.request.NettyRequestSender - Using pooled Channel '[id: 0xbe2700f0, L:/127.0.0.1:54788 - R:localhost/127.0.0.1:11082]' for 'GET' to 'http://localhost:11082/session/3480b08e704c7ae5a24177e11dfc066f/url'
23:02:08.999 [Forwarding getCurrentUrl on session 3480b08e704c7ae5a24177e11dfc066f to remote] DEBUG org.asynchttpclient.netty.request.NettyRequestSender - Using open Channel [id: 0xbe2700f0, L:/127.0.0.1:54788 - R:localhost/127.0.0.1:11082] for GET '/session/3480b08e704c7ae5a24177e11dfc066f/url'
23:02:09.009 [AsyncHttpClient-1-23] DEBUG org.asynchttpclient.netty.handler.HttpHandler - 

Request DefaultFullHttpRequest(decodeResult: success, version: HTTP/1.1, content: EmptyByteBufBE)
GET /session/3480b08e704c7ae5a24177e11dfc066f/url HTTP/1.1
User-Agent: selenium/4.8.1 (java windows)
Cache-Control: no-cache
Content-Type: application/json; charset=utf-8
host: localhost:11082
accept: */*

Response DefaultHttpResponse(decodeResult: success, version: HTTP/1.1)
HTTP/1.1 200 OK
Content-Length: 46
Content-Type: application/json; charset=utf-8
cache-control: no-cache

23:02:09.009 [AsyncHttpClient-1-23] DEBUG org.asynchttpclient.netty.channel.ChannelManager - Adding key: http://localhost:11082 for channel [id: 0xbe2700f0, L:/127.0.0.1:54788 - R:localhost/127.0.0.1:11082]
23:02:09.010 [main] DEBUG net.thucydides.core.steps.StepInterceptor - STARTING STEP: OrderSteps.iClickPayButton - clickPayButton
23:02:09.012 [Forwarding findElement on session 3480b08e704c7ae5a24177e11dfc066f to remote] DEBUG org.asynchttpclient.netty.request.NettyRequestSender - Using pooled Channel '[id: 0xbe2700f0, L:/127.0.0.1:54788 - R:localhost/127.0.0.1:11082]' for 'POST' to 'http://localhost:11082/session/3480b08e704c7ae5a24177e11dfc066f/element'
23:02:09.012 [Forwarding findElement on session 3480b08e704c7ae5a24177e11dfc066f to remote] DEBUG org.asynchttpclient.netty.request.NettyRequestSender - Using open Channel [id: 0xbe2700f0, L:/127.0.0.1:54788 - R:localhost/127.0.0.1:11082] for POST '/session/3480b08e704c7ae5a24177e11dfc066f/element'
23:02:09.025 [AsyncHttpClient-1-23] DEBUG org.asynchttpclient.netty.handler.HttpHandler - 

Request DefaultHttpRequest(decodeResult: success, version: HTTP/1.1)
POST /session/3480b08e704c7ae5a24177e11dfc066f/element HTTP/1.1
User-Agent: selenium/4.8.1 (java windows)
Content-Length: 72
Content-Type: application/json; charset=utf-8
host: localhost:11082
accept: */*

Response DefaultHttpResponse(decodeResult: success, version: HTTP/1.1)
HTTP/1.1 200 OK
Content-Length: 95
Content-Type: application/json; charset=utf-8
cache-control: no-cache

23:02:09.025 [AsyncHttpClient-1-23] DEBUG org.asynchttpclient.netty.channel.ChannelManager - Adding key: http://localhost:11082 for channel [id: 0xbe2700f0, L:/127.0.0.1:54788 - R:localhost/127.0.0.1:11082]
23:02:09.025 [Forwarding getElementTagName on session 3480b08e704c7ae5a24177e11dfc066f to remote] DEBUG org.asynchttpclient.netty.request.NettyRequestSender - Using pooled Channel '[id: 0xbe2700f0, L:/127.0.0.1:54788 - R:localhost/127.0.0.1:11082]' for 'GET' to 'http://localhost:11082/session/3480b08e704c7ae5a24177e11dfc066f/element/224A2AC88C1D4D0109904E143C37E961_element_13/name'
23:02:09.025 [Forwarding getElementTagName on session 3480b08e704c7ae5a24177e11dfc066f to remote] DEBUG org.asynchttpclient.netty.request.NettyRequestSender - Using open Channel [id: 0xbe2700f0, L:/127.0.0.1:54788 - R:localhost/127.0.0.1:11082] for GET '/session/3480b08e704c7ae5a24177e11dfc066f/element/224A2AC88C1D4D0109904E143C37E961_element_13/name'
23:02:09.033 [AsyncHttpClient-1-23] DEBUG org.asynchttpclient.netty.handler.HttpHandler - 

Request DefaultFullHttpRequest(decodeResult: success, version: HTTP/1.1, content: EmptyByteBufBE)
GET /session/3480b08e704c7ae5a24177e11dfc066f/element/224A2AC88C1D4D0109904E143C37E961_element_13/name HTTP/1.1
User-Agent: selenium/4.8.1 (java windows)
Cache-Control: no-cache
Content-Type: application/json; charset=utf-8
host: localhost:11082
accept: */*

Response DefaultHttpResponse(decodeResult: success, version: HTTP/1.1)
HTTP/1.1 200 OK
Content-Length: 18
Content-Type: application/json; charset=utf-8
cache-control: no-cache

23:02:09.033 [AsyncHttpClient-1-23] DEBUG org.asynchttpclient.netty.channel.ChannelManager - Adding key: http://localhost:11082 for channel [id: 0xbe2700f0, L:/127.0.0.1:54788 - R:localhost/127.0.0.1:11082]
23:02:09.034 [Forwarding getElementTagName on session 3480b08e704c7ae5a24177e11dfc066f to remote] DEBUG org.asynchttpclient.netty.request.NettyRequestSender - Using pooled Channel '[id: 0xbe2700f0, L:/127.0.0.1:54788 - R:localhost/127.0.0.1:11082]' for 'GET' to 'http://localhost:11082/session/3480b08e704c7ae5a24177e11dfc066f/element/224A2AC88C1D4D0109904E143C37E961_element_13/name'
23:02:09.034 [Forwarding getElementTagName on session 3480b08e704c7ae5a24177e11dfc066f to remote] DEBUG org.asynchttpclient.netty.request.NettyRequestSender - Using open Channel [id: 0xbe2700f0, L:/127.0.0.1:54788 - R:localhost/127.0.0.1:11082] for GET '/session/3480b08e704c7ae5a24177e11dfc066f/element/224A2AC88C1D4D0109904E143C37E961_element_13/name'
23:02:09.042 [AsyncHttpClient-1-23] DEBUG org.asynchttpclient.netty.handler.HttpHandler - 

Request DefaultFullHttpRequest(decodeResult: success, version: HTTP/1.1, content: EmptyByteBufBE)
GET /session/3480b08e704c7ae5a24177e11dfc066f/element/224A2AC88C1D4D0109904E143C37E961_element_13/name HTTP/1.1
User-Agent: selenium/4.8.1 (java windows)
Cache-Control: no-cache
Content-Type: application/json; charset=utf-8
host: localhost:11082
accept: */*

Response DefaultHttpResponse(decodeResult: success, version: HTTP/1.1)
HTTP/1.1 200 OK
Content-Length: 18
Content-Type: application/json; charset=utf-8
cache-control: no-cache

23:02:09.042 [AsyncHttpClient-1-23] DEBUG org.asynchttpclient.netty.channel.ChannelManager - Adding key: http://localhost:11082 for channel [id: 0xbe2700f0, L:/127.0.0.1:54788 - R:localhost/127.0.0.1:11082]
23:02:09.044 [Forwarding isElementEnabled on session 3480b08e704c7ae5a24177e11dfc066f to remote] DEBUG org.asynchttpclient.netty.request.NettyRequestSender - Using pooled Channel '[id: 0xbe2700f0, L:/127.0.0.1:54788 - R:localhost/127.0.0.1:11082]' for 'GET' to 'http://localhost:11082/session/3480b08e704c7ae5a24177e11dfc066f/element/224A2AC88C1D4D0109904E143C37E961_element_13/enabled'
23:02:09.044 [Forwarding isElementEnabled on session 3480b08e704c7ae5a24177e11dfc066f to remote] DEBUG org.asynchttpclient.netty.request.NettyRequestSender - Using open Channel [id: 0xbe2700f0, L:/127.0.0.1:54788 - R:localhost/127.0.0.1:11082] for GET '/session/3480b08e704c7ae5a24177e11dfc066f/element/224A2AC88C1D4D0109904E143C37E961_element_13/enabled'
23:02:09.052 [AsyncHttpClient-1-23] DEBUG org.asynchttpclient.netty.handler.HttpHandler - 

Request DefaultFullHttpRequest(decodeResult: success, version: HTTP/1.1, content: EmptyByteBufBE)
GET /session/3480b08e704c7ae5a24177e11dfc066f/element/224A2AC88C1D4D0109904E143C37E961_element_13/enabled HTTP/1.1
User-Agent: selenium/4.8.1 (java windows)
Cache-Control: no-cache
Content-Type: application/json; charset=utf-8
host: localhost:11082
accept: */*

Response DefaultHttpResponse(decodeResult: success, version: HTTP/1.1)
HTTP/1.1 200 OK
Content-Length: 14
Content-Type: application/json; charset=utf-8
cache-control: no-cache

23:02:09.052 [AsyncHttpClient-1-23] DEBUG org.asynchttpclient.netty.channel.ChannelManager - Adding key: http://localhost:11082 for channel [id: 0xbe2700f0, L:/127.0.0.1:54788 - R:localhost/127.0.0.1:11082]
23:02:09.054 [Forwarding isElementEnabled on session 3480b08e704c7ae5a24177e11dfc066f to remote] DEBUG org.asynchttpclient.netty.request.NettyRequestSender - Using pooled Channel '[id: 0xbe2700f0, L:/127.0.0.1:54788 - R:localhost/127.0.0.1:11082]' for 'GET' to 'http://localhost:11082/session/3480b08e704c7ae5a24177e11dfc066f/element/224A2AC88C1D4D0109904E143C37E961_element_13/enabled'
23:02:09.054 [Forwarding isElementEnabled on session 3480b08e704c7ae5a24177e11dfc066f to remote] DEBUG org.asynchttpclient.netty.request.NettyRequestSender - Using open Channel [id: 0xbe2700f0, L:/127.0.0.1:54788 - R:localhost/127.0.0.1:11082] for GET '/session/3480b08e704c7ae5a24177e11dfc066f/element/224A2AC88C1D4D0109904E143C37E961_element_13/enabled'
23:02:09.064 [AsyncHttpClient-1-23] DEBUG org.asynchttpclient.netty.handler.HttpHandler - 

Request DefaultFullHttpRequest(decodeResult: success, version: HTTP/1.1, content: EmptyByteBufBE)
GET /session/3480b08e704c7ae5a24177e11dfc066f/element/224A2AC88C1D4D0109904E143C37E961_element_13/enabled HTTP/1.1
User-Agent: selenium/4.8.1 (java windows)
Cache-Control: no-cache
Content-Type: application/json; charset=utf-8
host: localhost:11082
accept: */*

Response DefaultHttpResponse(decodeResult: success, version: HTTP/1.1)
HTTP/1.1 200 OK
Content-Length: 14
Content-Type: application/json; charset=utf-8
cache-control: no-cache

23:02:09.064 [AsyncHttpClient-1-23] DEBUG org.asynchttpclient.netty.channel.ChannelManager - Adding key: http://localhost:11082 for channel [id: 0xbe2700f0, L:/127.0.0.1:54788 - R:localhost/127.0.0.1:11082]
23:02:09.065 [Forwarding findElement on session 3480b08e704c7ae5a24177e11dfc066f to remote] DEBUG org.asynchttpclient.netty.request.NettyRequestSender - Using pooled Channel '[id: 0xbe2700f0, L:/127.0.0.1:54788 - R:localhost/127.0.0.1:11082]' for 'POST' to 'http://localhost:11082/session/3480b08e704c7ae5a24177e11dfc066f/element'
23:02:09.065 [Forwarding findElement on session 3480b08e704c7ae5a24177e11dfc066f to remote] DEBUG org.asynchttpclient.netty.request.NettyRequestSender - Using open Channel [id: 0xbe2700f0, L:/127.0.0.1:54788 - R:localhost/127.0.0.1:11082] for POST '/session/3480b08e704c7ae5a24177e11dfc066f/element'
23:02:09.077 [AsyncHttpClient-1-23] DEBUG org.asynchttpclient.netty.handler.HttpHandler - 

Request DefaultHttpRequest(decodeResult: success, version: HTTP/1.1)
POST /session/3480b08e704c7ae5a24177e11dfc066f/element HTTP/1.1
User-Agent: selenium/4.8.1 (java windows)
Content-Length: 72
Content-Type: application/json; charset=utf-8
host: localhost:11082
accept: */*

Response DefaultHttpResponse(decodeResult: success, version: HTTP/1.1)
HTTP/1.1 200 OK
Content-Length: 95
Content-Type: application/json; charset=utf-8
cache-control: no-cache

23:02:09.077 [AsyncHttpClient-1-23] DEBUG org.asynchttpclient.netty.channel.ChannelManager - Adding key: http://localhost:11082 for channel [id: 0xbe2700f0, L:/127.0.0.1:54788 - R:localhost/127.0.0.1:11082]
23:02:09.078 [Forwarding clickElement on session 3480b08e704c7ae5a24177e11dfc066f to remote] DEBUG org.asynchttpclient.netty.request.NettyRequestSender - Using pooled Channel '[id: 0xbe2700f0, L:/127.0.0.1:54788 - R:localhost/127.0.0.1:11082]' for 'POST' to 'http://localhost:11082/session/3480b08e704c7ae5a24177e11dfc066f/element/224A2AC88C1D4D0109904E143C37E961_element_13/click'
23:02:09.078 [Forwarding clickElement on session 3480b08e704c7ae5a24177e11dfc066f to remote] DEBUG org.asynchttpclient.netty.request.NettyRequestSender - Using open Channel [id: 0xbe2700f0, L:/127.0.0.1:54788 - R:localhost/127.0.0.1:11082] for POST '/session/3480b08e704c7ae5a24177e11dfc066f/element/224A2AC88C1D4D0109904E143C37E961_element_13/click'
23:02:09.101 [AsyncHttpClient-1-1] DEBUG org.asynchttpclient.netty.channel.DefaultChannelPool - Entry count for : http://localhost:54789 : 1
23:02:09.129 [AsyncHttpClient-1-23] DEBUG org.asynchttpclient.netty.handler.HttpHandler - 

Request DefaultHttpRequest(decodeResult: success, version: HTTP/1.1)
POST /session/3480b08e704c7ae5a24177e11dfc066f/element/224A2AC88C1D4D0109904E143C37E961_element_13/click HTTP/1.1
User-Agent: selenium/4.8.1 (java windows)
Content-Length: 57
Content-Type: application/json; charset=utf-8
host: localhost:11082
accept: */*

Response DefaultHttpResponse(decodeResult: success, version: HTTP/1.1)
HTTP/1.1 200 OK
Content-Length: 14
Content-Type: application/json; charset=utf-8
cache-control: no-cache

23:02:09.129 [AsyncHttpClient-1-23] DEBUG org.asynchttpclient.netty.channel.ChannelManager - Adding key: http://localhost:11082 for channel [id: 0xbe2700f0, L:/127.0.0.1:54788 - R:localhost/127.0.0.1:11082]
23:02:09.136 [Forwarding getAlertText on session 3480b08e704c7ae5a24177e11dfc066f to remote] DEBUG org.asynchttpclient.netty.request.NettyRequestSender - Using pooled Channel '[id: 0xbe2700f0, L:/127.0.0.1:54788 - R:localhost/127.0.0.1:11082]' for 'GET' to 'http://localhost:11082/session/3480b08e704c7ae5a24177e11dfc066f/alert/text'
23:02:09.136 [Forwarding getAlertText on session 3480b08e704c7ae5a24177e11dfc066f to remote] DEBUG org.asynchttpclient.netty.request.NettyRequestSender - Using open Channel [id: 0xbe2700f0, L:/127.0.0.1:54788 - R:localhost/127.0.0.1:11082] for GET '/session/3480b08e704c7ae5a24177e11dfc066f/alert/text'
23:02:09.148 [AsyncHttpClient-1-23] DEBUG org.asynchttpclient.netty.handler.HttpHandler - 

Request DefaultFullHttpRequest(decodeResult: success, version: HTTP/1.1, content: EmptyByteBufBE)
GET /session/3480b08e704c7ae5a24177e11dfc066f/alert/text HTTP/1.1
User-Agent: selenium/4.8.1 (java windows)
Cache-Control: no-cache
Content-Type: application/json; charset=utf-8
host: localhost:11082
accept: */*

Response DefaultHttpResponse(decodeResult: success, version: HTTP/1.1)
HTTP/1.1 404 Not Found
Content-Length: 820
Content-Type: application/json; charset=utf-8
cache-control: no-cache

23:02:09.151 [AsyncHttpClient-1-23] DEBUG org.asynchttpclient.netty.channel.ChannelManager - Adding key: http://localhost:11082 for channel [id: 0xbe2700f0, L:/127.0.0.1:54788 - R:localhost/127.0.0.1:11082]
23:02:09.152 [Forwarding getCurrentUrl on session 3480b08e704c7ae5a24177e11dfc066f to remote] DEBUG org.asynchttpclient.netty.request.NettyRequestSender - Using pooled Channel '[id: 0xbe2700f0, L:/127.0.0.1:54788 - R:localhost/127.0.0.1:11082]' for 'GET' to 'http://localhost:11082/session/3480b08e704c7ae5a24177e11dfc066f/url'
23:02:09.152 [Forwarding getCurrentUrl on session 3480b08e704c7ae5a24177e11dfc066f to remote] DEBUG org.asynchttpclient.netty.request.NettyRequestSender - Using open Channel [id: 0xbe2700f0, L:/127.0.0.1:54788 - R:localhost/127.0.0.1:11082] for GET '/session/3480b08e704c7ae5a24177e11dfc066f/url'
23:02:09.158 [AsyncHttpClient-1-23] DEBUG org.asynchttpclient.netty.handler.HttpHandler - 

Request DefaultFullHttpRequest(decodeResult: success, version: HTTP/1.1, content: EmptyByteBufBE)
GET /session/3480b08e704c7ae5a24177e11dfc066f/url HTTP/1.1
User-Agent: selenium/4.8.1 (java windows)
Cache-Control: no-cache
Content-Type: application/json; charset=utf-8
host: localhost:11082
accept: */*

Response DefaultHttpResponse(decodeResult: success, version: HTTP/1.1)
HTTP/1.1 200 OK
Content-Length: 129
Content-Type: application/json; charset=utf-8
cache-control: no-cache

23:02:09.158 [AsyncHttpClient-1-23] DEBUG org.asynchttpclient.netty.channel.ChannelManager - Adding key: http://localhost:11082 for channel [id: 0xbe2700f0, L:/127.0.0.1:54788 - R:localhost/127.0.0.1:11082]
23:02:09.159 [Forwarding screenshot on session 3480b08e704c7ae5a24177e11dfc066f to remote] DEBUG org.asynchttpclient.netty.request.NettyRequestSender - Using pooled Channel '[id: 0xbe2700f0, L:/127.0.0.1:54788 - R:localhost/127.0.0.1:11082]' for 'GET' to 'http://localhost:11082/session/3480b08e704c7ae5a24177e11dfc066f/screenshot'
23:02:09.159 [Forwarding screenshot on session 3480b08e704c7ae5a24177e11dfc066f to remote] DEBUG org.asynchttpclient.netty.request.NettyRequestSender - Using open Channel [id: 0xbe2700f0, L:/127.0.0.1:54788 - R:localhost/127.0.0.1:11082] for GET '/session/3480b08e704c7ae5a24177e11dfc066f/screenshot'
23:02:09.404 [AsyncHttpClient-1-23] DEBUG org.asynchttpclient.netty.handler.HttpHandler - 

Request DefaultFullHttpRequest(decodeResult: success, version: HTTP/1.1, content: EmptyByteBufBE)
GET /session/3480b08e704c7ae5a24177e11dfc066f/screenshot HTTP/1.1
User-Agent: selenium/4.8.1 (java windows)
Cache-Control: no-cache
Content-Type: application/json; charset=utf-8
host: localhost:11082
accept: */*

Response DefaultHttpResponse(decodeResult: success, version: HTTP/1.1)
HTTP/1.1 200 OK
Content-Length: 33704
Content-Type: application/json; charset=utf-8
cache-control: no-cache

23:02:09.404 [AsyncHttpClient-1-23] DEBUG org.asynchttpclient.netty.channel.ChannelManager - Adding key: http://localhost:11082 for channel [id: 0xbe2700f0, L:/127.0.0.1:54788 - R:localhost/127.0.0.1:11082]
23:02:09.407 [main] DEBUG net.serenitybdd.core.photography.Darkroom - Send negative for processing for target\site\serenity\08ee85678c7202dc8795ad306cf3cf7e969ebee9db80167db4c4548b0ee64bb4.png
23:02:09.407 [main] DEBUG net.thucydides.core.steps.StepInterceptor - STEP DONE: clickPayButton
  &amp#27;[32mThen &amp#27;[0m&amp#27;[32mI click pay button&amp#27;[0m                          &amp#27;[90m# starter.stepdefinitions.OrderSteps.iClickPayButton()&amp#27;[0m
23:02:09.407 [Darkroom Processing Line] DEBUG net.serenitybdd.core.photography.DarkroomProcessingLine - Processing screenshot image in /var/screenshots/screenshot-4922242017499801778
23:02:09.407 [Darkroom Processing Line] DEBUG net.serenitybdd.core.photography.DarkroomProcessingLine - Saving screenshot to target\site\serenity\08ee85678c7202dc8795ad306cf3cf7e969ebee9db80167db4c4548b0ee64bb4.png
23:02:09.411 [main] INFO  - 
  _____   ___   ___   _____     ___     _     ___   ___   ___   ___  
 |_   _| | __| / __| |_   _|   | _ \   /_\   / __| / __| | __| |   \ 
   | |   | _|  \__ \   | |     |  _/  / _ \  \__ \ \__ \ | _|  | |) |
   |_|   |___| |___/   |_|     |_|   /_/ \_\ |___/ |___/ |___| |___/ 

buy one product in cart click pay button
----------------------------------------------------------------------
23:02:09.413 [Driver Command Executor] DEBUG org.asynchttpclient.netty.request.NettyRequestSender - Using pooled Channel '[id: 0xbe2700f0, L:/127.0.0.1:54788 - R:localhost/127.0.0.1:11082]' for 'DELETE' to 'http://localhost:11082/session/3480b08e704c7ae5a24177e11dfc066f'
23:02:09.413 [Driver Command Executor] DEBUG org.asynchttpclient.netty.request.NettyRequestSender - Using open Channel [id: 0xbe2700f0, L:/127.0.0.1:54788 - R:localhost/127.0.0.1:11082] for DELETE '/session/3480b08e704c7ae5a24177e11dfc066f'
23:02:09.413 [AsyncHttpClient-1-25] DEBUG org.asynchttpclient.netty.handler.WebSocketHandler - Channel Closed: [id: 0x97b69d3c, L:/127.0.0.1:54796 ! R:localhost/127.0.0.1:54789] with attribute NettyResponseFuture{currentRetry=0,
	isDone=1,
	isCancelled=0,
	asyncHandler=org.asynchttpclient.ws.WebSocketUpgradeHandler@7d5fc64c,
	nettyRequest=org.asynchttpclient.netty.request.NettyRequest@7805e08b,
	future=java.util.concurrent.CompletableFuture@a23a690[Completed normally],
	uri=ws://localhost:54789/devtools/browser/99599ea9-20d8-466e-8d63-fcebf7412e05,
	keepAlive=true,
	redirectCount=0,
	timeoutsHolder=null,
	inAuth=0,
	touch=1683561720740}
23:02:09.413 [AsyncHttpClient-1-25] DEBUG org.asynchttpclient.netty.channel.ChannelManager - Closing Channel [id: 0x97b69d3c, L:/127.0.0.1:54796 ! R:localhost/127.0.0.1:54789] 
23:02:09.596 [AsyncHttpClient-1-24] DEBUG org.asynchttpclient.netty.handler.HttpHandler - Unexpected I/O exception on channel [id: 0x6095d033, L:/127.0.0.1:54795 - R:localhost/127.0.0.1:54789]
java.io.IOException: An existing connection was forcibly closed by the remote host
	at sun.nio.ch.SocketDispatcher.read0(Native Method)
	at sun.nio.ch.SocketDispatcher.read(SocketDispatcher.java:43)
	at sun.nio.ch.IOUtil.readIntoNativeBuffer(IOUtil.java:223)
	at sun.nio.ch.IOUtil.read(IOUtil.java:192)
	at sun.nio.ch.SocketChannelImpl.read(SocketChannelImpl.java:378)
	at io.netty.buffer.PooledByteBuf.setBytes(PooledByteBuf.java:259)
	at io.netty.buffer.AbstractByteBuf.writeBytes(AbstractByteBuf.java:1132)
	at io.netty.channel.socket.nio.NioSocketChannel.doReadBytes(NioSocketChannel.java:357)
	at io.netty.channel.nio.AbstractNioByteChannel$NioByteUnsafe.read(AbstractNioByteChannel.java:151)
	at io.netty.channel.nio.NioEventLoop.processSelectedKey(NioEventLoop.java:788)
	at io.netty.channel.nio.NioEventLoop.processSelectedKeysOptimized(NioEventLoop.java:724)
	at io.netty.channel.nio.NioEventLoop.processSelectedKeys(NioEventLoop.java:650)
	at io.netty.channel.nio.NioEventLoop.run(NioEventLoop.java:562)
	at io.netty.util.concurrent.SingleThreadEventExecutor$4.run(SingleThreadEventExecutor.java:997)
	at io.netty.util.internal.ThreadExecutorMap$2.run(ThreadExecutorMap.java:74)
	at io.netty.util.concurrent.FastThreadLocalRunnable.run(FastThreadLocalRunnable.java:30)
	at java.lang.Thread.run(Thread.java:750)
23:02:09.596 [AsyncHttpClient-1-24] DEBUG org.asynchttpclient.netty.channel.ChannelManager - Closing Channel [id: 0x6095d033, L:/127.0.0.1:54795 - R:localhost/127.0.0.1:54789] 
23:02:09.596 [AsyncHttpClient-1-24] DEBUG org.asynchttpclient.netty.handler.HttpHandler - Channel Closed: [id: 0x6095d033, L:/127.0.0.1:54795 ! R:localhost/127.0.0.1:54789] with attribute DISCARD
23:02:09.616 [AsyncHttpClient-1-23] DEBUG org.asynchttpclient.netty.handler.HttpHandler - 

Request DefaultFullHttpRequest(decodeResult: success, version: HTTP/1.1, content: EmptyByteBufBE)
DELETE /session/3480b08e704c7ae5a24177e11dfc066f HTTP/1.1
User-Agent: selenium/4.8.1 (java windows)
Content-Type: application/json; charset=utf-8
host: localhost:11082
accept: */*

Response DefaultHttpResponse(decodeResult: success, version: HTTP/1.1)
HTTP/1.1 200 OK
Content-Length: 14
Content-Type: application/json; charset=utf-8
cache-control: no-cache

23:02:09.616 [AsyncHttpClient-1-23] DEBUG org.asynchttpclient.netty.channel.ChannelManager - Adding key: http://localhost:11082 for channel [id: 0xbe2700f0, L:/127.0.0.1:54788 - R:localhost/127.0.0.1:11082]
23:02:09.671 [AsyncHttpClient-1-23] DEBUG org.asynchttpclient.netty.handler.HttpHandler - Channel Closed: [id: 0xbe2700f0, L:/127.0.0.1:54788 ! R:localhost/127.0.0.1:11082] with attribute DISCARD
]]></system-out>
    <system-err><![CDATA[Starting ChromeDriver 113.0.5672.63 (0e1a4471d5ae5bf128b1bd8f4d627c8cbd55f70c-refs/branch-heads/5672@{#912}) on port 11082
Only local connections are allowed.
Please see https://chromedriver.chromium.org/security-considerations for suggestions on keeping ChromeDriver safe.
ChromeDriver was started successfully.
May 08, 2023 11:02:00 PM org.openqa.selenium.devtools.CdpVersionFinder findNearestMatch
WARNING: Unable to find an exact match for CDP version 113, so returning the closest version found: 110
]]></system-err>
  </testcase>
</testsuite>